<?xml version="1.0" encoding="UTF-8"?>
<!-- Generated by org.testng.reporters.JUnitReportReporter -->
<testsuite name="Deque.Deque_Assignment" tests="5" time="104.394" ignored="0" failures="2" timestamp="20 Apr 2023 14:38:28 GMT" skipped="0" hostname="Saurabh" errors="0">
  <testcase name="heading_validation" time="14.787" classname="Deque.Deque_Assignment"/>
  <testcase name="numberOf_RadioButtons" time="39.922" classname="Deque.Deque_Assignment"/>
  <testcase name="accessibility_test" time="21.650" classname="Deque.Deque_Assignment">
    <failure type="java.lang.AssertionError" message="expected [{
  &quot;toolOptions&quot; : {
    &quot;reporter&quot; : &quot;v1&quot;,
    &quot;rules&quot; : null
  },
  &quot;testEngine&quot; : {
    &quot;name&quot; : &quot;axe-core&quot;,
    &quot;version&quot; : &quot;4.6.2&quot;
  },
  &quot;testEnvironment&quot; : {
    &quot;userAgent&quot; : &quot;Mozilla/5.0 (Windows NT 10.0; Win64; x64) AppleWebKit/537.36 (KHTML, like Gecko) Chrome/112.0.0.0 Safari/537.36&quot;,
    &quot;windowWidth&quot; : 1366,
    &quot;windowHeight&quot; : 604,
    &quot;orientationAngle&quot; : 0.0,
    &quot;orientationType&quot; : &quot;landscape-primary&quot;
  },
  &quot;testRunner&quot; : {
    &quot;name&quot; : &quot;axe&quot;
  },
  &quot;url&quot; : &quot;https://dequeuniversity.com/demo/mars&quot;,
  &quot;timestamp&quot; : &quot;2023-04-20T14:38:18.688Z&quot;,
  &quot;passes&quot; : [ {
    &quot;id&quot; : &quot;aria-allowed-attr&quot;,
    &quot;description&quot; : &quot;Ensures ARIA attributes are allowed for an element&#039;s role&quot;,
    &quot;help&quot; : &quot;Elements must only use allowed ARIA attributes&quot;,
    &quot;helpUrl&quot; : &quot;https://dequeuniversity.com/rules/axe/4.6/aria-allowed-attr?application=axeAPI&quot;,
    &quot;impact&quot; : &quot;serious&quot;,
    &quot;tags&quot; : [ &quot;cat.aria&quot;, &quot;wcag2a&quot;, &quot;wcag412&quot; ],
    &quot;nodes&quot; : [ {
      &quot;html&quot; : &quot;&lt;input type=\&quot;text\&quot; value=\&quot;\&quot; class=\&quot;city-input ac_input ui-autocomplete-input\&quot; autocomplete=\&quot;off\&quot; id=\&quot;from0\&quot; name=\&quot;from0\&quot; tabindex=\&quot;1\&quot; role=\&quot;textbox\&quot; aria-autocomplete=\&quot;list\&quot; aria-haspopup=\&quot;true\&quot;&gt;&quot;,
      &quot;target&quot; : [ &quot;#from0&quot; ],
      &quot;impact&quot; : null,
      &quot;any&quot; : [ {
        &quot;id&quot; : &quot;aria-allowed-attr&quot;,
        &quot;impact&quot; : &quot;critical&quot;,
        &quot;message&quot; : &quot;ARIA attributes are used correctly for the defined role&quot;,
        &quot;data&quot; : null,
        &quot;relatedNodes&quot; : [ ]
      } ],
      &quot;all&quot; : [ ],
      &quot;none&quot; : [ {
        &quot;id&quot; : &quot;aria-unsupported-attr&quot;,
        &quot;impact&quot; : &quot;critical&quot;,
        &quot;message&quot; : &quot;ARIA attribute is supported&quot;,
        &quot;data&quot; : null,
        &quot;relatedNodes&quot; : [ ]
      }, {
        &quot;id&quot; : &quot;aria-prohibited-attr&quot;,
        &quot;impact&quot; : &quot;serious&quot;,
        &quot;message&quot; : &quot;ARIA attribute is allowed&quot;,
        &quot;data&quot; : null,
        &quot;relatedNodes&quot; : [ ]
      } ],
      &quot;failureSummary&quot; : null
    }, {
      &quot;html&quot; : &quot;&lt;input type=\&quot;text\&quot; value=\&quot;\&quot; class=\&quot;city-input ac_input ui-autocomplete-input\&quot; autocomplete=\&quot;off\&quot; id=\&quot;to0\&quot; name=\&quot;to0\&quot; tabindex=\&quot;1\&quot; role=\&quot;textbox\&quot; aria-autocomplete=\&quot;list\&quot; aria-haspopup=\&quot;true\&quot;&gt;&quot;,
      &quot;target&quot; : [ &quot;#to0&quot; ],
      &quot;impact&quot; : null,
      &quot;any&quot; : [ {
        &quot;id&quot; : &quot;aria-allowed-attr&quot;,
        &quot;impact&quot; : &quot;critical&quot;,
        &quot;message&quot; : &quot;ARIA attributes are used correctly for the defined role&quot;,
        &quot;data&quot; : null,
        &quot;relatedNodes&quot; : [ ]
      } ],
      &quot;all&quot; : [ ],
      &quot;none&quot; : [ {
        &quot;id&quot; : &quot;aria-unsupported-attr&quot;,
        &quot;impact&quot; : &quot;critical&quot;,
        &quot;message&quot; : &quot;ARIA attribute is supported&quot;,
        &quot;data&quot; : null,
        &quot;relatedNodes&quot; : [ ]
      }, {
        &quot;id&quot; : &quot;aria-prohibited-attr&quot;,
        &quot;impact&quot; : &quot;serious&quot;,
        &quot;message&quot; : &quot;ARIA attribute is allowed&quot;,
        &quot;data&quot; : null,
        &quot;relatedNodes&quot; : [ ]
      } ],
      &quot;failureSummary&quot; : null
    }, {
      &quot;html&quot; : &quot;&lt;a class=\&quot;ytp-title-channel-logo\&quot; target=\&quot;_blank\&quot; href=\&quot;https://www.youtube.com/channel/UCK7tptUDHh-RYDsdxO1-5QQ?embeds_euri=https%3A%2F%2Fdequeuniversity.com%2F&amp;amp;feature=emb_ch_name_ex\&quot; aria-label=\&quot;Photo image of Wall Street Journal\&quot; style=\&quot;background-image: url(&amp;quot;https://yt3.ggpht.com/ytc/AGIKgqOq4sucy99-dvD6wMq7d5dywZsP63fquQzKyPV4Lo0=s68-c-k-c0x00ffffff-no-rj&amp;quot;);\&quot;&gt;&quot;,
      &quot;target&quot; : [ &quot;#player&quot;, &quot;.ytp-title-channel-logo&quot; ],
      &quot;impact&quot; : null,
      &quot;any&quot; : [ {
        &quot;id&quot; : &quot;aria-allowed-attr&quot;,
        &quot;impact&quot; : &quot;critical&quot;,
        &quot;message&quot; : &quot;ARIA attributes are used correctly for the defined role&quot;,
        &quot;data&quot; : null,
        &quot;relatedNodes&quot; : [ ]
      } ],
      &quot;all&quot; : [ ],
      &quot;none&quot; : [ {
        &quot;id&quot; : &quot;aria-unsupported-attr&quot;,
        &quot;impact&quot; : &quot;critical&quot;,
        &quot;message&quot; : &quot;ARIA attribute is supported&quot;,
        &quot;data&quot; : null,
        &quot;relatedNodes&quot; : [ ]
      }, {
        &quot;id&quot; : &quot;aria-prohibited-attr&quot;,
        &quot;impact&quot; : &quot;serious&quot;,
        &quot;message&quot; : &quot;ARIA attribute is allowed&quot;,
        &quot;data&quot; : null,
        &quot;relatedNodes&quot; : [ ]
      } ],
      &quot;failureSummary&quot; : null
    }, {
      &quot;html&quot; : &quot;&lt;button class=\&quot;ytp-button ytp-overflow-button ytp-overflow-button-visible\&quot; title=\&quot;More\&quot; aria-haspopup=\&quot;true\&quot; aria-owns=\&quot;ytp-id-31\&quot; aria-label=\&quot;More\&quot;&gt;&quot;,
      &quot;target&quot; : [ &quot;#player&quot;, &quot;.ytp-overflow-button&quot; ],
      &quot;impact&quot; : null,
      &quot;any&quot; : [ {
        &quot;id&quot; : &quot;aria-allowed-attr&quot;,
        &quot;impact&quot; : &quot;critical&quot;,
        &quot;message&quot; : &quot;ARIA attributes are used correctly for the defined role&quot;,
        &quot;data&quot; : null,
        &quot;relatedNodes&quot; : [ ]
      } ],
      &quot;all&quot; : [ ],
      &quot;none&quot; : [ {
        &quot;id&quot; : &quot;aria-unsupported-attr&quot;,
        &quot;impact&quot; : &quot;critical&quot;,
        &quot;message&quot; : &quot;ARIA attribute is supported&quot;,
        &quot;data&quot; : null,
        &quot;relatedNodes&quot; : [ ]
      }, {
        &quot;id&quot; : &quot;aria-prohibited-attr&quot;,
        &quot;impact&quot; : &quot;serious&quot;,
        &quot;message&quot; : &quot;ARIA attribute is allowed&quot;,
        &quot;data&quot; : null,
        &quot;relatedNodes&quot; : [ ]
      } ],
      &quot;failureSummary&quot; : null
    }, {
      &quot;html&quot; : &quot;&lt;button class=\&quot;ytp-large-play-button ytp-button ytp-large-play-button-red-bg\&quot; aria-label=\&quot;Play\&quot;&gt;&quot;,
      &quot;target&quot; : [ &quot;#player&quot;, &quot;.ytp-large-play-button&quot; ],
      &quot;impact&quot; : null,
      &quot;any&quot; : [ {
        &quot;id&quot; : &quot;aria-allowed-attr&quot;,
        &quot;impact&quot; : &quot;critical&quot;,
        &quot;message&quot; : &quot;ARIA attributes are used correctly for the defined role&quot;,
        &quot;data&quot; : null,
        &quot;relatedNodes&quot; : [ ]
      } ],
      &quot;all&quot; : [ ],
      &quot;none&quot; : [ {
        &quot;id&quot; : &quot;aria-unsupported-attr&quot;,
        &quot;impact&quot; : &quot;critical&quot;,
        &quot;message&quot; : &quot;ARIA attribute is supported&quot;,
        &quot;data&quot; : null,
        &quot;relatedNodes&quot; : [ ]
      }, {
        &quot;id&quot; : &quot;aria-prohibited-attr&quot;,
        &quot;impact&quot; : &quot;serious&quot;,
        &quot;message&quot; : &quot;ARIA attribute is allowed&quot;,
        &quot;data&quot; : null,
        &quot;relatedNodes&quot; : [ ]
      } ],
      &quot;failureSummary&quot; : null
    }, {
      &quot;html&quot; : &quot;&lt;div class=\&quot;ytp-paid-content-overlay\&quot; aria-live=\&quot;assertive\&quot; aria-atomic=\&quot;true\&quot; data-layer=\&quot;4\&quot;&gt;&lt;div class=\&quot;ytp-button ytp-paid-content-overlay-text\&quot; style=\&quot;display: none;\&quot;&gt;&lt;/div&gt;&lt;/div&gt;&quot;,
      &quot;target&quot; : [ &quot;#player&quot;, &quot;.ytp-paid-content-overlay&quot; ],
      &quot;impact&quot; : null,
      &quot;any&quot; : [ {
        &quot;id&quot; : &quot;aria-allowed-attr&quot;,
        &quot;impact&quot; : &quot;critical&quot;,
        &quot;message&quot; : &quot;ARIA attributes are used correctly for the defined role&quot;,
        &quot;data&quot; : null,
        &quot;relatedNodes&quot; : [ ]
      } ],
      &quot;all&quot; : [ ],
      &quot;none&quot; : [ {
        &quot;id&quot; : &quot;aria-unsupported-attr&quot;,
        &quot;impact&quot; : &quot;critical&quot;,
        &quot;message&quot; : &quot;ARIA attribute is supported&quot;,
        &quot;data&quot; : null,
        &quot;relatedNodes&quot; : [ ]
      }, {
        &quot;id&quot; : &quot;aria-prohibited-attr&quot;,
        &quot;impact&quot; : &quot;serious&quot;,
        &quot;message&quot; : &quot;ARIA attribute is allowed&quot;,
        &quot;data&quot; : null,
        &quot;relatedNodes&quot; : [ ]
      } ],
      &quot;failureSummary&quot; : null
    } ],
    &quot;url&quot; : null,
    &quot;createdDate&quot; : null
  }, {
    &quot;id&quot; : &quot;aria-allowed-role&quot;,
    &quot;description&quot; : &quot;Ensures role attribute has an appropriate value for the element&quot;,
    &quot;help&quot; : &quot;ARIA role should be appropriate for the element&quot;,
    &quot;helpUrl&quot; : &quot;https://dequeuniversity.com/rules/axe/4.6/aria-allowed-role?application=axeAPI&quot;,
    &quot;impact&quot; : &quot;&quot;,
    &quot;tags&quot; : [ &quot;cat.aria&quot;, &quot;best-practice&quot; ],
    &quot;nodes&quot; : [ {
      &quot;html&quot; : &quot;&lt;input type=\&quot;text\&quot; value=\&quot;\&quot; class=\&quot;city-input ac_input ui-autocomplete-input\&quot; autocomplete=\&quot;off\&quot; id=\&quot;from0\&quot; name=\&quot;from0\&quot; tabindex=\&quot;1\&quot; role=\&quot;textbox\&quot; aria-autocomplete=\&quot;list\&quot; aria-haspopup=\&quot;true\&quot;&gt;&quot;,
      &quot;target&quot; : [ &quot;#from0&quot; ],
      &quot;impact&quot; : null,
      &quot;any&quot; : [ {
        &quot;id&quot; : &quot;aria-allowed-role&quot;,
        &quot;impact&quot; : &quot;minor&quot;,
        &quot;message&quot; : &quot;ARIA role is allowed for given element&quot;,
        &quot;data&quot; : null,
        &quot;relatedNodes&quot; : [ ]
      } ],
      &quot;all&quot; : [ ],
      &quot;none&quot; : [ ],
      &quot;failureSummary&quot; : null
    }, {
      &quot;html&quot; : &quot;&lt;input type=\&quot;text\&quot; value=\&quot;\&quot; class=\&quot;city-input ac_input ui-autocomplete-input\&quot; autocomplete=\&quot;off\&quot; id=\&quot;to0\&quot; name=\&quot;to0\&quot; tabindex=\&quot;1\&quot; role=\&quot;textbox\&quot; aria-autocomplete=\&quot;list\&quot; aria-haspopup=\&quot;true\&quot;&gt;&quot;,
      &quot;target&quot; : [ &quot;#to0&quot; ],
      &quot;impact&quot; : null,
      &quot;any&quot; : [ {
        &quot;id&quot; : &quot;aria-allowed-role&quot;,
        &quot;impact&quot; : &quot;minor&quot;,
        &quot;message&quot; : &quot;ARIA role is allowed for given element&quot;,
        &quot;data&quot; : null,
        &quot;relatedNodes&quot; : [ ]
      } ],
      &quot;all&quot; : [ ],
      &quot;none&quot; : [ ],
      &quot;failureSummary&quot; : null
    }, {
      &quot;html&quot; : &quot;&lt;input id=\&quot;combo_input\&quot; class=\&quot;ui-autocomplete-input ui-widget ui-widget-content ui-corner-left\&quot; autocomplete=\&quot;off\&quot; role=\&quot;textbox\&quot; aria-autocomplete=\&quot;list\&quot; aria-haspopup=\&quot;true\&quot;&gt;&quot;,
      &quot;target&quot; : [ &quot;#combo_input&quot; ],
      &quot;impact&quot; : null,
      &quot;any&quot; : [ {
        &quot;id&quot; : &quot;aria-allowed-role&quot;,
        &quot;impact&quot; : &quot;minor&quot;,
        &quot;message&quot; : &quot;ARIA role is allowed for given element&quot;,
        &quot;data&quot; : null,
        &quot;relatedNodes&quot; : [ ]
      } ],
      &quot;all&quot; : [ ],
      &quot;none&quot; : [ ],
      &quot;failureSummary&quot; : null
    }, {
      &quot;html&quot; : &quot;&lt;button type=\&quot;button\&quot; tabindex=\&quot;-1\&quot; title=\&quot;Show All Items\&quot; class=\&quot;ui-button ui-widget ui-state-default ui-button-icon-only ui-corner-right ui-button-icon\&quot; role=\&quot;button\&quot; aria-disabled=\&quot;false\&quot;&gt;&quot;,
      &quot;target&quot; : [ &quot;.ui-button&quot; ],
      &quot;impact&quot; : null,
      &quot;any&quot; : [ {
        &quot;id&quot; : &quot;aria-allowed-role&quot;,
        &quot;impact&quot; : &quot;minor&quot;,
        &quot;message&quot; : &quot;ARIA role is allowed for given element&quot;,
        &quot;data&quot; : null,
        &quot;relatedNodes&quot; : [ ]
      } ],
      &quot;all&quot; : [ ],
      &quot;none&quot; : [ ],
      &quot;failureSummary&quot; : null
    }, {
      &quot;html&quot; : &quot;&lt;div class=\&quot;ytp-bezel\&quot; role=\&quot;status\&quot;&gt;&lt;div class=\&quot;ytp-bezel-icon\&quot;&gt;&lt;/div&gt;&lt;/div&gt;&quot;,
      &quot;target&quot; : [ &quot;#player&quot;, &quot;.ytp-bezel&quot; ],
      &quot;impact&quot; : null,
      &quot;any&quot; : [ {
        &quot;id&quot; : &quot;aria-allowed-role&quot;,
        &quot;impact&quot; : &quot;minor&quot;,
        &quot;message&quot; : &quot;ARIA role is allowed for given element&quot;,
        &quot;data&quot; : null,
        &quot;relatedNodes&quot; : [ ]
      } ],
      &quot;all&quot; : [ ],
      &quot;none&quot; : [ ],
      &quot;failureSummary&quot; : null
    }, {
      &quot;html&quot; : &quot;&lt;div class=\&quot;ytp-mdx-popup-dialog\&quot; role=\&quot;dialog\&quot; data-layer=\&quot;4\&quot; style=\&quot;display: none;\&quot;&gt;&quot;,
      &quot;target&quot; : [ &quot;#player&quot;, &quot;.ytp-mdx-popup-dialog&quot; ],
      &quot;impact&quot; : null,
      &quot;any&quot; : [ {
        &quot;id&quot; : &quot;aria-allowed-role&quot;,
        &quot;impact&quot; : &quot;minor&quot;,
        &quot;message&quot; : &quot;ARIA role is allowed for given element&quot;,
        &quot;data&quot; : null,
        &quot;relatedNodes&quot; : [ ]
      } ],
      &quot;all&quot; : [ ],
      &quot;none&quot; : [ ],
      &quot;failureSummary&quot; : null
    }, {
      &quot;html&quot; : &quot;&lt;div class=\&quot;ytp-multicam-menu\&quot; role=\&quot;dialog\&quot; data-layer=\&quot;5\&quot; style=\&quot;display: none;\&quot;&gt;&quot;,
      &quot;target&quot; : [ &quot;#player&quot;, &quot;.ytp-multicam-menu&quot; ],
      &quot;impact&quot; : null,
      &quot;any&quot; : [ {
        &quot;id&quot; : &quot;aria-allowed-role&quot;,
        &quot;impact&quot; : &quot;minor&quot;,
        &quot;message&quot; : &quot;ARIA role is allowed for given element&quot;,
        &quot;data&quot; : null,
        &quot;relatedNodes&quot; : [ ]
      } ],
      &quot;all&quot; : [ ],
      &quot;none&quot; : [ ],
      &quot;failureSummary&quot; : null
    }, {
      &quot;html&quot; : &quot;&lt;div class=\&quot;ytp-playlist-menu\&quot; role=\&quot;dialog\&quot; id=\&quot;ytp-id-24\&quot; data-layer=\&quot;5\&quot; style=\&quot;display: none;\&quot;&gt;&quot;,
      &quot;target&quot; : [ &quot;#player&quot;, &quot;#ytp-id-24&quot; ],
      &quot;impact&quot; : null,
      &quot;any&quot; : [ {
        &quot;id&quot; : &quot;aria-allowed-role&quot;,
        &quot;impact&quot; : &quot;minor&quot;,
        &quot;message&quot; : &quot;ARIA role is allowed for given element&quot;,
        &quot;data&quot; : null,
        &quot;relatedNodes&quot; : [ ]
      } ],
      &quot;all&quot; : [ ],
      &quot;none&quot; : [ ],
      &quot;failureSummary&quot; : null
    }, {
      &quot;html&quot; : &quot;&lt;div class=\&quot;ytp-playlist-menu-items\&quot; role=\&quot;menu\&quot;&gt;&lt;/div&gt;&quot;,
      &quot;target&quot; : [ &quot;#player&quot;, &quot;.ytp-playlist-menu-items&quot; ],
      &quot;impact&quot; : null,
      &quot;any&quot; : [ {
        &quot;id&quot; : &quot;aria-allowed-role&quot;,
        &quot;impact&quot; : &quot;minor&quot;,
        &quot;message&quot; : &quot;ARIA role is allowed for given element&quot;,
        &quot;data&quot; : null,
        &quot;relatedNodes&quot; : [ ]
      } ],
      &quot;all&quot; : [ ],
      &quot;none&quot; : [ ],
      &quot;failureSummary&quot; : null
    }, {
      &quot;html&quot; : &quot;&lt;div class=\&quot;ytp-share-panel\&quot; id=\&quot;ytp-id-27\&quot; role=\&quot;dialog\&quot; aria-labelledby=\&quot;ytp-id-26\&quot; data-layer=\&quot;5\&quot; style=\&quot;display: none;\&quot;&gt;&quot;,
      &quot;target&quot; : [ &quot;#player&quot;, &quot;#ytp-id-27&quot; ],
      &quot;impact&quot; : null,
      &quot;any&quot; : [ {
        &quot;id&quot; : &quot;aria-allowed-role&quot;,
        &quot;impact&quot; : &quot;minor&quot;,
        &quot;message&quot; : &quot;ARIA role is allowed for given element&quot;,
        &quot;data&quot; : null,
        &quot;relatedNodes&quot; : [ ]
      } ],
      &quot;all&quot; : [ ],
      &quot;none&quot; : [ ],
      &quot;failureSummary&quot; : null
    }, {
      &quot;html&quot; : &quot;&lt;div class=\&quot;ytp-overflow-panel\&quot; id=\&quot;ytp-id-31\&quot; role=\&quot;dialog\&quot; data-layer=\&quot;5\&quot; style=\&quot;display: none;\&quot;&gt;&quot;,
      &quot;target&quot; : [ &quot;#player&quot;, &quot;#ytp-id-31&quot; ],
      &quot;impact&quot; : null,
      &quot;any&quot; : [ {
        &quot;id&quot; : &quot;aria-allowed-role&quot;,
        &quot;impact&quot; : &quot;minor&quot;,
        &quot;message&quot; : &quot;ARIA role is allowed for given element&quot;,
        &quot;data&quot; : null,
        &quot;relatedNodes&quot; : [ ]
      } ],
      &quot;all&quot; : [ ],
      &quot;none&quot; : [ ],
      &quot;failureSummary&quot; : null
    }, {
      &quot;html&quot; : &quot;&lt;div class=\&quot;ytp-info-panel-detail\&quot; role=\&quot;dialog\&quot; id=\&quot;ytp-id-32\&quot;&gt;&quot;,
      &quot;target&quot; : [ &quot;#player&quot;, &quot;#ytp-id-32&quot; ],
      &quot;impact&quot; : null,
      &quot;any&quot; : [ {
        &quot;id&quot; : &quot;aria-allowed-role&quot;,
        &quot;impact&quot; : &quot;minor&quot;,
        &quot;message&quot; : &quot;ARIA role is allowed for given element&quot;,
        &quot;data&quot; : null,
        &quot;relatedNodes&quot; : [ ]
      } ],
      &quot;all&quot; : [ ],
      &quot;none&quot; : [ ],
      &quot;failureSummary&quot; : null
    }, {
      &quot;html&quot; : &quot;&lt;div class=\&quot;ytp-panel-menu\&quot; role=\&quot;menu\&quot;&gt;&lt;/div&gt;&quot;,
      &quot;target&quot; : [ &quot;#player&quot;, &quot;.ytp-panel-menu&quot; ],
      &quot;impact&quot; : null,
      &quot;any&quot; : [ {
        &quot;id&quot; : &quot;aria-allowed-role&quot;,
        &quot;impact&quot; : &quot;minor&quot;,
        &quot;message&quot; : &quot;ARIA role is allowed for given element&quot;,
        &quot;data&quot; : null,
        &quot;relatedNodes&quot; : [ ]
      } ],
      &quot;all&quot; : [ ],
      &quot;none&quot; : [ ],
      &quot;failureSummary&quot; : null
    }, {
      &quot;html&quot; : &quot;&lt;div class=\&quot;ytp-progress-bar\&quot; tabindex=\&quot;0\&quot; role=\&quot;slider\&quot; aria-label=\&quot;Seek slider\&quot; draggable=\&quot;true\&quot; aria-valuemin=\&quot;0\&quot; aria-valuemax=\&quot;0\&quot; aria-valuenow=\&quot;0\&quot; aria-valuetext=\&quot;0 Minutes 0 Seconds of 0 Minutes 0 Seconds\&quot; style=\&quot;touch-action: none;\&quot;&gt;&quot;,
      &quot;target&quot; : [ &quot;#player&quot;, &quot;.ytp-progress-bar&quot; ],
      &quot;impact&quot; : null,
      &quot;any&quot; : [ {
        &quot;id&quot; : &quot;aria-allowed-role&quot;,
        &quot;impact&quot; : &quot;minor&quot;,
        &quot;message&quot; : &quot;ARIA role is allowed for given element&quot;,
        &quot;data&quot; : null,
        &quot;relatedNodes&quot; : [ ]
      } ],
      &quot;all&quot; : [ ],
      &quot;none&quot; : [ ],
      &quot;failureSummary&quot; : null
    }, {
      &quot;html&quot; : &quot;&lt;div class=\&quot;ytp-fine-scrubbing-thumbnails\&quot; tabindex=\&quot;0\&quot; role=\&quot;slider\&quot; type=\&quot;range\&quot; aria-label=\&quot;Click or scroll the panel for the precise seeking.\&quot; draggable=\&quot;true\&quot; style=\&quot;touch-action: none;\&quot;&gt;&lt;/div&gt;&quot;,
      &quot;target&quot; : [ &quot;#player&quot;, &quot;.ytp-fine-scrubbing-thumbnails&quot; ],
      &quot;impact&quot; : null,
      &quot;any&quot; : [ {
        &quot;id&quot; : &quot;aria-allowed-role&quot;,
        &quot;impact&quot; : &quot;minor&quot;,
        &quot;message&quot; : &quot;ARIA role is allowed for given element&quot;,
        &quot;data&quot; : null,
        &quot;relatedNodes&quot; : [ ]
      } ],
      &quot;all&quot; : [ ],
      &quot;none&quot; : [ ],
      &quot;failureSummary&quot; : null
    }, {
      &quot;html&quot; : &quot;&lt;div class=\&quot;ytp-fine-scrubbing-play\&quot; title=\&quot;Play from this position\&quot; role=\&quot;button\&quot; aria-label=\&quot;Play from this position\&quot;&gt;&quot;,
      &quot;target&quot; : [ &quot;#player&quot;, &quot;.ytp-fine-scrubbing-play&quot; ],
      &quot;impact&quot; : null,
      &quot;any&quot; : [ {
        &quot;id&quot; : &quot;aria-allowed-role&quot;,
        &quot;impact&quot; : &quot;minor&quot;,
        &quot;message&quot; : &quot;ARIA role is allowed for given element&quot;,
        &quot;data&quot; : null,
        &quot;relatedNodes&quot; : [ ]
      } ],
      &quot;all&quot; : [ ],
      &quot;none&quot; : [ ],
      &quot;failureSummary&quot; : null
    }, {
      &quot;html&quot; : &quot;&lt;div class=\&quot;ytp-fine-scrubbing-dismiss\&quot; title=\&quot;Exit precise seeking\&quot; role=\&quot;button\&quot; aria-label=\&quot;Exit precise seeking\&quot;&gt;&quot;,
      &quot;target&quot; : [ &quot;#player&quot;, &quot;.ytp-fine-scrubbing-dismiss&quot; ],
      &quot;impact&quot; : null,
      &quot;any&quot; : [ {
        &quot;id&quot; : &quot;aria-allowed-role&quot;,
        &quot;impact&quot; : &quot;minor&quot;,
        &quot;message&quot; : &quot;ARIA role is allowed for given element&quot;,
        &quot;data&quot; : null,
        &quot;relatedNodes&quot; : [ ]
      } ],
      &quot;all&quot; : [ ],
      &quot;none&quot; : [ ],
      &quot;failureSummary&quot; : null
    }, {
      &quot;html&quot; : &quot;&lt;a class=\&quot;ytp-prev-button ytp-button\&quot; role=\&quot;button\&quot; aria-disabled=\&quot;true\&quot; style=\&quot;display: none;\&quot;&gt;&quot;,
      &quot;target&quot; : [ &quot;#player&quot;, &quot;.ytp-prev-button&quot; ],
      &quot;impact&quot; : null,
      &quot;any&quot; : [ {
        &quot;id&quot; : &quot;aria-allowed-role&quot;,
        &quot;impact&quot; : &quot;minor&quot;,
        &quot;message&quot; : &quot;ARIA role is allowed for given element&quot;,
        &quot;data&quot; : null,
        &quot;relatedNodes&quot; : [ ]
      } ],
      &quot;all&quot; : [ ],
      &quot;none&quot; : [ ],
      &quot;failureSummary&quot; : null
    }, {
      &quot;html&quot; : &quot;&lt;a class=\&quot;ytp-next-button ytp-button\&quot; role=\&quot;button\&quot; aria-disabled=\&quot;true\&quot; style=\&quot;display: none;\&quot;&gt;&quot;,
      &quot;target&quot; : [ &quot;#player&quot;, &quot;.ytp-next-button&quot; ],
      &quot;impact&quot; : null,
      &quot;any&quot; : [ {
        &quot;id&quot; : &quot;aria-allowed-role&quot;,
        &quot;impact&quot; : &quot;minor&quot;,
        &quot;message&quot; : &quot;ARIA role is allowed for given element&quot;,
        &quot;data&quot; : null,
        &quot;relatedNodes&quot; : [ ]
      } ],
      &quot;all&quot; : [ ],
      &quot;none&quot; : [ ],
      &quot;failureSummary&quot; : null
    }, {
      &quot;html&quot; : &quot;&lt;div class=\&quot;ytp-volume-panel\&quot; title=\&quot;Volume\&quot; role=\&quot;slider\&quot; aria-valuemin=\&quot;0\&quot; aria-valuemax=\&quot;100\&quot; tabindex=\&quot;0\&quot; aria-valuenow=\&quot;100\&quot; aria-valuetext=\&quot;100% volume\&quot; aria-label=\&quot;Volume\&quot;&gt;&quot;,
      &quot;target&quot; : [ &quot;#player&quot;, &quot;.ytp-volume-panel&quot; ],
      &quot;impact&quot; : null,
      &quot;any&quot; : [ {
        &quot;id&quot; : &quot;aria-allowed-role&quot;,
        &quot;impact&quot; : &quot;minor&quot;,
        &quot;message&quot; : &quot;ARIA role is allowed for given element&quot;,
        &quot;data&quot; : null,
        &quot;relatedNodes&quot; : [ ]
      } ],
      &quot;all&quot; : [ ],
      &quot;none&quot; : [ ],
      &quot;failureSummary&quot; : null
    }, {
      &quot;html&quot; : &quot;&lt;ul class=\&quot;ui-autocomplete ui-menu ui-widget ui-widget-content ui-corner-all\&quot; role=\&quot;listbox\&quot; aria-activedescendant=\&quot;ui-active-menuitem\&quot; style=\&quot;z-index: 1; top: 0px; left: 0px; display: none;\&quot;&gt;\n&lt;/ul&gt;&quot;,
      &quot;target&quot; : [ &quot;.ui-autocomplete.ui-menu[role=\&quot;listbox\&quot;]:nth-child(34)&quot; ],
      &quot;impact&quot; : null,
      &quot;any&quot; : [ {
        &quot;id&quot; : &quot;aria-allowed-role&quot;,
        &quot;impact&quot; : &quot;minor&quot;,
        &quot;message&quot; : &quot;ARIA role is allowed for given element&quot;,
        &quot;data&quot; : null,
        &quot;relatedNodes&quot; : [ ]
      } ],
      &quot;all&quot; : [ ],
      &quot;none&quot; : [ ],
      &quot;failureSummary&quot; : null
    }, {
      &quot;html&quot; : &quot;&lt;ul class=\&quot;ui-autocomplete ui-menu ui-widget ui-widget-content ui-corner-all\&quot; role=\&quot;listbox\&quot; aria-activedescendant=\&quot;ui-active-menuitem\&quot; style=\&quot;z-index: 1; top: 0px; left: 0px; display: none;\&quot;&gt;\n&lt;/ul&gt;&quot;,
      &quot;target&quot; : [ &quot;.ui-autocomplete.ui-menu[role=\&quot;listbox\&quot;]:nth-child(35)&quot; ],
      &quot;impact&quot; : null,
      &quot;any&quot; : [ {
        &quot;id&quot; : &quot;aria-allowed-role&quot;,
        &quot;impact&quot; : &quot;minor&quot;,
        &quot;message&quot; : &quot;ARIA role is allowed for given element&quot;,
        &quot;data&quot; : null,
        &quot;relatedNodes&quot; : [ ]
      } ],
      &quot;all&quot; : [ ],
      &quot;none&quot; : [ ],
      &quot;failureSummary&quot; : null
    }, {
      &quot;html&quot; : &quot;&lt;ul class=\&quot;ui-autocomplete ui-menu ui-widget ui-widget-content ui-corner-all\&quot; role=\&quot;listbox\&quot; aria-activedescendant=\&quot;ui-active-menuitem\&quot; style=\&quot;z-index: 1; top: 0px; left: 0px; display: none;\&quot;&gt;\n&lt;/ul&gt;&quot;,
      &quot;target&quot; : [ &quot;.ui-autocomplete.ui-menu[role=\&quot;listbox\&quot;]:nth-child(36)&quot; ],
      &quot;impact&quot; : null,
      &quot;any&quot; : [ {
        &quot;id&quot; : &quot;aria-allowed-role&quot;,
        &quot;impact&quot; : &quot;minor&quot;,
        &quot;message&quot; : &quot;ARIA role is allowed for given element&quot;,
        &quot;data&quot; : null,
        &quot;relatedNodes&quot; : [ ]
      } ],
      &quot;all&quot; : [ ],
      &quot;none&quot; : [ ],
      &quot;failureSummary&quot; : null
    }, {
      &quot;html&quot; : &quot;&lt;ul class=\&quot;ui-autocomplete ui-menu ui-widget ui-widget-content ui-corner-all\&quot; role=\&quot;listbox\&quot; aria-activedescendant=\&quot;ui-active-menuitem\&quot; style=\&quot;z-index: 1; top: 0px; left: 0px; display: none;\&quot;&gt;&lt;/ul&gt;&quot;,
      &quot;target&quot; : [ &quot;.ui-autocomplete.ui-menu[role=\&quot;listbox\&quot;]:nth-child(39)&quot; ],
      &quot;impact&quot; : null,
      &quot;any&quot; : [ {
        &quot;id&quot; : &quot;aria-allowed-role&quot;,
        &quot;impact&quot; : &quot;minor&quot;,
        &quot;message&quot; : &quot;ARIA role is allowed for given element&quot;,
        &quot;data&quot; : null,
        &quot;relatedNodes&quot; : [ ]
      } ],
      &quot;all&quot; : [ ],
      &quot;none&quot; : [ ],
      &quot;failureSummary&quot; : null
    }, {
      &quot;html&quot; : &quot;&lt;ul class=\&quot;ui-autocomplete ui-menu ui-widget ui-widget-content ui-corner-all\&quot; role=\&quot;listbox\&quot; aria-activedescendant=\&quot;ui-active-menuitem\&quot; style=\&quot;z-index: 1; top: 0px; left: 0px; display: none;\&quot;&gt;&lt;/ul&gt;&quot;,
      &quot;target&quot; : [ &quot;.ui-autocomplete.ui-menu[role=\&quot;listbox\&quot;]:nth-child(40)&quot; ],
      &quot;impact&quot; : null,
      &quot;any&quot; : [ {
        &quot;id&quot; : &quot;aria-allowed-role&quot;,
        &quot;impact&quot; : &quot;minor&quot;,
        &quot;message&quot; : &quot;ARIA role is allowed for given element&quot;,
        &quot;data&quot; : null,
        &quot;relatedNodes&quot; : [ ]
      } ],
      &quot;all&quot; : [ ],
      &quot;none&quot; : [ ],
      &quot;failureSummary&quot; : null
    } ],
    &quot;url&quot; : null,
    &quot;createdDate&quot; : null
  }, {
    &quot;id&quot; : &quot;aria-hidden-body&quot;,
    &quot;description&quot; : &quot;Ensures aria-hidden=&#039;true&#039; is not present on the document body.&quot;,
    &quot;help&quot; : &quot;aria-hidden=&#039;true&#039; must not be present on the document body&quot;,
    &quot;helpUrl&quot; : &quot;https://dequeuniversity.com/rules/axe/4.6/aria-hidden-body?application=axeAPI&quot;,
    &quot;impact&quot; : &quot;&quot;,
    &quot;tags&quot; : [ &quot;cat.aria&quot;, &quot;wcag2a&quot;, &quot;wcag412&quot; ],
    &quot;nodes&quot; : [ {
      &quot;html&quot; : &quot;&lt;body class=\&quot;public-en\&quot; data-twttr-rendered=\&quot;true\&quot;&gt;&quot;,
      &quot;target&quot; : [ &quot;body&quot; ],
      &quot;impact&quot; : null,
      &quot;any&quot; : [ {
        &quot;id&quot; : &quot;aria-hidden-body&quot;,
        &quot;impact&quot; : &quot;critical&quot;,
        &quot;message&quot; : &quot;No aria-hidden attribute is present on document body&quot;,
        &quot;data&quot; : null,
        &quot;relatedNodes&quot; : [ ]
      } ],
      &quot;all&quot; : [ ],
      &quot;none&quot; : [ ],
      &quot;failureSummary&quot; : null
    } ],
    &quot;url&quot; : null,
    &quot;createdDate&quot; : null
  }, {
    &quot;id&quot; : &quot;aria-hidden-focus&quot;,
    &quot;description&quot; : &quot;Ensures aria-hidden elements are not focusable nor contain focusable elements&quot;,
    &quot;help&quot; : &quot;ARIA hidden element must not be focusable or contain focusable elements&quot;,
    &quot;helpUrl&quot; : &quot;https://dequeuniversity.com/rules/axe/4.6/aria-hidden-focus?application=axeAPI&quot;,
    &quot;impact&quot; : &quot;&quot;,
    &quot;tags&quot; : [ &quot;cat.name-role-value&quot;, &quot;wcag2a&quot;, &quot;wcag412&quot; ],
    &quot;nodes&quot; : [ {
      &quot;html&quot; : &quot;&lt;iframe name=\&quot;fb_xdm_frame_http\&quot; frameborder=\&quot;0\&quot; allowtransparency=\&quot;true\&quot; scrolling=\&quot;no\&quot; id=\&quot;fb_xdm_frame_http\&quot; aria-hidden=\&quot;true\&quot; title=\&quot;Facebook Cross Domain Communication Frame\&quot; tab-index=\&quot;-1\&quot; style=\&quot;border: none;\&quot; src=\&quot;/assets/demo-sites/mars/js/xd_arbiter.html\&quot;&gt;&lt;/iframe&gt;&quot;,
      &quot;target&quot; : [ &quot;#fb_xdm_frame_http&quot; ],
      &quot;impact&quot; : null,
      &quot;any&quot; : [ ],
      &quot;all&quot; : [ {
        &quot;id&quot; : &quot;focusable-modal-open&quot;,
        &quot;impact&quot; : &quot;serious&quot;,
        &quot;message&quot; : &quot;No focusable elements while a modal is open&quot;,
        &quot;data&quot; : null,
        &quot;relatedNodes&quot; : [ ]
      }, {
        &quot;id&quot; : &quot;focusable-disabled&quot;,
        &quot;impact&quot; : &quot;serious&quot;,
        &quot;message&quot; : &quot;No focusable elements contained within element&quot;,
        &quot;data&quot; : null,
        &quot;relatedNodes&quot; : [ ]
      }, {
        &quot;id&quot; : &quot;focusable-not-tabbable&quot;,
        &quot;impact&quot; : &quot;serious&quot;,
        &quot;message&quot; : &quot;No focusable elements contained within element&quot;,
        &quot;data&quot; : null,
        &quot;relatedNodes&quot; : [ ]
      } ],
      &quot;none&quot; : [ ],
      &quot;failureSummary&quot; : null
    }, {
      &quot;html&quot; : &quot;&lt;iframe name=\&quot;fb_xdm_frame_https\&quot; frameborder=\&quot;0\&quot; allowtransparency=\&quot;true\&quot; scrolling=\&quot;no\&quot; id=\&quot;fb_xdm_frame_https\&quot; aria-hidden=\&quot;true\&quot; title=\&quot;Facebook Cross Domain Communication Frame\&quot; tab-index=\&quot;-1\&quot; style=\&quot;border: none;\&quot; src=\&quot;/assets/demo-sites/mars/js/xd_arbiter(1).html\&quot;&gt;&lt;/iframe&gt;&quot;,
      &quot;target&quot; : [ &quot;#fb_xdm_frame_https&quot; ],
      &quot;impact&quot; : null,
      &quot;any&quot; : [ ],
      &quot;all&quot; : [ {
        &quot;id&quot; : &quot;focusable-modal-open&quot;,
        &quot;impact&quot; : &quot;serious&quot;,
        &quot;message&quot; : &quot;No focusable elements while a modal is open&quot;,
        &quot;data&quot; : null,
        &quot;relatedNodes&quot; : [ ]
      }, {
        &quot;id&quot; : &quot;focusable-disabled&quot;,
        &quot;impact&quot; : &quot;serious&quot;,
        &quot;message&quot; : &quot;No focusable elements contained within element&quot;,
        &quot;data&quot; : null,
        &quot;relatedNodes&quot; : [ ]
      }, {
        &quot;id&quot; : &quot;focusable-not-tabbable&quot;,
        &quot;impact&quot; : &quot;serious&quot;,
        &quot;message&quot; : &quot;No focusable elements contained within element&quot;,
        &quot;data&quot; : null,
        &quot;relatedNodes&quot; : [ ]
      } ],
      &quot;none&quot; : [ ],
      &quot;failureSummary&quot; : null
    }, {
      &quot;html&quot; : &quot;&lt;div class=\&quot;ytp-title-expanded-overlay\&quot; aria-hidden=\&quot;true\&quot;&gt;&quot;,
      &quot;target&quot; : [ &quot;#player&quot;, &quot;.ytp-title-expanded-overlay&quot; ],
      &quot;impact&quot; : null,
      &quot;any&quot; : [ ],
      &quot;all&quot; : [ {
        &quot;id&quot; : &quot;focusable-modal-open&quot;,
        &quot;impact&quot; : &quot;serious&quot;,
        &quot;message&quot; : &quot;No focusable elements while a modal is open&quot;,
        &quot;data&quot; : null,
        &quot;relatedNodes&quot; : [ ]
      }, {
        &quot;id&quot; : &quot;focusable-disabled&quot;,
        &quot;impact&quot; : &quot;serious&quot;,
        &quot;message&quot; : &quot;No focusable elements contained within element&quot;,
        &quot;data&quot; : null,
        &quot;relatedNodes&quot; : [ ]
      }, {
        &quot;id&quot; : &quot;focusable-not-tabbable&quot;,
        &quot;impact&quot; : &quot;serious&quot;,
        &quot;message&quot; : &quot;No focusable elements contained within element&quot;,
        &quot;data&quot; : null,
        &quot;relatedNodes&quot; : [ ]
      } ],
      &quot;none&quot; : [ ],
      &quot;failureSummary&quot; : null
    }, {
      &quot;html&quot; : &quot;&lt;div class=\&quot;ytp-copylink-title\&quot; aria-hidden=\&quot;true\&quot;&gt;Copy link&lt;/div&gt;&quot;,
      &quot;target&quot; : [ &quot;#player&quot;, &quot;.ytp-copylink-title&quot; ],
      &quot;impact&quot; : null,
      &quot;any&quot; : [ ],
      &quot;all&quot; : [ {
        &quot;id&quot; : &quot;focusable-modal-open&quot;,
        &quot;impact&quot; : &quot;serious&quot;,
        &quot;message&quot; : &quot;No focusable elements while a modal is open&quot;,
        &quot;data&quot; : null,
        &quot;relatedNodes&quot; : [ ]
      }, {
        &quot;id&quot; : &quot;focusable-disabled&quot;,
        &quot;impact&quot; : &quot;serious&quot;,
        &quot;message&quot; : &quot;No focusable elements contained within element&quot;,
        &quot;data&quot; : null,
        &quot;relatedNodes&quot; : [ ]
      }, {
        &quot;id&quot; : &quot;focusable-not-tabbable&quot;,
        &quot;impact&quot; : &quot;serious&quot;,
        &quot;message&quot; : &quot;No focusable elements contained within element&quot;,
        &quot;data&quot; : null,
        &quot;relatedNodes&quot; : [ ]
      } ],
      &quot;none&quot; : [ ],
      &quot;failureSummary&quot; : null
    }, {
      &quot;html&quot; : &quot;&lt;div class=\&quot;ytp-impression-link-content\&quot; aria-hidden=\&quot;true\&quot;&gt;&quot;,
      &quot;target&quot; : [ &quot;#player&quot;, &quot;.ytp-impression-link-content&quot; ],
      &quot;impact&quot; : null,
      &quot;any&quot; : [ ],
      &quot;all&quot; : [ {
        &quot;id&quot; : &quot;focusable-modal-open&quot;,
        &quot;impact&quot; : &quot;serious&quot;,
        &quot;message&quot; : &quot;No focusable elements while a modal is open&quot;,
        &quot;data&quot; : null,
        &quot;relatedNodes&quot; : [ ]
      }, {
        &quot;id&quot; : &quot;focusable-disabled&quot;,
        &quot;impact&quot; : &quot;serious&quot;,
        &quot;message&quot; : &quot;No focusable elements contained within element&quot;,
        &quot;data&quot; : null,
        &quot;relatedNodes&quot; : [ ]
      }, {
        &quot;id&quot; : &quot;focusable-not-tabbable&quot;,
        &quot;impact&quot; : &quot;serious&quot;,
        &quot;message&quot; : &quot;No focusable elements contained within element&quot;,
        &quot;data&quot; : null,
        &quot;relatedNodes&quot; : [ ]
      } ],
      &quot;none&quot; : [ ],
      &quot;failureSummary&quot; : null
    }, {
      &quot;html&quot; : &quot;&lt;div class=\&quot;ytp-fine-scrubbing-cursor\&quot; aria-hidden=\&quot;true\&quot;&gt;&lt;/div&gt;&quot;,
      &quot;target&quot; : [ &quot;#player&quot;, &quot;.ytp-fine-scrubbing-cursor&quot; ],
      &quot;impact&quot; : null,
      &quot;any&quot; : [ ],
      &quot;all&quot; : [ {
        &quot;id&quot; : &quot;focusable-modal-open&quot;,
        &quot;impact&quot; : &quot;serious&quot;,
        &quot;message&quot; : &quot;No focusable elements while a modal is open&quot;,
        &quot;data&quot; : null,
        &quot;relatedNodes&quot; : [ ]
      }, {
        &quot;id&quot; : &quot;focusable-disabled&quot;,
        &quot;impact&quot; : &quot;serious&quot;,
        &quot;message&quot; : &quot;No focusable elements contained within element&quot;,
        &quot;data&quot; : null,
        &quot;relatedNodes&quot; : [ ]
      }, {
        &quot;id&quot; : &quot;focusable-not-tabbable&quot;,
        &quot;impact&quot; : &quot;serious&quot;,
        &quot;message&quot; : &quot;No focusable elements contained within element&quot;,
        &quot;data&quot; : null,
        &quot;relatedNodes&quot; : [ ]
      } ],
      &quot;none&quot; : [ ],
      &quot;failureSummary&quot; : null
    }, {
      &quot;html&quot; : &quot;&lt;div class=\&quot;ytp-fine-scrubbing-seek-time\&quot; aria-hidden=\&quot;true\&quot;&gt;0:00&lt;/div&gt;&quot;,
      &quot;target&quot; : [ &quot;#player&quot;, &quot;.ytp-fine-scrubbing-seek-time&quot; ],
      &quot;impact&quot; : null,
      &quot;any&quot; : [ ],
      &quot;all&quot; : [ {
        &quot;id&quot; : &quot;focusable-modal-open&quot;,
        &quot;impact&quot; : &quot;serious&quot;,
        &quot;message&quot; : &quot;No focusable elements while a modal is open&quot;,
        &quot;data&quot; : null,
        &quot;relatedNodes&quot; : [ ]
      }, {
        &quot;id&quot; : &quot;focusable-disabled&quot;,
        &quot;impact&quot; : &quot;serious&quot;,
        &quot;message&quot; : &quot;No focusable elements contained within element&quot;,
        &quot;data&quot; : null,
        &quot;relatedNodes&quot; : [ ]
      }, {
        &quot;id&quot; : &quot;focusable-not-tabbable&quot;,
        &quot;impact&quot; : &quot;serious&quot;,
        &quot;message&quot; : &quot;No focusable elements contained within element&quot;,
        &quot;data&quot; : null,
        &quot;relatedNodes&quot; : [ ]
      } ],
      &quot;none&quot; : [ ],
      &quot;failureSummary&quot; : null
    }, {
      &quot;html&quot; : &quot;&lt;span class=\&quot;ytp-chapter-title-prefix\&quot; aria-hidden=\&quot;true\&quot;&gt;•&lt;/span&gt;&quot;,
      &quot;target&quot; : [ &quot;#player&quot;, &quot;.ytp-chapter-title-prefix&quot; ],
      &quot;impact&quot; : null,
      &quot;any&quot; : [ ],
      &quot;all&quot; : [ {
        &quot;id&quot; : &quot;focusable-modal-open&quot;,
        &quot;impact&quot; : &quot;serious&quot;,
        &quot;message&quot; : &quot;No focusable elements while a modal is open&quot;,
        &quot;data&quot; : null,
        &quot;relatedNodes&quot; : [ ]
      }, {
        &quot;id&quot; : &quot;focusable-disabled&quot;,
        &quot;impact&quot; : &quot;serious&quot;,
        &quot;message&quot; : &quot;No focusable elements contained within element&quot;,
        &quot;data&quot; : null,
        &quot;relatedNodes&quot; : [ ]
      }, {
        &quot;id&quot; : &quot;focusable-not-tabbable&quot;,
        &quot;impact&quot; : &quot;serious&quot;,
        &quot;message&quot; : &quot;No focusable elements contained within element&quot;,
        &quot;data&quot; : null,
        &quot;relatedNodes&quot; : [ ]
      } ],
      &quot;none&quot; : [ ],
      &quot;failureSummary&quot; : null
    }, {
      &quot;html&quot; : &quot;&lt;svg height=\&quot;100%\&quot; version=\&quot;1.1\&quot; viewBox=\&quot;0 0 67 36\&quot; width=\&quot;100%\&quot; aria-hidden=\&quot;true\&quot;&gt;&quot;,
      &quot;target&quot; : [ &quot;#player&quot;, &quot;svg[viewBox=\&quot;0 0 67 36\&quot;]&quot; ],
      &quot;impact&quot; : null,
      &quot;any&quot; : [ ],
      &quot;all&quot; : [ {
        &quot;id&quot; : &quot;focusable-modal-open&quot;,
        &quot;impact&quot; : &quot;serious&quot;,
        &quot;message&quot; : &quot;No focusable elements while a modal is open&quot;,
        &quot;data&quot; : null,
        &quot;relatedNodes&quot; : [ ]
      }, {
        &quot;id&quot; : &quot;focusable-disabled&quot;,
        &quot;impact&quot; : &quot;serious&quot;,
        &quot;message&quot; : &quot;No focusable elements contained within element&quot;,
        &quot;data&quot; : null,
        &quot;relatedNodes&quot; : [ ]
      }, {
        &quot;id&quot; : &quot;focusable-not-tabbable&quot;,
        &quot;impact&quot; : &quot;serious&quot;,
        &quot;message&quot; : &quot;No focusable elements contained within element&quot;,
        &quot;data&quot; : null,
        &quot;relatedNodes&quot; : [ ]
      } ],
      &quot;none&quot; : [ ],
      &quot;failureSummary&quot; : null
    }, {
      &quot;html&quot; : &quot;&lt;a class=\&quot;_8o _8r lfloat\&quot; href=\&quot;mars2.html\&quot; tabindex=\&quot;-1\&quot; aria-hidden=\&quot;true\&quot; target=\&quot;_blank\&quot;&gt;\n\n&lt;img class=\&quot;_s0 _rw img\&quot; src=\&quot;../images/fb-mars-icon.gif\&quot; alt=\&quot;\&quot;&gt;&lt;/a&gt;&quot;,
      &quot;target&quot; : [ &quot;#fafbba78&quot;, &quot;._8o&quot; ],
      &quot;impact&quot; : null,
      &quot;any&quot; : [ ],
      &quot;all&quot; : [ {
        &quot;id&quot; : &quot;focusable-modal-open&quot;,
        &quot;impact&quot; : &quot;serious&quot;,
        &quot;message&quot; : &quot;No focusable elements while a modal is open&quot;,
        &quot;data&quot; : null,
        &quot;relatedNodes&quot; : [ ]
      }, {
        &quot;id&quot; : &quot;focusable-disabled&quot;,
        &quot;impact&quot; : &quot;serious&quot;,
        &quot;message&quot; : &quot;No focusable elements contained within element&quot;,
        &quot;data&quot; : null,
        &quot;relatedNodes&quot; : [ ]
      }, {
        &quot;id&quot; : &quot;focusable-not-tabbable&quot;,
        &quot;impact&quot; : &quot;serious&quot;,
        &quot;message&quot; : &quot;No focusable elements contained within element&quot;,
        &quot;data&quot; : null,
        &quot;relatedNodes&quot; : [ ]
      } ],
      &quot;none&quot; : [ ],
      &quot;failureSummary&quot; : null
    } ],
    &quot;url&quot; : null,
    &quot;createdDate&quot; : null
  }, {
    &quot;id&quot; : &quot;aria-required-attr&quot;,
    &quot;description&quot; : &quot;Ensures elements with ARIA roles have all required ARIA attributes&quot;,
    &quot;help&quot; : &quot;Required ARIA attributes must be provided&quot;,
    &quot;helpUrl&quot; : &quot;https://dequeuniversity.com/rules/axe/4.6/aria-required-attr?application=axeAPI&quot;,
    &quot;impact&quot; : &quot;&quot;,
    &quot;tags&quot; : [ &quot;cat.aria&quot;, &quot;wcag2a&quot;, &quot;wcag412&quot; ],
    &quot;nodes&quot; : [ {
      &quot;html&quot; : &quot;&lt;input type=\&quot;text\&quot; value=\&quot;\&quot; class=\&quot;city-input ac_input ui-autocomplete-input\&quot; autocomplete=\&quot;off\&quot; id=\&quot;from0\&quot; name=\&quot;from0\&quot; tabindex=\&quot;1\&quot; role=\&quot;textbox\&quot; aria-autocomplete=\&quot;list\&quot; aria-haspopup=\&quot;true\&quot;&gt;&quot;,
      &quot;target&quot; : [ &quot;#from0&quot; ],
      &quot;impact&quot; : null,
      &quot;any&quot; : [ {
        &quot;id&quot; : &quot;aria-required-attr&quot;,
        &quot;impact&quot; : &quot;critical&quot;,
        &quot;message&quot; : &quot;All required ARIA attributes are present&quot;,
        &quot;data&quot; : null,
        &quot;relatedNodes&quot; : [ ]
      } ],
      &quot;all&quot; : [ ],
      &quot;none&quot; : [ ],
      &quot;failureSummary&quot; : null
    }, {
      &quot;html&quot; : &quot;&lt;input type=\&quot;text\&quot; value=\&quot;\&quot; class=\&quot;city-input ac_input ui-autocomplete-input\&quot; autocomplete=\&quot;off\&quot; id=\&quot;to0\&quot; name=\&quot;to0\&quot; tabindex=\&quot;1\&quot; role=\&quot;textbox\&quot; aria-autocomplete=\&quot;list\&quot; aria-haspopup=\&quot;true\&quot;&gt;&quot;,
      &quot;target&quot; : [ &quot;#to0&quot; ],
      &quot;impact&quot; : null,
      &quot;any&quot; : [ {
        &quot;id&quot; : &quot;aria-required-attr&quot;,
        &quot;impact&quot; : &quot;critical&quot;,
        &quot;message&quot; : &quot;All required ARIA attributes are present&quot;,
        &quot;data&quot; : null,
        &quot;relatedNodes&quot; : [ ]
      } ],
      &quot;all&quot; : [ ],
      &quot;none&quot; : [ ],
      &quot;failureSummary&quot; : null
    } ],
    &quot;url&quot; : null,
    &quot;createdDate&quot; : null
  }, {
    &quot;id&quot; : &quot;aria-roles&quot;,
    &quot;description&quot; : &quot;Ensures all elements with a role attribute use a valid value&quot;,
    &quot;help&quot; : &quot;ARIA roles used must conform to valid values&quot;,
    &quot;helpUrl&quot; : &quot;https://dequeuniversity.com/rules/axe/4.6/aria-roles?application=axeAPI&quot;,
    &quot;impact&quot; : &quot;&quot;,
    &quot;tags&quot; : [ &quot;cat.aria&quot;, &quot;wcag2a&quot;, &quot;wcag412&quot; ],
    &quot;nodes&quot; : [ {
      &quot;html&quot; : &quot;&lt;input type=\&quot;text\&quot; value=\&quot;\&quot; class=\&quot;city-input ac_input ui-autocomplete-input\&quot; autocomplete=\&quot;off\&quot; id=\&quot;from0\&quot; name=\&quot;from0\&quot; tabindex=\&quot;1\&quot; role=\&quot;textbox\&quot; aria-autocomplete=\&quot;list\&quot; aria-haspopup=\&quot;true\&quot;&gt;&quot;,
      &quot;target&quot; : [ &quot;#from0&quot; ],
      &quot;impact&quot; : null,
      &quot;any&quot; : [ ],
      &quot;all&quot; : [ ],
      &quot;none&quot; : [ {
        &quot;id&quot; : &quot;invalidrole&quot;,
        &quot;impact&quot; : &quot;critical&quot;,
        &quot;message&quot; : &quot;ARIA role is valid&quot;,
        &quot;data&quot; : null,
        &quot;relatedNodes&quot; : [ ]
      }, {
        &quot;id&quot; : &quot;abstractrole&quot;,
        &quot;impact&quot; : &quot;serious&quot;,
        &quot;message&quot; : &quot;Abstract roles are not used&quot;,
        &quot;data&quot; : null,
        &quot;relatedNodes&quot; : [ ]
      }, {
        &quot;id&quot; : &quot;unsupportedrole&quot;,
        &quot;impact&quot; : &quot;critical&quot;,
        &quot;message&quot; : &quot;ARIA role is supported&quot;,
        &quot;data&quot; : null,
        &quot;relatedNodes&quot; : [ ]
      }, {
        &quot;id&quot; : &quot;deprecatedrole&quot;,
        &quot;impact&quot; : &quot;minor&quot;,
        &quot;message&quot; : &quot;ARIA role is not deprecated&quot;,
        &quot;data&quot; : null,
        &quot;relatedNodes&quot; : [ ]
      } ],
      &quot;failureSummary&quot; : null
    }, {
      &quot;html&quot; : &quot;&lt;input type=\&quot;text\&quot; value=\&quot;\&quot; class=\&quot;city-input ac_input ui-autocomplete-input\&quot; autocomplete=\&quot;off\&quot; id=\&quot;to0\&quot; name=\&quot;to0\&quot; tabindex=\&quot;1\&quot; role=\&quot;textbox\&quot; aria-autocomplete=\&quot;list\&quot; aria-haspopup=\&quot;true\&quot;&gt;&quot;,
      &quot;target&quot; : [ &quot;#to0&quot; ],
      &quot;impact&quot; : null,
      &quot;any&quot; : [ ],
      &quot;all&quot; : [ ],
      &quot;none&quot; : [ {
        &quot;id&quot; : &quot;invalidrole&quot;,
        &quot;impact&quot; : &quot;critical&quot;,
        &quot;message&quot; : &quot;ARIA role is valid&quot;,
        &quot;data&quot; : null,
        &quot;relatedNodes&quot; : [ ]
      }, {
        &quot;id&quot; : &quot;abstractrole&quot;,
        &quot;impact&quot; : &quot;serious&quot;,
        &quot;message&quot; : &quot;Abstract roles are not used&quot;,
        &quot;data&quot; : null,
        &quot;relatedNodes&quot; : [ ]
      }, {
        &quot;id&quot; : &quot;unsupportedrole&quot;,
        &quot;impact&quot; : &quot;critical&quot;,
        &quot;message&quot; : &quot;ARIA role is supported&quot;,
        &quot;data&quot; : null,
        &quot;relatedNodes&quot; : [ ]
      }, {
        &quot;id&quot; : &quot;deprecatedrole&quot;,
        &quot;impact&quot; : &quot;minor&quot;,
        &quot;message&quot; : &quot;ARIA role is not deprecated&quot;,
        &quot;data&quot; : null,
        &quot;relatedNodes&quot; : [ ]
      } ],
      &quot;failureSummary&quot; : null
    } ],
    &quot;url&quot; : null,
    &quot;createdDate&quot; : null
  }, {
    &quot;id&quot; : &quot;aria-valid-attr-value&quot;,
    &quot;description&quot; : &quot;Ensures all ARIA attributes have valid values&quot;,
    &quot;help&quot; : &quot;ARIA attributes must conform to valid values&quot;,
    &quot;helpUrl&quot; : &quot;https://dequeuniversity.com/rules/axe/4.6/aria-valid-attr-value?application=axeAPI&quot;,
    &quot;impact&quot; : &quot;&quot;,
    &quot;tags&quot; : [ &quot;cat.aria&quot;, &quot;wcag2a&quot;, &quot;wcag412&quot; ],
    &quot;nodes&quot; : [ {
      &quot;html&quot; : &quot;&lt;input type=\&quot;text\&quot; value=\&quot;\&quot; class=\&quot;city-input ac_input ui-autocomplete-input\&quot; autocomplete=\&quot;off\&quot; id=\&quot;from0\&quot; name=\&quot;from0\&quot; tabindex=\&quot;1\&quot; role=\&quot;textbox\&quot; aria-autocomplete=\&quot;list\&quot; aria-haspopup=\&quot;true\&quot;&gt;&quot;,
      &quot;target&quot; : [ &quot;#from0&quot; ],
      &quot;impact&quot; : null,
      &quot;any&quot; : [ ],
      &quot;all&quot; : [ {
        &quot;id&quot; : &quot;aria-valid-attr-value&quot;,
        &quot;impact&quot; : &quot;critical&quot;,
        &quot;message&quot; : &quot;ARIA attribute values are valid&quot;,
        &quot;data&quot; : null,
        &quot;relatedNodes&quot; : [ ]
      }, {
        &quot;id&quot; : &quot;aria-errormessage&quot;,
        &quot;impact&quot; : &quot;critical&quot;,
        &quot;message&quot; : &quot;aria-errormessage exists and references elements visible to screen readers that use a supported aria-errormessage technique&quot;,
        &quot;data&quot; : null,
        &quot;relatedNodes&quot; : [ ]
      }, {
        &quot;id&quot; : &quot;aria-level&quot;,
        &quot;impact&quot; : &quot;serious&quot;,
        &quot;message&quot; : &quot;aria-level values are valid&quot;,
        &quot;data&quot; : null,
        &quot;relatedNodes&quot; : [ ]
      } ],
      &quot;none&quot; : [ ],
      &quot;failureSummary&quot; : null
    }, {
      &quot;html&quot; : &quot;&lt;input type=\&quot;text\&quot; value=\&quot;\&quot; class=\&quot;city-input ac_input ui-autocomplete-input\&quot; autocomplete=\&quot;off\&quot; id=\&quot;to0\&quot; name=\&quot;to0\&quot; tabindex=\&quot;1\&quot; role=\&quot;textbox\&quot; aria-autocomplete=\&quot;list\&quot; aria-haspopup=\&quot;true\&quot;&gt;&quot;,
      &quot;target&quot; : [ &quot;#to0&quot; ],
      &quot;impact&quot; : null,
      &quot;any&quot; : [ ],
      &quot;all&quot; : [ {
        &quot;id&quot; : &quot;aria-valid-attr-value&quot;,
        &quot;impact&quot; : &quot;critical&quot;,
        &quot;message&quot; : &quot;ARIA attribute values are valid&quot;,
        &quot;data&quot; : null,
        &quot;relatedNodes&quot; : [ ]
      }, {
        &quot;id&quot; : &quot;aria-errormessage&quot;,
        &quot;impact&quot; : &quot;critical&quot;,
        &quot;message&quot; : &quot;aria-errormessage exists and references elements visible to screen readers that use a supported aria-errormessage technique&quot;,
        &quot;data&quot; : null,
        &quot;relatedNodes&quot; : [ ]
      }, {
        &quot;id&quot; : &quot;aria-level&quot;,
        &quot;impact&quot; : &quot;serious&quot;,
        &quot;message&quot; : &quot;aria-level values are valid&quot;,
        &quot;data&quot; : null,
        &quot;relatedNodes&quot; : [ ]
      } ],
      &quot;none&quot; : [ ],
      &quot;failureSummary&quot; : null
    }, {
      &quot;html&quot; : &quot;&lt;div class=\&quot;html5-video-player ytp-exp-bottom-control-flexbox ytp-title-enable-channel-logo ytp-fine-scrubbing-exp ytp-embed ytp-embed-playlist unstarted-mode ytp-hide-controls ytp-small-mode\&quot; tabindex=\&quot;-1\&quot; id=\&quot;movie_player\&quot; data-version=\&quot;/s/player/6f20102c/player_ias.vflset/en_US/base.js\&quot; aria-label=\&quot;YouTube Video Player\&quot;&gt;&quot;,
      &quot;target&quot; : [ &quot;#player&quot;, &quot;#movie_player&quot; ],
      &quot;impact&quot; : null,
      &quot;any&quot; : [ ],
      &quot;all&quot; : [ {
        &quot;id&quot; : &quot;aria-valid-attr-value&quot;,
        &quot;impact&quot; : &quot;critical&quot;,
        &quot;message&quot; : &quot;ARIA attribute values are valid&quot;,
        &quot;data&quot; : null,
        &quot;relatedNodes&quot; : [ ]
      }, {
        &quot;id&quot; : &quot;aria-errormessage&quot;,
        &quot;impact&quot; : &quot;critical&quot;,
        &quot;message&quot; : &quot;aria-errormessage exists and references elements visible to screen readers that use a supported aria-errormessage technique&quot;,
        &quot;data&quot; : null,
        &quot;relatedNodes&quot; : [ ]
      }, {
        &quot;id&quot; : &quot;aria-level&quot;,
        &quot;impact&quot; : &quot;serious&quot;,
        &quot;message&quot; : &quot;aria-level values are valid&quot;,
        &quot;data&quot; : null,
        &quot;relatedNodes&quot; : [ ]
      } ],
      &quot;none&quot; : [ ],
      &quot;failureSummary&quot; : null
    }, {
      &quot;html&quot; : &quot;&lt;a class=\&quot;ytp-title-channel-logo\&quot; target=\&quot;_blank\&quot; href=\&quot;https://www.youtube.com/channel/UCK7tptUDHh-RYDsdxO1-5QQ?embeds_euri=https%3A%2F%2Fdequeuniversity.com%2F&amp;amp;feature=emb_ch_name_ex\&quot; aria-label=\&quot;Photo image of Wall Street Journal\&quot; style=\&quot;background-image: url(&amp;quot;https://yt3.ggpht.com/ytc/AGIKgqOq4sucy99-dvD6wMq7d5dywZsP63fquQzKyPV4Lo0=s68-c-k-c0x00ffffff-no-rj&amp;quot;);\&quot;&gt;&quot;,
      &quot;target&quot; : [ &quot;#player&quot;, &quot;.ytp-title-channel-logo&quot; ],
      &quot;impact&quot; : null,
      &quot;any&quot; : [ ],
      &quot;all&quot; : [ {
        &quot;id&quot; : &quot;aria-valid-attr-value&quot;,
        &quot;impact&quot; : &quot;critical&quot;,
        &quot;message&quot; : &quot;ARIA attribute values are valid&quot;,
        &quot;data&quot; : null,
        &quot;relatedNodes&quot; : [ ]
      }, {
        &quot;id&quot; : &quot;aria-errormessage&quot;,
        &quot;impact&quot; : &quot;critical&quot;,
        &quot;message&quot; : &quot;aria-errormessage exists and references elements visible to screen readers that use a supported aria-errormessage technique&quot;,
        &quot;data&quot; : null,
        &quot;relatedNodes&quot; : [ ]
      }, {
        &quot;id&quot; : &quot;aria-level&quot;,
        &quot;impact&quot; : &quot;serious&quot;,
        &quot;message&quot; : &quot;aria-level values are valid&quot;,
        &quot;data&quot; : null,
        &quot;relatedNodes&quot; : [ ]
      } ],
      &quot;none&quot; : [ ],
      &quot;failureSummary&quot; : null
    }, {
      &quot;html&quot; : &quot;&lt;button class=\&quot;ytp-button ytp-overflow-button ytp-overflow-button-visible\&quot; title=\&quot;More\&quot; aria-haspopup=\&quot;true\&quot; aria-owns=\&quot;ytp-id-31\&quot; aria-label=\&quot;More\&quot;&gt;&quot;,
      &quot;target&quot; : [ &quot;#player&quot;, &quot;.ytp-overflow-button&quot; ],
      &quot;impact&quot; : null,
      &quot;any&quot; : [ ],
      &quot;all&quot; : [ {
        &quot;id&quot; : &quot;aria-valid-attr-value&quot;,
        &quot;impact&quot; : &quot;critical&quot;,
        &quot;message&quot; : &quot;ARIA attribute values are valid&quot;,
        &quot;data&quot; : null,
        &quot;relatedNodes&quot; : [ ]
      }, {
        &quot;id&quot; : &quot;aria-errormessage&quot;,
        &quot;impact&quot; : &quot;critical&quot;,
        &quot;message&quot; : &quot;aria-errormessage exists and references elements visible to screen readers that use a supported aria-errormessage technique&quot;,
        &quot;data&quot; : null,
        &quot;relatedNodes&quot; : [ ]
      }, {
        &quot;id&quot; : &quot;aria-level&quot;,
        &quot;impact&quot; : &quot;serious&quot;,
        &quot;message&quot; : &quot;aria-level values are valid&quot;,
        &quot;data&quot; : null,
        &quot;relatedNodes&quot; : [ ]
      } ],
      &quot;none&quot; : [ ],
      &quot;failureSummary&quot; : null
    }, {
      &quot;html&quot; : &quot;&lt;button class=\&quot;ytp-large-play-button ytp-button ytp-large-play-button-red-bg\&quot; aria-label=\&quot;Play\&quot;&gt;&quot;,
      &quot;target&quot; : [ &quot;#player&quot;, &quot;.ytp-large-play-button&quot; ],
      &quot;impact&quot; : null,
      &quot;any&quot; : [ ],
      &quot;all&quot; : [ {
        &quot;id&quot; : &quot;aria-valid-attr-value&quot;,
        &quot;impact&quot; : &quot;critical&quot;,
        &quot;message&quot; : &quot;ARIA attribute values are valid&quot;,
        &quot;data&quot; : null,
        &quot;relatedNodes&quot; : [ ]
      }, {
        &quot;id&quot; : &quot;aria-errormessage&quot;,
        &quot;impact&quot; : &quot;critical&quot;,
        &quot;message&quot; : &quot;aria-errormessage exists and references elements visible to screen readers that use a supported aria-errormessage technique&quot;,
        &quot;data&quot; : null,
        &quot;relatedNodes&quot; : [ ]
      }, {
        &quot;id&quot; : &quot;aria-level&quot;,
        &quot;impact&quot; : &quot;serious&quot;,
        &quot;message&quot; : &quot;aria-level values are valid&quot;,
        &quot;data&quot; : null,
        &quot;relatedNodes&quot; : [ ]
      } ],
      &quot;none&quot; : [ ],
      &quot;failureSummary&quot; : null
    }, {
      &quot;html&quot; : &quot;&lt;div class=\&quot;ytp-paid-content-overlay\&quot; aria-live=\&quot;assertive\&quot; aria-atomic=\&quot;true\&quot; data-layer=\&quot;4\&quot;&gt;&lt;div class=\&quot;ytp-button ytp-paid-content-overlay-text\&quot; style=\&quot;display: none;\&quot;&gt;&lt;/div&gt;&lt;/div&gt;&quot;,
      &quot;target&quot; : [ &quot;#player&quot;, &quot;.ytp-paid-content-overlay&quot; ],
      &quot;impact&quot; : null,
      &quot;any&quot; : [ ],
      &quot;all&quot; : [ {
        &quot;id&quot; : &quot;aria-valid-attr-value&quot;,
        &quot;impact&quot; : &quot;critical&quot;,
        &quot;message&quot; : &quot;ARIA attribute values are valid&quot;,
        &quot;data&quot; : null,
        &quot;relatedNodes&quot; : [ ]
      }, {
        &quot;id&quot; : &quot;aria-errormessage&quot;,
        &quot;impact&quot; : &quot;critical&quot;,
        &quot;message&quot; : &quot;aria-errormessage exists and references elements visible to screen readers that use a supported aria-errormessage technique&quot;,
        &quot;data&quot; : null,
        &quot;relatedNodes&quot; : [ ]
      }, {
        &quot;id&quot; : &quot;aria-level&quot;,
        &quot;impact&quot; : &quot;serious&quot;,
        &quot;message&quot; : &quot;aria-level values are valid&quot;,
        &quot;data&quot; : null,
        &quot;relatedNodes&quot; : [ ]
      } ],
      &quot;none&quot; : [ ],
      &quot;failureSummary&quot; : null
    } ],
    &quot;url&quot; : null,
    &quot;createdDate&quot; : null
  }, {
    &quot;id&quot; : &quot;aria-valid-attr&quot;,
    &quot;description&quot; : &quot;Ensures attributes that begin with aria- are valid ARIA attributes&quot;,
    &quot;help&quot; : &quot;ARIA attributes must conform to valid names&quot;,
    &quot;helpUrl&quot; : &quot;https://dequeuniversity.com/rules/axe/4.6/aria-valid-attr?application=axeAPI&quot;,
    &quot;impact&quot; : &quot;&quot;,
    &quot;tags&quot; : [ &quot;cat.aria&quot;, &quot;wcag2a&quot;, &quot;wcag412&quot; ],
    &quot;nodes&quot; : [ {
      &quot;html&quot; : &quot;&lt;input type=\&quot;text\&quot; value=\&quot;\&quot; class=\&quot;city-input ac_input ui-autocomplete-input\&quot; autocomplete=\&quot;off\&quot; id=\&quot;from0\&quot; name=\&quot;from0\&quot; tabindex=\&quot;1\&quot; role=\&quot;textbox\&quot; aria-autocomplete=\&quot;list\&quot; aria-haspopup=\&quot;true\&quot;&gt;&quot;,
      &quot;target&quot; : [ &quot;#from0&quot; ],
      &quot;impact&quot; : null,
      &quot;any&quot; : [ {
        &quot;id&quot; : &quot;aria-valid-attr&quot;,
        &quot;impact&quot; : &quot;critical&quot;,
        &quot;message&quot; : &quot;ARIA attribute name is valid&quot;,
        &quot;data&quot; : null,
        &quot;relatedNodes&quot; : [ ]
      } ],
      &quot;all&quot; : [ ],
      &quot;none&quot; : [ ],
      &quot;failureSummary&quot; : null
    }, {
      &quot;html&quot; : &quot;&lt;input type=\&quot;text\&quot; value=\&quot;\&quot; class=\&quot;city-input ac_input ui-autocomplete-input\&quot; autocomplete=\&quot;off\&quot; id=\&quot;to0\&quot; name=\&quot;to0\&quot; tabindex=\&quot;1\&quot; role=\&quot;textbox\&quot; aria-autocomplete=\&quot;list\&quot; aria-haspopup=\&quot;true\&quot;&gt;&quot;,
      &quot;target&quot; : [ &quot;#to0&quot; ],
      &quot;impact&quot; : null,
      &quot;any&quot; : [ {
        &quot;id&quot; : &quot;aria-valid-attr&quot;,
        &quot;impact&quot; : &quot;critical&quot;,
        &quot;message&quot; : &quot;ARIA attribute name is valid&quot;,
        &quot;data&quot; : null,
        &quot;relatedNodes&quot; : [ ]
      } ],
      &quot;all&quot; : [ ],
      &quot;none&quot; : [ ],
      &quot;failureSummary&quot; : null
    }, {
      &quot;html&quot; : &quot;&lt;div class=\&quot;html5-video-player ytp-exp-bottom-control-flexbox ytp-title-enable-channel-logo ytp-fine-scrubbing-exp ytp-embed ytp-embed-playlist unstarted-mode ytp-hide-controls ytp-small-mode\&quot; tabindex=\&quot;-1\&quot; id=\&quot;movie_player\&quot; data-version=\&quot;/s/player/6f20102c/player_ias.vflset/en_US/base.js\&quot; aria-label=\&quot;YouTube Video Player\&quot;&gt;&quot;,
      &quot;target&quot; : [ &quot;#player&quot;, &quot;#movie_player&quot; ],
      &quot;impact&quot; : null,
      &quot;any&quot; : [ {
        &quot;id&quot; : &quot;aria-valid-attr&quot;,
        &quot;impact&quot; : &quot;critical&quot;,
        &quot;message&quot; : &quot;ARIA attribute name is valid&quot;,
        &quot;data&quot; : null,
        &quot;relatedNodes&quot; : [ ]
      } ],
      &quot;all&quot; : [ ],
      &quot;none&quot; : [ ],
      &quot;failureSummary&quot; : null
    }, {
      &quot;html&quot; : &quot;&lt;a class=\&quot;ytp-title-channel-logo\&quot; target=\&quot;_blank\&quot; href=\&quot;https://www.youtube.com/channel/UCK7tptUDHh-RYDsdxO1-5QQ?embeds_euri=https%3A%2F%2Fdequeuniversity.com%2F&amp;amp;feature=emb_ch_name_ex\&quot; aria-label=\&quot;Photo image of Wall Street Journal\&quot; style=\&quot;background-image: url(&amp;quot;https://yt3.ggpht.com/ytc/AGIKgqOq4sucy99-dvD6wMq7d5dywZsP63fquQzKyPV4Lo0=s68-c-k-c0x00ffffff-no-rj&amp;quot;);\&quot;&gt;&quot;,
      &quot;target&quot; : [ &quot;#player&quot;, &quot;.ytp-title-channel-logo&quot; ],
      &quot;impact&quot; : null,
      &quot;any&quot; : [ {
        &quot;id&quot; : &quot;aria-valid-attr&quot;,
        &quot;impact&quot; : &quot;critical&quot;,
        &quot;message&quot; : &quot;ARIA attribute name is valid&quot;,
        &quot;data&quot; : null,
        &quot;relatedNodes&quot; : [ ]
      } ],
      &quot;all&quot; : [ ],
      &quot;none&quot; : [ ],
      &quot;failureSummary&quot; : null
    }, {
      &quot;html&quot; : &quot;&lt;button class=\&quot;ytp-button ytp-overflow-button ytp-overflow-button-visible\&quot; title=\&quot;More\&quot; aria-haspopup=\&quot;true\&quot; aria-owns=\&quot;ytp-id-31\&quot; aria-label=\&quot;More\&quot;&gt;&quot;,
      &quot;target&quot; : [ &quot;#player&quot;, &quot;.ytp-overflow-button&quot; ],
      &quot;impact&quot; : null,
      &quot;any&quot; : [ {
        &quot;id&quot; : &quot;aria-valid-attr&quot;,
        &quot;impact&quot; : &quot;critical&quot;,
        &quot;message&quot; : &quot;ARIA attribute name is valid&quot;,
        &quot;data&quot; : null,
        &quot;relatedNodes&quot; : [ ]
      } ],
      &quot;all&quot; : [ ],
      &quot;none&quot; : [ ],
      &quot;failureSummary&quot; : null
    }, {
      &quot;html&quot; : &quot;&lt;button class=\&quot;ytp-large-play-button ytp-button ytp-large-play-button-red-bg\&quot; aria-label=\&quot;Play\&quot;&gt;&quot;,
      &quot;target&quot; : [ &quot;#player&quot;, &quot;.ytp-large-play-button&quot; ],
      &quot;impact&quot; : null,
      &quot;any&quot; : [ {
        &quot;id&quot; : &quot;aria-valid-attr&quot;,
        &quot;impact&quot; : &quot;critical&quot;,
        &quot;message&quot; : &quot;ARIA attribute name is valid&quot;,
        &quot;data&quot; : null,
        &quot;relatedNodes&quot; : [ ]
      } ],
      &quot;all&quot; : [ ],
      &quot;none&quot; : [ ],
      &quot;failureSummary&quot; : null
    }, {
      &quot;html&quot; : &quot;&lt;div class=\&quot;ytp-paid-content-overlay\&quot; aria-live=\&quot;assertive\&quot; aria-atomic=\&quot;true\&quot; data-layer=\&quot;4\&quot;&gt;&lt;div class=\&quot;ytp-button ytp-paid-content-overlay-text\&quot; style=\&quot;display: none;\&quot;&gt;&lt;/div&gt;&lt;/div&gt;&quot;,
      &quot;target&quot; : [ &quot;#player&quot;, &quot;.ytp-paid-content-overlay&quot; ],
      &quot;impact&quot; : null,
      &quot;any&quot; : [ {
        &quot;id&quot; : &quot;aria-valid-attr&quot;,
        &quot;impact&quot; : &quot;critical&quot;,
        &quot;message&quot; : &quot;ARIA attribute name is valid&quot;,
        &quot;data&quot; : null,
        &quot;relatedNodes&quot; : [ ]
      } ],
      &quot;all&quot; : [ ],
      &quot;none&quot; : [ ],
      &quot;failureSummary&quot; : null
    } ],
    &quot;url&quot; : null,
    &quot;createdDate&quot; : null
  }, {
    &quot;id&quot; : &quot;autocomplete-valid&quot;,
    &quot;description&quot; : &quot;Ensure the autocomplete attribute is correct and suitable for the form field&quot;,
    &quot;help&quot; : &quot;autocomplete attribute must be used correctly&quot;,
    &quot;helpUrl&quot; : &quot;https://dequeuniversity.com/rules/axe/4.6/autocomplete-valid?application=axeAPI&quot;,
    &quot;impact&quot; : &quot;&quot;,
    &quot;tags&quot; : [ &quot;cat.forms&quot;, &quot;wcag21aa&quot;, &quot;wcag135&quot;, &quot;ACT&quot; ],
    &quot;nodes&quot; : [ {
      &quot;html&quot; : &quot;&lt;input type=\&quot;text\&quot; value=\&quot;\&quot; class=\&quot;city-input ac_input ui-autocomplete-input\&quot; autocomplete=\&quot;off\&quot; id=\&quot;from0\&quot; name=\&quot;from0\&quot; tabindex=\&quot;1\&quot; role=\&quot;textbox\&quot; aria-autocomplete=\&quot;list\&quot; aria-haspopup=\&quot;true\&quot;&gt;&quot;,
      &quot;target&quot; : [ &quot;#from0&quot; ],
      &quot;impact&quot; : null,
      &quot;any&quot; : [ ],
      &quot;all&quot; : [ {
        &quot;id&quot; : &quot;autocomplete-valid&quot;,
        &quot;impact&quot; : &quot;serious&quot;,
        &quot;message&quot; : &quot;the autocomplete attribute is correctly formatted&quot;,
        &quot;data&quot; : null,
        &quot;relatedNodes&quot; : [ ]
      } ],
      &quot;none&quot; : [ ],
      &quot;failureSummary&quot; : null
    }, {
      &quot;html&quot; : &quot;&lt;input type=\&quot;text\&quot; value=\&quot;\&quot; class=\&quot;city-input ac_input ui-autocomplete-input\&quot; autocomplete=\&quot;off\&quot; id=\&quot;to0\&quot; name=\&quot;to0\&quot; tabindex=\&quot;1\&quot; role=\&quot;textbox\&quot; aria-autocomplete=\&quot;list\&quot; aria-haspopup=\&quot;true\&quot;&gt;&quot;,
      &quot;target&quot; : [ &quot;#to0&quot; ],
      &quot;impact&quot; : null,
      &quot;any&quot; : [ ],
      &quot;all&quot; : [ {
        &quot;id&quot; : &quot;autocomplete-valid&quot;,
        &quot;impact&quot; : &quot;serious&quot;,
        &quot;message&quot; : &quot;the autocomplete attribute is correctly formatted&quot;,
        &quot;data&quot; : null,
        &quot;relatedNodes&quot; : [ ]
      } ],
      &quot;none&quot; : [ ],
      &quot;failureSummary&quot; : null
    } ],
    &quot;url&quot; : null,
    &quot;createdDate&quot; : null
  }, {
    &quot;id&quot; : &quot;avoid-inline-spacing&quot;,
    &quot;description&quot; : &quot;Ensure that text spacing set through style attributes can be adjusted with custom stylesheets&quot;,
    &quot;help&quot; : &quot;Inline text spacing must be adjustable with custom stylesheets&quot;,
    &quot;helpUrl&quot; : &quot;https://dequeuniversity.com/rules/axe/4.6/avoid-inline-spacing?application=axeAPI&quot;,
    &quot;impact&quot; : &quot;&quot;,
    &quot;tags&quot; : [ &quot;cat.structure&quot;, &quot;wcag21aa&quot;, &quot;wcag1412&quot;, &quot;ACT&quot; ],
    &quot;nodes&quot; : [ {
      &quot;html&quot; : &quot;&lt;div style=\&quot;width: 1px; height: 1px; display: inline;\&quot;&gt;&quot;,
      &quot;target&quot; : [ &quot;body &gt; div:nth-child(1)&quot; ],
      &quot;impact&quot; : null,
      &quot;any&quot; : [ ],
      &quot;all&quot; : [ {
        &quot;id&quot; : &quot;important-letter-spacing&quot;,
        &quot;impact&quot; : &quot;serious&quot;,
        &quot;message&quot; : &quot;Letter-spacing in the style attribute is not set to !important, or meets the minimum&quot;,
        &quot;data&quot; : null,
        &quot;relatedNodes&quot; : [ ]
      }, {
        &quot;id&quot; : &quot;important-word-spacing&quot;,
        &quot;impact&quot; : &quot;serious&quot;,
        &quot;message&quot; : &quot;word-spacing in the style attribute is not set to !important, or meets the minimum&quot;,
        &quot;data&quot; : null,
        &quot;relatedNodes&quot; : [ ]
      }, {
        &quot;id&quot; : &quot;important-line-height&quot;,
        &quot;impact&quot; : &quot;serious&quot;,
        &quot;message&quot; : &quot;line-height in the style attribute is not set to !important, or meets the minimum&quot;,
        &quot;data&quot; : null,
        &quot;relatedNodes&quot; : [ ]
      } ],
      &quot;none&quot; : [ ],
      &quot;failureSummary&quot; : null
    }, {
      &quot;html&quot; : &quot;&lt;img height=\&quot;1\&quot; width=\&quot;1\&quot; style=\&quot;border-style:none;\&quot; alt=\&quot;\&quot; src=\&quot;/assets/demo-sites/mars/js/out\&quot;&gt;&quot;,
      &quot;target&quot; : [ &quot;div:nth-child(1) &gt; img[src$=\&quot;out\&quot;][alt=\&quot;\&quot;][height=\&quot;1\&quot;]&quot; ],
      &quot;impact&quot; : null,
      &quot;any&quot; : [ ],
      &quot;all&quot; : [ {
        &quot;id&quot; : &quot;important-letter-spacing&quot;,
        &quot;impact&quot; : &quot;serious&quot;,
        &quot;message&quot; : &quot;Letter-spacing in the style attribute is not set to !important, or meets the minimum&quot;,
        &quot;data&quot; : null,
        &quot;relatedNodes&quot; : [ ]
      }, {
        &quot;id&quot; : &quot;important-word-spacing&quot;,
        &quot;impact&quot; : &quot;serious&quot;,
        &quot;message&quot; : &quot;word-spacing in the style attribute is not set to !important, or meets the minimum&quot;,
        &quot;data&quot; : null,
        &quot;relatedNodes&quot; : [ ]
      }, {
        &quot;id&quot; : &quot;important-line-height&quot;,
        &quot;impact&quot; : &quot;serious&quot;,
        &quot;message&quot; : &quot;line-height in the style attribute is not set to !important, or meets the minimum&quot;,
        &quot;data&quot; : null,
        &quot;relatedNodes&quot; : [ ]
      } ],
      &quot;none&quot; : [ ],
      &quot;failureSummary&quot; : null
    }, {
      &quot;html&quot; : &quot;&lt;img height=\&quot;1\&quot; width=\&quot;1\&quot; style=\&quot;border-style:none;\&quot; alt=\&quot;\&quot; src=\&quot;/assets/demo-sites/mars/js/saved_resource\&quot;&gt;&quot;,
      &quot;target&quot; : [ &quot;div:nth-child(1) &gt; img[alt=\&quot;\&quot;][height=\&quot;1\&quot;][width=\&quot;1\&quot;]:nth-child(2)&quot; ],
      &quot;impact&quot; : null,
      &quot;any&quot; : [ ],
      &quot;all&quot; : [ {
        &quot;id&quot; : &quot;important-letter-spacing&quot;,
        &quot;impact&quot; : &quot;serious&quot;,
        &quot;message&quot; : &quot;Letter-spacing in the style attribute is not set to !important, or meets the minimum&quot;,
        &quot;data&quot; : null,
        &quot;relatedNodes&quot; : [ ]
      }, {
        &quot;id&quot; : &quot;important-word-spacing&quot;,
        &quot;impact&quot; : &quot;serious&quot;,
        &quot;message&quot; : &quot;word-spacing in the style attribute is not set to !important, or meets the minimum&quot;,
        &quot;data&quot; : null,
        &quot;relatedNodes&quot; : [ ]
      }, {
        &quot;id&quot; : &quot;important-line-height&quot;,
        &quot;impact&quot; : &quot;serious&quot;,
        &quot;message&quot; : &quot;line-height in the style attribute is not set to !important, or meets the minimum&quot;,
        &quot;data&quot; : null,
        &quot;relatedNodes&quot; : [ ]
      } ],
      &quot;none&quot; : [ ],
      &quot;failureSummary&quot; : null
    }, {
      &quot;html&quot; : &quot;&lt;div class=\&quot;loginnow\&quot; style=\&quot;display: inline;\&quot;&gt;&quot;,
      &quot;target&quot; : [ &quot;.loginnow&quot; ],
      &quot;impact&quot; : null,
      &quot;any&quot; : [ ],
      &quot;all&quot; : [ {
        &quot;id&quot; : &quot;important-letter-spacing&quot;,
        &quot;impact&quot; : &quot;serious&quot;,
        &quot;message&quot; : &quot;Letter-spacing in the style attribute is not set to !important, or meets the minimum&quot;,
        &quot;data&quot; : null,
        &quot;relatedNodes&quot; : [ ]
      }, {
        &quot;id&quot; : &quot;important-word-spacing&quot;,
        &quot;impact&quot; : &quot;serious&quot;,
        &quot;message&quot; : &quot;word-spacing in the style attribute is not set to !important, or meets the minimum&quot;,
        &quot;data&quot; : null,
        &quot;relatedNodes&quot; : [ ]
      }, {
        &quot;id&quot; : &quot;important-line-height&quot;,
        &quot;impact&quot; : &quot;serious&quot;,
        &quot;message&quot; : &quot;line-height in the style attribute is not set to !important, or meets the minimum&quot;,
        &quot;data&quot; : null,
        &quot;relatedNodes&quot; : [ ]
      } ],
      &quot;none&quot; : [ ],
      &quot;failureSummary&quot; : null
    }, {
      &quot;html&quot; : &quot;&lt;div class=\&quot;span7 pull-right\&quot; style=\&quot;display: inline;\&quot;&gt;&quot;,
      &quot;target&quot; : [ &quot;.loginnow &gt; .container-fluid-full &gt; .container &gt; .span7.pull-right&quot; ],
      &quot;impact&quot; : null,
      &quot;any&quot; : [ ],
      &quot;all&quot; : [ {
        &quot;id&quot; : &quot;important-letter-spacing&quot;,
        &quot;impact&quot; : &quot;serious&quot;,
        &quot;message&quot; : &quot;Letter-spacing in the style attribute is not set to !important, or meets the minimum&quot;,
        &quot;data&quot; : null,
        &quot;relatedNodes&quot; : [ ]
      }, {
        &quot;id&quot; : &quot;important-word-spacing&quot;,
        &quot;impact&quot; : &quot;serious&quot;,
        &quot;message&quot; : &quot;word-spacing in the style attribute is not set to !important, or meets the minimum&quot;,
        &quot;data&quot; : null,
        &quot;relatedNodes&quot; : [ ]
      }, {
        &quot;id&quot; : &quot;important-line-height&quot;,
        &quot;impact&quot; : &quot;serious&quot;,
        &quot;message&quot; : &quot;line-height in the style attribute is not set to !important, or meets the minimum&quot;,
        &quot;data&quot; : null,
        &quot;relatedNodes&quot; : [ ]
      } ],
      &quot;none&quot; : [ ],
      &quot;failureSummary&quot; : null
    }, {
      &quot;html&quot; : &quot;&lt;nav id=\&quot;right-control-nav\&quot; class=\&quot;pull-right\&quot; style=\&quot;display: inline;\&quot;&gt;&quot;,
      &quot;target&quot; : [ &quot;.loginnow &gt; .container-fluid-full &gt; .container &gt; .span7.pull-right &gt; .pull-right&quot; ],
      &quot;impact&quot; : null,
      &quot;any&quot; : [ ],
      &quot;all&quot; : [ {
        &quot;id&quot; : &quot;important-letter-spacing&quot;,
        &quot;impact&quot; : &quot;serious&quot;,
        &quot;message&quot; : &quot;Letter-spacing in the style attribute is not set to !important, or meets the minimum&quot;,
        &quot;data&quot; : null,
        &quot;relatedNodes&quot; : [ ]
      }, {
        &quot;id&quot; : &quot;important-word-spacing&quot;,
        &quot;impact&quot; : &quot;serious&quot;,
        &quot;message&quot; : &quot;word-spacing in the style attribute is not set to !important, or meets the minimum&quot;,
        &quot;data&quot; : null,
        &quot;relatedNodes&quot; : [ ]
      }, {
        &quot;id&quot; : &quot;important-line-height&quot;,
        &quot;impact&quot; : &quot;serious&quot;,
        &quot;message&quot; : &quot;line-height in the style attribute is not set to !important, or meets the minimum&quot;,
        &quot;data&quot; : null,
        &quot;relatedNodes&quot; : [ ]
      } ],
      &quot;none&quot; : [ ],
      &quot;failureSummary&quot; : null
    }, {
      &quot;html&quot; : &quot;&lt;h1 style=\&quot;color:#eee;\&quot;&gt;Destination Mars &lt;/h1&gt;&quot;,
      &quot;target&quot; : [ &quot;h1&quot; ],
      &quot;impact&quot; : null,
      &quot;any&quot; : [ ],
      &quot;all&quot; : [ {
        &quot;id&quot; : &quot;important-letter-spacing&quot;,
        &quot;impact&quot; : &quot;serious&quot;,
        &quot;message&quot; : &quot;Letter-spacing in the style attribute is not set to !important, or meets the minimum&quot;,
        &quot;data&quot; : null,
        &quot;relatedNodes&quot; : [ ]
      }, {
        &quot;id&quot; : &quot;important-word-spacing&quot;,
        &quot;impact&quot; : &quot;serious&quot;,
        &quot;message&quot; : &quot;word-spacing in the style attribute is not set to !important, or meets the minimum&quot;,
        &quot;data&quot; : null,
        &quot;relatedNodes&quot; : [ ]
      }, {
        &quot;id&quot; : &quot;important-line-height&quot;,
        &quot;impact&quot; : &quot;serious&quot;,
        &quot;message&quot; : &quot;line-height in the style attribute is not set to !important, or meets the minimum&quot;,
        &quot;data&quot; : null,
        &quot;relatedNodes&quot; : [ ]
      } ],
      &quot;none&quot; : [ ],
      &quot;failureSummary&quot; : null
    }, {
      &quot;html&quot; : &quot;&lt;h2 style=\&quot;color:#acbad0;\&quot;&gt;A trip to Mars starts in your imagination. Are you bold enough, brave enough, &lt;strong&gt;foolish enough?&lt;/strong&gt; We are. You belong on Mars with fools like us. Most of us don&#039;t bite. Much.&lt;/h2&gt;&quot;,
      &quot;target&quot; : [ &quot;h2&quot; ],
      &quot;impact&quot; : null,
      &quot;any&quot; : [ ],
      &quot;all&quot; : [ {
        &quot;id&quot; : &quot;important-letter-spacing&quot;,
        &quot;impact&quot; : &quot;serious&quot;,
        &quot;message&quot; : &quot;Letter-spacing in the style attribute is not set to !important, or meets the minimum&quot;,
        &quot;data&quot; : null,
        &quot;relatedNodes&quot; : [ ]
      }, {
        &quot;id&quot; : &quot;important-word-spacing&quot;,
        &quot;impact&quot; : &quot;serious&quot;,
        &quot;message&quot; : &quot;word-spacing in the style attribute is not set to !important, or meets the minimum&quot;,
        &quot;data&quot; : null,
        &quot;relatedNodes&quot; : [ ]
      }, {
        &quot;id&quot; : &quot;important-line-height&quot;,
        &quot;impact&quot; : &quot;serious&quot;,
        &quot;message&quot; : &quot;line-height in the style attribute is not set to !important, or meets the minimum&quot;,
        &quot;data&quot; : null,
        &quot;relatedNodes&quot; : [ ]
      } ],
      &quot;none&quot; : [ ],
      &quot;failureSummary&quot; : null
    }, {
      &quot;html&quot; : &quot;&lt;div class=\&quot;carousel\&quot; style=\&quot;visibility: visible; overflow: hidden; position: relative; z-index: 2; left: 0px; height: 420px;\&quot;&gt;&quot;,
      &quot;target&quot; : [ &quot;.carousel&quot; ],
      &quot;impact&quot; : null,
      &quot;any&quot; : [ ],
      &quot;all&quot; : [ {
        &quot;id&quot; : &quot;important-letter-spacing&quot;,
        &quot;impact&quot; : &quot;serious&quot;,
        &quot;message&quot; : &quot;Letter-spacing in the style attribute is not set to !important, or meets the minimum&quot;,
        &quot;data&quot; : null,
        &quot;relatedNodes&quot; : [ ]
      }, {
        &quot;id&quot; : &quot;important-word-spacing&quot;,
        &quot;impact&quot; : &quot;serious&quot;,
        &quot;message&quot; : &quot;word-spacing in the style attribute is not set to !important, or meets the minimum&quot;,
        &quot;data&quot; : null,
        &quot;relatedNodes&quot; : [ ]
      }, {
        &quot;id&quot; : &quot;important-line-height&quot;,
        &quot;impact&quot; : &quot;serious&quot;,
        &quot;message&quot; : &quot;line-height in the style attribute is not set to !important, or meets the minimum&quot;,
        &quot;data&quot; : null,
        &quot;relatedNodes&quot; : [ ]
      } ],
      &quot;none&quot; : [ ],
      &quot;failureSummary&quot; : null
    }, {
      &quot;html&quot; : &quot;&lt;ul style=\&quot;margin: 0px; padding: 0px; position: relative; list-style-type: none; z-index: 1; height: 2800px; top: -420px;\&quot;&gt;&quot;,
      &quot;target&quot; : [ &quot;.carousel &gt; ul&quot; ],
      &quot;impact&quot; : null,
      &quot;any&quot; : [ ],
      &quot;all&quot; : [ {
        &quot;id&quot; : &quot;important-letter-spacing&quot;,
        &quot;impact&quot; : &quot;serious&quot;,
        &quot;message&quot; : &quot;Letter-spacing in the style attribute is not set to !important, or meets the minimum&quot;,
        &quot;data&quot; : null,
        &quot;relatedNodes&quot; : [ ]
      }, {
        &quot;id&quot; : &quot;important-word-spacing&quot;,
        &quot;impact&quot; : &quot;serious&quot;,
        &quot;message&quot; : &quot;word-spacing in the style attribute is not set to !important, or meets the minimum&quot;,
        &quot;data&quot; : null,
        &quot;relatedNodes&quot; : [ ]
      }, {
        &quot;id&quot; : &quot;important-line-height&quot;,
        &quot;impact&quot; : &quot;serious&quot;,
        &quot;message&quot; : &quot;line-height in the style attribute is not set to !important, or meets the minimum&quot;,
        &quot;data&quot; : null,
        &quot;relatedNodes&quot; : [ ]
      } ],
      &quot;none&quot; : [ ],
      &quot;failureSummary&quot; : null
    }, {
      &quot;html&quot; : &quot;&lt;li style=\&quot;overflow: hidden; float: none; width: 526px; height: 120px;\&quot;&gt;&quot;,
      &quot;target&quot; : [ &quot;.carousel &gt; ul &gt; li:nth-child(4)&quot; ],
      &quot;impact&quot; : null,
      &quot;any&quot; : [ ],
      &quot;all&quot; : [ {
        &quot;id&quot; : &quot;important-letter-spacing&quot;,
        &quot;impact&quot; : &quot;serious&quot;,
        &quot;message&quot; : &quot;Letter-spacing in the style attribute is not set to !important, or meets the minimum&quot;,
        &quot;data&quot; : null,
        &quot;relatedNodes&quot; : [ ]
      }, {
        &quot;id&quot; : &quot;important-word-spacing&quot;,
        &quot;impact&quot; : &quot;serious&quot;,
        &quot;message&quot; : &quot;word-spacing in the style attribute is not set to !important, or meets the minimum&quot;,
        &quot;data&quot; : null,
        &quot;relatedNodes&quot; : [ ]
      }, {
        &quot;id&quot; : &quot;important-line-height&quot;,
        &quot;impact&quot; : &quot;serious&quot;,
        &quot;message&quot; : &quot;line-height in the style attribute is not set to !important, or meets the minimum&quot;,
        &quot;data&quot; : null,
        &quot;relatedNodes&quot; : [ ]
      } ],
      &quot;none&quot; : [ ],
      &quot;failureSummary&quot; : null
    }, {
      &quot;html&quot; : &quot;&lt;li style=\&quot;overflow: hidden; float: none; width: 526px; height: 120px;\&quot;&gt;&quot;,
      &quot;target&quot; : [ &quot;.carousel &gt; ul &gt; li:nth-child(5)&quot; ],
      &quot;impact&quot; : null,
      &quot;any&quot; : [ ],
      &quot;all&quot; : [ {
        &quot;id&quot; : &quot;important-letter-spacing&quot;,
        &quot;impact&quot; : &quot;serious&quot;,
        &quot;message&quot; : &quot;Letter-spacing in the style attribute is not set to !important, or meets the minimum&quot;,
        &quot;data&quot; : null,
        &quot;relatedNodes&quot; : [ ]
      }, {
        &quot;id&quot; : &quot;important-word-spacing&quot;,
        &quot;impact&quot; : &quot;serious&quot;,
        &quot;message&quot; : &quot;word-spacing in the style attribute is not set to !important, or meets the minimum&quot;,
        &quot;data&quot; : null,
        &quot;relatedNodes&quot; : [ ]
      }, {
        &quot;id&quot; : &quot;important-line-height&quot;,
        &quot;impact&quot; : &quot;serious&quot;,
        &quot;message&quot; : &quot;line-height in the style attribute is not set to !important, or meets the minimum&quot;,
        &quot;data&quot; : null,
        &quot;relatedNodes&quot; : [ ]
      } ],
      &quot;none&quot; : [ ],
      &quot;failureSummary&quot; : null
    }, {
      &quot;html&quot; : &quot;&lt;li style=\&quot;overflow: hidden; float: none; width: 526px; height: 120px;\&quot;&gt;&quot;,
      &quot;target&quot; : [ &quot;.carousel &gt; ul &gt; li:nth-child(6)&quot; ],
      &quot;impact&quot; : null,
      &quot;any&quot; : [ ],
      &quot;all&quot; : [ {
        &quot;id&quot; : &quot;important-letter-spacing&quot;,
        &quot;impact&quot; : &quot;serious&quot;,
        &quot;message&quot; : &quot;Letter-spacing in the style attribute is not set to !important, or meets the minimum&quot;,
        &quot;data&quot; : null,
        &quot;relatedNodes&quot; : [ ]
      }, {
        &quot;id&quot; : &quot;important-word-spacing&quot;,
        &quot;impact&quot; : &quot;serious&quot;,
        &quot;message&quot; : &quot;word-spacing in the style attribute is not set to !important, or meets the minimum&quot;,
        &quot;data&quot; : null,
        &quot;relatedNodes&quot; : [ ]
      }, {
        &quot;id&quot; : &quot;important-line-height&quot;,
        &quot;impact&quot; : &quot;serious&quot;,
        &quot;message&quot; : &quot;line-height in the style attribute is not set to !important, or meets the minimum&quot;,
        &quot;data&quot; : null,
        &quot;relatedNodes&quot; : [ ]
      } ],
      &quot;none&quot; : [ ],
      &quot;failureSummary&quot; : null
    }, {
      &quot;html&quot; : &quot;&lt;div id=\&quot;booking-box\&quot; class=\&quot;w-b-box\&quot; style=\&quot;display: block;\&quot;&gt;&quot;,
      &quot;target&quot; : [ &quot;#booking-box&quot; ],
      &quot;impact&quot; : null,
      &quot;any&quot; : [ ],
      &quot;all&quot; : [ {
        &quot;id&quot; : &quot;important-letter-spacing&quot;,
        &quot;impact&quot; : &quot;serious&quot;,
        &quot;message&quot; : &quot;Letter-spacing in the style attribute is not set to !important, or meets the minimum&quot;,
        &quot;data&quot; : null,
        &quot;relatedNodes&quot; : [ ]
      }, {
        &quot;id&quot; : &quot;important-word-spacing&quot;,
        &quot;impact&quot; : &quot;serious&quot;,
        &quot;message&quot; : &quot;word-spacing in the style attribute is not set to !important, or meets the minimum&quot;,
        &quot;data&quot; : null,
        &quot;relatedNodes&quot; : [ ]
      }, {
        &quot;id&quot; : &quot;important-line-height&quot;,
        &quot;impact&quot; : &quot;serious&quot;,
        &quot;message&quot; : &quot;line-height in the style attribute is not set to !important, or meets the minimum&quot;,
        &quot;data&quot; : null,
        &quot;relatedNodes&quot; : [ ]
      } ],
      &quot;none&quot; : [ ],
      &quot;failureSummary&quot; : null
    }, {
      &quot;html&quot; : &quot;&lt;div id=\&quot;bottom-bg\&quot; style=\&quot;\&quot;&gt;&quot;,
      &quot;target&quot; : [ &quot;#bottom-bg&quot; ],
      &quot;impact&quot; : null,
      &quot;any&quot; : [ ],
      &quot;all&quot; : [ {
        &quot;id&quot; : &quot;important-letter-spacing&quot;,
        &quot;impact&quot; : &quot;serious&quot;,
        &quot;message&quot; : &quot;Letter-spacing in the style attribute is not set to !important, or meets the minimum&quot;,
        &quot;data&quot; : null,
        &quot;relatedNodes&quot; : [ ]
      }, {
        &quot;id&quot; : &quot;important-word-spacing&quot;,
        &quot;impact&quot; : &quot;serious&quot;,
        &quot;message&quot; : &quot;word-spacing in the style attribute is not set to !important, or meets the minimum&quot;,
        &quot;data&quot; : null,
        &quot;relatedNodes&quot; : [ ]
      }, {
        &quot;id&quot; : &quot;important-line-height&quot;,
        &quot;impact&quot; : &quot;serious&quot;,
        &quot;message&quot; : &quot;line-height in the style attribute is not set to !important, or meets the minimum&quot;,
        &quot;data&quot; : null,
        &quot;relatedNodes&quot; : [ ]
      } ],
      &quot;none&quot; : [ ],
      &quot;failureSummary&quot; : null
    }, {
      &quot;html&quot; : &quot;&lt;span style=\&quot;height: 62px; width: 292px;\&quot;&gt;&lt;iframe id=\&quot;fafbba78\&quot; name=\&quot;f2bc5e72d\&quot; scrolling=\&quot;no\&quot; style=\&quot;border: none; overflow: hidden; height: 62px; width: 292px;\&quot; class=\&quot;fb_ltr\&quot; src=\&quot;/assets/demo-sites/mars/js/likebox.html\&quot;&gt;&lt;/iframe&gt;&lt;/span&gt;&quot;,
      &quot;target&quot; : [ &quot;.fb-like-box &gt; span&quot; ],
      &quot;impact&quot; : null,
      &quot;any&quot; : [ ],
      &quot;all&quot; : [ {
        &quot;id&quot; : &quot;important-letter-spacing&quot;,
        &quot;impact&quot; : &quot;serious&quot;,
        &quot;message&quot; : &quot;Letter-spacing in the style attribute is not set to !important, or meets the minimum&quot;,
        &quot;data&quot; : null,
        &quot;relatedNodes&quot; : [ ]
      }, {
        &quot;id&quot; : &quot;important-word-spacing&quot;,
        &quot;impact&quot; : &quot;serious&quot;,
        &quot;message&quot; : &quot;word-spacing in the style attribute is not set to !important, or meets the minimum&quot;,
        &quot;data&quot; : null,
        &quot;relatedNodes&quot; : [ ]
      }, {
        &quot;id&quot; : &quot;important-line-height&quot;,
        &quot;impact&quot; : &quot;serious&quot;,
        &quot;message&quot; : &quot;line-height in the style attribute is not set to !important, or meets the minimum&quot;,
        &quot;data&quot; : null,
        &quot;relatedNodes&quot; : [ ]
      } ],
      &quot;none&quot; : [ ],
      &quot;failureSummary&quot; : null
    }, {
      &quot;html&quot; : &quot;&lt;iframe id=\&quot;fafbba78\&quot; name=\&quot;f2bc5e72d\&quot; scrolling=\&quot;no\&quot; style=\&quot;border: none; overflow: hidden; height: 62px; width: 292px;\&quot; class=\&quot;fb_ltr\&quot; src=\&quot;/assets/demo-sites/mars/js/likebox.html\&quot;&gt;&lt;/iframe&gt;&quot;,
      &quot;target&quot; : [ &quot;#fafbba78&quot; ],
      &quot;impact&quot; : null,
      &quot;any&quot; : [ ],
      &quot;all&quot; : [ {
        &quot;id&quot; : &quot;important-letter-spacing&quot;,
        &quot;impact&quot; : &quot;serious&quot;,
        &quot;message&quot; : &quot;Letter-spacing in the style attribute is not set to !important, or meets the minimum&quot;,
        &quot;data&quot; : null,
        &quot;relatedNodes&quot; : [ ]
      }, {
        &quot;id&quot; : &quot;important-word-spacing&quot;,
        &quot;impact&quot; : &quot;serious&quot;,
        &quot;message&quot; : &quot;word-spacing in the style attribute is not set to !important, or meets the minimum&quot;,
        &quot;data&quot; : null,
        &quot;relatedNodes&quot; : [ ]
      }, {
        &quot;id&quot; : &quot;important-line-height&quot;,
        &quot;impact&quot; : &quot;serious&quot;,
        &quot;message&quot; : &quot;line-height in the style attribute is not set to !important, or meets the minimum&quot;,
        &quot;data&quot; : null,
        &quot;relatedNodes&quot; : [ ]
      } ],
      &quot;none&quot; : [ ],
      &quot;failureSummary&quot; : null
    }, {
      &quot;html&quot; : &quot;&lt;div class=\&quot;clearfix pam\&quot; style=\&quot;height: 68px\&quot;&gt;&quot;,
      &quot;target&quot; : [ &quot;#fafbba78&quot;, &quot;.clearfix&quot; ],
      &quot;impact&quot; : null,
      &quot;any&quot; : [ ],
      &quot;all&quot; : [ {
        &quot;id&quot; : &quot;important-letter-spacing&quot;,
        &quot;impact&quot; : &quot;serious&quot;,
        &quot;message&quot; : &quot;Letter-spacing in the style attribute is not set to !important, or meets the minimum&quot;,
        &quot;data&quot; : null,
        &quot;relatedNodes&quot; : [ ]
      }, {
        &quot;id&quot; : &quot;important-word-spacing&quot;,
        &quot;impact&quot; : &quot;serious&quot;,
        &quot;message&quot; : &quot;word-spacing in the style attribute is not set to !important, or meets the minimum&quot;,
        &quot;data&quot; : null,
        &quot;relatedNodes&quot; : [ ]
      }, {
        &quot;id&quot; : &quot;important-line-height&quot;,
        &quot;impact&quot; : &quot;serious&quot;,
        &quot;message&quot; : &quot;line-height in the style attribute is not set to !important, or meets the minimum&quot;,
        &quot;data&quot; : null,
        &quot;relatedNodes&quot; : [ ]
      } ],
      &quot;none&quot; : [ ],
      &quot;failureSummary&quot; : null
    }, {
      &quot;html&quot; : &quot;&lt;iframe allowtransparency=\&quot;true\&quot; frameborder=\&quot;0\&quot; scrolling=\&quot;no\&quot; src=\&quot;/assets/demo-sites/mars/js/follow_button.1363148939.html\&quot; class=\&quot;twitter-follow-button twitter-follow-button\&quot; style=\&quot;width: 154px; height: 28px;\&quot; title=\&quot;Twitter Follow Button\&quot; data-twttr-rendered=\&quot;true\&quot;&gt;&lt;/iframe&gt;&quot;,
      &quot;target&quot; : [ &quot;.twitter-follow-button&quot; ],
      &quot;impact&quot; : null,
      &quot;any&quot; : [ ],
      &quot;all&quot; : [ {
        &quot;id&quot; : &quot;important-letter-spacing&quot;,
        &quot;impact&quot; : &quot;serious&quot;,
        &quot;message&quot; : &quot;Letter-spacing in the style attribute is not set to !important, or meets the minimum&quot;,
        &quot;data&quot; : null,
        &quot;relatedNodes&quot; : [ ]
      }, {
        &quot;id&quot; : &quot;important-word-spacing&quot;,
        &quot;impact&quot; : &quot;serious&quot;,
        &quot;message&quot; : &quot;word-spacing in the style attribute is not set to !important, or meets the minimum&quot;,
        &quot;data&quot; : null,
        &quot;relatedNodes&quot; : [ ]
      }, {
        &quot;id&quot; : &quot;important-line-height&quot;,
        &quot;impact&quot; : &quot;serious&quot;,
        &quot;message&quot; : &quot;line-height in the style attribute is not set to !important, or meets the minimum&quot;,
        &quot;data&quot; : null,
        &quot;relatedNodes&quot; : [ ]
      } ],
      &quot;none&quot; : [ ],
      &quot;failureSummary&quot; : null
    }, {
      &quot;html&quot; : &quot;&lt;a href=\&quot;mars2.html?a=marscommuter\&quot; rel=\&quot;author\&quot; style=\&quot;text-decoration:none;display:inline-block;color:#333;text-align:center; font:12px/13px arial,sans-serif;white-space:nowrap;\&quot; target=\&quot;_blank\&quot;&gt;&quot;,
      &quot;target&quot; : [ &quot;a[href=\&quot;mars2.html?a=marscommuter\&quot;]&quot; ],
      &quot;impact&quot; : null,
      &quot;any&quot; : [ ],
      &quot;all&quot; : [ {
        &quot;id&quot; : &quot;important-letter-spacing&quot;,
        &quot;impact&quot; : &quot;serious&quot;,
        &quot;message&quot; : &quot;Letter-spacing in the style attribute is not set to !important, or meets the minimum&quot;,
        &quot;data&quot; : null,
        &quot;relatedNodes&quot; : [ ]
      }, {
        &quot;id&quot; : &quot;important-word-spacing&quot;,
        &quot;impact&quot; : &quot;serious&quot;,
        &quot;message&quot; : &quot;word-spacing in the style attribute is not set to !important, or meets the minimum&quot;,
        &quot;data&quot; : null,
        &quot;relatedNodes&quot; : [ ]
      }, {
        &quot;id&quot; : &quot;important-line-height&quot;,
        &quot;impact&quot; : &quot;serious&quot;,
        &quot;message&quot; : &quot;line-height in the style attribute is not set to !important, or meets the minimum&quot;,
        &quot;data&quot; : null,
        &quot;relatedNodes&quot; : [ ]
      } ],
      &quot;none&quot; : [ ],
      &quot;failureSummary&quot; : null
    }, {
      &quot;html&quot; : &quot;&lt;div style=\&quot;display:inline-block;font-weight:bold;vertical-align:top;margin-right:5px; margin-top:8px;\&quot;&gt;MarsCommuter&lt;/div&gt;&quot;,
      &quot;target&quot; : [ &quot;a[href=\&quot;mars2.html?a=marscommuter\&quot;] &gt; div:nth-child(1)&quot; ],
      &quot;impact&quot; : null,
      &quot;any&quot; : [ ],
      &quot;all&quot; : [ {
        &quot;id&quot; : &quot;important-letter-spacing&quot;,
        &quot;impact&quot; : &quot;serious&quot;,
        &quot;message&quot; : &quot;Letter-spacing in the style attribute is not set to !important, or meets the minimum&quot;,
        &quot;data&quot; : null,
        &quot;relatedNodes&quot; : [ ]
      }, {
        &quot;id&quot; : &quot;important-word-spacing&quot;,
        &quot;impact&quot; : &quot;serious&quot;,
        &quot;message&quot; : &quot;word-spacing in the style attribute is not set to !important, or meets the minimum&quot;,
        &quot;data&quot; : null,
        &quot;relatedNodes&quot; : [ ]
      }, {
        &quot;id&quot; : &quot;important-line-height&quot;,
        &quot;impact&quot; : &quot;serious&quot;,
        &quot;message&quot; : &quot;line-height in the style attribute is not set to !important, or meets the minimum&quot;,
        &quot;data&quot; : null,
        &quot;relatedNodes&quot; : [ ]
      } ],
      &quot;none&quot; : [ ],
      &quot;failureSummary&quot; : null
    }, {
      &quot;html&quot; : &quot;&lt;div style=\&quot;display:inline-block;vertical-align:top;margin-right:0; margin-top:8px;\&quot;&gt;&amp;nbsp;&lt;/div&gt;&quot;,
      &quot;target&quot; : [ &quot;a[href=\&quot;mars2.html?a=marscommuter\&quot;] &gt; div:nth-child(2)&quot; ],
      &quot;impact&quot; : null,
      &quot;any&quot; : [ ],
      &quot;all&quot; : [ {
        &quot;id&quot; : &quot;important-letter-spacing&quot;,
        &quot;impact&quot; : &quot;serious&quot;,
        &quot;message&quot; : &quot;Letter-spacing in the style attribute is not set to !important, or meets the minimum&quot;,
        &quot;data&quot; : null,
        &quot;relatedNodes&quot; : [ ]
      }, {
        &quot;id&quot; : &quot;important-word-spacing&quot;,
        &quot;impact&quot; : &quot;serious&quot;,
        &quot;message&quot; : &quot;word-spacing in the style attribute is not set to !important, or meets the minimum&quot;,
        &quot;data&quot; : null,
        &quot;relatedNodes&quot; : [ ]
      }, {
        &quot;id&quot; : &quot;important-line-height&quot;,
        &quot;impact&quot; : &quot;serious&quot;,
        &quot;message&quot; : &quot;line-height in the style attribute is not set to !important, or meets the minimum&quot;,
        &quot;data&quot; : null,
        &quot;relatedNodes&quot; : [ ]
      } ],
      &quot;none&quot; : [ ],
      &quot;failureSummary&quot; : null
    }, {
      &quot;html&quot; : &quot;&lt;img src=\&quot;/assets/demo-sites/mars/images/gplus-32.png\&quot; alt=\&quot;Google+\&quot; style=\&quot;border:0;width:32px;height:32px;\&quot;&gt;&quot;,
      &quot;target&quot; : [ &quot;img[alt=\&quot;Google+\&quot;]&quot; ],
      &quot;impact&quot; : null,
      &quot;any&quot; : [ ],
      &quot;all&quot; : [ {
        &quot;id&quot; : &quot;important-letter-spacing&quot;,
        &quot;impact&quot; : &quot;serious&quot;,
        &quot;message&quot; : &quot;Letter-spacing in the style attribute is not set to !important, or meets the minimum&quot;,
        &quot;data&quot; : null,
        &quot;relatedNodes&quot; : [ ]
      }, {
        &quot;id&quot; : &quot;important-word-spacing&quot;,
        &quot;impact&quot; : &quot;serious&quot;,
        &quot;message&quot; : &quot;word-spacing in the style attribute is not set to !important, or meets the minimum&quot;,
        &quot;data&quot; : null,
        &quot;relatedNodes&quot; : [ ]
      }, {
        &quot;id&quot; : &quot;important-line-height&quot;,
        &quot;impact&quot; : &quot;serious&quot;,
        &quot;message&quot; : &quot;line-height in the style attribute is not set to !important, or meets the minimum&quot;,
        &quot;data&quot; : null,
        &quot;relatedNodes&quot; : [ ]
      } ],
      &quot;none&quot; : [ ],
      &quot;failureSummary&quot; : null
    } ],
    &quot;url&quot; : null,
    &quot;createdDate&quot; : null
  }, {
    &quot;id&quot; : &quot;button-name&quot;,
    &quot;description&quot; : &quot;Ensures buttons have discernible text&quot;,
    &quot;help&quot; : &quot;Buttons must have discernible text&quot;,
    &quot;helpUrl&quot; : &quot;https://dequeuniversity.com/rules/axe/4.6/button-name?application=axeAPI&quot;,
    &quot;impact&quot; : &quot;critical&quot;,
    &quot;tags&quot; : [ &quot;cat.name-role-value&quot;, &quot;wcag2a&quot;, &quot;wcag412&quot;, &quot;section508&quot;, &quot;section508.22.a&quot;, &quot;ACT&quot; ],
    &quot;nodes&quot; : [ {
      &quot;html&quot; : &quot;&lt;button type=\&quot;button\&quot; class=\&quot;ui-datepicker-trigger\&quot;&gt;&lt;img src=\&quot;/assets/demo-sites/mars/images/calendar.png\&quot; alt=\&quot;...\&quot; title=\&quot;...\&quot;&gt;&lt;/button&gt;&quot;,
      &quot;target&quot; : [ &quot;.departure-date &gt; .ui-datepicker-trigger:nth-child(3)&quot; ],
      &quot;impact&quot; : null,
      &quot;any&quot; : [ {
        &quot;id&quot; : &quot;button-has-visible-text&quot;,
        &quot;impact&quot; : &quot;critical&quot;,
        &quot;message&quot; : &quot;Element has inner text that is visible to screen readers&quot;,
        &quot;data&quot; : null,
        &quot;relatedNodes&quot; : [ ]
      } ],
      &quot;all&quot; : [ ],
      &quot;none&quot; : [ ],
      &quot;failureSummary&quot; : null
    }, {
      &quot;html&quot; : &quot;&lt;button class=\&quot;ytp-button ytp-overflow-button ytp-overflow-button-visible\&quot; title=\&quot;More\&quot; aria-haspopup=\&quot;true\&quot; aria-owns=\&quot;ytp-id-31\&quot; aria-label=\&quot;More\&quot;&gt;&quot;,
      &quot;target&quot; : [ &quot;#player&quot;, &quot;.ytp-overflow-button&quot; ],
      &quot;impact&quot; : null,
      &quot;any&quot; : [ {
        &quot;id&quot; : &quot;aria-label&quot;,
        &quot;impact&quot; : &quot;serious&quot;,
        &quot;message&quot; : &quot;aria-label attribute exists and is not empty&quot;,
        &quot;data&quot; : null,
        &quot;relatedNodes&quot; : [ ]
      }, {
        &quot;id&quot; : &quot;non-empty-title&quot;,
        &quot;impact&quot; : &quot;serious&quot;,
        &quot;message&quot; : &quot;Element has a title attribute&quot;,
        &quot;data&quot; : null,
        &quot;relatedNodes&quot; : [ ]
      } ],
      &quot;all&quot; : [ ],
      &quot;none&quot; : [ ],
      &quot;failureSummary&quot; : null
    }, {
      &quot;html&quot; : &quot;&lt;button class=\&quot;ytp-large-play-button ytp-button ytp-large-play-button-red-bg\&quot; aria-label=\&quot;Play\&quot;&gt;&quot;,
      &quot;target&quot; : [ &quot;#player&quot;, &quot;.ytp-large-play-button&quot; ],
      &quot;impact&quot; : null,
      &quot;any&quot; : [ {
        &quot;id&quot; : &quot;aria-label&quot;,
        &quot;impact&quot; : &quot;serious&quot;,
        &quot;message&quot; : &quot;aria-label attribute exists and is not empty&quot;,
        &quot;data&quot; : null,
        &quot;relatedNodes&quot; : [ ]
      } ],
      &quot;all&quot; : [ ],
      &quot;none&quot; : [ ],
      &quot;failureSummary&quot; : null
    }, {
      &quot;html&quot; : &quot;&lt;button type=\&quot;submit\&quot;&gt;&lt;i class=\&quot;pluginButtonIcon img sp_like sx_like_thumb\&quot;&gt;&lt;/i&gt;Like&lt;/button&gt;&quot;,
      &quot;target&quot; : [ &quot;#fafbba78&quot;, &quot;.pluginConnectButtonDisconnected &gt; div &gt; button&quot; ],
      &quot;impact&quot; : null,
      &quot;any&quot; : [ {
        &quot;id&quot; : &quot;button-has-visible-text&quot;,
        &quot;impact&quot; : &quot;critical&quot;,
        &quot;message&quot; : &quot;Element has inner text that is visible to screen readers&quot;,
        &quot;data&quot; : null,
        &quot;relatedNodes&quot; : [ ]
      } ],
      &quot;all&quot; : [ ],
      &quot;none&quot; : [ ],
      &quot;failureSummary&quot; : null
    } ],
    &quot;url&quot; : null,
    &quot;createdDate&quot; : null
  }, {
    &quot;id&quot; : &quot;bypass&quot;,
    &quot;description&quot; : &quot;Ensures each page has at least one mechanism for a user to bypass navigation and jump straight to the content&quot;,
    &quot;help&quot; : &quot;Page must have means to bypass repeated blocks&quot;,
    &quot;helpUrl&quot; : &quot;https://dequeuniversity.com/rules/axe/4.6/bypass?application=axeAPI&quot;,
    &quot;impact&quot; : &quot;&quot;,
    &quot;tags&quot; : [ &quot;cat.keyboard&quot;, &quot;wcag2a&quot;, &quot;wcag241&quot;, &quot;section508&quot;, &quot;section508.22.o&quot; ],
    &quot;nodes&quot; : [ {
      &quot;html&quot; : &quot;&lt;html class=\&quot; js no-flexbox flexbox-legacy canvas canvastext webgl no-touch geolocation postmessage websqldatabase indexeddb hashchange history draganddrop websockets rgba hsla multiplebgs backgroundsize borderimage borderradius boxshadow textshadow opacity cssanimations csscolumns cssgradients cssreflections csstransforms csstransforms3d csstransitions fontface generatedcontent video audio localstorage sessionstorage webworkers applicationcache svg inlinesvg smil svgclippaths js no-flexbox flexbox-legacy canvas canvastext webgl no-touch geolocation postmessage websqldatabase indexeddb hashchange history draganddrop websockets rgba hsla multiplebgs backgroundsize borderimage borderradius boxshadow textshadow opacity cssanimations csscolumns cssgradients cssreflections csstransforms csstransforms3d csstransitions fontface generatedcontent video audio localstorage sessionstorage webworkers no-applicationcache svg inlinesvg smil svgclippaths\&quot;&gt;&quot;,
      &quot;target&quot; : [ &quot;html&quot; ],
      &quot;impact&quot; : null,
      &quot;any&quot; : [ {
        &quot;id&quot; : &quot;header-present&quot;,
        &quot;impact&quot; : &quot;serious&quot;,
        &quot;message&quot; : &quot;Page has a heading&quot;,
        &quot;data&quot; : null,
        &quot;relatedNodes&quot; : [ {
          &quot;html&quot; : &quot;&lt;h1 style=\&quot;color:#eee;\&quot;&gt;Destination Mars &lt;/h1&gt;&quot;,
          &quot;target&quot; : [ &quot;h1&quot; ]
        }, {
          &quot;html&quot; : &quot;&lt;h2 style=\&quot;color:#acbad0;\&quot;&gt;A trip to Mars starts in your imagination. Are you bold enough, brave enough, &lt;strong&gt;foolish enough?&lt;/strong&gt; We are. You belong on Mars with fools like us. Most of us don&#039;t bite. Much.&lt;/h2&gt;&quot;,
          &quot;target&quot; : [ &quot;h2&quot; ]
        }, {
          &quot;html&quot; : &quot;&lt;h3&gt;Be Bold...&lt;/h3&gt;&quot;,
          &quot;target&quot; : [ &quot;a[href=\&quot;mars2.html?a=be_bold\&quot;] &gt; h3&quot; ]
        }, {
          &quot;html&quot; : &quot;&lt;h3&gt;Countdown...&lt;/h3&gt;&quot;,
          &quot;target&quot; : [ &quot;a[href=\&quot;mars2.html?a=countdown\&quot;] &gt; h3&quot; ]
        }, {
          &quot;html&quot; : &quot;&lt;h3&gt;Blast Off!&lt;/h3&gt;&quot;,
          &quot;target&quot; : [ &quot;a[href=\&quot;mars2.html?a=blast_off\&quot;] &gt; h3&quot; ]
        }, {
          &quot;html&quot; : &quot;&lt;h3&gt;\n            &lt;a class=\&quot;\&quot; href=\&quot;mars2.html?a=crater_adventure\&quot;&gt;10% off Crater Adventure&lt;/a&gt;&lt;/h3&gt;&quot;,
          &quot;target&quot; : [ &quot;li:nth-child(1) &gt; .deal-text &gt; h3&quot; ]
        }, {
          &quot;html&quot; : &quot;&lt;h3&gt;\n            &lt;a class=\&quot;\&quot; href=\&quot;mars2.html?a=ice_cream\&quot;&gt;Free Astronaut Ice Cream&lt;/a&gt;&lt;/h3&gt;&quot;,
          &quot;target&quot; : [ &quot;li:nth-child(2) &gt; .deal-text &gt; h3&quot; ]
        }, {
          &quot;html&quot; : &quot;&lt;h3&gt; &lt;a class=\&quot;link\&quot; href=\&quot;mars2.html?a=low_price_guarantee\&quot;&gt;Lowest Price Guarantee&lt;/a&gt;&lt;/h3&gt;&quot;,
          &quot;target&quot; : [ &quot;li:nth-child(3) &gt; .deal-text &gt; h3&quot; ]
        }, {
          &quot;html&quot; : &quot;&lt;h3&gt;\n            &lt;a class=\&quot;\&quot; href=\&quot;mars2.html?a=send_kids_to_mars\&quot;&gt;Send Your Kids to Mars!&lt;/a&gt;&lt;/h3&gt;&quot;,
          &quot;target&quot; : [ &quot;li:nth-child(4) &gt; .deal-text &gt; h3&quot; ]
        }, {
          &quot;html&quot; : &quot;&lt;h3&gt;\n            &lt;a class=\&quot;\&quot; href=\&quot;mars2.html?a=wookie\&quot;&gt;Fly with a Wookie&lt;/a&gt;&lt;/h3&gt;&quot;,
          &quot;target&quot; : [ &quot;li:nth-child(5) &gt; .deal-text &gt; h3&quot; ]
        }, {
          &quot;html&quot; : &quot;&lt;h3&gt;\n            &lt;a class=\&quot;\&quot; href=\&quot;mars2.html?a=stay_connected\&quot;&gt;Get Radio on Uranus &lt;/a&gt;&lt;/h3&gt;&quot;,
          &quot;target&quot; : [ &quot;li:nth-child(6) &gt; .deal-text &gt; h3&quot; ]
        }, {
          &quot;html&quot; : &quot;&lt;h3&gt;\n            &lt;a class=\&quot;\&quot; href=\&quot;mars2.html?a=free_year\&quot;&gt;Free Year on Mars&lt;/a&gt;&lt;/h3&gt;&quot;,
          &quot;target&quot; : [ &quot;li:nth-child(7) &gt; .deal-text &gt; h3&quot; ]
        }, {
          &quot;html&quot; : &quot;&lt;h3&gt;\n            &lt;a class=\&quot;\&quot; href=\&quot;mars2.html?a=crater_adventure\&quot;&gt;10% off Crater Adventure&lt;/a&gt;&lt;/h3&gt;&quot;,
          &quot;target&quot; : [ &quot;li:nth-child(8) &gt; .deal-text &gt; h3&quot; ]
        }, {
          &quot;html&quot; : &quot;&lt;h3&gt;\n            &lt;a class=\&quot;\&quot; href=\&quot;mars2.html?a=ice_cream\&quot;&gt;Free Astronaut Ice Cream&lt;/a&gt;&lt;/h3&gt;&quot;,
          &quot;target&quot; : [ &quot;li:nth-child(9) &gt; .deal-text &gt; h3&quot; ]
        }, {
          &quot;html&quot; : &quot;&lt;h3&gt; &lt;a class=\&quot;link\&quot; href=\&quot;mars2.html?a=low_price_guarantee\&quot;&gt;Lowest Price Guarantee&lt;/a&gt;&lt;/h3&gt;&quot;,
          &quot;target&quot; : [ &quot;li:nth-child(10) &gt; .deal-text &gt; h3&quot; ]
        }, {
          &quot;html&quot; : &quot;&lt;h3&gt;\n            &lt;a class=\&quot;\&quot; href=\&quot;mars2.html?a=send_kids_to_mars\&quot;&gt;Send Your Kids to Mars!&lt;/a&gt;&lt;/h3&gt;&quot;,
          &quot;target&quot; : [ &quot;li:nth-child(11) &gt; .deal-text &gt; h3&quot; ]
        }, {
          &quot;html&quot; : &quot;&lt;h3&gt;\n            &lt;a class=\&quot;\&quot; href=\&quot;mars2.html?a=wookie\&quot;&gt;Fly with a Wookie&lt;/a&gt;&lt;/h3&gt;&quot;,
          &quot;target&quot; : [ &quot;li:nth-child(12) &gt; .deal-text &gt; h3&quot; ]
        }, {
          &quot;html&quot; : &quot;&lt;h3&gt;\n            &lt;a class=\&quot;\&quot; href=\&quot;mars2.html?a=stay_connected\&quot;&gt;Get Radio on Uranus &lt;/a&gt;&lt;/h3&gt;&quot;,
          &quot;target&quot; : [ &quot;li:nth-child(13) &gt; .deal-text &gt; h3&quot; ]
        }, {
          &quot;html&quot; : &quot;&lt;h3&gt;\n            &lt;a class=\&quot;\&quot; href=\&quot;mars2.html?a=free_year\&quot;&gt;Free Year on Mars&lt;/a&gt;&lt;/h3&gt;&quot;,
          &quot;target&quot; : [ &quot;li:nth-child(14) &gt; .deal-text &gt; h3&quot; ]
        }, {
          &quot;html&quot; : &quot;&lt;h3&gt;\n            &lt;a class=\&quot;\&quot; href=\&quot;mars2.html?a=crater_adventure\&quot;&gt;10% off Crater Adventure&lt;/a&gt;&lt;/h3&gt;&quot;,
          &quot;target&quot; : [ &quot;li:nth-child(15) &gt; .deal-text &gt; h3&quot; ]
        }, {
          &quot;html&quot; : &quot;&lt;h3&gt;\n            &lt;a class=\&quot;\&quot; href=\&quot;mars2.html?a=ice_cream\&quot;&gt;Free Astronaut Ice Cream&lt;/a&gt;&lt;/h3&gt;&quot;,
          &quot;target&quot; : [ &quot;li:nth-child(16) &gt; .deal-text &gt; h3&quot; ]
        }, {
          &quot;html&quot; : &quot;&lt;h3&gt; &lt;a class=\&quot;link\&quot; href=\&quot;mars2.html?a=low_price_guarantee\&quot;&gt;Lowest Price Guarantee&lt;/a&gt;&lt;/h3&gt;&quot;,
          &quot;target&quot; : [ &quot;li:nth-child(17) &gt; .deal-text &gt; h3&quot; ]
        }, {
          &quot;html&quot; : &quot;&lt;h3&gt;\n            &lt;a class=\&quot;\&quot; href=\&quot;mars2.html?a=send_kids_to_mars\&quot;&gt;Send Your Kids to Mars!&lt;/a&gt;&lt;/h3&gt;&quot;,
          &quot;target&quot; : [ &quot;li:nth-child(18) &gt; .deal-text &gt; h3&quot; ]
        }, {
          &quot;html&quot; : &quot;&lt;h3&gt;\n            &lt;a class=\&quot;\&quot; href=\&quot;mars2.html?a=wookie\&quot;&gt;Fly with a Wookie&lt;/a&gt;&lt;/h3&gt;&quot;,
          &quot;target&quot; : [ &quot;li:nth-child(19) &gt; .deal-text &gt; h3&quot; ]
        }, {
          &quot;html&quot; : &quot;&lt;h3&gt;\n            &lt;a class=\&quot;\&quot; href=\&quot;mars2.html?a=stay_connected\&quot;&gt;Get Radio on Uranus &lt;/a&gt;&lt;/h3&gt;&quot;,
          &quot;target&quot; : [ &quot;li:nth-child(20) &gt; .deal-text &gt; h3&quot; ]
        }, {
          &quot;html&quot; : &quot;&lt;h3&gt;Let the Adventure Begin!&lt;/h3&gt;&quot;,
          &quot;target&quot; : [ &quot;#widget-controls &gt; .interior-container &gt; h3&quot; ]
        }, {
          &quot;html&quot; : &quot;&lt;h3&gt;Book your Trip&lt;/h3&gt;&quot;,
          &quot;target&quot; : [ &quot;#route-select &gt; .interior-container &gt; h3&quot; ]
        }, {
          &quot;html&quot; : &quot;&lt;h3&gt;Who Is Traveling?&lt;/h3&gt;&quot;,
          &quot;target&quot; : [ &quot;.middle.widget-container:nth-child(13) &gt; .interior-container &gt; h3&quot; ]
        }, {
          &quot;html&quot; : &quot;&lt;h3 id=\&quot;video-text\&quot;&gt;Life was possible on Mars&lt;/h3&gt;&quot;,
          &quot;target&quot; : [ &quot;#video-text&quot; ]
        }, {
          &quot;html&quot; : &quot;&lt;h4&gt;Book Your Trip&lt;/h4&gt;&quot;,
          &quot;target&quot; : [ &quot;#footer-book &gt; h4&quot; ]
        }, {
          &quot;html&quot; : &quot;&lt;h4&gt;Mars Shuttles&lt;/h4&gt;&quot;,
          &quot;target&quot; : [ &quot;#footer-trains &gt; h4&quot; ]
        }, {
          &quot;html&quot; : &quot;&lt;h4&gt;Mars Tourist Passes&lt;/h4&gt;&quot;,
          &quot;target&quot; : [ &quot;#footer-passes &gt; h4&quot; ]
        }, {
          &quot;html&quot; : &quot;&lt;h4&gt;Mars Adventures&lt;/h4&gt;&quot;,
          &quot;target&quot; : [ &quot;#footer-plan &gt; h4&quot; ]
        }, {
          &quot;html&quot; : &quot;&lt;h4&gt;FAQs&lt;/h4&gt;&quot;,
          &quot;target&quot; : [ &quot;#footer-faq &gt; h4&quot; ]
        }, {
          &quot;html&quot; : &quot;&lt;h4&gt;Connect With Us&lt;/h4&gt;&quot;,
          &quot;target&quot; : [ &quot;#footer-connect &gt; h4&quot; ]
        } ]
      }, {
        &quot;id&quot; : &quot;header-present&quot;,
        &quot;impact&quot; : &quot;serious&quot;,
        &quot;message&quot; : &quot;Page has a heading&quot;,
        &quot;data&quot; : null,
        &quot;relatedNodes&quot; : [ ]
      }, {
        &quot;id&quot; : &quot;header-present&quot;,
        &quot;impact&quot; : &quot;serious&quot;,
        &quot;message&quot; : &quot;Page has a heading&quot;,
        &quot;data&quot; : null,
        &quot;relatedNodes&quot; : [ ]
      }, {
        &quot;id&quot; : &quot;header-present&quot;,
        &quot;impact&quot; : &quot;serious&quot;,
        &quot;message&quot; : &quot;Page has a heading&quot;,
        &quot;data&quot; : null,
        &quot;relatedNodes&quot; : [ ]
      } ],
      &quot;all&quot; : [ ],
      &quot;none&quot; : [ ],
      &quot;failureSummary&quot; : null
    } ],
    &quot;url&quot; : null,
    &quot;createdDate&quot; : null
  }, {
    &quot;id&quot; : &quot;color-contrast&quot;,
    &quot;description&quot; : &quot;Ensures the contrast between foreground and background colors meets WCAG 2 AA contrast ratio thresholds&quot;,
    &quot;help&quot; : &quot;Elements must have sufficient color contrast&quot;,
    &quot;helpUrl&quot; : &quot;https://dequeuniversity.com/rules/axe/4.6/color-contrast?application=axeAPI&quot;,
    &quot;impact&quot; : &quot;serious&quot;,
    &quot;tags&quot; : [ &quot;cat.color&quot;, &quot;wcag2aa&quot;, &quot;wcag143&quot;, &quot;ACT&quot; ],
    &quot;nodes&quot; : [ {
      &quot;html&quot; : &quot;&lt;div id=\&quot;purposeDisclaimer\&quot;&gt;This web page is for demonstration purposes, to show common accessibility errors.&lt;/div&gt;&quot;,
      &quot;target&quot; : [ &quot;#purposeDisclaimer&quot; ],
      &quot;impact&quot; : null,
      &quot;any&quot; : [ {
        &quot;id&quot; : &quot;color-contrast&quot;,
        &quot;impact&quot; : &quot;serious&quot;,
        &quot;message&quot; : &quot;Element has sufficient color contrast of 8.91&quot;,
        &quot;data&quot; : {
          &quot;bgColor&quot; : &quot;#990000&quot;,
          &quot;contrastRatio&quot; : 8.91,
          &quot;expectedContrastRatio&quot; : &quot;4.5:1&quot;,
          &quot;fgColor&quot; : &quot;#ffffff&quot;,
          &quot;fontSize&quot; : &quot;9.0pt (12px)&quot;,
          &quot;fontWeight&quot; : &quot;normal&quot;
        },
        &quot;relatedNodes&quot; : [ ]
      } ],
      &quot;all&quot; : [ ],
      &quot;none&quot; : [ ],
      &quot;failureSummary&quot; : null
    }, {
      &quot;html&quot; : &quot;&lt;input type=\&quot;text\&quot; class=\&quot;search\&quot; name=\&quot;query\&quot; placeholder=\&quot;search\&quot;&gt;&quot;,
      &quot;target&quot; : [ &quot;.loginnow &gt; .container-fluid-full &gt; .container &gt; .span5.pull-left.left-first &gt; .pull-left:nth-child(2) &gt; form[method=\&quot;get\&quot;][action=\&quot;/demo/mars/mars2\&quot;] &gt; .search[name=\&quot;query\&quot;][placeholder=\&quot;search\&quot;]&quot; ],
      &quot;impact&quot; : null,
      &quot;any&quot; : [ {
        &quot;id&quot; : &quot;color-contrast&quot;,
        &quot;impact&quot; : &quot;serious&quot;,
        &quot;message&quot; : &quot;Element has sufficient color contrast of 7.45&quot;,
        &quot;data&quot; : {
          &quot;bgColor&quot; : &quot;#ffffff&quot;,
          &quot;contrastRatio&quot; : 7.45,
          &quot;expectedContrastRatio&quot; : &quot;4.5:1&quot;,
          &quot;fgColor&quot; : &quot;#555555&quot;,
          &quot;fontSize&quot; : &quot;9.0pt (12px)&quot;,
          &quot;fontWeight&quot; : &quot;normal&quot;
        },
        &quot;relatedNodes&quot; : [ ]
      } ],
      &quot;all&quot; : [ ],
      &quot;none&quot; : [ ],
      &quot;failureSummary&quot; : null
    }, {
      &quot;html&quot; : &quot;&lt;input type=\&quot;text\&quot; class=\&quot;search\&quot; name=\&quot;query\&quot; placeholder=\&quot;search\&quot;&gt;&quot;,
      &quot;target&quot; : [ &quot;.loggedin &gt; .container-fluid-full &gt; .container &gt; .span5.pull-left.left-first &gt; .pull-left:nth-child(2) &gt; form[method=\&quot;get\&quot;][action=\&quot;/demo/mars/mars2\&quot;] &gt; .search[name=\&quot;query\&quot;][placeholder=\&quot;search\&quot;]&quot; ],
      &quot;impact&quot; : null,
      &quot;any&quot; : [ {
        &quot;id&quot; : &quot;color-contrast&quot;,
        &quot;impact&quot; : &quot;serious&quot;,
        &quot;message&quot; : &quot;Element is hidden&quot;,
        &quot;data&quot; : {
          &quot;messageKey&quot; : &quot;hidden&quot;
        },
        &quot;relatedNodes&quot; : [ ]
      } ],
      &quot;all&quot; : [ ],
      &quot;none&quot; : [ ],
      &quot;failureSummary&quot; : null
    }, {
      &quot;html&quot; : &quot;&lt;a href=\&quot;mars2.html?a=travel_agents\&quot;&gt;Travel Agents&lt;/a&gt;&quot;,
      &quot;target&quot; : [ &quot;a[href=\&quot;mars2.html?a=travel_agents\&quot;]&quot; ],
      &quot;impact&quot; : null,
      &quot;any&quot; : [ {
        &quot;id&quot; : &quot;color-contrast&quot;,
        &quot;impact&quot; : &quot;serious&quot;,
        &quot;message&quot; : &quot;Element has sufficient color contrast of 5.28&quot;,
        &quot;data&quot; : {
          &quot;bgColor&quot; : &quot;#344b6e&quot;,
          &quot;contrastRatio&quot; : 5.28,
          &quot;expectedContrastRatio&quot; : &quot;4.5:1&quot;,
          &quot;fgColor&quot; : &quot;#e7c643&quot;,
          &quot;fontSize&quot; : &quot;8.3pt (11px)&quot;,
          &quot;fontWeight&quot; : &quot;normal&quot;
        },
        &quot;relatedNodes&quot; : [ ]
      } ],
      &quot;all&quot; : [ ],
      &quot;none&quot; : [ ],
      &quot;failureSummary&quot; : null
    }, {
      &quot;html&quot; : &quot;&lt;a href=\&quot;javascript:;\&quot; class=\&quot;dropdown-toggle\&quot; data-toggle=\&quot;dropdown\&quot;&gt;\nYour country&lt;span class=\&quot;currency-select\&quot;&gt;&lt;!--($USD)--&gt;&lt;/span&gt;\n&lt;i class=\&quot;icon-langbar-down-arrow\&quot;&gt;&lt;/i&gt;\n&lt;/a&gt;&quot;,
      &quot;target&quot; : [ &quot;#country-select &gt; .dropdown-toggle[href=\&quot;javascript:;\&quot;][data-toggle=\&quot;dropdown\&quot;]&quot; ],
      &quot;impact&quot; : null,
      &quot;any&quot; : [ {
        &quot;id&quot; : &quot;color-contrast&quot;,
        &quot;impact&quot; : &quot;serious&quot;,
        &quot;message&quot; : &quot;Element has sufficient color contrast of 5.28&quot;,
        &quot;data&quot; : {
          &quot;bgColor&quot; : &quot;#344b6e&quot;,
          &quot;contrastRatio&quot; : 5.28,
          &quot;expectedContrastRatio&quot; : &quot;4.5:1&quot;,
          &quot;fgColor&quot; : &quot;#e7c643&quot;,
          &quot;fontSize&quot; : &quot;8.3pt (11px)&quot;,
          &quot;fontWeight&quot; : &quot;normal&quot;
        },
        &quot;relatedNodes&quot; : [ ]
      } ],
      &quot;all&quot; : [ ],
      &quot;none&quot; : [ ],
      &quot;failureSummary&quot; : null
    }, {
      &quot;html&quot; : &quot;&lt;a href=\&quot;javascript:;\&quot; class=\&quot;dropdown-toggle\&quot; data-toggle=\&quot;dropdown\&quot;&gt;\nYour language&lt;i class=\&quot;icon-langbar-down-arrow\&quot;&gt;&lt;/i&gt;\n&lt;/a&gt;&quot;,
      &quot;target&quot; : [ &quot;.language-select &gt; .dropdown-toggle[href=\&quot;javascript:;\&quot;][data-toggle=\&quot;dropdown\&quot;]&quot; ],
      &quot;impact&quot; : null,
      &quot;any&quot; : [ {
        &quot;id&quot; : &quot;color-contrast&quot;,
        &quot;impact&quot; : &quot;serious&quot;,
        &quot;message&quot; : &quot;Element has sufficient color contrast of 5.28&quot;,
        &quot;data&quot; : {
          &quot;bgColor&quot; : &quot;#344b6e&quot;,
          &quot;contrastRatio&quot; : 5.28,
          &quot;expectedContrastRatio&quot; : &quot;4.5:1&quot;,
          &quot;fgColor&quot; : &quot;#e7c643&quot;,
          &quot;fontSize&quot; : &quot;8.3pt (11px)&quot;,
          &quot;fontWeight&quot; : &quot;normal&quot;
        },
        &quot;relatedNodes&quot; : [ ]
      } ],
      &quot;all&quot; : [ ],
      &quot;none&quot; : [ ],
      &quot;failureSummary&quot; : null
    }, {
      &quot;html&quot; : &quot;&lt;h1 style=\&quot;color:#eee;\&quot;&gt;Destination Mars &lt;/h1&gt;&quot;,
      &quot;target&quot; : [ &quot;h1&quot; ],
      &quot;impact&quot; : null,
      &quot;any&quot; : [ {
        &quot;id&quot; : &quot;color-contrast&quot;,
        &quot;impact&quot; : &quot;serious&quot;,
        &quot;message&quot; : &quot;Element has sufficient color contrast of 8.83&quot;,
        &quot;data&quot; : {
          &quot;bgColor&quot; : &quot;#344b6e&quot;,
          &quot;contrastRatio&quot; : 8.83,
          &quot;expectedContrastRatio&quot; : &quot;3:1&quot;,
          &quot;fgColor&quot; : &quot;#ffffff&quot;,
          &quot;fontSize&quot; : &quot;21.0pt (28px)&quot;,
          &quot;fontWeight&quot; : &quot;normal&quot;
        },
        &quot;relatedNodes&quot; : [ ]
      } ],
      &quot;all&quot; : [ ],
      &quot;none&quot; : [ ],
      &quot;failureSummary&quot; : null
    }, {
      &quot;html&quot; : &quot;&lt;h2 style=\&quot;color:#acbad0;\&quot;&gt;A trip to Mars starts in your imagination. Are you bold enough, brave enough, &lt;strong&gt;foolish enough?&lt;/strong&gt; We are. You belong on Mars with fools like us. Most of us don&#039;t bite. Much.&lt;/h2&gt;&quot;,
      &quot;target&quot; : [ &quot;h2&quot; ],
      &quot;impact&quot; : null,
      &quot;any&quot; : [ {
        &quot;id&quot; : &quot;color-contrast&quot;,
        &quot;impact&quot; : &quot;serious&quot;,
        &quot;message&quot; : &quot;Element has sufficient color contrast of 8.83&quot;,
        &quot;data&quot; : {
          &quot;bgColor&quot; : &quot;#344b6e&quot;,
          &quot;contrastRatio&quot; : 8.83,
          &quot;expectedContrastRatio&quot; : &quot;4.5:1&quot;,
          &quot;fgColor&quot; : &quot;#ffffff&quot;,
          &quot;fontSize&quot; : &quot;12.0pt (16px)&quot;,
          &quot;fontWeight&quot; : &quot;normal&quot;
        },
        &quot;relatedNodes&quot; : [ ]
      } ],
      &quot;all&quot; : [ ],
      &quot;none&quot; : [ ],
      &quot;failureSummary&quot; : null
    }, {
      &quot;html&quot; : &quot;&lt;strong&gt;foolish enough?&lt;/strong&gt;&quot;,
      &quot;target&quot; : [ &quot;strong&quot; ],
      &quot;impact&quot; : null,
      &quot;any&quot; : [ {
        &quot;id&quot; : &quot;color-contrast&quot;,
        &quot;impact&quot; : &quot;serious&quot;,
        &quot;message&quot; : &quot;Element has sufficient color contrast of 7.61&quot;,
        &quot;data&quot; : {
          &quot;bgColor&quot; : &quot;#344b6e&quot;,
          &quot;contrastRatio&quot; : 7.61,
          &quot;expectedContrastRatio&quot; : &quot;4.5:1&quot;,
          &quot;fgColor&quot; : &quot;#eeeeee&quot;,
          &quot;fontSize&quot; : &quot;12.0pt (16px)&quot;,
          &quot;fontWeight&quot; : &quot;normal&quot;
        },
        &quot;relatedNodes&quot; : [ ]
      } ],
      &quot;all&quot; : [ ],
      &quot;none&quot; : [ ],
      &quot;failureSummary&quot; : null
    }, {
      &quot;html&quot; : &quot;&lt;a class=\&quot;\&quot; href=\&quot;mars2.html?a=send_kids_to_mars\&quot;&gt;Send Your Kids to Mars!&lt;/a&gt;&quot;,
      &quot;target&quot; : [ &quot;li:nth-child(4) &gt; .deal-text &gt; h3 &gt; a[href=\&quot;mars2.html?a=send_kids_to_mars\&quot;]&quot; ],
      &quot;impact&quot; : null,
      &quot;any&quot; : [ {
        &quot;id&quot; : &quot;color-contrast&quot;,
        &quot;impact&quot; : &quot;serious&quot;,
        &quot;message&quot; : &quot;Element has sufficient color contrast of 4.71&quot;,
        &quot;data&quot; : {
          &quot;bgColor&quot; : &quot;#ffffff&quot;,
          &quot;contrastRatio&quot; : 4.71,
          &quot;expectedContrastRatio&quot; : &quot;4.5:1&quot;,
          &quot;fgColor&quot; : &quot;#067ab4&quot;,
          &quot;fontSize&quot; : &quot;12.0pt (16px)&quot;,
          &quot;fontWeight&quot; : &quot;normal&quot;
        },
        &quot;relatedNodes&quot; : [ ]
      } ],
      &quot;all&quot; : [ ],
      &quot;none&quot; : [ ],
      &quot;failureSummary&quot; : null
    }, {
      &quot;html&quot; : &quot;&lt;p&gt;Book a first class one-way ticket for 5 kids, at the cost of 4! No parent or guardian required. Don&#039;t worry, they&#039;ll be fine... &lt;a class=\&quot;link-arrow\&quot; href=\&quot;mars2.html?a=send_kids_to_mars\&quot;&gt;Send your kids to mars&lt;/a&gt;&lt;/p&gt;&quot;,
      &quot;target&quot; : [ &quot;li:nth-child(4) &gt; .deal-text &gt; p&quot; ],
      &quot;impact&quot; : null,
      &quot;any&quot; : [ {
        &quot;id&quot; : &quot;color-contrast&quot;,
        &quot;impact&quot; : &quot;serious&quot;,
        &quot;message&quot; : &quot;Element has sufficient color contrast of 21&quot;,
        &quot;data&quot; : {
          &quot;bgColor&quot; : &quot;#ffffff&quot;,
          &quot;contrastRatio&quot; : 21,
          &quot;expectedContrastRatio&quot; : &quot;4.5:1&quot;,
          &quot;fgColor&quot; : &quot;#000000&quot;,
          &quot;fontSize&quot; : &quot;9.0pt (12px)&quot;,
          &quot;fontWeight&quot; : &quot;normal&quot;
        },
        &quot;relatedNodes&quot; : [ ]
      } ],
      &quot;all&quot; : [ ],
      &quot;none&quot; : [ ],
      &quot;failureSummary&quot; : null
    }, {
      &quot;html&quot; : &quot;&lt;a class=\&quot;link-arrow\&quot; href=\&quot;mars2.html?a=send_kids_to_mars\&quot;&gt;Send your kids to mars&lt;/a&gt;&quot;,
      &quot;target&quot; : [ &quot;li:nth-child(4) &gt; .deal-text &gt; p &gt; .link-arrow[href=\&quot;mars2.html?a=send_kids_to_mars\&quot;]&quot; ],
      &quot;impact&quot; : null,
      &quot;any&quot; : [ {
        &quot;id&quot; : &quot;color-contrast&quot;,
        &quot;impact&quot; : &quot;serious&quot;,
        &quot;message&quot; : &quot;Element has sufficient color contrast of 4.71&quot;,
        &quot;data&quot; : {
          &quot;bgColor&quot; : &quot;#ffffff&quot;,
          &quot;contrastRatio&quot; : 4.71,
          &quot;expectedContrastRatio&quot; : &quot;4.5:1&quot;,
          &quot;fgColor&quot; : &quot;#067ab4&quot;,
          &quot;fontSize&quot; : &quot;9.0pt (12px)&quot;,
          &quot;fontWeight&quot; : &quot;normal&quot;
        },
        &quot;relatedNodes&quot; : [ ]
      } ],
      &quot;all&quot; : [ ],
      &quot;none&quot; : [ ],
      &quot;failureSummary&quot; : null
    }, {
      &quot;html&quot; : &quot;&lt;a class=\&quot;\&quot; href=\&quot;mars2.html?a=wookie\&quot;&gt;Fly with a Wookie&lt;/a&gt;&quot;,
      &quot;target&quot; : [ &quot;li:nth-child(5) &gt; .deal-text &gt; h3 &gt; a[href=\&quot;mars2.html?a=wookie\&quot;]&quot; ],
      &quot;impact&quot; : null,
      &quot;any&quot; : [ {
        &quot;id&quot; : &quot;color-contrast&quot;,
        &quot;impact&quot; : &quot;serious&quot;,
        &quot;message&quot; : &quot;Element has sufficient color contrast of 4.71&quot;,
        &quot;data&quot; : {
          &quot;bgColor&quot; : &quot;#ffffff&quot;,
          &quot;contrastRatio&quot; : 4.71,
          &quot;expectedContrastRatio&quot; : &quot;4.5:1&quot;,
          &quot;fgColor&quot; : &quot;#067ab4&quot;,
          &quot;fontSize&quot; : &quot;12.0pt (16px)&quot;,
          &quot;fontWeight&quot; : &quot;normal&quot;
        },
        &quot;relatedNodes&quot; : [ ]
      } ],
      &quot;all&quot; : [ ],
      &quot;none&quot; : [ ],
      &quot;failureSummary&quot; : null
    }, {
      &quot;html&quot; : &quot;&lt;p&gt;Fly with a wookie! Limited time offer! Or would you rather kiss a Wookie? We can arrange that. (Can someone move this walking carpet out of my way?) &lt;a class=\&quot;link-arrow\&quot; href=\&quot;mars2.html?a=wookie\&quot;&gt;Fly with a Wookie!&lt;/a&gt;&lt;/p&gt;&quot;,
      &quot;target&quot; : [ &quot;li:nth-child(5) &gt; .deal-text &gt; p&quot; ],
      &quot;impact&quot; : null,
      &quot;any&quot; : [ {
        &quot;id&quot; : &quot;color-contrast&quot;,
        &quot;impact&quot; : &quot;serious&quot;,
        &quot;message&quot; : &quot;Element has sufficient color contrast of 21&quot;,
        &quot;data&quot; : {
          &quot;bgColor&quot; : &quot;#ffffff&quot;,
          &quot;contrastRatio&quot; : 21,
          &quot;expectedContrastRatio&quot; : &quot;4.5:1&quot;,
          &quot;fgColor&quot; : &quot;#000000&quot;,
          &quot;fontSize&quot; : &quot;9.0pt (12px)&quot;,
          &quot;fontWeight&quot; : &quot;normal&quot;
        },
        &quot;relatedNodes&quot; : [ ]
      } ],
      &quot;all&quot; : [ ],
      &quot;none&quot; : [ ],
      &quot;failureSummary&quot; : null
    }, {
      &quot;html&quot; : &quot;&lt;a class=\&quot;link-arrow\&quot; href=\&quot;mars2.html?a=wookie\&quot;&gt;Fly with a Wookie!&lt;/a&gt;&quot;,
      &quot;target&quot; : [ &quot;li:nth-child(5) &gt; .deal-text &gt; p &gt; .link-arrow[href=\&quot;mars2.html?a=wookie\&quot;]&quot; ],
      &quot;impact&quot; : null,
      &quot;any&quot; : [ {
        &quot;id&quot; : &quot;color-contrast&quot;,
        &quot;impact&quot; : &quot;serious&quot;,
        &quot;message&quot; : &quot;Element has sufficient color contrast of 4.71&quot;,
        &quot;data&quot; : {
          &quot;bgColor&quot; : &quot;#ffffff&quot;,
          &quot;contrastRatio&quot; : 4.71,
          &quot;expectedContrastRatio&quot; : &quot;4.5:1&quot;,
          &quot;fgColor&quot; : &quot;#067ab4&quot;,
          &quot;fontSize&quot; : &quot;9.0pt (12px)&quot;,
          &quot;fontWeight&quot; : &quot;normal&quot;
        },
        &quot;relatedNodes&quot; : [ ]
      } ],
      &quot;all&quot; : [ ],
      &quot;none&quot; : [ ],
      &quot;failureSummary&quot; : null
    }, {
      &quot;html&quot; : &quot;&lt;a class=\&quot;\&quot; href=\&quot;mars2.html?a=stay_connected\&quot;&gt;Get Radio on Uranus &lt;/a&gt;&quot;,
      &quot;target&quot; : [ &quot;li:nth-child(6) &gt; .deal-text &gt; h3 &gt; a[href=\&quot;mars2.html?a=stay_connected\&quot;]&quot; ],
      &quot;impact&quot; : null,
      &quot;any&quot; : [ {
        &quot;id&quot; : &quot;color-contrast&quot;,
        &quot;impact&quot; : &quot;serious&quot;,
        &quot;message&quot; : &quot;Element has sufficient color contrast of 4.71&quot;,
        &quot;data&quot; : {
          &quot;bgColor&quot; : &quot;#ffffff&quot;,
          &quot;contrastRatio&quot; : 4.71,
          &quot;expectedContrastRatio&quot; : &quot;4.5:1&quot;,
          &quot;fgColor&quot; : &quot;#067ab4&quot;,
          &quot;fontSize&quot; : &quot;12.0pt (16px)&quot;,
          &quot;fontWeight&quot; : &quot;normal&quot;
        },
        &quot;relatedNodes&quot; : [ ]
      } ],
      &quot;all&quot; : [ ],
      &quot;none&quot; : [ ],
      &quot;failureSummary&quot; : null
    }, {
      &quot;html&quot; : &quot;&lt;p&gt;All of our packages come with radio connectivity to the far reaches of the solar system. Yup, you too can get Justin Bieber on Uranus. &lt;a href=\&quot;mars2.html?a=stay_connected\&quot;&gt;Find out about radio connectivity today.&lt;/a&gt;&lt;/p&gt;&quot;,
      &quot;target&quot; : [ &quot;li:nth-child(6) &gt; .deal-text &gt; p&quot; ],
      &quot;impact&quot; : null,
      &quot;any&quot; : [ {
        &quot;id&quot; : &quot;color-contrast&quot;,
        &quot;impact&quot; : &quot;serious&quot;,
        &quot;message&quot; : &quot;Element has sufficient color contrast of 21&quot;,
        &quot;data&quot; : {
          &quot;bgColor&quot; : &quot;#ffffff&quot;,
          &quot;contrastRatio&quot; : 21,
          &quot;expectedContrastRatio&quot; : &quot;4.5:1&quot;,
          &quot;fgColor&quot; : &quot;#000000&quot;,
          &quot;fontSize&quot; : &quot;9.0pt (12px)&quot;,
          &quot;fontWeight&quot; : &quot;normal&quot;
        },
        &quot;relatedNodes&quot; : [ ]
      } ],
      &quot;all&quot; : [ ],
      &quot;none&quot; : [ ],
      &quot;failureSummary&quot; : null
    }, {
      &quot;html&quot; : &quot;&lt;a href=\&quot;mars2.html?a=stay_connected\&quot;&gt;Find out about radio connectivity today.&lt;/a&gt;&quot;,
      &quot;target&quot; : [ &quot;li:nth-child(6) &gt; .deal-text &gt; p &gt; a[href=\&quot;mars2.html?a=stay_connected\&quot;]&quot; ],
      &quot;impact&quot; : null,
      &quot;any&quot; : [ {
        &quot;id&quot; : &quot;color-contrast&quot;,
        &quot;impact&quot; : &quot;serious&quot;,
        &quot;message&quot; : &quot;Element has sufficient color contrast of 4.71&quot;,
        &quot;data&quot; : {
          &quot;bgColor&quot; : &quot;#ffffff&quot;,
          &quot;contrastRatio&quot; : 4.71,
          &quot;expectedContrastRatio&quot; : &quot;4.5:1&quot;,
          &quot;fgColor&quot; : &quot;#067ab4&quot;,
          &quot;fontSize&quot; : &quot;9.0pt (12px)&quot;,
          &quot;fontWeight&quot; : &quot;normal&quot;
        },
        &quot;relatedNodes&quot; : [ ]
      } ],
      &quot;all&quot; : [ ],
      &quot;none&quot; : [ ],
      &quot;failureSummary&quot; : null
    }, {
      &quot;html&quot; : &quot;&lt;input type=\&quot;text\&quot; value=\&quot;\&quot; class=\&quot;city-input ac_input ui-autocomplete-input\&quot; autocomplete=\&quot;off\&quot; id=\&quot;from0\&quot; name=\&quot;from0\&quot; tabindex=\&quot;1\&quot; role=\&quot;textbox\&quot; aria-autocomplete=\&quot;list\&quot; aria-haspopup=\&quot;true\&quot;&gt;&quot;,
      &quot;target&quot; : [ &quot;#from0&quot; ],
      &quot;impact&quot; : null,
      &quot;any&quot; : [ {
        &quot;id&quot; : &quot;color-contrast&quot;,
        &quot;impact&quot; : &quot;serious&quot;,
        &quot;message&quot; : &quot;Element has sufficient color contrast of 7.45&quot;,
        &quot;data&quot; : {
          &quot;bgColor&quot; : &quot;#ffffff&quot;,
          &quot;contrastRatio&quot; : 7.45,
          &quot;expectedContrastRatio&quot; : &quot;4.5:1&quot;,
          &quot;fgColor&quot; : &quot;#555555&quot;,
          &quot;fontSize&quot; : &quot;9.0pt (12px)&quot;,
          &quot;fontWeight&quot; : &quot;normal&quot;
        },
        &quot;relatedNodes&quot; : [ ]
      } ],
      &quot;all&quot; : [ ],
      &quot;none&quot; : [ ],
      &quot;failureSummary&quot; : null
    }, {
      &quot;html&quot; : &quot;&lt;input type=\&quot;text\&quot; value=\&quot;\&quot; class=\&quot;city-input ac_input ui-autocomplete-input\&quot; autocomplete=\&quot;off\&quot; id=\&quot;to0\&quot; name=\&quot;to0\&quot; tabindex=\&quot;1\&quot; role=\&quot;textbox\&quot; aria-autocomplete=\&quot;list\&quot; aria-haspopup=\&quot;true\&quot;&gt;&quot;,
      &quot;target&quot; : [ &quot;#to0&quot; ],
      &quot;impact&quot; : null,
      &quot;any&quot; : [ {
        &quot;id&quot; : &quot;color-contrast&quot;,
        &quot;impact&quot; : &quot;serious&quot;,
        &quot;message&quot; : &quot;Element has sufficient color contrast of 7.45&quot;,
        &quot;data&quot; : {
          &quot;bgColor&quot; : &quot;#ffffff&quot;,
          &quot;contrastRatio&quot; : 7.45,
          &quot;expectedContrastRatio&quot; : &quot;4.5:1&quot;,
          &quot;fgColor&quot; : &quot;#555555&quot;,
          &quot;fontSize&quot; : &quot;9.0pt (12px)&quot;,
          &quot;fontWeight&quot; : &quot;normal&quot;
        },
        &quot;relatedNodes&quot; : [ ]
      } ],
      &quot;all&quot; : [ ],
      &quot;none&quot; : [ ],
      &quot;failureSummary&quot; : null
    }, {
      &quot;html&quot; : &quot;&lt;input size=\&quot;10\&quot; id=\&quot;deptDate0\&quot; name=\&quot;deptDate0\&quot; placeholder=\&quot;mm/dd/yyyy\&quot; value=\&quot;\&quot; tabindex=\&quot;3\&quot; class=\&quot;hasDatepicker input-dept\&quot;&gt;&quot;,
      &quot;target&quot; : [ &quot;#deptDate0&quot; ],
      &quot;impact&quot; : null,
      &quot;any&quot; : [ {
        &quot;id&quot; : &quot;color-contrast&quot;,
        &quot;impact&quot; : &quot;serious&quot;,
        &quot;message&quot; : &quot;Element has sufficient color contrast of 7.45&quot;,
        &quot;data&quot; : {
          &quot;bgColor&quot; : &quot;#ffffff&quot;,
          &quot;contrastRatio&quot; : 7.45,
          &quot;expectedContrastRatio&quot; : &quot;4.5:1&quot;,
          &quot;fgColor&quot; : &quot;#555555&quot;,
          &quot;fontSize&quot; : &quot;9.0pt (12px)&quot;,
          &quot;fontWeight&quot; : &quot;normal&quot;
        },
        &quot;relatedNodes&quot; : [ ]
      } ],
      &quot;all&quot; : [ ],
      &quot;none&quot; : [ ],
      &quot;failureSummary&quot; : null
    }, {
      &quot;html&quot; : &quot;&lt;select name=\&quot;time0\&quot; id=\&quot;time0\&quot; class=\&quot;select-time\&quot; tabindex=\&quot;4\&quot;&gt;&quot;,
      &quot;target&quot; : [ &quot;#time0&quot; ],
      &quot;impact&quot; : null,
      &quot;any&quot; : [ {
        &quot;id&quot; : &quot;color-contrast&quot;,
        &quot;impact&quot; : &quot;serious&quot;,
        &quot;message&quot; : &quot;Element has sufficient color contrast of 7.45&quot;,
        &quot;data&quot; : {
          &quot;bgColor&quot; : &quot;#ffffff&quot;,
          &quot;contrastRatio&quot; : 7.45,
          &quot;expectedContrastRatio&quot; : &quot;4.5:1&quot;,
          &quot;fgColor&quot; : &quot;#555555&quot;,
          &quot;fontSize&quot; : &quot;8.3pt (11px)&quot;,
          &quot;fontWeight&quot; : &quot;normal&quot;
        },
        &quot;relatedNodes&quot; : [ ]
      } ],
      &quot;all&quot; : [ ],
      &quot;none&quot; : [ ],
      &quot;failureSummary&quot; : null
    }, {
      &quot;html&quot; : &quot;&lt;select id=\&quot;passes-select\&quot; class=\&quot;passes-select\&quot; name=\&quot;familyName\&quot; style=\&quot;display: none;\&quot;&gt;&quot;,
      &quot;target&quot; : [ &quot;#passes-select&quot; ],
      &quot;impact&quot; : null,
      &quot;any&quot; : [ {
        &quot;id&quot; : &quot;color-contrast&quot;,
        &quot;impact&quot; : &quot;serious&quot;,
        &quot;message&quot; : &quot;Element is hidden&quot;,
        &quot;data&quot; : {
          &quot;messageKey&quot; : &quot;hidden&quot;
        },
        &quot;relatedNodes&quot; : [ ]
      } ],
      &quot;all&quot; : [ ],
      &quot;none&quot; : [ ],
      &quot;failureSummary&quot; : null
    }, {
      &quot;html&quot; : &quot;&lt;input id=\&quot;combo_input\&quot; class=\&quot;ui-autocomplete-input ui-widget ui-widget-content ui-corner-left\&quot; autocomplete=\&quot;off\&quot; role=\&quot;textbox\&quot; aria-autocomplete=\&quot;list\&quot; aria-haspopup=\&quot;true\&quot;&gt;&quot;,
      &quot;target&quot; : [ &quot;#combo_input&quot; ],
      &quot;impact&quot; : null,
      &quot;any&quot; : [ {
        &quot;id&quot; : &quot;color-contrast&quot;,
        &quot;impact&quot; : &quot;serious&quot;,
        &quot;message&quot; : &quot;Element is hidden&quot;,
        &quot;data&quot; : {
          &quot;messageKey&quot; : &quot;hidden&quot;
        },
        &quot;relatedNodes&quot; : [ ]
      } ],
      &quot;all&quot; : [ ],
      &quot;none&quot; : [ ],
      &quot;failureSummary&quot; : null
    }, {
      &quot;html&quot; : &quot;&lt;select name=\&quot;selCountry1\&quot; class=\&quot;clearfix country-select\&quot; id=\&quot;selCountry1\&quot; onchange=\&quot;setSelects(this.form, 1)\&quot; style=\&quot;display:none\&quot;&gt;&quot;,
      &quot;target&quot; : [ &quot;#selCountry1&quot; ],
      &quot;impact&quot; : null,
      &quot;any&quot; : [ {
        &quot;id&quot; : &quot;color-contrast&quot;,
        &quot;impact&quot; : &quot;serious&quot;,
        &quot;message&quot; : &quot;Element is hidden&quot;,
        &quot;data&quot; : {
          &quot;messageKey&quot; : &quot;hidden&quot;
        },
        &quot;relatedNodes&quot; : [ ]
      } ],
      &quot;all&quot; : [ ],
      &quot;none&quot; : [ ],
      &quot;failureSummary&quot; : null
    }, {
      &quot;html&quot; : &quot;&lt;select name=\&quot;selCountry2\&quot; id=\&quot;selCountry2\&quot; class=\&quot;clearfix country-select\&quot; onchange=\&quot;setSelects(this.form, 2)\&quot; style=\&quot;display:none\&quot;&gt;\n         &lt;option value=\&quot;\&quot;&gt;--------------------------------------&lt;/option&gt;\n&lt;/select&gt;&quot;,
      &quot;target&quot; : [ &quot;#selCountry2&quot; ],
      &quot;impact&quot; : null,
      &quot;any&quot; : [ {
        &quot;id&quot; : &quot;color-contrast&quot;,
        &quot;impact&quot; : &quot;serious&quot;,
        &quot;message&quot; : &quot;Element is hidden&quot;,
        &quot;data&quot; : {
          &quot;messageKey&quot; : &quot;hidden&quot;
        },
        &quot;relatedNodes&quot; : [ ]
      } ],
      &quot;all&quot; : [ ],
      &quot;none&quot; : [ ],
      &quot;failureSummary&quot; : null
    }, {
      &quot;html&quot; : &quot;&lt;select name=\&quot;selCountry3\&quot; id=\&quot;selCountry3\&quot; class=\&quot;clearfix country-select\&quot; onchange=\&quot;setSelects(this.form, 3)\&quot; style=\&quot;display:none\&quot;&gt;\n         &lt;option value=\&quot;\&quot;&gt;--------------------------------------&lt;/option&gt;\n&lt;/select&gt;&quot;,
      &quot;target&quot; : [ &quot;#selCountry3&quot; ],
      &quot;impact&quot; : null,
      &quot;any&quot; : [ {
        &quot;id&quot; : &quot;color-contrast&quot;,
        &quot;impact&quot; : &quot;serious&quot;,
        &quot;message&quot; : &quot;Element is hidden&quot;,
        &quot;data&quot; : {
          &quot;messageKey&quot; : &quot;hidden&quot;
        },
        &quot;relatedNodes&quot; : [ ]
      } ],
      &quot;all&quot; : [ ],
      &quot;none&quot; : [ ],
      &quot;failureSummary&quot; : null
    }, {
      &quot;html&quot; : &quot;&lt;select name=\&quot;selCountry4\&quot; id=\&quot;selCountry4\&quot; class=\&quot;clearfix country-select\&quot; onchange=\&quot;setSelects(this.form, 4)\&quot; style=\&quot;display:none\&quot;&gt;\n          &lt;option value=\&quot;\&quot;&gt;--------------------------------------&lt;/option&gt;\n&lt;/select&gt;&quot;,
      &quot;target&quot; : [ &quot;#selCountry4&quot; ],
      &quot;impact&quot; : null,
      &quot;any&quot; : [ {
        &quot;id&quot; : &quot;color-contrast&quot;,
        &quot;impact&quot; : &quot;serious&quot;,
        &quot;message&quot; : &quot;Element is hidden&quot;,
        &quot;data&quot; : {
          &quot;messageKey&quot; : &quot;hidden&quot;
        },
        &quot;relatedNodes&quot; : [ ]
      } ],
      &quot;all&quot; : [ ],
      &quot;none&quot; : [ ],
      &quot;failureSummary&quot; : null
    }, {
      &quot;html&quot; : &quot;&lt;select name=\&quot;selCountry5\&quot; id=\&quot;selCountry5\&quot; class=\&quot;clearfix country-select\&quot; onchange=\&quot;setSelects(this.form, 5)\&quot; style=\&quot;display:none\&quot;&gt;\n          &lt;option value=\&quot;\&quot;&gt;--------------------------------------&lt;/option&gt;\n&lt;/select&gt;&quot;,
      &quot;target&quot; : [ &quot;#selCountry5&quot; ],
      &quot;impact&quot; : null,
      &quot;any&quot; : [ {
        &quot;id&quot; : &quot;color-contrast&quot;,
        &quot;impact&quot; : &quot;serious&quot;,
        &quot;message&quot; : &quot;Element is hidden&quot;,
        &quot;data&quot; : {
          &quot;messageKey&quot; : &quot;hidden&quot;
        },
        &quot;relatedNodes&quot; : [ ]
      } ],
      &quot;all&quot; : [ ],
      &quot;none&quot; : [ ],
      &quot;failureSummary&quot; : null
    }, {
      &quot;html&quot; : &quot;&lt;select id=\&quot;traveler0\&quot; class=\&quot;traveler-type\&quot;&gt;\n&lt;option value=\&quot;0\&quot;&gt;Adult (26+)&lt;/option&gt;\n&lt;option value=\&quot;1\&quot;&gt;Youth (12-25)&lt;/option&gt;\n&lt;option value=\&quot;2\&quot;&gt;Child (4-11)&lt;/option&gt;\n&lt;option value=\&quot;3\&quot;&gt;Senior (60+)&lt;/option&gt;\n&lt;/select&gt;&quot;,
      &quot;target&quot; : [ &quot;#passenger0 &gt; .age-range.wrapper &gt; .traveler-type&quot; ],
      &quot;impact&quot; : null,
      &quot;any&quot; : [ {
        &quot;id&quot; : &quot;color-contrast&quot;,
        &quot;impact&quot; : &quot;serious&quot;,
        &quot;message&quot; : &quot;Element has sufficient color contrast of 7.45&quot;,
        &quot;data&quot; : {
          &quot;bgColor&quot; : &quot;#ffffff&quot;,
          &quot;contrastRatio&quot; : 7.45,
          &quot;expectedContrastRatio&quot; : &quot;4.5:1&quot;,
          &quot;fgColor&quot; : &quot;#555555&quot;,
          &quot;fontSize&quot; : &quot;8.3pt (11px)&quot;,
          &quot;fontWeight&quot; : &quot;normal&quot;
        },
        &quot;relatedNodes&quot; : [ ]
      } ],
      &quot;all&quot; : [ ],
      &quot;none&quot; : [ ],
      &quot;failureSummary&quot; : null
    }, {
      &quot;html&quot; : &quot;&lt;select id=\&quot;age0\&quot; class=\&quot;age\&quot;&gt;&quot;,
      &quot;target&quot; : [ &quot;#passenger0 &gt; .youth-age.wrapper &gt; .age&quot; ],
      &quot;impact&quot; : null,
      &quot;any&quot; : [ {
        &quot;id&quot; : &quot;color-contrast&quot;,
        &quot;impact&quot; : &quot;serious&quot;,
        &quot;message&quot; : &quot;Element is hidden&quot;,
        &quot;data&quot; : {
          &quot;messageKey&quot; : &quot;hidden&quot;
        },
        &quot;relatedNodes&quot; : [ ]
      } ],
      &quot;all&quot; : [ ],
      &quot;none&quot; : [ ],
      &quot;failureSummary&quot; : null
    }, {
      &quot;html&quot; : &quot;&lt;select class=\&quot;country-select-box\&quot; name=\&quot;country0\&quot; id=\&quot;country0\&quot;&gt;&quot;,
      &quot;target&quot; : [ &quot;#country0&quot; ],
      &quot;impact&quot; : null,
      &quot;any&quot; : [ {
        &quot;id&quot; : &quot;color-contrast&quot;,
        &quot;impact&quot; : &quot;serious&quot;,
        &quot;message&quot; : &quot;Element is hidden&quot;,
        &quot;data&quot; : {
          &quot;messageKey&quot; : &quot;hidden&quot;
        },
        &quot;relatedNodes&quot; : [ ]
      } ],
      &quot;all&quot; : [ ],
      &quot;none&quot; : [ ],
      &quot;failureSummary&quot; : null
    }, {
      &quot;html&quot; : &quot;&lt;select class=\&quot;select-time\&quot; name=\&quot;travelPeriod0\&quot; id=\&quot;travelPeriod0\&quot;&gt;&quot;,
      &quot;target&quot; : [ &quot;#travelPeriod0&quot; ],
      &quot;impact&quot; : null,
      &quot;any&quot; : [ {
        &quot;id&quot; : &quot;color-contrast&quot;,
        &quot;impact&quot; : &quot;serious&quot;,
        &quot;message&quot; : &quot;Element is hidden&quot;,
        &quot;data&quot; : {
          &quot;messageKey&quot; : &quot;hidden&quot;
        },
        &quot;relatedNodes&quot; : [ ]
      } ],
      &quot;all&quot; : [ ],
      &quot;none&quot; : [ ],
      &quot;failureSummary&quot; : null
    }, {
      &quot;html&quot; : &quot;&lt;select class=\&quot;select-time\&quot; id=\&quot;validityPeriod0\&quot; name=\&quot;validityPeriod0\&quot;&gt;&quot;,
      &quot;target&quot; : [ &quot;#validityPeriod0&quot; ],
      &quot;impact&quot; : null,
      &quot;any&quot; : [ {
        &quot;id&quot; : &quot;color-contrast&quot;,
        &quot;impact&quot; : &quot;serious&quot;,
        &quot;message&quot; : &quot;Element is hidden&quot;,
        &quot;data&quot; : {
          &quot;messageKey&quot; : &quot;hidden&quot;
        },
        &quot;relatedNodes&quot; : [ ]
      } ],
      &quot;all&quot; : [ ],
      &quot;none&quot; : [ ],
      &quot;failureSummary&quot; : null
    }, {
      &quot;html&quot; : &quot;&lt;select id=\&quot;traveler0\&quot; class=\&quot;traveler-type\&quot; name=\&quot;paxAge0\&quot;&gt;\n&lt;option value=\&quot;26\&quot;&gt;Adult (26+)&lt;/option&gt;\n&lt;option value=\&quot;12\&quot;&gt;Youth (12-25)&lt;/option&gt;\n&lt;option value=\&quot;1\&quot;&gt;Child (4-11)&lt;/option&gt;\n&lt;option value=\&quot;60\&quot;&gt;Senior (60+)&lt;/option&gt;\n&lt;/select&gt;&quot;,
      &quot;target&quot; : [ &quot;select[name=\&quot;paxAge0\&quot;]&quot; ],
      &quot;impact&quot; : null,
      &quot;any&quot; : [ {
        &quot;id&quot; : &quot;color-contrast&quot;,
        &quot;impact&quot; : &quot;serious&quot;,
        &quot;message&quot; : &quot;Element is hidden&quot;,
        &quot;data&quot; : {
          &quot;messageKey&quot; : &quot;hidden&quot;
        },
        &quot;relatedNodes&quot; : [ ]
      } ],
      &quot;all&quot; : [ ],
      &quot;none&quot; : [ ],
      &quot;failureSummary&quot; : null
    }, {
      &quot;html&quot; : &quot;&lt;select id=\&quot;age0\&quot; name=\&quot;youthAge0\&quot; class=\&quot;age\&quot;&gt;&quot;,
      &quot;target&quot; : [ &quot;.age[name=\&quot;youthAge0\&quot;]&quot; ],
      &quot;impact&quot; : null,
      &quot;any&quot; : [ {
        &quot;id&quot; : &quot;color-contrast&quot;,
        &quot;impact&quot; : &quot;serious&quot;,
        &quot;message&quot; : &quot;Element is hidden&quot;,
        &quot;data&quot; : {
          &quot;messageKey&quot; : &quot;hidden&quot;
        },
        &quot;relatedNodes&quot; : [ ]
      } ],
      &quot;all&quot; : [ ],
      &quot;none&quot; : [ ],
      &quot;failureSummary&quot; : null
    }, {
      &quot;html&quot; : &quot;&lt;input class=\&quot;btn btn-large\&quot; value=\&quot;Search\&quot; type=\&quot;submit\&quot;&gt;&quot;,
      &quot;target&quot; : [ &quot;#passes-box-submit &gt; .interior-container &gt; .btn.btn-large[type=\&quot;submit\&quot;]&quot; ],
      &quot;impact&quot; : null,
      &quot;any&quot; : [ {
        &quot;id&quot; : &quot;color-contrast&quot;,
        &quot;impact&quot; : &quot;serious&quot;,
        &quot;message&quot; : &quot;Element is hidden&quot;,
        &quot;data&quot; : {
          &quot;messageKey&quot; : &quot;hidden&quot;
        },
        &quot;relatedNodes&quot; : [ ]
      } ],
      &quot;all&quot; : [ ],
      &quot;none&quot; : [ ],
      &quot;failureSummary&quot; : null
    }, {
      &quot;html&quot; : &quot;&lt;select name=\&quot;countrylist\&quot; class=\&quot;country\&quot; id=\&quot;countrylist\&quot;&gt;&quot;,
      &quot;target&quot; : [ &quot;#countrylist&quot; ],
      &quot;impact&quot; : null,
      &quot;any&quot; : [ {
        &quot;id&quot; : &quot;color-contrast&quot;,
        &quot;impact&quot; : &quot;serious&quot;,
        &quot;message&quot; : &quot;Element is hidden&quot;,
        &quot;data&quot; : {
          &quot;messageKey&quot; : &quot;hidden&quot;
        },
        &quot;relatedNodes&quot; : [ ]
      } ],
      &quot;all&quot; : [ ],
      &quot;none&quot; : [ ],
      &quot;failureSummary&quot; : null
    }, {
      &quot;html&quot; : &quot;&lt;select name=\&quot;citylist\&quot; id=\&quot;citylist\&quot; class=\&quot;country\&quot;&gt;&lt;option value=\&quot;none\&quot;&gt;Select Space Port&lt;/option&gt;&lt;/select&gt;&quot;,
      &quot;target&quot; : [ &quot;#citylist&quot; ],
      &quot;impact&quot; : null,
      &quot;any&quot; : [ {
        &quot;id&quot; : &quot;color-contrast&quot;,
        &quot;impact&quot; : &quot;serious&quot;,
        &quot;message&quot; : &quot;Element is hidden&quot;,
        &quot;data&quot; : {
          &quot;messageKey&quot; : &quot;hidden&quot;
        },
        &quot;relatedNodes&quot; : [ ]
      } ],
      &quot;all&quot; : [ ],
      &quot;none&quot; : [ ],
      &quot;failureSummary&quot; : null
    }, {
      &quot;html&quot; : &quot;&lt;input type=\&quot;button\&quot; onclick=\&quot;checkform(document.activitiesform,&#039;en&#039;,&#039;_top&#039;)\&quot; class=\&quot;btn btn-large\&quot; value=\&quot;Search\&quot;&gt;&quot;,
      &quot;target&quot; : [ &quot;#activities-box-submit &gt; .interior-container &gt; .btn.btn-large[value=\&quot;Search\&quot;]&quot; ],
      &quot;impact&quot; : null,
      &quot;any&quot; : [ {
        &quot;id&quot; : &quot;color-contrast&quot;,
        &quot;impact&quot; : &quot;serious&quot;,
        &quot;message&quot; : &quot;Element is hidden&quot;,
        &quot;data&quot; : {
          &quot;messageKey&quot; : &quot;hidden&quot;
        },
        &quot;relatedNodes&quot; : [ ]
      } ],
      &quot;all&quot; : [ ],
      &quot;none&quot; : [ ],
      &quot;failureSummary&quot; : null
    }, {
      &quot;html&quot; : &quot;&lt;select class=\&quot;country\&quot; name=\&quot;hotelCountry\&quot;&gt;&quot;,
      &quot;target&quot; : [ &quot;select[name=\&quot;hotelCountry\&quot;]&quot; ],
      &quot;impact&quot; : null,
      &quot;any&quot; : [ {
        &quot;id&quot; : &quot;color-contrast&quot;,
        &quot;impact&quot; : &quot;serious&quot;,
        &quot;message&quot; : &quot;Element is hidden&quot;,
        &quot;data&quot; : {
          &quot;messageKey&quot; : &quot;hidden&quot;
        },
        &quot;relatedNodes&quot; : [ ]
      } ],
      &quot;all&quot; : [ ],
      &quot;none&quot; : [ ],
      &quot;failureSummary&quot; : null
    }, {
      &quot;html&quot; : &quot;&lt;input class=\&quot;city\&quot; tabindex=\&quot;2\&quot; value=\&quot;\&quot; placeholder=\&quot;Enter your city\&quot; name=\&quot;hotelCity\&quot; id=\&quot;hotel-city\&quot;&gt;&quot;,
      &quot;target&quot; : [ &quot;#hotel-city&quot; ],
      &quot;impact&quot; : null,
      &quot;any&quot; : [ {
        &quot;id&quot; : &quot;color-contrast&quot;,
        &quot;impact&quot; : &quot;serious&quot;,
        &quot;message&quot; : &quot;Element is hidden&quot;,
        &quot;data&quot; : {
          &quot;messageKey&quot; : &quot;hidden&quot;
        },
        &quot;relatedNodes&quot; : [ ]
      } ],
      &quot;all&quot; : [ ],
      &quot;none&quot; : [ ],
      &quot;failureSummary&quot; : null
    }, {
      &quot;html&quot; : &quot;&lt;input tabindex=\&quot;2\&quot; value=\&quot;\&quot; placeholder=\&quot;mm/dd/yyyy\&quot; name=\&quot;hotelCheckIn\&quot; id=\&quot;check-in-date\&quot; size=\&quot;10\&quot; class=\&quot;hasDatepicker input-dept\&quot;&gt;&quot;,
      &quot;target&quot; : [ &quot;#check-in-date&quot; ],
      &quot;impact&quot; : null,
      &quot;any&quot; : [ {
        &quot;id&quot; : &quot;color-contrast&quot;,
        &quot;impact&quot; : &quot;serious&quot;,
        &quot;message&quot; : &quot;Element is hidden&quot;,
        &quot;data&quot; : {
          &quot;messageKey&quot; : &quot;hidden&quot;
        },
        &quot;relatedNodes&quot; : [ ]
      } ],
      &quot;all&quot; : [ ],
      &quot;none&quot; : [ ],
      &quot;failureSummary&quot; : null
    }, {
      &quot;html&quot; : &quot;&lt;input tabindex=\&quot;3\&quot; value=\&quot;\&quot; placeholder=\&quot;mm/dd/yyyy\&quot; name=\&quot;hotelCheckOut\&quot; id=\&quot;check-out-date\&quot; size=\&quot;10\&quot; class=\&quot;hasDatepicker input-dept\&quot;&gt;&quot;,
      &quot;target&quot; : [ &quot;#check-out-date&quot; ],
      &quot;impact&quot; : null,
      &quot;any&quot; : [ {
        &quot;id&quot; : &quot;color-contrast&quot;,
        &quot;impact&quot; : &quot;serious&quot;,
        &quot;message&quot; : &quot;Element is hidden&quot;,
        &quot;data&quot; : {
          &quot;messageKey&quot; : &quot;hidden&quot;
        },
        &quot;relatedNodes&quot; : [ ]
      } ],
      &quot;all&quot; : [ ],
      &quot;none&quot; : [ ],
      &quot;failureSummary&quot; : null
    }, {
      &quot;html&quot; : &quot;&lt;select tabindex=\&quot;4\&quot; value=\&quot;\&quot; name=\&quot;hotelRoomNr\&quot; id=\&quot;num-rooms\&quot; class=\&quot;traveler-dropdown\&quot;&gt;\n&lt;option value=\&quot;1\&quot;&gt;1&lt;/option&gt;\n&lt;option value=\&quot;2\&quot;&gt;2&lt;/option&gt;\n&lt;option value=\&quot;3\&quot;&gt;3&lt;/option&gt;\n&lt;option value=\&quot;4\&quot;&gt;4&lt;/option&gt;\n&lt;/select&gt;&quot;,
      &quot;target&quot; : [ &quot;#num-rooms&quot; ],
      &quot;impact&quot; : null,
      &quot;any&quot; : [ {
        &quot;id&quot; : &quot;color-contrast&quot;,
        &quot;impact&quot; : &quot;serious&quot;,
        &quot;message&quot; : &quot;Element is hidden&quot;,
        &quot;data&quot; : {
          &quot;messageKey&quot; : &quot;hidden&quot;
        },
        &quot;relatedNodes&quot; : [ ]
      } ],
      &quot;all&quot; : [ ],
      &quot;none&quot; : [ ],
      &quot;failureSummary&quot; : null
    }, {
      &quot;html&quot; : &quot;&lt;select tabindex=\&quot;5\&quot; value=\&quot;\&quot; name=\&quot;room1adults\&quot; id=\&quot;num-adults\&quot; class=\&quot;traveler-dropdown\&quot;&gt;\n&lt;option value=\&quot;1\&quot;&gt;1&lt;/option&gt;\n&lt;option value=\&quot;2\&quot;&gt;2&lt;/option&gt;\n&lt;option value=\&quot;3\&quot;&gt;3&lt;/option&gt;\n&lt;option value=\&quot;4\&quot;&gt;4&lt;/option&gt;\n&lt;option value=\&quot;5\&quot;&gt;5&lt;/option&gt;\n&lt;option value=\&quot;6\&quot;&gt;6&lt;/option&gt;\n&lt;/select&gt;&quot;,
      &quot;target&quot; : [ &quot;#num-adults&quot; ],
      &quot;impact&quot; : null,
      &quot;any&quot; : [ {
        &quot;id&quot; : &quot;color-contrast&quot;,
        &quot;impact&quot; : &quot;serious&quot;,
        &quot;message&quot; : &quot;Element is hidden&quot;,
        &quot;data&quot; : {
          &quot;messageKey&quot; : &quot;hidden&quot;
        },
        &quot;relatedNodes&quot; : [ ]
      } ],
      &quot;all&quot; : [ ],
      &quot;none&quot; : [ ],
      &quot;failureSummary&quot; : null
    }, {
      &quot;html&quot; : &quot;&lt;select tabindex=\&quot;6\&quot; value=\&quot;\&quot; name=\&quot;room1children\&quot; id=\&quot;num-children\&quot; class=\&quot;traveler-dropdown\&quot;&gt;&quot;,
      &quot;target&quot; : [ &quot;#num-children&quot; ],
      &quot;impact&quot; : null,
      &quot;any&quot; : [ {
        &quot;id&quot; : &quot;color-contrast&quot;,
        &quot;impact&quot; : &quot;serious&quot;,
        &quot;message&quot; : &quot;Element is hidden&quot;,
        &quot;data&quot; : {
          &quot;messageKey&quot; : &quot;hidden&quot;
        },
        &quot;relatedNodes&quot; : [ ]
      } ],
      &quot;all&quot; : [ ],
      &quot;none&quot; : [ ],
      &quot;failureSummary&quot; : null
    }, {
      &quot;html&quot; : &quot;&lt;input type=\&quot;submit\&quot; value=\&quot;Search\&quot; name=\&quot;search\&quot; class=\&quot;btn btn-large\&quot;&gt;&quot;,
      &quot;target&quot; : [ &quot;input[name=\&quot;search\&quot;]&quot; ],
      &quot;impact&quot; : null,
      &quot;any&quot; : [ {
        &quot;id&quot; : &quot;color-contrast&quot;,
        &quot;impact&quot; : &quot;serious&quot;,
        &quot;message&quot; : &quot;Element is hidden&quot;,
        &quot;data&quot; : {
          &quot;messageKey&quot; : &quot;hidden&quot;
        },
        &quot;relatedNodes&quot; : [ ]
      } ],
      &quot;all&quot; : [ ],
      &quot;none&quot; : [ ],
      &quot;failureSummary&quot; : null
    }, {
      &quot;html&quot; : &quot;&lt;a href=\&quot;../mars2.html\&quot; target=\&quot;_blank\&quot;&gt;Mars Commuter Express&lt;/a&gt;&quot;,
      &quot;target&quot; : [ &quot;#fafbba78&quot;, &quot;.fsl &gt; a&quot; ],
      &quot;impact&quot; : null,
      &quot;any&quot; : [ {
        &quot;id&quot; : &quot;color-contrast&quot;,
        &quot;impact&quot; : &quot;serious&quot;,
        &quot;message&quot; : &quot;Element has sufficient color contrast of 6.84&quot;,
        &quot;data&quot; : {
          &quot;bgColor&quot; : &quot;#ffffff&quot;,
          &quot;contrastRatio&quot; : 6.84,
          &quot;expectedContrastRatio&quot; : &quot;4.5:1&quot;,
          &quot;fgColor&quot; : &quot;#3b5998&quot;,
          &quot;fontSize&quot; : &quot;9.8pt (13px)&quot;,
          &quot;fontWeight&quot; : &quot;bold&quot;
        },
        &quot;relatedNodes&quot; : [ ]
      } ],
      &quot;all&quot; : [ ],
      &quot;none&quot; : [ ],
      &quot;failureSummary&quot; : null
    }, {
      &quot;html&quot; : &quot;&lt;button type=\&quot;submit\&quot;&gt;&lt;i class=\&quot;pluginButtonIcon img sp_like sx_like_thumb\&quot;&gt;&lt;/i&gt;Like&lt;/button&gt;&quot;,
      &quot;target&quot; : [ &quot;#fafbba78&quot;, &quot;.pluginConnectButtonDisconnected &gt; div &gt; button&quot; ],
      &quot;impact&quot; : null,
      &quot;any&quot; : [ {
        &quot;id&quot; : &quot;color-contrast&quot;,
        &quot;impact&quot; : &quot;serious&quot;,
        &quot;message&quot; : &quot;Element has sufficient color contrast of 5.9&quot;,
        &quot;data&quot; : {
          &quot;bgColor&quot; : &quot;#eceef5&quot;,
          &quot;contrastRatio&quot; : 5.9,
          &quot;expectedContrastRatio&quot; : &quot;4.5:1&quot;,
          &quot;fgColor&quot; : &quot;#3b5998&quot;,
          &quot;fontSize&quot; : &quot;8.3pt (11px)&quot;,
          &quot;fontWeight&quot; : &quot;normal&quot;
        },
        &quot;relatedNodes&quot; : [ ]
      } ],
      &quot;all&quot; : [ ],
      &quot;none&quot; : [ ],
      &quot;failureSummary&quot; : null
    }, {
      &quot;html&quot; : &quot;&lt;span id=\&quot;u_0_2\&quot;&gt;378,121&lt;/span&gt;&quot;,
      &quot;target&quot; : [ &quot;#fafbba78&quot;, &quot;#u_0_2&quot; ],
      &quot;impact&quot; : null,
      &quot;any&quot; : [ {
        &quot;id&quot; : &quot;color-contrast&quot;,
        &quot;impact&quot; : &quot;serious&quot;,
        &quot;message&quot; : &quot;Element has sufficient color contrast of 12.63&quot;,
        &quot;data&quot; : {
          &quot;bgColor&quot; : &quot;#ffffff&quot;,
          &quot;contrastRatio&quot; : 12.63,
          &quot;expectedContrastRatio&quot; : &quot;4.5:1&quot;,
          &quot;fgColor&quot; : &quot;#333333&quot;,
          &quot;fontSize&quot; : &quot;8.3pt (11px)&quot;,
          &quot;fontWeight&quot; : &quot;normal&quot;
        },
        &quot;relatedNodes&quot; : [ ]
      } ],
      &quot;all&quot; : [ ],
      &quot;none&quot; : [ ],
      &quot;failureSummary&quot; : null
    } ],
    &quot;url&quot; : null,
    &quot;createdDate&quot; : null
  }, {
    &quot;id&quot; : &quot;document-title&quot;,
    &quot;description&quot; : &quot;Ensures each HTML document contains a non-empty &lt;title&gt; element&quot;,
    &quot;help&quot; : &quot;Documents must have &lt;title&gt; element to aid in navigation&quot;,
    &quot;helpUrl&quot; : &quot;https://dequeuniversity.com/rules/axe/4.6/document-title?application=axeAPI&quot;,
    &quot;impact&quot; : &quot;&quot;,
    &quot;tags&quot; : [ &quot;cat.text-alternatives&quot;, &quot;wcag2a&quot;, &quot;wcag242&quot;, &quot;ACT&quot; ],
    &quot;nodes&quot; : [ {
      &quot;html&quot; : &quot;&lt;html class=\&quot; js no-flexbox flexbox-legacy canvas canvastext webgl no-touch geolocation postmessage websqldatabase indexeddb hashchange history draganddrop websockets rgba hsla multiplebgs backgroundsize borderimage borderradius boxshadow textshadow opacity cssanimations csscolumns cssgradients cssreflections csstransforms csstransforms3d csstransitions fontface generatedcontent video audio localstorage sessionstorage webworkers applicationcache svg inlinesvg smil svgclippaths js no-flexbox flexbox-legacy canvas canvastext webgl no-touch geolocation postmessage websqldatabase indexeddb hashchange history draganddrop websockets rgba hsla multiplebgs backgroundsize borderimage borderradius boxshadow textshadow opacity cssanimations csscolumns cssgradients cssreflections csstransforms csstransforms3d csstransitions fontface generatedcontent video audio localstorage sessionstorage webworkers no-applicationcache svg inlinesvg smil svgclippaths\&quot;&gt;&quot;,
      &quot;target&quot; : [ &quot;html&quot; ],
      &quot;impact&quot; : null,
      &quot;any&quot; : [ {
        &quot;id&quot; : &quot;doc-has-title&quot;,
        &quot;impact&quot; : &quot;serious&quot;,
        &quot;message&quot; : &quot;Document has a non-empty &lt;title&gt; element&quot;,
        &quot;data&quot; : null,
        &quot;relatedNodes&quot; : [ ]
      } ],
      &quot;all&quot; : [ ],
      &quot;none&quot; : [ ],
      &quot;failureSummary&quot; : null
    } ],
    &quot;url&quot; : null,
    &quot;createdDate&quot; : null
  }, {
    &quot;id&quot; : &quot;duplicate-id-active&quot;,
    &quot;description&quot; : &quot;Ensures every id attribute value of active elements is unique&quot;,
    &quot;help&quot; : &quot;IDs of active elements must be unique&quot;,
    &quot;helpUrl&quot; : &quot;https://dequeuniversity.com/rules/axe/4.6/duplicate-id-active?application=axeAPI&quot;,
    &quot;impact&quot; : &quot;serious&quot;,
    &quot;tags&quot; : [ &quot;cat.parsing&quot;, &quot;wcag2a&quot;, &quot;wcag411&quot; ],
    &quot;nodes&quot; : [ {
      &quot;html&quot; : &quot;&lt;select name=\&quot;time0\&quot; id=\&quot;time0\&quot; class=\&quot;select-time\&quot; tabindex=\&quot;4\&quot;&gt;&quot;,
      &quot;target&quot; : [ &quot;#time0&quot; ],
      &quot;impact&quot; : null,
      &quot;any&quot; : [ {
        &quot;id&quot; : &quot;duplicate-id-active&quot;,
        &quot;impact&quot; : &quot;serious&quot;,
        &quot;message&quot; : &quot;Document has no active elements that share the same id attribute&quot;,
        &quot;data&quot; : &quot;time0&quot;,
        &quot;relatedNodes&quot; : [ ]
      } ],
      &quot;all&quot; : [ ],
      &quot;none&quot; : [ ],
      &quot;failureSummary&quot; : null
    }, {
      &quot;html&quot; : &quot;&lt;input id=\&quot;fs-submit\&quot; type=\&quot;submit\&quot; class=\&quot;btn btn-large submit-form\&quot; value=\&quot;Search\&quot;&gt;&quot;,
      &quot;target&quot; : [ &quot;#fs-submit&quot; ],
      &quot;impact&quot; : null,
      &quot;any&quot; : [ {
        &quot;id&quot; : &quot;duplicate-id-active&quot;,
        &quot;impact&quot; : &quot;serious&quot;,
        &quot;message&quot; : &quot;Document has no active elements that share the same id attribute&quot;,
        &quot;data&quot; : &quot;fs-submit&quot;,
        &quot;relatedNodes&quot; : [ ]
      } ],
      &quot;all&quot; : [ ],
      &quot;none&quot; : [ ],
      &quot;failureSummary&quot; : null
    }, {
      &quot;html&quot; : &quot;&lt;div class=\&quot;html5-video-player ytp-exp-bottom-control-flexbox ytp-title-enable-channel-logo ytp-fine-scrubbing-exp ytp-embed ytp-embed-playlist unstarted-mode ytp-hide-controls ytp-small-mode\&quot; tabindex=\&quot;-1\&quot; id=\&quot;movie_player\&quot; data-version=\&quot;/s/player/6f20102c/player_ias.vflset/en_US/base.js\&quot; aria-label=\&quot;YouTube Video Player\&quot;&gt;&quot;,
      &quot;target&quot; : [ &quot;#player&quot;, &quot;#movie_player&quot; ],
      &quot;impact&quot; : null,
      &quot;any&quot; : [ {
        &quot;id&quot; : &quot;duplicate-id-active&quot;,
        &quot;impact&quot; : &quot;serious&quot;,
        &quot;message&quot; : &quot;Document has no active elements that share the same id attribute&quot;,
        &quot;data&quot; : &quot;movie_player&quot;,
        &quot;relatedNodes&quot; : [ ]
      } ],
      &quot;all&quot; : [ ],
      &quot;none&quot; : [ ],
      &quot;failureSummary&quot; : null
    }, {
      &quot;html&quot; : &quot;&lt;a id=\&quot;follow-button\&quot; target=\&quot;_blank\&quot; class=\&quot;btn\&quot; title=\&quot;Follow MarsCommuter on Twitter\&quot; href=\&quot;mars2.html\&quot;&gt;&lt;i&gt;&lt;/i&gt;&lt;span class=\&quot;label\&quot; id=\&quot;l\&quot;&gt;Follow @MarsTrip1&lt;/span&gt;&lt;/a&gt;&quot;,
      &quot;target&quot; : [ &quot;.twitter-follow-button&quot;, &quot;#follow-button&quot; ],
      &quot;impact&quot; : null,
      &quot;any&quot; : [ {
        &quot;id&quot; : &quot;duplicate-id-active&quot;,
        &quot;impact&quot; : &quot;serious&quot;,
        &quot;message&quot; : &quot;Document has no active elements that share the same id attribute&quot;,
        &quot;data&quot; : &quot;follow-button&quot;,
        &quot;relatedNodes&quot; : [ ]
      } ],
      &quot;all&quot; : [ ],
      &quot;none&quot; : [ ],
      &quot;failureSummary&quot; : null
    } ],
    &quot;url&quot; : null,
    &quot;createdDate&quot; : null
  }, {
    &quot;id&quot; : &quot;duplicate-id-aria&quot;,
    &quot;description&quot; : &quot;Ensures every id attribute value used in ARIA and in labels is unique&quot;,
    &quot;help&quot; : &quot;IDs used in ARIA and labels must be unique&quot;,
    &quot;helpUrl&quot; : &quot;https://dequeuniversity.com/rules/axe/4.6/duplicate-id-aria?application=axeAPI&quot;,
    &quot;impact&quot; : &quot;critical&quot;,
    &quot;tags&quot; : [ &quot;cat.parsing&quot;, &quot;wcag2a&quot;, &quot;wcag411&quot; ],
    &quot;nodes&quot; : [ {
      &quot;html&quot; : &quot;&lt;input type=\&quot;radio\&quot; name=\&quot;widget-type\&quot; id=\&quot;widget-controls-fares\&quot; value=\&quot;0\&quot; checked=\&quot;checked\&quot;&gt;&quot;,
      &quot;target&quot; : [ &quot;#widget-controls-fares&quot; ],
      &quot;impact&quot; : null,
      &quot;any&quot; : [ {
        &quot;id&quot; : &quot;duplicate-id-aria&quot;,
        &quot;impact&quot; : &quot;critical&quot;,
        &quot;message&quot; : &quot;Document has no elements referenced with ARIA or labels that share the same id attribute&quot;,
        &quot;data&quot; : &quot;widget-controls-fares&quot;,
        &quot;relatedNodes&quot; : [ ]
      } ],
      &quot;all&quot; : [ ],
      &quot;none&quot; : [ ],
      &quot;failureSummary&quot; : null
    }, {
      &quot;html&quot; : &quot;&lt;input type=\&quot;radio\&quot; name=\&quot;widget-type\&quot; id=\&quot;widget-controls-passes\&quot; value=\&quot;1\&quot;&gt;&quot;,
      &quot;target&quot; : [ &quot;#widget-controls-passes&quot; ],
      &quot;impact&quot; : null,
      &quot;any&quot; : [ {
        &quot;id&quot; : &quot;duplicate-id-aria&quot;,
        &quot;impact&quot; : &quot;critical&quot;,
        &quot;message&quot; : &quot;Document has no elements referenced with ARIA or labels that share the same id attribute&quot;,
        &quot;data&quot; : &quot;widget-controls-passes&quot;,
        &quot;relatedNodes&quot; : [ ]
      } ],
      &quot;all&quot; : [ ],
      &quot;none&quot; : [ ],
      &quot;failureSummary&quot; : null
    }, {
      &quot;html&quot; : &quot;&lt;input type=\&quot;radio\&quot; name=\&quot;widget-type\&quot; id=\&quot;widget-controls-reservations\&quot; value=\&quot;2\&quot;&gt;&quot;,
      &quot;target&quot; : [ &quot;#widget-controls-reservations&quot; ],
      &quot;impact&quot; : null,
      &quot;any&quot; : [ {
        &quot;id&quot; : &quot;duplicate-id-aria&quot;,
        &quot;impact&quot; : &quot;critical&quot;,
        &quot;message&quot; : &quot;Document has no elements referenced with ARIA or labels that share the same id attribute&quot;,
        &quot;data&quot; : &quot;widget-controls-reservations&quot;,
        &quot;relatedNodes&quot; : [ ]
      } ],
      &quot;all&quot; : [ ],
      &quot;none&quot; : [ ],
      &quot;failureSummary&quot; : null
    }, {
      &quot;html&quot; : &quot;&lt;input type=\&quot;radio\&quot; name=\&quot;widget-type\&quot; id=\&quot;widget-controls-activities\&quot; value=\&quot;4\&quot;&gt;&quot;,
      &quot;target&quot; : [ &quot;#widget-controls-activities&quot; ],
      &quot;impact&quot; : null,
      &quot;any&quot; : [ {
        &quot;id&quot; : &quot;duplicate-id-aria&quot;,
        &quot;impact&quot; : &quot;critical&quot;,
        &quot;message&quot; : &quot;Document has no elements referenced with ARIA or labels that share the same id attribute&quot;,
        &quot;data&quot; : &quot;widget-controls-activities&quot;,
        &quot;relatedNodes&quot; : [ ]
      } ],
      &quot;all&quot; : [ ],
      &quot;none&quot; : [ ],
      &quot;failureSummary&quot; : null
    }, {
      &quot;html&quot; : &quot;&lt;input type=\&quot;radio\&quot; name=\&quot;widget-type\&quot; id=\&quot;widget-controls-hotels\&quot; value=\&quot;3\&quot;&gt;&quot;,
      &quot;target&quot; : [ &quot;#widget-controls-hotels&quot; ],
      &quot;impact&quot; : null,
      &quot;any&quot; : [ {
        &quot;id&quot; : &quot;duplicate-id-aria&quot;,
        &quot;impact&quot; : &quot;critical&quot;,
        &quot;message&quot; : &quot;Document has no elements referenced with ARIA or labels that share the same id attribute&quot;,
        &quot;data&quot; : &quot;widget-controls-hotels&quot;,
        &quot;relatedNodes&quot; : [ ]
      } ],
      &quot;all&quot; : [ ],
      &quot;none&quot; : [ ],
      &quot;failureSummary&quot; : null
    }, {
      &quot;html&quot; : &quot;&lt;input type=\&quot;radio\&quot; name=\&quot;route-type\&quot; id=\&quot;route-type-one-way\&quot; value=\&quot;0\&quot; checked=\&quot;checked\&quot;&gt;&quot;,
      &quot;target&quot; : [ &quot;#route-type-one-way&quot; ],
      &quot;impact&quot; : null,
      &quot;any&quot; : [ {
        &quot;id&quot; : &quot;duplicate-id-aria&quot;,
        &quot;impact&quot; : &quot;critical&quot;,
        &quot;message&quot; : &quot;Document has no elements referenced with ARIA or labels that share the same id attribute&quot;,
        &quot;data&quot; : &quot;route-type-one-way&quot;,
        &quot;relatedNodes&quot; : [ ]
      } ],
      &quot;all&quot; : [ ],
      &quot;none&quot; : [ ],
      &quot;failureSummary&quot; : null
    }, {
      &quot;html&quot; : &quot;&lt;input type=\&quot;radio\&quot; name=\&quot;route-type\&quot; id=\&quot;route-type-round-trip\&quot; value=\&quot;1\&quot;&gt;&quot;,
      &quot;target&quot; : [ &quot;#route-type-round-trip&quot; ],
      &quot;impact&quot; : null,
      &quot;any&quot; : [ {
        &quot;id&quot; : &quot;duplicate-id-aria&quot;,
        &quot;impact&quot; : &quot;critical&quot;,
        &quot;message&quot; : &quot;Document has no elements referenced with ARIA or labels that share the same id attribute&quot;,
        &quot;data&quot; : &quot;route-type-round-trip&quot;,
        &quot;relatedNodes&quot; : [ ]
      } ],
      &quot;all&quot; : [ ],
      &quot;none&quot; : [ ],
      &quot;failureSummary&quot; : null
    }, {
      &quot;html&quot; : &quot;&lt;input type=\&quot;radio\&quot; name=\&quot;route-type\&quot; id=\&quot;route-type-multi-city\&quot; value=\&quot;2\&quot;&gt;&quot;,
      &quot;target&quot; : [ &quot;#route-type-multi-city&quot; ],
      &quot;impact&quot; : null,
      &quot;any&quot; : [ {
        &quot;id&quot; : &quot;duplicate-id-aria&quot;,
        &quot;impact&quot; : &quot;critical&quot;,
        &quot;message&quot; : &quot;Document has no elements referenced with ARIA or labels that share the same id attribute&quot;,
        &quot;data&quot; : &quot;route-type-multi-city&quot;,
        &quot;relatedNodes&quot; : [ ]
      } ],
      &quot;all&quot; : [ ],
      &quot;none&quot; : [ ],
      &quot;failureSummary&quot; : null
    }, {
      &quot;html&quot; : &quot;&lt;input type=\&quot;text\&quot; value=\&quot;\&quot; class=\&quot;city-input ac_input ui-autocomplete-input\&quot; autocomplete=\&quot;off\&quot; id=\&quot;from0\&quot; name=\&quot;from0\&quot; tabindex=\&quot;1\&quot; role=\&quot;textbox\&quot; aria-autocomplete=\&quot;list\&quot; aria-haspopup=\&quot;true\&quot;&gt;&quot;,
      &quot;target&quot; : [ &quot;#from0&quot; ],
      &quot;impact&quot; : null,
      &quot;any&quot; : [ {
        &quot;id&quot; : &quot;duplicate-id-aria&quot;,
        &quot;impact&quot; : &quot;critical&quot;,
        &quot;message&quot; : &quot;Document has no elements referenced with ARIA or labels that share the same id attribute&quot;,
        &quot;data&quot; : &quot;from0&quot;,
        &quot;relatedNodes&quot; : [ ]
      } ],
      &quot;all&quot; : [ ],
      &quot;none&quot; : [ ],
      &quot;failureSummary&quot; : null
    }, {
      &quot;html&quot; : &quot;&lt;input type=\&quot;text\&quot; value=\&quot;\&quot; class=\&quot;city-input ac_input ui-autocomplete-input\&quot; autocomplete=\&quot;off\&quot; id=\&quot;to0\&quot; name=\&quot;to0\&quot; tabindex=\&quot;1\&quot; role=\&quot;textbox\&quot; aria-autocomplete=\&quot;list\&quot; aria-haspopup=\&quot;true\&quot;&gt;&quot;,
      &quot;target&quot; : [ &quot;#to0&quot; ],
      &quot;impact&quot; : null,
      &quot;any&quot; : [ {
        &quot;id&quot; : &quot;duplicate-id-aria&quot;,
        &quot;impact&quot; : &quot;critical&quot;,
        &quot;message&quot; : &quot;Document has no elements referenced with ARIA or labels that share the same id attribute&quot;,
        &quot;data&quot; : &quot;to0&quot;,
        &quot;relatedNodes&quot; : [ ]
      } ],
      &quot;all&quot; : [ ],
      &quot;none&quot; : [ ],
      &quot;failureSummary&quot; : null
    }, {
      &quot;html&quot; : &quot;&lt;input size=\&quot;10\&quot; id=\&quot;deptDate0\&quot; name=\&quot;deptDate0\&quot; placeholder=\&quot;mm/dd/yyyy\&quot; value=\&quot;\&quot; tabindex=\&quot;3\&quot; class=\&quot;hasDatepicker input-dept\&quot;&gt;&quot;,
      &quot;target&quot; : [ &quot;#deptDate0&quot; ],
      &quot;impact&quot; : null,
      &quot;any&quot; : [ {
        &quot;id&quot; : &quot;duplicate-id-aria&quot;,
        &quot;impact&quot; : &quot;critical&quot;,
        &quot;message&quot; : &quot;Document has no elements referenced with ARIA or labels that share the same id attribute&quot;,
        &quot;data&quot; : &quot;deptDate0&quot;,
        &quot;relatedNodes&quot; : [ ]
      } ],
      &quot;all&quot; : [ ],
      &quot;none&quot; : [ ],
      &quot;failureSummary&quot; : null
    }, {
      &quot;html&quot; : &quot;&lt;input type=\&quot;radio\&quot; name=\&quot;pass-question-radio\&quot; id=\&quot;pass-question-yes\&quot; value=\&quot;0\&quot;&gt;&quot;,
      &quot;target&quot; : [ &quot;#pass-question-yes&quot; ],
      &quot;impact&quot; : null,
      &quot;any&quot; : [ {
        &quot;id&quot; : &quot;duplicate-id-aria&quot;,
        &quot;impact&quot; : &quot;critical&quot;,
        &quot;message&quot; : &quot;Document has no elements referenced with ARIA or labels that share the same id attribute&quot;,
        &quot;data&quot; : &quot;pass-question-yes&quot;,
        &quot;relatedNodes&quot; : [ ]
      } ],
      &quot;all&quot; : [ ],
      &quot;none&quot; : [ ],
      &quot;failureSummary&quot; : null
    }, {
      &quot;html&quot; : &quot;&lt;input type=\&quot;radio\&quot; name=\&quot;pass-question-radio\&quot; id=\&quot;pass-question-no\&quot; value=\&quot;1\&quot; checked=\&quot;checked\&quot;&gt;&quot;,
      &quot;target&quot; : [ &quot;#pass-question-no&quot; ],
      &quot;impact&quot; : null,
      &quot;any&quot; : [ {
        &quot;id&quot; : &quot;duplicate-id-aria&quot;,
        &quot;impact&quot; : &quot;critical&quot;,
        &quot;message&quot; : &quot;Document has no elements referenced with ARIA or labels that share the same id attribute&quot;,
        &quot;data&quot; : &quot;pass-question-no&quot;,
        &quot;relatedNodes&quot; : [ ]
      } ],
      &quot;all&quot; : [ ],
      &quot;none&quot; : [ ],
      &quot;failureSummary&quot; : null
    }, {
      &quot;html&quot; : &quot;&lt;input type=\&quot;radio\&quot; value=\&quot;9\&quot; name=\&quot;fromFareType\&quot; id=\&quot;1stclass\&quot; selected=\&quot;\&quot; class=\&quot;item\&quot;&gt;&quot;,
      &quot;target&quot; : [ &quot;#\\31 stclass&quot; ],
      &quot;impact&quot; : null,
      &quot;any&quot; : [ {
        &quot;id&quot; : &quot;duplicate-id-aria&quot;,
        &quot;impact&quot; : &quot;critical&quot;,
        &quot;message&quot; : &quot;Document has no elements referenced with ARIA or labels that share the same id attribute&quot;,
        &quot;data&quot; : &quot;1stclass&quot;,
        &quot;relatedNodes&quot; : [ ]
      } ],
      &quot;all&quot; : [ ],
      &quot;none&quot; : [ ],
      &quot;failureSummary&quot; : null
    }, {
      &quot;html&quot; : &quot;&lt;input type=\&quot;radio\&quot; value=\&quot;10\&quot; name=\&quot;fromFareType\&quot; id=\&quot;2ndclass\&quot; class=\&quot;item\&quot;&gt;&quot;,
      &quot;target&quot; : [ &quot;#\\32 ndclass&quot; ],
      &quot;impact&quot; : null,
      &quot;any&quot; : [ {
        &quot;id&quot; : &quot;duplicate-id-aria&quot;,
        &quot;impact&quot; : &quot;critical&quot;,
        &quot;message&quot; : &quot;Document has no elements referenced with ARIA or labels that share the same id attribute&quot;,
        &quot;data&quot; : &quot;2ndclass&quot;,
        &quot;relatedNodes&quot; : [ ]
      } ],
      &quot;all&quot; : [ ],
      &quot;none&quot; : [ ],
      &quot;failureSummary&quot; : null
    }, {
      &quot;html&quot; : &quot;&lt;select class=\&quot;country-select-box\&quot; name=\&quot;country0\&quot; id=\&quot;country0\&quot;&gt;&quot;,
      &quot;target&quot; : [ &quot;#country0&quot; ],
      &quot;impact&quot; : null,
      &quot;any&quot; : [ {
        &quot;id&quot; : &quot;duplicate-id-aria&quot;,
        &quot;impact&quot; : &quot;critical&quot;,
        &quot;message&quot; : &quot;Document has no elements referenced with ARIA or labels that share the same id attribute&quot;,
        &quot;data&quot; : &quot;country0&quot;,
        &quot;relatedNodes&quot; : [ ]
      } ],
      &quot;all&quot; : [ ],
      &quot;none&quot; : [ ],
      &quot;failureSummary&quot; : null
    }, {
      &quot;html&quot; : &quot;&lt;input tabindex=\&quot;2\&quot; value=\&quot;\&quot; placeholder=\&quot;mm/dd/yyyy\&quot; name=\&quot;hotelCheckIn\&quot; id=\&quot;check-in-date\&quot; size=\&quot;10\&quot; class=\&quot;hasDatepicker input-dept\&quot;&gt;&quot;,
      &quot;target&quot; : [ &quot;#check-in-date&quot; ],
      &quot;impact&quot; : null,
      &quot;any&quot; : [ {
        &quot;id&quot; : &quot;duplicate-id-aria&quot;,
        &quot;impact&quot; : &quot;critical&quot;,
        &quot;message&quot; : &quot;Document has no elements referenced with ARIA or labels that share the same id attribute&quot;,
        &quot;data&quot; : &quot;check-in-date&quot;,
        &quot;relatedNodes&quot; : [ ]
      } ],
      &quot;all&quot; : [ ],
      &quot;none&quot; : [ ],
      &quot;failureSummary&quot; : null
    }, {
      &quot;html&quot; : &quot;&lt;input tabindex=\&quot;3\&quot; value=\&quot;\&quot; placeholder=\&quot;mm/dd/yyyy\&quot; name=\&quot;hotelCheckOut\&quot; id=\&quot;check-out-date\&quot; size=\&quot;10\&quot; class=\&quot;hasDatepicker input-dept\&quot;&gt;&quot;,
      &quot;target&quot; : [ &quot;#check-out-date&quot; ],
      &quot;impact&quot; : null,
      &quot;any&quot; : [ {
        &quot;id&quot; : &quot;duplicate-id-aria&quot;,
        &quot;impact&quot; : &quot;critical&quot;,
        &quot;message&quot; : &quot;Document has no elements referenced with ARIA or labels that share the same id attribute&quot;,
        &quot;data&quot; : &quot;check-out-date&quot;,
        &quot;relatedNodes&quot; : [ ]
      } ],
      &quot;all&quot; : [ ],
      &quot;none&quot; : [ ],
      &quot;failureSummary&quot; : null
    }, {
      &quot;html&quot; : &quot;&lt;select tabindex=\&quot;4\&quot; value=\&quot;\&quot; name=\&quot;hotelRoomNr\&quot; id=\&quot;num-rooms\&quot; class=\&quot;traveler-dropdown\&quot;&gt;\n&lt;option value=\&quot;1\&quot;&gt;1&lt;/option&gt;\n&lt;option value=\&quot;2\&quot;&gt;2&lt;/option&gt;\n&lt;option value=\&quot;3\&quot;&gt;3&lt;/option&gt;\n&lt;option value=\&quot;4\&quot;&gt;4&lt;/option&gt;\n&lt;/select&gt;&quot;,
      &quot;target&quot; : [ &quot;#num-rooms&quot; ],
      &quot;impact&quot; : null,
      &quot;any&quot; : [ {
        &quot;id&quot; : &quot;duplicate-id-aria&quot;,
        &quot;impact&quot; : &quot;critical&quot;,
        &quot;message&quot; : &quot;Document has no elements referenced with ARIA or labels that share the same id attribute&quot;,
        &quot;data&quot; : &quot;num-rooms&quot;,
        &quot;relatedNodes&quot; : [ ]
      } ],
      &quot;all&quot; : [ ],
      &quot;none&quot; : [ ],
      &quot;failureSummary&quot; : null
    }, {
      &quot;html&quot; : &quot;&lt;select tabindex=\&quot;5\&quot; value=\&quot;\&quot; name=\&quot;room1adults\&quot; id=\&quot;num-adults\&quot; class=\&quot;traveler-dropdown\&quot;&gt;\n&lt;option value=\&quot;1\&quot;&gt;1&lt;/option&gt;\n&lt;option value=\&quot;2\&quot;&gt;2&lt;/option&gt;\n&lt;option value=\&quot;3\&quot;&gt;3&lt;/option&gt;\n&lt;option value=\&quot;4\&quot;&gt;4&lt;/option&gt;\n&lt;option value=\&quot;5\&quot;&gt;5&lt;/option&gt;\n&lt;option value=\&quot;6\&quot;&gt;6&lt;/option&gt;\n&lt;/select&gt;&quot;,
      &quot;target&quot; : [ &quot;#num-adults&quot; ],
      &quot;impact&quot; : null,
      &quot;any&quot; : [ {
        &quot;id&quot; : &quot;duplicate-id-aria&quot;,
        &quot;impact&quot; : &quot;critical&quot;,
        &quot;message&quot; : &quot;Document has no elements referenced with ARIA or labels that share the same id attribute&quot;,
        &quot;data&quot; : &quot;num-adults&quot;,
        &quot;relatedNodes&quot; : [ ]
      } ],
      &quot;all&quot; : [ ],
      &quot;none&quot; : [ ],
      &quot;failureSummary&quot; : null
    }, {
      &quot;html&quot; : &quot;&lt;select tabindex=\&quot;6\&quot; value=\&quot;\&quot; name=\&quot;room1children\&quot; id=\&quot;num-children\&quot; class=\&quot;traveler-dropdown\&quot;&gt;&quot;,
      &quot;target&quot; : [ &quot;#num-children&quot; ],
      &quot;impact&quot; : null,
      &quot;any&quot; : [ {
        &quot;id&quot; : &quot;duplicate-id-aria&quot;,
        &quot;impact&quot; : &quot;critical&quot;,
        &quot;message&quot; : &quot;Document has no elements referenced with ARIA or labels that share the same id attribute&quot;,
        &quot;data&quot; : &quot;num-children&quot;,
        &quot;relatedNodes&quot; : [ ]
      } ],
      &quot;all&quot; : [ ],
      &quot;none&quot; : [ ],
      &quot;failureSummary&quot; : null
    }, {
      &quot;html&quot; : &quot;&lt;div class=\&quot;ytp-playlist-menu\&quot; role=\&quot;dialog\&quot; id=\&quot;ytp-id-24\&quot; data-layer=\&quot;5\&quot; style=\&quot;display: none;\&quot;&gt;&quot;,
      &quot;target&quot; : [ &quot;#player&quot;, &quot;#ytp-id-24&quot; ],
      &quot;impact&quot; : null,
      &quot;any&quot; : [ {
        &quot;id&quot; : &quot;duplicate-id-aria&quot;,
        &quot;impact&quot; : &quot;critical&quot;,
        &quot;message&quot; : &quot;Document has no elements referenced with ARIA or labels that share the same id attribute&quot;,
        &quot;data&quot; : &quot;ytp-id-24&quot;,
        &quot;relatedNodes&quot; : [ ]
      } ],
      &quot;all&quot; : [ ],
      &quot;none&quot; : [ ],
      &quot;failureSummary&quot; : null
    }, {
      &quot;html&quot; : &quot;&lt;div class=\&quot;ytp-share-panel\&quot; id=\&quot;ytp-id-27\&quot; role=\&quot;dialog\&quot; aria-labelledby=\&quot;ytp-id-26\&quot; data-layer=\&quot;5\&quot; style=\&quot;display: none;\&quot;&gt;&quot;,
      &quot;target&quot; : [ &quot;#player&quot;, &quot;#ytp-id-27&quot; ],
      &quot;impact&quot; : null,
      &quot;any&quot; : [ {
        &quot;id&quot; : &quot;duplicate-id-aria&quot;,
        &quot;impact&quot; : &quot;critical&quot;,
        &quot;message&quot; : &quot;Document has no elements referenced with ARIA or labels that share the same id attribute&quot;,
        &quot;data&quot; : &quot;ytp-id-27&quot;,
        &quot;relatedNodes&quot; : [ ]
      } ],
      &quot;all&quot; : [ ],
      &quot;none&quot; : [ ],
      &quot;failureSummary&quot; : null
    }, {
      &quot;html&quot; : &quot;&lt;div class=\&quot;ytp-share-panel-title\&quot; id=\&quot;ytp-id-26\&quot;&gt;Share&lt;/div&gt;&quot;,
      &quot;target&quot; : [ &quot;#player&quot;, &quot;#ytp-id-26&quot; ],
      &quot;impact&quot; : null,
      &quot;any&quot; : [ {
        &quot;id&quot; : &quot;duplicate-id-aria&quot;,
        &quot;impact&quot; : &quot;critical&quot;,
        &quot;message&quot; : &quot;Document has no elements referenced with ARIA or labels that share the same id attribute&quot;,
        &quot;data&quot; : &quot;ytp-id-26&quot;,
        &quot;relatedNodes&quot; : [ ]
      } ],
      &quot;all&quot; : [ ],
      &quot;none&quot; : [ ],
      &quot;failureSummary&quot; : null
    }, {
      &quot;html&quot; : &quot;&lt;div class=\&quot;ytp-overflow-panel\&quot; id=\&quot;ytp-id-31\&quot; role=\&quot;dialog\&quot; data-layer=\&quot;5\&quot; style=\&quot;display: none;\&quot;&gt;&quot;,
      &quot;target&quot; : [ &quot;#player&quot;, &quot;#ytp-id-31&quot; ],
      &quot;impact&quot; : null,
      &quot;any&quot; : [ {
        &quot;id&quot; : &quot;duplicate-id-aria&quot;,
        &quot;impact&quot; : &quot;critical&quot;,
        &quot;message&quot; : &quot;Document has no elements referenced with ARIA or labels that share the same id attribute&quot;,
        &quot;data&quot; : &quot;ytp-id-31&quot;,
        &quot;relatedNodes&quot; : [ ]
      } ],
      &quot;all&quot; : [ ],
      &quot;none&quot; : [ ],
      &quot;failureSummary&quot; : null
    }, {
      &quot;html&quot; : &quot;&lt;div class=\&quot;ytp-info-panel-detail\&quot; role=\&quot;dialog\&quot; id=\&quot;ytp-id-32\&quot;&gt;&quot;,
      &quot;target&quot; : [ &quot;#player&quot;, &quot;#ytp-id-32&quot; ],
      &quot;impact&quot; : null,
      &quot;any&quot; : [ {
        &quot;id&quot; : &quot;duplicate-id-aria&quot;,
        &quot;impact&quot; : &quot;critical&quot;,
        &quot;message&quot; : &quot;Document has no elements referenced with ARIA or labels that share the same id attribute&quot;,
        &quot;data&quot; : &quot;ytp-id-32&quot;,
        &quot;relatedNodes&quot; : [ ]
      } ],
      &quot;all&quot; : [ ],
      &quot;none&quot; : [ ],
      &quot;failureSummary&quot; : null
    }, {
      &quot;html&quot; : &quot;&lt;div class=\&quot;ytp-popup ytp-settings-menu\&quot; data-layer=\&quot;6\&quot; id=\&quot;ytp-id-18\&quot; style=\&quot;display: none;\&quot;&gt;&lt;div class=\&quot;ytp-panel\&quot;&gt;&lt;div class=\&quot;ytp-panel-menu\&quot; role=\&quot;menu\&quot;&gt;&lt;/div&gt;&lt;/div&gt;&lt;/div&gt;&quot;,
      &quot;target&quot; : [ &quot;#player&quot;, &quot;#ytp-id-18&quot; ],
      &quot;impact&quot; : null,
      &quot;any&quot; : [ {
        &quot;id&quot; : &quot;duplicate-id-aria&quot;,
        &quot;impact&quot; : &quot;critical&quot;,
        &quot;message&quot; : &quot;Document has no elements referenced with ARIA or labels that share the same id attribute&quot;,
        &quot;data&quot; : &quot;ytp-id-18&quot;,
        &quot;relatedNodes&quot; : [ ]
      } ],
      &quot;all&quot; : [ ],
      &quot;none&quot; : [ ],
      &quot;failureSummary&quot; : null
    } ],
    &quot;url&quot; : null,
    &quot;createdDate&quot; : null
  }, {
    &quot;id&quot; : &quot;duplicate-id&quot;,
    &quot;description&quot; : &quot;Ensures every id attribute value is unique&quot;,
    &quot;help&quot; : &quot;id attribute value must be unique&quot;,
    &quot;helpUrl&quot; : &quot;https://dequeuniversity.com/rules/axe/4.6/duplicate-id?application=axeAPI&quot;,
    &quot;impact&quot; : &quot;minor&quot;,
    &quot;tags&quot; : [ &quot;cat.parsing&quot;, &quot;wcag2a&quot;, &quot;wcag411&quot; ],
    &quot;nodes&quot; : [ {
      &quot;html&quot; : &quot;&lt;script type=\&quot;text/javascript\&quot; id=\&quot;www-widgetapi-script\&quot; src=\&quot;https://www.youtube.com/s/player/6f20102c/www-widgetapi.vflset/www-widgetapi.js\&quot; async=\&quot;\&quot;&gt;&lt;/script&gt;&quot;,
      &quot;target&quot; : [ &quot;#www-widgetapi-script&quot; ],
      &quot;impact&quot; : null,
      &quot;any&quot; : [ {
        &quot;id&quot; : &quot;duplicate-id&quot;,
        &quot;impact&quot; : &quot;minor&quot;,
        &quot;message&quot; : &quot;Document has no static elements that share the same id attribute&quot;,
        &quot;data&quot; : &quot;www-widgetapi-script&quot;,
        &quot;relatedNodes&quot; : [ ]
      } ],
      &quot;all&quot; : [ ],
      &quot;none&quot; : [ ],
      &quot;failureSummary&quot; : null
    }, {
      &quot;html&quot; : &quot;&lt;script id=\&quot;facebook-jssdk\&quot; src=\&quot;/assets/demo-sites/mars/js/all.js\&quot;&gt;&lt;/script&gt;&quot;,
      &quot;target&quot; : [ &quot;#facebook-jssdk&quot; ],
      &quot;impact&quot; : null,
      &quot;any&quot; : [ {
        &quot;id&quot; : &quot;duplicate-id&quot;,
        &quot;impact&quot; : &quot;minor&quot;,
        &quot;message&quot; : &quot;Document has no static elements that share the same id attribute&quot;,
        &quot;data&quot; : &quot;facebook-jssdk&quot;,
        &quot;relatedNodes&quot; : [ ]
      } ],
      &quot;all&quot; : [ ],
      &quot;none&quot; : [ ],
      &quot;failureSummary&quot; : null
    }, {
      &quot;html&quot; : &quot;&lt;script id=\&quot;twitter-wjs\&quot; src=\&quot;/assets/demo-sites/mars/js/widgets.js\&quot;&gt;&lt;/script&gt;&quot;,
      &quot;target&quot; : [ &quot;#twitter-wjs&quot; ],
      &quot;impact&quot; : null,
      &quot;any&quot; : [ {
        &quot;id&quot; : &quot;duplicate-id&quot;,
        &quot;impact&quot; : &quot;minor&quot;,
        &quot;message&quot; : &quot;Document has no static elements that share the same id attribute&quot;,
        &quot;data&quot; : &quot;twitter-wjs&quot;,
        &quot;relatedNodes&quot; : [ ]
      } ],
      &quot;all&quot; : [ ],
      &quot;none&quot; : [ ],
      &quot;failureSummary&quot; : null
    }, {
      &quot;html&quot; : &quot;&lt;script type=\&quot;text/javascript\&quot; charset=\&quot;UTF-8\&quot; src=\&quot;/assets/demo-sites/mars/js/saved_resource(1)\&quot; id=\&quot;lpScriptId941291587659-604199453256\&quot;&gt;&lt;/script&gt;&quot;,
      &quot;target&quot; : [ &quot;#lpScriptId941291587659-604199453256&quot; ],
      &quot;impact&quot; : null,
      &quot;any&quot; : [ {
        &quot;id&quot; : &quot;duplicate-id&quot;,
        &quot;impact&quot; : &quot;minor&quot;,
        &quot;message&quot; : &quot;Document has no static elements that share the same id attribute&quot;,
        &quot;data&quot; : &quot;lpScriptId941291587659-604199453256&quot;,
        &quot;relatedNodes&quot; : [ ]
      } ],
      &quot;all&quot; : [ ],
      &quot;none&quot; : [ ],
      &quot;failureSummary&quot; : null
    }, {
      &quot;html&quot; : &quot;&lt;div id=\&quot;purposeDisclaimer\&quot;&gt;This web page is for demonstration purposes, to show common accessibility errors.&lt;/div&gt;&quot;,
      &quot;target&quot; : [ &quot;#purposeDisclaimer&quot; ],
      &quot;impact&quot; : null,
      &quot;any&quot; : [ {
        &quot;id&quot; : &quot;duplicate-id&quot;,
        &quot;impact&quot; : &quot;minor&quot;,
        &quot;message&quot; : &quot;Document has no static elements that share the same id attribute&quot;,
        &quot;data&quot; : &quot;purposeDisclaimer&quot;,
        &quot;relatedNodes&quot; : [ ]
      } ],
      &quot;all&quot; : [ ],
      &quot;none&quot; : [ ],
      &quot;failureSummary&quot; : null
    }, {
      &quot;html&quot; : &quot;&lt;div id=\&quot;fb-root\&quot; class=\&quot; fb_reset\&quot;&gt;&quot;,
      &quot;target&quot; : [ &quot;#fb-root&quot; ],
      &quot;impact&quot; : null,
      &quot;any&quot; : [ {
        &quot;id&quot; : &quot;duplicate-id&quot;,
        &quot;impact&quot; : &quot;minor&quot;,
        &quot;message&quot; : &quot;Document has no static elements that share the same id attribute&quot;,
        &quot;data&quot; : &quot;fb-root&quot;,
        &quot;relatedNodes&quot; : [ ]
      } ],
      &quot;all&quot; : [ ],
      &quot;none&quot; : [ ],
      &quot;failureSummary&quot; : null
    }, {
      &quot;html&quot; : &quot;&lt;iframe name=\&quot;fb_xdm_frame_http\&quot; frameborder=\&quot;0\&quot; allowtransparency=\&quot;true\&quot; scrolling=\&quot;no\&quot; id=\&quot;fb_xdm_frame_http\&quot; aria-hidden=\&quot;true\&quot; title=\&quot;Facebook Cross Domain Communication Frame\&quot; tab-index=\&quot;-1\&quot; style=\&quot;border: none;\&quot; src=\&quot;/assets/demo-sites/mars/js/xd_arbiter.html\&quot;&gt;&lt;/iframe&gt;&quot;,
      &quot;target&quot; : [ &quot;#fb_xdm_frame_http&quot; ],
      &quot;impact&quot; : null,
      &quot;any&quot; : [ {
        &quot;id&quot; : &quot;duplicate-id&quot;,
        &quot;impact&quot; : &quot;minor&quot;,
        &quot;message&quot; : &quot;Document has no static elements that share the same id attribute&quot;,
        &quot;data&quot; : &quot;fb_xdm_frame_http&quot;,
        &quot;relatedNodes&quot; : [ ]
      } ],
      &quot;all&quot; : [ ],
      &quot;none&quot; : [ ],
      &quot;failureSummary&quot; : null
    }, {
      &quot;html&quot; : &quot;&lt;iframe name=\&quot;fb_xdm_frame_https\&quot; frameborder=\&quot;0\&quot; allowtransparency=\&quot;true\&quot; scrolling=\&quot;no\&quot; id=\&quot;fb_xdm_frame_https\&quot; aria-hidden=\&quot;true\&quot; title=\&quot;Facebook Cross Domain Communication Frame\&quot; tab-index=\&quot;-1\&quot; style=\&quot;border: none;\&quot; src=\&quot;/assets/demo-sites/mars/js/xd_arbiter(1).html\&quot;&gt;&lt;/iframe&gt;&quot;,
      &quot;target&quot; : [ &quot;#fb_xdm_frame_https&quot; ],
      &quot;impact&quot; : null,
      &quot;any&quot; : [ {
        &quot;id&quot; : &quot;duplicate-id&quot;,
        &quot;impact&quot; : &quot;minor&quot;,
        &quot;message&quot; : &quot;Document has no static elements that share the same id attribute&quot;,
        &quot;data&quot; : &quot;fb_xdm_frame_https&quot;,
        &quot;relatedNodes&quot; : [ ]
      } ],
      &quot;all&quot; : [ ],
      &quot;none&quot; : [ ],
      &quot;failureSummary&quot; : null
    }, {
      &quot;html&quot; : &quot;&lt;div id=\&quot;header-panel\&quot; class=\&quot;container\&quot;&gt;&quot;,
      &quot;target&quot; : [ &quot;#header-panel&quot; ],
      &quot;impact&quot; : null,
      &quot;any&quot; : [ {
        &quot;id&quot; : &quot;duplicate-id&quot;,
        &quot;impact&quot; : &quot;minor&quot;,
        &quot;message&quot; : &quot;Document has no static elements that share the same id attribute&quot;,
        &quot;data&quot; : &quot;header-panel&quot;,
        &quot;relatedNodes&quot; : [ ]
      } ],
      &quot;all&quot; : [ ],
      &quot;none&quot; : [ ],
      &quot;failureSummary&quot; : null
    }, {
      &quot;html&quot; : &quot;&lt;div class=\&quot;pull-left\&quot; id=\&quot;logo\&quot;&gt;\n&lt;a href=\&quot;demo/mars/#\&quot; title=\&quot;MarsCommuter®\&quot;&gt;\n&lt;i class=\&quot;icon-logo\&quot;&gt;&lt;/i&gt;\n&lt;/a&gt;\n    &lt;/div&gt;&quot;,
      &quot;target&quot; : [ &quot;#logo&quot; ],
      &quot;impact&quot; : null,
      &quot;any&quot; : [ {
        &quot;id&quot; : &quot;duplicate-id&quot;,
        &quot;impact&quot; : &quot;minor&quot;,
        &quot;message&quot; : &quot;Document has no static elements that share the same id attribute&quot;,
        &quot;data&quot; : &quot;logo&quot;,
        &quot;relatedNodes&quot; : [ ]
      } ],
      &quot;all&quot; : [ ],
      &quot;none&quot; : [ ],
      &quot;failureSummary&quot; : null
    }, {
      &quot;html&quot; : &quot;&lt;div id=\&quot;identity\&quot; class=\&quot;pull-right\&quot;&gt;\n        &lt;span class=\&quot;loggedin first\&quot; style=\&quot;display: none;\&quot;&gt;\n          You are signed in as &lt;a href=\&quot;mars2.html?a=email\&quot;&gt;&lt;span id=\&quot;email\&quot;&gt;&lt;/span&gt; &lt;/a&gt;\n        &lt;/span&gt;\n&lt;/div&gt;&quot;,
      &quot;target&quot; : [ &quot;#identity&quot; ],
      &quot;impact&quot; : null,
      &quot;any&quot; : [ {
        &quot;id&quot; : &quot;duplicate-id&quot;,
        &quot;impact&quot; : &quot;minor&quot;,
        &quot;message&quot; : &quot;Document has no static elements that share the same id attribute&quot;,
        &quot;data&quot; : &quot;identity&quot;,
        &quot;relatedNodes&quot; : [ ]
      } ],
      &quot;all&quot; : [ ],
      &quot;none&quot; : [ ],
      &quot;failureSummary&quot; : null
    }, {
      &quot;html&quot; : &quot;&lt;span id=\&quot;email\&quot;&gt;&lt;/span&gt;&quot;,
      &quot;target&quot; : [ &quot;#email&quot; ],
      &quot;impact&quot; : null,
      &quot;any&quot; : [ {
        &quot;id&quot; : &quot;duplicate-id&quot;,
        &quot;impact&quot; : &quot;minor&quot;,
        &quot;message&quot; : &quot;Document has no static elements that share the same id attribute&quot;,
        &quot;data&quot; : &quot;email&quot;,
        &quot;relatedNodes&quot; : [ ]
      } ],
      &quot;all&quot; : [ ],
      &quot;none&quot; : [ ],
      &quot;failureSummary&quot; : null
    }, {
      &quot;html&quot; : &quot;&lt;div id=\&quot;language-bar\&quot; class=\&quot;pull-right\&quot;&gt;&quot;,
      &quot;target&quot; : [ &quot;#language-bar&quot; ],
      &quot;impact&quot; : null,
      &quot;any&quot; : [ {
        &quot;id&quot; : &quot;duplicate-id&quot;,
        &quot;impact&quot; : &quot;minor&quot;,
        &quot;message&quot; : &quot;Document has no static elements that share the same id attribute&quot;,
        &quot;data&quot; : &quot;language-bar&quot;,
        &quot;relatedNodes&quot; : [ ]
      } ],
      &quot;all&quot; : [ ],
      &quot;none&quot; : [ ],
      &quot;failureSummary&quot; : null
    }, {
      &quot;html&quot; : &quot;&lt;li id=\&quot;country-select\&quot; class=\&quot;dropdown\&quot;&gt;\n\n&lt;a href=\&quot;javascript:;\&quot; class=\&quot;dropdown-toggle\&quot; data-toggle=\&quot;dropdown\&quot;&gt;\nYour country&lt;span class=\&quot;currency-select\&quot;&gt;&lt;!--($USD)--&gt;&lt;/span&gt;\n&lt;i class=\&quot;icon-langbar-down-arrow\&quot;&gt;&lt;/i&gt;\n&lt;/a&gt;&lt;ul class=\&quot;dropdown-menu\&quot;&gt;&lt;/ul&gt;\n&lt;/li&gt;&quot;,
      &quot;target&quot; : [ &quot;#country-select&quot; ],
      &quot;impact&quot; : null,
      &quot;any&quot; : [ {
        &quot;id&quot; : &quot;duplicate-id&quot;,
        &quot;impact&quot; : &quot;minor&quot;,
        &quot;message&quot; : &quot;Document has no static elements that share the same id attribute&quot;,
        &quot;data&quot; : &quot;country-select&quot;,
        &quot;relatedNodes&quot; : [ ]
      } ],
      &quot;all&quot; : [ ],
      &quot;none&quot; : [ ],
      &quot;failureSummary&quot; : null
    }, {
      &quot;html&quot; : &quot;&lt;div id=\&quot;menu-panel\&quot; class=\&quot;container\&quot;&gt;&quot;,
      &quot;target&quot; : [ &quot;#menu-panel&quot; ],
      &quot;impact&quot; : null,
      &quot;any&quot; : [ {
        &quot;id&quot; : &quot;duplicate-id&quot;,
        &quot;impact&quot; : &quot;minor&quot;,
        &quot;message&quot; : &quot;Document has no static elements that share the same id attribute&quot;,
        &quot;data&quot; : &quot;menu-panel&quot;,
        &quot;relatedNodes&quot; : [ ]
      } ],
      &quot;all&quot; : [ ],
      &quot;none&quot; : [ ],
      &quot;failureSummary&quot; : null
    }, {
      &quot;html&quot; : &quot;&lt;nav id=\&quot;main-nav\&quot;&gt;&quot;,
      &quot;target&quot; : [ &quot;#main-nav&quot; ],
      &quot;impact&quot; : null,
      &quot;any&quot; : [ {
        &quot;id&quot; : &quot;duplicate-id&quot;,
        &quot;impact&quot; : &quot;minor&quot;,
        &quot;message&quot; : &quot;Document has no static elements that share the same id attribute&quot;,
        &quot;data&quot; : &quot;main-nav&quot;,
        &quot;relatedNodes&quot; : [ ]
      } ],
      &quot;all&quot; : [ ],
      &quot;none&quot; : [ ],
      &quot;failureSummary&quot; : null
    }, {
      &quot;html&quot; : &quot;&lt;nav id=\&quot;main-sub-nav\&quot; class=\&quot;pull-right\&quot;&gt;&quot;,
      &quot;target&quot; : [ &quot;#main-sub-nav&quot; ],
      &quot;impact&quot; : null,
      &quot;any&quot; : [ {
        &quot;id&quot; : &quot;duplicate-id&quot;,
        &quot;impact&quot; : &quot;minor&quot;,
        &quot;message&quot; : &quot;Document has no static elements that share the same id attribute&quot;,
        &quot;data&quot; : &quot;main-sub-nav&quot;,
        &quot;relatedNodes&quot; : [ ]
      } ],
      &quot;all&quot; : [ ],
      &quot;none&quot; : [ ],
      &quot;failureSummary&quot; : null
    }, {
      &quot;html&quot; : &quot;&lt;section id=\&quot;content\&quot; class=\&quot;container\&quot;&gt;&quot;,
      &quot;target&quot; : [ &quot;#content&quot; ],
      &quot;impact&quot; : null,
      &quot;any&quot; : [ {
        &quot;id&quot; : &quot;duplicate-id&quot;,
        &quot;impact&quot; : &quot;minor&quot;,
        &quot;message&quot; : &quot;Document has no static elements that share the same id attribute&quot;,
        &quot;data&quot; : &quot;content&quot;,
        &quot;relatedNodes&quot; : [ ]
      } ],
      &quot;all&quot; : [ ],
      &quot;none&quot; : [ ],
      &quot;failureSummary&quot; : null
    }, {
      &quot;html&quot; : &quot;&lt;div class=\&quot;span7 left-first pull-left\&quot; id=\&quot;left-column\&quot;&gt;&quot;,
      &quot;target&quot; : [ &quot;#left-column&quot; ],
      &quot;impact&quot; : null,
      &quot;any&quot; : [ {
        &quot;id&quot; : &quot;duplicate-id&quot;,
        &quot;impact&quot; : &quot;minor&quot;,
        &quot;message&quot; : &quot;Document has no static elements that share the same id attribute&quot;,
        &quot;data&quot; : &quot;left-column&quot;,
        &quot;relatedNodes&quot; : [ ]
      } ],
      &quot;all&quot; : [ ],
      &quot;none&quot; : [ ],
      &quot;failureSummary&quot; : null
    }, {
      &quot;html&quot; : &quot;&lt;div class=\&quot;span2-5 vap-col left-first\&quot; id=\&quot;vap-plan\&quot;&gt;&quot;,
      &quot;target&quot; : [ &quot;#vap-plan&quot; ],
      &quot;impact&quot; : null,
      &quot;any&quot; : [ {
        &quot;id&quot; : &quot;duplicate-id&quot;,
        &quot;impact&quot; : &quot;minor&quot;,
        &quot;message&quot; : &quot;Document has no static elements that share the same id attribute&quot;,
        &quot;data&quot; : &quot;vap-plan&quot;,
        &quot;relatedNodes&quot; : [ ]
      } ],
      &quot;all&quot; : [ ],
      &quot;none&quot; : [ ],
      &quot;failureSummary&quot; : null
    }, {
      &quot;html&quot; : &quot;&lt;div class=\&quot;span2-5 vap-col\&quot; id=\&quot;vap-book\&quot;&gt;&quot;,
      &quot;target&quot; : [ &quot;#vap-book&quot; ],
      &quot;impact&quot; : null,
      &quot;any&quot; : [ {
        &quot;id&quot; : &quot;duplicate-id&quot;,
        &quot;impact&quot; : &quot;minor&quot;,
        &quot;message&quot; : &quot;Document has no static elements that share the same id attribute&quot;,
        &quot;data&quot; : &quot;vap-book&quot;,
        &quot;relatedNodes&quot; : [ ]
      } ],
      &quot;all&quot; : [ ],
      &quot;none&quot; : [ ],
      &quot;failureSummary&quot; : null
    }, {
      &quot;html&quot; : &quot;&lt;div class=\&quot;span2-5 vap-col\&quot; id=\&quot;vap-travel\&quot;&gt;&quot;,
      &quot;target&quot; : [ &quot;#vap-travel&quot; ],
      &quot;impact&quot; : null,
      &quot;any&quot; : [ {
        &quot;id&quot; : &quot;duplicate-id&quot;,
        &quot;impact&quot; : &quot;minor&quot;,
        &quot;message&quot; : &quot;Document has no static elements that share the same id attribute&quot;,
        &quot;data&quot; : &quot;vap-travel&quot;,
        &quot;relatedNodes&quot; : [ ]
      } ],
      &quot;all&quot; : [ ],
      &quot;none&quot; : [ ],
      &quot;failureSummary&quot; : null
    }, {
      &quot;html&quot; : &quot;&lt;div id=\&quot;vertical-carousel\&quot;&gt;&quot;,
      &quot;target&quot; : [ &quot;#vertical-carousel&quot; ],
      &quot;impact&quot; : null,
      &quot;any&quot; : [ {
        &quot;id&quot; : &quot;duplicate-id&quot;,
        &quot;impact&quot; : &quot;minor&quot;,
        &quot;message&quot; : &quot;Document has no static elements that share the same id attribute&quot;,
        &quot;data&quot; : &quot;vertical-carousel&quot;,
        &quot;relatedNodes&quot; : [ ]
      } ],
      &quot;all&quot; : [ ],
      &quot;none&quot; : [ ],
      &quot;failureSummary&quot; : null
    }, {
      &quot;html&quot; : &quot;&lt;div class=\&quot;span5\&quot; id=\&quot;right-column\&quot;&gt;&quot;,
      &quot;target&quot; : [ &quot;#right-column&quot; ],
      &quot;impact&quot; : null,
      &quot;any&quot; : [ {
        &quot;id&quot; : &quot;duplicate-id&quot;,
        &quot;impact&quot; : &quot;minor&quot;,
        &quot;message&quot; : &quot;Document has no static elements that share the same id attribute&quot;,
        &quot;data&quot; : &quot;right-column&quot;,
        &quot;relatedNodes&quot; : [ ]
      } ],
      &quot;all&quot; : [ ],
      &quot;none&quot; : [ ],
      &quot;failureSummary&quot; : null
    }, {
      &quot;html&quot; : &quot;&lt;div id=\&quot;widget\&quot;&gt;&quot;,
      &quot;target&quot; : [ &quot;#widget&quot; ],
      &quot;impact&quot; : null,
      &quot;any&quot; : [ {
        &quot;id&quot; : &quot;duplicate-id&quot;,
        &quot;impact&quot; : &quot;minor&quot;,
        &quot;message&quot; : &quot;Document has no static elements that share the same id attribute&quot;,
        &quot;data&quot; : &quot;widget&quot;,
        &quot;relatedNodes&quot; : [ ]
      } ],
      &quot;all&quot; : [ ],
      &quot;none&quot; : [ ],
      &quot;failureSummary&quot; : null
    }, {
      &quot;html&quot; : &quot;&lt;div id=\&quot;widget-controls\&quot; class=\&quot;widget-container head\&quot;&gt;&quot;,
      &quot;target&quot; : [ &quot;#widget-controls&quot; ],
      &quot;impact&quot; : null,
      &quot;any&quot; : [ {
        &quot;id&quot; : &quot;duplicate-id&quot;,
        &quot;impact&quot; : &quot;minor&quot;,
        &quot;message&quot; : &quot;Document has no static elements that share the same id attribute&quot;,
        &quot;data&quot; : &quot;widget-controls&quot;,
        &quot;relatedNodes&quot; : [ ]
      } ],
      &quot;all&quot; : [ ],
      &quot;none&quot; : [ ],
      &quot;failureSummary&quot; : null
    }, {
      &quot;html&quot; : &quot;&lt;label id=\&quot;widget-controls-fares-label\&quot; for=\&quot;widget-controls-fares\&quot; class=\&quot;selected\&quot;&gt;Find Fares &amp;amp; Schedules&lt;/label&gt;&quot;,
      &quot;target&quot; : [ &quot;#widget-controls-fares-label&quot; ],
      &quot;impact&quot; : null,
      &quot;any&quot; : [ {
        &quot;id&quot; : &quot;duplicate-id&quot;,
        &quot;impact&quot; : &quot;minor&quot;,
        &quot;message&quot; : &quot;Document has no static elements that share the same id attribute&quot;,
        &quot;data&quot; : &quot;widget-controls-fares-label&quot;,
        &quot;relatedNodes&quot; : [ ]
      } ],
      &quot;all&quot; : [ ],
      &quot;none&quot; : [ ],
      &quot;failureSummary&quot; : null
    }, {
      &quot;html&quot; : &quot;&lt;label id=\&quot;widget-controls-passes-label\&quot; for=\&quot;widget-controls-passes\&quot;&gt;MarsCommuter Passes&lt;/label&gt;&quot;,
      &quot;target&quot; : [ &quot;#widget-controls-passes-label&quot; ],
      &quot;impact&quot; : null,
      &quot;any&quot; : [ {
        &quot;id&quot; : &quot;duplicate-id&quot;,
        &quot;impact&quot; : &quot;minor&quot;,
        &quot;message&quot; : &quot;Document has no static elements that share the same id attribute&quot;,
        &quot;data&quot; : &quot;widget-controls-passes-label&quot;,
        &quot;relatedNodes&quot; : [ ]
      } ],
      &quot;all&quot; : [ ],
      &quot;none&quot; : [ ],
      &quot;failureSummary&quot; : null
    }, {
      &quot;html&quot; : &quot;&lt;label id=\&quot;widget-controls-reservations-label\&quot; for=\&quot;widget-controls-reservations\&quot;&gt;MarsCommuter Reservations&lt;/label&gt;&quot;,
      &quot;target&quot; : [ &quot;#widget-controls-reservations-label&quot; ],
      &quot;impact&quot; : null,
      &quot;any&quot; : [ {
        &quot;id&quot; : &quot;duplicate-id&quot;,
        &quot;impact&quot; : &quot;minor&quot;,
        &quot;message&quot; : &quot;Document has no static elements that share the same id attribute&quot;,
        &quot;data&quot; : &quot;widget-controls-reservations-label&quot;,
        &quot;relatedNodes&quot; : [ ]
      } ],
      &quot;all&quot; : [ ],
      &quot;none&quot; : [ ],
      &quot;failureSummary&quot; : null
    }, {
      &quot;html&quot; : &quot;&lt;label id=\&quot;widget-controls-activities-label\&quot; for=\&quot;widget-controls-activities\&quot;&gt;Find Activities&lt;/label&gt;&quot;,
      &quot;target&quot; : [ &quot;#widget-controls-activities-label&quot; ],
      &quot;impact&quot; : null,
      &quot;any&quot; : [ {
        &quot;id&quot; : &quot;duplicate-id&quot;,
        &quot;impact&quot; : &quot;minor&quot;,
        &quot;message&quot; : &quot;Document has no static elements that share the same id attribute&quot;,
        &quot;data&quot; : &quot;widget-controls-activities-label&quot;,
        &quot;relatedNodes&quot; : [ ]
      } ],
      &quot;all&quot; : [ ],
      &quot;none&quot; : [ ],
      &quot;failureSummary&quot; : null
    }, {
      &quot;html&quot; : &quot;&lt;label id=\&quot;widget-controls-hotels-label\&quot; for=\&quot;widget-controls-hotels\&quot;&gt;Book a Hotel&lt;/label&gt;&quot;,
      &quot;target&quot; : [ &quot;#widget-controls-hotels-label&quot; ],
      &quot;impact&quot; : null,
      &quot;any&quot; : [ {
        &quot;id&quot; : &quot;duplicate-id&quot;,
        &quot;impact&quot; : &quot;minor&quot;,
        &quot;message&quot; : &quot;Document has no static elements that share the same id attribute&quot;,
        &quot;data&quot; : &quot;widget-controls-hotels-label&quot;,
        &quot;relatedNodes&quot; : [ ]
      } ],
      &quot;all&quot; : [ ],
      &quot;none&quot; : [ ],
      &quot;failureSummary&quot; : null
    }, {
      &quot;html&quot; : &quot;&lt;div id=\&quot;active-widget\&quot;&gt;&quot;,
      &quot;target&quot; : [ &quot;#active-widget&quot; ],
      &quot;impact&quot; : null,
      &quot;any&quot; : [ {
        &quot;id&quot; : &quot;duplicate-id&quot;,
        &quot;impact&quot; : &quot;minor&quot;,
        &quot;message&quot; : &quot;Document has no static elements that share the same id attribute&quot;,
        &quot;data&quot; : &quot;active-widget&quot;,
        &quot;relatedNodes&quot; : [ ]
      } ],
      &quot;all&quot; : [ ],
      &quot;none&quot; : [ ],
      &quot;failureSummary&quot; : null
    }, {
      &quot;html&quot; : &quot;&lt;div id=\&quot;booking-box\&quot; class=\&quot;w-b-box\&quot; style=\&quot;display: block;\&quot;&gt;&quot;,
      &quot;target&quot; : [ &quot;#booking-box&quot; ],
      &quot;impact&quot; : null,
      &quot;any&quot; : [ {
        &quot;id&quot; : &quot;duplicate-id&quot;,
        &quot;impact&quot; : &quot;minor&quot;,
        &quot;message&quot; : &quot;Document has no static elements that share the same id attribute&quot;,
        &quot;data&quot; : &quot;booking-box&quot;,
        &quot;relatedNodes&quot; : [ ]
      } ],
      &quot;all&quot; : [ ],
      &quot;none&quot; : [ ],
      &quot;failureSummary&quot; : null
    }, {
      &quot;html&quot; : &quot;&lt;form name=\&quot;form1\&quot; target=\&quot;_top\&quot; id=\&quot;form1\&quot; method=\&quot;get\&quot; class=\&quot;form-fill ptp_request ptp-form\&quot; action=\&quot;/demo/mars/mars2\&quot;&gt;&quot;,
      &quot;target&quot; : [ &quot;#form1&quot; ],
      &quot;impact&quot; : null,
      &quot;any&quot; : [ {
        &quot;id&quot; : &quot;duplicate-id&quot;,
        &quot;impact&quot; : &quot;minor&quot;,
        &quot;message&quot; : &quot;Document has no static elements that share the same id attribute&quot;,
        &quot;data&quot; : &quot;form1&quot;,
        &quot;relatedNodes&quot; : [ ]
      } ],
      &quot;all&quot; : [ ],
      &quot;none&quot; : [ ],
      &quot;failureSummary&quot; : null
    }, {
      &quot;html&quot; : &quot;&lt;input type=\&quot;hidden\&quot; name=\&quot;fn\&quot; value=\&quot;fsRequest\&quot; id=\&quot;ptp-form-fn\&quot;&gt;&quot;,
      &quot;target&quot; : [ &quot;#ptp-form-fn&quot; ],
      &quot;impact&quot; : null,
      &quot;any&quot; : [ {
        &quot;id&quot; : &quot;duplicate-id&quot;,
        &quot;impact&quot; : &quot;minor&quot;,
        &quot;message&quot; : &quot;Document has no static elements that share the same id attribute&quot;,
        &quot;data&quot; : &quot;ptp-form-fn&quot;,
        &quot;relatedNodes&quot; : [ ]
      } ],
      &quot;all&quot; : [ ],
      &quot;none&quot; : [ ],
      &quot;failureSummary&quot; : null
    }, {
      &quot;html&quot; : &quot;&lt;input type=\&quot;hidden\&quot; name=\&quot;roundtrip\&quot; value=\&quot;0\&quot; id=\&quot;roundtrip\&quot;&gt;&quot;,
      &quot;target&quot; : [ &quot;#roundtrip&quot; ],
      &quot;impact&quot; : null,
      &quot;any&quot; : [ {
        &quot;id&quot; : &quot;duplicate-id&quot;,
        &quot;impact&quot; : &quot;minor&quot;,
        &quot;message&quot; : &quot;Document has no static elements that share the same id attribute&quot;,
        &quot;data&quot; : &quot;roundtrip&quot;,
        &quot;relatedNodes&quot; : [ ]
      } ],
      &quot;all&quot; : [ ],
      &quot;none&quot; : [ ],
      &quot;failureSummary&quot; : null
    }, {
      &quot;html&quot; : &quot;&lt;input id=\&quot;from1\&quot; name=\&quot;from1\&quot; type=\&quot;hidden\&quot; class=\&quot;fromone\&quot;&gt;&quot;,
      &quot;target&quot; : [ &quot;#from1&quot; ],
      &quot;impact&quot; : null,
      &quot;any&quot; : [ {
        &quot;id&quot; : &quot;duplicate-id&quot;,
        &quot;impact&quot; : &quot;minor&quot;,
        &quot;message&quot; : &quot;Document has no static elements that share the same id attribute&quot;,
        &quot;data&quot; : &quot;from1&quot;,
        &quot;relatedNodes&quot; : [ ]
      } ],
      &quot;all&quot; : [ ],
      &quot;none&quot; : [ ],
      &quot;failureSummary&quot; : null
    }, {
      &quot;html&quot; : &quot;&lt;input id=\&quot;to1\&quot; name=\&quot;to1\&quot; type=\&quot;hidden\&quot; class=\&quot;toone\&quot;&gt;&quot;,
      &quot;target&quot; : [ &quot;#to1&quot; ],
      &quot;impact&quot; : null,
      &quot;any&quot; : [ {
        &quot;id&quot; : &quot;duplicate-id&quot;,
        &quot;impact&quot; : &quot;minor&quot;,
        &quot;message&quot; : &quot;Document has no static elements that share the same id attribute&quot;,
        &quot;data&quot; : &quot;to1&quot;,
        &quot;relatedNodes&quot; : [ ]
      } ],
      &quot;all&quot; : [ ],
      &quot;none&quot; : [ ],
      &quot;failureSummary&quot; : null
    }, {
      &quot;html&quot; : &quot;&lt;input id=\&quot;v\&quot; name=\&quot;v\&quot; type=\&quot;hidden\&quot;&gt;&quot;,
      &quot;target&quot; : [ &quot;#v&quot; ],
      &quot;impact&quot; : null,
      &quot;any&quot; : [ {
        &quot;id&quot; : &quot;duplicate-id&quot;,
        &quot;impact&quot; : &quot;minor&quot;,
        &quot;message&quot; : &quot;Document has no static elements that share the same id attribute&quot;,
        &quot;data&quot; : &quot;v&quot;,
        &quot;relatedNodes&quot; : [ ]
      } ],
      &quot;all&quot; : [ ],
      &quot;none&quot; : [ ],
      &quot;failureSummary&quot; : null
    }, {
      &quot;html&quot; : &quot;&lt;input type=\&quot;hidden\&quot; id=\&quot;isAtocRequest\&quot; name=\&quot;isAtocRequest\&quot; value=\&quot;0\&quot;&gt;&quot;,
      &quot;target&quot; : [ &quot;#isAtocRequest&quot; ],
      &quot;impact&quot; : null,
      &quot;any&quot; : [ {
        &quot;id&quot; : &quot;duplicate-id&quot;,
        &quot;impact&quot; : &quot;minor&quot;,
        &quot;message&quot; : &quot;Document has no static elements that share the same id attribute&quot;,
        &quot;data&quot; : &quot;isAtocRequest&quot;,
        &quot;relatedNodes&quot; : [ ]
      } ],
      &quot;all&quot; : [ ],
      &quot;none&quot; : [ ],
      &quot;failureSummary&quot; : null
    }, {
      &quot;html&quot; : &quot;&lt;input type=\&quot;hidden\&quot; id=\&quot;georequest\&quot; name=\&quot;georequest\&quot; value=\&quot;1\&quot;&gt;&quot;,
      &quot;target&quot; : [ &quot;#georequest&quot; ],
      &quot;impact&quot; : null,
      &quot;any&quot; : [ {
        &quot;id&quot; : &quot;duplicate-id&quot;,
        &quot;impact&quot; : &quot;minor&quot;,
        &quot;message&quot; : &quot;Document has no static elements that share the same id attribute&quot;,
        &quot;data&quot; : &quot;georequest&quot;,
        &quot;relatedNodes&quot; : [ ]
      } ],
      &quot;all&quot; : [ ],
      &quot;none&quot; : [ ],
      &quot;failureSummary&quot; : null
    }, {
      &quot;html&quot; : &quot;&lt;div id=\&quot;route-select\&quot; class=\&quot;widget-container middle\&quot;&gt;&quot;,
      &quot;target&quot; : [ &quot;#route-select&quot; ],
      &quot;impact&quot; : null,
      &quot;any&quot; : [ {
        &quot;id&quot; : &quot;duplicate-id&quot;,
        &quot;impact&quot; : &quot;minor&quot;,
        &quot;message&quot; : &quot;Document has no static elements that share the same id attribute&quot;,
        &quot;data&quot; : &quot;route-select&quot;,
        &quot;relatedNodes&quot; : [ ]
      } ],
      &quot;all&quot; : [ ],
      &quot;none&quot; : [ ],
      &quot;failureSummary&quot; : null
    }, {
      &quot;html&quot; : &quot;&lt;div id=\&quot;route-type-radio-group\&quot; class=\&quot;\&quot;&gt;&quot;,
      &quot;target&quot; : [ &quot;#route-type-radio-group&quot; ],
      &quot;impact&quot; : null,
      &quot;any&quot; : [ {
        &quot;id&quot; : &quot;duplicate-id&quot;,
        &quot;impact&quot; : &quot;minor&quot;,
        &quot;message&quot; : &quot;Document has no static elements that share the same id attribute&quot;,
        &quot;data&quot; : &quot;route-type-radio-group&quot;,
        &quot;relatedNodes&quot; : [ ]
      } ],
      &quot;all&quot; : [ ],
      &quot;none&quot; : [ ],
      &quot;failureSummary&quot; : null
    }, {
      &quot;html&quot; : &quot;&lt;div id=\&quot;route-type\&quot;&gt;&quot;,
      &quot;target&quot; : [ &quot;#route-type&quot; ],
      &quot;impact&quot; : null,
      &quot;any&quot; : [ {
        &quot;id&quot; : &quot;duplicate-id&quot;,
        &quot;impact&quot; : &quot;minor&quot;,
        &quot;message&quot; : &quot;Document has no static elements that share the same id attribute&quot;,
        &quot;data&quot; : &quot;route-type&quot;,
        &quot;relatedNodes&quot; : [ ]
      } ],
      &quot;all&quot; : [ ],
      &quot;none&quot; : [ ],
      &quot;failureSummary&quot; : null
    }, {
      &quot;html&quot; : &quot;&lt;div id=\&quot;trips\&quot;&gt;&quot;,
      &quot;target&quot; : [ &quot;#trips&quot; ],
      &quot;impact&quot; : null,
      &quot;any&quot; : [ {
        &quot;id&quot; : &quot;duplicate-id&quot;,
        &quot;impact&quot; : &quot;minor&quot;,
        &quot;message&quot; : &quot;Document has no static elements that share the same id attribute&quot;,
        &quot;data&quot; : &quot;trips&quot;,
        &quot;relatedNodes&quot; : [ ]
      } ],
      &quot;all&quot; : [ ],
      &quot;none&quot; : [ ],
      &quot;failureSummary&quot; : null
    }, {
      &quot;html&quot; : &quot;&lt;div id=\&quot;route0\&quot; class=\&quot;trip\&quot;&gt;&quot;,
      &quot;target&quot; : [ &quot;#route0&quot; ],
      &quot;impact&quot; : null,
      &quot;any&quot; : [ {
        &quot;id&quot; : &quot;duplicate-id&quot;,
        &quot;impact&quot; : &quot;minor&quot;,
        &quot;message&quot; : &quot;Document has no static elements that share the same id attribute&quot;,
        &quot;data&quot; : &quot;route0&quot;,
        &quot;relatedNodes&quot; : [ ]
      } ],
      &quot;all&quot; : [ ],
      &quot;none&quot; : [ ],
      &quot;failureSummary&quot; : null
    }, {
      &quot;html&quot; : &quot;&lt;div id=\&quot;pass-question-radio-group\&quot; class=\&quot;\&quot;&gt;&quot;,
      &quot;target&quot; : [ &quot;#pass-question-radio-group&quot; ],
      &quot;impact&quot; : null,
      &quot;any&quot; : [ {
        &quot;id&quot; : &quot;duplicate-id&quot;,
        &quot;impact&quot; : &quot;minor&quot;,
        &quot;message&quot; : &quot;Document has no static elements that share the same id attribute&quot;,
        &quot;data&quot; : &quot;pass-question-radio-group&quot;,
        &quot;relatedNodes&quot; : [ ]
      } ],
      &quot;all&quot; : [ ],
      &quot;none&quot; : [ ],
      &quot;failureSummary&quot; : null
    }, {
      &quot;html&quot; : &quot;&lt;div id=\&quot;passes-list\&quot; class=\&quot;passbuilder\&quot; style=\&quot;display: none;\&quot;&gt;&quot;,
      &quot;target&quot; : [ &quot;#passes-list&quot; ],
      &quot;impact&quot; : null,
      &quot;any&quot; : [ {
        &quot;id&quot; : &quot;duplicate-id&quot;,
        &quot;impact&quot; : &quot;minor&quot;,
        &quot;message&quot; : &quot;Document has no static elements that share the same id attribute&quot;,
        &quot;data&quot; : &quot;passes-list&quot;,
        &quot;relatedNodes&quot; : [ ]
      } ],
      &quot;all&quot; : [ ],
      &quot;none&quot; : [ ],
      &quot;failureSummary&quot; : null
    }, {
      &quot;html&quot; : &quot;&lt;div id=\&quot;pass-yes\&quot; class=\&quot;pass-question\&quot;&gt;\n                            Enter the name of your Mars pass in the box and we&#039;ll search for compatible reservations. &lt;/div&gt;&quot;,
      &quot;target&quot; : [ &quot;#pass-yes&quot; ],
      &quot;impact&quot; : null,
      &quot;any&quot; : [ {
        &quot;id&quot; : &quot;duplicate-id&quot;,
        &quot;impact&quot; : &quot;minor&quot;,
        &quot;message&quot; : &quot;Document has no static elements that share the same id attribute&quot;,
        &quot;data&quot; : &quot;pass-yes&quot;,
        &quot;relatedNodes&quot; : [ ]
      } ],
      &quot;all&quot; : [ ],
      &quot;none&quot; : [ ],
      &quot;failureSummary&quot; : null
    }, {
      &quot;html&quot; : &quot;&lt;select id=\&quot;passes-select\&quot; class=\&quot;passes-select\&quot; name=\&quot;familyName\&quot; style=\&quot;display: none;\&quot;&gt;&quot;,
      &quot;target&quot; : [ &quot;#passes-select&quot; ],
      &quot;impact&quot; : null,
      &quot;any&quot; : [ {
        &quot;id&quot; : &quot;duplicate-id&quot;,
        &quot;impact&quot; : &quot;minor&quot;,
        &quot;message&quot; : &quot;Document has no static elements that share the same id attribute&quot;,
        &quot;data&quot; : &quot;passes-select&quot;,
        &quot;relatedNodes&quot; : [ ]
      } ],
      &quot;all&quot; : [ ],
      &quot;none&quot; : [ ],
      &quot;failureSummary&quot; : null
    }, {
      &quot;html&quot; : &quot;&lt;input id=\&quot;combo_input\&quot; class=\&quot;ui-autocomplete-input ui-widget ui-widget-content ui-corner-left\&quot; autocomplete=\&quot;off\&quot; role=\&quot;textbox\&quot; aria-autocomplete=\&quot;list\&quot; aria-haspopup=\&quot;true\&quot;&gt;&quot;,
      &quot;target&quot; : [ &quot;#combo_input&quot; ],
      &quot;impact&quot; : null,
      &quot;any&quot; : [ {
        &quot;id&quot; : &quot;duplicate-id&quot;,
        &quot;impact&quot; : &quot;minor&quot;,
        &quot;message&quot; : &quot;Document has no static elements that share the same id attribute&quot;,
        &quot;data&quot; : &quot;combo_input&quot;,
        &quot;relatedNodes&quot; : [ ]
      } ],
      &quot;all&quot; : [ ],
      &quot;none&quot; : [ ],
      &quot;failureSummary&quot; : null
    }, {
      &quot;html&quot; : &quot;&lt;div id=\&quot;select-country\&quot; class=\&quot;selectpasses clearfix\&quot;&gt;&quot;,
      &quot;target&quot; : [ &quot;#select-country&quot; ],
      &quot;impact&quot; : null,
      &quot;any&quot; : [ {
        &quot;id&quot; : &quot;duplicate-id&quot;,
        &quot;impact&quot; : &quot;minor&quot;,
        &quot;message&quot; : &quot;Document has no static elements that share the same id attribute&quot;,
        &quot;data&quot; : &quot;select-country&quot;,
        &quot;relatedNodes&quot; : [ ]
      } ],
      &quot;all&quot; : [ ],
      &quot;none&quot; : [ ],
      &quot;failureSummary&quot; : null
    }, {
      &quot;html&quot; : &quot;&lt;select name=\&quot;selCountry1\&quot; class=\&quot;clearfix country-select\&quot; id=\&quot;selCountry1\&quot; onchange=\&quot;setSelects(this.form, 1)\&quot; style=\&quot;display:none\&quot;&gt;&quot;,
      &quot;target&quot; : [ &quot;#selCountry1&quot; ],
      &quot;impact&quot; : null,
      &quot;any&quot; : [ {
        &quot;id&quot; : &quot;duplicate-id&quot;,
        &quot;impact&quot; : &quot;minor&quot;,
        &quot;message&quot; : &quot;Document has no static elements that share the same id attribute&quot;,
        &quot;data&quot; : &quot;selCountry1&quot;,
        &quot;relatedNodes&quot; : [ ]
      } ],
      &quot;all&quot; : [ ],
      &quot;none&quot; : [ ],
      &quot;failureSummary&quot; : null
    }, {
      &quot;html&quot; : &quot;&lt;select name=\&quot;selCountry2\&quot; id=\&quot;selCountry2\&quot; class=\&quot;clearfix country-select\&quot; onchange=\&quot;setSelects(this.form, 2)\&quot; style=\&quot;display:none\&quot;&gt;\n         &lt;option value=\&quot;\&quot;&gt;--------------------------------------&lt;/option&gt;\n&lt;/select&gt;&quot;,
      &quot;target&quot; : [ &quot;#selCountry2&quot; ],
      &quot;impact&quot; : null,
      &quot;any&quot; : [ {
        &quot;id&quot; : &quot;duplicate-id&quot;,
        &quot;impact&quot; : &quot;minor&quot;,
        &quot;message&quot; : &quot;Document has no static elements that share the same id attribute&quot;,
        &quot;data&quot; : &quot;selCountry2&quot;,
        &quot;relatedNodes&quot; : [ ]
      } ],
      &quot;all&quot; : [ ],
      &quot;none&quot; : [ ],
      &quot;failureSummary&quot; : null
    }, {
      &quot;html&quot; : &quot;&lt;select name=\&quot;selCountry3\&quot; id=\&quot;selCountry3\&quot; class=\&quot;clearfix country-select\&quot; onchange=\&quot;setSelects(this.form, 3)\&quot; style=\&quot;display:none\&quot;&gt;\n         &lt;option value=\&quot;\&quot;&gt;--------------------------------------&lt;/option&gt;\n&lt;/select&gt;&quot;,
      &quot;target&quot; : [ &quot;#selCountry3&quot; ],
      &quot;impact&quot; : null,
      &quot;any&quot; : [ {
        &quot;id&quot; : &quot;duplicate-id&quot;,
        &quot;impact&quot; : &quot;minor&quot;,
        &quot;message&quot; : &quot;Document has no static elements that share the same id attribute&quot;,
        &quot;data&quot; : &quot;selCountry3&quot;,
        &quot;relatedNodes&quot; : [ ]
      } ],
      &quot;all&quot; : [ ],
      &quot;none&quot; : [ ],
      &quot;failureSummary&quot; : null
    }, {
      &quot;html&quot; : &quot;&lt;select name=\&quot;selCountry4\&quot; id=\&quot;selCountry4\&quot; class=\&quot;clearfix country-select\&quot; onchange=\&quot;setSelects(this.form, 4)\&quot; style=\&quot;display:none\&quot;&gt;\n          &lt;option value=\&quot;\&quot;&gt;--------------------------------------&lt;/option&gt;\n&lt;/select&gt;&quot;,
      &quot;target&quot; : [ &quot;#selCountry4&quot; ],
      &quot;impact&quot; : null,
      &quot;any&quot; : [ {
        &quot;id&quot; : &quot;duplicate-id&quot;,
        &quot;impact&quot; : &quot;minor&quot;,
        &quot;message&quot; : &quot;Document has no static elements that share the same id attribute&quot;,
        &quot;data&quot; : &quot;selCountry4&quot;,
        &quot;relatedNodes&quot; : [ ]
      } ],
      &quot;all&quot; : [ ],
      &quot;none&quot; : [ ],
      &quot;failureSummary&quot; : null
    }, {
      &quot;html&quot; : &quot;&lt;select name=\&quot;selCountry5\&quot; id=\&quot;selCountry5\&quot; class=\&quot;clearfix country-select\&quot; onchange=\&quot;setSelects(this.form, 5)\&quot; style=\&quot;display:none\&quot;&gt;\n          &lt;option value=\&quot;\&quot;&gt;--------------------------------------&lt;/option&gt;\n&lt;/select&gt;&quot;,
      &quot;target&quot; : [ &quot;#selCountry5&quot; ],
      &quot;impact&quot; : null,
      &quot;any&quot; : [ {
        &quot;id&quot; : &quot;duplicate-id&quot;,
        &quot;impact&quot; : &quot;minor&quot;,
        &quot;message&quot; : &quot;Document has no static elements that share the same id attribute&quot;,
        &quot;data&quot; : &quot;selCountry5&quot;,
        &quot;relatedNodes&quot; : [ ]
      } ],
      &quot;all&quot; : [ ],
      &quot;none&quot; : [ ],
      &quot;failureSummary&quot; : null
    }, {
      &quot;html&quot; : &quot;&lt;input type=\&quot;hidden\&quot; name=\&quot;familyId\&quot; id=\&quot;familyId\&quot; value=\&quot;\&quot;&gt;&quot;,
      &quot;target&quot; : [ &quot;#familyId&quot; ],
      &quot;impact&quot; : null,
      &quot;any&quot; : [ {
        &quot;id&quot; : &quot;duplicate-id&quot;,
        &quot;impact&quot; : &quot;minor&quot;,
        &quot;message&quot; : &quot;Document has no static elements that share the same id attribute&quot;,
        &quot;data&quot; : &quot;familyId&quot;,
        &quot;relatedNodes&quot; : [ ]
      } ],
      &quot;all&quot; : [ ],
      &quot;none&quot; : [ ],
      &quot;failureSummary&quot; : null
    }, {
      &quot;html&quot; : &quot;&lt;input type=\&quot;hidden\&quot; name=\&quot;p\&quot; id=\&quot;passholder\&quot; value=\&quot;0\&quot;&gt;&quot;,
      &quot;target&quot; : [ &quot;#passholder&quot; ],
      &quot;impact&quot; : null,
      &quot;any&quot; : [ {
        &quot;id&quot; : &quot;duplicate-id&quot;,
        &quot;impact&quot; : &quot;minor&quot;,
        &quot;message&quot; : &quot;Document has no static elements that share the same id attribute&quot;,
        &quot;data&quot; : &quot;passholder&quot;,
        &quot;relatedNodes&quot; : [ ]
      } ],
      &quot;all&quot; : [ ],
      &quot;none&quot; : [ ],
      &quot;failureSummary&quot; : null
    }, {
      &quot;html&quot; : &quot;&lt;input id=\&quot;nA\&quot; name=\&quot;nA\&quot; value=\&quot;0\&quot; type=\&quot;hidden\&quot;&gt;&quot;,
      &quot;target&quot; : [ &quot;#nA&quot; ],
      &quot;impact&quot; : null,
      &quot;any&quot; : [ {
        &quot;id&quot; : &quot;duplicate-id&quot;,
        &quot;impact&quot; : &quot;minor&quot;,
        &quot;message&quot; : &quot;Document has no static elements that share the same id attribute&quot;,
        &quot;data&quot; : &quot;nA&quot;,
        &quot;relatedNodes&quot; : [ ]
      } ],
      &quot;all&quot; : [ ],
      &quot;none&quot; : [ ],
      &quot;failureSummary&quot; : null
    }, {
      &quot;html&quot; : &quot;&lt;input id=\&quot;nY\&quot; name=\&quot;nY\&quot; value=\&quot;0\&quot; type=\&quot;hidden\&quot;&gt;&quot;,
      &quot;target&quot; : [ &quot;#nY&quot; ],
      &quot;impact&quot; : null,
      &quot;any&quot; : [ {
        &quot;id&quot; : &quot;duplicate-id&quot;,
        &quot;impact&quot; : &quot;minor&quot;,
        &quot;message&quot; : &quot;Document has no static elements that share the same id attribute&quot;,
        &quot;data&quot; : &quot;nY&quot;,
        &quot;relatedNodes&quot; : [ ]
      } ],
      &quot;all&quot; : [ ],
      &quot;none&quot; : [ ],
      &quot;failureSummary&quot; : null
    }, {
      &quot;html&quot; : &quot;&lt;input id=\&quot;nC\&quot; name=\&quot;nC\&quot; value=\&quot;0\&quot; type=\&quot;hidden\&quot;&gt;&quot;,
      &quot;target&quot; : [ &quot;#nC&quot; ],
      &quot;impact&quot; : null,
      &quot;any&quot; : [ {
        &quot;id&quot; : &quot;duplicate-id&quot;,
        &quot;impact&quot; : &quot;minor&quot;,
        &quot;message&quot; : &quot;Document has no static elements that share the same id attribute&quot;,
        &quot;data&quot; : &quot;nC&quot;,
        &quot;relatedNodes&quot; : [ ]
      } ],
      &quot;all&quot; : [ ],
      &quot;none&quot; : [ ],
      &quot;failureSummary&quot; : null
    }, {
      &quot;html&quot; : &quot;&lt;input id=\&quot;nS\&quot; name=\&quot;nS\&quot; value=\&quot;0\&quot; type=\&quot;hidden\&quot;&gt;&quot;,
      &quot;target&quot; : [ &quot;#nS&quot; ],
      &quot;impact&quot; : null,
      &quot;any&quot; : [ {
        &quot;id&quot; : &quot;duplicate-id&quot;,
        &quot;impact&quot; : &quot;minor&quot;,
        &quot;message&quot; : &quot;Document has no static elements that share the same id attribute&quot;,
        &quot;data&quot; : &quot;nS&quot;,
        &quot;relatedNodes&quot; : [ ]
      } ],
      &quot;all&quot; : [ ],
      &quot;none&quot; : [ ],
      &quot;failureSummary&quot; : null
    }, {
      &quot;html&quot; : &quot;&lt;div id=\&quot;passenger0\&quot; class=\&quot;passenger\&quot;&gt;&quot;,
      &quot;target&quot; : [ &quot;#passenger0&quot; ],
      &quot;impact&quot; : null,
      &quot;any&quot; : [ {
        &quot;id&quot; : &quot;duplicate-id&quot;,
        &quot;impact&quot; : &quot;minor&quot;,
        &quot;message&quot; : &quot;Document has no static elements that share the same id attribute&quot;,
        &quot;data&quot; : &quot;passenger0&quot;,
        &quot;relatedNodes&quot; : [ ]
      } ],
      &quot;all&quot; : [ ],
      &quot;none&quot; : [ ],
      &quot;failureSummary&quot; : null
    }, {
      &quot;html&quot; : &quot;&lt;input type=\&quot;hidden\&quot; name=\&quot;youthAge0\&quot; id=\&quot;youthAge0\&quot; value=\&quot;\&quot;&gt;&quot;,
      &quot;target&quot; : [ &quot;#youthAge0&quot; ],
      &quot;impact&quot; : null,
      &quot;any&quot; : [ {
        &quot;id&quot; : &quot;duplicate-id&quot;,
        &quot;impact&quot; : &quot;minor&quot;,
        &quot;message&quot; : &quot;Document has no static elements that share the same id attribute&quot;,
        &quot;data&quot; : &quot;youthAge0&quot;,
        &quot;relatedNodes&quot; : [ ]
      } ],
      &quot;all&quot; : [ ],
      &quot;none&quot; : [ ],
      &quot;failureSummary&quot; : null
    }, {
      &quot;html&quot; : &quot;&lt;div class=\&quot;add-buttons\&quot; id=\&quot;add-traveler\&quot;&gt;&quot;,
      &quot;target&quot; : [ &quot;#add-traveler&quot; ],
      &quot;impact&quot; : null,
      &quot;any&quot; : [ {
        &quot;id&quot; : &quot;duplicate-id&quot;,
        &quot;impact&quot; : &quot;minor&quot;,
        &quot;message&quot; : &quot;Document has no static elements that share the same id attribute&quot;,
        &quot;data&quot; : &quot;add-traveler&quot;,
        &quot;relatedNodes&quot; : [ ]
      } ],
      &quot;all&quot; : [ ],
      &quot;none&quot; : [ ],
      &quot;failureSummary&quot; : null
    }, {
      &quot;html&quot; : &quot;&lt;div id=\&quot;booking-box-submit\&quot; class=\&quot;widget-container footer\&quot;&gt;&quot;,
      &quot;target&quot; : [ &quot;#booking-box-submit&quot; ],
      &quot;impact&quot; : null,
      &quot;any&quot; : [ {
        &quot;id&quot; : &quot;duplicate-id&quot;,
        &quot;impact&quot; : &quot;minor&quot;,
        &quot;message&quot; : &quot;Document has no static elements that share the same id attribute&quot;,
        &quot;data&quot; : &quot;booking-box-submit&quot;,
        &quot;relatedNodes&quot; : [ ]
      } ],
      &quot;all&quot; : [ ],
      &quot;none&quot; : [ ],
      &quot;failureSummary&quot; : null
    }, {
      &quot;html&quot; : &quot;&lt;div id=\&quot;passes-box\&quot; class=\&quot;w-p-box\&quot;&gt;&quot;,
      &quot;target&quot; : [ &quot;#passes-box&quot; ],
      &quot;impact&quot; : null,
      &quot;any&quot; : [ {
        &quot;id&quot; : &quot;duplicate-id&quot;,
        &quot;impact&quot; : &quot;minor&quot;,
        &quot;message&quot; : &quot;Document has no static elements that share the same id attribute&quot;,
        &quot;data&quot; : &quot;passes-box&quot;,
        &quot;relatedNodes&quot; : [ ]
      } ],
      &quot;all&quot; : [ ],
      &quot;none&quot; : [ ],
      &quot;failureSummary&quot; : null
    }, {
      &quot;html&quot; : &quot;&lt;form method=\&quot;get\&quot; id=\&quot;passfinder\&quot; action=\&quot;/demo/mars/mars2\&quot; target=\&quot;_top\&quot;&gt;&quot;,
      &quot;target&quot; : [ &quot;#passfinder&quot; ],
      &quot;impact&quot; : null,
      &quot;any&quot; : [ {
        &quot;id&quot; : &quot;duplicate-id&quot;,
        &quot;impact&quot; : &quot;minor&quot;,
        &quot;message&quot; : &quot;Document has no static elements that share the same id attribute&quot;,
        &quot;data&quot; : &quot;passfinder&quot;,
        &quot;relatedNodes&quot; : [ ]
      } ],
      &quot;all&quot; : [ ],
      &quot;none&quot; : [ ],
      &quot;failureSummary&quot; : null
    }, {
      &quot;html&quot; : &quot;&lt;input type=\&quot;hidden\&quot; name=\&quot;nPax\&quot; value=\&quot;1\&quot; id=\&quot;nPax\&quot;&gt;&quot;,
      &quot;target&quot; : [ &quot;#nPax&quot; ],
      &quot;impact&quot; : null,
      &quot;any&quot; : [ {
        &quot;id&quot; : &quot;duplicate-id&quot;,
        &quot;impact&quot; : &quot;minor&quot;,
        &quot;message&quot; : &quot;Document has no static elements that share the same id attribute&quot;,
        &quot;data&quot; : &quot;nPax&quot;,
        &quot;relatedNodes&quot; : [ ]
      } ],
      &quot;all&quot; : [ ],
      &quot;none&quot; : [ ],
      &quot;failureSummary&quot; : null
    }, {
      &quot;html&quot; : &quot;&lt;div id=\&quot;w-passes-select\&quot; class=\&quot;widget-container middle\&quot;&gt;&quot;,
      &quot;target&quot; : [ &quot;#w-passes-select&quot; ],
      &quot;impact&quot; : null,
      &quot;any&quot; : [ {
        &quot;id&quot; : &quot;duplicate-id&quot;,
        &quot;impact&quot; : &quot;minor&quot;,
        &quot;message&quot; : &quot;Document has no static elements that share the same id attribute&quot;,
        &quot;data&quot; : &quot;w-passes-select&quot;,
        &quot;relatedNodes&quot; : [ ]
      } ],
      &quot;all&quot; : [ ],
      &quot;none&quot; : [ ],
      &quot;failureSummary&quot; : null
    }, {
      &quot;html&quot; : &quot;&lt;div id=\&quot;passes-trips\&quot; class=\&quot;passbuilder\&quot;&gt;&quot;,
      &quot;target&quot; : [ &quot;#passes-trips&quot; ],
      &quot;impact&quot; : null,
      &quot;any&quot; : [ {
        &quot;id&quot; : &quot;duplicate-id&quot;,
        &quot;impact&quot; : &quot;minor&quot;,
        &quot;message&quot; : &quot;Document has no static elements that share the same id attribute&quot;,
        &quot;data&quot; : &quot;passes-trips&quot;,
        &quot;relatedNodes&quot; : [ ]
      } ],
      &quot;all&quot; : [ ],
      &quot;none&quot; : [ ],
      &quot;failureSummary&quot; : null
    }, {
      &quot;html&quot; : &quot;&lt;div id=\&quot;r-route0\&quot; class=\&quot;country-trip\&quot;&gt;&quot;,
      &quot;target&quot; : [ &quot;#r-route0&quot; ],
      &quot;impact&quot; : null,
      &quot;any&quot; : [ {
        &quot;id&quot; : &quot;duplicate-id&quot;,
        &quot;impact&quot; : &quot;minor&quot;,
        &quot;message&quot; : &quot;Document has no static elements that share the same id attribute&quot;,
        &quot;data&quot; : &quot;r-route0&quot;,
        &quot;relatedNodes&quot; : [ ]
      } ],
      &quot;all&quot; : [ ],
      &quot;none&quot; : [ ],
      &quot;failureSummary&quot; : null
    }, {
      &quot;html&quot; : &quot;&lt;select class=\&quot;select-time\&quot; name=\&quot;travelPeriod0\&quot; id=\&quot;travelPeriod0\&quot;&gt;&quot;,
      &quot;target&quot; : [ &quot;#travelPeriod0&quot; ],
      &quot;impact&quot; : null,
      &quot;any&quot; : [ {
        &quot;id&quot; : &quot;duplicate-id&quot;,
        &quot;impact&quot; : &quot;minor&quot;,
        &quot;message&quot; : &quot;Document has no static elements that share the same id attribute&quot;,
        &quot;data&quot; : &quot;travelPeriod0&quot;,
        &quot;relatedNodes&quot; : [ ]
      } ],
      &quot;all&quot; : [ ],
      &quot;none&quot; : [ ],
      &quot;failureSummary&quot; : null
    }, {
      &quot;html&quot; : &quot;&lt;select class=\&quot;select-time\&quot; id=\&quot;validityPeriod0\&quot; name=\&quot;validityPeriod0\&quot;&gt;&quot;,
      &quot;target&quot; : [ &quot;#validityPeriod0&quot; ],
      &quot;impact&quot; : null,
      &quot;any&quot; : [ {
        &quot;id&quot; : &quot;duplicate-id&quot;,
        &quot;impact&quot; : &quot;minor&quot;,
        &quot;message&quot; : &quot;Document has no static elements that share the same id attribute&quot;,
        &quot;data&quot; : &quot;validityPeriod0&quot;,
        &quot;relatedNodes&quot; : [ ]
      } ],
      &quot;all&quot; : [ ],
      &quot;none&quot; : [ ],
      &quot;failureSummary&quot; : null
    }, {
      &quot;html&quot; : &quot;&lt;div class=\&quot;add-buttons\&quot; id=\&quot;add-country\&quot;&gt;\n&lt;a class=\&quot;add-country\&quot;&gt;&lt;span class=\&quot;icon\&quot;&gt;&lt;/span&gt;Add another planet&lt;/a&gt;\n&lt;/div&gt;&quot;,
      &quot;target&quot; : [ &quot;#add-country&quot; ],
      &quot;impact&quot; : null,
      &quot;any&quot; : [ {
        &quot;id&quot; : &quot;duplicate-id&quot;,
        &quot;impact&quot; : &quot;minor&quot;,
        &quot;message&quot; : &quot;Document has no static elements that share the same id attribute&quot;,
        &quot;data&quot; : &quot;add-country&quot;,
        &quot;relatedNodes&quot; : [ ]
      } ],
      &quot;all&quot; : [ ],
      &quot;none&quot; : [ ],
      &quot;failureSummary&quot; : null
    }, {
      &quot;html&quot; : &quot;&lt;div id=\&quot;r-passenger0\&quot; class=\&quot;passenger\&quot;&gt;&quot;,
      &quot;target&quot; : [ &quot;#r-passenger0&quot; ],
      &quot;impact&quot; : null,
      &quot;any&quot; : [ {
        &quot;id&quot; : &quot;duplicate-id&quot;,
        &quot;impact&quot; : &quot;minor&quot;,
        &quot;message&quot; : &quot;Document has no static elements that share the same id attribute&quot;,
        &quot;data&quot; : &quot;r-passenger0&quot;,
        &quot;relatedNodes&quot; : [ ]
      } ],
      &quot;all&quot; : [ ],
      &quot;none&quot; : [ ],
      &quot;failureSummary&quot; : null
    }, {
      &quot;html&quot; : &quot;&lt;div class=\&quot;add-buttons\&quot; id=\&quot;add-reservation-traveler\&quot;&gt;\n                                              &lt;a class=\&quot;add-reservation-traveler\&quot;&gt;&lt;div class=\&quot;icon\&quot;&gt;&lt;/div&gt;Add A Traveler&lt;/a&gt;\n                                            &lt;/div&gt;&quot;,
      &quot;target&quot; : [ &quot;#add-reservation-traveler&quot; ],
      &quot;impact&quot; : null,
      &quot;any&quot; : [ {
        &quot;id&quot; : &quot;duplicate-id&quot;,
        &quot;impact&quot; : &quot;minor&quot;,
        &quot;message&quot; : &quot;Document has no static elements that share the same id attribute&quot;,
        &quot;data&quot; : &quot;add-reservation-traveler&quot;,
        &quot;relatedNodes&quot; : [ ]
      } ],
      &quot;all&quot; : [ ],
      &quot;none&quot; : [ ],
      &quot;failureSummary&quot; : null
    }, {
      &quot;html&quot; : &quot;&lt;div id=\&quot;passes-box-submit\&quot; class=\&quot;widget-container footer\&quot;&gt;\n\n&lt;div class=\&quot;widget-down-arrow\&quot;&gt;&lt;/div&gt;\n\n&lt;div class=\&quot;interior-container\&quot;&gt;\n\n&lt;input class=\&quot;btn btn-large\&quot; value=\&quot;Search\&quot; type=\&quot;submit\&quot;&gt;\n\n&lt;/div&gt;\n\n&lt;/div&gt;&quot;,
      &quot;target&quot; : [ &quot;#passes-box-submit&quot; ],
      &quot;impact&quot; : null,
      &quot;any&quot; : [ {
        &quot;id&quot; : &quot;duplicate-id&quot;,
        &quot;impact&quot; : &quot;minor&quot;,
        &quot;message&quot; : &quot;Document has no static elements that share the same id attribute&quot;,
        &quot;data&quot; : &quot;passes-box-submit&quot;,
        &quot;relatedNodes&quot; : [ ]
      } ],
      &quot;all&quot; : [ ],
      &quot;none&quot; : [ ],
      &quot;failureSummary&quot; : null
    }, {
      &quot;html&quot; : &quot;&lt;div class=\&quot;w-p-box\&quot; id=\&quot;activities-box\&quot;&gt;&quot;,
      &quot;target&quot; : [ &quot;#activities-box&quot; ],
      &quot;impact&quot; : null,
      &quot;any&quot; : [ {
        &quot;id&quot; : &quot;duplicate-id&quot;,
        &quot;impact&quot; : &quot;minor&quot;,
        &quot;message&quot; : &quot;Document has no static elements that share the same id attribute&quot;,
        &quot;data&quot; : &quot;activities-box&quot;,
        &quot;relatedNodes&quot; : [ ]
      } ],
      &quot;all&quot; : [ ],
      &quot;none&quot; : [ ],
      &quot;failureSummary&quot; : null
    }, {
      &quot;html&quot; : &quot;&lt;form name=\&quot;activitiesform\&quot; target=\&quot;_top\&quot; id=\&quot;activitiesform\&quot; onsubmit=\&quot;return checkform(this)\&quot;&gt;&quot;,
      &quot;target&quot; : [ &quot;#activitiesform&quot; ],
      &quot;impact&quot; : null,
      &quot;any&quot; : [ {
        &quot;id&quot; : &quot;duplicate-id&quot;,
        &quot;impact&quot; : &quot;minor&quot;,
        &quot;message&quot; : &quot;Document has no static elements that share the same id attribute&quot;,
        &quot;data&quot; : &quot;activitiesform&quot;,
        &quot;relatedNodes&quot; : [ ]
      } ],
      &quot;all&quot; : [ ],
      &quot;none&quot; : [ ],
      &quot;failureSummary&quot; : null
    }, {
      &quot;html&quot; : &quot;&lt;div class=\&quot;widget-container middle\&quot; id=\&quot;w-activities-select\&quot;&gt;&quot;,
      &quot;target&quot; : [ &quot;#w-activities-select&quot; ],
      &quot;impact&quot; : null,
      &quot;any&quot; : [ {
        &quot;id&quot; : &quot;duplicate-id&quot;,
        &quot;impact&quot; : &quot;minor&quot;,
        &quot;message&quot; : &quot;Document has no static elements that share the same id attribute&quot;,
        &quot;data&quot; : &quot;w-activities-select&quot;,
        &quot;relatedNodes&quot; : [ ]
      } ],
      &quot;all&quot; : [ ],
      &quot;none&quot; : [ ],
      &quot;failureSummary&quot; : null
    }, {
      &quot;html&quot; : &quot;&lt;div id=\&quot;activities\&quot;&gt;&quot;,
      &quot;target&quot; : [ &quot;#activities&quot; ],
      &quot;impact&quot; : null,
      &quot;any&quot; : [ {
        &quot;id&quot; : &quot;duplicate-id&quot;,
        &quot;impact&quot; : &quot;minor&quot;,
        &quot;message&quot; : &quot;Document has no static elements that share the same id attribute&quot;,
        &quot;data&quot; : &quot;activities&quot;,
        &quot;relatedNodes&quot; : [ ]
      } ],
      &quot;all&quot; : [ ],
      &quot;none&quot; : [ ],
      &quot;failureSummary&quot; : null
    }, {
      &quot;html&quot; : &quot;&lt;select name=\&quot;countrylist\&quot; class=\&quot;country\&quot; id=\&quot;countrylist\&quot;&gt;&quot;,
      &quot;target&quot; : [ &quot;#countrylist&quot; ],
      &quot;impact&quot; : null,
      &quot;any&quot; : [ {
        &quot;id&quot; : &quot;duplicate-id&quot;,
        &quot;impact&quot; : &quot;minor&quot;,
        &quot;message&quot; : &quot;Document has no static elements that share the same id attribute&quot;,
        &quot;data&quot; : &quot;countrylist&quot;,
        &quot;relatedNodes&quot; : [ ]
      } ],
      &quot;all&quot; : [ ],
      &quot;none&quot; : [ ],
      &quot;failureSummary&quot; : null
    }, {
      &quot;html&quot; : &quot;&lt;span class=\&quot;wrapper city\&quot; id=\&quot;city_drop_down\&quot; style=\&quot;\&quot;&gt;\n&lt;label for=\&quot;dept0\&quot;&gt;Space Port&lt;br&gt;\n&lt;select name=\&quot;citylist\&quot; id=\&quot;citylist\&quot; class=\&quot;country\&quot;&gt;&lt;option value=\&quot;none\&quot;&gt;Select Space Port&lt;/option&gt;&lt;/select&gt;\n&lt;/label&gt;&lt;/span&gt;&quot;,
      &quot;target&quot; : [ &quot;#city_drop_down&quot; ],
      &quot;impact&quot; : null,
      &quot;any&quot; : [ {
        &quot;id&quot; : &quot;duplicate-id&quot;,
        &quot;impact&quot; : &quot;minor&quot;,
        &quot;message&quot; : &quot;Document has no static elements that share the same id attribute&quot;,
        &quot;data&quot; : &quot;city_drop_down&quot;,
        &quot;relatedNodes&quot; : [ ]
      } ],
      &quot;all&quot; : [ ],
      &quot;none&quot; : [ ],
      &quot;failureSummary&quot; : null
    }, {
      &quot;html&quot; : &quot;&lt;select name=\&quot;citylist\&quot; id=\&quot;citylist\&quot; class=\&quot;country\&quot;&gt;&lt;option value=\&quot;none\&quot;&gt;Select Space Port&lt;/option&gt;&lt;/select&gt;&quot;,
      &quot;target&quot; : [ &quot;#citylist&quot; ],
      &quot;impact&quot; : null,
      &quot;any&quot; : [ {
        &quot;id&quot; : &quot;duplicate-id&quot;,
        &quot;impact&quot; : &quot;minor&quot;,
        &quot;message&quot; : &quot;Document has no static elements that share the same id attribute&quot;,
        &quot;data&quot; : &quot;citylist&quot;,
        &quot;relatedNodes&quot; : [ ]
      } ],
      &quot;all&quot; : [ ],
      &quot;none&quot; : [ ],
      &quot;failureSummary&quot; : null
    }, {
      &quot;html&quot; : &quot;&lt;div class=\&quot;widget-container footer\&quot; id=\&quot;activities-box-submit\&quot;&gt;&quot;,
      &quot;target&quot; : [ &quot;#activities-box-submit&quot; ],
      &quot;impact&quot; : null,
      &quot;any&quot; : [ {
        &quot;id&quot; : &quot;duplicate-id&quot;,
        &quot;impact&quot; : &quot;minor&quot;,
        &quot;message&quot; : &quot;Document has no static elements that share the same id attribute&quot;,
        &quot;data&quot; : &quot;activities-box-submit&quot;,
        &quot;relatedNodes&quot; : [ ]
      } ],
      &quot;all&quot; : [ ],
      &quot;none&quot; : [ ],
      &quot;failureSummary&quot; : null
    }, {
      &quot;html&quot; : &quot;&lt;div class=\&quot;w-h-box\&quot; id=\&quot;hotels-box\&quot;&gt;&quot;,
      &quot;target&quot; : [ &quot;#hotels-box&quot; ],
      &quot;impact&quot; : null,
      &quot;any&quot; : [ {
        &quot;id&quot; : &quot;duplicate-id&quot;,
        &quot;impact&quot; : &quot;minor&quot;,
        &quot;message&quot; : &quot;Document has no static elements that share the same id attribute&quot;,
        &quot;data&quot; : &quot;hotels-box&quot;,
        &quot;relatedNodes&quot; : [ ]
      } ],
      &quot;all&quot; : [ ],
      &quot;none&quot; : [ ],
      &quot;failureSummary&quot; : null
    }, {
      &quot;html&quot; : &quot;&lt;form id=\&quot;HotelSearch\&quot; target=\&quot;_top\&quot; action=\&quot;/demo/mars/mars2\&quot; method=\&quot;post\&quot; name=\&quot;HotelSearch\&quot; class=\&quot;ajax-form\&quot;&gt;&quot;,
      &quot;target&quot; : [ &quot;#HotelSearch&quot; ],
      &quot;impact&quot; : null,
      &quot;any&quot; : [ {
        &quot;id&quot; : &quot;duplicate-id&quot;,
        &quot;impact&quot; : &quot;minor&quot;,
        &quot;message&quot; : &quot;Document has no static elements that share the same id attribute&quot;,
        &quot;data&quot; : &quot;HotelSearch&quot;,
        &quot;relatedNodes&quot; : [ ]
      } ],
      &quot;all&quot; : [ ],
      &quot;none&quot; : [ ],
      &quot;failureSummary&quot; : null
    }, {
      &quot;html&quot; : &quot;&lt;div class=\&quot;widget-container middle\&quot; id=\&quot;w-hotels-select\&quot;&gt;&quot;,
      &quot;target&quot; : [ &quot;#w-hotels-select&quot; ],
      &quot;impact&quot; : null,
      &quot;any&quot; : [ {
        &quot;id&quot; : &quot;duplicate-id&quot;,
        &quot;impact&quot; : &quot;minor&quot;,
        &quot;message&quot; : &quot;Document has no static elements that share the same id attribute&quot;,
        &quot;data&quot; : &quot;w-hotels-select&quot;,
        &quot;relatedNodes&quot; : [ ]
      } ],
      &quot;all&quot; : [ ],
      &quot;none&quot; : [ ],
      &quot;failureSummary&quot; : null
    }, {
      &quot;html&quot; : &quot;&lt;div id=\&quot;hotels\&quot;&gt;&quot;,
      &quot;target&quot; : [ &quot;#hotels&quot; ],
      &quot;impact&quot; : null,
      &quot;any&quot; : [ {
        &quot;id&quot; : &quot;duplicate-id&quot;,
        &quot;impact&quot; : &quot;minor&quot;,
        &quot;message&quot; : &quot;Document has no static elements that share the same id attribute&quot;,
        &quot;data&quot; : &quot;hotels&quot;,
        &quot;relatedNodes&quot; : [ ]
      } ],
      &quot;all&quot; : [ ],
      &quot;none&quot; : [ ],
      &quot;failureSummary&quot; : null
    }, {
      &quot;html&quot; : &quot;&lt;input class=\&quot;city\&quot; tabindex=\&quot;2\&quot; value=\&quot;\&quot; placeholder=\&quot;Enter your city\&quot; name=\&quot;hotelCity\&quot; id=\&quot;hotel-city\&quot;&gt;&quot;,
      &quot;target&quot; : [ &quot;#hotel-city&quot; ],
      &quot;impact&quot; : null,
      &quot;any&quot; : [ {
        &quot;id&quot; : &quot;duplicate-id&quot;,
        &quot;impact&quot; : &quot;minor&quot;,
        &quot;message&quot; : &quot;Document has no static elements that share the same id attribute&quot;,
        &quot;data&quot; : &quot;hotel-city&quot;,
        &quot;relatedNodes&quot; : [ ]
      } ],
      &quot;all&quot; : [ ],
      &quot;none&quot; : [ ],
      &quot;failureSummary&quot; : null
    }, {
      &quot;html&quot; : &quot;&lt;div id=\&quot;hotel-guests\&quot;&gt;&quot;,
      &quot;target&quot; : [ &quot;#hotel-guests&quot; ],
      &quot;impact&quot; : null,
      &quot;any&quot; : [ {
        &quot;id&quot; : &quot;duplicate-id&quot;,
        &quot;impact&quot; : &quot;minor&quot;,
        &quot;message&quot; : &quot;Document has no static elements that share the same id attribute&quot;,
        &quot;data&quot; : &quot;hotel-guests&quot;,
        &quot;relatedNodes&quot; : [ ]
      } ],
      &quot;all&quot; : [ ],
      &quot;none&quot; : [ ],
      &quot;failureSummary&quot; : null
    }, {
      &quot;html&quot; : &quot;&lt;div class=\&quot;widget-container footer\&quot; id=\&quot;hotels-box-submit\&quot;&gt;\n\n&lt;div class=\&quot;widget-down-arrow\&quot;&gt;&lt;/div&gt;\n\n&lt;div class=\&quot;interior-container\&quot;&gt;\n\n&lt;input type=\&quot;submit\&quot; value=\&quot;Search\&quot; name=\&quot;search\&quot; class=\&quot;btn btn-large\&quot;&gt;\n\n&lt;/div&gt;\n\n&lt;/div&gt;&quot;,
      &quot;target&quot; : [ &quot;#hotels-box-submit&quot; ],
      &quot;impact&quot; : null,
      &quot;any&quot; : [ {
        &quot;id&quot; : &quot;duplicate-id&quot;,
        &quot;impact&quot; : &quot;minor&quot;,
        &quot;message&quot; : &quot;Document has no static elements that share the same id attribute&quot;,
        &quot;data&quot; : &quot;hotels-box-submit&quot;,
        &quot;relatedNodes&quot; : [ ]
      } ],
      &quot;all&quot; : [ ],
      &quot;none&quot; : [ ],
      &quot;failureSummary&quot; : null
    }, {
      &quot;html&quot; : &quot;&lt;div id=\&quot;video-box\&quot; class=\&quot;widget-container\&quot;&gt;&quot;,
      &quot;target&quot; : [ &quot;#video-box&quot; ],
      &quot;impact&quot; : null,
      &quot;any&quot; : [ {
        &quot;id&quot; : &quot;duplicate-id&quot;,
        &quot;impact&quot; : &quot;minor&quot;,
        &quot;message&quot; : &quot;Document has no static elements that share the same id attribute&quot;,
        &quot;data&quot; : &quot;video-box&quot;,
        &quot;relatedNodes&quot; : [ ]
      } ],
      &quot;all&quot; : [ ],
      &quot;none&quot; : [ ],
      &quot;failureSummary&quot; : null
    }, {
      &quot;html&quot; : &quot;&lt;div id=\&quot;fade\&quot; style=\&quot;display: none;\&quot;&gt;&lt;/div&gt;&quot;,
      &quot;target&quot; : [ &quot;#fade&quot; ],
      &quot;impact&quot; : null,
      &quot;any&quot; : [ {
        &quot;id&quot; : &quot;duplicate-id&quot;,
        &quot;impact&quot; : &quot;minor&quot;,
        &quot;message&quot; : &quot;Document has no static elements that share the same id attribute&quot;,
        &quot;data&quot; : &quot;fade&quot;,
        &quot;relatedNodes&quot; : [ ]
      } ],
      &quot;all&quot; : [ ],
      &quot;none&quot; : [ ],
      &quot;failureSummary&quot; : null
    }, {
      &quot;html&quot; : &quot;&lt;h3 id=\&quot;video-text\&quot;&gt;Life was possible on Mars&lt;/h3&gt;&quot;,
      &quot;target&quot; : [ &quot;#video-text&quot; ],
      &quot;impact&quot; : null,
      &quot;any&quot; : [ {
        &quot;id&quot; : &quot;duplicate-id&quot;,
        &quot;impact&quot; : &quot;minor&quot;,
        &quot;message&quot; : &quot;Document has no static elements that share the same id attribute&quot;,
        &quot;data&quot; : &quot;video-text&quot;,
        &quot;relatedNodes&quot; : [ ]
      } ],
      &quot;all&quot; : [ ],
      &quot;none&quot; : [ ],
      &quot;failureSummary&quot; : null
    }, {
      &quot;html&quot; : &quot;&lt;iframe width=\&quot;365\&quot; height=\&quot;205\&quot; name=\&quot;player\&quot; id=\&quot;player\&quot; src=\&quot;https://www.youtube.com/embed/OagLGti_hTE?controls=1&amp;amp;showinfo=1&amp;amp;modestbranding=0&amp;amp;wmode=opaque&amp;amp;enablejsapi=1\&quot; frameborder=\&quot;0\&quot; allowfullscreen=\&quot;\&quot; title=\&quot;NASA: Life on Mars Was a Possibility\&quot;&gt;&lt;/iframe&gt;&quot;,
      &quot;target&quot; : [ &quot;#player&quot; ],
      &quot;impact&quot; : null,
      &quot;any&quot; : [ {
        &quot;id&quot; : &quot;duplicate-id&quot;,
        &quot;impact&quot; : &quot;minor&quot;,
        &quot;message&quot; : &quot;Document has no static elements that share the same id attribute&quot;,
        &quot;data&quot; : &quot;player&quot;,
        &quot;relatedNodes&quot; : [ ]
      } ],
      &quot;all&quot; : [ ],
      &quot;none&quot; : [ ],
      &quot;failureSummary&quot; : null
    }, {
      &quot;html&quot; : &quot;&lt;script id=\&quot;js-1065286052\&quot; src=\&quot;https://www.gstatic.com/cv/js/sender/v1/cast_sender.js\&quot; nonce=\&quot;q1x-hjuT7-EXM29FDfYMvg\&quot; data-loaded=\&quot;true\&quot;&gt;&lt;/script&gt;&quot;,
      &quot;target&quot; : [ &quot;#player&quot;, &quot;#js-1065286052&quot; ],
      &quot;impact&quot; : null,
      &quot;any&quot; : [ {
        &quot;id&quot; : &quot;duplicate-id&quot;,
        &quot;impact&quot; : &quot;minor&quot;,
        &quot;message&quot; : &quot;Document has no static elements that share the same id attribute&quot;,
        &quot;data&quot; : &quot;js-1065286052&quot;,
        &quot;relatedNodes&quot; : [ ]
      } ],
      &quot;all&quot; : [ ],
      &quot;none&quot; : [ ],
      &quot;failureSummary&quot; : null
    }, {
      &quot;html&quot; : &quot;&lt;script id=\&quot;js-118709142\&quot; nonce=\&quot;q1x-hjuT7-EXM29FDfYMvg\&quot; src=\&quot;//www.google.com/js/th/n7MGVF3kyNWz2oksCmxFbvce_P6cfZxiCNxSfWAcPT8.js\&quot; data-loaded=\&quot;true\&quot;&gt;&lt;/script&gt;&quot;,
      &quot;target&quot; : [ &quot;#player&quot;, &quot;#js-118709142&quot; ],
      &quot;impact&quot; : null,
      &quot;any&quot; : [ {
        &quot;id&quot; : &quot;duplicate-id&quot;,
        &quot;impact&quot; : &quot;minor&quot;,
        &quot;message&quot; : &quot;Document has no static elements that share the same id attribute&quot;,
        &quot;data&quot; : &quot;js-118709142&quot;,
        &quot;relatedNodes&quot; : [ ]
      } ],
      &quot;all&quot; : [ ],
      &quot;none&quot; : [ ],
      &quot;failureSummary&quot; : null
    }, {
      &quot;html&quot; : &quot;&lt;script id=\&quot;js-1124342058\&quot; src=\&quot;//static.doubleclick.net/instream/ad_status.js\&quot; nonce=\&quot;q1x-hjuT7-EXM29FDfYMvg\&quot; data-loaded=\&quot;true\&quot;&gt;&lt;/script&gt;&quot;,
      &quot;target&quot; : [ &quot;#player&quot;, &quot;#js-1124342058&quot; ],
      &quot;impact&quot; : null,
      &quot;any&quot; : [ {
        &quot;id&quot; : &quot;duplicate-id&quot;,
        &quot;impact&quot; : &quot;minor&quot;,
        &quot;message&quot; : &quot;Document has no static elements that share the same id attribute&quot;,
        &quot;data&quot; : &quot;js-1124342058&quot;,
        &quot;relatedNodes&quot; : [ ]
      } ],
      &quot;all&quot; : [ ],
      &quot;none&quot; : [ ],
      &quot;failureSummary&quot; : null
    }, {
      &quot;html&quot; : &quot;&lt;path d=\&quot;m 22.53,21.42 0,6.85 5.66,-3.42 -5.66,-3.42 0,0 z m -11.33,0 9.06,0 0,2.28 -9.06,0 0,-2.28 0,0 z m 0,-9.14 13.6,0 0,2.28 -13.6,0 0,-2.28 0,0 z m 0,4.57 13.6,0 0,2.28 -13.6,0 0,-2.28 0,0 z\&quot; fill=\&quot;#fff\&quot; id=\&quot;ytp-id-25\&quot;&gt;&lt;/path&gt;&quot;,
      &quot;target&quot; : [ &quot;#player&quot;, &quot;#ytp-id-25&quot; ],
      &quot;impact&quot; : null,
      &quot;any&quot; : [ {
        &quot;id&quot; : &quot;duplicate-id&quot;,
        &quot;impact&quot; : &quot;minor&quot;,
        &quot;message&quot; : &quot;Document has no static elements that share the same id attribute&quot;,
        &quot;data&quot; : &quot;ytp-id-25&quot;,
        &quot;relatedNodes&quot; : [ ]
      } ],
      &quot;all&quot; : [ ],
      &quot;none&quot; : [ ],
      &quot;failureSummary&quot; : null
    }, {
      &quot;html&quot; : &quot;&lt;path class=\&quot;ytp-svg-fill\&quot; d=\&quot;M18,8 C12.47,8 8,12.47 8,18 C8,23.52 12.47,28 18,28 C23.52,28 28,23.52 28,18 C28,12.47 23.52,8 18,8 L18,8 Z M17,16 L19,16 L19,24 L17,24 L17,16 Z M17,12 L19,12 L19,14 L17,14 L17,12 Z\&quot; id=\&quot;ytp-id-2\&quot;&gt;&lt;/path&gt;&quot;,
      &quot;target&quot; : [ &quot;#player&quot;, &quot;#ytp-id-2&quot; ],
      &quot;impact&quot; : null,
      &quot;any&quot; : [ {
        &quot;id&quot; : &quot;duplicate-id&quot;,
        &quot;impact&quot; : &quot;minor&quot;,
        &quot;message&quot; : &quot;Document has no static elements that share the same id attribute&quot;,
        &quot;data&quot; : &quot;ytp-id-2&quot;,
        &quot;relatedNodes&quot; : [ ]
      } ],
      &quot;all&quot; : [ ],
      &quot;none&quot; : [ ],
      &quot;failureSummary&quot; : null
    }, {
      &quot;html&quot; : &quot;&lt;path class=\&quot;ytp-svg-fill\&quot; d=\&quot;m 21.48,17.98 c 0,-1.77 -1.02,-3.29 -2.5,-4.03 v 2.21 l 2.45,2.45 c .03,-0.2 .05,-0.41 .05,-0.63 z m 2.5,0 c 0,.94 -0.2,1.82 -0.54,2.64 l 1.51,1.51 c .66,-1.24 1.03,-2.65 1.03,-4.15 0,-4.28 -2.99,-7.86 -7,-8.76 v 2.05 c 2.89,.86 5,3.54 5,6.71 z M 9.25,8.98 l -1.27,1.26 4.72,4.73 H 7.98 v 6 H 11.98 l 5,5 v -6.73 l 4.25,4.25 c -0.67,.52 -1.42,.93 -2.25,1.18 v 2.06 c 1.38,-0.31 2.63,-0.95 3.69,-1.81 l 2.04,2.05 1.27,-1.27 -9,-9 -7.72,-7.72 z m 7.72,.99 -2.09,2.08 2.09,2.09 V 9.98 z\&quot; id=\&quot;ytp-id-1\&quot;&gt;&quot;,
      &quot;target&quot; : [ &quot;#player&quot;, &quot;#ytp-id-1&quot; ],
      &quot;impact&quot; : null,
      &quot;any&quot; : [ {
        &quot;id&quot; : &quot;duplicate-id&quot;,
        &quot;impact&quot; : &quot;minor&quot;,
        &quot;message&quot; : &quot;Document has no static elements that share the same id attribute&quot;,
        &quot;data&quot; : &quot;ytp-id-1&quot;,
        &quot;relatedNodes&quot; : [ ]
      } ],
      &quot;all&quot; : [ ],
      &quot;none&quot; : [ ],
      &quot;failureSummary&quot; : null
    }, {
      &quot;html&quot; : &quot;&lt;path d=\&quot;M7,24 L7,27 L10,27 C10,25.34 8.66,24 7,24 L7,24 Z M7,20 L7,22 C9.76,22 12,24.24 12,27 L14,27 C14,23.13 10.87,20 7,20 L7,20 Z M25,13 L11,13 L11,14.63 C14.96,15.91 18.09,19.04 19.37,23 L25,23 L25,13 L25,13 Z M7,16 L7,18 C11.97,18 16,22.03 16,27 L18,27 C18,20.92 13.07,16 7,16 L7,16 Z M27,9 L9,9 C7.9,9 7,9.9 7,11 L7,14 L9,14 L9,11 L27,11 L27,25 L20,25 L20,27 L27,27 C28.1,27 29,26.1 29,25 L29,11 C29,9.9 28.1,9 27,9 L27,9 Z\&quot; fill=\&quot;#fff\&quot; id=\&quot;ytp-id-33\&quot;&gt;&quot;,
      &quot;target&quot; : [ &quot;#player&quot;, &quot;#ytp-id-33&quot; ],
      &quot;impact&quot; : null,
      &quot;any&quot; : [ {
        &quot;id&quot; : &quot;duplicate-id&quot;,
        &quot;impact&quot; : &quot;minor&quot;,
        &quot;message&quot; : &quot;Document has no static elements that share the same id attribute&quot;,
        &quot;data&quot; : &quot;ytp-id-33&quot;,
        &quot;relatedNodes&quot; : [ ]
      } ],
      &quot;all&quot; : [ ],
      &quot;none&quot; : [ ],
      &quot;failureSummary&quot; : null
    }, {
      &quot;html&quot; : &quot;&lt;path class=\&quot;ytp-svg-fill\&quot; d=\&quot;M18,8 C12.47,8 8,12.47 8,18 C8,23.52 12.47,28 18,28 C23.52,28 28,23.52 28,18 C28,12.47 23.52,8 18,8 L18,8 Z M16,19.02 L16,12.00 L18,12.00 L18,17.86 L23.10,20.81 L22.10,22.54 L16,19.02 Z\&quot; id=\&quot;ytp-id-28\&quot;&gt;&lt;/path&gt;&quot;,
      &quot;target&quot; : [ &quot;#player&quot;, &quot;#ytp-id-28&quot; ],
      &quot;impact&quot; : null,
      &quot;any&quot; : [ {
        &quot;id&quot; : &quot;duplicate-id&quot;,
        &quot;impact&quot; : &quot;minor&quot;,
        &quot;message&quot; : &quot;Document has no static elements that share the same id attribute&quot;,
        &quot;data&quot; : &quot;ytp-id-28&quot;,
        &quot;relatedNodes&quot; : [ ]
      } ],
      &quot;all&quot; : [ ],
      &quot;none&quot; : [ ],
      &quot;failureSummary&quot; : null
    }, {
      &quot;html&quot; : &quot;&lt;path class=\&quot;ytp-svg-fill\&quot; d=\&quot;m 20.20,14.19 0,-4.45 7.79,7.79 -7.79,7.79 0,-4.56 C 16.27,20.69 12.10,21.81 9.34,24.76 8.80,25.13 7.60,27.29 8.12,25.65 9.08,21.32 11.80,17.18 15.98,15.38 c 1.33,-0.60 2.76,-0.98 4.21,-1.19 z\&quot; id=\&quot;ytp-id-29\&quot;&gt;&lt;/path&gt;&quot;,
      &quot;target&quot; : [ &quot;#player&quot;, &quot;#ytp-id-29&quot; ],
      &quot;impact&quot; : null,
      &quot;any&quot; : [ {
        &quot;id&quot; : &quot;duplicate-id&quot;,
        &quot;impact&quot; : &quot;minor&quot;,
        &quot;message&quot; : &quot;Document has no static elements that share the same id attribute&quot;,
        &quot;data&quot; : &quot;ytp-id-29&quot;,
        &quot;relatedNodes&quot; : [ ]
      } ],
      &quot;all&quot; : [ ],
      &quot;none&quot; : [ ],
      &quot;failureSummary&quot; : null
    }, {
      &quot;html&quot; : &quot;&lt;path class=\&quot;ytp-svg-fill\&quot; d=\&quot;M21.9,8.3H11.3c-0.9,0-1.7,.8-1.7,1.7v12.3h1.7V10h10.6V8.3z M24.6,11.8h-9.7c-1,0-1.8,.8-1.8,1.8v12.3  c0,1,.8,1.8,1.8,1.8h9.7c1,0,1.8-0.8,1.8-1.8V13.5C26.3,12.6,25.5,11.8,24.6,11.8z M24.6,25.9h-9.7V13.5h9.7V25.9z\&quot; id=\&quot;ytp-id-30\&quot;&gt;&lt;/path&gt;&quot;,
      &quot;target&quot; : [ &quot;#player&quot;, &quot;#ytp-id-30&quot; ],
      &quot;impact&quot; : null,
      &quot;any&quot; : [ {
        &quot;id&quot; : &quot;duplicate-id&quot;,
        &quot;impact&quot; : &quot;minor&quot;,
        &quot;message&quot; : &quot;Document has no static elements that share the same id attribute&quot;,
        &quot;data&quot; : &quot;ytp-id-30&quot;,
        &quot;relatedNodes&quot; : [ ]
      } ],
      &quot;all&quot; : [ ],
      &quot;none&quot; : [ ],
      &quot;failureSummary&quot; : null
    }, {
      &quot;html&quot; : &quot;&lt;path class=\&quot;ytp-svg-fill\&quot; d=\&quot;M 16.68,.99 C 13.55,1.03 7.02,1.16 4.99,1.68 c -1.49,.4 -2.59,1.6 -2.99,3 -0.69,2.7 -0.68,8.31 -0.68,8.31 0,0 -0.01,5.61 .68,8.31 .39,1.5 1.59,2.6 2.99,3 2.69,.7 13.40,.68 13.40,.68 0,0 10.70,.01 13.40,-0.68 1.5,-0.4 2.59,-1.6 2.99,-3 .69,-2.7 .68,-8.31 .68,-8.31 0,0 .11,-5.61 -0.68,-8.31 -0.4,-1.5 -1.59,-2.6 -2.99,-3 C 29.11,.98 18.40,.99 18.40,.99 c 0,0 -0.67,-0.01 -1.71,0 z m 72.21,.90 0,21.28 2.78,0 .31,-1.37 .09,0 c .3,.5 .71,.88 1.21,1.18 .5,.3 1.08,.40 1.68,.40 1.1,0 1.99,-0.49 2.49,-1.59 .5,-1.1 .81,-2.70 .81,-4.90 l 0,-2.40 c 0,-1.6 -0.11,-2.90 -0.31,-3.90 -0.2,-0.89 -0.5,-1.59 -1,-2.09 -0.5,-0.4 -1.10,-0.59 -1.90,-0.59 -0.59,0 -1.18,.19 -1.68,.49 -0.49,.3 -1.01,.80 -1.21,1.40 l 0,-7.90 -3.28,0 z m -49.99,.78 3.90,13.90 .18,6.71 3.31,0 0,-6.71 3.87,-13.90 -3.37,0 -1.40,6.31 c -0.4,1.89 -0.71,3.19 -0.81,3.99 l -0.09,0 c -0.2,-1.1 -0.51,-2.4 -0.81,-3.99 l -1.37,-6.31 -3.40,0 z m 29.59,0 0,2.71 3.40,0 0,17.90 3.28,0 0,-17.90 3.40,0 c 0,0 .00,-2.71 -0.09,-2.71 l -9.99,0 z m -53.49,5.12 8.90,5.18 -8.90,5.09 0,-10.28 z m 89.40,.09 c -1.7,0 -2.89,.59 -3.59,1.59 -0.69,.99 -0.99,2.60 -0.99,4.90 l 0,2.59 c 0,2.2 .30,3.90 .99,4.90 .7,1.1 1.8,1.59 3.5,1.59 1.4,0 2.38,-0.3 3.18,-1 .7,-0.7 1.09,-1.69 1.09,-3.09 l 0,-0.5 -2.90,-0.21 c 0,1 -0.08,1.6 -0.28,2 -0.1,.4 -0.5,.62 -1,.62 -0.3,0 -0.61,-0.11 -0.81,-0.31 -0.2,-0.3 -0.30,-0.59 -0.40,-1.09 -0.1,-0.5 -0.09,-1.21 -0.09,-2.21 l 0,-0.78 5.71,-0.09 0,-2.62 c 0,-1.6 -0.10,-2.78 -0.40,-3.68 -0.2,-0.89 -0.71,-1.59 -1.31,-1.99 -0.7,-0.4 -1.48,-0.59 -2.68,-0.59 z m -50.49,.09 c -1.09,0 -2.01,.18 -2.71,.68 -0.7,.4 -1.2,1.12 -1.49,2.12 -0.3,1 -0.5,2.27 -0.5,3.87 l 0,2.21 c 0,1.5 .10,2.78 .40,3.78 .2,.9 .70,1.62 1.40,2.12 .69,.5 1.71,.68 2.81,.78 1.19,0 2.08,-0.28 2.78,-0.68 .69,-0.4 1.09,-1.09 1.49,-2.09 .39,-1 .49,-2.30 .49,-3.90 l 0,-2.21 c 0,-1.6 -0.2,-2.87 -0.49,-3.87 -0.3,-0.89 -0.8,-1.62 -1.49,-2.12 -0.7,-0.5 -1.58,-0.68 -2.68,-0.68 z m 12.18,.09 0,11.90 c -0.1,.3 -0.29,.48 -0.59,.68 -0.2,.2 -0.51,.31 -0.81,.31 -0.3,0 -0.58,-0.10 -0.68,-0.40 -0.1,-0.3 -0.18,-0.70 -0.18,-1.40 l 0,-10.99 -3.40,0 0,11.21 c 0,1.4 .18,2.39 .68,3.09 .49,.7 1.21,1 2.21,1 1.4,0 2.48,-0.69 3.18,-2.09 l .09,0 .31,1.78 2.59,0 0,-14.99 c 0,0 -3.40,.00 -3.40,-0.09 z m 17.31,0 0,11.90 c -0.1,.3 -0.29,.48 -0.59,.68 -0.2,.2 -0.51,.31 -0.81,.31 -0.3,0 -0.58,-0.10 -0.68,-0.40 -0.1,-0.3 -0.21,-0.70 -0.21,-1.40 l 0,-10.99 -3.40,0 0,11.21 c 0,1.4 .21,2.39 .71,3.09 .5,.7 1.18,1 2.18,1 1.39,0 2.51,-0.69 3.21,-2.09 l .09,0 .28,1.78 2.62,0 0,-14.99 c 0,0 -3.40,.00 -3.40,-0.09 z m 20.90,2.09 c .4,0 .58,.11 .78,.31 .2,.3 .30,.59 .40,1.09 .1,.5 .09,1.21 .09,2.21 l 0,1.09 -2.5,0 0,-1.09 c 0,-1 -0.00,-1.71 .09,-2.21 0,-0.4 .11,-0.8 .31,-1 .2,-0.3 .51,-0.40 .81,-0.40 z m -50.49,.12 c .5,0 .8,.18 1,.68 .19,.5 .28,1.30 .28,2.40 l 0,4.68 c 0,1.1 -0.08,1.90 -0.28,2.40 -0.2,.5 -0.5,.68 -1,.68 -0.5,0 -0.79,-0.18 -0.99,-0.68 -0.2,-0.5 -0.31,-1.30 -0.31,-2.40 l 0,-4.68 c 0,-1.1 .11,-1.90 .31,-2.40 .2,-0.5 .49,-0.68 .99,-0.68 z m 39.68,.09 c .3,0 .61,.10 .81,.40 .2,.3 .27,.67 .37,1.37 .1,.6 .12,1.51 .12,2.71 l .09,1.90 c 0,1.1 .00,1.99 -0.09,2.59 -0.1,.6 -0.19,1.08 -0.49,1.28 -0.2,.3 -0.50,.40 -0.90,.40 -0.3,0 -0.51,-0.08 -0.81,-0.18 -0.2,-0.1 -0.39,-0.29 -0.59,-0.59 l 0,-8.5 c .1,-0.4 .29,-0.7 .59,-1 .3,-0.3 .60,-0.40 .90,-0.40 z\&quot; id=\&quot;ytp-id-34\&quot;&gt;&quot;,
      &quot;target&quot; : [ &quot;#player&quot;, &quot;#ytp-id-34&quot; ],
      &quot;impact&quot; : null,
      &quot;any&quot; : [ {
        &quot;id&quot; : &quot;duplicate-id&quot;,
        &quot;impact&quot; : &quot;minor&quot;,
        &quot;message&quot; : &quot;Document has no static elements that share the same id attribute&quot;,
        &quot;data&quot; : &quot;ytp-id-34&quot;,
        &quot;relatedNodes&quot; : [ ]
      } ],
      &quot;all&quot; : [ ],
      &quot;none&quot; : [ ],
      &quot;failureSummary&quot; : null
    }, {
      &quot;html&quot; : &quot;&lt;path class=\&quot;ytp-svg-fill\&quot; d=\&quot;M 12,26 18.5,22 18.5,14 12,10 z M 18.5,22 25,18 25,18 18.5,14 z\&quot; id=\&quot;ytp-id-5\&quot;&gt;&lt;/path&gt;&quot;,
      &quot;target&quot; : [ &quot;#player&quot;, &quot;#ytp-id-5&quot; ],
      &quot;impact&quot; : null,
      &quot;any&quot; : [ {
        &quot;id&quot; : &quot;duplicate-id&quot;,
        &quot;impact&quot; : &quot;minor&quot;,
        &quot;message&quot; : &quot;Document has no static elements that share the same id attribute&quot;,
        &quot;data&quot; : &quot;ytp-id-5&quot;,
        &quot;relatedNodes&quot; : [ ]
      } ],
      &quot;all&quot; : [ ],
      &quot;none&quot; : [ ],
      &quot;failureSummary&quot; : null
    }, {
      &quot;html&quot; : &quot;&lt;path d=\&quot;M12,14 L9,11 L9,3 L12,0 L5,0 L5,14 L12,14 Z\&quot; fill=\&quot;#eaeaea\&quot; id=\&quot;ytp-id-3\&quot;&gt;&lt;/path&gt;&quot;,
      &quot;target&quot; : [ &quot;#player&quot;, &quot;#ytp-id-3&quot; ],
      &quot;impact&quot; : null,
      &quot;any&quot; : [ {
        &quot;id&quot; : &quot;duplicate-id&quot;,
        &quot;impact&quot; : &quot;minor&quot;,
        &quot;message&quot; : &quot;Document has no static elements that share the same id attribute&quot;,
        &quot;data&quot; : &quot;ytp-id-3&quot;,
        &quot;relatedNodes&quot; : [ ]
      } ],
      &quot;all&quot; : [ ],
      &quot;none&quot; : [ ],
      &quot;failureSummary&quot; : null
    }, {
      &quot;html&quot; : &quot;&lt;path d=\&quot;M2,14 L5,11 L5,3 L2,0 L9,0 L9,14 L2,14 L2,14 Z\&quot; fill=\&quot;#eaeaea\&quot; id=\&quot;ytp-id-4\&quot;&gt;&lt;/path&gt;&quot;,
      &quot;target&quot; : [ &quot;#player&quot;, &quot;#ytp-id-4&quot; ],
      &quot;impact&quot; : null,
      &quot;any&quot; : [ {
        &quot;id&quot; : &quot;duplicate-id&quot;,
        &quot;impact&quot; : &quot;minor&quot;,
        &quot;message&quot; : &quot;Document has no static elements that share the same id attribute&quot;,
        &quot;data&quot; : &quot;ytp-id-4&quot;,
        &quot;relatedNodes&quot; : [ ]
      } ],
      &quot;all&quot; : [ ],
      &quot;none&quot; : [ ],
      &quot;failureSummary&quot; : null
    }, {
      &quot;html&quot; : &quot;&lt;path class=\&quot;ytp-svg-fill\&quot; d=\&quot;m 12,12 h 2 v 12 h -2 z m 3.5,6 8.5,6 V 12 z\&quot; id=\&quot;ytp-id-11\&quot;&gt;&lt;/path&gt;&quot;,
      &quot;target&quot; : [ &quot;#player&quot;, &quot;#ytp-id-11&quot; ],
      &quot;impact&quot; : null,
      &quot;any&quot; : [ {
        &quot;id&quot; : &quot;duplicate-id&quot;,
        &quot;impact&quot; : &quot;minor&quot;,
        &quot;message&quot; : &quot;Document has no static elements that share the same id attribute&quot;,
        &quot;data&quot; : &quot;ytp-id-11&quot;,
        &quot;relatedNodes&quot; : [ ]
      } ],
      &quot;all&quot; : [ ],
      &quot;none&quot; : [ ],
      &quot;failureSummary&quot; : null
    }, {
      &quot;html&quot; : &quot;&lt;path class=\&quot;ytp-svg-fill\&quot; d=\&quot;M 12,26 18.5,22 18.5,14 12,10 z M 18.5,22 25,18 25,18 18.5,14 z\&quot; id=\&quot;ytp-id-12\&quot;&gt;&lt;/path&gt;&quot;,
      &quot;target&quot; : [ &quot;#player&quot;, &quot;#ytp-id-12&quot; ],
      &quot;impact&quot; : null,
      &quot;any&quot; : [ {
        &quot;id&quot; : &quot;duplicate-id&quot;,
        &quot;impact&quot; : &quot;minor&quot;,
        &quot;message&quot; : &quot;Document has no static elements that share the same id attribute&quot;,
        &quot;data&quot; : &quot;ytp-id-12&quot;,
        &quot;relatedNodes&quot; : [ ]
      } ],
      &quot;all&quot; : [ ],
      &quot;none&quot; : [ ],
      &quot;failureSummary&quot; : null
    }, {
      &quot;html&quot; : &quot;&lt;path class=\&quot;ytp-svg-fill\&quot; d=\&quot;M 12,24 20.5,18 12,12 V 24 z M 22,12 v 12 h 2 V 12 h -2 z\&quot; id=\&quot;ytp-id-13\&quot;&gt;&lt;/path&gt;&quot;,
      &quot;target&quot; : [ &quot;#player&quot;, &quot;#ytp-id-13&quot; ],
      &quot;impact&quot; : null,
      &quot;any&quot; : [ {
        &quot;id&quot; : &quot;duplicate-id&quot;,
        &quot;impact&quot; : &quot;minor&quot;,
        &quot;message&quot; : &quot;Document has no static elements that share the same id attribute&quot;,
        &quot;data&quot; : &quot;ytp-id-13&quot;,
        &quot;relatedNodes&quot; : [ ]
      } ],
      &quot;all&quot; : [ ],
      &quot;none&quot; : [ ],
      &quot;failureSummary&quot; : null
    }, {
      &quot;html&quot; : &quot;&lt;clipPath id=\&quot;ytp-svg-volume-animation-mask\&quot;&gt;&quot;,
      &quot;target&quot; : [ &quot;#player&quot;, &quot;#ytp-svg-volume-animation-mask&quot; ],
      &quot;impact&quot; : null,
      &quot;any&quot; : [ {
        &quot;id&quot; : &quot;duplicate-id&quot;,
        &quot;impact&quot; : &quot;minor&quot;,
        &quot;message&quot; : &quot;Document has no static elements that share the same id attribute&quot;,
        &quot;data&quot; : &quot;ytp-svg-volume-animation-mask&quot;,
        &quot;relatedNodes&quot; : [ ]
      } ],
      &quot;all&quot; : [ ],
      &quot;none&quot; : [ ],
      &quot;failureSummary&quot; : null
    }, {
      &quot;html&quot; : &quot;&lt;clipPath id=\&quot;ytp-svg-volume-animation-slash-mask\&quot;&gt;&lt;path class=\&quot;ytp-svg-volume-animation-mover\&quot; d=\&quot;m -11.45,-15.55 -4.44,4.51 20.45,20.94 4.55,-4.66 z\&quot; transform=\&quot;translate(0, 0)\&quot;&gt;&lt;/path&gt;&lt;/clipPath&gt;&quot;,
      &quot;target&quot; : [ &quot;#player&quot;, &quot;#ytp-svg-volume-animation-slash-mask&quot; ],
      &quot;impact&quot; : null,
      &quot;any&quot; : [ {
        &quot;id&quot; : &quot;duplicate-id&quot;,
        &quot;impact&quot; : &quot;minor&quot;,
        &quot;message&quot; : &quot;Document has no static elements that share the same id attribute&quot;,
        &quot;data&quot; : &quot;ytp-svg-volume-animation-slash-mask&quot;,
        &quot;relatedNodes&quot; : [ ]
      } ],
      &quot;all&quot; : [ ],
      &quot;none&quot; : [ ],
      &quot;failureSummary&quot; : null
    }, {
      &quot;html&quot; : &quot;&lt;path class=\&quot;ytp-svg-fill ytp-svg-volume-animation-speaker\&quot; clip-path=\&quot;url(#ytp-svg-volume-animation-mask)\&quot; d=\&quot;M8,21 L12,21 L17,26 L17,10 L12,15 L8,15 L8,21 Z M19,14 L19,22 C20.48,21.32 21.5,19.77 21.5,18 C21.5,16.26 20.48,14.74 19,14 ZM19,11.29 C21.89,12.15 24,14.83 24,18 C24,21.17 21.89,23.85 19,24.71 L19,26.77 C23.01,25.86 26,22.28 26,18 C26,13.72 23.01,10.14 19,9.23 L19,11.29 Z\&quot; fill=\&quot;#fff\&quot; id=\&quot;ytp-id-15\&quot;&gt;&quot;,
      &quot;target&quot; : [ &quot;#player&quot;, &quot;#ytp-id-15&quot; ],
      &quot;impact&quot; : null,
      &quot;any&quot; : [ {
        &quot;id&quot; : &quot;duplicate-id&quot;,
        &quot;impact&quot; : &quot;minor&quot;,
        &quot;message&quot; : &quot;Document has no static elements that share the same id attribute&quot;,
        &quot;data&quot; : &quot;ytp-id-15&quot;,
        &quot;relatedNodes&quot; : [ ]
      } ],
      &quot;all&quot; : [ ],
      &quot;none&quot; : [ ],
      &quot;failureSummary&quot; : null
    }, {
      &quot;html&quot; : &quot;&lt;path class=\&quot;ytp-svg-fill ytp-svg-volume-animation-hider\&quot; clip-path=\&quot;url(#ytp-svg-volume-animation-slash-mask)\&quot; d=\&quot;M 9.25,9 7.98,10.27 24.71,27 l 1.27,-1.27 Z\&quot; fill=\&quot;#fff\&quot; id=\&quot;ytp-id-16\&quot; style=\&quot;display: none;\&quot;&gt;&lt;/path&gt;&quot;,
      &quot;target&quot; : [ &quot;#player&quot;, &quot;#ytp-id-16&quot; ],
      &quot;impact&quot; : null,
      &quot;any&quot; : [ {
        &quot;id&quot; : &quot;duplicate-id&quot;,
        &quot;impact&quot; : &quot;minor&quot;,
        &quot;message&quot; : &quot;Document has no static elements that share the same id attribute&quot;,
        &quot;data&quot; : &quot;ytp-id-16&quot;,
        &quot;relatedNodes&quot; : [ ]
      } ],
      &quot;all&quot; : [ ],
      &quot;none&quot; : [ ],
      &quot;failureSummary&quot; : null
    }, {
      &quot;html&quot; : &quot;&lt;path d=\&quot;M11,11 C9.89,11 9,11.9 9,13 L9,23 C9,24.1 9.89,25 11,25 L25,25 C26.1,25 27,24.1 27,23 L27,13 C27,11.9 26.1,11 25,11 L11,11 Z M17,17 L15.5,17 L15.5,16.5 L13.5,16.5 L13.5,19.5 L15.5,19.5 L15.5,19 L17,19 L17,20 C17,20.55 16.55,21 16,21 L13,21 C12.45,21 12,20.55 12,20 L12,16 C12,15.45 12.45,15 13,15 L16,15 C16.55,15 17,15.45 17,16 L17,17 L17,17 Z M24,17 L22.5,17 L22.5,16.5 L20.5,16.5 L20.5,19.5 L22.5,19.5 L22.5,19 L24,19 L24,20 C24,20.55 23.55,21 23,21 L20,21 C19.45,21 19,20.55 19,20 L19,16 C19,15.45 19.45,15 20,15 L23,15 C23.55,15 24,15.45 24,16 L24,17 L24,17 Z\&quot; fill=\&quot;#fff\&quot; id=\&quot;ytp-id-17\&quot;&gt;&quot;,
      &quot;target&quot; : [ &quot;#player&quot;, &quot;#ytp-id-17&quot; ],
      &quot;impact&quot; : null,
      &quot;any&quot; : [ {
        &quot;id&quot; : &quot;duplicate-id&quot;,
        &quot;impact&quot; : &quot;minor&quot;,
        &quot;message&quot; : &quot;Document has no static elements that share the same id attribute&quot;,
        &quot;data&quot; : &quot;ytp-id-17&quot;,
        &quot;relatedNodes&quot; : [ ]
      } ],
      &quot;all&quot; : [ ],
      &quot;none&quot; : [ ],
      &quot;failureSummary&quot; : null
    }, {
      &quot;html&quot; : &quot;&lt;path d=\&quot;m 23.94,18.78 c .03,-0.25 .05,-0.51 .05,-0.78 0,-0.27 -0.02,-0.52 -0.05,-0.78 l 1.68,-1.32 c .15,-0.12 .19,-0.33 .09,-0.51 l -1.6,-2.76 c -0.09,-0.17 -0.31,-0.24 -0.48,-0.17 l -1.99,.8 c -0.41,-0.32 -0.86,-0.58 -1.35,-0.78 l -0.30,-2.12 c -0.02,-0.19 -0.19,-0.33 -0.39,-0.33 l -3.2,0 c -0.2,0 -0.36,.14 -0.39,.33 l -0.30,2.12 c -0.48,.2 -0.93,.47 -1.35,.78 l -1.99,-0.8 c -0.18,-0.07 -0.39,0 -0.48,.17 l -1.6,2.76 c -0.10,.17 -0.05,.39 .09,.51 l 1.68,1.32 c -0.03,.25 -0.05,.52 -0.05,.78 0,.26 .02,.52 .05,.78 l -1.68,1.32 c -0.15,.12 -0.19,.33 -0.09,.51 l 1.6,2.76 c .09,.17 .31,.24 .48,.17 l 1.99,-0.8 c .41,.32 .86,.58 1.35,.78 l .30,2.12 c .02,.19 .19,.33 .39,.33 l 3.2,0 c .2,0 .36,-0.14 .39,-0.33 l .30,-2.12 c .48,-0.2 .93,-0.47 1.35,-0.78 l 1.99,.8 c .18,.07 .39,0 .48,-0.17 l 1.6,-2.76 c .09,-0.17 .05,-0.39 -0.09,-0.51 l -1.68,-1.32 0,0 z m -5.94,2.01 c -1.54,0 -2.8,-1.25 -2.8,-2.8 0,-1.54 1.25,-2.8 2.8,-2.8 1.54,0 2.8,1.25 2.8,2.8 0,1.54 -1.25,2.8 -2.8,2.8 l 0,0 z\&quot; fill=\&quot;#fff\&quot; id=\&quot;ytp-id-19\&quot;&gt;&quot;,
      &quot;target&quot; : [ &quot;#player&quot;, &quot;#ytp-id-19&quot; ],
      &quot;impact&quot; : null,
      &quot;any&quot; : [ {
        &quot;id&quot; : &quot;duplicate-id&quot;,
        &quot;impact&quot; : &quot;minor&quot;,
        &quot;message&quot; : &quot;Document has no static elements that share the same id attribute&quot;,
        &quot;data&quot; : &quot;ytp-id-19&quot;,
        &quot;relatedNodes&quot; : [ ]
      } ],
      &quot;all&quot; : [ ],
      &quot;none&quot; : [ ],
      &quot;failureSummary&quot; : null
    }, {
      &quot;html&quot; : &quot;&lt;path d=\&quot;M 26,10 22.83,10 21,8 15,8 13.17,10 10,10 c -1.1,0 -2,.9 -2,2 l 0,12 c 0,1.1 .9,2 2,2 l 16,0 c 1.1,0 2,-0.9 2,-2 l 0,-12 c 0,-1.1 -0.9,-2 -2,-2 l 0,0 z m -5,11.5 0,-2.5 -6,0 0,2.5 -3.5,-3.5 3.5,-3.5 0,2.5 6,0 0,-2.5 3.5,3.5 -3.5,3.5 0,0 z\&quot; fill=\&quot;#fff\&quot; id=\&quot;ytp-id-20\&quot;&gt;&lt;/path&gt;&quot;,
      &quot;target&quot; : [ &quot;#player&quot;, &quot;#ytp-id-20&quot; ],
      &quot;impact&quot; : null,
      &quot;any&quot; : [ {
        &quot;id&quot; : &quot;duplicate-id&quot;,
        &quot;impact&quot; : &quot;minor&quot;,
        &quot;message&quot; : &quot;Document has no static elements that share the same id attribute&quot;,
        &quot;data&quot; : &quot;ytp-id-20&quot;,
        &quot;relatedNodes&quot; : [ ]
      } ],
      &quot;all&quot; : [ ],
      &quot;none&quot; : [ ],
      &quot;failureSummary&quot; : null
    }, {
      &quot;html&quot; : &quot;&lt;path class=\&quot;ytp-svg-fill\&quot; d=\&quot;M 45.09 10 L 45.09 25.82 L 47.16 25.82 L 47.41 24.76 L 47.47 24.76 C 47.66 25.14 47.94 25.44 48.33 25.66 C 48.72 25.88 49.16 25.99 49.63 25.99 C 50.48 25.99 51.1 25.60 51.5 24.82 C 51.9 24.04 52.09 22.82 52.09 21.16 L 52.09 19.40 C 52.12 18.13 52.05 17.15 51.90 16.44 C 51.75 15.74 51.50 15.23 51.16 14.91 C 50.82 14.59 50.34 14.44 49.75 14.44 C 49.29 14.44 48.87 14.57 48.47 14.83 C 48.27 14.96 48.09 15.11 47.93 15.29 C 47.78 15.46 47.64 15.65 47.53 15.86 L 47.51 15.86 L 47.51 10 L 45.09 10 z M 8.10 10.56 L 10.96 20.86 L 10.96 25.82 L 13.42 25.82 L 13.42 20.86 L 16.32 10.56 L 13.83 10.56 L 12.78 15.25 C 12.49 16.62 12.31 17.59 12.23 18.17 L 12.16 18.17 C 12.04 17.35 11.84 16.38 11.59 15.23 L 10.59 10.56 L 8.10 10.56 z M 30.10 10.56 L 30.10 12.58 L 32.59 12.58 L 32.59 25.82 L 35.06 25.82 L 35.06 12.58 L 37.55 12.58 L 37.55 10.56 L 30.10 10.56 z M 19.21 14.46 C 18.37 14.46 17.69 14.63 17.17 14.96 C 16.65 15.29 16.27 15.82 16.03 16.55 C 15.79 17.28 15.67 18.23 15.67 19.43 L 15.67 21.06 C 15.67 22.24 15.79 23.19 16 23.91 C 16.21 24.62 16.57 25.15 17.07 25.49 C 17.58 25.83 18.27 26 19.15 26 C 20.02 26 20.69 25.83 21.19 25.5 C 21.69 25.17 22.06 24.63 22.28 23.91 C 22.51 23.19 22.63 22.25 22.63 21.06 L 22.63 19.43 C 22.63 18.23 22.50 17.28 22.27 16.56 C 22.04 15.84 21.68 15.31 21.18 14.97 C 20.68 14.63 20.03 14.46 19.21 14.46 z M 56.64 14.47 C 55.39 14.47 54.51 14.84 53.99 15.61 C 53.48 16.38 53.22 17.60 53.22 19.27 L 53.22 21.23 C 53.22 22.85 53.47 24.05 53.97 24.83 C 54.34 25.40 54.92 25.77 55.71 25.91 C 55.97 25.96 56.26 25.99 56.57 25.99 C 57.60 25.99 58.40 25.74 58.96 25.23 C 59.53 24.72 59.81 23.94 59.81 22.91 C 59.81 22.74 59.79 22.61 59.78 22.51 L 57.63 22.39 C 57.62 23.06 57.54 23.54 57.40 23.83 C 57.26 24.12 57.01 24.27 56.63 24.27 C 56.35 24.27 56.13 24.18 56.00 24.02 C 55.87 23.86 55.79 23.61 55.75 23.25 C 55.71 22.89 55.68 22.36 55.68 21.64 L 55.68 21.08 L 59.86 21.08 L 59.86 19.16 C 59.86 17.99 59.77 17.08 59.58 16.41 C 59.39 15.75 59.07 15.25 58.61 14.93 C 58.15 14.62 57.50 14.47 56.64 14.47 z M 23.92 14.67 L 23.92 23.00 C 23.92 24.03 24.11 24.79 24.46 25.27 C 24.82 25.76 25.35 26.00 26.09 26.00 C 27.16 26.00 27.97 25.49 28.5 24.46 L 28.55 24.46 L 28.76 25.82 L 30.73 25.82 L 30.73 14.67 L 28.23 14.67 L 28.23 23.52 C 28.13 23.73 27.97 23.90 27.77 24.03 C 27.57 24.16 27.37 24.24 27.15 24.24 C 26.89 24.24 26.70 24.12 26.59 23.91 C 26.48 23.70 26.43 23.35 26.43 22.85 L 26.43 14.67 L 23.92 14.67 z M 36.80 14.67 L 36.80 23.00 C 36.80 24.03 36.98 24.79 37.33 25.27 C 37.60 25.64 37.97 25.87 38.45 25.96 C 38.61 25.99 38.78 26.00 38.97 26.00 C 40.04 26.00 40.83 25.49 41.36 24.46 L 41.41 24.46 L 41.64 25.82 L 43.59 25.82 L 43.59 14.67 L 41.09 14.67 L 41.09 23.52 C 40.99 23.73 40.85 23.90 40.65 24.03 C 40.45 24.16 40.23 24.24 40.01 24.24 C 39.75 24.24 39.58 24.12 39.47 23.91 C 39.36 23.70 39.31 23.35 39.31 22.85 L 39.31 14.67 L 36.80 14.67 z M 56.61 16.15 C 56.88 16.15 57.08 16.23 57.21 16.38 C 57.33 16.53 57.42 16.79 57.47 17.16 C 57.52 17.53 57.53 18.06 57.53 18.78 L 57.53 19.58 L 55.69 19.58 L 55.69 18.78 C 55.69 18.05 55.71 17.52 55.75 17.16 C 55.79 16.81 55.87 16.55 56.00 16.39 C 56.13 16.23 56.32 16.15 56.61 16.15 z M 19.15 16.19 C 19.50 16.19 19.75 16.38 19.89 16.75 C 20.03 17.12 20.09 17.7 20.09 18.5 L 20.09 21.97 C 20.09 22.79 20.03 23.39 19.89 23.75 C 19.75 24.11 19.51 24.29 19.15 24.30 C 18.80 24.30 18.54 24.11 18.41 23.75 C 18.28 23.39 18.22 22.79 18.22 21.97 L 18.22 18.5 C 18.22 17.7 18.28 17.12 18.42 16.75 C 18.56 16.38 18.81 16.19 19.15 16.19 z M 48.63 16.22 C 48.88 16.22 49.08 16.31 49.22 16.51 C 49.36 16.71 49.45 17.05 49.50 17.52 C 49.55 17.99 49.58 18.68 49.58 19.55 L 49.58 21 L 49.59 21 C 49.59 21.81 49.57 22.45 49.5 22.91 C 49.43 23.37 49.32 23.70 49.16 23.89 C 49.00 24.08 48.78 24.17 48.51 24.17 C 48.30 24.17 48.11 24.12 47.94 24.02 C 47.76 23.92 47.62 23.78 47.51 23.58 L 47.51 17.25 C 47.59 16.95 47.75 16.70 47.96 16.50 C 48.17 16.31 48.39 16.22 48.63 16.22 z \&quot; id=\&quot;ytp-id-22\&quot;&gt;&quot;,
      &quot;target&quot; : [ &quot;#player&quot;, &quot;#ytp-id-22&quot; ],
      &quot;impact&quot; : null,
      &quot;any&quot; : [ {
        &quot;id&quot; : &quot;duplicate-id&quot;,
        &quot;impact&quot; : &quot;minor&quot;,
        &quot;message&quot; : &quot;Document has no static elements that share the same id attribute&quot;,
        &quot;data&quot; : &quot;ytp-id-22&quot;,
        &quot;relatedNodes&quot; : [ ]
      } ],
      &quot;all&quot; : [ ],
      &quot;none&quot; : [ ],
      &quot;failureSummary&quot; : null
    }, {
      &quot;html&quot; : &quot;&lt;path d=\&quot;M25,17 L17,17 L17,23 L25,23 L25,17 L25,17 Z M29,25 L29,10.98 C29,9.88 28.1,9 27,9 L9,9 C7.9,9 7,9.88 7,10.98 L7,25 C7,26.1 7.9,27 9,27 L27,27 C28.1,27 29,26.1 29,25 L29,25 Z M27,25.02 L9,25.02 L9,10.97 L27,10.97 L27,25.02 L27,25.02 Z\&quot; fill=\&quot;#fff\&quot; id=\&quot;ytp-id-6\&quot;&gt;&lt;/path&gt;&quot;,
      &quot;target&quot; : [ &quot;#player&quot;, &quot;#ytp-id-6&quot; ],
      &quot;impact&quot; : null,
      &quot;any&quot; : [ {
        &quot;id&quot; : &quot;duplicate-id&quot;,
        &quot;impact&quot; : &quot;minor&quot;,
        &quot;message&quot; : &quot;Document has no static elements that share the same id attribute&quot;,
        &quot;data&quot; : &quot;ytp-id-6&quot;,
        &quot;relatedNodes&quot; : [ ]
      } ],
      &quot;all&quot; : [ ],
      &quot;none&quot; : [ ],
      &quot;failureSummary&quot; : null
    }, {
      &quot;html&quot; : &quot;&lt;path d=\&quot;M27,9 L9,9 C7.9,9 7,9.9 7,11 L7,14 L9,14 L9,11 L27,11 L27,25 L20,25 L20,27 L27,27 C28.1,27 29,26.1 29,25 L29,11 C29,9.9 28.1,9 27,9 L27,9 Z M7,24 L7,27 L10,27 C10,25.34 8.66,24 7,24 L7,24 Z M7,20 L7,22 C9.76,22 12,24.24 12,27 L14,27 C14,23.13 10.87,20 7,20 L7,20 Z M7,16 L7,18 C11.97,18 16,22.03 16,27 L18,27 C18,20.92 13.07,16 7,16 L7,16 Z\&quot; fill=\&quot;#fff\&quot; id=\&quot;ytp-id-23\&quot;&gt;&quot;,
      &quot;target&quot; : [ &quot;#player&quot;, &quot;#ytp-id-23&quot; ],
      &quot;impact&quot; : null,
      &quot;any&quot; : [ {
        &quot;id&quot; : &quot;duplicate-id&quot;,
        &quot;impact&quot; : &quot;minor&quot;,
        &quot;message&quot; : &quot;Document has no static elements that share the same id attribute&quot;,
        &quot;data&quot; : &quot;ytp-id-23&quot;,
        &quot;relatedNodes&quot; : [ ]
      } ],
      &quot;all&quot; : [ ],
      &quot;none&quot; : [ ],
      &quot;failureSummary&quot; : null
    }, {
      &quot;html&quot; : &quot;&lt;path class=\&quot;ytp-svg-fill\&quot; d=\&quot;m 10,16 2,0 0,-4 4,0 0,-2 L 10,10 l 0,6 0,0 z\&quot; id=\&quot;ytp-id-7\&quot;&gt;&lt;/path&gt;&quot;,
      &quot;target&quot; : [ &quot;#player&quot;, &quot;#ytp-id-7&quot; ],
      &quot;impact&quot; : null,
      &quot;any&quot; : [ {
        &quot;id&quot; : &quot;duplicate-id&quot;,
        &quot;impact&quot; : &quot;minor&quot;,
        &quot;message&quot; : &quot;Document has no static elements that share the same id attribute&quot;,
        &quot;data&quot; : &quot;ytp-id-7&quot;,
        &quot;relatedNodes&quot; : [ ]
      } ],
      &quot;all&quot; : [ ],
      &quot;none&quot; : [ ],
      &quot;failureSummary&quot; : null
    }, {
      &quot;html&quot; : &quot;&lt;path class=\&quot;ytp-svg-fill\&quot; d=\&quot;m 20,10 0,2 4,0 0,4 2,0 L 26,10 l -6,0 0,0 z\&quot; id=\&quot;ytp-id-8\&quot;&gt;&lt;/path&gt;&quot;,
      &quot;target&quot; : [ &quot;#player&quot;, &quot;#ytp-id-8&quot; ],
      &quot;impact&quot; : null,
      &quot;any&quot; : [ {
        &quot;id&quot; : &quot;duplicate-id&quot;,
        &quot;impact&quot; : &quot;minor&quot;,
        &quot;message&quot; : &quot;Document has no static elements that share the same id attribute&quot;,
        &quot;data&quot; : &quot;ytp-id-8&quot;,
        &quot;relatedNodes&quot; : [ ]
      } ],
      &quot;all&quot; : [ ],
      &quot;none&quot; : [ ],
      &quot;failureSummary&quot; : null
    }, {
      &quot;html&quot; : &quot;&lt;path class=\&quot;ytp-svg-fill\&quot; d=\&quot;m 24,24 -4,0 0,2 L 26,26 l 0,-6 -2,0 0,4 0,0 z\&quot; id=\&quot;ytp-id-9\&quot;&gt;&lt;/path&gt;&quot;,
      &quot;target&quot; : [ &quot;#player&quot;, &quot;#ytp-id-9&quot; ],
      &quot;impact&quot; : null,
      &quot;any&quot; : [ {
        &quot;id&quot; : &quot;duplicate-id&quot;,
        &quot;impact&quot; : &quot;minor&quot;,
        &quot;message&quot; : &quot;Document has no static elements that share the same id attribute&quot;,
        &quot;data&quot; : &quot;ytp-id-9&quot;,
        &quot;relatedNodes&quot; : [ ]
      } ],
      &quot;all&quot; : [ ],
      &quot;none&quot; : [ ],
      &quot;failureSummary&quot; : null
    }, {
      &quot;html&quot; : &quot;&lt;path class=\&quot;ytp-svg-fill\&quot; d=\&quot;M 12,20 10,20 10,26 l 6,0 0,-2 -4,0 0,-4 0,0 z\&quot; id=\&quot;ytp-id-10\&quot;&gt;&lt;/path&gt;&quot;,
      &quot;target&quot; : [ &quot;#player&quot;, &quot;#ytp-id-10&quot; ],
      &quot;impact&quot; : null,
      &quot;any&quot; : [ {
        &quot;id&quot; : &quot;duplicate-id&quot;,
        &quot;impact&quot; : &quot;minor&quot;,
        &quot;message&quot; : &quot;Document has no static elements that share the same id attribute&quot;,
        &quot;data&quot; : &quot;ytp-id-10&quot;,
        &quot;relatedNodes&quot; : [ ]
      } ],
      &quot;all&quot; : [ ],
      &quot;none&quot; : [ ],
      &quot;failureSummary&quot; : null
    }, {
      &quot;html&quot; : &quot;&lt;a href=\&quot;mars2.html?a=\&quot; class=\&quot;thickbox\&quot; id=\&quot;id-country-selector\&quot;&gt;&lt;/a&gt;&quot;,
      &quot;target&quot; : [ &quot;#id-country-selector&quot; ],
      &quot;impact&quot; : null,
      &quot;any&quot; : [ {
        &quot;id&quot; : &quot;duplicate-id&quot;,
        &quot;impact&quot; : &quot;minor&quot;,
        &quot;message&quot; : &quot;Document has no static elements that share the same id attribute&quot;,
        &quot;data&quot; : &quot;id-country-selector&quot;,
        &quot;relatedNodes&quot; : [ ]
      } ],
      &quot;all&quot; : [ ],
      &quot;none&quot; : [ ],
      &quot;failureSummary&quot; : null
    }, {
      &quot;html&quot; : &quot;&lt;div id=\&quot;inline-id-country-selector\&quot; style=\&quot;display: none;\&quot;&gt;&quot;,
      &quot;target&quot; : [ &quot;#inline-id-country-selector&quot; ],
      &quot;impact&quot; : null,
      &quot;any&quot; : [ {
        &quot;id&quot; : &quot;duplicate-id&quot;,
        &quot;impact&quot; : &quot;minor&quot;,
        &quot;message&quot; : &quot;Document has no static elements that share the same id attribute&quot;,
        &quot;data&quot; : &quot;inline-id-country-selector&quot;,
        &quot;relatedNodes&quot; : [ ]
      } ],
      &quot;all&quot; : [ ],
      &quot;none&quot; : [ ],
      &quot;failureSummary&quot; : null
    }, {
      &quot;html&quot; : &quot;&lt;input id=\&quot;id-country-preference\&quot; class=\&quot;no-border\&quot; type=\&quot;checkbox\&quot; name=\&quot;country-preference\&quot; value=\&quot;1\&quot;&gt;&quot;,
      &quot;target&quot; : [ &quot;#id-country-preference&quot; ],
      &quot;impact&quot; : null,
      &quot;any&quot; : [ {
        &quot;id&quot; : &quot;duplicate-id&quot;,
        &quot;impact&quot; : &quot;minor&quot;,
        &quot;message&quot; : &quot;Document has no static elements that share the same id attribute&quot;,
        &quot;data&quot; : &quot;id-country-preference&quot;,
        &quot;relatedNodes&quot; : [ ]
      } ],
      &quot;all&quot; : [ ],
      &quot;none&quot; : [ ],
      &quot;failureSummary&quot; : null
    }, {
      &quot;html&quot; : &quot;&lt;div id=\&quot;bottom-bg\&quot; style=\&quot;\&quot;&gt;&quot;,
      &quot;target&quot; : [ &quot;#bottom-bg&quot; ],
      &quot;impact&quot; : null,
      &quot;any&quot; : [ {
        &quot;id&quot; : &quot;duplicate-id&quot;,
        &quot;impact&quot; : &quot;minor&quot;,
        &quot;message&quot; : &quot;Document has no static elements that share the same id attribute&quot;,
        &quot;data&quot; : &quot;bottom-bg&quot;,
        &quot;relatedNodes&quot; : [ ]
      } ],
      &quot;all&quot; : [ ],
      &quot;none&quot; : [ ],
      &quot;failureSummary&quot; : null
    }, {
      &quot;html&quot; : &quot;&lt;div id=\&quot;social-bar\&quot; class=\&quot;container-fluid-full\&quot;&gt;&quot;,
      &quot;target&quot; : [ &quot;#social-bar&quot; ],
      &quot;impact&quot; : null,
      &quot;any&quot; : [ {
        &quot;id&quot; : &quot;duplicate-id&quot;,
        &quot;impact&quot; : &quot;minor&quot;,
        &quot;message&quot; : &quot;Document has no static elements that share the same id attribute&quot;,
        &quot;data&quot; : &quot;social-bar&quot;,
        &quot;relatedNodes&quot; : [ ]
      } ],
      &quot;all&quot; : [ ],
      &quot;none&quot; : [ ],
      &quot;failureSummary&quot; : null
    }, {
      &quot;html&quot; : &quot;&lt;div id=\&quot;social\&quot; class=\&quot;span12\&quot;&gt;&quot;,
      &quot;target&quot; : [ &quot;#social&quot; ],
      &quot;impact&quot; : null,
      &quot;any&quot; : [ {
        &quot;id&quot; : &quot;duplicate-id&quot;,
        &quot;impact&quot; : &quot;minor&quot;,
        &quot;message&quot; : &quot;Document has no static elements that share the same id attribute&quot;,
        &quot;data&quot; : &quot;social&quot;,
        &quot;relatedNodes&quot; : [ ]
      } ],
      &quot;all&quot; : [ ],
      &quot;none&quot; : [ ],
      &quot;failureSummary&quot; : null
    }, {
      &quot;html&quot; : &quot;&lt;iframe id=\&quot;fafbba78\&quot; name=\&quot;f2bc5e72d\&quot; scrolling=\&quot;no\&quot; style=\&quot;border: none; overflow: hidden; height: 62px; width: 292px;\&quot; class=\&quot;fb_ltr\&quot; src=\&quot;/assets/demo-sites/mars/js/likebox.html\&quot;&gt;&lt;/iframe&gt;&quot;,
      &quot;target&quot; : [ &quot;#fafbba78&quot; ],
      &quot;impact&quot; : null,
      &quot;any&quot; : [ {
        &quot;id&quot; : &quot;duplicate-id&quot;,
        &quot;impact&quot; : &quot;minor&quot;,
        &quot;message&quot; : &quot;Document has no static elements that share the same id attribute&quot;,
        &quot;data&quot; : &quot;fafbba78&quot;,
        &quot;relatedNodes&quot; : [ ]
      } ],
      &quot;all&quot; : [ ],
      &quot;none&quot; : [ ],
      &quot;failureSummary&quot; : null
    }, {
      &quot;html&quot; : &quot;&lt;html lang=\&quot;en\&quot; id=\&quot;facebook\&quot; class=\&quot;\&quot;&gt;&quot;,
      &quot;target&quot; : [ &quot;#fafbba78&quot;, &quot;#facebook&quot; ],
      &quot;impact&quot; : null,
      &quot;any&quot; : [ {
        &quot;id&quot; : &quot;duplicate-id&quot;,
        &quot;impact&quot; : &quot;minor&quot;,
        &quot;message&quot; : &quot;Document has no static elements that share the same id attribute&quot;,
        &quot;data&quot; : &quot;facebook&quot;,
        &quot;relatedNodes&quot; : [ ]
      } ],
      &quot;all&quot; : [ ],
      &quot;none&quot; : [ ],
      &quot;failureSummary&quot; : null
    }, {
      &quot;html&quot; : &quot;&lt;meta name=\&quot;referrer\&quot; content=\&quot;default\&quot; id=\&quot;meta_referrer\&quot;&gt;&quot;,
      &quot;target&quot; : [ &quot;#fafbba78&quot;, &quot;#meta_referrer&quot; ],
      &quot;impact&quot; : null,
      &quot;any&quot; : [ {
        &quot;id&quot; : &quot;duplicate-id&quot;,
        &quot;impact&quot; : &quot;minor&quot;,
        &quot;message&quot; : &quot;Document has no static elements that share the same id attribute&quot;,
        &quot;data&quot; : &quot;meta_referrer&quot;,
        &quot;relatedNodes&quot; : [ ]
      } ],
      &quot;all&quot; : [ ],
      &quot;none&quot; : [ ],
      &quot;failureSummary&quot; : null
    }, {
      &quot;html&quot; : &quot;&lt;div id=\&quot;FB_HiddenContainer\&quot; style=\&quot;position:absolute; top:-10000px; width:0px; height:0px;\&quot;&gt;\n&lt;/div&gt;&quot;,
      &quot;target&quot; : [ &quot;#fafbba78&quot;, &quot;#FB_HiddenContainer&quot; ],
      &quot;impact&quot; : null,
      &quot;any&quot; : [ {
        &quot;id&quot; : &quot;duplicate-id&quot;,
        &quot;impact&quot; : &quot;minor&quot;,
        &quot;message&quot; : &quot;Document has no static elements that share the same id attribute&quot;,
        &quot;data&quot; : &quot;FB_HiddenContainer&quot;,
        &quot;relatedNodes&quot; : [ ]
      } ],
      &quot;all&quot; : [ ],
      &quot;none&quot; : [ ],
      &quot;failureSummary&quot; : null
    }, {
      &quot;html&quot; : &quot;&lt;form rel=\&quot;async\&quot; ajaxify=\&quot;/plugins/likebox/connect\&quot; method=\&quot;post\&quot; action=\&quot;#\&quot; id=\&quot;u_0_0\&quot;&gt;&quot;,
      &quot;target&quot; : [ &quot;#fafbba78&quot;, &quot;#u_0_0&quot; ],
      &quot;impact&quot; : null,
      &quot;any&quot; : [ {
        &quot;id&quot; : &quot;duplicate-id&quot;,
        &quot;impact&quot; : &quot;minor&quot;,
        &quot;message&quot; : &quot;Document has no static elements that share the same id attribute&quot;,
        &quot;data&quot; : &quot;u_0_0&quot;,
        &quot;relatedNodes&quot; : [ ]
      } ],
      &quot;all&quot; : [ ],
      &quot;none&quot; : [ ],
      &quot;failureSummary&quot; : null
    }, {
      &quot;html&quot; : &quot;&lt;span class=\&quot;hidden_elem\&quot; id=\&quot;u_0_1\&quot;&gt;You like this.&lt;/span&gt;&quot;,
      &quot;target&quot; : [ &quot;#fafbba78&quot;, &quot;#u_0_1&quot; ],
      &quot;impact&quot; : null,
      &quot;any&quot; : [ {
        &quot;id&quot; : &quot;duplicate-id&quot;,
        &quot;impact&quot; : &quot;minor&quot;,
        &quot;message&quot; : &quot;Document has no static elements that share the same id attribute&quot;,
        &quot;data&quot; : &quot;u_0_1&quot;,
        &quot;relatedNodes&quot; : [ ]
      } ],
      &quot;all&quot; : [ ],
      &quot;none&quot; : [ ],
      &quot;failureSummary&quot; : null
    }, {
      &quot;html&quot; : &quot;&lt;span id=\&quot;u_0_2\&quot;&gt;378,121&lt;/span&gt;&quot;,
      &quot;target&quot; : [ &quot;#fafbba78&quot;, &quot;#u_0_2&quot; ],
      &quot;impact&quot; : null,
      &quot;any&quot; : [ {
        &quot;id&quot; : &quot;duplicate-id&quot;,
        &quot;impact&quot; : &quot;minor&quot;,
        &quot;message&quot; : &quot;Document has no static elements that share the same id attribute&quot;,
        &quot;data&quot; : &quot;u_0_2&quot;,
        &quot;relatedNodes&quot; : [ ]
      } ],
      &quot;all&quot; : [ ],
      &quot;none&quot; : [ ],
      &quot;failureSummary&quot; : null
    }, {
      &quot;html&quot; : &quot;&lt;span class=\&quot;label\&quot; id=\&quot;l\&quot;&gt;Follow @MarsTrip1&lt;/span&gt;&quot;,
      &quot;target&quot; : [ &quot;.twitter-follow-button&quot;, &quot;#l&quot; ],
      &quot;impact&quot; : null,
      &quot;any&quot; : [ {
        &quot;id&quot; : &quot;duplicate-id&quot;,
        &quot;impact&quot; : &quot;minor&quot;,
        &quot;message&quot; : &quot;Document has no static elements that share the same id attribute&quot;,
        &quot;data&quot; : &quot;l&quot;,
        &quot;relatedNodes&quot; : [ ]
      } ],
      &quot;all&quot; : [ ],
      &quot;none&quot; : [ ],
      &quot;failureSummary&quot; : null
    }, {
      &quot;html&quot; : &quot;&lt;div class=\&quot;count-o\&quot; id=\&quot;c\&quot;&gt;&lt;i&gt;&lt;/i&gt;&lt;u&gt;&lt;/u&gt;&lt;a id=\&quot;count\&quot; class=\&quot;note\&quot; target=\&quot;_blank\&quot; href=\&quot;https://twitter.com\&quot;&gt;&lt;/a&gt;&lt;/div&gt;&quot;,
      &quot;target&quot; : [ &quot;.twitter-follow-button&quot;, &quot;#c&quot; ],
      &quot;impact&quot; : null,
      &quot;any&quot; : [ {
        &quot;id&quot; : &quot;duplicate-id&quot;,
        &quot;impact&quot; : &quot;minor&quot;,
        &quot;message&quot; : &quot;Document has no static elements that share the same id attribute&quot;,
        &quot;data&quot; : &quot;c&quot;,
        &quot;relatedNodes&quot; : [ ]
      } ],
      &quot;all&quot; : [ ],
      &quot;none&quot; : [ ],
      &quot;failureSummary&quot; : null
    }, {
      &quot;html&quot; : &quot;&lt;a id=\&quot;count\&quot; class=\&quot;note\&quot; target=\&quot;_blank\&quot; href=\&quot;https://twitter.com\&quot;&gt;&lt;/a&gt;&quot;,
      &quot;target&quot; : [ &quot;.twitter-follow-button&quot;, &quot;#count&quot; ],
      &quot;impact&quot; : null,
      &quot;any&quot; : [ {
        &quot;id&quot; : &quot;duplicate-id&quot;,
        &quot;impact&quot; : &quot;minor&quot;,
        &quot;message&quot; : &quot;Document has no static elements that share the same id attribute&quot;,
        &quot;data&quot; : &quot;count&quot;,
        &quot;relatedNodes&quot; : [ ]
      } ],
      &quot;all&quot; : [ ],
      &quot;none&quot; : [ ],
      &quot;failureSummary&quot; : null
    }, {
      &quot;html&quot; : &quot;&lt;menu type=\&quot;context\&quot; id=\&quot;menu\&quot;&gt;&lt;menuitem id=\&quot;m-follow\&quot; label=\&quot;Follow user\&quot;&gt;&lt;/menuitem&gt;&lt;menuitem id=\&quot;m-profile\&quot; label=\&quot;View user on Twitter\&quot;&gt;&lt;/menuitem&gt;&lt;menuitem id=\&quot;m-tweet\&quot; label=\&quot;Send Tweet to user\&quot;&gt;&lt;/menuitem&gt;&lt;/menu&gt;&quot;,
      &quot;target&quot; : [ &quot;.twitter-follow-button&quot;, &quot;#menu&quot; ],
      &quot;impact&quot; : null,
      &quot;any&quot; : [ {
        &quot;id&quot; : &quot;duplicate-id&quot;,
        &quot;impact&quot; : &quot;minor&quot;,
        &quot;message&quot; : &quot;Document has no static elements that share the same id attribute&quot;,
        &quot;data&quot; : &quot;menu&quot;,
        &quot;relatedNodes&quot; : [ ]
      } ],
      &quot;all&quot; : [ ],
      &quot;none&quot; : [ ],
      &quot;failureSummary&quot; : null
    }, {
      &quot;html&quot; : &quot;&lt;menuitem id=\&quot;m-follow\&quot; label=\&quot;Follow user\&quot;&gt;&lt;/menuitem&gt;&quot;,
      &quot;target&quot; : [ &quot;.twitter-follow-button&quot;, &quot;#m-follow&quot; ],
      &quot;impact&quot; : null,
      &quot;any&quot; : [ {
        &quot;id&quot; : &quot;duplicate-id&quot;,
        &quot;impact&quot; : &quot;minor&quot;,
        &quot;message&quot; : &quot;Document has no static elements that share the same id attribute&quot;,
        &quot;data&quot; : &quot;m-follow&quot;,
        &quot;relatedNodes&quot; : [ ]
      } ],
      &quot;all&quot; : [ ],
      &quot;none&quot; : [ ],
      &quot;failureSummary&quot; : null
    }, {
      &quot;html&quot; : &quot;&lt;menuitem id=\&quot;m-profile\&quot; label=\&quot;View user on Twitter\&quot;&gt;&lt;/menuitem&gt;&quot;,
      &quot;target&quot; : [ &quot;.twitter-follow-button&quot;, &quot;#m-profile&quot; ],
      &quot;impact&quot; : null,
      &quot;any&quot; : [ {
        &quot;id&quot; : &quot;duplicate-id&quot;,
        &quot;impact&quot; : &quot;minor&quot;,
        &quot;message&quot; : &quot;Document has no static elements that share the same id attribute&quot;,
        &quot;data&quot; : &quot;m-profile&quot;,
        &quot;relatedNodes&quot; : [ ]
      } ],
      &quot;all&quot; : [ ],
      &quot;none&quot; : [ ],
      &quot;failureSummary&quot; : null
    }, {
      &quot;html&quot; : &quot;&lt;menuitem id=\&quot;m-tweet\&quot; label=\&quot;Send Tweet to user\&quot;&gt;&lt;/menuitem&gt;&quot;,
      &quot;target&quot; : [ &quot;.twitter-follow-button&quot;, &quot;#m-tweet&quot; ],
      &quot;impact&quot; : null,
      &quot;any&quot; : [ {
        &quot;id&quot; : &quot;duplicate-id&quot;,
        &quot;impact&quot; : &quot;minor&quot;,
        &quot;message&quot; : &quot;Document has no static elements that share the same id attribute&quot;,
        &quot;data&quot; : &quot;m-tweet&quot;,
        &quot;relatedNodes&quot; : [ ]
      } ],
      &quot;all&quot; : [ ],
      &quot;none&quot; : [ ],
      &quot;failureSummary&quot; : null
    }, {
      &quot;html&quot; : &quot;&lt;div id=\&quot;footer-multi-links\&quot; class=\&quot;container-fluid-full\&quot;&gt;&quot;,
      &quot;target&quot; : [ &quot;#footer-multi-links&quot; ],
      &quot;impact&quot; : null,
      &quot;any&quot; : [ {
        &quot;id&quot; : &quot;duplicate-id&quot;,
        &quot;impact&quot; : &quot;minor&quot;,
        &quot;message&quot; : &quot;Document has no static elements that share the same id attribute&quot;,
        &quot;data&quot; : &quot;footer-multi-links&quot;,
        &quot;relatedNodes&quot; : [ ]
      } ],
      &quot;all&quot; : [ ],
      &quot;none&quot; : [ ],
      &quot;failureSummary&quot; : null
    }, {
      &quot;html&quot; : &quot;&lt;div id=\&quot;footer-book\&quot; class=\&quot;span2 left-first\&quot;&gt;&quot;,
      &quot;target&quot; : [ &quot;#footer-book&quot; ],
      &quot;impact&quot; : null,
      &quot;any&quot; : [ {
        &quot;id&quot; : &quot;duplicate-id&quot;,
        &quot;impact&quot; : &quot;minor&quot;,
        &quot;message&quot; : &quot;Document has no static elements that share the same id attribute&quot;,
        &quot;data&quot; : &quot;footer-book&quot;,
        &quot;relatedNodes&quot; : [ ]
      } ],
      &quot;all&quot; : [ ],
      &quot;none&quot; : [ ],
      &quot;failureSummary&quot; : null
    }, {
      &quot;html&quot; : &quot;&lt;div id=\&quot;footer-trains\&quot; class=\&quot;span2\&quot;&gt;&quot;,
      &quot;target&quot; : [ &quot;#footer-trains&quot; ],
      &quot;impact&quot; : null,
      &quot;any&quot; : [ {
        &quot;id&quot; : &quot;duplicate-id&quot;,
        &quot;impact&quot; : &quot;minor&quot;,
        &quot;message&quot; : &quot;Document has no static elements that share the same id attribute&quot;,
        &quot;data&quot; : &quot;footer-trains&quot;,
        &quot;relatedNodes&quot; : [ ]
      } ],
      &quot;all&quot; : [ ],
      &quot;none&quot; : [ ],
      &quot;failureSummary&quot; : null
    }, {
      &quot;html&quot; : &quot;&lt;div id=\&quot;footer-passes\&quot; class=\&quot;span2\&quot;&gt;&quot;,
      &quot;target&quot; : [ &quot;#footer-passes&quot; ],
      &quot;impact&quot; : null,
      &quot;any&quot; : [ {
        &quot;id&quot; : &quot;duplicate-id&quot;,
        &quot;impact&quot; : &quot;minor&quot;,
        &quot;message&quot; : &quot;Document has no static elements that share the same id attribute&quot;,
        &quot;data&quot; : &quot;footer-passes&quot;,
        &quot;relatedNodes&quot; : [ ]
      } ],
      &quot;all&quot; : [ ],
      &quot;none&quot; : [ ],
      &quot;failureSummary&quot; : null
    }, {
      &quot;html&quot; : &quot;&lt;div id=\&quot;footer-plan\&quot; class=\&quot;span2\&quot;&gt;&quot;,
      &quot;target&quot; : [ &quot;#footer-plan&quot; ],
      &quot;impact&quot; : null,
      &quot;any&quot; : [ {
        &quot;id&quot; : &quot;duplicate-id&quot;,
        &quot;impact&quot; : &quot;minor&quot;,
        &quot;message&quot; : &quot;Document has no static elements that share the same id attribute&quot;,
        &quot;data&quot; : &quot;footer-plan&quot;,
        &quot;relatedNodes&quot; : [ ]
      } ],
      &quot;all&quot; : [ ],
      &quot;none&quot; : [ ],
      &quot;failureSummary&quot; : null
    }, {
      &quot;html&quot; : &quot;&lt;div id=\&quot;footer-faq\&quot; class=\&quot;span2\&quot;&gt;&quot;,
      &quot;target&quot; : [ &quot;#footer-faq&quot; ],
      &quot;impact&quot; : null,
      &quot;any&quot; : [ {
        &quot;id&quot; : &quot;duplicate-id&quot;,
        &quot;impact&quot; : &quot;minor&quot;,
        &quot;message&quot; : &quot;Document has no static elements that share the same id attribute&quot;,
        &quot;data&quot; : &quot;footer-faq&quot;,
        &quot;relatedNodes&quot; : [ ]
      } ],
      &quot;all&quot; : [ ],
      &quot;none&quot; : [ ],
      &quot;failureSummary&quot; : null
    }, {
      &quot;html&quot; : &quot;&lt;div id=\&quot;footer-connect\&quot; class=\&quot;span2\&quot;&gt;&quot;,
      &quot;target&quot; : [ &quot;#footer-connect&quot; ],
      &quot;impact&quot; : null,
      &quot;any&quot; : [ {
        &quot;id&quot; : &quot;duplicate-id&quot;,
        &quot;impact&quot; : &quot;minor&quot;,
        &quot;message&quot; : &quot;Document has no static elements that share the same id attribute&quot;,
        &quot;data&quot; : &quot;footer-connect&quot;,
        &quot;relatedNodes&quot; : [ ]
      } ],
      &quot;all&quot; : [ ],
      &quot;none&quot; : [ ],
      &quot;failureSummary&quot; : null
    }, {
      &quot;html&quot; : &quot;&lt;div id=\&quot;copyright\&quot; class=\&quot;container\&quot;&gt;&quot;,
      &quot;target&quot; : [ &quot;#copyright&quot; ],
      &quot;impact&quot; : null,
      &quot;any&quot; : [ {
        &quot;id&quot; : &quot;duplicate-id&quot;,
        &quot;impact&quot; : &quot;minor&quot;,
        &quot;message&quot; : &quot;Document has no static elements that share the same id attribute&quot;,
        &quot;data&quot; : &quot;copyright&quot;,
        &quot;relatedNodes&quot; : [ ]
      } ],
      &quot;all&quot; : [ ],
      &quot;none&quot; : [ ],
      &quot;failureSummary&quot; : null
    } ],
    &quot;url&quot; : null,
    &quot;createdDate&quot; : null
  }, {
    &quot;id&quot; : &quot;empty-heading&quot;,
    &quot;description&quot; : &quot;Ensures headings have discernible text&quot;,
    &quot;help&quot; : &quot;Headings should not be empty&quot;,
    &quot;helpUrl&quot; : &quot;https://dequeuniversity.com/rules/axe/4.6/empty-heading?application=axeAPI&quot;,
    &quot;impact&quot; : &quot;&quot;,
    &quot;tags&quot; : [ &quot;cat.name-role-value&quot;, &quot;best-practice&quot; ],
    &quot;nodes&quot; : [ {
      &quot;html&quot; : &quot;&lt;h1 style=\&quot;color:#eee;\&quot;&gt;Destination Mars &lt;/h1&gt;&quot;,
      &quot;target&quot; : [ &quot;h1&quot; ],
      &quot;impact&quot; : null,
      &quot;any&quot; : [ {
        &quot;id&quot; : &quot;has-visible-text&quot;,
        &quot;impact&quot; : &quot;minor&quot;,
        &quot;message&quot; : &quot;Element has text that is visible to screen readers&quot;,
        &quot;data&quot; : null,
        &quot;relatedNodes&quot; : [ ]
      } ],
      &quot;all&quot; : [ ],
      &quot;none&quot; : [ ],
      &quot;failureSummary&quot; : null
    }, {
      &quot;html&quot; : &quot;&lt;h2 style=\&quot;color:#acbad0;\&quot;&gt;A trip to Mars starts in your imagination. Are you bold enough, brave enough, &lt;strong&gt;foolish enough?&lt;/strong&gt; We are. You belong on Mars with fools like us. Most of us don&#039;t bite. Much.&lt;/h2&gt;&quot;,
      &quot;target&quot; : [ &quot;h2&quot; ],
      &quot;impact&quot; : null,
      &quot;any&quot; : [ {
        &quot;id&quot; : &quot;has-visible-text&quot;,
        &quot;impact&quot; : &quot;minor&quot;,
        &quot;message&quot; : &quot;Element has text that is visible to screen readers&quot;,
        &quot;data&quot; : null,
        &quot;relatedNodes&quot; : [ ]
      } ],
      &quot;all&quot; : [ ],
      &quot;none&quot; : [ ],
      &quot;failureSummary&quot; : null
    }, {
      &quot;html&quot; : &quot;&lt;h3&gt;Be Bold...&lt;/h3&gt;&quot;,
      &quot;target&quot; : [ &quot;a[href=\&quot;mars2.html?a=be_bold\&quot;] &gt; h3&quot; ],
      &quot;impact&quot; : null,
      &quot;any&quot; : [ {
        &quot;id&quot; : &quot;has-visible-text&quot;,
        &quot;impact&quot; : &quot;minor&quot;,
        &quot;message&quot; : &quot;Element has text that is visible to screen readers&quot;,
        &quot;data&quot; : null,
        &quot;relatedNodes&quot; : [ ]
      } ],
      &quot;all&quot; : [ ],
      &quot;none&quot; : [ ],
      &quot;failureSummary&quot; : null
    }, {
      &quot;html&quot; : &quot;&lt;h3&gt;Countdown...&lt;/h3&gt;&quot;,
      &quot;target&quot; : [ &quot;a[href=\&quot;mars2.html?a=countdown\&quot;] &gt; h3&quot; ],
      &quot;impact&quot; : null,
      &quot;any&quot; : [ {
        &quot;id&quot; : &quot;has-visible-text&quot;,
        &quot;impact&quot; : &quot;minor&quot;,
        &quot;message&quot; : &quot;Element has text that is visible to screen readers&quot;,
        &quot;data&quot; : null,
        &quot;relatedNodes&quot; : [ ]
      } ],
      &quot;all&quot; : [ ],
      &quot;none&quot; : [ ],
      &quot;failureSummary&quot; : null
    }, {
      &quot;html&quot; : &quot;&lt;h3&gt;Blast Off!&lt;/h3&gt;&quot;,
      &quot;target&quot; : [ &quot;a[href=\&quot;mars2.html?a=blast_off\&quot;] &gt; h3&quot; ],
      &quot;impact&quot; : null,
      &quot;any&quot; : [ {
        &quot;id&quot; : &quot;has-visible-text&quot;,
        &quot;impact&quot; : &quot;minor&quot;,
        &quot;message&quot; : &quot;Element has text that is visible to screen readers&quot;,
        &quot;data&quot; : null,
        &quot;relatedNodes&quot; : [ ]
      } ],
      &quot;all&quot; : [ ],
      &quot;none&quot; : [ ],
      &quot;failureSummary&quot; : null
    }, {
      &quot;html&quot; : &quot;&lt;h3&gt;\n            &lt;a class=\&quot;\&quot; href=\&quot;mars2.html?a=crater_adventure\&quot;&gt;10% off Crater Adventure&lt;/a&gt;&lt;/h3&gt;&quot;,
      &quot;target&quot; : [ &quot;li:nth-child(1) &gt; .deal-text &gt; h3&quot; ],
      &quot;impact&quot; : null,
      &quot;any&quot; : [ {
        &quot;id&quot; : &quot;has-visible-text&quot;,
        &quot;impact&quot; : &quot;minor&quot;,
        &quot;message&quot; : &quot;Element has text that is visible to screen readers&quot;,
        &quot;data&quot; : null,
        &quot;relatedNodes&quot; : [ ]
      } ],
      &quot;all&quot; : [ ],
      &quot;none&quot; : [ ],
      &quot;failureSummary&quot; : null
    }, {
      &quot;html&quot; : &quot;&lt;h3&gt;\n            &lt;a class=\&quot;\&quot; href=\&quot;mars2.html?a=ice_cream\&quot;&gt;Free Astronaut Ice Cream&lt;/a&gt;&lt;/h3&gt;&quot;,
      &quot;target&quot; : [ &quot;li:nth-child(2) &gt; .deal-text &gt; h3&quot; ],
      &quot;impact&quot; : null,
      &quot;any&quot; : [ {
        &quot;id&quot; : &quot;has-visible-text&quot;,
        &quot;impact&quot; : &quot;minor&quot;,
        &quot;message&quot; : &quot;Element has text that is visible to screen readers&quot;,
        &quot;data&quot; : null,
        &quot;relatedNodes&quot; : [ ]
      } ],
      &quot;all&quot; : [ ],
      &quot;none&quot; : [ ],
      &quot;failureSummary&quot; : null
    }, {
      &quot;html&quot; : &quot;&lt;h3&gt; &lt;a class=\&quot;link\&quot; href=\&quot;mars2.html?a=low_price_guarantee\&quot;&gt;Lowest Price Guarantee&lt;/a&gt;&lt;/h3&gt;&quot;,
      &quot;target&quot; : [ &quot;li:nth-child(3) &gt; .deal-text &gt; h3&quot; ],
      &quot;impact&quot; : null,
      &quot;any&quot; : [ {
        &quot;id&quot; : &quot;has-visible-text&quot;,
        &quot;impact&quot; : &quot;minor&quot;,
        &quot;message&quot; : &quot;Element has text that is visible to screen readers&quot;,
        &quot;data&quot; : null,
        &quot;relatedNodes&quot; : [ ]
      } ],
      &quot;all&quot; : [ ],
      &quot;none&quot; : [ ],
      &quot;failureSummary&quot; : null
    }, {
      &quot;html&quot; : &quot;&lt;h3&gt;\n            &lt;a class=\&quot;\&quot; href=\&quot;mars2.html?a=send_kids_to_mars\&quot;&gt;Send Your Kids to Mars!&lt;/a&gt;&lt;/h3&gt;&quot;,
      &quot;target&quot; : [ &quot;li:nth-child(4) &gt; .deal-text &gt; h3&quot; ],
      &quot;impact&quot; : null,
      &quot;any&quot; : [ {
        &quot;id&quot; : &quot;has-visible-text&quot;,
        &quot;impact&quot; : &quot;minor&quot;,
        &quot;message&quot; : &quot;Element has text that is visible to screen readers&quot;,
        &quot;data&quot; : null,
        &quot;relatedNodes&quot; : [ ]
      } ],
      &quot;all&quot; : [ ],
      &quot;none&quot; : [ ],
      &quot;failureSummary&quot; : null
    }, {
      &quot;html&quot; : &quot;&lt;h3&gt;\n            &lt;a class=\&quot;\&quot; href=\&quot;mars2.html?a=wookie\&quot;&gt;Fly with a Wookie&lt;/a&gt;&lt;/h3&gt;&quot;,
      &quot;target&quot; : [ &quot;li:nth-child(5) &gt; .deal-text &gt; h3&quot; ],
      &quot;impact&quot; : null,
      &quot;any&quot; : [ {
        &quot;id&quot; : &quot;has-visible-text&quot;,
        &quot;impact&quot; : &quot;minor&quot;,
        &quot;message&quot; : &quot;Element has text that is visible to screen readers&quot;,
        &quot;data&quot; : null,
        &quot;relatedNodes&quot; : [ ]
      } ],
      &quot;all&quot; : [ ],
      &quot;none&quot; : [ ],
      &quot;failureSummary&quot; : null
    }, {
      &quot;html&quot; : &quot;&lt;h3&gt;\n            &lt;a class=\&quot;\&quot; href=\&quot;mars2.html?a=stay_connected\&quot;&gt;Get Radio on Uranus &lt;/a&gt;&lt;/h3&gt;&quot;,
      &quot;target&quot; : [ &quot;li:nth-child(6) &gt; .deal-text &gt; h3&quot; ],
      &quot;impact&quot; : null,
      &quot;any&quot; : [ {
        &quot;id&quot; : &quot;has-visible-text&quot;,
        &quot;impact&quot; : &quot;minor&quot;,
        &quot;message&quot; : &quot;Element has text that is visible to screen readers&quot;,
        &quot;data&quot; : null,
        &quot;relatedNodes&quot; : [ ]
      } ],
      &quot;all&quot; : [ ],
      &quot;none&quot; : [ ],
      &quot;failureSummary&quot; : null
    }, {
      &quot;html&quot; : &quot;&lt;h3&gt;\n            &lt;a class=\&quot;\&quot; href=\&quot;mars2.html?a=free_year\&quot;&gt;Free Year on Mars&lt;/a&gt;&lt;/h3&gt;&quot;,
      &quot;target&quot; : [ &quot;li:nth-child(7) &gt; .deal-text &gt; h3&quot; ],
      &quot;impact&quot; : null,
      &quot;any&quot; : [ {
        &quot;id&quot; : &quot;has-visible-text&quot;,
        &quot;impact&quot; : &quot;minor&quot;,
        &quot;message&quot; : &quot;Element has text that is visible to screen readers&quot;,
        &quot;data&quot; : null,
        &quot;relatedNodes&quot; : [ ]
      } ],
      &quot;all&quot; : [ ],
      &quot;none&quot; : [ ],
      &quot;failureSummary&quot; : null
    }, {
      &quot;html&quot; : &quot;&lt;h3&gt;\n            &lt;a class=\&quot;\&quot; href=\&quot;mars2.html?a=crater_adventure\&quot;&gt;10% off Crater Adventure&lt;/a&gt;&lt;/h3&gt;&quot;,
      &quot;target&quot; : [ &quot;li:nth-child(8) &gt; .deal-text &gt; h3&quot; ],
      &quot;impact&quot; : null,
      &quot;any&quot; : [ {
        &quot;id&quot; : &quot;has-visible-text&quot;,
        &quot;impact&quot; : &quot;minor&quot;,
        &quot;message&quot; : &quot;Element has text that is visible to screen readers&quot;,
        &quot;data&quot; : null,
        &quot;relatedNodes&quot; : [ ]
      } ],
      &quot;all&quot; : [ ],
      &quot;none&quot; : [ ],
      &quot;failureSummary&quot; : null
    }, {
      &quot;html&quot; : &quot;&lt;h3&gt;\n            &lt;a class=\&quot;\&quot; href=\&quot;mars2.html?a=ice_cream\&quot;&gt;Free Astronaut Ice Cream&lt;/a&gt;&lt;/h3&gt;&quot;,
      &quot;target&quot; : [ &quot;li:nth-child(9) &gt; .deal-text &gt; h3&quot; ],
      &quot;impact&quot; : null,
      &quot;any&quot; : [ {
        &quot;id&quot; : &quot;has-visible-text&quot;,
        &quot;impact&quot; : &quot;minor&quot;,
        &quot;message&quot; : &quot;Element has text that is visible to screen readers&quot;,
        &quot;data&quot; : null,
        &quot;relatedNodes&quot; : [ ]
      } ],
      &quot;all&quot; : [ ],
      &quot;none&quot; : [ ],
      &quot;failureSummary&quot; : null
    }, {
      &quot;html&quot; : &quot;&lt;h3&gt; &lt;a class=\&quot;link\&quot; href=\&quot;mars2.html?a=low_price_guarantee\&quot;&gt;Lowest Price Guarantee&lt;/a&gt;&lt;/h3&gt;&quot;,
      &quot;target&quot; : [ &quot;li:nth-child(10) &gt; .deal-text &gt; h3&quot; ],
      &quot;impact&quot; : null,
      &quot;any&quot; : [ {
        &quot;id&quot; : &quot;has-visible-text&quot;,
        &quot;impact&quot; : &quot;minor&quot;,
        &quot;message&quot; : &quot;Element has text that is visible to screen readers&quot;,
        &quot;data&quot; : null,
        &quot;relatedNodes&quot; : [ ]
      } ],
      &quot;all&quot; : [ ],
      &quot;none&quot; : [ ],
      &quot;failureSummary&quot; : null
    }, {
      &quot;html&quot; : &quot;&lt;h3&gt;\n            &lt;a class=\&quot;\&quot; href=\&quot;mars2.html?a=send_kids_to_mars\&quot;&gt;Send Your Kids to Mars!&lt;/a&gt;&lt;/h3&gt;&quot;,
      &quot;target&quot; : [ &quot;li:nth-child(11) &gt; .deal-text &gt; h3&quot; ],
      &quot;impact&quot; : null,
      &quot;any&quot; : [ {
        &quot;id&quot; : &quot;has-visible-text&quot;,
        &quot;impact&quot; : &quot;minor&quot;,
        &quot;message&quot; : &quot;Element has text that is visible to screen readers&quot;,
        &quot;data&quot; : null,
        &quot;relatedNodes&quot; : [ ]
      } ],
      &quot;all&quot; : [ ],
      &quot;none&quot; : [ ],
      &quot;failureSummary&quot; : null
    }, {
      &quot;html&quot; : &quot;&lt;h3&gt;\n            &lt;a class=\&quot;\&quot; href=\&quot;mars2.html?a=wookie\&quot;&gt;Fly with a Wookie&lt;/a&gt;&lt;/h3&gt;&quot;,
      &quot;target&quot; : [ &quot;li:nth-child(12) &gt; .deal-text &gt; h3&quot; ],
      &quot;impact&quot; : null,
      &quot;any&quot; : [ {
        &quot;id&quot; : &quot;has-visible-text&quot;,
        &quot;impact&quot; : &quot;minor&quot;,
        &quot;message&quot; : &quot;Element has text that is visible to screen readers&quot;,
        &quot;data&quot; : null,
        &quot;relatedNodes&quot; : [ ]
      } ],
      &quot;all&quot; : [ ],
      &quot;none&quot; : [ ],
      &quot;failureSummary&quot; : null
    }, {
      &quot;html&quot; : &quot;&lt;h3&gt;\n            &lt;a class=\&quot;\&quot; href=\&quot;mars2.html?a=stay_connected\&quot;&gt;Get Radio on Uranus &lt;/a&gt;&lt;/h3&gt;&quot;,
      &quot;target&quot; : [ &quot;li:nth-child(13) &gt; .deal-text &gt; h3&quot; ],
      &quot;impact&quot; : null,
      &quot;any&quot; : [ {
        &quot;id&quot; : &quot;has-visible-text&quot;,
        &quot;impact&quot; : &quot;minor&quot;,
        &quot;message&quot; : &quot;Element has text that is visible to screen readers&quot;,
        &quot;data&quot; : null,
        &quot;relatedNodes&quot; : [ ]
      } ],
      &quot;all&quot; : [ ],
      &quot;none&quot; : [ ],
      &quot;failureSummary&quot; : null
    }, {
      &quot;html&quot; : &quot;&lt;h3&gt;\n            &lt;a class=\&quot;\&quot; href=\&quot;mars2.html?a=free_year\&quot;&gt;Free Year on Mars&lt;/a&gt;&lt;/h3&gt;&quot;,
      &quot;target&quot; : [ &quot;li:nth-child(14) &gt; .deal-text &gt; h3&quot; ],
      &quot;impact&quot; : null,
      &quot;any&quot; : [ {
        &quot;id&quot; : &quot;has-visible-text&quot;,
        &quot;impact&quot; : &quot;minor&quot;,
        &quot;message&quot; : &quot;Element has text that is visible to screen readers&quot;,
        &quot;data&quot; : null,
        &quot;relatedNodes&quot; : [ ]
      } ],
      &quot;all&quot; : [ ],
      &quot;none&quot; : [ ],
      &quot;failureSummary&quot; : null
    }, {
      &quot;html&quot; : &quot;&lt;h3&gt;\n            &lt;a class=\&quot;\&quot; href=\&quot;mars2.html?a=crater_adventure\&quot;&gt;10% off Crater Adventure&lt;/a&gt;&lt;/h3&gt;&quot;,
      &quot;target&quot; : [ &quot;li:nth-child(15) &gt; .deal-text &gt; h3&quot; ],
      &quot;impact&quot; : null,
      &quot;any&quot; : [ {
        &quot;id&quot; : &quot;has-visible-text&quot;,
        &quot;impact&quot; : &quot;minor&quot;,
        &quot;message&quot; : &quot;Element has text that is visible to screen readers&quot;,
        &quot;data&quot; : null,
        &quot;relatedNodes&quot; : [ ]
      } ],
      &quot;all&quot; : [ ],
      &quot;none&quot; : [ ],
      &quot;failureSummary&quot; : null
    }, {
      &quot;html&quot; : &quot;&lt;h3&gt;\n            &lt;a class=\&quot;\&quot; href=\&quot;mars2.html?a=ice_cream\&quot;&gt;Free Astronaut Ice Cream&lt;/a&gt;&lt;/h3&gt;&quot;,
      &quot;target&quot; : [ &quot;li:nth-child(16) &gt; .deal-text &gt; h3&quot; ],
      &quot;impact&quot; : null,
      &quot;any&quot; : [ {
        &quot;id&quot; : &quot;has-visible-text&quot;,
        &quot;impact&quot; : &quot;minor&quot;,
        &quot;message&quot; : &quot;Element has text that is visible to screen readers&quot;,
        &quot;data&quot; : null,
        &quot;relatedNodes&quot; : [ ]
      } ],
      &quot;all&quot; : [ ],
      &quot;none&quot; : [ ],
      &quot;failureSummary&quot; : null
    }, {
      &quot;html&quot; : &quot;&lt;h3&gt; &lt;a class=\&quot;link\&quot; href=\&quot;mars2.html?a=low_price_guarantee\&quot;&gt;Lowest Price Guarantee&lt;/a&gt;&lt;/h3&gt;&quot;,
      &quot;target&quot; : [ &quot;li:nth-child(17) &gt; .deal-text &gt; h3&quot; ],
      &quot;impact&quot; : null,
      &quot;any&quot; : [ {
        &quot;id&quot; : &quot;has-visible-text&quot;,
        &quot;impact&quot; : &quot;minor&quot;,
        &quot;message&quot; : &quot;Element has text that is visible to screen readers&quot;,
        &quot;data&quot; : null,
        &quot;relatedNodes&quot; : [ ]
      } ],
      &quot;all&quot; : [ ],
      &quot;none&quot; : [ ],
      &quot;failureSummary&quot; : null
    }, {
      &quot;html&quot; : &quot;&lt;h3&gt;\n            &lt;a class=\&quot;\&quot; href=\&quot;mars2.html?a=send_kids_to_mars\&quot;&gt;Send Your Kids to Mars!&lt;/a&gt;&lt;/h3&gt;&quot;,
      &quot;target&quot; : [ &quot;li:nth-child(18) &gt; .deal-text &gt; h3&quot; ],
      &quot;impact&quot; : null,
      &quot;any&quot; : [ {
        &quot;id&quot; : &quot;has-visible-text&quot;,
        &quot;impact&quot; : &quot;minor&quot;,
        &quot;message&quot; : &quot;Element has text that is visible to screen readers&quot;,
        &quot;data&quot; : null,
        &quot;relatedNodes&quot; : [ ]
      } ],
      &quot;all&quot; : [ ],
      &quot;none&quot; : [ ],
      &quot;failureSummary&quot; : null
    }, {
      &quot;html&quot; : &quot;&lt;h3&gt;\n            &lt;a class=\&quot;\&quot; href=\&quot;mars2.html?a=wookie\&quot;&gt;Fly with a Wookie&lt;/a&gt;&lt;/h3&gt;&quot;,
      &quot;target&quot; : [ &quot;li:nth-child(19) &gt; .deal-text &gt; h3&quot; ],
      &quot;impact&quot; : null,
      &quot;any&quot; : [ {
        &quot;id&quot; : &quot;has-visible-text&quot;,
        &quot;impact&quot; : &quot;minor&quot;,
        &quot;message&quot; : &quot;Element has text that is visible to screen readers&quot;,
        &quot;data&quot; : null,
        &quot;relatedNodes&quot; : [ ]
      } ],
      &quot;all&quot; : [ ],
      &quot;none&quot; : [ ],
      &quot;failureSummary&quot; : null
    }, {
      &quot;html&quot; : &quot;&lt;h3&gt;\n            &lt;a class=\&quot;\&quot; href=\&quot;mars2.html?a=stay_connected\&quot;&gt;Get Radio on Uranus &lt;/a&gt;&lt;/h3&gt;&quot;,
      &quot;target&quot; : [ &quot;li:nth-child(20) &gt; .deal-text &gt; h3&quot; ],
      &quot;impact&quot; : null,
      &quot;any&quot; : [ {
        &quot;id&quot; : &quot;has-visible-text&quot;,
        &quot;impact&quot; : &quot;minor&quot;,
        &quot;message&quot; : &quot;Element has text that is visible to screen readers&quot;,
        &quot;data&quot; : null,
        &quot;relatedNodes&quot; : [ ]
      } ],
      &quot;all&quot; : [ ],
      &quot;none&quot; : [ ],
      &quot;failureSummary&quot; : null
    }, {
      &quot;html&quot; : &quot;&lt;h3&gt;Let the Adventure Begin!&lt;/h3&gt;&quot;,
      &quot;target&quot; : [ &quot;#widget-controls &gt; .interior-container &gt; h3&quot; ],
      &quot;impact&quot; : null,
      &quot;any&quot; : [ {
        &quot;id&quot; : &quot;has-visible-text&quot;,
        &quot;impact&quot; : &quot;minor&quot;,
        &quot;message&quot; : &quot;Element has text that is visible to screen readers&quot;,
        &quot;data&quot; : null,
        &quot;relatedNodes&quot; : [ ]
      } ],
      &quot;all&quot; : [ ],
      &quot;none&quot; : [ ],
      &quot;failureSummary&quot; : null
    }, {
      &quot;html&quot; : &quot;&lt;h3&gt;Book your Trip&lt;/h3&gt;&quot;,
      &quot;target&quot; : [ &quot;#route-select &gt; .interior-container &gt; h3&quot; ],
      &quot;impact&quot; : null,
      &quot;any&quot; : [ {
        &quot;id&quot; : &quot;has-visible-text&quot;,
        &quot;impact&quot; : &quot;minor&quot;,
        &quot;message&quot; : &quot;Element has text that is visible to screen readers&quot;,
        &quot;data&quot; : null,
        &quot;relatedNodes&quot; : [ ]
      } ],
      &quot;all&quot; : [ ],
      &quot;none&quot; : [ ],
      &quot;failureSummary&quot; : null
    }, {
      &quot;html&quot; : &quot;&lt;h3&gt;Who Is Traveling?&lt;/h3&gt;&quot;,
      &quot;target&quot; : [ &quot;.middle.widget-container:nth-child(13) &gt; .interior-container &gt; h3&quot; ],
      &quot;impact&quot; : null,
      &quot;any&quot; : [ {
        &quot;id&quot; : &quot;has-visible-text&quot;,
        &quot;impact&quot; : &quot;minor&quot;,
        &quot;message&quot; : &quot;Element has text that is visible to screen readers&quot;,
        &quot;data&quot; : null,
        &quot;relatedNodes&quot; : [ ]
      } ],
      &quot;all&quot; : [ ],
      &quot;none&quot; : [ ],
      &quot;failureSummary&quot; : null
    }, {
      &quot;html&quot; : &quot;&lt;h3 id=\&quot;video-text\&quot;&gt;Life was possible on Mars&lt;/h3&gt;&quot;,
      &quot;target&quot; : [ &quot;#video-text&quot; ],
      &quot;impact&quot; : null,
      &quot;any&quot; : [ {
        &quot;id&quot; : &quot;has-visible-text&quot;,
        &quot;impact&quot; : &quot;minor&quot;,
        &quot;message&quot; : &quot;Element has text that is visible to screen readers&quot;,
        &quot;data&quot; : null,
        &quot;relatedNodes&quot; : [ ]
      } ],
      &quot;all&quot; : [ ],
      &quot;none&quot; : [ ],
      &quot;failureSummary&quot; : null
    }, {
      &quot;html&quot; : &quot;&lt;h4&gt;Book Your Trip&lt;/h4&gt;&quot;,
      &quot;target&quot; : [ &quot;#footer-book &gt; h4&quot; ],
      &quot;impact&quot; : null,
      &quot;any&quot; : [ {
        &quot;id&quot; : &quot;has-visible-text&quot;,
        &quot;impact&quot; : &quot;minor&quot;,
        &quot;message&quot; : &quot;Element has text that is visible to screen readers&quot;,
        &quot;data&quot; : null,
        &quot;relatedNodes&quot; : [ ]
      } ],
      &quot;all&quot; : [ ],
      &quot;none&quot; : [ ],
      &quot;failureSummary&quot; : null
    }, {
      &quot;html&quot; : &quot;&lt;h4&gt;Mars Shuttles&lt;/h4&gt;&quot;,
      &quot;target&quot; : [ &quot;#footer-trains &gt; h4&quot; ],
      &quot;impact&quot; : null,
      &quot;any&quot; : [ {
        &quot;id&quot; : &quot;has-visible-text&quot;,
        &quot;impact&quot; : &quot;minor&quot;,
        &quot;message&quot; : &quot;Element has text that is visible to screen readers&quot;,
        &quot;data&quot; : null,
        &quot;relatedNodes&quot; : [ ]
      } ],
      &quot;all&quot; : [ ],
      &quot;none&quot; : [ ],
      &quot;failureSummary&quot; : null
    }, {
      &quot;html&quot; : &quot;&lt;h4&gt;Mars Tourist Passes&lt;/h4&gt;&quot;,
      &quot;target&quot; : [ &quot;#footer-passes &gt; h4&quot; ],
      &quot;impact&quot; : null,
      &quot;any&quot; : [ {
        &quot;id&quot; : &quot;has-visible-text&quot;,
        &quot;impact&quot; : &quot;minor&quot;,
        &quot;message&quot; : &quot;Element has text that is visible to screen readers&quot;,
        &quot;data&quot; : null,
        &quot;relatedNodes&quot; : [ ]
      } ],
      &quot;all&quot; : [ ],
      &quot;none&quot; : [ ],
      &quot;failureSummary&quot; : null
    }, {
      &quot;html&quot; : &quot;&lt;h4&gt;Mars Adventures&lt;/h4&gt;&quot;,
      &quot;target&quot; : [ &quot;#footer-plan &gt; h4&quot; ],
      &quot;impact&quot; : null,
      &quot;any&quot; : [ {
        &quot;id&quot; : &quot;has-visible-text&quot;,
        &quot;impact&quot; : &quot;minor&quot;,
        &quot;message&quot; : &quot;Element has text that is visible to screen readers&quot;,
        &quot;data&quot; : null,
        &quot;relatedNodes&quot; : [ ]
      } ],
      &quot;all&quot; : [ ],
      &quot;none&quot; : [ ],
      &quot;failureSummary&quot; : null
    }, {
      &quot;html&quot; : &quot;&lt;h4&gt;FAQs&lt;/h4&gt;&quot;,
      &quot;target&quot; : [ &quot;#footer-faq &gt; h4&quot; ],
      &quot;impact&quot; : null,
      &quot;any&quot; : [ {
        &quot;id&quot; : &quot;has-visible-text&quot;,
        &quot;impact&quot; : &quot;minor&quot;,
        &quot;message&quot; : &quot;Element has text that is visible to screen readers&quot;,
        &quot;data&quot; : null,
        &quot;relatedNodes&quot; : [ ]
      } ],
      &quot;all&quot; : [ ],
      &quot;none&quot; : [ ],
      &quot;failureSummary&quot; : null
    }, {
      &quot;html&quot; : &quot;&lt;h4&gt;Connect With Us&lt;/h4&gt;&quot;,
      &quot;target&quot; : [ &quot;#footer-connect &gt; h4&quot; ],
      &quot;impact&quot; : null,
      &quot;any&quot; : [ {
        &quot;id&quot; : &quot;has-visible-text&quot;,
        &quot;impact&quot; : &quot;minor&quot;,
        &quot;message&quot; : &quot;Element has text that is visible to screen readers&quot;,
        &quot;data&quot; : null,
        &quot;relatedNodes&quot; : [ ]
      } ],
      &quot;all&quot; : [ ],
      &quot;none&quot; : [ ],
      &quot;failureSummary&quot; : null
    } ],
    &quot;url&quot; : null,
    &quot;createdDate&quot; : null
  }, {
    &quot;id&quot; : &quot;form-field-multiple-labels&quot;,
    &quot;description&quot; : &quot;Ensures form field does not have multiple label elements&quot;,
    &quot;help&quot; : &quot;Form field must not have multiple label elements&quot;,
    &quot;helpUrl&quot; : &quot;https://dequeuniversity.com/rules/axe/4.6/form-field-multiple-labels?application=axeAPI&quot;,
    &quot;impact&quot; : &quot;&quot;,
    &quot;tags&quot; : [ &quot;cat.forms&quot;, &quot;wcag2a&quot;, &quot;wcag332&quot; ],
    &quot;nodes&quot; : [ {
      &quot;html&quot; : &quot;&lt;input type=\&quot;text\&quot; class=\&quot;search\&quot; name=\&quot;query\&quot; placeholder=\&quot;search\&quot;&gt;&quot;,
      &quot;target&quot; : [ &quot;.loginnow &gt; .container-fluid-full &gt; .container &gt; .span5.pull-left.left-first &gt; .pull-left:nth-child(2) &gt; form[method=\&quot;get\&quot;][action=\&quot;/demo/mars/mars2\&quot;] &gt; .search[name=\&quot;query\&quot;][placeholder=\&quot;search\&quot;]&quot; ],
      &quot;impact&quot; : null,
      &quot;any&quot; : [ ],
      &quot;all&quot; : [ ],
      &quot;none&quot; : [ {
        &quot;id&quot; : &quot;multiple-label&quot;,
        &quot;impact&quot; : &quot;moderate&quot;,
        &quot;message&quot; : &quot;Form field does not have multiple label elements&quot;,
        &quot;data&quot; : null,
        &quot;relatedNodes&quot; : [ ]
      } ],
      &quot;failureSummary&quot; : null
    }, {
      &quot;html&quot; : &quot;&lt;input type=\&quot;radio\&quot; name=\&quot;widget-type\&quot; id=\&quot;widget-controls-fares\&quot; value=\&quot;0\&quot; checked=\&quot;checked\&quot;&gt;&quot;,
      &quot;target&quot; : [ &quot;#widget-controls-fares&quot; ],
      &quot;impact&quot; : null,
      &quot;any&quot; : [ ],
      &quot;all&quot; : [ ],
      &quot;none&quot; : [ {
        &quot;id&quot; : &quot;multiple-label&quot;,
        &quot;impact&quot; : &quot;moderate&quot;,
        &quot;message&quot; : &quot;Form field does not have multiple label elements&quot;,
        &quot;data&quot; : null,
        &quot;relatedNodes&quot; : [ {
          &quot;html&quot; : &quot;&lt;label id=\&quot;widget-controls-fares-label\&quot; for=\&quot;widget-controls-fares\&quot; class=\&quot;selected\&quot;&gt;Find Fares &amp;amp; Schedules&lt;/label&gt;&quot;,
          &quot;target&quot; : [ &quot;#widget-controls-fares-label&quot; ]
        } ]
      } ],
      &quot;failureSummary&quot; : null
    }, {
      &quot;html&quot; : &quot;&lt;input type=\&quot;radio\&quot; name=\&quot;widget-type\&quot; id=\&quot;widget-controls-passes\&quot; value=\&quot;1\&quot;&gt;&quot;,
      &quot;target&quot; : [ &quot;#widget-controls-passes&quot; ],
      &quot;impact&quot; : null,
      &quot;any&quot; : [ ],
      &quot;all&quot; : [ ],
      &quot;none&quot; : [ {
        &quot;id&quot; : &quot;multiple-label&quot;,
        &quot;impact&quot; : &quot;moderate&quot;,
        &quot;message&quot; : &quot;Form field does not have multiple label elements&quot;,
        &quot;data&quot; : null,
        &quot;relatedNodes&quot; : [ {
          &quot;html&quot; : &quot;&lt;label id=\&quot;widget-controls-passes-label\&quot; for=\&quot;widget-controls-passes\&quot;&gt;MarsCommuter Passes&lt;/label&gt;&quot;,
          &quot;target&quot; : [ &quot;#widget-controls-passes-label&quot; ]
        } ]
      } ],
      &quot;failureSummary&quot; : null
    }, {
      &quot;html&quot; : &quot;&lt;input type=\&quot;radio\&quot; name=\&quot;widget-type\&quot; id=\&quot;widget-controls-reservations\&quot; value=\&quot;2\&quot;&gt;&quot;,
      &quot;target&quot; : [ &quot;#widget-controls-reservations&quot; ],
      &quot;impact&quot; : null,
      &quot;any&quot; : [ ],
      &quot;all&quot; : [ ],
      &quot;none&quot; : [ {
        &quot;id&quot; : &quot;multiple-label&quot;,
        &quot;impact&quot; : &quot;moderate&quot;,
        &quot;message&quot; : &quot;Form field does not have multiple label elements&quot;,
        &quot;data&quot; : null,
        &quot;relatedNodes&quot; : [ {
          &quot;html&quot; : &quot;&lt;label id=\&quot;widget-controls-reservations-label\&quot; for=\&quot;widget-controls-reservations\&quot;&gt;MarsCommuter Reservations&lt;/label&gt;&quot;,
          &quot;target&quot; : [ &quot;#widget-controls-reservations-label&quot; ]
        } ]
      } ],
      &quot;failureSummary&quot; : null
    }, {
      &quot;html&quot; : &quot;&lt;input type=\&quot;radio\&quot; name=\&quot;widget-type\&quot; id=\&quot;widget-controls-activities\&quot; value=\&quot;4\&quot;&gt;&quot;,
      &quot;target&quot; : [ &quot;#widget-controls-activities&quot; ],
      &quot;impact&quot; : null,
      &quot;any&quot; : [ ],
      &quot;all&quot; : [ ],
      &quot;none&quot; : [ {
        &quot;id&quot; : &quot;multiple-label&quot;,
        &quot;impact&quot; : &quot;moderate&quot;,
        &quot;message&quot; : &quot;Form field does not have multiple label elements&quot;,
        &quot;data&quot; : null,
        &quot;relatedNodes&quot; : [ {
          &quot;html&quot; : &quot;&lt;label id=\&quot;widget-controls-activities-label\&quot; for=\&quot;widget-controls-activities\&quot;&gt;Find Activities&lt;/label&gt;&quot;,
          &quot;target&quot; : [ &quot;#widget-controls-activities-label&quot; ]
        } ]
      } ],
      &quot;failureSummary&quot; : null
    }, {
      &quot;html&quot; : &quot;&lt;input type=\&quot;radio\&quot; name=\&quot;widget-type\&quot; id=\&quot;widget-controls-hotels\&quot; value=\&quot;3\&quot;&gt;&quot;,
      &quot;target&quot; : [ &quot;#widget-controls-hotels&quot; ],
      &quot;impact&quot; : null,
      &quot;any&quot; : [ ],
      &quot;all&quot; : [ ],
      &quot;none&quot; : [ {
        &quot;id&quot; : &quot;multiple-label&quot;,
        &quot;impact&quot; : &quot;moderate&quot;,
        &quot;message&quot; : &quot;Form field does not have multiple label elements&quot;,
        &quot;data&quot; : null,
        &quot;relatedNodes&quot; : [ {
          &quot;html&quot; : &quot;&lt;label id=\&quot;widget-controls-hotels-label\&quot; for=\&quot;widget-controls-hotels\&quot;&gt;Book a Hotel&lt;/label&gt;&quot;,
          &quot;target&quot; : [ &quot;#widget-controls-hotels-label&quot; ]
        } ]
      } ],
      &quot;failureSummary&quot; : null
    }, {
      &quot;html&quot; : &quot;&lt;input type=\&quot;radio\&quot; name=\&quot;route-type\&quot; id=\&quot;route-type-one-way\&quot; value=\&quot;0\&quot; checked=\&quot;checked\&quot;&gt;&quot;,
      &quot;target&quot; : [ &quot;#route-type-one-way&quot; ],
      &quot;impact&quot; : null,
      &quot;any&quot; : [ ],
      &quot;all&quot; : [ ],
      &quot;none&quot; : [ {
        &quot;id&quot; : &quot;multiple-label&quot;,
        &quot;impact&quot; : &quot;moderate&quot;,
        &quot;message&quot; : &quot;Form field does not have multiple label elements&quot;,
        &quot;data&quot; : null,
        &quot;relatedNodes&quot; : [ {
          &quot;html&quot; : &quot;&lt;label for=\&quot;route-type-one-way\&quot; class=\&quot;selected\&quot;&gt;One-Way&lt;/label&gt;&quot;,
          &quot;target&quot; : [ &quot;label[for=\&quot;route-type-one-way\&quot;]&quot; ]
        } ]
      } ],
      &quot;failureSummary&quot; : null
    }, {
      &quot;html&quot; : &quot;&lt;input type=\&quot;radio\&quot; name=\&quot;route-type\&quot; id=\&quot;route-type-round-trip\&quot; value=\&quot;1\&quot;&gt;&quot;,
      &quot;target&quot; : [ &quot;#route-type-round-trip&quot; ],
      &quot;impact&quot; : null,
      &quot;any&quot; : [ ],
      &quot;all&quot; : [ ],
      &quot;none&quot; : [ {
        &quot;id&quot; : &quot;multiple-label&quot;,
        &quot;impact&quot; : &quot;moderate&quot;,
        &quot;message&quot; : &quot;Form field does not have multiple label elements&quot;,
        &quot;data&quot; : null,
        &quot;relatedNodes&quot; : [ {
          &quot;html&quot; : &quot;&lt;label for=\&quot;route-type-round-trip\&quot;&gt;Round-Trip&lt;/label&gt;&quot;,
          &quot;target&quot; : [ &quot;label[for=\&quot;route-type-round-trip\&quot;]&quot; ]
        } ]
      } ],
      &quot;failureSummary&quot; : null
    }, {
      &quot;html&quot; : &quot;&lt;input type=\&quot;radio\&quot; name=\&quot;route-type\&quot; id=\&quot;route-type-multi-city\&quot; value=\&quot;2\&quot;&gt;&quot;,
      &quot;target&quot; : [ &quot;#route-type-multi-city&quot; ],
      &quot;impact&quot; : null,
      &quot;any&quot; : [ ],
      &quot;all&quot; : [ ],
      &quot;none&quot; : [ {
        &quot;id&quot; : &quot;multiple-label&quot;,
        &quot;impact&quot; : &quot;moderate&quot;,
        &quot;message&quot; : &quot;Form field does not have multiple label elements&quot;,
        &quot;data&quot; : null,
        &quot;relatedNodes&quot; : [ {
          &quot;html&quot; : &quot;&lt;label for=\&quot;route-type-multi-city\&quot;&gt;Multi-Planet&lt;/label&gt;&quot;,
          &quot;target&quot; : [ &quot;label[for=\&quot;route-type-multi-city\&quot;]&quot; ]
        } ]
      } ],
      &quot;failureSummary&quot; : null
    }, {
      &quot;html&quot; : &quot;&lt;input type=\&quot;text\&quot; value=\&quot;\&quot; class=\&quot;city-input ac_input ui-autocomplete-input\&quot; autocomplete=\&quot;off\&quot; id=\&quot;from0\&quot; name=\&quot;from0\&quot; tabindex=\&quot;1\&quot; role=\&quot;textbox\&quot; aria-autocomplete=\&quot;list\&quot; aria-haspopup=\&quot;true\&quot;&gt;&quot;,
      &quot;target&quot; : [ &quot;#from0&quot; ],
      &quot;impact&quot; : null,
      &quot;any&quot; : [ ],
      &quot;all&quot; : [ ],
      &quot;none&quot; : [ {
        &quot;id&quot; : &quot;multiple-label&quot;,
        &quot;impact&quot; : &quot;moderate&quot;,
        &quot;message&quot; : &quot;Form field does not have multiple label elements&quot;,
        &quot;data&quot; : null,
        &quot;relatedNodes&quot; : [ {
          &quot;html&quot; : &quot;&lt;label for=\&quot;from0\&quot;&gt;From:&lt;/label&gt;&quot;,
          &quot;target&quot; : [ &quot;label[for=\&quot;from0\&quot;]&quot; ]
        } ]
      } ],
      &quot;failureSummary&quot; : null
    }, {
      &quot;html&quot; : &quot;&lt;input type=\&quot;text\&quot; value=\&quot;\&quot; class=\&quot;city-input ac_input ui-autocomplete-input\&quot; autocomplete=\&quot;off\&quot; id=\&quot;to0\&quot; name=\&quot;to0\&quot; tabindex=\&quot;1\&quot; role=\&quot;textbox\&quot; aria-autocomplete=\&quot;list\&quot; aria-haspopup=\&quot;true\&quot;&gt;&quot;,
      &quot;target&quot; : [ &quot;#to0&quot; ],
      &quot;impact&quot; : null,
      &quot;any&quot; : [ ],
      &quot;all&quot; : [ ],
      &quot;none&quot; : [ {
        &quot;id&quot; : &quot;multiple-label&quot;,
        &quot;impact&quot; : &quot;moderate&quot;,
        &quot;message&quot; : &quot;Form field does not have multiple label elements&quot;,
        &quot;data&quot; : null,
        &quot;relatedNodes&quot; : [ {
          &quot;html&quot; : &quot;&lt;label for=\&quot;to0\&quot;&gt;To:&lt;/label&gt;&quot;,
          &quot;target&quot; : [ &quot;label[for=\&quot;to0\&quot;]&quot; ]
        } ]
      } ],
      &quot;failureSummary&quot; : null
    }, {
      &quot;html&quot; : &quot;&lt;input size=\&quot;10\&quot; id=\&quot;deptDate0\&quot; name=\&quot;deptDate0\&quot; placeholder=\&quot;mm/dd/yyyy\&quot; value=\&quot;\&quot; tabindex=\&quot;3\&quot; class=\&quot;hasDatepicker input-dept\&quot;&gt;&quot;,
      &quot;target&quot; : [ &quot;#deptDate0&quot; ],
      &quot;impact&quot; : null,
      &quot;any&quot; : [ ],
      &quot;all&quot; : [ ],
      &quot;none&quot; : [ {
        &quot;id&quot; : &quot;multiple-label&quot;,
        &quot;impact&quot; : &quot;moderate&quot;,
        &quot;message&quot; : &quot;Form field does not have multiple label elements&quot;,
        &quot;data&quot; : null,
        &quot;relatedNodes&quot; : [ {
          &quot;html&quot; : &quot;&lt;label for=\&quot;deptDate0\&quot;&gt;Departure Date&lt;/label&gt;&quot;,
          &quot;target&quot; : [ &quot;label[for=\&quot;deptDate0\&quot;]&quot; ]
        } ]
      } ],
      &quot;failureSummary&quot; : null
    }, {
      &quot;html&quot; : &quot;&lt;select name=\&quot;time0\&quot; id=\&quot;time0\&quot; class=\&quot;select-time\&quot; tabindex=\&quot;4\&quot;&gt;&quot;,
      &quot;target&quot; : [ &quot;#time0&quot; ],
      &quot;impact&quot; : null,
      &quot;any&quot; : [ ],
      &quot;all&quot; : [ ],
      &quot;none&quot; : [ {
        &quot;id&quot; : &quot;multiple-label&quot;,
        &quot;impact&quot; : &quot;moderate&quot;,
        &quot;message&quot; : &quot;Form field does not have multiple label elements&quot;,
        &quot;data&quot; : null,
        &quot;relatedNodes&quot; : [ ]
      } ],
      &quot;failureSummary&quot; : null
    }, {
      &quot;html&quot; : &quot;&lt;input type=\&quot;radio\&quot; name=\&quot;pass-question-radio\&quot; id=\&quot;pass-question-yes\&quot; value=\&quot;0\&quot;&gt;&quot;,
      &quot;target&quot; : [ &quot;#pass-question-yes&quot; ],
      &quot;impact&quot; : null,
      &quot;any&quot; : [ ],
      &quot;all&quot; : [ ],
      &quot;none&quot; : [ {
        &quot;id&quot; : &quot;multiple-label&quot;,
        &quot;impact&quot; : &quot;moderate&quot;,
        &quot;message&quot; : &quot;Form field does not have multiple label elements&quot;,
        &quot;data&quot; : null,
        &quot;relatedNodes&quot; : [ {
          &quot;html&quot; : &quot;&lt;label for=\&quot;pass-question-yes\&quot;&gt;Yes&lt;/label&gt;&quot;,
          &quot;target&quot; : [ &quot;label[for=\&quot;pass-question-yes\&quot;]&quot; ]
        } ]
      } ],
      &quot;failureSummary&quot; : null
    }, {
      &quot;html&quot; : &quot;&lt;input type=\&quot;radio\&quot; name=\&quot;pass-question-radio\&quot; id=\&quot;pass-question-no\&quot; value=\&quot;1\&quot; checked=\&quot;checked\&quot;&gt;&quot;,
      &quot;target&quot; : [ &quot;#pass-question-no&quot; ],
      &quot;impact&quot; : null,
      &quot;any&quot; : [ ],
      &quot;all&quot; : [ ],
      &quot;none&quot; : [ {
        &quot;id&quot; : &quot;multiple-label&quot;,
        &quot;impact&quot; : &quot;moderate&quot;,
        &quot;message&quot; : &quot;Form field does not have multiple label elements&quot;,
        &quot;data&quot; : null,
        &quot;relatedNodes&quot; : [ {
          &quot;html&quot; : &quot;&lt;label for=\&quot;pass-question-no\&quot; class=\&quot;selected\&quot;&gt;No&lt;/label&gt;&quot;,
          &quot;target&quot; : [ &quot;label[for=\&quot;pass-question-no\&quot;]&quot; ]
        } ]
      } ],
      &quot;failureSummary&quot; : null
    }, {
      &quot;html&quot; : &quot;&lt;select id=\&quot;traveler0\&quot; class=\&quot;traveler-type\&quot;&gt;\n&lt;option value=\&quot;0\&quot;&gt;Adult (26+)&lt;/option&gt;\n&lt;option value=\&quot;1\&quot;&gt;Youth (12-25)&lt;/option&gt;\n&lt;option value=\&quot;2\&quot;&gt;Child (4-11)&lt;/option&gt;\n&lt;option value=\&quot;3\&quot;&gt;Senior (60+)&lt;/option&gt;\n&lt;/select&gt;&quot;,
      &quot;target&quot; : [ &quot;#passenger0 &gt; .age-range.wrapper &gt; .traveler-type&quot; ],
      &quot;impact&quot; : null,
      &quot;any&quot; : [ ],
      &quot;all&quot; : [ ],
      &quot;none&quot; : [ {
        &quot;id&quot; : &quot;multiple-label&quot;,
        &quot;impact&quot; : &quot;moderate&quot;,
        &quot;message&quot; : &quot;Form field does not have multiple label elements&quot;,
        &quot;data&quot; : null,
        &quot;relatedNodes&quot; : [ ]
      } ],
      &quot;failureSummary&quot; : null
    } ],
    &quot;url&quot; : null,
    &quot;createdDate&quot; : null
  }, {
    &quot;id&quot; : &quot;frame-tested&quot;,
    &quot;description&quot; : &quot;Ensures &lt;iframe&gt; and &lt;frame&gt; elements contain the axe-core script&quot;,
    &quot;help&quot; : &quot;Frames should be tested with axe-core&quot;,
    &quot;helpUrl&quot; : &quot;https://dequeuniversity.com/rules/axe/4.6/frame-tested?application=axeAPI&quot;,
    &quot;impact&quot; : &quot;&quot;,
    &quot;tags&quot; : [ &quot;cat.structure&quot;, &quot;review-item&quot;, &quot;best-practice&quot; ],
    &quot;nodes&quot; : [ {
      &quot;html&quot; : &quot;&lt;iframe width=\&quot;365\&quot; height=\&quot;205\&quot; name=\&quot;player\&quot; id=\&quot;player\&quot; src=\&quot;https://www.youtube.com/embed/OagLGti_hTE?controls=1&amp;amp;showinfo=1&amp;amp;modestbranding=0&amp;amp;wmode=opaque&amp;amp;enablejsapi=1\&quot; frameborder=\&quot;0\&quot; allowfullscreen=\&quot;\&quot; title=\&quot;NASA: Life on Mars Was a Possibility\&quot;&gt;&lt;/iframe&gt;&quot;,
      &quot;target&quot; : [ &quot;#player&quot; ],
      &quot;impact&quot; : null,
      &quot;any&quot; : [ ],
      &quot;all&quot; : [ {
        &quot;id&quot; : &quot;frame-tested&quot;,
        &quot;impact&quot; : &quot;critical&quot;,
        &quot;message&quot; : &quot;The iframe was tested with axe-core&quot;,
        &quot;data&quot; : null,
        &quot;relatedNodes&quot; : [ ]
      } ],
      &quot;none&quot; : [ ],
      &quot;failureSummary&quot; : null
    }, {
      &quot;html&quot; : &quot;&lt;iframe id=\&quot;fafbba78\&quot; name=\&quot;f2bc5e72d\&quot; scrolling=\&quot;no\&quot; style=\&quot;border: none; overflow: hidden; height: 62px; width: 292px;\&quot; class=\&quot;fb_ltr\&quot; src=\&quot;/assets/demo-sites/mars/js/likebox.html\&quot;&gt;&lt;/iframe&gt;&quot;,
      &quot;target&quot; : [ &quot;#fafbba78&quot; ],
      &quot;impact&quot; : null,
      &quot;any&quot; : [ ],
      &quot;all&quot; : [ {
        &quot;id&quot; : &quot;frame-tested&quot;,
        &quot;impact&quot; : &quot;critical&quot;,
        &quot;message&quot; : &quot;The iframe was tested with axe-core&quot;,
        &quot;data&quot; : null,
        &quot;relatedNodes&quot; : [ ]
      } ],
      &quot;none&quot; : [ ],
      &quot;failureSummary&quot; : null
    }, {
      &quot;html&quot; : &quot;&lt;iframe allowtransparency=\&quot;true\&quot; frameborder=\&quot;0\&quot; scrolling=\&quot;no\&quot; src=\&quot;/assets/demo-sites/mars/js/follow_button.1363148939.html\&quot; class=\&quot;twitter-follow-button twitter-follow-button\&quot; style=\&quot;width: 154px; height: 28px;\&quot; title=\&quot;Twitter Follow Button\&quot; data-twttr-rendered=\&quot;true\&quot;&gt;&lt;/iframe&gt;&quot;,
      &quot;target&quot; : [ &quot;.twitter-follow-button&quot; ],
      &quot;impact&quot; : null,
      &quot;any&quot; : [ ],
      &quot;all&quot; : [ {
        &quot;id&quot; : &quot;frame-tested&quot;,
        &quot;impact&quot; : &quot;critical&quot;,
        &quot;message&quot; : &quot;The iframe was tested with axe-core&quot;,
        &quot;data&quot; : null,
        &quot;relatedNodes&quot; : [ ]
      } ],
      &quot;none&quot; : [ ],
      &quot;failureSummary&quot; : null
    } ],
    &quot;url&quot; : null,
    &quot;createdDate&quot; : null
  }, {
    &quot;id&quot; : &quot;frame-title-unique&quot;,
    &quot;description&quot; : &quot;Ensures &lt;iframe&gt; and &lt;frame&gt; elements contain a unique title attribute&quot;,
    &quot;help&quot; : &quot;Frames must have a unique title attribute&quot;,
    &quot;helpUrl&quot; : &quot;https://dequeuniversity.com/rules/axe/4.6/frame-title-unique?application=axeAPI&quot;,
    &quot;impact&quot; : &quot;&quot;,
    &quot;tags&quot; : [ &quot;cat.text-alternatives&quot;, &quot;wcag412&quot;, &quot;wcag2a&quot; ],
    &quot;nodes&quot; : [ {
      &quot;html&quot; : &quot;&lt;iframe width=\&quot;365\&quot; height=\&quot;205\&quot; name=\&quot;player\&quot; id=\&quot;player\&quot; src=\&quot;https://www.youtube.com/embed/OagLGti_hTE?controls=1&amp;amp;showinfo=1&amp;amp;modestbranding=0&amp;amp;wmode=opaque&amp;amp;enablejsapi=1\&quot; frameborder=\&quot;0\&quot; allowfullscreen=\&quot;\&quot; title=\&quot;NASA: Life on Mars Was a Possibility\&quot;&gt;&lt;/iframe&gt;&quot;,
      &quot;target&quot; : [ &quot;#player&quot; ],
      &quot;impact&quot; : null,
      &quot;any&quot; : [ ],
      &quot;all&quot; : [ ],
      &quot;none&quot; : [ {
        &quot;id&quot; : &quot;unique-frame-title&quot;,
        &quot;impact&quot; : &quot;serious&quot;,
        &quot;message&quot; : &quot;Element&#039;s title attribute is unique&quot;,
        &quot;data&quot; : &quot;nasa: life on mars was a possibility&quot;,
        &quot;relatedNodes&quot; : [ ]
      } ],
      &quot;failureSummary&quot; : null
    }, {
      &quot;html&quot; : &quot;&lt;iframe allowtransparency=\&quot;true\&quot; frameborder=\&quot;0\&quot; scrolling=\&quot;no\&quot; src=\&quot;/assets/demo-sites/mars/js/follow_button.1363148939.html\&quot; class=\&quot;twitter-follow-button twitter-follow-button\&quot; style=\&quot;width: 154px; height: 28px;\&quot; title=\&quot;Twitter Follow Button\&quot; data-twttr-rendered=\&quot;true\&quot;&gt;&lt;/iframe&gt;&quot;,
      &quot;target&quot; : [ &quot;.twitter-follow-button&quot; ],
      &quot;impact&quot; : null,
      &quot;any&quot; : [ ],
      &quot;all&quot; : [ ],
      &quot;none&quot; : [ {
        &quot;id&quot; : &quot;unique-frame-title&quot;,
        &quot;impact&quot; : &quot;serious&quot;,
        &quot;message&quot; : &quot;Element&#039;s title attribute is unique&quot;,
        &quot;data&quot; : &quot;twitter follow button&quot;,
        &quot;relatedNodes&quot; : [ ]
      } ],
      &quot;failureSummary&quot; : null
    } ],
    &quot;url&quot; : null,
    &quot;createdDate&quot; : null
  }, {
    &quot;id&quot; : &quot;frame-title&quot;,
    &quot;description&quot; : &quot;Ensures &lt;iframe&gt; and &lt;frame&gt; elements have an accessible name&quot;,
    &quot;help&quot; : &quot;Frames must have an accessible name&quot;,
    &quot;helpUrl&quot; : &quot;https://dequeuniversity.com/rules/axe/4.6/frame-title?application=axeAPI&quot;,
    &quot;impact&quot; : &quot;serious&quot;,
    &quot;tags&quot; : [ &quot;cat.text-alternatives&quot;, &quot;wcag2a&quot;, &quot;wcag412&quot;, &quot;section508&quot;, &quot;section508.22.i&quot; ],
    &quot;nodes&quot; : [ {
      &quot;html&quot; : &quot;&lt;iframe width=\&quot;365\&quot; height=\&quot;205\&quot; name=\&quot;player\&quot; id=\&quot;player\&quot; src=\&quot;https://www.youtube.com/embed/OagLGti_hTE?controls=1&amp;amp;showinfo=1&amp;amp;modestbranding=0&amp;amp;wmode=opaque&amp;amp;enablejsapi=1\&quot; frameborder=\&quot;0\&quot; allowfullscreen=\&quot;\&quot; title=\&quot;NASA: Life on Mars Was a Possibility\&quot;&gt;&lt;/iframe&gt;&quot;,
      &quot;target&quot; : [ &quot;#player&quot; ],
      &quot;impact&quot; : null,
      &quot;any&quot; : [ {
        &quot;id&quot; : &quot;non-empty-title&quot;,
        &quot;impact&quot; : &quot;serious&quot;,
        &quot;message&quot; : &quot;Element has a title attribute&quot;,
        &quot;data&quot; : null,
        &quot;relatedNodes&quot; : [ ]
      } ],
      &quot;all&quot; : [ ],
      &quot;none&quot; : [ ],
      &quot;failureSummary&quot; : null
    }, {
      &quot;html&quot; : &quot;&lt;iframe allowtransparency=\&quot;true\&quot; frameborder=\&quot;0\&quot; scrolling=\&quot;no\&quot; src=\&quot;/assets/demo-sites/mars/js/follow_button.1363148939.html\&quot; class=\&quot;twitter-follow-button twitter-follow-button\&quot; style=\&quot;width: 154px; height: 28px;\&quot; title=\&quot;Twitter Follow Button\&quot; data-twttr-rendered=\&quot;true\&quot;&gt;&lt;/iframe&gt;&quot;,
      &quot;target&quot; : [ &quot;.twitter-follow-button&quot; ],
      &quot;impact&quot; : null,
      &quot;any&quot; : [ {
        &quot;id&quot; : &quot;non-empty-title&quot;,
        &quot;impact&quot; : &quot;serious&quot;,
        &quot;message&quot; : &quot;Element has a title attribute&quot;,
        &quot;data&quot; : null,
        &quot;relatedNodes&quot; : [ ]
      } ],
      &quot;all&quot; : [ ],
      &quot;none&quot; : [ ],
      &quot;failureSummary&quot; : null
    } ],
    &quot;url&quot; : null,
    &quot;createdDate&quot; : null
  }, {
    &quot;id&quot; : &quot;heading-order&quot;,
    &quot;description&quot; : &quot;Ensures the order of headings is semantically correct&quot;,
    &quot;help&quot; : &quot;Heading levels should only increase by one&quot;,
    &quot;helpUrl&quot; : &quot;https://dequeuniversity.com/rules/axe/4.6/heading-order?application=axeAPI&quot;,
    &quot;impact&quot; : &quot;&quot;,
    &quot;tags&quot; : [ &quot;cat.semantics&quot;, &quot;best-practice&quot; ],
    &quot;nodes&quot; : [ {
      &quot;html&quot; : &quot;&lt;h1 style=\&quot;color:#eee;\&quot;&gt;Destination Mars &lt;/h1&gt;&quot;,
      &quot;target&quot; : [ &quot;h1&quot; ],
      &quot;impact&quot; : null,
      &quot;any&quot; : [ {
        &quot;id&quot; : &quot;heading-order&quot;,
        &quot;impact&quot; : &quot;moderate&quot;,
        &quot;message&quot; : &quot;Heading order valid&quot;,
        &quot;data&quot; : {
          &quot;headingOrder&quot; : [ {
            &quot;ancestry&quot; : [ &quot;html &gt; body &gt; section:nth-child(19) &gt; div:nth-child(2) &gt; div:nth-child(1) &gt; h1:nth-child(1)&quot; ],
            &quot;level&quot; : 1
          }, {
            &quot;ancestry&quot; : [ &quot;html &gt; body &gt; section:nth-child(19) &gt; div:nth-child(2) &gt; div:nth-child(1) &gt; h2:nth-child(2)&quot; ],
            &quot;level&quot; : 2
          }, {
            &quot;ancestry&quot; : [ &quot;html &gt; body &gt; section:nth-child(19) &gt; div:nth-child(2) &gt; div:nth-child(2) &gt; div:nth-child(1) &gt; a:nth-child(1) &gt; h3:nth-child(1)&quot; ],
            &quot;level&quot; : 3
          }, {
            &quot;ancestry&quot; : [ &quot;html &gt; body &gt; section:nth-child(19) &gt; div:nth-child(2) &gt; div:nth-child(2) &gt; div:nth-child(2) &gt; a:nth-child(1) &gt; h3:nth-child(1)&quot; ],
            &quot;level&quot; : 3
          }, {
            &quot;ancestry&quot; : [ &quot;html &gt; body &gt; section:nth-child(19) &gt; div:nth-child(2) &gt; div:nth-child(2) &gt; div:nth-child(3) &gt; a:nth-child(1) &gt; h3:nth-child(1)&quot; ],
            &quot;level&quot; : 3
          }, {
            &quot;ancestry&quot; : [ &quot;html &gt; body &gt; section:nth-child(19) &gt; div:nth-child(2) &gt; div:nth-child(3) &gt; div:nth-child(3) &gt; ul &gt; li:nth-child(1) &gt; div:nth-child(2) &gt; h3:nth-child(1)&quot; ],
            &quot;level&quot; : 3
          }, {
            &quot;ancestry&quot; : [ &quot;html &gt; body &gt; section:nth-child(19) &gt; div:nth-child(2) &gt; div:nth-child(3) &gt; div:nth-child(3) &gt; ul &gt; li:nth-child(2) &gt; div:nth-child(2) &gt; h3:nth-child(1)&quot; ],
            &quot;level&quot; : 3
          }, {
            &quot;ancestry&quot; : [ &quot;html &gt; body &gt; section:nth-child(19) &gt; div:nth-child(2) &gt; div:nth-child(3) &gt; div:nth-child(3) &gt; ul &gt; li:nth-child(3) &gt; div:nth-child(2) &gt; h3:nth-child(1)&quot; ],
            &quot;level&quot; : 3
          }, {
            &quot;ancestry&quot; : [ &quot;html &gt; body &gt; section:nth-child(19) &gt; div:nth-child(2) &gt; div:nth-child(3) &gt; div:nth-child(3) &gt; ul &gt; li:nth-child(4) &gt; div:nth-child(2) &gt; h3:nth-child(1)&quot; ],
            &quot;level&quot; : 3
          }, {
            &quot;ancestry&quot; : [ &quot;html &gt; body &gt; section:nth-child(19) &gt; div:nth-child(2) &gt; div:nth-child(3) &gt; div:nth-child(3) &gt; ul &gt; li:nth-child(5) &gt; div:nth-child(2) &gt; h3:nth-child(1)&quot; ],
            &quot;level&quot; : 3
          }, {
            &quot;ancestry&quot; : [ &quot;html &gt; body &gt; section:nth-child(19) &gt; div:nth-child(2) &gt; div:nth-child(3) &gt; div:nth-child(3) &gt; ul &gt; li:nth-child(6) &gt; div:nth-child(2) &gt; h3:nth-child(1)&quot; ],
            &quot;level&quot; : 3
          }, {
            &quot;ancestry&quot; : [ &quot;html &gt; body &gt; section:nth-child(19) &gt; div:nth-child(2) &gt; div:nth-child(3) &gt; div:nth-child(3) &gt; ul &gt; li:nth-child(7) &gt; div:nth-child(2) &gt; h3:nth-child(1)&quot; ],
            &quot;level&quot; : 3
          }, {
            &quot;ancestry&quot; : [ &quot;html &gt; body &gt; section:nth-child(19) &gt; div:nth-child(2) &gt; div:nth-child(3) &gt; div:nth-child(3) &gt; ul &gt; li:nth-child(8) &gt; div:nth-child(2) &gt; h3:nth-child(1)&quot; ],
            &quot;level&quot; : 3
          }, {
            &quot;ancestry&quot; : [ &quot;html &gt; body &gt; section:nth-child(19) &gt; div:nth-child(2) &gt; div:nth-child(3) &gt; div:nth-child(3) &gt; ul &gt; li:nth-child(9) &gt; div:nth-child(2) &gt; h3:nth-child(1)&quot; ],
            &quot;level&quot; : 3
          }, {
            &quot;ancestry&quot; : [ &quot;html &gt; body &gt; section:nth-child(19) &gt; div:nth-child(2) &gt; div:nth-child(3) &gt; div:nth-child(3) &gt; ul &gt; li:nth-child(10) &gt; div:nth-child(2) &gt; h3:nth-child(1)&quot; ],
            &quot;level&quot; : 3
          }, {
            &quot;ancestry&quot; : [ &quot;html &gt; body &gt; section:nth-child(19) &gt; div:nth-child(2) &gt; div:nth-child(3) &gt; div:nth-child(3) &gt; ul &gt; li:nth-child(11) &gt; div:nth-child(2) &gt; h3:nth-child(1)&quot; ],
            &quot;level&quot; : 3
          }, {
            &quot;ancestry&quot; : [ &quot;html &gt; body &gt; section:nth-child(19) &gt; div:nth-child(2) &gt; div:nth-child(3) &gt; div:nth-child(3) &gt; ul &gt; li:nth-child(12) &gt; div:nth-child(2) &gt; h3:nth-child(1)&quot; ],
            &quot;level&quot; : 3
          }, {
            &quot;ancestry&quot; : [ &quot;html &gt; body &gt; section:nth-child(19) &gt; div:nth-child(2) &gt; div:nth-child(3) &gt; div:nth-child(3) &gt; ul &gt; li:nth-child(13) &gt; div:nth-child(2) &gt; h3:nth-child(1)&quot; ],
            &quot;level&quot; : 3
          }, {
            &quot;ancestry&quot; : [ &quot;html &gt; body &gt; section:nth-child(19) &gt; div:nth-child(2) &gt; div:nth-child(3) &gt; div:nth-child(3) &gt; ul &gt; li:nth-child(14) &gt; div:nth-child(2) &gt; h3:nth-child(1)&quot; ],
            &quot;level&quot; : 3
          }, {
            &quot;ancestry&quot; : [ &quot;html &gt; body &gt; section:nth-child(19) &gt; div:nth-child(2) &gt; div:nth-child(3) &gt; div:nth-child(3) &gt; ul &gt; li:nth-child(15) &gt; div:nth-child(2) &gt; h3:nth-child(1)&quot; ],
            &quot;level&quot; : 3
          }, {
            &quot;ancestry&quot; : [ &quot;html &gt; body &gt; section:nth-child(19) &gt; div:nth-child(2) &gt; div:nth-child(3) &gt; div:nth-child(3) &gt; ul &gt; li:nth-child(16) &gt; div:nth-child(2) &gt; h3:nth-child(1)&quot; ],
            &quot;level&quot; : 3
          }, {
            &quot;ancestry&quot; : [ &quot;html &gt; body &gt; section:nth-child(19) &gt; div:nth-child(2) &gt; div:nth-child(3) &gt; div:nth-child(3) &gt; ul &gt; li:nth-child(17) &gt; div:nth-child(2) &gt; h3:nth-child(1)&quot; ],
            &quot;level&quot; : 3
          }, {
            &quot;ancestry&quot; : [ &quot;html &gt; body &gt; section:nth-child(19) &gt; div:nth-child(2) &gt; div:nth-child(3) &gt; div:nth-child(3) &gt; ul &gt; li:nth-child(18) &gt; div:nth-child(2) &gt; h3:nth-child(1)&quot; ],
            &quot;level&quot; : 3
          }, {
            &quot;ancestry&quot; : [ &quot;html &gt; body &gt; section:nth-child(19) &gt; div:nth-child(2) &gt; div:nth-child(3) &gt; div:nth-child(3) &gt; ul &gt; li:nth-child(19) &gt; div:nth-child(2) &gt; h3:nth-child(1)&quot; ],
            &quot;level&quot; : 3
          }, {
            &quot;ancestry&quot; : [ &quot;html &gt; body &gt; section:nth-child(19) &gt; div:nth-child(2) &gt; div:nth-child(3) &gt; div:nth-child(3) &gt; ul &gt; li:nth-child(20) &gt; div:nth-child(2) &gt; h3:nth-child(1)&quot; ],
            &quot;level&quot; : 3
          }, {
            &quot;ancestry&quot; : [ &quot;html &gt; body &gt; section:nth-child(19) &gt; div:nth-child(3) &gt; div:nth-child(1) &gt; div:nth-child(1) &gt; div &gt; h3:nth-child(1)&quot; ],
            &quot;level&quot; : 3
          }, {
            &quot;ancestry&quot; : [ &quot;html &gt; body &gt; section:nth-child(19) &gt; div:nth-child(3) &gt; div:nth-child(1) &gt; div:nth-child(2) &gt; div:nth-child(1) &gt; form &gt; div:nth-child(12) &gt; div:nth-child(2) &gt; h3:nth-child(1)&quot; ],
            &quot;level&quot; : 3
          }, {
            &quot;ancestry&quot; : [ &quot;html &gt; body &gt; section:nth-child(19) &gt; div:nth-child(3) &gt; div:nth-child(1) &gt; div:nth-child(2) &gt; div:nth-child(1) &gt; form &gt; div:nth-child(13) &gt; div:nth-child(2) &gt; h3:nth-child(1)&quot; ],
            &quot;level&quot; : 3
          }, {
            &quot;ancestry&quot; : [ &quot;html &gt; body &gt; section:nth-child(19) &gt; div:nth-child(3) &gt; div:nth-child(2) &gt; div:nth-child(2) &gt; h3:nth-child(1)&quot; ],
            &quot;level&quot; : 3
          }, {
            &quot;ancestry&quot; : [ &quot;html &gt; body &gt; section:nth-child(19) &gt; div:nth-child(3) &gt; div:nth-child(2) &gt; div:nth-child(2) &gt; iframe:nth-child(2)&quot; ],
            &quot;level&quot; : -1
          }, {
            &quot;ancestry&quot; : [ &quot;html &gt; body &gt; div:nth-child(20) &gt; div:nth-child(1) &gt; div &gt; div &gt; ul &gt; li:nth-child(1) &gt; div &gt; span &gt; iframe&quot; ],
            &quot;level&quot; : -1
          }, {
            &quot;ancestry&quot; : [ &quot;html &gt; body &gt; div:nth-child(20) &gt; div:nth-child(1) &gt; div &gt; div &gt; ul &gt; li:nth-child(2) &gt; iframe&quot; ],
            &quot;level&quot; : -1
          }, {
            &quot;ancestry&quot; : [ &quot;html &gt; body &gt; div:nth-child(20) &gt; div:nth-child(2) &gt; div &gt; div:nth-child(1) &gt; h4:nth-child(1)&quot; ],
            &quot;level&quot; : 4
          }, {
            &quot;ancestry&quot; : [ &quot;html &gt; body &gt; div:nth-child(20) &gt; div:nth-child(2) &gt; div &gt; div:nth-child(2) &gt; h4:nth-child(1)&quot; ],
            &quot;level&quot; : 4
          }, {
            &quot;ancestry&quot; : [ &quot;html &gt; body &gt; div:nth-child(20) &gt; div:nth-child(2) &gt; div &gt; div:nth-child(3) &gt; h4:nth-child(1)&quot; ],
            &quot;level&quot; : 4
          }, {
            &quot;ancestry&quot; : [ &quot;html &gt; body &gt; div:nth-child(20) &gt; div:nth-child(2) &gt; div &gt; div:nth-child(4) &gt; h4:nth-child(1)&quot; ],
            &quot;level&quot; : 4
          }, {
            &quot;ancestry&quot; : [ &quot;html &gt; body &gt; div:nth-child(20) &gt; div:nth-child(2) &gt; div &gt; div:nth-child(5) &gt; h4:nth-child(1)&quot; ],
            &quot;level&quot; : 4
          }, {
            &quot;ancestry&quot; : [ &quot;html &gt; body &gt; div:nth-child(20) &gt; div:nth-child(2) &gt; div &gt; div:nth-child(6) &gt; h4:nth-child(1)&quot; ],
            &quot;level&quot; : 4
          } ]
        },
        &quot;relatedNodes&quot; : [ ]
      } ],
      &quot;all&quot; : [ ],
      &quot;none&quot; : [ ],
      &quot;failureSummary&quot; : null
    }, {
      &quot;html&quot; : &quot;&lt;h2 style=\&quot;color:#acbad0;\&quot;&gt;A trip to Mars starts in your imagination. Are you bold enough, brave enough, &lt;strong&gt;foolish enough?&lt;/strong&gt; We are. You belong on Mars with fools like us. Most of us don&#039;t bite. Much.&lt;/h2&gt;&quot;,
      &quot;target&quot; : [ &quot;h2&quot; ],
      &quot;impact&quot; : null,
      &quot;any&quot; : [ {
        &quot;id&quot; : &quot;heading-order&quot;,
        &quot;impact&quot; : &quot;moderate&quot;,
        &quot;message&quot; : &quot;Heading order valid&quot;,
        &quot;data&quot; : null,
        &quot;relatedNodes&quot; : [ ]
      } ],
      &quot;all&quot; : [ ],
      &quot;none&quot; : [ ],
      &quot;failureSummary&quot; : null
    }, {
      &quot;html&quot; : &quot;&lt;h3&gt;Be Bold...&lt;/h3&gt;&quot;,
      &quot;target&quot; : [ &quot;a[href=\&quot;mars2.html?a=be_bold\&quot;] &gt; h3&quot; ],
      &quot;impact&quot; : null,
      &quot;any&quot; : [ {
        &quot;id&quot; : &quot;heading-order&quot;,
        &quot;impact&quot; : &quot;moderate&quot;,
        &quot;message&quot; : &quot;Heading order valid&quot;,
        &quot;data&quot; : null,
        &quot;relatedNodes&quot; : [ ]
      } ],
      &quot;all&quot; : [ ],
      &quot;none&quot; : [ ],
      &quot;failureSummary&quot; : null
    }, {
      &quot;html&quot; : &quot;&lt;h3&gt;Countdown...&lt;/h3&gt;&quot;,
      &quot;target&quot; : [ &quot;a[href=\&quot;mars2.html?a=countdown\&quot;] &gt; h3&quot; ],
      &quot;impact&quot; : null,
      &quot;any&quot; : [ {
        &quot;id&quot; : &quot;heading-order&quot;,
        &quot;impact&quot; : &quot;moderate&quot;,
        &quot;message&quot; : &quot;Heading order valid&quot;,
        &quot;data&quot; : null,
        &quot;relatedNodes&quot; : [ ]
      } ],
      &quot;all&quot; : [ ],
      &quot;none&quot; : [ ],
      &quot;failureSummary&quot; : null
    }, {
      &quot;html&quot; : &quot;&lt;h3&gt;Blast Off!&lt;/h3&gt;&quot;,
      &quot;target&quot; : [ &quot;a[href=\&quot;mars2.html?a=blast_off\&quot;] &gt; h3&quot; ],
      &quot;impact&quot; : null,
      &quot;any&quot; : [ {
        &quot;id&quot; : &quot;heading-order&quot;,
        &quot;impact&quot; : &quot;moderate&quot;,
        &quot;message&quot; : &quot;Heading order valid&quot;,
        &quot;data&quot; : null,
        &quot;relatedNodes&quot; : [ ]
      } ],
      &quot;all&quot; : [ ],
      &quot;none&quot; : [ ],
      &quot;failureSummary&quot; : null
    }, {
      &quot;html&quot; : &quot;&lt;h3&gt;\n            &lt;a class=\&quot;\&quot; href=\&quot;mars2.html?a=crater_adventure\&quot;&gt;10% off Crater Adventure&lt;/a&gt;&lt;/h3&gt;&quot;,
      &quot;target&quot; : [ &quot;li:nth-child(1) &gt; .deal-text &gt; h3&quot; ],
      &quot;impact&quot; : null,
      &quot;any&quot; : [ {
        &quot;id&quot; : &quot;heading-order&quot;,
        &quot;impact&quot; : &quot;moderate&quot;,
        &quot;message&quot; : &quot;Heading order valid&quot;,
        &quot;data&quot; : null,
        &quot;relatedNodes&quot; : [ ]
      } ],
      &quot;all&quot; : [ ],
      &quot;none&quot; : [ ],
      &quot;failureSummary&quot; : null
    }, {
      &quot;html&quot; : &quot;&lt;h3&gt;\n            &lt;a class=\&quot;\&quot; href=\&quot;mars2.html?a=ice_cream\&quot;&gt;Free Astronaut Ice Cream&lt;/a&gt;&lt;/h3&gt;&quot;,
      &quot;target&quot; : [ &quot;li:nth-child(2) &gt; .deal-text &gt; h3&quot; ],
      &quot;impact&quot; : null,
      &quot;any&quot; : [ {
        &quot;id&quot; : &quot;heading-order&quot;,
        &quot;impact&quot; : &quot;moderate&quot;,
        &quot;message&quot; : &quot;Heading order valid&quot;,
        &quot;data&quot; : null,
        &quot;relatedNodes&quot; : [ ]
      } ],
      &quot;all&quot; : [ ],
      &quot;none&quot; : [ ],
      &quot;failureSummary&quot; : null
    }, {
      &quot;html&quot; : &quot;&lt;h3&gt; &lt;a class=\&quot;link\&quot; href=\&quot;mars2.html?a=low_price_guarantee\&quot;&gt;Lowest Price Guarantee&lt;/a&gt;&lt;/h3&gt;&quot;,
      &quot;target&quot; : [ &quot;li:nth-child(3) &gt; .deal-text &gt; h3&quot; ],
      &quot;impact&quot; : null,
      &quot;any&quot; : [ {
        &quot;id&quot; : &quot;heading-order&quot;,
        &quot;impact&quot; : &quot;moderate&quot;,
        &quot;message&quot; : &quot;Heading order valid&quot;,
        &quot;data&quot; : null,
        &quot;relatedNodes&quot; : [ ]
      } ],
      &quot;all&quot; : [ ],
      &quot;none&quot; : [ ],
      &quot;failureSummary&quot; : null
    }, {
      &quot;html&quot; : &quot;&lt;h3&gt;\n            &lt;a class=\&quot;\&quot; href=\&quot;mars2.html?a=send_kids_to_mars\&quot;&gt;Send Your Kids to Mars!&lt;/a&gt;&lt;/h3&gt;&quot;,
      &quot;target&quot; : [ &quot;li:nth-child(4) &gt; .deal-text &gt; h3&quot; ],
      &quot;impact&quot; : null,
      &quot;any&quot; : [ {
        &quot;id&quot; : &quot;heading-order&quot;,
        &quot;impact&quot; : &quot;moderate&quot;,
        &quot;message&quot; : &quot;Heading order valid&quot;,
        &quot;data&quot; : null,
        &quot;relatedNodes&quot; : [ ]
      } ],
      &quot;all&quot; : [ ],
      &quot;none&quot; : [ ],
      &quot;failureSummary&quot; : null
    }, {
      &quot;html&quot; : &quot;&lt;h3&gt;\n            &lt;a class=\&quot;\&quot; href=\&quot;mars2.html?a=wookie\&quot;&gt;Fly with a Wookie&lt;/a&gt;&lt;/h3&gt;&quot;,
      &quot;target&quot; : [ &quot;li:nth-child(5) &gt; .deal-text &gt; h3&quot; ],
      &quot;impact&quot; : null,
      &quot;any&quot; : [ {
        &quot;id&quot; : &quot;heading-order&quot;,
        &quot;impact&quot; : &quot;moderate&quot;,
        &quot;message&quot; : &quot;Heading order valid&quot;,
        &quot;data&quot; : null,
        &quot;relatedNodes&quot; : [ ]
      } ],
      &quot;all&quot; : [ ],
      &quot;none&quot; : [ ],
      &quot;failureSummary&quot; : null
    }, {
      &quot;html&quot; : &quot;&lt;h3&gt;\n            &lt;a class=\&quot;\&quot; href=\&quot;mars2.html?a=stay_connected\&quot;&gt;Get Radio on Uranus &lt;/a&gt;&lt;/h3&gt;&quot;,
      &quot;target&quot; : [ &quot;li:nth-child(6) &gt; .deal-text &gt; h3&quot; ],
      &quot;impact&quot; : null,
      &quot;any&quot; : [ {
        &quot;id&quot; : &quot;heading-order&quot;,
        &quot;impact&quot; : &quot;moderate&quot;,
        &quot;message&quot; : &quot;Heading order valid&quot;,
        &quot;data&quot; : null,
        &quot;relatedNodes&quot; : [ ]
      } ],
      &quot;all&quot; : [ ],
      &quot;none&quot; : [ ],
      &quot;failureSummary&quot; : null
    }, {
      &quot;html&quot; : &quot;&lt;h3&gt;\n            &lt;a class=\&quot;\&quot; href=\&quot;mars2.html?a=free_year\&quot;&gt;Free Year on Mars&lt;/a&gt;&lt;/h3&gt;&quot;,
      &quot;target&quot; : [ &quot;li:nth-child(7) &gt; .deal-text &gt; h3&quot; ],
      &quot;impact&quot; : null,
      &quot;any&quot; : [ {
        &quot;id&quot; : &quot;heading-order&quot;,
        &quot;impact&quot; : &quot;moderate&quot;,
        &quot;message&quot; : &quot;Heading order valid&quot;,
        &quot;data&quot; : null,
        &quot;relatedNodes&quot; : [ ]
      } ],
      &quot;all&quot; : [ ],
      &quot;none&quot; : [ ],
      &quot;failureSummary&quot; : null
    }, {
      &quot;html&quot; : &quot;&lt;h3&gt;\n            &lt;a class=\&quot;\&quot; href=\&quot;mars2.html?a=crater_adventure\&quot;&gt;10% off Crater Adventure&lt;/a&gt;&lt;/h3&gt;&quot;,
      &quot;target&quot; : [ &quot;li:nth-child(8) &gt; .deal-text &gt; h3&quot; ],
      &quot;impact&quot; : null,
      &quot;any&quot; : [ {
        &quot;id&quot; : &quot;heading-order&quot;,
        &quot;impact&quot; : &quot;moderate&quot;,
        &quot;message&quot; : &quot;Heading order valid&quot;,
        &quot;data&quot; : null,
        &quot;relatedNodes&quot; : [ ]
      } ],
      &quot;all&quot; : [ ],
      &quot;none&quot; : [ ],
      &quot;failureSummary&quot; : null
    }, {
      &quot;html&quot; : &quot;&lt;h3&gt;\n            &lt;a class=\&quot;\&quot; href=\&quot;mars2.html?a=ice_cream\&quot;&gt;Free Astronaut Ice Cream&lt;/a&gt;&lt;/h3&gt;&quot;,
      &quot;target&quot; : [ &quot;li:nth-child(9) &gt; .deal-text &gt; h3&quot; ],
      &quot;impact&quot; : null,
      &quot;any&quot; : [ {
        &quot;id&quot; : &quot;heading-order&quot;,
        &quot;impact&quot; : &quot;moderate&quot;,
        &quot;message&quot; : &quot;Heading order valid&quot;,
        &quot;data&quot; : null,
        &quot;relatedNodes&quot; : [ ]
      } ],
      &quot;all&quot; : [ ],
      &quot;none&quot; : [ ],
      &quot;failureSummary&quot; : null
    }, {
      &quot;html&quot; : &quot;&lt;h3&gt; &lt;a class=\&quot;link\&quot; href=\&quot;mars2.html?a=low_price_guarantee\&quot;&gt;Lowest Price Guarantee&lt;/a&gt;&lt;/h3&gt;&quot;,
      &quot;target&quot; : [ &quot;li:nth-child(10) &gt; .deal-text &gt; h3&quot; ],
      &quot;impact&quot; : null,
      &quot;any&quot; : [ {
        &quot;id&quot; : &quot;heading-order&quot;,
        &quot;impact&quot; : &quot;moderate&quot;,
        &quot;message&quot; : &quot;Heading order valid&quot;,
        &quot;data&quot; : null,
        &quot;relatedNodes&quot; : [ ]
      } ],
      &quot;all&quot; : [ ],
      &quot;none&quot; : [ ],
      &quot;failureSummary&quot; : null
    }, {
      &quot;html&quot; : &quot;&lt;h3&gt;\n            &lt;a class=\&quot;\&quot; href=\&quot;mars2.html?a=send_kids_to_mars\&quot;&gt;Send Your Kids to Mars!&lt;/a&gt;&lt;/h3&gt;&quot;,
      &quot;target&quot; : [ &quot;li:nth-child(11) &gt; .deal-text &gt; h3&quot; ],
      &quot;impact&quot; : null,
      &quot;any&quot; : [ {
        &quot;id&quot; : &quot;heading-order&quot;,
        &quot;impact&quot; : &quot;moderate&quot;,
        &quot;message&quot; : &quot;Heading order valid&quot;,
        &quot;data&quot; : null,
        &quot;relatedNodes&quot; : [ ]
      } ],
      &quot;all&quot; : [ ],
      &quot;none&quot; : [ ],
      &quot;failureSummary&quot; : null
    }, {
      &quot;html&quot; : &quot;&lt;h3&gt;\n            &lt;a class=\&quot;\&quot; href=\&quot;mars2.html?a=wookie\&quot;&gt;Fly with a Wookie&lt;/a&gt;&lt;/h3&gt;&quot;,
      &quot;target&quot; : [ &quot;li:nth-child(12) &gt; .deal-text &gt; h3&quot; ],
      &quot;impact&quot; : null,
      &quot;any&quot; : [ {
        &quot;id&quot; : &quot;heading-order&quot;,
        &quot;impact&quot; : &quot;moderate&quot;,
        &quot;message&quot; : &quot;Heading order valid&quot;,
        &quot;data&quot; : null,
        &quot;relatedNodes&quot; : [ ]
      } ],
      &quot;all&quot; : [ ],
      &quot;none&quot; : [ ],
      &quot;failureSummary&quot; : null
    }, {
      &quot;html&quot; : &quot;&lt;h3&gt;\n            &lt;a class=\&quot;\&quot; href=\&quot;mars2.html?a=stay_connected\&quot;&gt;Get Radio on Uranus &lt;/a&gt;&lt;/h3&gt;&quot;,
      &quot;target&quot; : [ &quot;li:nth-child(13) &gt; .deal-text &gt; h3&quot; ],
      &quot;impact&quot; : null,
      &quot;any&quot; : [ {
        &quot;id&quot; : &quot;heading-order&quot;,
        &quot;impact&quot; : &quot;moderate&quot;,
        &quot;message&quot; : &quot;Heading order valid&quot;,
        &quot;data&quot; : null,
        &quot;relatedNodes&quot; : [ ]
      } ],
      &quot;all&quot; : [ ],
      &quot;none&quot; : [ ],
      &quot;failureSummary&quot; : null
    }, {
      &quot;html&quot; : &quot;&lt;h3&gt;\n            &lt;a class=\&quot;\&quot; href=\&quot;mars2.html?a=free_year\&quot;&gt;Free Year on Mars&lt;/a&gt;&lt;/h3&gt;&quot;,
      &quot;target&quot; : [ &quot;li:nth-child(14) &gt; .deal-text &gt; h3&quot; ],
      &quot;impact&quot; : null,
      &quot;any&quot; : [ {
        &quot;id&quot; : &quot;heading-order&quot;,
        &quot;impact&quot; : &quot;moderate&quot;,
        &quot;message&quot; : &quot;Heading order valid&quot;,
        &quot;data&quot; : null,
        &quot;relatedNodes&quot; : [ ]
      } ],
      &quot;all&quot; : [ ],
      &quot;none&quot; : [ ],
      &quot;failureSummary&quot; : null
    }, {
      &quot;html&quot; : &quot;&lt;h3&gt;\n            &lt;a class=\&quot;\&quot; href=\&quot;mars2.html?a=crater_adventure\&quot;&gt;10% off Crater Adventure&lt;/a&gt;&lt;/h3&gt;&quot;,
      &quot;target&quot; : [ &quot;li:nth-child(15) &gt; .deal-text &gt; h3&quot; ],
      &quot;impact&quot; : null,
      &quot;any&quot; : [ {
        &quot;id&quot; : &quot;heading-order&quot;,
        &quot;impact&quot; : &quot;moderate&quot;,
        &quot;message&quot; : &quot;Heading order valid&quot;,
        &quot;data&quot; : null,
        &quot;relatedNodes&quot; : [ ]
      } ],
      &quot;all&quot; : [ ],
      &quot;none&quot; : [ ],
      &quot;failureSummary&quot; : null
    }, {
      &quot;html&quot; : &quot;&lt;h3&gt;\n            &lt;a class=\&quot;\&quot; href=\&quot;mars2.html?a=ice_cream\&quot;&gt;Free Astronaut Ice Cream&lt;/a&gt;&lt;/h3&gt;&quot;,
      &quot;target&quot; : [ &quot;li:nth-child(16) &gt; .deal-text &gt; h3&quot; ],
      &quot;impact&quot; : null,
      &quot;any&quot; : [ {
        &quot;id&quot; : &quot;heading-order&quot;,
        &quot;impact&quot; : &quot;moderate&quot;,
        &quot;message&quot; : &quot;Heading order valid&quot;,
        &quot;data&quot; : null,
        &quot;relatedNodes&quot; : [ ]
      } ],
      &quot;all&quot; : [ ],
      &quot;none&quot; : [ ],
      &quot;failureSummary&quot; : null
    }, {
      &quot;html&quot; : &quot;&lt;h3&gt; &lt;a class=\&quot;link\&quot; href=\&quot;mars2.html?a=low_price_guarantee\&quot;&gt;Lowest Price Guarantee&lt;/a&gt;&lt;/h3&gt;&quot;,
      &quot;target&quot; : [ &quot;li:nth-child(17) &gt; .deal-text &gt; h3&quot; ],
      &quot;impact&quot; : null,
      &quot;any&quot; : [ {
        &quot;id&quot; : &quot;heading-order&quot;,
        &quot;impact&quot; : &quot;moderate&quot;,
        &quot;message&quot; : &quot;Heading order valid&quot;,
        &quot;data&quot; : null,
        &quot;relatedNodes&quot; : [ ]
      } ],
      &quot;all&quot; : [ ],
      &quot;none&quot; : [ ],
      &quot;failureSummary&quot; : null
    }, {
      &quot;html&quot; : &quot;&lt;h3&gt;\n            &lt;a class=\&quot;\&quot; href=\&quot;mars2.html?a=send_kids_to_mars\&quot;&gt;Send Your Kids to Mars!&lt;/a&gt;&lt;/h3&gt;&quot;,
      &quot;target&quot; : [ &quot;li:nth-child(18) &gt; .deal-text &gt; h3&quot; ],
      &quot;impact&quot; : null,
      &quot;any&quot; : [ {
        &quot;id&quot; : &quot;heading-order&quot;,
        &quot;impact&quot; : &quot;moderate&quot;,
        &quot;message&quot; : &quot;Heading order valid&quot;,
        &quot;data&quot; : null,
        &quot;relatedNodes&quot; : [ ]
      } ],
      &quot;all&quot; : [ ],
      &quot;none&quot; : [ ],
      &quot;failureSummary&quot; : null
    }, {
      &quot;html&quot; : &quot;&lt;h3&gt;\n            &lt;a class=\&quot;\&quot; href=\&quot;mars2.html?a=wookie\&quot;&gt;Fly with a Wookie&lt;/a&gt;&lt;/h3&gt;&quot;,
      &quot;target&quot; : [ &quot;li:nth-child(19) &gt; .deal-text &gt; h3&quot; ],
      &quot;impact&quot; : null,
      &quot;any&quot; : [ {
        &quot;id&quot; : &quot;heading-order&quot;,
        &quot;impact&quot; : &quot;moderate&quot;,
        &quot;message&quot; : &quot;Heading order valid&quot;,
        &quot;data&quot; : null,
        &quot;relatedNodes&quot; : [ ]
      } ],
      &quot;all&quot; : [ ],
      &quot;none&quot; : [ ],
      &quot;failureSummary&quot; : null
    }, {
      &quot;html&quot; : &quot;&lt;h3&gt;\n            &lt;a class=\&quot;\&quot; href=\&quot;mars2.html?a=stay_connected\&quot;&gt;Get Radio on Uranus &lt;/a&gt;&lt;/h3&gt;&quot;,
      &quot;target&quot; : [ &quot;li:nth-child(20) &gt; .deal-text &gt; h3&quot; ],
      &quot;impact&quot; : null,
      &quot;any&quot; : [ {
        &quot;id&quot; : &quot;heading-order&quot;,
        &quot;impact&quot; : &quot;moderate&quot;,
        &quot;message&quot; : &quot;Heading order valid&quot;,
        &quot;data&quot; : null,
        &quot;relatedNodes&quot; : [ ]
      } ],
      &quot;all&quot; : [ ],
      &quot;none&quot; : [ ],
      &quot;failureSummary&quot; : null
    }, {
      &quot;html&quot; : &quot;&lt;h3&gt;Let the Adventure Begin!&lt;/h3&gt;&quot;,
      &quot;target&quot; : [ &quot;#widget-controls &gt; .interior-container &gt; h3&quot; ],
      &quot;impact&quot; : null,
      &quot;any&quot; : [ {
        &quot;id&quot; : &quot;heading-order&quot;,
        &quot;impact&quot; : &quot;moderate&quot;,
        &quot;message&quot; : &quot;Heading order valid&quot;,
        &quot;data&quot; : null,
        &quot;relatedNodes&quot; : [ ]
      } ],
      &quot;all&quot; : [ ],
      &quot;none&quot; : [ ],
      &quot;failureSummary&quot; : null
    }, {
      &quot;html&quot; : &quot;&lt;h3&gt;Book your Trip&lt;/h3&gt;&quot;,
      &quot;target&quot; : [ &quot;#route-select &gt; .interior-container &gt; h3&quot; ],
      &quot;impact&quot; : null,
      &quot;any&quot; : [ {
        &quot;id&quot; : &quot;heading-order&quot;,
        &quot;impact&quot; : &quot;moderate&quot;,
        &quot;message&quot; : &quot;Heading order valid&quot;,
        &quot;data&quot; : null,
        &quot;relatedNodes&quot; : [ ]
      } ],
      &quot;all&quot; : [ ],
      &quot;none&quot; : [ ],
      &quot;failureSummary&quot; : null
    }, {
      &quot;html&quot; : &quot;&lt;h3&gt;Who Is Traveling?&lt;/h3&gt;&quot;,
      &quot;target&quot; : [ &quot;.middle.widget-container:nth-child(13) &gt; .interior-container &gt; h3&quot; ],
      &quot;impact&quot; : null,
      &quot;any&quot; : [ {
        &quot;id&quot; : &quot;heading-order&quot;,
        &quot;impact&quot; : &quot;moderate&quot;,
        &quot;message&quot; : &quot;Heading order valid&quot;,
        &quot;data&quot; : null,
        &quot;relatedNodes&quot; : [ ]
      } ],
      &quot;all&quot; : [ ],
      &quot;none&quot; : [ ],
      &quot;failureSummary&quot; : null
    }, {
      &quot;html&quot; : &quot;&lt;h3 id=\&quot;video-text\&quot;&gt;Life was possible on Mars&lt;/h3&gt;&quot;,
      &quot;target&quot; : [ &quot;#video-text&quot; ],
      &quot;impact&quot; : null,
      &quot;any&quot; : [ {
        &quot;id&quot; : &quot;heading-order&quot;,
        &quot;impact&quot; : &quot;moderate&quot;,
        &quot;message&quot; : &quot;Heading order valid&quot;,
        &quot;data&quot; : null,
        &quot;relatedNodes&quot; : [ ]
      } ],
      &quot;all&quot; : [ ],
      &quot;none&quot; : [ ],
      &quot;failureSummary&quot; : null
    }, {
      &quot;html&quot; : &quot;&lt;h4&gt;Book Your Trip&lt;/h4&gt;&quot;,
      &quot;target&quot; : [ &quot;#footer-book &gt; h4&quot; ],
      &quot;impact&quot; : null,
      &quot;any&quot; : [ {
        &quot;id&quot; : &quot;heading-order&quot;,
        &quot;impact&quot; : &quot;moderate&quot;,
        &quot;message&quot; : &quot;Heading order valid&quot;,
        &quot;data&quot; : null,
        &quot;relatedNodes&quot; : [ ]
      } ],
      &quot;all&quot; : [ ],
      &quot;none&quot; : [ ],
      &quot;failureSummary&quot; : null
    }, {
      &quot;html&quot; : &quot;&lt;h4&gt;Mars Shuttles&lt;/h4&gt;&quot;,
      &quot;target&quot; : [ &quot;#footer-trains &gt; h4&quot; ],
      &quot;impact&quot; : null,
      &quot;any&quot; : [ {
        &quot;id&quot; : &quot;heading-order&quot;,
        &quot;impact&quot; : &quot;moderate&quot;,
        &quot;message&quot; : &quot;Heading order valid&quot;,
        &quot;data&quot; : null,
        &quot;relatedNodes&quot; : [ ]
      } ],
      &quot;all&quot; : [ ],
      &quot;none&quot; : [ ],
      &quot;failureSummary&quot; : null
    }, {
      &quot;html&quot; : &quot;&lt;h4&gt;Mars Tourist Passes&lt;/h4&gt;&quot;,
      &quot;target&quot; : [ &quot;#footer-passes &gt; h4&quot; ],
      &quot;impact&quot; : null,
      &quot;any&quot; : [ {
        &quot;id&quot; : &quot;heading-order&quot;,
        &quot;impact&quot; : &quot;moderate&quot;,
        &quot;message&quot; : &quot;Heading order valid&quot;,
        &quot;data&quot; : null,
        &quot;relatedNodes&quot; : [ ]
      } ],
      &quot;all&quot; : [ ],
      &quot;none&quot; : [ ],
      &quot;failureSummary&quot; : null
    }, {
      &quot;html&quot; : &quot;&lt;h4&gt;Mars Adventures&lt;/h4&gt;&quot;,
      &quot;target&quot; : [ &quot;#footer-plan &gt; h4&quot; ],
      &quot;impact&quot; : null,
      &quot;any&quot; : [ {
        &quot;id&quot; : &quot;heading-order&quot;,
        &quot;impact&quot; : &quot;moderate&quot;,
        &quot;message&quot; : &quot;Heading order valid&quot;,
        &quot;data&quot; : null,
        &quot;relatedNodes&quot; : [ ]
      } ],
      &quot;all&quot; : [ ],
      &quot;none&quot; : [ ],
      &quot;failureSummary&quot; : null
    }, {
      &quot;html&quot; : &quot;&lt;h4&gt;FAQs&lt;/h4&gt;&quot;,
      &quot;target&quot; : [ &quot;#footer-faq &gt; h4&quot; ],
      &quot;impact&quot; : null,
      &quot;any&quot; : [ {
        &quot;id&quot; : &quot;heading-order&quot;,
        &quot;impact&quot; : &quot;moderate&quot;,
        &quot;message&quot; : &quot;Heading order valid&quot;,
        &quot;data&quot; : null,
        &quot;relatedNodes&quot; : [ ]
      } ],
      &quot;all&quot; : [ ],
      &quot;none&quot; : [ ],
      &quot;failureSummary&quot; : null
    }, {
      &quot;html&quot; : &quot;&lt;h4&gt;Connect With Us&lt;/h4&gt;&quot;,
      &quot;target&quot; : [ &quot;#footer-connect &gt; h4&quot; ],
      &quot;impact&quot; : null,
      &quot;any&quot; : [ {
        &quot;id&quot; : &quot;heading-order&quot;,
        &quot;impact&quot; : &quot;moderate&quot;,
        &quot;message&quot; : &quot;Heading order valid&quot;,
        &quot;data&quot; : null,
        &quot;relatedNodes&quot; : [ ]
      } ],
      &quot;all&quot; : [ ],
      &quot;none&quot; : [ ],
      &quot;failureSummary&quot; : null
    } ],
    &quot;url&quot; : null,
    &quot;createdDate&quot; : null
  }, {
    &quot;id&quot; : &quot;html-lang-valid&quot;,
    &quot;description&quot; : &quot;Ensures the lang attribute of the &lt;html&gt; element has a valid value&quot;,
    &quot;help&quot; : &quot;&lt;html&gt; element must have a valid value for the lang attribute&quot;,
    &quot;helpUrl&quot; : &quot;https://dequeuniversity.com/rules/axe/4.6/html-lang-valid?application=axeAPI&quot;,
    &quot;impact&quot; : &quot;&quot;,
    &quot;tags&quot; : [ &quot;cat.language&quot;, &quot;wcag2a&quot;, &quot;wcag311&quot;, &quot;ACT&quot; ],
    &quot;nodes&quot; : [ {
      &quot;html&quot; : &quot;&lt;html lang=\&quot;en\&quot; dir=\&quot;ltr\&quot; data-cast-api-enabled=\&quot;true\&quot;&gt;&quot;,
      &quot;target&quot; : [ &quot;#player&quot;, &quot;html&quot; ],
      &quot;impact&quot; : null,
      &quot;any&quot; : [ ],
      &quot;all&quot; : [ ],
      &quot;none&quot; : [ {
        &quot;id&quot; : &quot;valid-lang&quot;,
        &quot;impact&quot; : &quot;serious&quot;,
        &quot;message&quot; : &quot;Value of lang attribute is included in the list of valid languages&quot;,
        &quot;data&quot; : null,
        &quot;relatedNodes&quot; : [ ]
      } ],
      &quot;failureSummary&quot; : null
    }, {
      &quot;html&quot; : &quot;&lt;html lang=\&quot;en\&quot; id=\&quot;facebook\&quot; class=\&quot;\&quot;&gt;&quot;,
      &quot;target&quot; : [ &quot;#fafbba78&quot;, &quot;#facebook&quot; ],
      &quot;impact&quot; : null,
      &quot;any&quot; : [ ],
      &quot;all&quot; : [ ],
      &quot;none&quot; : [ {
        &quot;id&quot; : &quot;valid-lang&quot;,
        &quot;impact&quot; : &quot;serious&quot;,
        &quot;message&quot; : &quot;Value of lang attribute is included in the list of valid languages&quot;,
        &quot;data&quot; : null,
        &quot;relatedNodes&quot; : [ ]
      } ],
      &quot;failureSummary&quot; : null
    }, {
      &quot;html&quot; : &quot;&lt;html lang=\&quot;en\&quot; class=\&quot; xl en\&quot;&gt;&quot;,
      &quot;target&quot; : [ &quot;.twitter-follow-button&quot;, &quot;html&quot; ],
      &quot;impact&quot; : null,
      &quot;any&quot; : [ ],
      &quot;all&quot; : [ ],
      &quot;none&quot; : [ {
        &quot;id&quot; : &quot;valid-lang&quot;,
        &quot;impact&quot; : &quot;serious&quot;,
        &quot;message&quot; : &quot;Value of lang attribute is included in the list of valid languages&quot;,
        &quot;data&quot; : null,
        &quot;relatedNodes&quot; : [ ]
      } ],
      &quot;failureSummary&quot; : null
    } ],
    &quot;url&quot; : null,
    &quot;createdDate&quot; : null
  }, {
    &quot;id&quot; : &quot;image-alt&quot;,
    &quot;description&quot; : &quot;Ensures &lt;img&gt; elements have alternate text or a role of none or presentation&quot;,
    &quot;help&quot; : &quot;Images must have alternate text&quot;,
    &quot;helpUrl&quot; : &quot;https://dequeuniversity.com/rules/axe/4.6/image-alt?application=axeAPI&quot;,
    &quot;impact&quot; : &quot;critical&quot;,
    &quot;tags&quot; : [ &quot;cat.text-alternatives&quot;, &quot;wcag2a&quot;, &quot;wcag111&quot;, &quot;section508&quot;, &quot;section508.22.a&quot;, &quot;ACT&quot; ],
    &quot;nodes&quot; : [ {
      &quot;html&quot; : &quot;&lt;img height=\&quot;1\&quot; width=\&quot;1\&quot; style=\&quot;border-style:none;\&quot; alt=\&quot;\&quot; src=\&quot;/assets/demo-sites/mars/js/out\&quot;&gt;&quot;,
      &quot;target&quot; : [ &quot;div:nth-child(1) &gt; img[src$=\&quot;out\&quot;][alt=\&quot;\&quot;][height=\&quot;1\&quot;]&quot; ],
      &quot;impact&quot; : null,
      &quot;any&quot; : [ {
        &quot;id&quot; : &quot;has-alt&quot;,
        &quot;impact&quot; : &quot;critical&quot;,
        &quot;message&quot; : &quot;Element has an alt attribute&quot;,
        &quot;data&quot; : null,
        &quot;relatedNodes&quot; : [ ]
      }, {
        &quot;id&quot; : &quot;presentational-role&quot;,
        &quot;impact&quot; : &quot;minor&quot;,
        &quot;message&quot; : &quot;Element&#039;s default semantics were overriden with role=\&quot;presentation\&quot;&quot;,
        &quot;data&quot; : {
          &quot;role&quot; : &quot;presentation&quot;
        },
        &quot;relatedNodes&quot; : [ ]
      } ],
      &quot;all&quot; : [ ],
      &quot;none&quot; : [ {
        &quot;id&quot; : &quot;alt-space-value&quot;,
        &quot;impact&quot; : &quot;critical&quot;,
        &quot;message&quot; : &quot;Element has a valid alt attribute value&quot;,
        &quot;data&quot; : null,
        &quot;relatedNodes&quot; : [ ]
      } ],
      &quot;failureSummary&quot; : null
    }, {
      &quot;html&quot; : &quot;&lt;img height=\&quot;1\&quot; width=\&quot;1\&quot; style=\&quot;border-style:none;\&quot; alt=\&quot;\&quot; src=\&quot;/assets/demo-sites/mars/js/saved_resource\&quot;&gt;&quot;,
      &quot;target&quot; : [ &quot;div:nth-child(1) &gt; img[alt=\&quot;\&quot;][height=\&quot;1\&quot;][width=\&quot;1\&quot;]:nth-child(2)&quot; ],
      &quot;impact&quot; : null,
      &quot;any&quot; : [ {
        &quot;id&quot; : &quot;has-alt&quot;,
        &quot;impact&quot; : &quot;critical&quot;,
        &quot;message&quot; : &quot;Element has an alt attribute&quot;,
        &quot;data&quot; : null,
        &quot;relatedNodes&quot; : [ ]
      }, {
        &quot;id&quot; : &quot;presentational-role&quot;,
        &quot;impact&quot; : &quot;minor&quot;,
        &quot;message&quot; : &quot;Element&#039;s default semantics were overriden with role=\&quot;presentation\&quot;&quot;,
        &quot;data&quot; : {
          &quot;role&quot; : &quot;presentation&quot;
        },
        &quot;relatedNodes&quot; : [ ]
      } ],
      &quot;all&quot; : [ ],
      &quot;none&quot; : [ {
        &quot;id&quot; : &quot;alt-space-value&quot;,
        &quot;impact&quot; : &quot;critical&quot;,
        &quot;message&quot; : &quot;Element has a valid alt attribute value&quot;,
        &quot;data&quot; : null,
        &quot;relatedNodes&quot; : [ ]
      } ],
      &quot;failureSummary&quot; : null
    }, {
      &quot;html&quot; : &quot;&lt;img src=\&quot;/assets/demo-sites/mars/images/space-station.jpg\&quot; class=\&quot;\&quot; width=\&quot;210\&quot; height=\&quot;120\&quot; alt=\&quot;icecream.jpg \&quot;&gt;&quot;,
      &quot;target&quot; : [ &quot;li:nth-child(2) &gt; a[href=\&quot;mars2.html?a=ice_cream\&quot;] &gt; img[alt=\&quot;icecream.jpg \&quot;][width=\&quot;210\&quot;][height=\&quot;120\&quot;]&quot; ],
      &quot;impact&quot; : null,
      &quot;any&quot; : [ {
        &quot;id&quot; : &quot;has-alt&quot;,
        &quot;impact&quot; : &quot;critical&quot;,
        &quot;message&quot; : &quot;Element has an alt attribute&quot;,
        &quot;data&quot; : null,
        &quot;relatedNodes&quot; : [ ]
      } ],
      &quot;all&quot; : [ ],
      &quot;none&quot; : [ {
        &quot;id&quot; : &quot;alt-space-value&quot;,
        &quot;impact&quot; : &quot;critical&quot;,
        &quot;message&quot; : &quot;Element has a valid alt attribute value&quot;,
        &quot;data&quot; : null,
        &quot;relatedNodes&quot; : [ ]
      } ],
      &quot;failureSummary&quot; : null
    }, {
      &quot;html&quot; : &quot;&lt;img src=\&quot;/assets/demo-sites/mars/images/mars-lander.jpg\&quot; class=\&quot;\&quot; width=\&quot;210\&quot; height=\&quot;120\&quot; alt=\&quot;Mars Lander\&quot;&gt;&quot;,
      &quot;target&quot; : [ &quot;li:nth-child(3) &gt; a &gt; img[alt=\&quot;Mars Lander\&quot;][width=\&quot;210\&quot;][height=\&quot;120\&quot;]&quot; ],
      &quot;impact&quot; : null,
      &quot;any&quot; : [ {
        &quot;id&quot; : &quot;has-alt&quot;,
        &quot;impact&quot; : &quot;critical&quot;,
        &quot;message&quot; : &quot;Element has an alt attribute&quot;,
        &quot;data&quot; : null,
        &quot;relatedNodes&quot; : [ ]
      } ],
      &quot;all&quot; : [ ],
      &quot;none&quot; : [ {
        &quot;id&quot; : &quot;alt-space-value&quot;,
        &quot;impact&quot; : &quot;critical&quot;,
        &quot;message&quot; : &quot;Element has a valid alt attribute value&quot;,
        &quot;data&quot; : null,
        &quot;relatedNodes&quot; : [ ]
      } ],
      &quot;failureSummary&quot; : null
    }, {
      &quot;html&quot; : &quot;&lt;img src=\&quot;/assets/demo-sites/mars/images/kids-space.jpg\&quot; class=\&quot;\&quot; width=\&quot;210\&quot; height=\&quot;120\&quot; alt=\&quot;Kids in space suits \&quot;&gt;&quot;,
      &quot;target&quot; : [ &quot;li:nth-child(4) &gt; a[href=\&quot;mars2.html?a=send_kids_to_mars\&quot;] &gt; img[alt=\&quot;Kids in space suits \&quot;][width=\&quot;210\&quot;][height=\&quot;120\&quot;]&quot; ],
      &quot;impact&quot; : null,
      &quot;any&quot; : [ {
        &quot;id&quot; : &quot;has-alt&quot;,
        &quot;impact&quot; : &quot;critical&quot;,
        &quot;message&quot; : &quot;Element has an alt attribute&quot;,
        &quot;data&quot; : null,
        &quot;relatedNodes&quot; : [ ]
      } ],
      &quot;all&quot; : [ ],
      &quot;none&quot; : [ {
        &quot;id&quot; : &quot;alt-space-value&quot;,
        &quot;impact&quot; : &quot;critical&quot;,
        &quot;message&quot; : &quot;Element has a valid alt attribute value&quot;,
        &quot;data&quot; : null,
        &quot;relatedNodes&quot; : [ ]
      } ],
      &quot;failureSummary&quot; : null
    }, {
      &quot;html&quot; : &quot;&lt;img src=\&quot;/assets/demo-sites/mars/images/wookie.jpg\&quot; class=\&quot;\&quot; width=\&quot;210\&quot; height=\&quot;120\&quot; alt=\&quot;Wookie\&quot;&gt;&quot;,
      &quot;target&quot; : [ &quot;li:nth-child(5) &gt; a[href=\&quot;mars2.html?a=wookie\&quot;] &gt; img[alt=\&quot;Wookie\&quot;][width=\&quot;210\&quot;][height=\&quot;120\&quot;]&quot; ],
      &quot;impact&quot; : null,
      &quot;any&quot; : [ {
        &quot;id&quot; : &quot;has-alt&quot;,
        &quot;impact&quot; : &quot;critical&quot;,
        &quot;message&quot; : &quot;Element has an alt attribute&quot;,
        &quot;data&quot; : null,
        &quot;relatedNodes&quot; : [ ]
      } ],
      &quot;all&quot; : [ ],
      &quot;none&quot; : [ {
        &quot;id&quot; : &quot;alt-space-value&quot;,
        &quot;impact&quot; : &quot;critical&quot;,
        &quot;message&quot; : &quot;Element has a valid alt attribute value&quot;,
        &quot;data&quot; : null,
        &quot;relatedNodes&quot; : [ ]
      } ],
      &quot;failureSummary&quot; : null
    }, {
      &quot;html&quot; : &quot;&lt;img src=\&quot;/assets/demo-sites/mars/images/global-free-days.jpg\&quot; class=\&quot;\&quot; width=\&quot;210\&quot; height=\&quot;120\&quot; alt=\&quot;Martian sunrise.\&quot;&gt;&quot;,
      &quot;target&quot; : [ &quot;li:nth-child(6) &gt; a[href=\&quot;mars2.html?a=stay_connected\&quot;] &gt; img[alt=\&quot;Martian sunrise.\&quot;][width=\&quot;210\&quot;][height=\&quot;120\&quot;]&quot; ],
      &quot;impact&quot; : null,
      &quot;any&quot; : [ {
        &quot;id&quot; : &quot;has-alt&quot;,
        &quot;impact&quot; : &quot;critical&quot;,
        &quot;message&quot; : &quot;Element has an alt attribute&quot;,
        &quot;data&quot; : null,
        &quot;relatedNodes&quot; : [ ]
      } ],
      &quot;all&quot; : [ ],
      &quot;none&quot; : [ {
        &quot;id&quot; : &quot;alt-space-value&quot;,
        &quot;impact&quot; : &quot;critical&quot;,
        &quot;message&quot; : &quot;Element has a valid alt attribute value&quot;,
        &quot;data&quot; : null,
        &quot;relatedNodes&quot; : [ ]
      } ],
      &quot;failureSummary&quot; : null
    }, {
      &quot;html&quot; : &quot;&lt;img src=\&quot;/assets/demo-sites/mars/images/mars-sunrise.jpg\&quot; class=\&quot;\&quot; width=\&quot;210\&quot; height=\&quot;120\&quot; alt=\&quot;Beautiful baboon, blowing bubbles, biking backward\&quot;&gt;&quot;,
      &quot;target&quot; : [ &quot;li:nth-child(7) &gt; a[href=\&quot;mars2.html?a=free_year\&quot;] &gt; img[width=\&quot;210\&quot;][height=\&quot;120\&quot;]&quot; ],
      &quot;impact&quot; : null,
      &quot;any&quot; : [ {
        &quot;id&quot; : &quot;has-alt&quot;,
        &quot;impact&quot; : &quot;critical&quot;,
        &quot;message&quot; : &quot;Element has an alt attribute&quot;,
        &quot;data&quot; : null,
        &quot;relatedNodes&quot; : [ ]
      } ],
      &quot;all&quot; : [ ],
      &quot;none&quot; : [ {
        &quot;id&quot; : &quot;alt-space-value&quot;,
        &quot;impact&quot; : &quot;critical&quot;,
        &quot;message&quot; : &quot;Element has a valid alt attribute value&quot;,
        &quot;data&quot; : null,
        &quot;relatedNodes&quot; : [ ]
      } ],
      &quot;failureSummary&quot; : null
    }, {
      &quot;html&quot; : &quot;&lt;img src=\&quot;/assets/demo-sites/mars/images/space-station.jpg\&quot; class=\&quot;\&quot; width=\&quot;210\&quot; height=\&quot;120\&quot; alt=\&quot;icecream.jpg \&quot;&gt;&quot;,
      &quot;target&quot; : [ &quot;li:nth-child(9) &gt; a[href=\&quot;mars2.html?a=ice_cream\&quot;] &gt; img[alt=\&quot;icecream.jpg \&quot;][width=\&quot;210\&quot;][height=\&quot;120\&quot;]&quot; ],
      &quot;impact&quot; : null,
      &quot;any&quot; : [ {
        &quot;id&quot; : &quot;has-alt&quot;,
        &quot;impact&quot; : &quot;critical&quot;,
        &quot;message&quot; : &quot;Element has an alt attribute&quot;,
        &quot;data&quot; : null,
        &quot;relatedNodes&quot; : [ ]
      } ],
      &quot;all&quot; : [ ],
      &quot;none&quot; : [ {
        &quot;id&quot; : &quot;alt-space-value&quot;,
        &quot;impact&quot; : &quot;critical&quot;,
        &quot;message&quot; : &quot;Element has a valid alt attribute value&quot;,
        &quot;data&quot; : null,
        &quot;relatedNodes&quot; : [ ]
      } ],
      &quot;failureSummary&quot; : null
    }, {
      &quot;html&quot; : &quot;&lt;img src=\&quot;/assets/demo-sites/mars/images/mars-lander.jpg\&quot; class=\&quot;\&quot; width=\&quot;210\&quot; height=\&quot;120\&quot; alt=\&quot;Mars Lander\&quot;&gt;&quot;,
      &quot;target&quot; : [ &quot;li:nth-child(10) &gt; a &gt; img[alt=\&quot;Mars Lander\&quot;][width=\&quot;210\&quot;][height=\&quot;120\&quot;]&quot; ],
      &quot;impact&quot; : null,
      &quot;any&quot; : [ {
        &quot;id&quot; : &quot;has-alt&quot;,
        &quot;impact&quot; : &quot;critical&quot;,
        &quot;message&quot; : &quot;Element has an alt attribute&quot;,
        &quot;data&quot; : null,
        &quot;relatedNodes&quot; : [ ]
      } ],
      &quot;all&quot; : [ ],
      &quot;none&quot; : [ {
        &quot;id&quot; : &quot;alt-space-value&quot;,
        &quot;impact&quot; : &quot;critical&quot;,
        &quot;message&quot; : &quot;Element has a valid alt attribute value&quot;,
        &quot;data&quot; : null,
        &quot;relatedNodes&quot; : [ ]
      } ],
      &quot;failureSummary&quot; : null
    }, {
      &quot;html&quot; : &quot;&lt;img src=\&quot;/assets/demo-sites/mars/images/kids-space.jpg\&quot; class=\&quot;\&quot; width=\&quot;210\&quot; height=\&quot;120\&quot; alt=\&quot;Kids in space suits \&quot;&gt;&quot;,
      &quot;target&quot; : [ &quot;li:nth-child(11) &gt; a[href=\&quot;mars2.html?a=send_kids_to_mars\&quot;] &gt; img[alt=\&quot;Kids in space suits \&quot;][width=\&quot;210\&quot;][height=\&quot;120\&quot;]&quot; ],
      &quot;impact&quot; : null,
      &quot;any&quot; : [ {
        &quot;id&quot; : &quot;has-alt&quot;,
        &quot;impact&quot; : &quot;critical&quot;,
        &quot;message&quot; : &quot;Element has an alt attribute&quot;,
        &quot;data&quot; : null,
        &quot;relatedNodes&quot; : [ ]
      } ],
      &quot;all&quot; : [ ],
      &quot;none&quot; : [ {
        &quot;id&quot; : &quot;alt-space-value&quot;,
        &quot;impact&quot; : &quot;critical&quot;,
        &quot;message&quot; : &quot;Element has a valid alt attribute value&quot;,
        &quot;data&quot; : null,
        &quot;relatedNodes&quot; : [ ]
      } ],
      &quot;failureSummary&quot; : null
    }, {
      &quot;html&quot; : &quot;&lt;img src=\&quot;/assets/demo-sites/mars/images/wookie.jpg\&quot; class=\&quot;\&quot; width=\&quot;210\&quot; height=\&quot;120\&quot; alt=\&quot;Wookie\&quot;&gt;&quot;,
      &quot;target&quot; : [ &quot;li:nth-child(12) &gt; a[href=\&quot;mars2.html?a=wookie\&quot;] &gt; img[alt=\&quot;Wookie\&quot;][width=\&quot;210\&quot;][height=\&quot;120\&quot;]&quot; ],
      &quot;impact&quot; : null,
      &quot;any&quot; : [ {
        &quot;id&quot; : &quot;has-alt&quot;,
        &quot;impact&quot; : &quot;critical&quot;,
        &quot;message&quot; : &quot;Element has an alt attribute&quot;,
        &quot;data&quot; : null,
        &quot;relatedNodes&quot; : [ ]
      } ],
      &quot;all&quot; : [ ],
      &quot;none&quot; : [ {
        &quot;id&quot; : &quot;alt-space-value&quot;,
        &quot;impact&quot; : &quot;critical&quot;,
        &quot;message&quot; : &quot;Element has a valid alt attribute value&quot;,
        &quot;data&quot; : null,
        &quot;relatedNodes&quot; : [ ]
      } ],
      &quot;failureSummary&quot; : null
    }, {
      &quot;html&quot; : &quot;&lt;img src=\&quot;/assets/demo-sites/mars/images/global-free-days.jpg\&quot; class=\&quot;\&quot; width=\&quot;210\&quot; height=\&quot;120\&quot; alt=\&quot;Martian sunrise.\&quot;&gt;&quot;,
      &quot;target&quot; : [ &quot;li:nth-child(13) &gt; a[href=\&quot;mars2.html?a=stay_connected\&quot;] &gt; img[alt=\&quot;Martian sunrise.\&quot;][width=\&quot;210\&quot;][height=\&quot;120\&quot;]&quot; ],
      &quot;impact&quot; : null,
      &quot;any&quot; : [ {
        &quot;id&quot; : &quot;has-alt&quot;,
        &quot;impact&quot; : &quot;critical&quot;,
        &quot;message&quot; : &quot;Element has an alt attribute&quot;,
        &quot;data&quot; : null,
        &quot;relatedNodes&quot; : [ ]
      } ],
      &quot;all&quot; : [ ],
      &quot;none&quot; : [ {
        &quot;id&quot; : &quot;alt-space-value&quot;,
        &quot;impact&quot; : &quot;critical&quot;,
        &quot;message&quot; : &quot;Element has a valid alt attribute value&quot;,
        &quot;data&quot; : null,
        &quot;relatedNodes&quot; : [ ]
      } ],
      &quot;failureSummary&quot; : null
    }, {
      &quot;html&quot; : &quot;&lt;img src=\&quot;/assets/demo-sites/mars/images/mars-sunrise.jpg\&quot; class=\&quot;\&quot; width=\&quot;210\&quot; height=\&quot;120\&quot; alt=\&quot;Beautiful baboon, blowing bubbles, biking backward\&quot;&gt;&quot;,
      &quot;target&quot; : [ &quot;li:nth-child(14) &gt; a[href=\&quot;mars2.html?a=free_year\&quot;] &gt; img[width=\&quot;210\&quot;][height=\&quot;120\&quot;]&quot; ],
      &quot;impact&quot; : null,
      &quot;any&quot; : [ {
        &quot;id&quot; : &quot;has-alt&quot;,
        &quot;impact&quot; : &quot;critical&quot;,
        &quot;message&quot; : &quot;Element has an alt attribute&quot;,
        &quot;data&quot; : null,
        &quot;relatedNodes&quot; : [ ]
      } ],
      &quot;all&quot; : [ ],
      &quot;none&quot; : [ {
        &quot;id&quot; : &quot;alt-space-value&quot;,
        &quot;impact&quot; : &quot;critical&quot;,
        &quot;message&quot; : &quot;Element has a valid alt attribute value&quot;,
        &quot;data&quot; : null,
        &quot;relatedNodes&quot; : [ ]
      } ],
      &quot;failureSummary&quot; : null
    }, {
      &quot;html&quot; : &quot;&lt;img src=\&quot;/assets/demo-sites/mars/images/space-station.jpg\&quot; class=\&quot;\&quot; width=\&quot;210\&quot; height=\&quot;120\&quot; alt=\&quot;icecream.jpg \&quot;&gt;&quot;,
      &quot;target&quot; : [ &quot;li:nth-child(16) &gt; a[href=\&quot;mars2.html?a=ice_cream\&quot;] &gt; img[alt=\&quot;icecream.jpg \&quot;][width=\&quot;210\&quot;][height=\&quot;120\&quot;]&quot; ],
      &quot;impact&quot; : null,
      &quot;any&quot; : [ {
        &quot;id&quot; : &quot;has-alt&quot;,
        &quot;impact&quot; : &quot;critical&quot;,
        &quot;message&quot; : &quot;Element has an alt attribute&quot;,
        &quot;data&quot; : null,
        &quot;relatedNodes&quot; : [ ]
      } ],
      &quot;all&quot; : [ ],
      &quot;none&quot; : [ {
        &quot;id&quot; : &quot;alt-space-value&quot;,
        &quot;impact&quot; : &quot;critical&quot;,
        &quot;message&quot; : &quot;Element has a valid alt attribute value&quot;,
        &quot;data&quot; : null,
        &quot;relatedNodes&quot; : [ ]
      } ],
      &quot;failureSummary&quot; : null
    }, {
      &quot;html&quot; : &quot;&lt;img src=\&quot;/assets/demo-sites/mars/images/mars-lander.jpg\&quot; class=\&quot;\&quot; width=\&quot;210\&quot; height=\&quot;120\&quot; alt=\&quot;Mars Lander\&quot;&gt;&quot;,
      &quot;target&quot; : [ &quot;li:nth-child(17) &gt; a &gt; img[alt=\&quot;Mars Lander\&quot;][width=\&quot;210\&quot;][height=\&quot;120\&quot;]&quot; ],
      &quot;impact&quot; : null,
      &quot;any&quot; : [ {
        &quot;id&quot; : &quot;has-alt&quot;,
        &quot;impact&quot; : &quot;critical&quot;,
        &quot;message&quot; : &quot;Element has an alt attribute&quot;,
        &quot;data&quot; : null,
        &quot;relatedNodes&quot; : [ ]
      } ],
      &quot;all&quot; : [ ],
      &quot;none&quot; : [ {
        &quot;id&quot; : &quot;alt-space-value&quot;,
        &quot;impact&quot; : &quot;critical&quot;,
        &quot;message&quot; : &quot;Element has a valid alt attribute value&quot;,
        &quot;data&quot; : null,
        &quot;relatedNodes&quot; : [ ]
      } ],
      &quot;failureSummary&quot; : null
    }, {
      &quot;html&quot; : &quot;&lt;img src=\&quot;/assets/demo-sites/mars/images/kids-space.jpg\&quot; class=\&quot;\&quot; width=\&quot;210\&quot; height=\&quot;120\&quot; alt=\&quot;Kids in space suits \&quot;&gt;&quot;,
      &quot;target&quot; : [ &quot;li:nth-child(18) &gt; a[href=\&quot;mars2.html?a=send_kids_to_mars\&quot;] &gt; img[alt=\&quot;Kids in space suits \&quot;][width=\&quot;210\&quot;][height=\&quot;120\&quot;]&quot; ],
      &quot;impact&quot; : null,
      &quot;any&quot; : [ {
        &quot;id&quot; : &quot;has-alt&quot;,
        &quot;impact&quot; : &quot;critical&quot;,
        &quot;message&quot; : &quot;Element has an alt attribute&quot;,
        &quot;data&quot; : null,
        &quot;relatedNodes&quot; : [ ]
      } ],
      &quot;all&quot; : [ ],
      &quot;none&quot; : [ {
        &quot;id&quot; : &quot;alt-space-value&quot;,
        &quot;impact&quot; : &quot;critical&quot;,
        &quot;message&quot; : &quot;Element has a valid alt attribute value&quot;,
        &quot;data&quot; : null,
        &quot;relatedNodes&quot; : [ ]
      } ],
      &quot;failureSummary&quot; : null
    }, {
      &quot;html&quot; : &quot;&lt;img src=\&quot;/assets/demo-sites/mars/images/wookie.jpg\&quot; class=\&quot;\&quot; width=\&quot;210\&quot; height=\&quot;120\&quot; alt=\&quot;Wookie\&quot;&gt;&quot;,
      &quot;target&quot; : [ &quot;li:nth-child(19) &gt; a[href=\&quot;mars2.html?a=wookie\&quot;] &gt; img[alt=\&quot;Wookie\&quot;][width=\&quot;210\&quot;][height=\&quot;120\&quot;]&quot; ],
      &quot;impact&quot; : null,
      &quot;any&quot; : [ {
        &quot;id&quot; : &quot;has-alt&quot;,
        &quot;impact&quot; : &quot;critical&quot;,
        &quot;message&quot; : &quot;Element has an alt attribute&quot;,
        &quot;data&quot; : null,
        &quot;relatedNodes&quot; : [ ]
      } ],
      &quot;all&quot; : [ ],
      &quot;none&quot; : [ {
        &quot;id&quot; : &quot;alt-space-value&quot;,
        &quot;impact&quot; : &quot;critical&quot;,
        &quot;message&quot; : &quot;Element has a valid alt attribute value&quot;,
        &quot;data&quot; : null,
        &quot;relatedNodes&quot; : [ ]
      } ],
      &quot;failureSummary&quot; : null
    }, {
      &quot;html&quot; : &quot;&lt;img src=\&quot;/assets/demo-sites/mars/images/global-free-days.jpg\&quot; class=\&quot;\&quot; width=\&quot;210\&quot; height=\&quot;120\&quot; alt=\&quot;Martian sunrise.\&quot;&gt;&quot;,
      &quot;target&quot; : [ &quot;li:nth-child(20) &gt; a[href=\&quot;mars2.html?a=stay_connected\&quot;] &gt; img[alt=\&quot;Martian sunrise.\&quot;][width=\&quot;210\&quot;][height=\&quot;120\&quot;]&quot; ],
      &quot;impact&quot; : null,
      &quot;any&quot; : [ {
        &quot;id&quot; : &quot;has-alt&quot;,
        &quot;impact&quot; : &quot;critical&quot;,
        &quot;message&quot; : &quot;Element has an alt attribute&quot;,
        &quot;data&quot; : null,
        &quot;relatedNodes&quot; : [ ]
      } ],
      &quot;all&quot; : [ ],
      &quot;none&quot; : [ {
        &quot;id&quot; : &quot;alt-space-value&quot;,
        &quot;impact&quot; : &quot;critical&quot;,
        &quot;message&quot; : &quot;Element has a valid alt attribute value&quot;,
        &quot;data&quot; : null,
        &quot;relatedNodes&quot; : [ ]
      } ],
      &quot;failureSummary&quot; : null
    }, {
      &quot;html&quot; : &quot;&lt;img src=\&quot;/assets/demo-sites/mars/images/calendar.png\&quot; alt=\&quot;...\&quot; title=\&quot;...\&quot;&gt;&quot;,
      &quot;target&quot; : [ &quot;.departure-date &gt; .ui-datepicker-trigger:nth-child(3) &gt; img[alt=\&quot;...\&quot;][title=\&quot;...\&quot;]&quot; ],
      &quot;impact&quot; : null,
      &quot;any&quot; : [ {
        &quot;id&quot; : &quot;has-alt&quot;,
        &quot;impact&quot; : &quot;critical&quot;,
        &quot;message&quot; : &quot;Element has an alt attribute&quot;,
        &quot;data&quot; : null,
        &quot;relatedNodes&quot; : [ ]
      }, {
        &quot;id&quot; : &quot;non-empty-title&quot;,
        &quot;impact&quot; : &quot;serious&quot;,
        &quot;message&quot; : &quot;Element has a title attribute&quot;,
        &quot;data&quot; : null,
        &quot;relatedNodes&quot; : [ ]
      } ],
      &quot;all&quot; : [ ],
      &quot;none&quot; : [ {
        &quot;id&quot; : &quot;alt-space-value&quot;,
        &quot;impact&quot; : &quot;critical&quot;,
        &quot;message&quot; : &quot;Element has a valid alt attribute value&quot;,
        &quot;data&quot; : null,
        &quot;relatedNodes&quot; : [ ]
      } ],
      &quot;failureSummary&quot; : null
    }, {
      &quot;html&quot; : &quot;&lt;img src=\&quot;../images/f.gif\&quot; alt=\&quot;\&quot; style=\&quot;position: absolute; height: 1px; width: 1px; top: -9999px; left: -9999px;\&quot;&gt;&quot;,
      &quot;target&quot; : [ &quot;.twitter-follow-button&quot;, &quot;img[src=\&quot;../images/f.gif\&quot;]&quot; ],
      &quot;impact&quot; : null,
      &quot;any&quot; : [ {
        &quot;id&quot; : &quot;has-alt&quot;,
        &quot;impact&quot; : &quot;critical&quot;,
        &quot;message&quot; : &quot;Element has an alt attribute&quot;,
        &quot;data&quot; : null,
        &quot;relatedNodes&quot; : [ ]
      }, {
        &quot;id&quot; : &quot;presentational-role&quot;,
        &quot;impact&quot; : &quot;minor&quot;,
        &quot;message&quot; : &quot;Element&#039;s default semantics were overriden with role=\&quot;presentation\&quot;&quot;,
        &quot;data&quot; : {
          &quot;role&quot; : &quot;presentation&quot;
        },
        &quot;relatedNodes&quot; : [ ]
      } ],
      &quot;all&quot; : [ ],
      &quot;none&quot; : [ {
        &quot;id&quot; : &quot;alt-space-value&quot;,
        &quot;impact&quot; : &quot;critical&quot;,
        &quot;message&quot; : &quot;Element has a valid alt attribute value&quot;,
        &quot;data&quot; : null,
        &quot;relatedNodes&quot; : [ ]
      } ],
      &quot;failureSummary&quot; : null
    }, {
      &quot;html&quot; : &quot;&lt;img src=\&quot;jot\&quot; alt=\&quot;\&quot; style=\&quot;position: absolute; height: 1px; width: 1px; top: -9999px; left: -9999px;\&quot;&gt;&quot;,
      &quot;target&quot; : [ &quot;.twitter-follow-button&quot;, &quot;img[src$=\&quot;jot\&quot;]&quot; ],
      &quot;impact&quot; : null,
      &quot;any&quot; : [ {
        &quot;id&quot; : &quot;has-alt&quot;,
        &quot;impact&quot; : &quot;critical&quot;,
        &quot;message&quot; : &quot;Element has an alt attribute&quot;,
        &quot;data&quot; : null,
        &quot;relatedNodes&quot; : [ ]
      }, {
        &quot;id&quot; : &quot;presentational-role&quot;,
        &quot;impact&quot; : &quot;minor&quot;,
        &quot;message&quot; : &quot;Element&#039;s default semantics were overriden with role=\&quot;presentation\&quot;&quot;,
        &quot;data&quot; : {
          &quot;role&quot; : &quot;presentation&quot;
        },
        &quot;relatedNodes&quot; : [ ]
      } ],
      &quot;all&quot; : [ ],
      &quot;none&quot; : [ {
        &quot;id&quot; : &quot;alt-space-value&quot;,
        &quot;impact&quot; : &quot;critical&quot;,
        &quot;message&quot; : &quot;Element has a valid alt attribute value&quot;,
        &quot;data&quot; : null,
        &quot;relatedNodes&quot; : [ ]
      } ],
      &quot;failureSummary&quot; : null
    }, {
      &quot;html&quot; : &quot;&lt;img src=\&quot;/assets/demo-sites/mars/images/gplus-32.png\&quot; alt=\&quot;Google+\&quot; style=\&quot;border:0;width:32px;height:32px;\&quot;&gt;&quot;,
      &quot;target&quot; : [ &quot;img[alt=\&quot;Google+\&quot;]&quot; ],
      &quot;impact&quot; : null,
      &quot;any&quot; : [ {
        &quot;id&quot; : &quot;has-alt&quot;,
        &quot;impact&quot; : &quot;critical&quot;,
        &quot;message&quot; : &quot;Element has an alt attribute&quot;,
        &quot;data&quot; : null,
        &quot;relatedNodes&quot; : [ ]
      } ],
      &quot;all&quot; : [ ],
      &quot;none&quot; : [ {
        &quot;id&quot; : &quot;alt-space-value&quot;,
        &quot;impact&quot; : &quot;critical&quot;,
        &quot;message&quot; : &quot;Element has a valid alt attribute value&quot;,
        &quot;data&quot; : null,
        &quot;relatedNodes&quot; : [ ]
      } ],
      &quot;failureSummary&quot; : null
    } ],
    &quot;url&quot; : null,
    &quot;createdDate&quot; : null
  }, {
    &quot;id&quot; : &quot;image-redundant-alt&quot;,
    &quot;description&quot; : &quot;Ensure image alternative is not repeated as text&quot;,
    &quot;help&quot; : &quot;Alternative text of images should not be repeated as text&quot;,
    &quot;helpUrl&quot; : &quot;https://dequeuniversity.com/rules/axe/4.6/image-redundant-alt?application=axeAPI&quot;,
    &quot;impact&quot; : &quot;&quot;,
    &quot;tags&quot; : [ &quot;cat.text-alternatives&quot;, &quot;best-practice&quot; ],
    &quot;nodes&quot; : [ {
      &quot;html&quot; : &quot;&lt;img height=\&quot;1\&quot; width=\&quot;1\&quot; style=\&quot;border-style:none;\&quot; alt=\&quot;\&quot; src=\&quot;/assets/demo-sites/mars/js/out\&quot;&gt;&quot;,
      &quot;target&quot; : [ &quot;div:nth-child(1) &gt; img[src$=\&quot;out\&quot;][alt=\&quot;\&quot;][height=\&quot;1\&quot;]&quot; ],
      &quot;impact&quot; : null,
      &quot;any&quot; : [ ],
      &quot;all&quot; : [ ],
      &quot;none&quot; : [ {
        &quot;id&quot; : &quot;duplicate-img-label&quot;,
        &quot;impact&quot; : &quot;minor&quot;,
        &quot;message&quot; : &quot;Element does not duplicate existing text in &lt;img&gt; alt text&quot;,
        &quot;data&quot; : null,
        &quot;relatedNodes&quot; : [ ]
      } ],
      &quot;failureSummary&quot; : null
    }, {
      &quot;html&quot; : &quot;&lt;img height=\&quot;1\&quot; width=\&quot;1\&quot; style=\&quot;border-style:none;\&quot; alt=\&quot;\&quot; src=\&quot;/assets/demo-sites/mars/js/saved_resource\&quot;&gt;&quot;,
      &quot;target&quot; : [ &quot;div:nth-child(1) &gt; img[alt=\&quot;\&quot;][height=\&quot;1\&quot;][width=\&quot;1\&quot;]:nth-child(2)&quot; ],
      &quot;impact&quot; : null,
      &quot;any&quot; : [ ],
      &quot;all&quot; : [ ],
      &quot;none&quot; : [ {
        &quot;id&quot; : &quot;duplicate-img-label&quot;,
        &quot;impact&quot; : &quot;minor&quot;,
        &quot;message&quot; : &quot;Element does not duplicate existing text in &lt;img&gt; alt text&quot;,
        &quot;data&quot; : null,
        &quot;relatedNodes&quot; : [ ]
      } ],
      &quot;failureSummary&quot; : null
    }, {
      &quot;html&quot; : &quot;&lt;img src=\&quot;/assets/demo-sites/mars/js/seg\&quot; width=\&quot;1\&quot; height=\&quot;1\&quot;&gt;&quot;,
      &quot;target&quot; : [ &quot;img[src$=\&quot;seg\&quot;]&quot; ],
      &quot;impact&quot; : null,
      &quot;any&quot; : [ ],
      &quot;all&quot; : [ ],
      &quot;none&quot; : [ {
        &quot;id&quot; : &quot;duplicate-img-label&quot;,
        &quot;impact&quot; : &quot;minor&quot;,
        &quot;message&quot; : &quot;Element does not duplicate existing text in &lt;img&gt; alt text&quot;,
        &quot;data&quot; : null,
        &quot;relatedNodes&quot; : [ ]
      } ],
      &quot;failureSummary&quot; : null
    }, {
      &quot;html&quot; : &quot;&lt;img src=\&quot;/assets/demo-sites/mars/images/mars-spaceman.jpg\&quot; class=\&quot;\&quot; width=\&quot;210\&quot; height=\&quot;120\&quot;&gt;&quot;,
      &quot;target&quot; : [ &quot;li:nth-child(1) &gt; a[href=\&quot;mars2.html?a=crater_adventure\&quot;] &gt; img[width=\&quot;210\&quot;][height=\&quot;120\&quot;]&quot; ],
      &quot;impact&quot; : null,
      &quot;any&quot; : [ ],
      &quot;all&quot; : [ ],
      &quot;none&quot; : [ {
        &quot;id&quot; : &quot;duplicate-img-label&quot;,
        &quot;impact&quot; : &quot;minor&quot;,
        &quot;message&quot; : &quot;Element does not duplicate existing text in &lt;img&gt; alt text&quot;,
        &quot;data&quot; : null,
        &quot;relatedNodes&quot; : [ ]
      } ],
      &quot;failureSummary&quot; : null
    }, {
      &quot;html&quot; : &quot;&lt;img src=\&quot;/assets/demo-sites/mars/images/space-station.jpg\&quot; class=\&quot;\&quot; width=\&quot;210\&quot; height=\&quot;120\&quot; alt=\&quot;icecream.jpg \&quot;&gt;&quot;,
      &quot;target&quot; : [ &quot;li:nth-child(2) &gt; a[href=\&quot;mars2.html?a=ice_cream\&quot;] &gt; img[alt=\&quot;icecream.jpg \&quot;][width=\&quot;210\&quot;][height=\&quot;120\&quot;]&quot; ],
      &quot;impact&quot; : null,
      &quot;any&quot; : [ ],
      &quot;all&quot; : [ ],
      &quot;none&quot; : [ {
        &quot;id&quot; : &quot;duplicate-img-label&quot;,
        &quot;impact&quot; : &quot;minor&quot;,
        &quot;message&quot; : &quot;Element does not duplicate existing text in &lt;img&gt; alt text&quot;,
        &quot;data&quot; : null,
        &quot;relatedNodes&quot; : [ ]
      } ],
      &quot;failureSummary&quot; : null
    }, {
      &quot;html&quot; : &quot;&lt;img src=\&quot;/assets/demo-sites/mars/images/mars-lander.jpg\&quot; class=\&quot;\&quot; width=\&quot;210\&quot; height=\&quot;120\&quot; alt=\&quot;Mars Lander\&quot;&gt;&quot;,
      &quot;target&quot; : [ &quot;li:nth-child(3) &gt; a &gt; img[alt=\&quot;Mars Lander\&quot;][width=\&quot;210\&quot;][height=\&quot;120\&quot;]&quot; ],
      &quot;impact&quot; : null,
      &quot;any&quot; : [ ],
      &quot;all&quot; : [ ],
      &quot;none&quot; : [ {
        &quot;id&quot; : &quot;duplicate-img-label&quot;,
        &quot;impact&quot; : &quot;minor&quot;,
        &quot;message&quot; : &quot;Element does not duplicate existing text in &lt;img&gt; alt text&quot;,
        &quot;data&quot; : null,
        &quot;relatedNodes&quot; : [ ]
      } ],
      &quot;failureSummary&quot; : null
    }, {
      &quot;html&quot; : &quot;&lt;img src=\&quot;/assets/demo-sites/mars/images/kids-space.jpg\&quot; class=\&quot;\&quot; width=\&quot;210\&quot; height=\&quot;120\&quot; alt=\&quot;Kids in space suits \&quot;&gt;&quot;,
      &quot;target&quot; : [ &quot;li:nth-child(4) &gt; a[href=\&quot;mars2.html?a=send_kids_to_mars\&quot;] &gt; img[alt=\&quot;Kids in space suits \&quot;][width=\&quot;210\&quot;][height=\&quot;120\&quot;]&quot; ],
      &quot;impact&quot; : null,
      &quot;any&quot; : [ ],
      &quot;all&quot; : [ ],
      &quot;none&quot; : [ {
        &quot;id&quot; : &quot;duplicate-img-label&quot;,
        &quot;impact&quot; : &quot;minor&quot;,
        &quot;message&quot; : &quot;Element does not duplicate existing text in &lt;img&gt; alt text&quot;,
        &quot;data&quot; : null,
        &quot;relatedNodes&quot; : [ ]
      } ],
      &quot;failureSummary&quot; : null
    }, {
      &quot;html&quot; : &quot;&lt;img src=\&quot;/assets/demo-sites/mars/images/wookie.jpg\&quot; class=\&quot;\&quot; width=\&quot;210\&quot; height=\&quot;120\&quot; alt=\&quot;Wookie\&quot;&gt;&quot;,
      &quot;target&quot; : [ &quot;li:nth-child(5) &gt; a[href=\&quot;mars2.html?a=wookie\&quot;] &gt; img[alt=\&quot;Wookie\&quot;][width=\&quot;210\&quot;][height=\&quot;120\&quot;]&quot; ],
      &quot;impact&quot; : null,
      &quot;any&quot; : [ ],
      &quot;all&quot; : [ ],
      &quot;none&quot; : [ {
        &quot;id&quot; : &quot;duplicate-img-label&quot;,
        &quot;impact&quot; : &quot;minor&quot;,
        &quot;message&quot; : &quot;Element does not duplicate existing text in &lt;img&gt; alt text&quot;,
        &quot;data&quot; : null,
        &quot;relatedNodes&quot; : [ ]
      } ],
      &quot;failureSummary&quot; : null
    }, {
      &quot;html&quot; : &quot;&lt;img src=\&quot;/assets/demo-sites/mars/images/global-free-days.jpg\&quot; class=\&quot;\&quot; width=\&quot;210\&quot; height=\&quot;120\&quot; alt=\&quot;Martian sunrise.\&quot;&gt;&quot;,
      &quot;target&quot; : [ &quot;li:nth-child(6) &gt; a[href=\&quot;mars2.html?a=stay_connected\&quot;] &gt; img[alt=\&quot;Martian sunrise.\&quot;][width=\&quot;210\&quot;][height=\&quot;120\&quot;]&quot; ],
      &quot;impact&quot; : null,
      &quot;any&quot; : [ ],
      &quot;all&quot; : [ ],
      &quot;none&quot; : [ {
        &quot;id&quot; : &quot;duplicate-img-label&quot;,
        &quot;impact&quot; : &quot;minor&quot;,
        &quot;message&quot; : &quot;Element does not duplicate existing text in &lt;img&gt; alt text&quot;,
        &quot;data&quot; : null,
        &quot;relatedNodes&quot; : [ ]
      } ],
      &quot;failureSummary&quot; : null
    }, {
      &quot;html&quot; : &quot;&lt;img src=\&quot;/assets/demo-sites/mars/images/mars-sunrise.jpg\&quot; class=\&quot;\&quot; width=\&quot;210\&quot; height=\&quot;120\&quot; alt=\&quot;Beautiful baboon, blowing bubbles, biking backward\&quot;&gt;&quot;,
      &quot;target&quot; : [ &quot;li:nth-child(7) &gt; a[href=\&quot;mars2.html?a=free_year\&quot;] &gt; img[width=\&quot;210\&quot;][height=\&quot;120\&quot;]&quot; ],
      &quot;impact&quot; : null,
      &quot;any&quot; : [ ],
      &quot;all&quot; : [ ],
      &quot;none&quot; : [ {
        &quot;id&quot; : &quot;duplicate-img-label&quot;,
        &quot;impact&quot; : &quot;minor&quot;,
        &quot;message&quot; : &quot;Element does not duplicate existing text in &lt;img&gt; alt text&quot;,
        &quot;data&quot; : null,
        &quot;relatedNodes&quot; : [ ]
      } ],
      &quot;failureSummary&quot; : null
    }, {
      &quot;html&quot; : &quot;&lt;img src=\&quot;/assets/demo-sites/mars/images/mars-spaceman.jpg\&quot; class=\&quot;\&quot; width=\&quot;210\&quot; height=\&quot;120\&quot;&gt;&quot;,
      &quot;target&quot; : [ &quot;li:nth-child(8) &gt; a[href=\&quot;mars2.html?a=crater_adventure\&quot;] &gt; img[width=\&quot;210\&quot;][height=\&quot;120\&quot;]&quot; ],
      &quot;impact&quot; : null,
      &quot;any&quot; : [ ],
      &quot;all&quot; : [ ],
      &quot;none&quot; : [ {
        &quot;id&quot; : &quot;duplicate-img-label&quot;,
        &quot;impact&quot; : &quot;minor&quot;,
        &quot;message&quot; : &quot;Element does not duplicate existing text in &lt;img&gt; alt text&quot;,
        &quot;data&quot; : null,
        &quot;relatedNodes&quot; : [ ]
      } ],
      &quot;failureSummary&quot; : null
    }, {
      &quot;html&quot; : &quot;&lt;img src=\&quot;/assets/demo-sites/mars/images/space-station.jpg\&quot; class=\&quot;\&quot; width=\&quot;210\&quot; height=\&quot;120\&quot; alt=\&quot;icecream.jpg \&quot;&gt;&quot;,
      &quot;target&quot; : [ &quot;li:nth-child(9) &gt; a[href=\&quot;mars2.html?a=ice_cream\&quot;] &gt; img[alt=\&quot;icecream.jpg \&quot;][width=\&quot;210\&quot;][height=\&quot;120\&quot;]&quot; ],
      &quot;impact&quot; : null,
      &quot;any&quot; : [ ],
      &quot;all&quot; : [ ],
      &quot;none&quot; : [ {
        &quot;id&quot; : &quot;duplicate-img-label&quot;,
        &quot;impact&quot; : &quot;minor&quot;,
        &quot;message&quot; : &quot;Element does not duplicate existing text in &lt;img&gt; alt text&quot;,
        &quot;data&quot; : null,
        &quot;relatedNodes&quot; : [ ]
      } ],
      &quot;failureSummary&quot; : null
    }, {
      &quot;html&quot; : &quot;&lt;img src=\&quot;/assets/demo-sites/mars/images/mars-lander.jpg\&quot; class=\&quot;\&quot; width=\&quot;210\&quot; height=\&quot;120\&quot; alt=\&quot;Mars Lander\&quot;&gt;&quot;,
      &quot;target&quot; : [ &quot;li:nth-child(10) &gt; a &gt; img[alt=\&quot;Mars Lander\&quot;][width=\&quot;210\&quot;][height=\&quot;120\&quot;]&quot; ],
      &quot;impact&quot; : null,
      &quot;any&quot; : [ ],
      &quot;all&quot; : [ ],
      &quot;none&quot; : [ {
        &quot;id&quot; : &quot;duplicate-img-label&quot;,
        &quot;impact&quot; : &quot;minor&quot;,
        &quot;message&quot; : &quot;Element does not duplicate existing text in &lt;img&gt; alt text&quot;,
        &quot;data&quot; : null,
        &quot;relatedNodes&quot; : [ ]
      } ],
      &quot;failureSummary&quot; : null
    }, {
      &quot;html&quot; : &quot;&lt;img src=\&quot;/assets/demo-sites/mars/images/kids-space.jpg\&quot; class=\&quot;\&quot; width=\&quot;210\&quot; height=\&quot;120\&quot; alt=\&quot;Kids in space suits \&quot;&gt;&quot;,
      &quot;target&quot; : [ &quot;li:nth-child(11) &gt; a[href=\&quot;mars2.html?a=send_kids_to_mars\&quot;] &gt; img[alt=\&quot;Kids in space suits \&quot;][width=\&quot;210\&quot;][height=\&quot;120\&quot;]&quot; ],
      &quot;impact&quot; : null,
      &quot;any&quot; : [ ],
      &quot;all&quot; : [ ],
      &quot;none&quot; : [ {
        &quot;id&quot; : &quot;duplicate-img-label&quot;,
        &quot;impact&quot; : &quot;minor&quot;,
        &quot;message&quot; : &quot;Element does not duplicate existing text in &lt;img&gt; alt text&quot;,
        &quot;data&quot; : null,
        &quot;relatedNodes&quot; : [ ]
      } ],
      &quot;failureSummary&quot; : null
    }, {
      &quot;html&quot; : &quot;&lt;img src=\&quot;/assets/demo-sites/mars/images/wookie.jpg\&quot; class=\&quot;\&quot; width=\&quot;210\&quot; height=\&quot;120\&quot; alt=\&quot;Wookie\&quot;&gt;&quot;,
      &quot;target&quot; : [ &quot;li:nth-child(12) &gt; a[href=\&quot;mars2.html?a=wookie\&quot;] &gt; img[alt=\&quot;Wookie\&quot;][width=\&quot;210\&quot;][height=\&quot;120\&quot;]&quot; ],
      &quot;impact&quot; : null,
      &quot;any&quot; : [ ],
      &quot;all&quot; : [ ],
      &quot;none&quot; : [ {
        &quot;id&quot; : &quot;duplicate-img-label&quot;,
        &quot;impact&quot; : &quot;minor&quot;,
        &quot;message&quot; : &quot;Element does not duplicate existing text in &lt;img&gt; alt text&quot;,
        &quot;data&quot; : null,
        &quot;relatedNodes&quot; : [ ]
      } ],
      &quot;failureSummary&quot; : null
    }, {
      &quot;html&quot; : &quot;&lt;img src=\&quot;/assets/demo-sites/mars/images/global-free-days.jpg\&quot; class=\&quot;\&quot; width=\&quot;210\&quot; height=\&quot;120\&quot; alt=\&quot;Martian sunrise.\&quot;&gt;&quot;,
      &quot;target&quot; : [ &quot;li:nth-child(13) &gt; a[href=\&quot;mars2.html?a=stay_connected\&quot;] &gt; img[alt=\&quot;Martian sunrise.\&quot;][width=\&quot;210\&quot;][height=\&quot;120\&quot;]&quot; ],
      &quot;impact&quot; : null,
      &quot;any&quot; : [ ],
      &quot;all&quot; : [ ],
      &quot;none&quot; : [ {
        &quot;id&quot; : &quot;duplicate-img-label&quot;,
        &quot;impact&quot; : &quot;minor&quot;,
        &quot;message&quot; : &quot;Element does not duplicate existing text in &lt;img&gt; alt text&quot;,
        &quot;data&quot; : null,
        &quot;relatedNodes&quot; : [ ]
      } ],
      &quot;failureSummary&quot; : null
    }, {
      &quot;html&quot; : &quot;&lt;img src=\&quot;/assets/demo-sites/mars/images/mars-sunrise.jpg\&quot; class=\&quot;\&quot; width=\&quot;210\&quot; height=\&quot;120\&quot; alt=\&quot;Beautiful baboon, blowing bubbles, biking backward\&quot;&gt;&quot;,
      &quot;target&quot; : [ &quot;li:nth-child(14) &gt; a[href=\&quot;mars2.html?a=free_year\&quot;] &gt; img[width=\&quot;210\&quot;][height=\&quot;120\&quot;]&quot; ],
      &quot;impact&quot; : null,
      &quot;any&quot; : [ ],
      &quot;all&quot; : [ ],
      &quot;none&quot; : [ {
        &quot;id&quot; : &quot;duplicate-img-label&quot;,
        &quot;impact&quot; : &quot;minor&quot;,
        &quot;message&quot; : &quot;Element does not duplicate existing text in &lt;img&gt; alt text&quot;,
        &quot;data&quot; : null,
        &quot;relatedNodes&quot; : [ ]
      } ],
      &quot;failureSummary&quot; : null
    }, {
      &quot;html&quot; : &quot;&lt;img src=\&quot;/assets/demo-sites/mars/images/mars-spaceman.jpg\&quot; class=\&quot;\&quot; width=\&quot;210\&quot; height=\&quot;120\&quot;&gt;&quot;,
      &quot;target&quot; : [ &quot;li:nth-child(15) &gt; a[href=\&quot;mars2.html?a=crater_adventure\&quot;] &gt; img[width=\&quot;210\&quot;][height=\&quot;120\&quot;]&quot; ],
      &quot;impact&quot; : null,
      &quot;any&quot; : [ ],
      &quot;all&quot; : [ ],
      &quot;none&quot; : [ {
        &quot;id&quot; : &quot;duplicate-img-label&quot;,
        &quot;impact&quot; : &quot;minor&quot;,
        &quot;message&quot; : &quot;Element does not duplicate existing text in &lt;img&gt; alt text&quot;,
        &quot;data&quot; : null,
        &quot;relatedNodes&quot; : [ ]
      } ],
      &quot;failureSummary&quot; : null
    }, {
      &quot;html&quot; : &quot;&lt;img src=\&quot;/assets/demo-sites/mars/images/space-station.jpg\&quot; class=\&quot;\&quot; width=\&quot;210\&quot; height=\&quot;120\&quot; alt=\&quot;icecream.jpg \&quot;&gt;&quot;,
      &quot;target&quot; : [ &quot;li:nth-child(16) &gt; a[href=\&quot;mars2.html?a=ice_cream\&quot;] &gt; img[alt=\&quot;icecream.jpg \&quot;][width=\&quot;210\&quot;][height=\&quot;120\&quot;]&quot; ],
      &quot;impact&quot; : null,
      &quot;any&quot; : [ ],
      &quot;all&quot; : [ ],
      &quot;none&quot; : [ {
        &quot;id&quot; : &quot;duplicate-img-label&quot;,
        &quot;impact&quot; : &quot;minor&quot;,
        &quot;message&quot; : &quot;Element does not duplicate existing text in &lt;img&gt; alt text&quot;,
        &quot;data&quot; : null,
        &quot;relatedNodes&quot; : [ ]
      } ],
      &quot;failureSummary&quot; : null
    }, {
      &quot;html&quot; : &quot;&lt;img src=\&quot;/assets/demo-sites/mars/images/mars-lander.jpg\&quot; class=\&quot;\&quot; width=\&quot;210\&quot; height=\&quot;120\&quot; alt=\&quot;Mars Lander\&quot;&gt;&quot;,
      &quot;target&quot; : [ &quot;li:nth-child(17) &gt; a &gt; img[alt=\&quot;Mars Lander\&quot;][width=\&quot;210\&quot;][height=\&quot;120\&quot;]&quot; ],
      &quot;impact&quot; : null,
      &quot;any&quot; : [ ],
      &quot;all&quot; : [ ],
      &quot;none&quot; : [ {
        &quot;id&quot; : &quot;duplicate-img-label&quot;,
        &quot;impact&quot; : &quot;minor&quot;,
        &quot;message&quot; : &quot;Element does not duplicate existing text in &lt;img&gt; alt text&quot;,
        &quot;data&quot; : null,
        &quot;relatedNodes&quot; : [ ]
      } ],
      &quot;failureSummary&quot; : null
    }, {
      &quot;html&quot; : &quot;&lt;img src=\&quot;/assets/demo-sites/mars/images/kids-space.jpg\&quot; class=\&quot;\&quot; width=\&quot;210\&quot; height=\&quot;120\&quot; alt=\&quot;Kids in space suits \&quot;&gt;&quot;,
      &quot;target&quot; : [ &quot;li:nth-child(18) &gt; a[href=\&quot;mars2.html?a=send_kids_to_mars\&quot;] &gt; img[alt=\&quot;Kids in space suits \&quot;][width=\&quot;210\&quot;][height=\&quot;120\&quot;]&quot; ],
      &quot;impact&quot; : null,
      &quot;any&quot; : [ ],
      &quot;all&quot; : [ ],
      &quot;none&quot; : [ {
        &quot;id&quot; : &quot;duplicate-img-label&quot;,
        &quot;impact&quot; : &quot;minor&quot;,
        &quot;message&quot; : &quot;Element does not duplicate existing text in &lt;img&gt; alt text&quot;,
        &quot;data&quot; : null,
        &quot;relatedNodes&quot; : [ ]
      } ],
      &quot;failureSummary&quot; : null
    }, {
      &quot;html&quot; : &quot;&lt;img src=\&quot;/assets/demo-sites/mars/images/wookie.jpg\&quot; class=\&quot;\&quot; width=\&quot;210\&quot; height=\&quot;120\&quot; alt=\&quot;Wookie\&quot;&gt;&quot;,
      &quot;target&quot; : [ &quot;li:nth-child(19) &gt; a[href=\&quot;mars2.html?a=wookie\&quot;] &gt; img[alt=\&quot;Wookie\&quot;][width=\&quot;210\&quot;][height=\&quot;120\&quot;]&quot; ],
      &quot;impact&quot; : null,
      &quot;any&quot; : [ ],
      &quot;all&quot; : [ ],
      &quot;none&quot; : [ {
        &quot;id&quot; : &quot;duplicate-img-label&quot;,
        &quot;impact&quot; : &quot;minor&quot;,
        &quot;message&quot; : &quot;Element does not duplicate existing text in &lt;img&gt; alt text&quot;,
        &quot;data&quot; : null,
        &quot;relatedNodes&quot; : [ ]
      } ],
      &quot;failureSummary&quot; : null
    }, {
      &quot;html&quot; : &quot;&lt;img src=\&quot;/assets/demo-sites/mars/images/global-free-days.jpg\&quot; class=\&quot;\&quot; width=\&quot;210\&quot; height=\&quot;120\&quot; alt=\&quot;Martian sunrise.\&quot;&gt;&quot;,
      &quot;target&quot; : [ &quot;li:nth-child(20) &gt; a[href=\&quot;mars2.html?a=stay_connected\&quot;] &gt; img[alt=\&quot;Martian sunrise.\&quot;][width=\&quot;210\&quot;][height=\&quot;120\&quot;]&quot; ],
      &quot;impact&quot; : null,
      &quot;any&quot; : [ ],
      &quot;all&quot; : [ ],
      &quot;none&quot; : [ {
        &quot;id&quot; : &quot;duplicate-img-label&quot;,
        &quot;impact&quot; : &quot;minor&quot;,
        &quot;message&quot; : &quot;Element does not duplicate existing text in &lt;img&gt; alt text&quot;,
        &quot;data&quot; : null,
        &quot;relatedNodes&quot; : [ ]
      } ],
      &quot;failureSummary&quot; : null
    }, {
      &quot;html&quot; : &quot;&lt;img src=\&quot;/assets/demo-sites/mars/images/calendar.png\&quot; alt=\&quot;...\&quot; title=\&quot;...\&quot;&gt;&quot;,
      &quot;target&quot; : [ &quot;.departure-date &gt; .ui-datepicker-trigger:nth-child(3) &gt; img[alt=\&quot;...\&quot;][title=\&quot;...\&quot;]&quot; ],
      &quot;impact&quot; : null,
      &quot;any&quot; : [ ],
      &quot;all&quot; : [ ],
      &quot;none&quot; : [ {
        &quot;id&quot; : &quot;duplicate-img-label&quot;,
        &quot;impact&quot; : &quot;minor&quot;,
        &quot;message&quot; : &quot;Element does not duplicate existing text in &lt;img&gt; alt text&quot;,
        &quot;data&quot; : null,
        &quot;relatedNodes&quot; : [ ]
      } ],
      &quot;failureSummary&quot; : null
    }, {
      &quot;html&quot; : &quot;&lt;img src=\&quot;../images/f.gif\&quot; alt=\&quot;\&quot; style=\&quot;position: absolute; height: 1px; width: 1px; top: -9999px; left: -9999px;\&quot;&gt;&quot;,
      &quot;target&quot; : [ &quot;.twitter-follow-button&quot;, &quot;img[src=\&quot;../images/f.gif\&quot;]&quot; ],
      &quot;impact&quot; : null,
      &quot;any&quot; : [ ],
      &quot;all&quot; : [ ],
      &quot;none&quot; : [ {
        &quot;id&quot; : &quot;duplicate-img-label&quot;,
        &quot;impact&quot; : &quot;minor&quot;,
        &quot;message&quot; : &quot;Element does not duplicate existing text in &lt;img&gt; alt text&quot;,
        &quot;data&quot; : null,
        &quot;relatedNodes&quot; : [ ]
      } ],
      &quot;failureSummary&quot; : null
    }, {
      &quot;html&quot; : &quot;&lt;img src=\&quot;jot\&quot; alt=\&quot;\&quot; style=\&quot;position: absolute; height: 1px; width: 1px; top: -9999px; left: -9999px;\&quot;&gt;&quot;,
      &quot;target&quot; : [ &quot;.twitter-follow-button&quot;, &quot;img[src$=\&quot;jot\&quot;]&quot; ],
      &quot;impact&quot; : null,
      &quot;any&quot; : [ ],
      &quot;all&quot; : [ ],
      &quot;none&quot; : [ {
        &quot;id&quot; : &quot;duplicate-img-label&quot;,
        &quot;impact&quot; : &quot;minor&quot;,
        &quot;message&quot; : &quot;Element does not duplicate existing text in &lt;img&gt; alt text&quot;,
        &quot;data&quot; : null,
        &quot;relatedNodes&quot; : [ ]
      } ],
      &quot;failureSummary&quot; : null
    }, {
      &quot;html&quot; : &quot;&lt;img src=\&quot;/assets/demo-sites/mars/images/gplus-32.png\&quot; alt=\&quot;Google+\&quot; style=\&quot;border:0;width:32px;height:32px;\&quot;&gt;&quot;,
      &quot;target&quot; : [ &quot;img[alt=\&quot;Google+\&quot;]&quot; ],
      &quot;impact&quot; : null,
      &quot;any&quot; : [ ],
      &quot;all&quot; : [ ],
      &quot;none&quot; : [ {
        &quot;id&quot; : &quot;duplicate-img-label&quot;,
        &quot;impact&quot; : &quot;minor&quot;,
        &quot;message&quot; : &quot;Element does not duplicate existing text in &lt;img&gt; alt text&quot;,
        &quot;data&quot; : null,
        &quot;relatedNodes&quot; : [ ]
      } ],
      &quot;failureSummary&quot; : null
    } ],
    &quot;url&quot; : null,
    &quot;createdDate&quot; : null
  }, {
    &quot;id&quot; : &quot;input-button-name&quot;,
    &quot;description&quot; : &quot;Ensures input buttons have discernible text&quot;,
    &quot;help&quot; : &quot;Input buttons must have discernible text&quot;,
    &quot;helpUrl&quot; : &quot;https://dequeuniversity.com/rules/axe/4.6/input-button-name?application=axeAPI&quot;,
    &quot;impact&quot; : &quot;&quot;,
    &quot;tags&quot; : [ &quot;cat.name-role-value&quot;, &quot;wcag2a&quot;, &quot;wcag412&quot;, &quot;section508&quot;, &quot;section508.22.a&quot;, &quot;ACT&quot; ],
    &quot;nodes&quot; : [ {
      &quot;html&quot; : &quot;&lt;input type=\&quot;submit\&quot; class=\&quot;control-search\&quot;&gt;&quot;,
      &quot;target&quot; : [ &quot;.loginnow &gt; .container-fluid-full &gt; .container &gt; .span5.pull-left.left-first &gt; .pull-left:nth-child(2) &gt; form[method=\&quot;get\&quot;][action=\&quot;/demo/mars/mars2\&quot;] &gt; .control-search[type=\&quot;submit\&quot;]&quot; ],
      &quot;impact&quot; : null,
      &quot;any&quot; : [ {
        &quot;id&quot; : &quot;non-empty-if-present&quot;,
        &quot;impact&quot; : &quot;critical&quot;,
        &quot;message&quot; : &quot;Element does not have a value attribute&quot;,
        &quot;data&quot; : null,
        &quot;relatedNodes&quot; : [ ]
      } ],
      &quot;all&quot; : [ ],
      &quot;none&quot; : [ ],
      &quot;failureSummary&quot; : null
    }, {
      &quot;html&quot; : &quot;&lt;input id=\&quot;fs-submit\&quot; type=\&quot;submit\&quot; class=\&quot;btn btn-large submit-form\&quot; value=\&quot;Search\&quot;&gt;&quot;,
      &quot;target&quot; : [ &quot;#fs-submit&quot; ],
      &quot;impact&quot; : null,
      &quot;any&quot; : [ {
        &quot;id&quot; : &quot;non-empty-value&quot;,
        &quot;impact&quot; : &quot;critical&quot;,
        &quot;message&quot; : &quot;Element has a non-empty value attribute&quot;,
        &quot;data&quot; : null,
        &quot;relatedNodes&quot; : [ ]
      } ],
      &quot;all&quot; : [ ],
      &quot;none&quot; : [ ],
      &quot;failureSummary&quot; : null
    } ],
    &quot;url&quot; : null,
    &quot;createdDate&quot; : null
  }, {
    &quot;id&quot; : &quot;label-title-only&quot;,
    &quot;description&quot; : &quot;Ensures that every form element has a visible label and is not solely labeled using hidden labels, or the title or aria-describedby attributes&quot;,
    &quot;help&quot; : &quot;Form elements should have a visible label&quot;,
    &quot;helpUrl&quot; : &quot;https://dequeuniversity.com/rules/axe/4.6/label-title-only?application=axeAPI&quot;,
    &quot;impact&quot; : &quot;&quot;,
    &quot;tags&quot; : [ &quot;cat.forms&quot;, &quot;best-practice&quot; ],
    &quot;nodes&quot; : [ {
      &quot;html&quot; : &quot;&lt;input type=\&quot;text\&quot; class=\&quot;search\&quot; name=\&quot;query\&quot; placeholder=\&quot;search\&quot;&gt;&quot;,
      &quot;target&quot; : [ &quot;.loginnow &gt; .container-fluid-full &gt; .container &gt; .span5.pull-left.left-first &gt; .pull-left:nth-child(2) &gt; form[method=\&quot;get\&quot;][action=\&quot;/demo/mars/mars2\&quot;] &gt; .search[name=\&quot;query\&quot;][placeholder=\&quot;search\&quot;]&quot; ],
      &quot;impact&quot; : null,
      &quot;any&quot; : [ ],
      &quot;all&quot; : [ ],
      &quot;none&quot; : [ {
        &quot;id&quot; : &quot;title-only&quot;,
        &quot;impact&quot; : &quot;serious&quot;,
        &quot;message&quot; : &quot;Form element does not solely use title attribute for its label&quot;,
        &quot;data&quot; : null,
        &quot;relatedNodes&quot; : [ ]
      } ],
      &quot;failureSummary&quot; : null
    }, {
      &quot;html&quot; : &quot;&lt;input type=\&quot;radio\&quot; name=\&quot;widget-type\&quot; id=\&quot;widget-controls-fares\&quot; value=\&quot;0\&quot; checked=\&quot;checked\&quot;&gt;&quot;,
      &quot;target&quot; : [ &quot;#widget-controls-fares&quot; ],
      &quot;impact&quot; : null,
      &quot;any&quot; : [ ],
      &quot;all&quot; : [ ],
      &quot;none&quot; : [ {
        &quot;id&quot; : &quot;title-only&quot;,
        &quot;impact&quot; : &quot;serious&quot;,
        &quot;message&quot; : &quot;Form element does not solely use title attribute for its label&quot;,
        &quot;data&quot; : null,
        &quot;relatedNodes&quot; : [ ]
      } ],
      &quot;failureSummary&quot; : null
    }, {
      &quot;html&quot; : &quot;&lt;input type=\&quot;radio\&quot; name=\&quot;widget-type\&quot; id=\&quot;widget-controls-passes\&quot; value=\&quot;1\&quot;&gt;&quot;,
      &quot;target&quot; : [ &quot;#widget-controls-passes&quot; ],
      &quot;impact&quot; : null,
      &quot;any&quot; : [ ],
      &quot;all&quot; : [ ],
      &quot;none&quot; : [ {
        &quot;id&quot; : &quot;title-only&quot;,
        &quot;impact&quot; : &quot;serious&quot;,
        &quot;message&quot; : &quot;Form element does not solely use title attribute for its label&quot;,
        &quot;data&quot; : null,
        &quot;relatedNodes&quot; : [ ]
      } ],
      &quot;failureSummary&quot; : null
    }, {
      &quot;html&quot; : &quot;&lt;input type=\&quot;radio\&quot; name=\&quot;widget-type\&quot; id=\&quot;widget-controls-reservations\&quot; value=\&quot;2\&quot;&gt;&quot;,
      &quot;target&quot; : [ &quot;#widget-controls-reservations&quot; ],
      &quot;impact&quot; : null,
      &quot;any&quot; : [ ],
      &quot;all&quot; : [ ],
      &quot;none&quot; : [ {
        &quot;id&quot; : &quot;title-only&quot;,
        &quot;impact&quot; : &quot;serious&quot;,
        &quot;message&quot; : &quot;Form element does not solely use title attribute for its label&quot;,
        &quot;data&quot; : null,
        &quot;relatedNodes&quot; : [ ]
      } ],
      &quot;failureSummary&quot; : null
    }, {
      &quot;html&quot; : &quot;&lt;input type=\&quot;radio\&quot; name=\&quot;widget-type\&quot; id=\&quot;widget-controls-activities\&quot; value=\&quot;4\&quot;&gt;&quot;,
      &quot;target&quot; : [ &quot;#widget-controls-activities&quot; ],
      &quot;impact&quot; : null,
      &quot;any&quot; : [ ],
      &quot;all&quot; : [ ],
      &quot;none&quot; : [ {
        &quot;id&quot; : &quot;title-only&quot;,
        &quot;impact&quot; : &quot;serious&quot;,
        &quot;message&quot; : &quot;Form element does not solely use title attribute for its label&quot;,
        &quot;data&quot; : null,
        &quot;relatedNodes&quot; : [ ]
      } ],
      &quot;failureSummary&quot; : null
    }, {
      &quot;html&quot; : &quot;&lt;input type=\&quot;radio\&quot; name=\&quot;widget-type\&quot; id=\&quot;widget-controls-hotels\&quot; value=\&quot;3\&quot;&gt;&quot;,
      &quot;target&quot; : [ &quot;#widget-controls-hotels&quot; ],
      &quot;impact&quot; : null,
      &quot;any&quot; : [ ],
      &quot;all&quot; : [ ],
      &quot;none&quot; : [ {
        &quot;id&quot; : &quot;title-only&quot;,
        &quot;impact&quot; : &quot;serious&quot;,
        &quot;message&quot; : &quot;Form element does not solely use title attribute for its label&quot;,
        &quot;data&quot; : null,
        &quot;relatedNodes&quot; : [ ]
      } ],
      &quot;failureSummary&quot; : null
    }, {
      &quot;html&quot; : &quot;&lt;input type=\&quot;radio\&quot; name=\&quot;route-type\&quot; id=\&quot;route-type-one-way\&quot; value=\&quot;0\&quot; checked=\&quot;checked\&quot;&gt;&quot;,
      &quot;target&quot; : [ &quot;#route-type-one-way&quot; ],
      &quot;impact&quot; : null,
      &quot;any&quot; : [ ],
      &quot;all&quot; : [ ],
      &quot;none&quot; : [ {
        &quot;id&quot; : &quot;title-only&quot;,
        &quot;impact&quot; : &quot;serious&quot;,
        &quot;message&quot; : &quot;Form element does not solely use title attribute for its label&quot;,
        &quot;data&quot; : null,
        &quot;relatedNodes&quot; : [ ]
      } ],
      &quot;failureSummary&quot; : null
    }, {
      &quot;html&quot; : &quot;&lt;input type=\&quot;radio\&quot; name=\&quot;route-type\&quot; id=\&quot;route-type-round-trip\&quot; value=\&quot;1\&quot;&gt;&quot;,
      &quot;target&quot; : [ &quot;#route-type-round-trip&quot; ],
      &quot;impact&quot; : null,
      &quot;any&quot; : [ ],
      &quot;all&quot; : [ ],
      &quot;none&quot; : [ {
        &quot;id&quot; : &quot;title-only&quot;,
        &quot;impact&quot; : &quot;serious&quot;,
        &quot;message&quot; : &quot;Form element does not solely use title attribute for its label&quot;,
        &quot;data&quot; : null,
        &quot;relatedNodes&quot; : [ ]
      } ],
      &quot;failureSummary&quot; : null
    }, {
      &quot;html&quot; : &quot;&lt;input type=\&quot;radio\&quot; name=\&quot;route-type\&quot; id=\&quot;route-type-multi-city\&quot; value=\&quot;2\&quot;&gt;&quot;,
      &quot;target&quot; : [ &quot;#route-type-multi-city&quot; ],
      &quot;impact&quot; : null,
      &quot;any&quot; : [ ],
      &quot;all&quot; : [ ],
      &quot;none&quot; : [ {
        &quot;id&quot; : &quot;title-only&quot;,
        &quot;impact&quot; : &quot;serious&quot;,
        &quot;message&quot; : &quot;Form element does not solely use title attribute for its label&quot;,
        &quot;data&quot; : null,
        &quot;relatedNodes&quot; : [ ]
      } ],
      &quot;failureSummary&quot; : null
    }, {
      &quot;html&quot; : &quot;&lt;input type=\&quot;text\&quot; value=\&quot;\&quot; class=\&quot;city-input ac_input ui-autocomplete-input\&quot; autocomplete=\&quot;off\&quot; id=\&quot;from0\&quot; name=\&quot;from0\&quot; tabindex=\&quot;1\&quot; role=\&quot;textbox\&quot; aria-autocomplete=\&quot;list\&quot; aria-haspopup=\&quot;true\&quot;&gt;&quot;,
      &quot;target&quot; : [ &quot;#from0&quot; ],
      &quot;impact&quot; : null,
      &quot;any&quot; : [ ],
      &quot;all&quot; : [ ],
      &quot;none&quot; : [ {
        &quot;id&quot; : &quot;title-only&quot;,
        &quot;impact&quot; : &quot;serious&quot;,
        &quot;message&quot; : &quot;Form element does not solely use title attribute for its label&quot;,
        &quot;data&quot; : null,
        &quot;relatedNodes&quot; : [ ]
      } ],
      &quot;failureSummary&quot; : null
    }, {
      &quot;html&quot; : &quot;&lt;input type=\&quot;text\&quot; value=\&quot;\&quot; class=\&quot;city-input ac_input ui-autocomplete-input\&quot; autocomplete=\&quot;off\&quot; id=\&quot;to0\&quot; name=\&quot;to0\&quot; tabindex=\&quot;1\&quot; role=\&quot;textbox\&quot; aria-autocomplete=\&quot;list\&quot; aria-haspopup=\&quot;true\&quot;&gt;&quot;,
      &quot;target&quot; : [ &quot;#to0&quot; ],
      &quot;impact&quot; : null,
      &quot;any&quot; : [ ],
      &quot;all&quot; : [ ],
      &quot;none&quot; : [ {
        &quot;id&quot; : &quot;title-only&quot;,
        &quot;impact&quot; : &quot;serious&quot;,
        &quot;message&quot; : &quot;Form element does not solely use title attribute for its label&quot;,
        &quot;data&quot; : null,
        &quot;relatedNodes&quot; : [ ]
      } ],
      &quot;failureSummary&quot; : null
    }, {
      &quot;html&quot; : &quot;&lt;input size=\&quot;10\&quot; id=\&quot;deptDate0\&quot; name=\&quot;deptDate0\&quot; placeholder=\&quot;mm/dd/yyyy\&quot; value=\&quot;\&quot; tabindex=\&quot;3\&quot; class=\&quot;hasDatepicker input-dept\&quot;&gt;&quot;,
      &quot;target&quot; : [ &quot;#deptDate0&quot; ],
      &quot;impact&quot; : null,
      &quot;any&quot; : [ ],
      &quot;all&quot; : [ ],
      &quot;none&quot; : [ {
        &quot;id&quot; : &quot;title-only&quot;,
        &quot;impact&quot; : &quot;serious&quot;,
        &quot;message&quot; : &quot;Form element does not solely use title attribute for its label&quot;,
        &quot;data&quot; : null,
        &quot;relatedNodes&quot; : [ ]
      } ],
      &quot;failureSummary&quot; : null
    }, {
      &quot;html&quot; : &quot;&lt;select name=\&quot;time0\&quot; id=\&quot;time0\&quot; class=\&quot;select-time\&quot; tabindex=\&quot;4\&quot;&gt;&quot;,
      &quot;target&quot; : [ &quot;#time0&quot; ],
      &quot;impact&quot; : null,
      &quot;any&quot; : [ ],
      &quot;all&quot; : [ ],
      &quot;none&quot; : [ {
        &quot;id&quot; : &quot;title-only&quot;,
        &quot;impact&quot; : &quot;serious&quot;,
        &quot;message&quot; : &quot;Form element does not solely use title attribute for its label&quot;,
        &quot;data&quot; : null,
        &quot;relatedNodes&quot; : [ ]
      } ],
      &quot;failureSummary&quot; : null
    }, {
      &quot;html&quot; : &quot;&lt;input type=\&quot;radio\&quot; name=\&quot;pass-question-radio\&quot; id=\&quot;pass-question-yes\&quot; value=\&quot;0\&quot;&gt;&quot;,
      &quot;target&quot; : [ &quot;#pass-question-yes&quot; ],
      &quot;impact&quot; : null,
      &quot;any&quot; : [ ],
      &quot;all&quot; : [ ],
      &quot;none&quot; : [ {
        &quot;id&quot; : &quot;title-only&quot;,
        &quot;impact&quot; : &quot;serious&quot;,
        &quot;message&quot; : &quot;Form element does not solely use title attribute for its label&quot;,
        &quot;data&quot; : null,
        &quot;relatedNodes&quot; : [ ]
      } ],
      &quot;failureSummary&quot; : null
    }, {
      &quot;html&quot; : &quot;&lt;input type=\&quot;radio\&quot; name=\&quot;pass-question-radio\&quot; id=\&quot;pass-question-no\&quot; value=\&quot;1\&quot; checked=\&quot;checked\&quot;&gt;&quot;,
      &quot;target&quot; : [ &quot;#pass-question-no&quot; ],
      &quot;impact&quot; : null,
      &quot;any&quot; : [ ],
      &quot;all&quot; : [ ],
      &quot;none&quot; : [ {
        &quot;id&quot; : &quot;title-only&quot;,
        &quot;impact&quot; : &quot;serious&quot;,
        &quot;message&quot; : &quot;Form element does not solely use title attribute for its label&quot;,
        &quot;data&quot; : null,
        &quot;relatedNodes&quot; : [ ]
      } ],
      &quot;failureSummary&quot; : null
    }, {
      &quot;html&quot; : &quot;&lt;select id=\&quot;traveler0\&quot; class=\&quot;traveler-type\&quot;&gt;\n&lt;option value=\&quot;0\&quot;&gt;Adult (26+)&lt;/option&gt;\n&lt;option value=\&quot;1\&quot;&gt;Youth (12-25)&lt;/option&gt;\n&lt;option value=\&quot;2\&quot;&gt;Child (4-11)&lt;/option&gt;\n&lt;option value=\&quot;3\&quot;&gt;Senior (60+)&lt;/option&gt;\n&lt;/select&gt;&quot;,
      &quot;target&quot; : [ &quot;#passenger0 &gt; .age-range.wrapper &gt; .traveler-type&quot; ],
      &quot;impact&quot; : null,
      &quot;any&quot; : [ ],
      &quot;all&quot; : [ ],
      &quot;none&quot; : [ {
        &quot;id&quot; : &quot;title-only&quot;,
        &quot;impact&quot; : &quot;serious&quot;,
        &quot;message&quot; : &quot;Form element does not solely use title attribute for its label&quot;,
        &quot;data&quot; : null,
        &quot;relatedNodes&quot; : [ ]
      } ],
      &quot;failureSummary&quot; : null
    } ],
    &quot;url&quot; : null,
    &quot;createdDate&quot; : null
  }, {
    &quot;id&quot; : &quot;label&quot;,
    &quot;description&quot; : &quot;Ensures every form element has a label&quot;,
    &quot;help&quot; : &quot;Form elements must have labels&quot;,
    &quot;helpUrl&quot; : &quot;https://dequeuniversity.com/rules/axe/4.6/label?application=axeAPI&quot;,
    &quot;impact&quot; : &quot;&quot;,
    &quot;tags&quot; : [ &quot;cat.forms&quot;, &quot;wcag2a&quot;, &quot;wcag412&quot;, &quot;section508&quot;, &quot;section508.22.n&quot;, &quot;ACT&quot; ],
    &quot;nodes&quot; : [ {
      &quot;html&quot; : &quot;&lt;input type=\&quot;text\&quot; class=\&quot;search\&quot; name=\&quot;query\&quot; placeholder=\&quot;search\&quot;&gt;&quot;,
      &quot;target&quot; : [ &quot;.loginnow &gt; .container-fluid-full &gt; .container &gt; .span5.pull-left.left-first &gt; .pull-left:nth-child(2) &gt; form[method=\&quot;get\&quot;][action=\&quot;/demo/mars/mars2\&quot;] &gt; .search[name=\&quot;query\&quot;][placeholder=\&quot;search\&quot;]&quot; ],
      &quot;impact&quot; : null,
      &quot;any&quot; : [ {
        &quot;id&quot; : &quot;non-empty-placeholder&quot;,
        &quot;impact&quot; : &quot;serious&quot;,
        &quot;message&quot; : &quot;Element has a placeholder attribute&quot;,
        &quot;data&quot; : null,
        &quot;relatedNodes&quot; : [ ]
      } ],
      &quot;all&quot; : [ ],
      &quot;none&quot; : [ {
        &quot;id&quot; : &quot;hidden-explicit-label&quot;,
        &quot;impact&quot; : &quot;critical&quot;,
        &quot;message&quot; : &quot;Form element has a visible explicit &lt;label&gt;&quot;,
        &quot;data&quot; : null,
        &quot;relatedNodes&quot; : [ ]
      } ],
      &quot;failureSummary&quot; : null
    }, {
      &quot;html&quot; : &quot;&lt;input type=\&quot;radio\&quot; name=\&quot;widget-type\&quot; id=\&quot;widget-controls-fares\&quot; value=\&quot;0\&quot; checked=\&quot;checked\&quot;&gt;&quot;,
      &quot;target&quot; : [ &quot;#widget-controls-fares&quot; ],
      &quot;impact&quot; : null,
      &quot;any&quot; : [ {
        &quot;id&quot; : &quot;explicit-label&quot;,
        &quot;impact&quot; : &quot;critical&quot;,
        &quot;message&quot; : &quot;Form element has an explicit &lt;label&gt;&quot;,
        &quot;data&quot; : {
          &quot;explicitLabel&quot; : &quot;Find Fares &amp; Schedules&quot;
        },
        &quot;relatedNodes&quot; : [ {
          &quot;html&quot; : &quot;&lt;label id=\&quot;widget-controls-fares-label\&quot; for=\&quot;widget-controls-fares\&quot; class=\&quot;selected\&quot;&gt;Find Fares &amp;amp; Schedules&lt;/label&gt;&quot;,
          &quot;target&quot; : [ &quot;#widget-controls-fares-label&quot; ]
        } ]
      } ],
      &quot;all&quot; : [ ],
      &quot;none&quot; : [ {
        &quot;id&quot; : &quot;hidden-explicit-label&quot;,
        &quot;impact&quot; : &quot;critical&quot;,
        &quot;message&quot; : &quot;Form element has a visible explicit &lt;label&gt;&quot;,
        &quot;data&quot; : null,
        &quot;relatedNodes&quot; : [ ]
      } ],
      &quot;failureSummary&quot; : null
    }, {
      &quot;html&quot; : &quot;&lt;input type=\&quot;radio\&quot; name=\&quot;widget-type\&quot; id=\&quot;widget-controls-passes\&quot; value=\&quot;1\&quot;&gt;&quot;,
      &quot;target&quot; : [ &quot;#widget-controls-passes&quot; ],
      &quot;impact&quot; : null,
      &quot;any&quot; : [ {
        &quot;id&quot; : &quot;explicit-label&quot;,
        &quot;impact&quot; : &quot;critical&quot;,
        &quot;message&quot; : &quot;Form element has an explicit &lt;label&gt;&quot;,
        &quot;data&quot; : {
          &quot;explicitLabel&quot; : &quot;MarsCommuter Passes&quot;
        },
        &quot;relatedNodes&quot; : [ {
          &quot;html&quot; : &quot;&lt;label id=\&quot;widget-controls-passes-label\&quot; for=\&quot;widget-controls-passes\&quot;&gt;MarsCommuter Passes&lt;/label&gt;&quot;,
          &quot;target&quot; : [ &quot;#widget-controls-passes-label&quot; ]
        } ]
      } ],
      &quot;all&quot; : [ ],
      &quot;none&quot; : [ {
        &quot;id&quot; : &quot;hidden-explicit-label&quot;,
        &quot;impact&quot; : &quot;critical&quot;,
        &quot;message&quot; : &quot;Form element has a visible explicit &lt;label&gt;&quot;,
        &quot;data&quot; : null,
        &quot;relatedNodes&quot; : [ ]
      } ],
      &quot;failureSummary&quot; : null
    }, {
      &quot;html&quot; : &quot;&lt;input type=\&quot;radio\&quot; name=\&quot;widget-type\&quot; id=\&quot;widget-controls-reservations\&quot; value=\&quot;2\&quot;&gt;&quot;,
      &quot;target&quot; : [ &quot;#widget-controls-reservations&quot; ],
      &quot;impact&quot; : null,
      &quot;any&quot; : [ {
        &quot;id&quot; : &quot;explicit-label&quot;,
        &quot;impact&quot; : &quot;critical&quot;,
        &quot;message&quot; : &quot;Form element has an explicit &lt;label&gt;&quot;,
        &quot;data&quot; : {
          &quot;explicitLabel&quot; : &quot;MarsCommuter Reservations&quot;
        },
        &quot;relatedNodes&quot; : [ {
          &quot;html&quot; : &quot;&lt;label id=\&quot;widget-controls-reservations-label\&quot; for=\&quot;widget-controls-reservations\&quot;&gt;MarsCommuter Reservations&lt;/label&gt;&quot;,
          &quot;target&quot; : [ &quot;#widget-controls-reservations-label&quot; ]
        } ]
      } ],
      &quot;all&quot; : [ ],
      &quot;none&quot; : [ {
        &quot;id&quot; : &quot;hidden-explicit-label&quot;,
        &quot;impact&quot; : &quot;critical&quot;,
        &quot;message&quot; : &quot;Form element has a visible explicit &lt;label&gt;&quot;,
        &quot;data&quot; : null,
        &quot;relatedNodes&quot; : [ ]
      } ],
      &quot;failureSummary&quot; : null
    }, {
      &quot;html&quot; : &quot;&lt;input type=\&quot;radio\&quot; name=\&quot;widget-type\&quot; id=\&quot;widget-controls-activities\&quot; value=\&quot;4\&quot;&gt;&quot;,
      &quot;target&quot; : [ &quot;#widget-controls-activities&quot; ],
      &quot;impact&quot; : null,
      &quot;any&quot; : [ {
        &quot;id&quot; : &quot;explicit-label&quot;,
        &quot;impact&quot; : &quot;critical&quot;,
        &quot;message&quot; : &quot;Form element has an explicit &lt;label&gt;&quot;,
        &quot;data&quot; : {
          &quot;explicitLabel&quot; : &quot;Find Activities&quot;
        },
        &quot;relatedNodes&quot; : [ {
          &quot;html&quot; : &quot;&lt;label id=\&quot;widget-controls-activities-label\&quot; for=\&quot;widget-controls-activities\&quot;&gt;Find Activities&lt;/label&gt;&quot;,
          &quot;target&quot; : [ &quot;#widget-controls-activities-label&quot; ]
        } ]
      } ],
      &quot;all&quot; : [ ],
      &quot;none&quot; : [ {
        &quot;id&quot; : &quot;hidden-explicit-label&quot;,
        &quot;impact&quot; : &quot;critical&quot;,
        &quot;message&quot; : &quot;Form element has a visible explicit &lt;label&gt;&quot;,
        &quot;data&quot; : null,
        &quot;relatedNodes&quot; : [ ]
      } ],
      &quot;failureSummary&quot; : null
    }, {
      &quot;html&quot; : &quot;&lt;input type=\&quot;radio\&quot; name=\&quot;widget-type\&quot; id=\&quot;widget-controls-hotels\&quot; value=\&quot;3\&quot;&gt;&quot;,
      &quot;target&quot; : [ &quot;#widget-controls-hotels&quot; ],
      &quot;impact&quot; : null,
      &quot;any&quot; : [ {
        &quot;id&quot; : &quot;explicit-label&quot;,
        &quot;impact&quot; : &quot;critical&quot;,
        &quot;message&quot; : &quot;Form element has an explicit &lt;label&gt;&quot;,
        &quot;data&quot; : {
          &quot;explicitLabel&quot; : &quot;Book a Hotel&quot;
        },
        &quot;relatedNodes&quot; : [ {
          &quot;html&quot; : &quot;&lt;label id=\&quot;widget-controls-hotels-label\&quot; for=\&quot;widget-controls-hotels\&quot;&gt;Book a Hotel&lt;/label&gt;&quot;,
          &quot;target&quot; : [ &quot;#widget-controls-hotels-label&quot; ]
        } ]
      } ],
      &quot;all&quot; : [ ],
      &quot;none&quot; : [ {
        &quot;id&quot; : &quot;hidden-explicit-label&quot;,
        &quot;impact&quot; : &quot;critical&quot;,
        &quot;message&quot; : &quot;Form element has a visible explicit &lt;label&gt;&quot;,
        &quot;data&quot; : null,
        &quot;relatedNodes&quot; : [ ]
      } ],
      &quot;failureSummary&quot; : null
    }, {
      &quot;html&quot; : &quot;&lt;input type=\&quot;radio\&quot; name=\&quot;route-type\&quot; id=\&quot;route-type-one-way\&quot; value=\&quot;0\&quot; checked=\&quot;checked\&quot;&gt;&quot;,
      &quot;target&quot; : [ &quot;#route-type-one-way&quot; ],
      &quot;impact&quot; : null,
      &quot;any&quot; : [ {
        &quot;id&quot; : &quot;explicit-label&quot;,
        &quot;impact&quot; : &quot;critical&quot;,
        &quot;message&quot; : &quot;Form element has an explicit &lt;label&gt;&quot;,
        &quot;data&quot; : {
          &quot;explicitLabel&quot; : &quot;One-Way&quot;
        },
        &quot;relatedNodes&quot; : [ {
          &quot;html&quot; : &quot;&lt;label for=\&quot;route-type-one-way\&quot; class=\&quot;selected\&quot;&gt;One-Way&lt;/label&gt;&quot;,
          &quot;target&quot; : [ &quot;label[for=\&quot;route-type-one-way\&quot;]&quot; ]
        } ]
      } ],
      &quot;all&quot; : [ ],
      &quot;none&quot; : [ {
        &quot;id&quot; : &quot;hidden-explicit-label&quot;,
        &quot;impact&quot; : &quot;critical&quot;,
        &quot;message&quot; : &quot;Form element has a visible explicit &lt;label&gt;&quot;,
        &quot;data&quot; : null,
        &quot;relatedNodes&quot; : [ ]
      } ],
      &quot;failureSummary&quot; : null
    }, {
      &quot;html&quot; : &quot;&lt;input type=\&quot;radio\&quot; name=\&quot;route-type\&quot; id=\&quot;route-type-round-trip\&quot; value=\&quot;1\&quot;&gt;&quot;,
      &quot;target&quot; : [ &quot;#route-type-round-trip&quot; ],
      &quot;impact&quot; : null,
      &quot;any&quot; : [ {
        &quot;id&quot; : &quot;explicit-label&quot;,
        &quot;impact&quot; : &quot;critical&quot;,
        &quot;message&quot; : &quot;Form element has an explicit &lt;label&gt;&quot;,
        &quot;data&quot; : {
          &quot;explicitLabel&quot; : &quot;Round-Trip&quot;
        },
        &quot;relatedNodes&quot; : [ {
          &quot;html&quot; : &quot;&lt;label for=\&quot;route-type-round-trip\&quot;&gt;Round-Trip&lt;/label&gt;&quot;,
          &quot;target&quot; : [ &quot;label[for=\&quot;route-type-round-trip\&quot;]&quot; ]
        } ]
      } ],
      &quot;all&quot; : [ ],
      &quot;none&quot; : [ {
        &quot;id&quot; : &quot;hidden-explicit-label&quot;,
        &quot;impact&quot; : &quot;critical&quot;,
        &quot;message&quot; : &quot;Form element has a visible explicit &lt;label&gt;&quot;,
        &quot;data&quot; : null,
        &quot;relatedNodes&quot; : [ ]
      } ],
      &quot;failureSummary&quot; : null
    }, {
      &quot;html&quot; : &quot;&lt;input type=\&quot;radio\&quot; name=\&quot;route-type\&quot; id=\&quot;route-type-multi-city\&quot; value=\&quot;2\&quot;&gt;&quot;,
      &quot;target&quot; : [ &quot;#route-type-multi-city&quot; ],
      &quot;impact&quot; : null,
      &quot;any&quot; : [ {
        &quot;id&quot; : &quot;explicit-label&quot;,
        &quot;impact&quot; : &quot;critical&quot;,
        &quot;message&quot; : &quot;Form element has an explicit &lt;label&gt;&quot;,
        &quot;data&quot; : {
          &quot;explicitLabel&quot; : &quot;Multi-Planet&quot;
        },
        &quot;relatedNodes&quot; : [ {
          &quot;html&quot; : &quot;&lt;label for=\&quot;route-type-multi-city\&quot;&gt;Multi-Planet&lt;/label&gt;&quot;,
          &quot;target&quot; : [ &quot;label[for=\&quot;route-type-multi-city\&quot;]&quot; ]
        } ]
      } ],
      &quot;all&quot; : [ ],
      &quot;none&quot; : [ {
        &quot;id&quot; : &quot;hidden-explicit-label&quot;,
        &quot;impact&quot; : &quot;critical&quot;,
        &quot;message&quot; : &quot;Form element has a visible explicit &lt;label&gt;&quot;,
        &quot;data&quot; : null,
        &quot;relatedNodes&quot; : [ ]
      } ],
      &quot;failureSummary&quot; : null
    }, {
      &quot;html&quot; : &quot;&lt;input type=\&quot;text\&quot; value=\&quot;\&quot; class=\&quot;city-input ac_input ui-autocomplete-input\&quot; autocomplete=\&quot;off\&quot; id=\&quot;from0\&quot; name=\&quot;from0\&quot; tabindex=\&quot;1\&quot; role=\&quot;textbox\&quot; aria-autocomplete=\&quot;list\&quot; aria-haspopup=\&quot;true\&quot;&gt;&quot;,
      &quot;target&quot; : [ &quot;#from0&quot; ],
      &quot;impact&quot; : null,
      &quot;any&quot; : [ {
        &quot;id&quot; : &quot;explicit-label&quot;,
        &quot;impact&quot; : &quot;critical&quot;,
        &quot;message&quot; : &quot;Form element has an explicit &lt;label&gt;&quot;,
        &quot;data&quot; : {
          &quot;explicitLabel&quot; : &quot;From:&quot;
        },
        &quot;relatedNodes&quot; : [ {
          &quot;html&quot; : &quot;&lt;label for=\&quot;from0\&quot;&gt;From:&lt;/label&gt;&quot;,
          &quot;target&quot; : [ &quot;label[for=\&quot;from0\&quot;]&quot; ]
        } ]
      } ],
      &quot;all&quot; : [ ],
      &quot;none&quot; : [ {
        &quot;id&quot; : &quot;hidden-explicit-label&quot;,
        &quot;impact&quot; : &quot;critical&quot;,
        &quot;message&quot; : &quot;Form element has a visible explicit &lt;label&gt;&quot;,
        &quot;data&quot; : null,
        &quot;relatedNodes&quot; : [ ]
      } ],
      &quot;failureSummary&quot; : null
    }, {
      &quot;html&quot; : &quot;&lt;input type=\&quot;text\&quot; value=\&quot;\&quot; class=\&quot;city-input ac_input ui-autocomplete-input\&quot; autocomplete=\&quot;off\&quot; id=\&quot;to0\&quot; name=\&quot;to0\&quot; tabindex=\&quot;1\&quot; role=\&quot;textbox\&quot; aria-autocomplete=\&quot;list\&quot; aria-haspopup=\&quot;true\&quot;&gt;&quot;,
      &quot;target&quot; : [ &quot;#to0&quot; ],
      &quot;impact&quot; : null,
      &quot;any&quot; : [ {
        &quot;id&quot; : &quot;explicit-label&quot;,
        &quot;impact&quot; : &quot;critical&quot;,
        &quot;message&quot; : &quot;Form element has an explicit &lt;label&gt;&quot;,
        &quot;data&quot; : {
          &quot;explicitLabel&quot; : &quot;To:&quot;
        },
        &quot;relatedNodes&quot; : [ {
          &quot;html&quot; : &quot;&lt;label for=\&quot;to0\&quot;&gt;To:&lt;/label&gt;&quot;,
          &quot;target&quot; : [ &quot;label[for=\&quot;to0\&quot;]&quot; ]
        } ]
      } ],
      &quot;all&quot; : [ ],
      &quot;none&quot; : [ {
        &quot;id&quot; : &quot;hidden-explicit-label&quot;,
        &quot;impact&quot; : &quot;critical&quot;,
        &quot;message&quot; : &quot;Form element has a visible explicit &lt;label&gt;&quot;,
        &quot;data&quot; : null,
        &quot;relatedNodes&quot; : [ ]
      } ],
      &quot;failureSummary&quot; : null
    }, {
      &quot;html&quot; : &quot;&lt;input size=\&quot;10\&quot; id=\&quot;deptDate0\&quot; name=\&quot;deptDate0\&quot; placeholder=\&quot;mm/dd/yyyy\&quot; value=\&quot;\&quot; tabindex=\&quot;3\&quot; class=\&quot;hasDatepicker input-dept\&quot;&gt;&quot;,
      &quot;target&quot; : [ &quot;#deptDate0&quot; ],
      &quot;impact&quot; : null,
      &quot;any&quot; : [ {
        &quot;id&quot; : &quot;explicit-label&quot;,
        &quot;impact&quot; : &quot;critical&quot;,
        &quot;message&quot; : &quot;Form element has an explicit &lt;label&gt;&quot;,
        &quot;data&quot; : {
          &quot;explicitLabel&quot; : &quot;Departure Date&quot;
        },
        &quot;relatedNodes&quot; : [ {
          &quot;html&quot; : &quot;&lt;label for=\&quot;deptDate0\&quot;&gt;Departure Date&lt;/label&gt;&quot;,
          &quot;target&quot; : [ &quot;label[for=\&quot;deptDate0\&quot;]&quot; ]
        } ]
      }, {
        &quot;id&quot; : &quot;non-empty-placeholder&quot;,
        &quot;impact&quot; : &quot;serious&quot;,
        &quot;message&quot; : &quot;Element has a placeholder attribute&quot;,
        &quot;data&quot; : null,
        &quot;relatedNodes&quot; : [ ]
      } ],
      &quot;all&quot; : [ ],
      &quot;none&quot; : [ {
        &quot;id&quot; : &quot;hidden-explicit-label&quot;,
        &quot;impact&quot; : &quot;critical&quot;,
        &quot;message&quot; : &quot;Form element has a visible explicit &lt;label&gt;&quot;,
        &quot;data&quot; : null,
        &quot;relatedNodes&quot; : [ ]
      } ],
      &quot;failureSummary&quot; : null
    }, {
      &quot;html&quot; : &quot;&lt;input type=\&quot;radio\&quot; name=\&quot;pass-question-radio\&quot; id=\&quot;pass-question-yes\&quot; value=\&quot;0\&quot;&gt;&quot;,
      &quot;target&quot; : [ &quot;#pass-question-yes&quot; ],
      &quot;impact&quot; : null,
      &quot;any&quot; : [ {
        &quot;id&quot; : &quot;explicit-label&quot;,
        &quot;impact&quot; : &quot;critical&quot;,
        &quot;message&quot; : &quot;Form element has an explicit &lt;label&gt;&quot;,
        &quot;data&quot; : {
          &quot;explicitLabel&quot; : &quot;Yes&quot;
        },
        &quot;relatedNodes&quot; : [ {
          &quot;html&quot; : &quot;&lt;label for=\&quot;pass-question-yes\&quot;&gt;Yes&lt;/label&gt;&quot;,
          &quot;target&quot; : [ &quot;label[for=\&quot;pass-question-yes\&quot;]&quot; ]
        } ]
      } ],
      &quot;all&quot; : [ ],
      &quot;none&quot; : [ {
        &quot;id&quot; : &quot;hidden-explicit-label&quot;,
        &quot;impact&quot; : &quot;critical&quot;,
        &quot;message&quot; : &quot;Form element has a visible explicit &lt;label&gt;&quot;,
        &quot;data&quot; : null,
        &quot;relatedNodes&quot; : [ ]
      } ],
      &quot;failureSummary&quot; : null
    }, {
      &quot;html&quot; : &quot;&lt;input type=\&quot;radio\&quot; name=\&quot;pass-question-radio\&quot; id=\&quot;pass-question-no\&quot; value=\&quot;1\&quot; checked=\&quot;checked\&quot;&gt;&quot;,
      &quot;target&quot; : [ &quot;#pass-question-no&quot; ],
      &quot;impact&quot; : null,
      &quot;any&quot; : [ {
        &quot;id&quot; : &quot;explicit-label&quot;,
        &quot;impact&quot; : &quot;critical&quot;,
        &quot;message&quot; : &quot;Form element has an explicit &lt;label&gt;&quot;,
        &quot;data&quot; : {
          &quot;explicitLabel&quot; : &quot;No&quot;
        },
        &quot;relatedNodes&quot; : [ {
          &quot;html&quot; : &quot;&lt;label for=\&quot;pass-question-no\&quot; class=\&quot;selected\&quot;&gt;No&lt;/label&gt;&quot;,
          &quot;target&quot; : [ &quot;label[for=\&quot;pass-question-no\&quot;]&quot; ]
        } ]
      } ],
      &quot;all&quot; : [ ],
      &quot;none&quot; : [ {
        &quot;id&quot; : &quot;hidden-explicit-label&quot;,
        &quot;impact&quot; : &quot;critical&quot;,
        &quot;message&quot; : &quot;Form element has a visible explicit &lt;label&gt;&quot;,
        &quot;data&quot; : null,
        &quot;relatedNodes&quot; : [ ]
      } ],
      &quot;failureSummary&quot; : null
    } ],
    &quot;url&quot; : null,
    &quot;createdDate&quot; : null
  }, {
    &quot;id&quot; : &quot;landmark-one-main&quot;,
    &quot;description&quot; : &quot;Ensures the document has a main landmark&quot;,
    &quot;help&quot; : &quot;Document should have one main landmark&quot;,
    &quot;helpUrl&quot; : &quot;https://dequeuniversity.com/rules/axe/4.6/landmark-one-main?application=axeAPI&quot;,
    &quot;impact&quot; : &quot;&quot;,
    &quot;tags&quot; : [ &quot;cat.semantics&quot;, &quot;best-practice&quot; ],
    &quot;nodes&quot; : [ {
      &quot;html&quot; : &quot;&lt;html class=\&quot; js no-flexbox flexbox-legacy canvas canvastext webgl no-touch geolocation postmessage websqldatabase indexeddb hashchange history draganddrop websockets rgba hsla multiplebgs backgroundsize borderimage borderradius boxshadow textshadow opacity cssanimations csscolumns cssgradients cssreflections csstransforms csstransforms3d csstransitions fontface generatedcontent video audio localstorage sessionstorage webworkers applicationcache svg inlinesvg smil svgclippaths js no-flexbox flexbox-legacy canvas canvastext webgl no-touch geolocation postmessage websqldatabase indexeddb hashchange history draganddrop websockets rgba hsla multiplebgs backgroundsize borderimage borderradius boxshadow textshadow opacity cssanimations csscolumns cssgradients cssreflections csstransforms csstransforms3d csstransitions fontface generatedcontent video audio localstorage sessionstorage webworkers no-applicationcache svg inlinesvg smil svgclippaths\&quot;&gt;&quot;,
      &quot;target&quot; : [ &quot;html&quot; ],
      &quot;impact&quot; : null,
      &quot;any&quot; : [ ],
      &quot;all&quot; : [ {
        &quot;id&quot; : &quot;page-has-main&quot;,
        &quot;impact&quot; : &quot;moderate&quot;,
        &quot;message&quot; : &quot;Document has at least one main landmark&quot;,
        &quot;data&quot; : null,
        &quot;relatedNodes&quot; : [ ]
      } ],
      &quot;none&quot; : [ ],
      &quot;failureSummary&quot; : null
    }, {
      &quot;html&quot; : &quot;&lt;html lang=\&quot;en\&quot; dir=\&quot;ltr\&quot; data-cast-api-enabled=\&quot;true\&quot;&gt;&quot;,
      &quot;target&quot; : [ &quot;#player&quot;, &quot;html&quot; ],
      &quot;impact&quot; : null,
      &quot;any&quot; : [ ],
      &quot;all&quot; : [ {
        &quot;id&quot; : &quot;page-has-main&quot;,
        &quot;impact&quot; : &quot;moderate&quot;,
        &quot;message&quot; : &quot;Document has at least one main landmark&quot;,
        &quot;data&quot; : null,
        &quot;relatedNodes&quot; : [ ]
      } ],
      &quot;none&quot; : [ ],
      &quot;failureSummary&quot; : null
    }, {
      &quot;html&quot; : &quot;&lt;html lang=\&quot;en\&quot; id=\&quot;facebook\&quot; class=\&quot;\&quot;&gt;&quot;,
      &quot;target&quot; : [ &quot;#fafbba78&quot;, &quot;#facebook&quot; ],
      &quot;impact&quot; : null,
      &quot;any&quot; : [ ],
      &quot;all&quot; : [ {
        &quot;id&quot; : &quot;page-has-main&quot;,
        &quot;impact&quot; : &quot;moderate&quot;,
        &quot;message&quot; : &quot;Document has at least one main landmark&quot;,
        &quot;data&quot; : null,
        &quot;relatedNodes&quot; : [ ]
      } ],
      &quot;none&quot; : [ ],
      &quot;failureSummary&quot; : null
    }, {
      &quot;html&quot; : &quot;&lt;html lang=\&quot;en\&quot; class=\&quot; xl en\&quot;&gt;&quot;,
      &quot;target&quot; : [ &quot;.twitter-follow-button&quot;, &quot;html&quot; ],
      &quot;impact&quot; : null,
      &quot;any&quot; : [ ],
      &quot;all&quot; : [ {
        &quot;id&quot; : &quot;page-has-main&quot;,
        &quot;impact&quot; : &quot;moderate&quot;,
        &quot;message&quot; : &quot;Document has at least one main landmark&quot;,
        &quot;data&quot; : null,
        &quot;relatedNodes&quot; : [ ]
      } ],
      &quot;none&quot; : [ ],
      &quot;failureSummary&quot; : null
    } ],
    &quot;url&quot; : null,
    &quot;createdDate&quot; : null
  }, {
    &quot;id&quot; : &quot;link-in-text-block&quot;,
    &quot;description&quot; : &quot;Ensure links are distinguished from surrounding text in a way that does not rely on color&quot;,
    &quot;help&quot; : &quot;Links must be distinguishable without relying on color&quot;,
    &quot;helpUrl&quot; : &quot;https://dequeuniversity.com/rules/axe/4.6/link-in-text-block?application=axeAPI&quot;,
    &quot;impact&quot; : &quot;serious&quot;,
    &quot;tags&quot; : [ &quot;cat.color&quot;, &quot;wcag2a&quot;, &quot;wcag141&quot; ],
    &quot;nodes&quot; : [ {
      &quot;html&quot; : &quot;&lt;a class=\&quot;link-arrow\&quot; href=\&quot;mars2.html?a=send_kids_to_mars\&quot;&gt;Send your kids to mars&lt;/a&gt;&quot;,
      &quot;target&quot; : [ &quot;li:nth-child(4) &gt; .deal-text &gt; p &gt; .link-arrow[href=\&quot;mars2.html?a=send_kids_to_mars\&quot;]&quot; ],
      &quot;impact&quot; : null,
      &quot;any&quot; : [ {
        &quot;id&quot; : &quot;link-in-text-block&quot;,
        &quot;impact&quot; : &quot;serious&quot;,
        &quot;message&quot; : &quot;Links can be distinguished from surrounding text in some way other than by color&quot;,
        &quot;data&quot; : null,
        &quot;relatedNodes&quot; : [ {
          &quot;html&quot; : &quot;&lt;p&gt;Book a first class one-way ticket for 5 kids, at the cost of 4! No parent or guardian required. Don&#039;t worry, they&#039;ll be fine... &lt;a class=\&quot;link-arrow\&quot; href=\&quot;mars2.html?a=send_kids_to_mars\&quot;&gt;Send your kids to mars&lt;/a&gt;&lt;/p&gt;&quot;,
          &quot;target&quot; : [ &quot;li:nth-child(4) &gt; .deal-text &gt; p&quot; ]
        } ]
      } ],
      &quot;all&quot; : [ ],
      &quot;none&quot; : [ ],
      &quot;failureSummary&quot; : null
    }, {
      &quot;html&quot; : &quot;&lt;a class=\&quot;link-arrow\&quot; href=\&quot;mars2.html?a=wookie\&quot;&gt;Fly with a Wookie!&lt;/a&gt;&quot;,
      &quot;target&quot; : [ &quot;li:nth-child(5) &gt; .deal-text &gt; p &gt; .link-arrow[href=\&quot;mars2.html?a=wookie\&quot;]&quot; ],
      &quot;impact&quot; : null,
      &quot;any&quot; : [ {
        &quot;id&quot; : &quot;link-in-text-block&quot;,
        &quot;impact&quot; : &quot;serious&quot;,
        &quot;message&quot; : &quot;Links can be distinguished from surrounding text in some way other than by color&quot;,
        &quot;data&quot; : null,
        &quot;relatedNodes&quot; : [ {
          &quot;html&quot; : &quot;&lt;p&gt;Fly with a wookie! Limited time offer! Or would you rather kiss a Wookie? We can arrange that. (Can someone move this walking carpet out of my way?) &lt;a class=\&quot;link-arrow\&quot; href=\&quot;mars2.html?a=wookie\&quot;&gt;Fly with a Wookie!&lt;/a&gt;&lt;/p&gt;&quot;,
          &quot;target&quot; : [ &quot;li:nth-child(5) &gt; .deal-text &gt; p&quot; ]
        } ]
      } ],
      &quot;all&quot; : [ ],
      &quot;none&quot; : [ ],
      &quot;failureSummary&quot; : null
    }, {
      &quot;html&quot; : &quot;&lt;a href=\&quot;mars2.html?a=stay_connected\&quot;&gt;Find out about radio connectivity today.&lt;/a&gt;&quot;,
      &quot;target&quot; : [ &quot;li:nth-child(6) &gt; .deal-text &gt; p &gt; a[href=\&quot;mars2.html?a=stay_connected\&quot;]&quot; ],
      &quot;impact&quot; : null,
      &quot;any&quot; : [ {
        &quot;id&quot; : &quot;link-in-text-block&quot;,
        &quot;impact&quot; : &quot;serious&quot;,
        &quot;message&quot; : &quot;Links can be distinguished from surrounding text in some way other than by color&quot;,
        &quot;data&quot; : null,
        &quot;relatedNodes&quot; : [ {
          &quot;html&quot; : &quot;&lt;p&gt;All of our packages come with radio connectivity to the far reaches of the solar system. Yup, you too can get Justin Bieber on Uranus. &lt;a href=\&quot;mars2.html?a=stay_connected\&quot;&gt;Find out about radio connectivity today.&lt;/a&gt;&lt;/p&gt;&quot;,
          &quot;target&quot; : [ &quot;li:nth-child(6) &gt; .deal-text &gt; p&quot; ]
        } ]
      } ],
      &quot;all&quot; : [ ],
      &quot;none&quot; : [ ],
      &quot;failureSummary&quot; : null
    } ],
    &quot;url&quot; : null,
    &quot;createdDate&quot; : null
  }, {
    &quot;id&quot; : &quot;link-name&quot;,
    &quot;description&quot; : &quot;Ensures links have discernible text&quot;,
    &quot;help&quot; : &quot;Links must have discernible text&quot;,
    &quot;helpUrl&quot; : &quot;https://dequeuniversity.com/rules/axe/4.6/link-name?application=axeAPI&quot;,
    &quot;impact&quot; : &quot;serious&quot;,
    &quot;tags&quot; : [ &quot;cat.name-role-value&quot;, &quot;wcag2a&quot;, &quot;wcag412&quot;, &quot;wcag244&quot;, &quot;section508&quot;, &quot;section508.22.a&quot;, &quot;ACT&quot; ],
    &quot;nodes&quot; : [ {
      &quot;html&quot; : &quot;&lt;a href=\&quot;mars2.html?a=add_trip.html\&quot;&gt;&lt;i class=\&quot;icon-control-add-trip\&quot;&gt;&lt;/i&gt;&lt;span class=\&quot;link-text\&quot;&gt;Add a trip&lt;/span&gt;&lt;/a&gt;&quot;,
      &quot;target&quot; : [ &quot;a[href=\&quot;mars2.html?a=add_trip.html\&quot;]&quot; ],
      &quot;impact&quot; : null,
      &quot;any&quot; : [ {
        &quot;id&quot; : &quot;has-visible-text&quot;,
        &quot;impact&quot; : &quot;minor&quot;,
        &quot;message&quot; : &quot;Element has text that is visible to screen readers&quot;,
        &quot;data&quot; : null,
        &quot;relatedNodes&quot; : [ ]
      } ],
      &quot;all&quot; : [ ],
      &quot;none&quot; : [ {
        &quot;id&quot; : &quot;focusable-no-name&quot;,
        &quot;impact&quot; : &quot;serious&quot;,
        &quot;message&quot; : &quot;Element is not in tab order or has accessible text&quot;,
        &quot;data&quot; : null,
        &quot;relatedNodes&quot; : [ ]
      } ],
      &quot;failureSummary&quot; : null
    }, {
      &quot;html&quot; : &quot;&lt;a href=\&quot;mars2.html?a=find_pass.html\&quot;&gt;&lt;i class=\&quot;icon-control-find\&quot;&gt;&lt;/i&gt;&lt;span class=\&quot;link-text\&quot;&gt;Find a pass&lt;/span&gt;&lt;/a&gt;&quot;,
      &quot;target&quot; : [ &quot;a[href=\&quot;mars2.html?a=find_pass.html\&quot;]&quot; ],
      &quot;impact&quot; : null,
      &quot;any&quot; : [ {
        &quot;id&quot; : &quot;has-visible-text&quot;,
        &quot;impact&quot; : &quot;minor&quot;,
        &quot;message&quot; : &quot;Element has text that is visible to screen readers&quot;,
        &quot;data&quot; : null,
        &quot;relatedNodes&quot; : [ ]
      } ],
      &quot;all&quot; : [ ],
      &quot;none&quot; : [ {
        &quot;id&quot; : &quot;focusable-no-name&quot;,
        &quot;impact&quot; : &quot;serious&quot;,
        &quot;message&quot; : &quot;Element is not in tab order or has accessible text&quot;,
        &quot;data&quot; : null,
        &quot;relatedNodes&quot; : [ ]
      } ],
      &quot;failureSummary&quot; : null
    }, {
      &quot;html&quot; : &quot;&lt;a class=\&quot;facebook-pop fb_button fb_button_medium\&quot; href=\&quot;mars2.html?a=facebook_login.html\&quot;&gt;\n&lt;span class=\&quot;fb_button_text\&quot;&gt;Login&lt;/span&gt;\n&lt;/a&gt;&quot;,
      &quot;target&quot; : [ &quot;.facebook-pop&quot; ],
      &quot;impact&quot; : null,
      &quot;any&quot; : [ {
        &quot;id&quot; : &quot;has-visible-text&quot;,
        &quot;impact&quot; : &quot;minor&quot;,
        &quot;message&quot; : &quot;Element has text that is visible to screen readers&quot;,
        &quot;data&quot; : null,
        &quot;relatedNodes&quot; : [ ]
      } ],
      &quot;all&quot; : [ ],
      &quot;none&quot; : [ {
        &quot;id&quot; : &quot;focusable-no-name&quot;,
        &quot;impact&quot; : &quot;serious&quot;,
        &quot;message&quot; : &quot;Element is not in tab order or has accessible text&quot;,
        &quot;data&quot; : null,
        &quot;relatedNodes&quot; : [ ]
      } ],
      &quot;failureSummary&quot; : null
    }, {
      &quot;html&quot; : &quot;&lt;a href=\&quot;mars2.html?a=sign_in\&quot;&gt;Sign In&amp;nbsp;&lt;/a&gt;&quot;,
      &quot;target&quot; : [ &quot;a[href=\&quot;mars2.html?a=sign_in\&quot;]&quot; ],
      &quot;impact&quot; : null,
      &quot;any&quot; : [ {
        &quot;id&quot; : &quot;has-visible-text&quot;,
        &quot;impact&quot; : &quot;minor&quot;,
        &quot;message&quot; : &quot;Element has text that is visible to screen readers&quot;,
        &quot;data&quot; : null,
        &quot;relatedNodes&quot; : [ ]
      } ],
      &quot;all&quot; : [ ],
      &quot;none&quot; : [ {
        &quot;id&quot; : &quot;focusable-no-name&quot;,
        &quot;impact&quot; : &quot;serious&quot;,
        &quot;message&quot; : &quot;Element is not in tab order or has accessible text&quot;,
        &quot;data&quot; : null,
        &quot;relatedNodes&quot; : [ ]
      } ],
      &quot;failureSummary&quot; : null
    }, {
      &quot;html&quot; : &quot;&lt;a href=\&quot;mars2.html?a=cart\&quot; class=\&quot;dropdown-toggle\&quot; data-toggle=\&quot;dropdown\&quot;&gt;\n&lt;i class=\&quot;icon-control-itinerary\&quot;&gt;&lt;/i&gt;\n&lt;span class=\&quot;link-text\&quot;&gt;My Cart&lt;/span&gt;\n&lt;span class=\&quot;link-text price-recap\&quot;&gt;$0.00&lt;/span&gt;\n&lt;/a&gt;&quot;,
      &quot;target&quot; : [ &quot;a[href=\&quot;mars2.html?a=cart\&quot;]&quot; ],
      &quot;impact&quot; : null,
      &quot;any&quot; : [ {
        &quot;id&quot; : &quot;has-visible-text&quot;,
        &quot;impact&quot; : &quot;minor&quot;,
        &quot;message&quot; : &quot;Element has text that is visible to screen readers&quot;,
        &quot;data&quot; : null,
        &quot;relatedNodes&quot; : [ ]
      } ],
      &quot;all&quot; : [ ],
      &quot;none&quot; : [ {
        &quot;id&quot; : &quot;focusable-no-name&quot;,
        &quot;impact&quot; : &quot;serious&quot;,
        &quot;message&quot; : &quot;Element is not in tab order or has accessible text&quot;,
        &quot;data&quot; : null,
        &quot;relatedNodes&quot; : [ ]
      } ],
      &quot;failureSummary&quot; : null
    }, {
      &quot;html&quot; : &quot;&lt;a href=\&quot;demo/mars/#\&quot; title=\&quot;MarsCommuter®\&quot;&gt;\n&lt;i class=\&quot;icon-logo\&quot;&gt;&lt;/i&gt;\n&lt;/a&gt;&quot;,
      &quot;target&quot; : [ &quot;a[title=\&quot;MarsCommuter®\&quot;]&quot; ],
      &quot;impact&quot; : null,
      &quot;any&quot; : [ {
        &quot;id&quot; : &quot;non-empty-title&quot;,
        &quot;impact&quot; : &quot;serious&quot;,
        &quot;message&quot; : &quot;Element has a title attribute&quot;,
        &quot;data&quot; : null,
        &quot;relatedNodes&quot; : [ ]
      } ],
      &quot;all&quot; : [ ],
      &quot;none&quot; : [ {
        &quot;id&quot; : &quot;focusable-no-name&quot;,
        &quot;impact&quot; : &quot;serious&quot;,
        &quot;message&quot; : &quot;Element is not in tab order or has accessible text&quot;,
        &quot;data&quot; : null,
        &quot;relatedNodes&quot; : [ ]
      } ],
      &quot;failureSummary&quot; : null
    }, {
      &quot;html&quot; : &quot;&lt;a href=\&quot;mars2.html?a=travel_agents\&quot;&gt;Travel Agents&lt;/a&gt;&quot;,
      &quot;target&quot; : [ &quot;a[href=\&quot;mars2.html?a=travel_agents\&quot;]&quot; ],
      &quot;impact&quot; : null,
      &quot;any&quot; : [ {
        &quot;id&quot; : &quot;has-visible-text&quot;,
        &quot;impact&quot; : &quot;minor&quot;,
        &quot;message&quot; : &quot;Element has text that is visible to screen readers&quot;,
        &quot;data&quot; : null,
        &quot;relatedNodes&quot; : [ ]
      } ],
      &quot;all&quot; : [ ],
      &quot;none&quot; : [ {
        &quot;id&quot; : &quot;focusable-no-name&quot;,
        &quot;impact&quot; : &quot;serious&quot;,
        &quot;message&quot; : &quot;Element is not in tab order or has accessible text&quot;,
        &quot;data&quot; : null,
        &quot;relatedNodes&quot; : [ ]
      } ],
      &quot;failureSummary&quot; : null
    }, {
      &quot;html&quot; : &quot;&lt;a href=\&quot;javascript:;\&quot; class=\&quot;dropdown-toggle\&quot; data-toggle=\&quot;dropdown\&quot;&gt;\nYour country&lt;span class=\&quot;currency-select\&quot;&gt;&lt;!--($USD)--&gt;&lt;/span&gt;\n&lt;i class=\&quot;icon-langbar-down-arrow\&quot;&gt;&lt;/i&gt;\n&lt;/a&gt;&quot;,
      &quot;target&quot; : [ &quot;#country-select &gt; .dropdown-toggle[href=\&quot;javascript:;\&quot;][data-toggle=\&quot;dropdown\&quot;]&quot; ],
      &quot;impact&quot; : null,
      &quot;any&quot; : [ {
        &quot;id&quot; : &quot;has-visible-text&quot;,
        &quot;impact&quot; : &quot;minor&quot;,
        &quot;message&quot; : &quot;Element has text that is visible to screen readers&quot;,
        &quot;data&quot; : null,
        &quot;relatedNodes&quot; : [ ]
      } ],
      &quot;all&quot; : [ ],
      &quot;none&quot; : [ {
        &quot;id&quot; : &quot;focusable-no-name&quot;,
        &quot;impact&quot; : &quot;serious&quot;,
        &quot;message&quot; : &quot;Element is not in tab order or has accessible text&quot;,
        &quot;data&quot; : null,
        &quot;relatedNodes&quot; : [ ]
      } ],
      &quot;failureSummary&quot; : null
    }, {
      &quot;html&quot; : &quot;&lt;a href=\&quot;javascript:;\&quot; class=\&quot;dropdown-toggle\&quot; data-toggle=\&quot;dropdown\&quot;&gt;\nYour language&lt;i class=\&quot;icon-langbar-down-arrow\&quot;&gt;&lt;/i&gt;\n&lt;/a&gt;&quot;,
      &quot;target&quot; : [ &quot;.language-select &gt; .dropdown-toggle[href=\&quot;javascript:;\&quot;][data-toggle=\&quot;dropdown\&quot;]&quot; ],
      &quot;impact&quot; : null,
      &quot;any&quot; : [ {
        &quot;id&quot; : &quot;has-visible-text&quot;,
        &quot;impact&quot; : &quot;minor&quot;,
        &quot;message&quot; : &quot;Element has text that is visible to screen readers&quot;,
        &quot;data&quot; : null,
        &quot;relatedNodes&quot; : [ ]
      } ],
      &quot;all&quot; : [ ],
      &quot;none&quot; : [ {
        &quot;id&quot; : &quot;focusable-no-name&quot;,
        &quot;impact&quot; : &quot;serious&quot;,
        &quot;message&quot; : &quot;Element is not in tab order or has accessible text&quot;,
        &quot;data&quot; : null,
        &quot;relatedNodes&quot; : [ ]
      } ],
      &quot;failureSummary&quot; : null
    }, {
      &quot;html&quot; : &quot;&lt;a class=\&quot;link\&quot; href=\&quot;mars2.html?a=send_me_to_mars\&quot;&gt;Send me to Mars!&lt;/a&gt;&quot;,
      &quot;target&quot; : [ &quot;a[href=\&quot;mars2.html?a=send_me_to_mars\&quot;]&quot; ],
      &quot;impact&quot; : null,
      &quot;any&quot; : [ {
        &quot;id&quot; : &quot;has-visible-text&quot;,
        &quot;impact&quot; : &quot;minor&quot;,
        &quot;message&quot; : &quot;Element has text that is visible to screen readers&quot;,
        &quot;data&quot; : null,
        &quot;relatedNodes&quot; : [ ]
      } ],
      &quot;all&quot; : [ ],
      &quot;none&quot; : [ {
        &quot;id&quot; : &quot;focusable-no-name&quot;,
        &quot;impact&quot; : &quot;serious&quot;,
        &quot;message&quot; : &quot;Element is not in tab order or has accessible text&quot;,
        &quot;data&quot; : null,
        &quot;relatedNodes&quot; : [ ]
      } ],
      &quot;failureSummary&quot; : null
    }, {
      &quot;html&quot; : &quot;&lt;a class=\&quot;link\&quot; href=\&quot;mars2.html?a=hotels\&quot;&gt;Hotels&lt;/a&gt;&quot;,
      &quot;target&quot; : [ &quot;a[href=\&quot;mars2.html?a=hotels\&quot;]&quot; ],
      &quot;impact&quot; : null,
      &quot;any&quot; : [ {
        &quot;id&quot; : &quot;has-visible-text&quot;,
        &quot;impact&quot; : &quot;minor&quot;,
        &quot;message&quot; : &quot;Element has text that is visible to screen readers&quot;,
        &quot;data&quot; : null,
        &quot;relatedNodes&quot; : [ ]
      } ],
      &quot;all&quot; : [ ],
      &quot;none&quot; : [ {
        &quot;id&quot; : &quot;focusable-no-name&quot;,
        &quot;impact&quot; : &quot;serious&quot;,
        &quot;message&quot; : &quot;Element is not in tab order or has accessible text&quot;,
        &quot;data&quot; : null,
        &quot;relatedNodes&quot; : [ ]
      } ],
      &quot;failureSummary&quot; : null
    }, {
      &quot;html&quot; : &quot;&lt;a class=\&quot;link\&quot; href=\&quot;mars2.html?a=things_to_do\&quot;&gt;Things to Do&lt;/a&gt;&quot;,
      &quot;target&quot; : [ &quot;a[href=\&quot;mars2.html?a=things_to_do\&quot;]&quot; ],
      &quot;impact&quot; : null,
      &quot;any&quot; : [ {
        &quot;id&quot; : &quot;has-visible-text&quot;,
        &quot;impact&quot; : &quot;minor&quot;,
        &quot;message&quot; : &quot;Element has text that is visible to screen readers&quot;,
        &quot;data&quot; : null,
        &quot;relatedNodes&quot; : [ ]
      } ],
      &quot;all&quot; : [ ],
      &quot;none&quot; : [ {
        &quot;id&quot; : &quot;focusable-no-name&quot;,
        &quot;impact&quot; : &quot;serious&quot;,
        &quot;message&quot; : &quot;Element is not in tab order or has accessible text&quot;,
        &quot;data&quot; : null,
        &quot;relatedNodes&quot; : [ ]
      } ],
      &quot;failureSummary&quot; : null
    }, {
      &quot;html&quot; : &quot;&lt;a class=\&quot;link\&quot; href=\&quot;mars2.html?a=mars_map\&quot;&gt;Mars Map&lt;/a&gt;&quot;,
      &quot;target&quot; : [ &quot;a[href=\&quot;mars2.html?a=mars_map\&quot;]&quot; ],
      &quot;impact&quot; : null,
      &quot;any&quot; : [ {
        &quot;id&quot; : &quot;has-visible-text&quot;,
        &quot;impact&quot; : &quot;minor&quot;,
        &quot;message&quot; : &quot;Element has text that is visible to screen readers&quot;,
        &quot;data&quot; : null,
        &quot;relatedNodes&quot; : [ ]
      } ],
      &quot;all&quot; : [ ],
      &quot;none&quot; : [ {
        &quot;id&quot; : &quot;focusable-no-name&quot;,
        &quot;impact&quot; : &quot;serious&quot;,
        &quot;message&quot; : &quot;Element is not in tab order or has accessible text&quot;,
        &quot;data&quot; : null,
        &quot;relatedNodes&quot; : [ ]
      } ],
      &quot;failureSummary&quot; : null
    }, {
      &quot;html&quot; : &quot;&lt;a class=\&quot;link\&quot; href=\&quot;mars2.html?a=rockets\&quot;&gt;Rockets&lt;/a&gt;&quot;,
      &quot;target&quot; : [ &quot;a[href=\&quot;mars2.html?a=rockets\&quot;]&quot; ],
      &quot;impact&quot; : null,
      &quot;any&quot; : [ {
        &quot;id&quot; : &quot;has-visible-text&quot;,
        &quot;impact&quot; : &quot;minor&quot;,
        &quot;message&quot; : &quot;Element has text that is visible to screen readers&quot;,
        &quot;data&quot; : null,
        &quot;relatedNodes&quot; : [ ]
      } ],
      &quot;all&quot; : [ ],
      &quot;none&quot; : [ {
        &quot;id&quot; : &quot;focusable-no-name&quot;,
        &quot;impact&quot; : &quot;serious&quot;,
        &quot;message&quot; : &quot;Element is not in tab order or has accessible text&quot;,
        &quot;data&quot; : null,
        &quot;relatedNodes&quot; : [ ]
      } ],
      &quot;failureSummary&quot; : null
    }, {
      &quot;html&quot; : &quot;&lt;a class=\&quot;link\&quot; href=\&quot;mars2.html?a=deals\&quot;&gt;Deals&lt;/a&gt;&quot;,
      &quot;target&quot; : [ &quot;a[href=\&quot;mars2.html?a=deals\&quot;]&quot; ],
      &quot;impact&quot; : null,
      &quot;any&quot; : [ {
        &quot;id&quot; : &quot;has-visible-text&quot;,
        &quot;impact&quot; : &quot;minor&quot;,
        &quot;message&quot; : &quot;Element has text that is visible to screen readers&quot;,
        &quot;data&quot; : null,
        &quot;relatedNodes&quot; : [ ]
      } ],
      &quot;all&quot; : [ ],
      &quot;none&quot; : [ {
        &quot;id&quot; : &quot;focusable-no-name&quot;,
        &quot;impact&quot; : &quot;serious&quot;,
        &quot;message&quot; : &quot;Element is not in tab order or has accessible text&quot;,
        &quot;data&quot; : null,
        &quot;relatedNodes&quot; : [ ]
      } ],
      &quot;failureSummary&quot; : null
    }, {
      &quot;html&quot; : &quot;&lt;a class=\&quot;link\&quot; href=\&quot;mars2.html?a=groups\&quot;&gt;Groups&lt;/a&gt;&quot;,
      &quot;target&quot; : [ &quot;a[href=\&quot;mars2.html?a=groups\&quot;]&quot; ],
      &quot;impact&quot; : null,
      &quot;any&quot; : [ {
        &quot;id&quot; : &quot;has-visible-text&quot;,
        &quot;impact&quot; : &quot;minor&quot;,
        &quot;message&quot; : &quot;Element has text that is visible to screen readers&quot;,
        &quot;data&quot; : null,
        &quot;relatedNodes&quot; : [ ]
      } ],
      &quot;all&quot; : [ ],
      &quot;none&quot; : [ {
        &quot;id&quot; : &quot;focusable-no-name&quot;,
        &quot;impact&quot; : &quot;serious&quot;,
        &quot;message&quot; : &quot;Element is not in tab order or has accessible text&quot;,
        &quot;data&quot; : null,
        &quot;relatedNodes&quot; : [ ]
      } ],
      &quot;failureSummary&quot; : null
    }, {
      &quot;html&quot; : &quot;&lt;a class=\&quot;link\&quot; href=\&quot;mars2.html?a=about_us\&quot;&gt;About Us&lt;/a&gt;&quot;,
      &quot;target&quot; : [ &quot;.link[href=\&quot;mars2.html?a=about_us\&quot;]&quot; ],
      &quot;impact&quot; : null,
      &quot;any&quot; : [ {
        &quot;id&quot; : &quot;has-visible-text&quot;,
        &quot;impact&quot; : &quot;minor&quot;,
        &quot;message&quot; : &quot;Element has text that is visible to screen readers&quot;,
        &quot;data&quot; : null,
        &quot;relatedNodes&quot; : [ ]
      } ],
      &quot;all&quot; : [ ],
      &quot;none&quot; : [ {
        &quot;id&quot; : &quot;focusable-no-name&quot;,
        &quot;impact&quot; : &quot;serious&quot;,
        &quot;message&quot; : &quot;Element is not in tab order or has accessible text&quot;,
        &quot;data&quot; : null,
        &quot;relatedNodes&quot; : [ ]
      } ],
      &quot;failureSummary&quot; : null
    }, {
      &quot;html&quot; : &quot;&lt;a class=\&quot;link\&quot; href=\&quot;mars2.html?a=help\&quot;&gt;Help!&lt;/a&gt;&quot;,
      &quot;target&quot; : [ &quot;.link[href=\&quot;mars2.html?a=help\&quot;]&quot; ],
      &quot;impact&quot; : null,
      &quot;any&quot; : [ {
        &quot;id&quot; : &quot;has-visible-text&quot;,
        &quot;impact&quot; : &quot;minor&quot;,
        &quot;message&quot; : &quot;Element has text that is visible to screen readers&quot;,
        &quot;data&quot; : null,
        &quot;relatedNodes&quot; : [ ]
      } ],
      &quot;all&quot; : [ ],
      &quot;none&quot; : [ {
        &quot;id&quot; : &quot;focusable-no-name&quot;,
        &quot;impact&quot; : &quot;serious&quot;,
        &quot;message&quot; : &quot;Element is not in tab order or has accessible text&quot;,
        &quot;data&quot; : null,
        &quot;relatedNodes&quot; : [ ]
      } ],
      &quot;failureSummary&quot; : null
    }, {
      &quot;html&quot; : &quot;&lt;a href=\&quot;mars2.html?a=be_bold\&quot;&gt;\n                &lt;h3&gt;Be Bold...&lt;/h3&gt;\n                &lt;i class=\&quot;icon-vap-plan\&quot;&gt;&lt;/i&gt;\n              &lt;/a&gt;&quot;,
      &quot;target&quot; : [ &quot;a[href=\&quot;mars2.html?a=be_bold\&quot;]&quot; ],
      &quot;impact&quot; : null,
      &quot;any&quot; : [ {
        &quot;id&quot; : &quot;has-visible-text&quot;,
        &quot;impact&quot; : &quot;minor&quot;,
        &quot;message&quot; : &quot;Element has text that is visible to screen readers&quot;,
        &quot;data&quot; : null,
        &quot;relatedNodes&quot; : [ ]
      } ],
      &quot;all&quot; : [ ],
      &quot;none&quot; : [ {
        &quot;id&quot; : &quot;focusable-no-name&quot;,
        &quot;impact&quot; : &quot;serious&quot;,
        &quot;message&quot; : &quot;Element is not in tab order or has accessible text&quot;,
        &quot;data&quot; : null,
        &quot;relatedNodes&quot; : [ ]
      } ],
      &quot;failureSummary&quot; : null
    }, {
      &quot;html&quot; : &quot;&lt;a class=\&quot;link\&quot; href=\&quot;mars2.html?a=why_marscommuter\&quot;&gt;\n                &lt;i class=\&quot;icon-plan-question\&quot;&gt;&lt;/i&gt;\n                &lt;span class=\&quot;link-text\&quot;&gt;Why MarsCommuter?&lt;/span&gt;\n              &lt;/a&gt;&quot;,
      &quot;target&quot; : [ &quot;a[href=\&quot;mars2.html?a=why_marscommuter\&quot;]&quot; ],
      &quot;impact&quot; : null,
      &quot;any&quot; : [ {
        &quot;id&quot; : &quot;has-visible-text&quot;,
        &quot;impact&quot; : &quot;minor&quot;,
        &quot;message&quot; : &quot;Element has text that is visible to screen readers&quot;,
        &quot;data&quot; : null,
        &quot;relatedNodes&quot; : [ ]
      } ],
      &quot;all&quot; : [ ],
      &quot;none&quot; : [ {
        &quot;id&quot; : &quot;focusable-no-name&quot;,
        &quot;impact&quot; : &quot;serious&quot;,
        &quot;message&quot; : &quot;Element is not in tab order or has accessible text&quot;,
        &quot;data&quot; : null,
        &quot;relatedNodes&quot; : [ ]
      } ],
      &quot;failureSummary&quot; : null
    }, {
      &quot;html&quot; : &quot;&lt;a class=\&quot;link\&quot; href=\&quot;mars2.html?a=maps_and_guides\&quot;&gt;\n                &lt;i class=\&quot;icon-plan-101\&quot;&gt;&lt;/i&gt;\n                &lt;span class=\&quot;link-text\&quot;&gt;Maps &amp;amp; Guides&lt;/span&gt;\n              &lt;/a&gt;&quot;,
      &quot;target&quot; : [ &quot;a[href=\&quot;mars2.html?a=maps_and_guides\&quot;]&quot; ],
      &quot;impact&quot; : null,
      &quot;any&quot; : [ {
        &quot;id&quot; : &quot;has-visible-text&quot;,
        &quot;impact&quot; : &quot;minor&quot;,
        &quot;message&quot; : &quot;Element has text that is visible to screen readers&quot;,
        &quot;data&quot; : null,
        &quot;relatedNodes&quot; : [ ]
      } ],
      &quot;all&quot; : [ ],
      &quot;none&quot; : [ {
        &quot;id&quot; : &quot;focusable-no-name&quot;,
        &quot;impact&quot; : &quot;serious&quot;,
        &quot;message&quot; : &quot;Element is not in tab order or has accessible text&quot;,
        &quot;data&quot; : null,
        &quot;relatedNodes&quot; : [ ]
      } ],
      &quot;failureSummary&quot; : null
    }, {
      &quot;html&quot; : &quot;&lt;a class=\&quot;link\&quot; href=\&quot;mars2.html?a=ticket_info\&quot;&gt;\n                &lt;i class=\&quot;icon-plan-pencil\&quot;&gt;&lt;/i&gt;\n                &lt;span class=\&quot;link-text\&quot;&gt;Ticket Info&lt;/span&gt;\n              &lt;/a&gt;&quot;,
      &quot;target&quot; : [ &quot;a[href=\&quot;mars2.html?a=ticket_info\&quot;]&quot; ],
      &quot;impact&quot; : null,
      &quot;any&quot; : [ {
        &quot;id&quot; : &quot;has-visible-text&quot;,
        &quot;impact&quot; : &quot;minor&quot;,
        &quot;message&quot; : &quot;Element has text that is visible to screen readers&quot;,
        &quot;data&quot; : null,
        &quot;relatedNodes&quot; : [ ]
      } ],
      &quot;all&quot; : [ ],
      &quot;none&quot; : [ {
        &quot;id&quot; : &quot;focusable-no-name&quot;,
        &quot;impact&quot; : &quot;serious&quot;,
        &quot;message&quot; : &quot;Element is not in tab order or has accessible text&quot;,
        &quot;data&quot; : null,
        &quot;relatedNodes&quot; : [ ]
      } ],
      &quot;failureSummary&quot; : null
    }, {
      &quot;html&quot; : &quot;&lt;a href=\&quot;mars2.html?a=countdown\&quot;&gt;\n                &lt;h3&gt;Countdown...&lt;/h3&gt;\n                &lt;i class=\&quot;icon-vap-book\&quot;&gt;&lt;/i&gt;\n              &lt;/a&gt;&quot;,
      &quot;target&quot; : [ &quot;a[href=\&quot;mars2.html?a=countdown\&quot;]&quot; ],
      &quot;impact&quot; : null,
      &quot;any&quot; : [ {
        &quot;id&quot; : &quot;has-visible-text&quot;,
        &quot;impact&quot; : &quot;minor&quot;,
        &quot;message&quot; : &quot;Element has text that is visible to screen readers&quot;,
        &quot;data&quot; : null,
        &quot;relatedNodes&quot; : [ ]
      } ],
      &quot;all&quot; : [ ],
      &quot;none&quot; : [ {
        &quot;id&quot; : &quot;focusable-no-name&quot;,
        &quot;impact&quot; : &quot;serious&quot;,
        &quot;message&quot; : &quot;Element is not in tab order or has accessible text&quot;,
        &quot;data&quot; : null,
        &quot;relatedNodes&quot; : [ ]
      } ],
      &quot;failureSummary&quot; : null
    }, {
      &quot;html&quot; : &quot;&lt;a href=\&quot;mars2.html?a=last_will\&quot;&gt;prepare your last will and testament&lt;/a&gt;&quot;,
      &quot;target&quot; : [ &quot;a[href=\&quot;mars2.html?a=last_will\&quot;]&quot; ],
      &quot;impact&quot; : null,
      &quot;any&quot; : [ {
        &quot;id&quot; : &quot;has-visible-text&quot;,
        &quot;impact&quot; : &quot;minor&quot;,
        &quot;message&quot; : &quot;Element has text that is visible to screen readers&quot;,
        &quot;data&quot; : null,
        &quot;relatedNodes&quot; : [ ]
      } ],
      &quot;all&quot; : [ ],
      &quot;none&quot; : [ {
        &quot;id&quot; : &quot;focusable-no-name&quot;,
        &quot;impact&quot; : &quot;serious&quot;,
        &quot;message&quot; : &quot;Element is not in tab order or has accessible text&quot;,
        &quot;data&quot; : null,
        &quot;relatedNodes&quot; : [ ]
      } ],
      &quot;failureSummary&quot; : null
    }, {
      &quot;html&quot; : &quot;&lt;a class=\&quot;link\&quot; href=\&quot;mars2.html?a=book_tickets\&quot;&gt;\n                &lt;i class=\&quot;icon-book-book\&quot;&gt;&lt;/i&gt;\n                &lt;span class=\&quot;link-text\&quot;&gt;Book Tickets &lt;/span&gt;\n              &lt;/a&gt;&quot;,
      &quot;target&quot; : [ &quot;a[href=\&quot;mars2.html?a=book_tickets\&quot;]&quot; ],
      &quot;impact&quot; : null,
      &quot;any&quot; : [ {
        &quot;id&quot; : &quot;has-visible-text&quot;,
        &quot;impact&quot; : &quot;minor&quot;,
        &quot;message&quot; : &quot;Element has text that is visible to screen readers&quot;,
        &quot;data&quot; : null,
        &quot;relatedNodes&quot; : [ ]
      } ],
      &quot;all&quot; : [ ],
      &quot;none&quot; : [ {
        &quot;id&quot; : &quot;focusable-no-name&quot;,
        &quot;impact&quot; : &quot;serious&quot;,
        &quot;message&quot; : &quot;Element is not in tab order or has accessible text&quot;,
        &quot;data&quot; : null,
        &quot;relatedNodes&quot; : [ ]
      } ],
      &quot;failureSummary&quot; : null
    }, {
      &quot;html&quot; : &quot;&lt;a class=\&quot;link\&quot; href=\&quot;mars2.html?a=mars_passes\&quot;&gt;\n                &lt;i class=\&quot;icon-book-find\&quot;&gt;&lt;/i&gt;\n                &lt;span class=\&quot;link-text\&quot;&gt;Mars Passes&lt;/span&gt;\n              &lt;/a&gt;&quot;,
      &quot;target&quot; : [ &quot;a[href=\&quot;mars2.html?a=mars_passes\&quot;]&quot; ],
      &quot;impact&quot; : null,
      &quot;any&quot; : [ {
        &quot;id&quot; : &quot;has-visible-text&quot;,
        &quot;impact&quot; : &quot;minor&quot;,
        &quot;message&quot; : &quot;Element has text that is visible to screen readers&quot;,
        &quot;data&quot; : null,
        &quot;relatedNodes&quot; : [ ]
      } ],
      &quot;all&quot; : [ ],
      &quot;none&quot; : [ {
        &quot;id&quot; : &quot;focusable-no-name&quot;,
        &quot;impact&quot; : &quot;serious&quot;,
        &quot;message&quot; : &quot;Element is not in tab order or has accessible text&quot;,
        &quot;data&quot; : null,
        &quot;relatedNodes&quot; : [ ]
      } ],
      &quot;failureSummary&quot; : null
    }, {
      &quot;html&quot; : &quot;&lt;a class=\&quot;link\&quot; href=\&quot;mars2.html?a=seek_counseling\&quot;&gt;\n                &lt;i class=\&quot;icon-book-reservation\&quot;&gt;&lt;/i&gt;\n                &lt;span class=\&quot;link-text\&quot;&gt;Seek counseling&lt;/span&gt;\n              &lt;/a&gt;&quot;,
      &quot;target&quot; : [ &quot;a[href=\&quot;mars2.html?a=seek_counseling\&quot;]&quot; ],
      &quot;impact&quot; : null,
      &quot;any&quot; : [ {
        &quot;id&quot; : &quot;has-visible-text&quot;,
        &quot;impact&quot; : &quot;minor&quot;,
        &quot;message&quot; : &quot;Element has text that is visible to screen readers&quot;,
        &quot;data&quot; : null,
        &quot;relatedNodes&quot; : [ ]
      } ],
      &quot;all&quot; : [ ],
      &quot;none&quot; : [ {
        &quot;id&quot; : &quot;focusable-no-name&quot;,
        &quot;impact&quot; : &quot;serious&quot;,
        &quot;message&quot; : &quot;Element is not in tab order or has accessible text&quot;,
        &quot;data&quot; : null,
        &quot;relatedNodes&quot; : [ ]
      } ],
      &quot;failureSummary&quot; : null
    }, {
      &quot;html&quot; : &quot;&lt;a href=\&quot;mars2.html?a=blast_off\&quot;&gt;\n                &lt;h3&gt;Blast Off!&lt;/h3&gt;\n                &lt;i class=\&quot;icon-vap-travel\&quot;&gt;&lt;/i&gt;\n              &lt;/a&gt;&quot;,
      &quot;target&quot; : [ &quot;a[href=\&quot;mars2.html?a=blast_off\&quot;]&quot; ],
      &quot;impact&quot; : null,
      &quot;any&quot; : [ {
        &quot;id&quot; : &quot;has-visible-text&quot;,
        &quot;impact&quot; : &quot;minor&quot;,
        &quot;message&quot; : &quot;Element has text that is visible to screen readers&quot;,
        &quot;data&quot; : null,
        &quot;relatedNodes&quot; : [ ]
      } ],
      &quot;all&quot; : [ ],
      &quot;none&quot; : [ {
        &quot;id&quot; : &quot;focusable-no-name&quot;,
        &quot;impact&quot; : &quot;serious&quot;,
        &quot;message&quot; : &quot;Element is not in tab order or has accessible text&quot;,
        &quot;data&quot; : null,
        &quot;relatedNodes&quot; : [ ]
      } ],
      &quot;failureSummary&quot; : null
    }, {
      &quot;html&quot; : &quot;&lt;a class=\&quot;link\&quot; href=\&quot;mars2.html?a=\&quot;&gt;\n                &lt;i class=\&quot;icon-travel-app\&quot;&gt;&lt;/i&gt;\n                &lt;span class=\&quot;link-text\&quot;&gt;MarsMobile app&lt;/span&gt;\n              &lt;/a&gt;&quot;,
      &quot;target&quot; : [ &quot;.link[href=\&quot;mars2.html?a=\&quot;]&quot; ],
      &quot;impact&quot; : null,
      &quot;any&quot; : [ {
        &quot;id&quot; : &quot;has-visible-text&quot;,
        &quot;impact&quot; : &quot;minor&quot;,
        &quot;message&quot; : &quot;Element has text that is visible to screen readers&quot;,
        &quot;data&quot; : null,
        &quot;relatedNodes&quot; : [ ]
      } ],
      &quot;all&quot; : [ ],
      &quot;none&quot; : [ {
        &quot;id&quot; : &quot;focusable-no-name&quot;,
        &quot;impact&quot; : &quot;serious&quot;,
        &quot;message&quot; : &quot;Element is not in tab order or has accessible text&quot;,
        &quot;data&quot; : null,
        &quot;relatedNodes&quot; : [ ]
      } ],
      &quot;failureSummary&quot; : null
    }, {
      &quot;html&quot; : &quot;&lt;a class=\&quot;link\&quot; href=\&quot;mars2.html?a=fly_at_own_risk\&quot;&gt;\n                &lt;i class=\&quot;icon-travel-exchange\&quot;&gt;&lt;/i&gt;\n                &lt;span class=\&quot;link-text\&quot;&gt;Fly at your own risk&lt;/span&gt;\n              &lt;/a&gt;&quot;,
      &quot;target&quot; : [ &quot;a[href=\&quot;mars2.html?a=fly_at_own_risk\&quot;]&quot; ],
      &quot;impact&quot; : null,
      &quot;any&quot; : [ {
        &quot;id&quot; : &quot;has-visible-text&quot;,
        &quot;impact&quot; : &quot;minor&quot;,
        &quot;message&quot; : &quot;Element has text that is visible to screen readers&quot;,
        &quot;data&quot; : null,
        &quot;relatedNodes&quot; : [ ]
      } ],
      &quot;all&quot; : [ ],
      &quot;none&quot; : [ {
        &quot;id&quot; : &quot;focusable-no-name&quot;,
        &quot;impact&quot; : &quot;serious&quot;,
        &quot;message&quot; : &quot;Element is not in tab order or has accessible text&quot;,
        &quot;data&quot; : null,
        &quot;relatedNodes&quot; : [ ]
      } ],
      &quot;failureSummary&quot; : null
    }, {
      &quot;html&quot; : &quot;&lt;a class=\&quot;link\&quot; href=\&quot;mars2.html?a=contact_us\&quot;&gt;\n                &lt;i class=\&quot;icon-travel-phone\&quot;&gt;&lt;/i&gt;\n                &lt;span class=\&quot;link-text\&quot;&gt;Contact Us&lt;/span&gt;\n              &lt;/a&gt;&quot;,
      &quot;target&quot; : [ &quot;.link[href=\&quot;mars2.html?a=contact_us\&quot;]&quot; ],
      &quot;impact&quot; : null,
      &quot;any&quot; : [ {
        &quot;id&quot; : &quot;has-visible-text&quot;,
        &quot;impact&quot; : &quot;minor&quot;,
        &quot;message&quot; : &quot;Element has text that is visible to screen readers&quot;,
        &quot;data&quot; : null,
        &quot;relatedNodes&quot; : [ ]
      } ],
      &quot;all&quot; : [ ],
      &quot;none&quot; : [ {
        &quot;id&quot; : &quot;focusable-no-name&quot;,
        &quot;impact&quot; : &quot;serious&quot;,
        &quot;message&quot; : &quot;Element is not in tab order or has accessible text&quot;,
        &quot;data&quot; : null,
        &quot;relatedNodes&quot; : [ ]
      } ],
      &quot;failureSummary&quot; : null
    }, {
      &quot;html&quot; : &quot;&lt;a class=\&quot;\&quot; href=\&quot;mars2.html?a=crater_adventure\&quot;&gt;10% off Crater Adventure&lt;/a&gt;&quot;,
      &quot;target&quot; : [ &quot;li:nth-child(1) &gt; .deal-text &gt; h3 &gt; a[href=\&quot;mars2.html?a=crater_adventure\&quot;]&quot; ],
      &quot;impact&quot; : null,
      &quot;any&quot; : [ {
        &quot;id&quot; : &quot;has-visible-text&quot;,
        &quot;impact&quot; : &quot;minor&quot;,
        &quot;message&quot; : &quot;Element has text that is visible to screen readers&quot;,
        &quot;data&quot; : null,
        &quot;relatedNodes&quot; : [ ]
      } ],
      &quot;all&quot; : [ ],
      &quot;none&quot; : [ {
        &quot;id&quot; : &quot;focusable-no-name&quot;,
        &quot;impact&quot; : &quot;serious&quot;,
        &quot;message&quot; : &quot;Element is not in tab order or has accessible text&quot;,
        &quot;data&quot; : null,
        &quot;relatedNodes&quot; : [ ]
      } ],
      &quot;failureSummary&quot; : null
    }, {
      &quot;html&quot; : &quot;&lt;a href=\&quot;mars2.html?a=crater_adventure\&quot;&gt;Book your MarStar Crater Package today to save!&lt;/a&gt;&quot;,
      &quot;target&quot; : [ &quot;li:nth-child(1) &gt; .deal-text &gt; p &gt; a[href=\&quot;mars2.html?a=crater_adventure\&quot;]&quot; ],
      &quot;impact&quot; : null,
      &quot;any&quot; : [ {
        &quot;id&quot; : &quot;has-visible-text&quot;,
        &quot;impact&quot; : &quot;minor&quot;,
        &quot;message&quot; : &quot;Element has text that is visible to screen readers&quot;,
        &quot;data&quot; : null,
        &quot;relatedNodes&quot; : [ ]
      } ],
      &quot;all&quot; : [ ],
      &quot;none&quot; : [ {
        &quot;id&quot; : &quot;focusable-no-name&quot;,
        &quot;impact&quot; : &quot;serious&quot;,
        &quot;message&quot; : &quot;Element is not in tab order or has accessible text&quot;,
        &quot;data&quot; : null,
        &quot;relatedNodes&quot; : [ ]
      } ],
      &quot;failureSummary&quot; : null
    }, {
      &quot;html&quot; : &quot;&lt;a href=\&quot;mars2.html?a=ice_cream\&quot;&gt;\n&lt;img src=\&quot;/assets/demo-sites/mars/images/space-station.jpg\&quot; class=\&quot;\&quot; width=\&quot;210\&quot; height=\&quot;120\&quot; alt=\&quot;icecream.jpg \&quot;&gt;&lt;/a&gt;&quot;,
      &quot;target&quot; : [ &quot;li:nth-child(2) &gt; a[href=\&quot;mars2.html?a=ice_cream\&quot;]&quot; ],
      &quot;impact&quot; : null,
      &quot;any&quot; : [ {
        &quot;id&quot; : &quot;has-visible-text&quot;,
        &quot;impact&quot; : &quot;minor&quot;,
        &quot;message&quot; : &quot;Element has text that is visible to screen readers&quot;,
        &quot;data&quot; : null,
        &quot;relatedNodes&quot; : [ ]
      } ],
      &quot;all&quot; : [ ],
      &quot;none&quot; : [ {
        &quot;id&quot; : &quot;focusable-no-name&quot;,
        &quot;impact&quot; : &quot;serious&quot;,
        &quot;message&quot; : &quot;Element is not in tab order or has accessible text&quot;,
        &quot;data&quot; : null,
        &quot;relatedNodes&quot; : [ ]
      } ],
      &quot;failureSummary&quot; : null
    }, {
      &quot;html&quot; : &quot;&lt;a class=\&quot;\&quot; href=\&quot;mars2.html?a=ice_cream\&quot;&gt;Free Astronaut Ice Cream&lt;/a&gt;&quot;,
      &quot;target&quot; : [ &quot;li:nth-child(2) &gt; .deal-text &gt; h3 &gt; a[href=\&quot;mars2.html?a=ice_cream\&quot;]&quot; ],
      &quot;impact&quot; : null,
      &quot;any&quot; : [ {
        &quot;id&quot; : &quot;has-visible-text&quot;,
        &quot;impact&quot; : &quot;minor&quot;,
        &quot;message&quot; : &quot;Element has text that is visible to screen readers&quot;,
        &quot;data&quot; : null,
        &quot;relatedNodes&quot; : [ ]
      } ],
      &quot;all&quot; : [ ],
      &quot;none&quot; : [ {
        &quot;id&quot; : &quot;focusable-no-name&quot;,
        &quot;impact&quot; : &quot;serious&quot;,
        &quot;message&quot; : &quot;Element is not in tab order or has accessible text&quot;,
        &quot;data&quot; : null,
        &quot;relatedNodes&quot; : [ ]
      } ],
      &quot;failureSummary&quot; : null
    }, {
      &quot;html&quot; : &quot;&lt;a class=\&quot;link-arrow\&quot; href=\&quot;mars2.html?a=ice_cream\&quot;&gt;Get your free dehydrated ice cream!&lt;/a&gt;&quot;,
      &quot;target&quot; : [ &quot;li:nth-child(2) &gt; .deal-text &gt; p &gt; .link-arrow[href=\&quot;mars2.html?a=ice_cream\&quot;]&quot; ],
      &quot;impact&quot; : null,
      &quot;any&quot; : [ {
        &quot;id&quot; : &quot;has-visible-text&quot;,
        &quot;impact&quot; : &quot;minor&quot;,
        &quot;message&quot; : &quot;Element has text that is visible to screen readers&quot;,
        &quot;data&quot; : null,
        &quot;relatedNodes&quot; : [ ]
      } ],
      &quot;all&quot; : [ ],
      &quot;none&quot; : [ {
        &quot;id&quot; : &quot;focusable-no-name&quot;,
        &quot;impact&quot; : &quot;serious&quot;,
        &quot;message&quot; : &quot;Element is not in tab order or has accessible text&quot;,
        &quot;data&quot; : null,
        &quot;relatedNodes&quot; : [ ]
      } ],
      &quot;failureSummary&quot; : null
    }, {
      &quot;html&quot; : &quot;&lt;a href=\&quot;mars2.html?a=low_price_guarantee\&quot;&gt; &lt;img src=\&quot;/assets/demo-sites/mars/images/mars-lander.jpg\&quot; class=\&quot;\&quot; width=\&quot;210\&quot; height=\&quot;120\&quot; alt=\&quot;Mars Lander\&quot;&gt;&lt;/a&gt;&quot;,
      &quot;target&quot; : [ &quot;.carousel &gt; ul &gt; li:nth-child(3) &gt; a&quot; ],
      &quot;impact&quot; : null,
      &quot;any&quot; : [ {
        &quot;id&quot; : &quot;has-visible-text&quot;,
        &quot;impact&quot; : &quot;minor&quot;,
        &quot;message&quot; : &quot;Element has text that is visible to screen readers&quot;,
        &quot;data&quot; : null,
        &quot;relatedNodes&quot; : [ ]
      } ],
      &quot;all&quot; : [ ],
      &quot;none&quot; : [ {
        &quot;id&quot; : &quot;focusable-no-name&quot;,
        &quot;impact&quot; : &quot;serious&quot;,
        &quot;message&quot; : &quot;Element is not in tab order or has accessible text&quot;,
        &quot;data&quot; : null,
        &quot;relatedNodes&quot; : [ ]
      } ],
      &quot;failureSummary&quot; : null
    }, {
      &quot;html&quot; : &quot;&lt;a class=\&quot;link\&quot; href=\&quot;mars2.html?a=low_price_guarantee\&quot;&gt;Lowest Price Guarantee&lt;/a&gt;&quot;,
      &quot;target&quot; : [ &quot;li:nth-child(3) &gt; .deal-text &gt; h3 &gt; .link&quot; ],
      &quot;impact&quot; : null,
      &quot;any&quot; : [ {
        &quot;id&quot; : &quot;has-visible-text&quot;,
        &quot;impact&quot; : &quot;minor&quot;,
        &quot;message&quot; : &quot;Element has text that is visible to screen readers&quot;,
        &quot;data&quot; : null,
        &quot;relatedNodes&quot; : [ ]
      } ],
      &quot;all&quot; : [ ],
      &quot;none&quot; : [ {
        &quot;id&quot; : &quot;focusable-no-name&quot;,
        &quot;impact&quot; : &quot;serious&quot;,
        &quot;message&quot; : &quot;Element is not in tab order or has accessible text&quot;,
        &quot;data&quot; : null,
        &quot;relatedNodes&quot; : [ ]
      } ],
      &quot;failureSummary&quot; : null
    }, {
      &quot;html&quot; : &quot;&lt;a href=\&quot;mars2.html?a=low_price_guarantee\&quot;&gt;Find out how this deal works.&lt;/a&gt;&quot;,
      &quot;target&quot; : [ &quot;li:nth-child(3) &gt; .deal-text &gt; p:nth-child(2) &gt; a&quot; ],
      &quot;impact&quot; : null,
      &quot;any&quot; : [ {
        &quot;id&quot; : &quot;has-visible-text&quot;,
        &quot;impact&quot; : &quot;minor&quot;,
        &quot;message&quot; : &quot;Element has text that is visible to screen readers&quot;,
        &quot;data&quot; : null,
        &quot;relatedNodes&quot; : [ ]
      } ],
      &quot;all&quot; : [ ],
      &quot;none&quot; : [ {
        &quot;id&quot; : &quot;focusable-no-name&quot;,
        &quot;impact&quot; : &quot;serious&quot;,
        &quot;message&quot; : &quot;Element is not in tab order or has accessible text&quot;,
        &quot;data&quot; : null,
        &quot;relatedNodes&quot; : [ ]
      } ],
      &quot;failureSummary&quot; : null
    }, {
      &quot;html&quot; : &quot;&lt;a href=\&quot;mars2.html?a=send_kids_to_mars\&quot;&gt;\n&lt;img src=\&quot;/assets/demo-sites/mars/images/kids-space.jpg\&quot; class=\&quot;\&quot; width=\&quot;210\&quot; height=\&quot;120\&quot; alt=\&quot;Kids in space suits \&quot;&gt;&lt;/a&gt;&quot;,
      &quot;target&quot; : [ &quot;li:nth-child(4) &gt; a[href=\&quot;mars2.html?a=send_kids_to_mars\&quot;]&quot; ],
      &quot;impact&quot; : null,
      &quot;any&quot; : [ {
        &quot;id&quot; : &quot;has-visible-text&quot;,
        &quot;impact&quot; : &quot;minor&quot;,
        &quot;message&quot; : &quot;Element has text that is visible to screen readers&quot;,
        &quot;data&quot; : null,
        &quot;relatedNodes&quot; : [ ]
      } ],
      &quot;all&quot; : [ ],
      &quot;none&quot; : [ {
        &quot;id&quot; : &quot;focusable-no-name&quot;,
        &quot;impact&quot; : &quot;serious&quot;,
        &quot;message&quot; : &quot;Element is not in tab order or has accessible text&quot;,
        &quot;data&quot; : null,
        &quot;relatedNodes&quot; : [ ]
      } ],
      &quot;failureSummary&quot; : null
    }, {
      &quot;html&quot; : &quot;&lt;a class=\&quot;\&quot; href=\&quot;mars2.html?a=send_kids_to_mars\&quot;&gt;Send Your Kids to Mars!&lt;/a&gt;&quot;,
      &quot;target&quot; : [ &quot;li:nth-child(4) &gt; .deal-text &gt; h3 &gt; a[href=\&quot;mars2.html?a=send_kids_to_mars\&quot;]&quot; ],
      &quot;impact&quot; : null,
      &quot;any&quot; : [ {
        &quot;id&quot; : &quot;has-visible-text&quot;,
        &quot;impact&quot; : &quot;minor&quot;,
        &quot;message&quot; : &quot;Element has text that is visible to screen readers&quot;,
        &quot;data&quot; : null,
        &quot;relatedNodes&quot; : [ ]
      } ],
      &quot;all&quot; : [ ],
      &quot;none&quot; : [ {
        &quot;id&quot; : &quot;focusable-no-name&quot;,
        &quot;impact&quot; : &quot;serious&quot;,
        &quot;message&quot; : &quot;Element is not in tab order or has accessible text&quot;,
        &quot;data&quot; : null,
        &quot;relatedNodes&quot; : [ ]
      } ],
      &quot;failureSummary&quot; : null
    }, {
      &quot;html&quot; : &quot;&lt;a class=\&quot;link-arrow\&quot; href=\&quot;mars2.html?a=send_kids_to_mars\&quot;&gt;Send your kids to mars&lt;/a&gt;&quot;,
      &quot;target&quot; : [ &quot;li:nth-child(4) &gt; .deal-text &gt; p &gt; .link-arrow[href=\&quot;mars2.html?a=send_kids_to_mars\&quot;]&quot; ],
      &quot;impact&quot; : null,
      &quot;any&quot; : [ {
        &quot;id&quot; : &quot;has-visible-text&quot;,
        &quot;impact&quot; : &quot;minor&quot;,
        &quot;message&quot; : &quot;Element has text that is visible to screen readers&quot;,
        &quot;data&quot; : null,
        &quot;relatedNodes&quot; : [ ]
      } ],
      &quot;all&quot; : [ ],
      &quot;none&quot; : [ {
        &quot;id&quot; : &quot;focusable-no-name&quot;,
        &quot;impact&quot; : &quot;serious&quot;,
        &quot;message&quot; : &quot;Element is not in tab order or has accessible text&quot;,
        &quot;data&quot; : null,
        &quot;relatedNodes&quot; : [ ]
      } ],
      &quot;failureSummary&quot; : null
    }, {
      &quot;html&quot; : &quot;&lt;a href=\&quot;mars2.html?a=wookie\&quot;&gt;\n&lt;img src=\&quot;/assets/demo-sites/mars/images/wookie.jpg\&quot; class=\&quot;\&quot; width=\&quot;210\&quot; height=\&quot;120\&quot; alt=\&quot;Wookie\&quot;&gt;&lt;/a&gt;&quot;,
      &quot;target&quot; : [ &quot;li:nth-child(5) &gt; a[href=\&quot;mars2.html?a=wookie\&quot;]&quot; ],
      &quot;impact&quot; : null,
      &quot;any&quot; : [ {
        &quot;id&quot; : &quot;has-visible-text&quot;,
        &quot;impact&quot; : &quot;minor&quot;,
        &quot;message&quot; : &quot;Element has text that is visible to screen readers&quot;,
        &quot;data&quot; : null,
        &quot;relatedNodes&quot; : [ ]
      } ],
      &quot;all&quot; : [ ],
      &quot;none&quot; : [ {
        &quot;id&quot; : &quot;focusable-no-name&quot;,
        &quot;impact&quot; : &quot;serious&quot;,
        &quot;message&quot; : &quot;Element is not in tab order or has accessible text&quot;,
        &quot;data&quot; : null,
        &quot;relatedNodes&quot; : [ ]
      } ],
      &quot;failureSummary&quot; : null
    }, {
      &quot;html&quot; : &quot;&lt;a class=\&quot;\&quot; href=\&quot;mars2.html?a=wookie\&quot;&gt;Fly with a Wookie&lt;/a&gt;&quot;,
      &quot;target&quot; : [ &quot;li:nth-child(5) &gt; .deal-text &gt; h3 &gt; a[href=\&quot;mars2.html?a=wookie\&quot;]&quot; ],
      &quot;impact&quot; : null,
      &quot;any&quot; : [ {
        &quot;id&quot; : &quot;has-visible-text&quot;,
        &quot;impact&quot; : &quot;minor&quot;,
        &quot;message&quot; : &quot;Element has text that is visible to screen readers&quot;,
        &quot;data&quot; : null,
        &quot;relatedNodes&quot; : [ ]
      } ],
      &quot;all&quot; : [ ],
      &quot;none&quot; : [ {
        &quot;id&quot; : &quot;focusable-no-name&quot;,
        &quot;impact&quot; : &quot;serious&quot;,
        &quot;message&quot; : &quot;Element is not in tab order or has accessible text&quot;,
        &quot;data&quot; : null,
        &quot;relatedNodes&quot; : [ ]
      } ],
      &quot;failureSummary&quot; : null
    }, {
      &quot;html&quot; : &quot;&lt;a class=\&quot;link-arrow\&quot; href=\&quot;mars2.html?a=wookie\&quot;&gt;Fly with a Wookie!&lt;/a&gt;&quot;,
      &quot;target&quot; : [ &quot;li:nth-child(5) &gt; .deal-text &gt; p &gt; .link-arrow[href=\&quot;mars2.html?a=wookie\&quot;]&quot; ],
      &quot;impact&quot; : null,
      &quot;any&quot; : [ {
        &quot;id&quot; : &quot;has-visible-text&quot;,
        &quot;impact&quot; : &quot;minor&quot;,
        &quot;message&quot; : &quot;Element has text that is visible to screen readers&quot;,
        &quot;data&quot; : null,
        &quot;relatedNodes&quot; : [ ]
      } ],
      &quot;all&quot; : [ ],
      &quot;none&quot; : [ {
        &quot;id&quot; : &quot;focusable-no-name&quot;,
        &quot;impact&quot; : &quot;serious&quot;,
        &quot;message&quot; : &quot;Element is not in tab order or has accessible text&quot;,
        &quot;data&quot; : null,
        &quot;relatedNodes&quot; : [ ]
      } ],
      &quot;failureSummary&quot; : null
    }, {
      &quot;html&quot; : &quot;&lt;a href=\&quot;mars2.html?a=stay_connected\&quot;&gt;\n&lt;img src=\&quot;/assets/demo-sites/mars/images/global-free-days.jpg\&quot; class=\&quot;\&quot; width=\&quot;210\&quot; height=\&quot;120\&quot; alt=\&quot;Martian sunrise.\&quot;&gt;&lt;/a&gt;&quot;,
      &quot;target&quot; : [ &quot;li:nth-child(6) &gt; a[href=\&quot;mars2.html?a=stay_connected\&quot;]&quot; ],
      &quot;impact&quot; : null,
      &quot;any&quot; : [ {
        &quot;id&quot; : &quot;has-visible-text&quot;,
        &quot;impact&quot; : &quot;minor&quot;,
        &quot;message&quot; : &quot;Element has text that is visible to screen readers&quot;,
        &quot;data&quot; : null,
        &quot;relatedNodes&quot; : [ ]
      } ],
      &quot;all&quot; : [ ],
      &quot;none&quot; : [ {
        &quot;id&quot; : &quot;focusable-no-name&quot;,
        &quot;impact&quot; : &quot;serious&quot;,
        &quot;message&quot; : &quot;Element is not in tab order or has accessible text&quot;,
        &quot;data&quot; : null,
        &quot;relatedNodes&quot; : [ ]
      } ],
      &quot;failureSummary&quot; : null
    }, {
      &quot;html&quot; : &quot;&lt;a class=\&quot;\&quot; href=\&quot;mars2.html?a=stay_connected\&quot;&gt;Get Radio on Uranus &lt;/a&gt;&quot;,
      &quot;target&quot; : [ &quot;li:nth-child(6) &gt; .deal-text &gt; h3 &gt; a[href=\&quot;mars2.html?a=stay_connected\&quot;]&quot; ],
      &quot;impact&quot; : null,
      &quot;any&quot; : [ {
        &quot;id&quot; : &quot;has-visible-text&quot;,
        &quot;impact&quot; : &quot;minor&quot;,
        &quot;message&quot; : &quot;Element has text that is visible to screen readers&quot;,
        &quot;data&quot; : null,
        &quot;relatedNodes&quot; : [ ]
      } ],
      &quot;all&quot; : [ ],
      &quot;none&quot; : [ {
        &quot;id&quot; : &quot;focusable-no-name&quot;,
        &quot;impact&quot; : &quot;serious&quot;,
        &quot;message&quot; : &quot;Element is not in tab order or has accessible text&quot;,
        &quot;data&quot; : null,
        &quot;relatedNodes&quot; : [ ]
      } ],
      &quot;failureSummary&quot; : null
    }, {
      &quot;html&quot; : &quot;&lt;a href=\&quot;mars2.html?a=stay_connected\&quot;&gt;Find out about radio connectivity today.&lt;/a&gt;&quot;,
      &quot;target&quot; : [ &quot;li:nth-child(6) &gt; .deal-text &gt; p &gt; a[href=\&quot;mars2.html?a=stay_connected\&quot;]&quot; ],
      &quot;impact&quot; : null,
      &quot;any&quot; : [ {
        &quot;id&quot; : &quot;has-visible-text&quot;,
        &quot;impact&quot; : &quot;minor&quot;,
        &quot;message&quot; : &quot;Element has text that is visible to screen readers&quot;,
        &quot;data&quot; : null,
        &quot;relatedNodes&quot; : [ ]
      } ],
      &quot;all&quot; : [ ],
      &quot;none&quot; : [ {
        &quot;id&quot; : &quot;focusable-no-name&quot;,
        &quot;impact&quot; : &quot;serious&quot;,
        &quot;message&quot; : &quot;Element is not in tab order or has accessible text&quot;,
        &quot;data&quot; : null,
        &quot;relatedNodes&quot; : [ ]
      } ],
      &quot;failureSummary&quot; : null
    }, {
      &quot;html&quot; : &quot;&lt;a href=\&quot;mars2.html?a=free_year\&quot;&gt;\n&lt;img src=\&quot;/assets/demo-sites/mars/images/mars-sunrise.jpg\&quot; class=\&quot;\&quot; width=\&quot;210\&quot; height=\&quot;120\&quot; alt=\&quot;Beautiful baboon, blowing bubbles, biking backward\&quot;&gt;&lt;/a&gt;&quot;,
      &quot;target&quot; : [ &quot;li:nth-child(7) &gt; a[href=\&quot;mars2.html?a=free_year\&quot;]&quot; ],
      &quot;impact&quot; : null,
      &quot;any&quot; : [ {
        &quot;id&quot; : &quot;has-visible-text&quot;,
        &quot;impact&quot; : &quot;minor&quot;,
        &quot;message&quot; : &quot;Element has text that is visible to screen readers&quot;,
        &quot;data&quot; : null,
        &quot;relatedNodes&quot; : [ ]
      } ],
      &quot;all&quot; : [ ],
      &quot;none&quot; : [ {
        &quot;id&quot; : &quot;focusable-no-name&quot;,
        &quot;impact&quot; : &quot;serious&quot;,
        &quot;message&quot; : &quot;Element is not in tab order or has accessible text&quot;,
        &quot;data&quot; : null,
        &quot;relatedNodes&quot; : [ ]
      } ],
      &quot;failureSummary&quot; : null
    }, {
      &quot;html&quot; : &quot;&lt;a class=\&quot;\&quot; href=\&quot;mars2.html?a=free_year\&quot;&gt;Free Year on Mars&lt;/a&gt;&quot;,
      &quot;target&quot; : [ &quot;li:nth-child(7) &gt; .deal-text &gt; h3 &gt; a[href=\&quot;mars2.html?a=free_year\&quot;]&quot; ],
      &quot;impact&quot; : null,
      &quot;any&quot; : [ {
        &quot;id&quot; : &quot;has-visible-text&quot;,
        &quot;impact&quot; : &quot;minor&quot;,
        &quot;message&quot; : &quot;Element has text that is visible to screen readers&quot;,
        &quot;data&quot; : null,
        &quot;relatedNodes&quot; : [ ]
      } ],
      &quot;all&quot; : [ ],
      &quot;none&quot; : [ {
        &quot;id&quot; : &quot;focusable-no-name&quot;,
        &quot;impact&quot; : &quot;serious&quot;,
        &quot;message&quot; : &quot;Element is not in tab order or has accessible text&quot;,
        &quot;data&quot; : null,
        &quot;relatedNodes&quot; : [ ]
      } ],
      &quot;failureSummary&quot; : null
    }, {
      &quot;html&quot; : &quot;&lt;a href=\&quot;mars2.html?a=free_year\&quot;&gt;Book a free year on Mars&lt;/a&gt;&quot;,
      &quot;target&quot; : [ &quot;li:nth-child(7) &gt; .deal-text &gt; p &gt; a[href=\&quot;mars2.html?a=free_year\&quot;]&quot; ],
      &quot;impact&quot; : null,
      &quot;any&quot; : [ {
        &quot;id&quot; : &quot;has-visible-text&quot;,
        &quot;impact&quot; : &quot;minor&quot;,
        &quot;message&quot; : &quot;Element has text that is visible to screen readers&quot;,
        &quot;data&quot; : null,
        &quot;relatedNodes&quot; : [ ]
      } ],
      &quot;all&quot; : [ ],
      &quot;none&quot; : [ {
        &quot;id&quot; : &quot;focusable-no-name&quot;,
        &quot;impact&quot; : &quot;serious&quot;,
        &quot;message&quot; : &quot;Element is not in tab order or has accessible text&quot;,
        &quot;data&quot; : null,
        &quot;relatedNodes&quot; : [ ]
      } ],
      &quot;failureSummary&quot; : null
    }, {
      &quot;html&quot; : &quot;&lt;a class=\&quot;\&quot; href=\&quot;mars2.html?a=crater_adventure\&quot;&gt;10% off Crater Adventure&lt;/a&gt;&quot;,
      &quot;target&quot; : [ &quot;li:nth-child(8) &gt; .deal-text &gt; h3 &gt; a[href=\&quot;mars2.html?a=crater_adventure\&quot;]&quot; ],
      &quot;impact&quot; : null,
      &quot;any&quot; : [ {
        &quot;id&quot; : &quot;has-visible-text&quot;,
        &quot;impact&quot; : &quot;minor&quot;,
        &quot;message&quot; : &quot;Element has text that is visible to screen readers&quot;,
        &quot;data&quot; : null,
        &quot;relatedNodes&quot; : [ ]
      } ],
      &quot;all&quot; : [ ],
      &quot;none&quot; : [ {
        &quot;id&quot; : &quot;focusable-no-name&quot;,
        &quot;impact&quot; : &quot;serious&quot;,
        &quot;message&quot; : &quot;Element is not in tab order or has accessible text&quot;,
        &quot;data&quot; : null,
        &quot;relatedNodes&quot; : [ ]
      } ],
      &quot;failureSummary&quot; : null
    }, {
      &quot;html&quot; : &quot;&lt;a href=\&quot;mars2.html?a=crater_adventure\&quot;&gt;Book your MarStar Crater Package today to save!&lt;/a&gt;&quot;,
      &quot;target&quot; : [ &quot;li:nth-child(8) &gt; .deal-text &gt; p &gt; a[href=\&quot;mars2.html?a=crater_adventure\&quot;]&quot; ],
      &quot;impact&quot; : null,
      &quot;any&quot; : [ {
        &quot;id&quot; : &quot;has-visible-text&quot;,
        &quot;impact&quot; : &quot;minor&quot;,
        &quot;message&quot; : &quot;Element has text that is visible to screen readers&quot;,
        &quot;data&quot; : null,
        &quot;relatedNodes&quot; : [ ]
      } ],
      &quot;all&quot; : [ ],
      &quot;none&quot; : [ {
        &quot;id&quot; : &quot;focusable-no-name&quot;,
        &quot;impact&quot; : &quot;serious&quot;,
        &quot;message&quot; : &quot;Element is not in tab order or has accessible text&quot;,
        &quot;data&quot; : null,
        &quot;relatedNodes&quot; : [ ]
      } ],
      &quot;failureSummary&quot; : null
    }, {
      &quot;html&quot; : &quot;&lt;a href=\&quot;mars2.html?a=ice_cream\&quot;&gt;\n&lt;img src=\&quot;/assets/demo-sites/mars/images/space-station.jpg\&quot; class=\&quot;\&quot; width=\&quot;210\&quot; height=\&quot;120\&quot; alt=\&quot;icecream.jpg \&quot;&gt;&lt;/a&gt;&quot;,
      &quot;target&quot; : [ &quot;li:nth-child(9) &gt; a[href=\&quot;mars2.html?a=ice_cream\&quot;]&quot; ],
      &quot;impact&quot; : null,
      &quot;any&quot; : [ {
        &quot;id&quot; : &quot;has-visible-text&quot;,
        &quot;impact&quot; : &quot;minor&quot;,
        &quot;message&quot; : &quot;Element has text that is visible to screen readers&quot;,
        &quot;data&quot; : null,
        &quot;relatedNodes&quot; : [ ]
      } ],
      &quot;all&quot; : [ ],
      &quot;none&quot; : [ {
        &quot;id&quot; : &quot;focusable-no-name&quot;,
        &quot;impact&quot; : &quot;serious&quot;,
        &quot;message&quot; : &quot;Element is not in tab order or has accessible text&quot;,
        &quot;data&quot; : null,
        &quot;relatedNodes&quot; : [ ]
      } ],
      &quot;failureSummary&quot; : null
    }, {
      &quot;html&quot; : &quot;&lt;a class=\&quot;\&quot; href=\&quot;mars2.html?a=ice_cream\&quot;&gt;Free Astronaut Ice Cream&lt;/a&gt;&quot;,
      &quot;target&quot; : [ &quot;li:nth-child(9) &gt; .deal-text &gt; h3 &gt; a[href=\&quot;mars2.html?a=ice_cream\&quot;]&quot; ],
      &quot;impact&quot; : null,
      &quot;any&quot; : [ {
        &quot;id&quot; : &quot;has-visible-text&quot;,
        &quot;impact&quot; : &quot;minor&quot;,
        &quot;message&quot; : &quot;Element has text that is visible to screen readers&quot;,
        &quot;data&quot; : null,
        &quot;relatedNodes&quot; : [ ]
      } ],
      &quot;all&quot; : [ ],
      &quot;none&quot; : [ {
        &quot;id&quot; : &quot;focusable-no-name&quot;,
        &quot;impact&quot; : &quot;serious&quot;,
        &quot;message&quot; : &quot;Element is not in tab order or has accessible text&quot;,
        &quot;data&quot; : null,
        &quot;relatedNodes&quot; : [ ]
      } ],
      &quot;failureSummary&quot; : null
    }, {
      &quot;html&quot; : &quot;&lt;a class=\&quot;link-arrow\&quot; href=\&quot;mars2.html?a=ice_cream\&quot;&gt;Get your free dehydrated ice cream!&lt;/a&gt;&quot;,
      &quot;target&quot; : [ &quot;li:nth-child(9) &gt; .deal-text &gt; p &gt; .link-arrow[href=\&quot;mars2.html?a=ice_cream\&quot;]&quot; ],
      &quot;impact&quot; : null,
      &quot;any&quot; : [ {
        &quot;id&quot; : &quot;has-visible-text&quot;,
        &quot;impact&quot; : &quot;minor&quot;,
        &quot;message&quot; : &quot;Element has text that is visible to screen readers&quot;,
        &quot;data&quot; : null,
        &quot;relatedNodes&quot; : [ ]
      } ],
      &quot;all&quot; : [ ],
      &quot;none&quot; : [ {
        &quot;id&quot; : &quot;focusable-no-name&quot;,
        &quot;impact&quot; : &quot;serious&quot;,
        &quot;message&quot; : &quot;Element is not in tab order or has accessible text&quot;,
        &quot;data&quot; : null,
        &quot;relatedNodes&quot; : [ ]
      } ],
      &quot;failureSummary&quot; : null
    }, {
      &quot;html&quot; : &quot;&lt;a href=\&quot;mars2.html?a=low_price_guarantee\&quot;&gt; &lt;img src=\&quot;/assets/demo-sites/mars/images/mars-lander.jpg\&quot; class=\&quot;\&quot; width=\&quot;210\&quot; height=\&quot;120\&quot; alt=\&quot;Mars Lander\&quot;&gt;&lt;/a&gt;&quot;,
      &quot;target&quot; : [ &quot;li:nth-child(10) &gt; a&quot; ],
      &quot;impact&quot; : null,
      &quot;any&quot; : [ {
        &quot;id&quot; : &quot;has-visible-text&quot;,
        &quot;impact&quot; : &quot;minor&quot;,
        &quot;message&quot; : &quot;Element has text that is visible to screen readers&quot;,
        &quot;data&quot; : null,
        &quot;relatedNodes&quot; : [ ]
      } ],
      &quot;all&quot; : [ ],
      &quot;none&quot; : [ {
        &quot;id&quot; : &quot;focusable-no-name&quot;,
        &quot;impact&quot; : &quot;serious&quot;,
        &quot;message&quot; : &quot;Element is not in tab order or has accessible text&quot;,
        &quot;data&quot; : null,
        &quot;relatedNodes&quot; : [ ]
      } ],
      &quot;failureSummary&quot; : null
    }, {
      &quot;html&quot; : &quot;&lt;a class=\&quot;link\&quot; href=\&quot;mars2.html?a=low_price_guarantee\&quot;&gt;Lowest Price Guarantee&lt;/a&gt;&quot;,
      &quot;target&quot; : [ &quot;li:nth-child(10) &gt; .deal-text &gt; h3 &gt; .link&quot; ],
      &quot;impact&quot; : null,
      &quot;any&quot; : [ {
        &quot;id&quot; : &quot;has-visible-text&quot;,
        &quot;impact&quot; : &quot;minor&quot;,
        &quot;message&quot; : &quot;Element has text that is visible to screen readers&quot;,
        &quot;data&quot; : null,
        &quot;relatedNodes&quot; : [ ]
      } ],
      &quot;all&quot; : [ ],
      &quot;none&quot; : [ {
        &quot;id&quot; : &quot;focusable-no-name&quot;,
        &quot;impact&quot; : &quot;serious&quot;,
        &quot;message&quot; : &quot;Element is not in tab order or has accessible text&quot;,
        &quot;data&quot; : null,
        &quot;relatedNodes&quot; : [ ]
      } ],
      &quot;failureSummary&quot; : null
    }, {
      &quot;html&quot; : &quot;&lt;a href=\&quot;mars2.html?a=low_price_guarantee\&quot;&gt;Find out how this deal works.&lt;/a&gt;&quot;,
      &quot;target&quot; : [ &quot;li:nth-child(10) &gt; .deal-text &gt; p:nth-child(2) &gt; a&quot; ],
      &quot;impact&quot; : null,
      &quot;any&quot; : [ {
        &quot;id&quot; : &quot;has-visible-text&quot;,
        &quot;impact&quot; : &quot;minor&quot;,
        &quot;message&quot; : &quot;Element has text that is visible to screen readers&quot;,
        &quot;data&quot; : null,
        &quot;relatedNodes&quot; : [ ]
      } ],
      &quot;all&quot; : [ ],
      &quot;none&quot; : [ {
        &quot;id&quot; : &quot;focusable-no-name&quot;,
        &quot;impact&quot; : &quot;serious&quot;,
        &quot;message&quot; : &quot;Element is not in tab order or has accessible text&quot;,
        &quot;data&quot; : null,
        &quot;relatedNodes&quot; : [ ]
      } ],
      &quot;failureSummary&quot; : null
    }, {
      &quot;html&quot; : &quot;&lt;a href=\&quot;mars2.html?a=send_kids_to_mars\&quot;&gt;\n&lt;img src=\&quot;/assets/demo-sites/mars/images/kids-space.jpg\&quot; class=\&quot;\&quot; width=\&quot;210\&quot; height=\&quot;120\&quot; alt=\&quot;Kids in space suits \&quot;&gt;&lt;/a&gt;&quot;,
      &quot;target&quot; : [ &quot;li:nth-child(11) &gt; a[href=\&quot;mars2.html?a=send_kids_to_mars\&quot;]&quot; ],
      &quot;impact&quot; : null,
      &quot;any&quot; : [ {
        &quot;id&quot; : &quot;has-visible-text&quot;,
        &quot;impact&quot; : &quot;minor&quot;,
        &quot;message&quot; : &quot;Element has text that is visible to screen readers&quot;,
        &quot;data&quot; : null,
        &quot;relatedNodes&quot; : [ ]
      } ],
      &quot;all&quot; : [ ],
      &quot;none&quot; : [ {
        &quot;id&quot; : &quot;focusable-no-name&quot;,
        &quot;impact&quot; : &quot;serious&quot;,
        &quot;message&quot; : &quot;Element is not in tab order or has accessible text&quot;,
        &quot;data&quot; : null,
        &quot;relatedNodes&quot; : [ ]
      } ],
      &quot;failureSummary&quot; : null
    }, {
      &quot;html&quot; : &quot;&lt;a class=\&quot;\&quot; href=\&quot;mars2.html?a=send_kids_to_mars\&quot;&gt;Send Your Kids to Mars!&lt;/a&gt;&quot;,
      &quot;target&quot; : [ &quot;li:nth-child(11) &gt; .deal-text &gt; h3 &gt; a[href=\&quot;mars2.html?a=send_kids_to_mars\&quot;]&quot; ],
      &quot;impact&quot; : null,
      &quot;any&quot; : [ {
        &quot;id&quot; : &quot;has-visible-text&quot;,
        &quot;impact&quot; : &quot;minor&quot;,
        &quot;message&quot; : &quot;Element has text that is visible to screen readers&quot;,
        &quot;data&quot; : null,
        &quot;relatedNodes&quot; : [ ]
      } ],
      &quot;all&quot; : [ ],
      &quot;none&quot; : [ {
        &quot;id&quot; : &quot;focusable-no-name&quot;,
        &quot;impact&quot; : &quot;serious&quot;,
        &quot;message&quot; : &quot;Element is not in tab order or has accessible text&quot;,
        &quot;data&quot; : null,
        &quot;relatedNodes&quot; : [ ]
      } ],
      &quot;failureSummary&quot; : null
    }, {
      &quot;html&quot; : &quot;&lt;a class=\&quot;link-arrow\&quot; href=\&quot;mars2.html?a=send_kids_to_mars\&quot;&gt;Send your kids to mars&lt;/a&gt;&quot;,
      &quot;target&quot; : [ &quot;li:nth-child(11) &gt; .deal-text &gt; p &gt; .link-arrow[href=\&quot;mars2.html?a=send_kids_to_mars\&quot;]&quot; ],
      &quot;impact&quot; : null,
      &quot;any&quot; : [ {
        &quot;id&quot; : &quot;has-visible-text&quot;,
        &quot;impact&quot; : &quot;minor&quot;,
        &quot;message&quot; : &quot;Element has text that is visible to screen readers&quot;,
        &quot;data&quot; : null,
        &quot;relatedNodes&quot; : [ ]
      } ],
      &quot;all&quot; : [ ],
      &quot;none&quot; : [ {
        &quot;id&quot; : &quot;focusable-no-name&quot;,
        &quot;impact&quot; : &quot;serious&quot;,
        &quot;message&quot; : &quot;Element is not in tab order or has accessible text&quot;,
        &quot;data&quot; : null,
        &quot;relatedNodes&quot; : [ ]
      } ],
      &quot;failureSummary&quot; : null
    }, {
      &quot;html&quot; : &quot;&lt;a href=\&quot;mars2.html?a=wookie\&quot;&gt;\n&lt;img src=\&quot;/assets/demo-sites/mars/images/wookie.jpg\&quot; class=\&quot;\&quot; width=\&quot;210\&quot; height=\&quot;120\&quot; alt=\&quot;Wookie\&quot;&gt;&lt;/a&gt;&quot;,
      &quot;target&quot; : [ &quot;li:nth-child(12) &gt; a[href=\&quot;mars2.html?a=wookie\&quot;]&quot; ],
      &quot;impact&quot; : null,
      &quot;any&quot; : [ {
        &quot;id&quot; : &quot;has-visible-text&quot;,
        &quot;impact&quot; : &quot;minor&quot;,
        &quot;message&quot; : &quot;Element has text that is visible to screen readers&quot;,
        &quot;data&quot; : null,
        &quot;relatedNodes&quot; : [ ]
      } ],
      &quot;all&quot; : [ ],
      &quot;none&quot; : [ {
        &quot;id&quot; : &quot;focusable-no-name&quot;,
        &quot;impact&quot; : &quot;serious&quot;,
        &quot;message&quot; : &quot;Element is not in tab order or has accessible text&quot;,
        &quot;data&quot; : null,
        &quot;relatedNodes&quot; : [ ]
      } ],
      &quot;failureSummary&quot; : null
    }, {
      &quot;html&quot; : &quot;&lt;a class=\&quot;\&quot; href=\&quot;mars2.html?a=wookie\&quot;&gt;Fly with a Wookie&lt;/a&gt;&quot;,
      &quot;target&quot; : [ &quot;li:nth-child(12) &gt; .deal-text &gt; h3 &gt; a[href=\&quot;mars2.html?a=wookie\&quot;]&quot; ],
      &quot;impact&quot; : null,
      &quot;any&quot; : [ {
        &quot;id&quot; : &quot;has-visible-text&quot;,
        &quot;impact&quot; : &quot;minor&quot;,
        &quot;message&quot; : &quot;Element has text that is visible to screen readers&quot;,
        &quot;data&quot; : null,
        &quot;relatedNodes&quot; : [ ]
      } ],
      &quot;all&quot; : [ ],
      &quot;none&quot; : [ {
        &quot;id&quot; : &quot;focusable-no-name&quot;,
        &quot;impact&quot; : &quot;serious&quot;,
        &quot;message&quot; : &quot;Element is not in tab order or has accessible text&quot;,
        &quot;data&quot; : null,
        &quot;relatedNodes&quot; : [ ]
      } ],
      &quot;failureSummary&quot; : null
    }, {
      &quot;html&quot; : &quot;&lt;a class=\&quot;link-arrow\&quot; href=\&quot;mars2.html?a=wookie\&quot;&gt;Fly with a Wookie!&lt;/a&gt;&quot;,
      &quot;target&quot; : [ &quot;li:nth-child(12) &gt; .deal-text &gt; p &gt; .link-arrow[href=\&quot;mars2.html?a=wookie\&quot;]&quot; ],
      &quot;impact&quot; : null,
      &quot;any&quot; : [ {
        &quot;id&quot; : &quot;has-visible-text&quot;,
        &quot;impact&quot; : &quot;minor&quot;,
        &quot;message&quot; : &quot;Element has text that is visible to screen readers&quot;,
        &quot;data&quot; : null,
        &quot;relatedNodes&quot; : [ ]
      } ],
      &quot;all&quot; : [ ],
      &quot;none&quot; : [ {
        &quot;id&quot; : &quot;focusable-no-name&quot;,
        &quot;impact&quot; : &quot;serious&quot;,
        &quot;message&quot; : &quot;Element is not in tab order or has accessible text&quot;,
        &quot;data&quot; : null,
        &quot;relatedNodes&quot; : [ ]
      } ],
      &quot;failureSummary&quot; : null
    }, {
      &quot;html&quot; : &quot;&lt;a href=\&quot;mars2.html?a=stay_connected\&quot;&gt;\n&lt;img src=\&quot;/assets/demo-sites/mars/images/global-free-days.jpg\&quot; class=\&quot;\&quot; width=\&quot;210\&quot; height=\&quot;120\&quot; alt=\&quot;Martian sunrise.\&quot;&gt;&lt;/a&gt;&quot;,
      &quot;target&quot; : [ &quot;li:nth-child(13) &gt; a[href=\&quot;mars2.html?a=stay_connected\&quot;]&quot; ],
      &quot;impact&quot; : null,
      &quot;any&quot; : [ {
        &quot;id&quot; : &quot;has-visible-text&quot;,
        &quot;impact&quot; : &quot;minor&quot;,
        &quot;message&quot; : &quot;Element has text that is visible to screen readers&quot;,
        &quot;data&quot; : null,
        &quot;relatedNodes&quot; : [ ]
      } ],
      &quot;all&quot; : [ ],
      &quot;none&quot; : [ {
        &quot;id&quot; : &quot;focusable-no-name&quot;,
        &quot;impact&quot; : &quot;serious&quot;,
        &quot;message&quot; : &quot;Element is not in tab order or has accessible text&quot;,
        &quot;data&quot; : null,
        &quot;relatedNodes&quot; : [ ]
      } ],
      &quot;failureSummary&quot; : null
    }, {
      &quot;html&quot; : &quot;&lt;a class=\&quot;\&quot; href=\&quot;mars2.html?a=stay_connected\&quot;&gt;Get Radio on Uranus &lt;/a&gt;&quot;,
      &quot;target&quot; : [ &quot;li:nth-child(13) &gt; .deal-text &gt; h3 &gt; a[href=\&quot;mars2.html?a=stay_connected\&quot;]&quot; ],
      &quot;impact&quot; : null,
      &quot;any&quot; : [ {
        &quot;id&quot; : &quot;has-visible-text&quot;,
        &quot;impact&quot; : &quot;minor&quot;,
        &quot;message&quot; : &quot;Element has text that is visible to screen readers&quot;,
        &quot;data&quot; : null,
        &quot;relatedNodes&quot; : [ ]
      } ],
      &quot;all&quot; : [ ],
      &quot;none&quot; : [ {
        &quot;id&quot; : &quot;focusable-no-name&quot;,
        &quot;impact&quot; : &quot;serious&quot;,
        &quot;message&quot; : &quot;Element is not in tab order or has accessible text&quot;,
        &quot;data&quot; : null,
        &quot;relatedNodes&quot; : [ ]
      } ],
      &quot;failureSummary&quot; : null
    }, {
      &quot;html&quot; : &quot;&lt;a href=\&quot;mars2.html?a=stay_connected\&quot;&gt;Find out about radio connectivity today.&lt;/a&gt;&quot;,
      &quot;target&quot; : [ &quot;li:nth-child(13) &gt; .deal-text &gt; p &gt; a[href=\&quot;mars2.html?a=stay_connected\&quot;]&quot; ],
      &quot;impact&quot; : null,
      &quot;any&quot; : [ {
        &quot;id&quot; : &quot;has-visible-text&quot;,
        &quot;impact&quot; : &quot;minor&quot;,
        &quot;message&quot; : &quot;Element has text that is visible to screen readers&quot;,
        &quot;data&quot; : null,
        &quot;relatedNodes&quot; : [ ]
      } ],
      &quot;all&quot; : [ ],
      &quot;none&quot; : [ {
        &quot;id&quot; : &quot;focusable-no-name&quot;,
        &quot;impact&quot; : &quot;serious&quot;,
        &quot;message&quot; : &quot;Element is not in tab order or has accessible text&quot;,
        &quot;data&quot; : null,
        &quot;relatedNodes&quot; : [ ]
      } ],
      &quot;failureSummary&quot; : null
    }, {
      &quot;html&quot; : &quot;&lt;a href=\&quot;mars2.html?a=free_year\&quot;&gt;\n&lt;img src=\&quot;/assets/demo-sites/mars/images/mars-sunrise.jpg\&quot; class=\&quot;\&quot; width=\&quot;210\&quot; height=\&quot;120\&quot; alt=\&quot;Beautiful baboon, blowing bubbles, biking backward\&quot;&gt;&lt;/a&gt;&quot;,
      &quot;target&quot; : [ &quot;li:nth-child(14) &gt; a[href=\&quot;mars2.html?a=free_year\&quot;]&quot; ],
      &quot;impact&quot; : null,
      &quot;any&quot; : [ {
        &quot;id&quot; : &quot;has-visible-text&quot;,
        &quot;impact&quot; : &quot;minor&quot;,
        &quot;message&quot; : &quot;Element has text that is visible to screen readers&quot;,
        &quot;data&quot; : null,
        &quot;relatedNodes&quot; : [ ]
      } ],
      &quot;all&quot; : [ ],
      &quot;none&quot; : [ {
        &quot;id&quot; : &quot;focusable-no-name&quot;,
        &quot;impact&quot; : &quot;serious&quot;,
        &quot;message&quot; : &quot;Element is not in tab order or has accessible text&quot;,
        &quot;data&quot; : null,
        &quot;relatedNodes&quot; : [ ]
      } ],
      &quot;failureSummary&quot; : null
    }, {
      &quot;html&quot; : &quot;&lt;a class=\&quot;\&quot; href=\&quot;mars2.html?a=free_year\&quot;&gt;Free Year on Mars&lt;/a&gt;&quot;,
      &quot;target&quot; : [ &quot;li:nth-child(14) &gt; .deal-text &gt; h3 &gt; a[href=\&quot;mars2.html?a=free_year\&quot;]&quot; ],
      &quot;impact&quot; : null,
      &quot;any&quot; : [ {
        &quot;id&quot; : &quot;has-visible-text&quot;,
        &quot;impact&quot; : &quot;minor&quot;,
        &quot;message&quot; : &quot;Element has text that is visible to screen readers&quot;,
        &quot;data&quot; : null,
        &quot;relatedNodes&quot; : [ ]
      } ],
      &quot;all&quot; : [ ],
      &quot;none&quot; : [ {
        &quot;id&quot; : &quot;focusable-no-name&quot;,
        &quot;impact&quot; : &quot;serious&quot;,
        &quot;message&quot; : &quot;Element is not in tab order or has accessible text&quot;,
        &quot;data&quot; : null,
        &quot;relatedNodes&quot; : [ ]
      } ],
      &quot;failureSummary&quot; : null
    }, {
      &quot;html&quot; : &quot;&lt;a href=\&quot;mars2.html?a=free_year\&quot;&gt;Book a free year on Mars&lt;/a&gt;&quot;,
      &quot;target&quot; : [ &quot;li:nth-child(14) &gt; .deal-text &gt; p &gt; a[href=\&quot;mars2.html?a=free_year\&quot;]&quot; ],
      &quot;impact&quot; : null,
      &quot;any&quot; : [ {
        &quot;id&quot; : &quot;has-visible-text&quot;,
        &quot;impact&quot; : &quot;minor&quot;,
        &quot;message&quot; : &quot;Element has text that is visible to screen readers&quot;,
        &quot;data&quot; : null,
        &quot;relatedNodes&quot; : [ ]
      } ],
      &quot;all&quot; : [ ],
      &quot;none&quot; : [ {
        &quot;id&quot; : &quot;focusable-no-name&quot;,
        &quot;impact&quot; : &quot;serious&quot;,
        &quot;message&quot; : &quot;Element is not in tab order or has accessible text&quot;,
        &quot;data&quot; : null,
        &quot;relatedNodes&quot; : [ ]
      } ],
      &quot;failureSummary&quot; : null
    }, {
      &quot;html&quot; : &quot;&lt;a class=\&quot;\&quot; href=\&quot;mars2.html?a=crater_adventure\&quot;&gt;10% off Crater Adventure&lt;/a&gt;&quot;,
      &quot;target&quot; : [ &quot;li:nth-child(15) &gt; .deal-text &gt; h3 &gt; a[href=\&quot;mars2.html?a=crater_adventure\&quot;]&quot; ],
      &quot;impact&quot; : null,
      &quot;any&quot; : [ {
        &quot;id&quot; : &quot;has-visible-text&quot;,
        &quot;impact&quot; : &quot;minor&quot;,
        &quot;message&quot; : &quot;Element has text that is visible to screen readers&quot;,
        &quot;data&quot; : null,
        &quot;relatedNodes&quot; : [ ]
      } ],
      &quot;all&quot; : [ ],
      &quot;none&quot; : [ {
        &quot;id&quot; : &quot;focusable-no-name&quot;,
        &quot;impact&quot; : &quot;serious&quot;,
        &quot;message&quot; : &quot;Element is not in tab order or has accessible text&quot;,
        &quot;data&quot; : null,
        &quot;relatedNodes&quot; : [ ]
      } ],
      &quot;failureSummary&quot; : null
    }, {
      &quot;html&quot; : &quot;&lt;a href=\&quot;mars2.html?a=crater_adventure\&quot;&gt;Book your MarStar Crater Package today to save!&lt;/a&gt;&quot;,
      &quot;target&quot; : [ &quot;li:nth-child(15) &gt; .deal-text &gt; p &gt; a[href=\&quot;mars2.html?a=crater_adventure\&quot;]&quot; ],
      &quot;impact&quot; : null,
      &quot;any&quot; : [ {
        &quot;id&quot; : &quot;has-visible-text&quot;,
        &quot;impact&quot; : &quot;minor&quot;,
        &quot;message&quot; : &quot;Element has text that is visible to screen readers&quot;,
        &quot;data&quot; : null,
        &quot;relatedNodes&quot; : [ ]
      } ],
      &quot;all&quot; : [ ],
      &quot;none&quot; : [ {
        &quot;id&quot; : &quot;focusable-no-name&quot;,
        &quot;impact&quot; : &quot;serious&quot;,
        &quot;message&quot; : &quot;Element is not in tab order or has accessible text&quot;,
        &quot;data&quot; : null,
        &quot;relatedNodes&quot; : [ ]
      } ],
      &quot;failureSummary&quot; : null
    }, {
      &quot;html&quot; : &quot;&lt;a href=\&quot;mars2.html?a=ice_cream\&quot;&gt;\n&lt;img src=\&quot;/assets/demo-sites/mars/images/space-station.jpg\&quot; class=\&quot;\&quot; width=\&quot;210\&quot; height=\&quot;120\&quot; alt=\&quot;icecream.jpg \&quot;&gt;&lt;/a&gt;&quot;,
      &quot;target&quot; : [ &quot;li:nth-child(16) &gt; a[href=\&quot;mars2.html?a=ice_cream\&quot;]&quot; ],
      &quot;impact&quot; : null,
      &quot;any&quot; : [ {
        &quot;id&quot; : &quot;has-visible-text&quot;,
        &quot;impact&quot; : &quot;minor&quot;,
        &quot;message&quot; : &quot;Element has text that is visible to screen readers&quot;,
        &quot;data&quot; : null,
        &quot;relatedNodes&quot; : [ ]
      } ],
      &quot;all&quot; : [ ],
      &quot;none&quot; : [ {
        &quot;id&quot; : &quot;focusable-no-name&quot;,
        &quot;impact&quot; : &quot;serious&quot;,
        &quot;message&quot; : &quot;Element is not in tab order or has accessible text&quot;,
        &quot;data&quot; : null,
        &quot;relatedNodes&quot; : [ ]
      } ],
      &quot;failureSummary&quot; : null
    }, {
      &quot;html&quot; : &quot;&lt;a class=\&quot;\&quot; href=\&quot;mars2.html?a=ice_cream\&quot;&gt;Free Astronaut Ice Cream&lt;/a&gt;&quot;,
      &quot;target&quot; : [ &quot;li:nth-child(16) &gt; .deal-text &gt; h3 &gt; a[href=\&quot;mars2.html?a=ice_cream\&quot;]&quot; ],
      &quot;impact&quot; : null,
      &quot;any&quot; : [ {
        &quot;id&quot; : &quot;has-visible-text&quot;,
        &quot;impact&quot; : &quot;minor&quot;,
        &quot;message&quot; : &quot;Element has text that is visible to screen readers&quot;,
        &quot;data&quot; : null,
        &quot;relatedNodes&quot; : [ ]
      } ],
      &quot;all&quot; : [ ],
      &quot;none&quot; : [ {
        &quot;id&quot; : &quot;focusable-no-name&quot;,
        &quot;impact&quot; : &quot;serious&quot;,
        &quot;message&quot; : &quot;Element is not in tab order or has accessible text&quot;,
        &quot;data&quot; : null,
        &quot;relatedNodes&quot; : [ ]
      } ],
      &quot;failureSummary&quot; : null
    }, {
      &quot;html&quot; : &quot;&lt;a class=\&quot;link-arrow\&quot; href=\&quot;mars2.html?a=ice_cream\&quot;&gt;Get your free dehydrated ice cream!&lt;/a&gt;&quot;,
      &quot;target&quot; : [ &quot;li:nth-child(16) &gt; .deal-text &gt; p &gt; .link-arrow[href=\&quot;mars2.html?a=ice_cream\&quot;]&quot; ],
      &quot;impact&quot; : null,
      &quot;any&quot; : [ {
        &quot;id&quot; : &quot;has-visible-text&quot;,
        &quot;impact&quot; : &quot;minor&quot;,
        &quot;message&quot; : &quot;Element has text that is visible to screen readers&quot;,
        &quot;data&quot; : null,
        &quot;relatedNodes&quot; : [ ]
      } ],
      &quot;all&quot; : [ ],
      &quot;none&quot; : [ {
        &quot;id&quot; : &quot;focusable-no-name&quot;,
        &quot;impact&quot; : &quot;serious&quot;,
        &quot;message&quot; : &quot;Element is not in tab order or has accessible text&quot;,
        &quot;data&quot; : null,
        &quot;relatedNodes&quot; : [ ]
      } ],
      &quot;failureSummary&quot; : null
    }, {
      &quot;html&quot; : &quot;&lt;a href=\&quot;mars2.html?a=low_price_guarantee\&quot;&gt; &lt;img src=\&quot;/assets/demo-sites/mars/images/mars-lander.jpg\&quot; class=\&quot;\&quot; width=\&quot;210\&quot; height=\&quot;120\&quot; alt=\&quot;Mars Lander\&quot;&gt;&lt;/a&gt;&quot;,
      &quot;target&quot; : [ &quot;li:nth-child(17) &gt; a&quot; ],
      &quot;impact&quot; : null,
      &quot;any&quot; : [ {
        &quot;id&quot; : &quot;has-visible-text&quot;,
        &quot;impact&quot; : &quot;minor&quot;,
        &quot;message&quot; : &quot;Element has text that is visible to screen readers&quot;,
        &quot;data&quot; : null,
        &quot;relatedNodes&quot; : [ ]
      } ],
      &quot;all&quot; : [ ],
      &quot;none&quot; : [ {
        &quot;id&quot; : &quot;focusable-no-name&quot;,
        &quot;impact&quot; : &quot;serious&quot;,
        &quot;message&quot; : &quot;Element is not in tab order or has accessible text&quot;,
        &quot;data&quot; : null,
        &quot;relatedNodes&quot; : [ ]
      } ],
      &quot;failureSummary&quot; : null
    }, {
      &quot;html&quot; : &quot;&lt;a class=\&quot;link\&quot; href=\&quot;mars2.html?a=low_price_guarantee\&quot;&gt;Lowest Price Guarantee&lt;/a&gt;&quot;,
      &quot;target&quot; : [ &quot;li:nth-child(17) &gt; .deal-text &gt; h3 &gt; .link&quot; ],
      &quot;impact&quot; : null,
      &quot;any&quot; : [ {
        &quot;id&quot; : &quot;has-visible-text&quot;,
        &quot;impact&quot; : &quot;minor&quot;,
        &quot;message&quot; : &quot;Element has text that is visible to screen readers&quot;,
        &quot;data&quot; : null,
        &quot;relatedNodes&quot; : [ ]
      } ],
      &quot;all&quot; : [ ],
      &quot;none&quot; : [ {
        &quot;id&quot; : &quot;focusable-no-name&quot;,
        &quot;impact&quot; : &quot;serious&quot;,
        &quot;message&quot; : &quot;Element is not in tab order or has accessible text&quot;,
        &quot;data&quot; : null,
        &quot;relatedNodes&quot; : [ ]
      } ],
      &quot;failureSummary&quot; : null
    }, {
      &quot;html&quot; : &quot;&lt;a href=\&quot;mars2.html?a=low_price_guarantee\&quot;&gt;Find out how this deal works.&lt;/a&gt;&quot;,
      &quot;target&quot; : [ &quot;li:nth-child(17) &gt; .deal-text &gt; p:nth-child(2) &gt; a&quot; ],
      &quot;impact&quot; : null,
      &quot;any&quot; : [ {
        &quot;id&quot; : &quot;has-visible-text&quot;,
        &quot;impact&quot; : &quot;minor&quot;,
        &quot;message&quot; : &quot;Element has text that is visible to screen readers&quot;,
        &quot;data&quot; : null,
        &quot;relatedNodes&quot; : [ ]
      } ],
      &quot;all&quot; : [ ],
      &quot;none&quot; : [ {
        &quot;id&quot; : &quot;focusable-no-name&quot;,
        &quot;impact&quot; : &quot;serious&quot;,
        &quot;message&quot; : &quot;Element is not in tab order or has accessible text&quot;,
        &quot;data&quot; : null,
        &quot;relatedNodes&quot; : [ ]
      } ],
      &quot;failureSummary&quot; : null
    }, {
      &quot;html&quot; : &quot;&lt;a href=\&quot;mars2.html?a=send_kids_to_mars\&quot;&gt;\n&lt;img src=\&quot;/assets/demo-sites/mars/images/kids-space.jpg\&quot; class=\&quot;\&quot; width=\&quot;210\&quot; height=\&quot;120\&quot; alt=\&quot;Kids in space suits \&quot;&gt;&lt;/a&gt;&quot;,
      &quot;target&quot; : [ &quot;li:nth-child(18) &gt; a[href=\&quot;mars2.html?a=send_kids_to_mars\&quot;]&quot; ],
      &quot;impact&quot; : null,
      &quot;any&quot; : [ {
        &quot;id&quot; : &quot;has-visible-text&quot;,
        &quot;impact&quot; : &quot;minor&quot;,
        &quot;message&quot; : &quot;Element has text that is visible to screen readers&quot;,
        &quot;data&quot; : null,
        &quot;relatedNodes&quot; : [ ]
      } ],
      &quot;all&quot; : [ ],
      &quot;none&quot; : [ {
        &quot;id&quot; : &quot;focusable-no-name&quot;,
        &quot;impact&quot; : &quot;serious&quot;,
        &quot;message&quot; : &quot;Element is not in tab order or has accessible text&quot;,
        &quot;data&quot; : null,
        &quot;relatedNodes&quot; : [ ]
      } ],
      &quot;failureSummary&quot; : null
    }, {
      &quot;html&quot; : &quot;&lt;a class=\&quot;\&quot; href=\&quot;mars2.html?a=send_kids_to_mars\&quot;&gt;Send Your Kids to Mars!&lt;/a&gt;&quot;,
      &quot;target&quot; : [ &quot;li:nth-child(18) &gt; .deal-text &gt; h3 &gt; a[href=\&quot;mars2.html?a=send_kids_to_mars\&quot;]&quot; ],
      &quot;impact&quot; : null,
      &quot;any&quot; : [ {
        &quot;id&quot; : &quot;has-visible-text&quot;,
        &quot;impact&quot; : &quot;minor&quot;,
        &quot;message&quot; : &quot;Element has text that is visible to screen readers&quot;,
        &quot;data&quot; : null,
        &quot;relatedNodes&quot; : [ ]
      } ],
      &quot;all&quot; : [ ],
      &quot;none&quot; : [ {
        &quot;id&quot; : &quot;focusable-no-name&quot;,
        &quot;impact&quot; : &quot;serious&quot;,
        &quot;message&quot; : &quot;Element is not in tab order or has accessible text&quot;,
        &quot;data&quot; : null,
        &quot;relatedNodes&quot; : [ ]
      } ],
      &quot;failureSummary&quot; : null
    }, {
      &quot;html&quot; : &quot;&lt;a class=\&quot;link-arrow\&quot; href=\&quot;mars2.html?a=send_kids_to_mars\&quot;&gt;Send your kids to mars&lt;/a&gt;&quot;,
      &quot;target&quot; : [ &quot;li:nth-child(18) &gt; .deal-text &gt; p &gt; .link-arrow[href=\&quot;mars2.html?a=send_kids_to_mars\&quot;]&quot; ],
      &quot;impact&quot; : null,
      &quot;any&quot; : [ {
        &quot;id&quot; : &quot;has-visible-text&quot;,
        &quot;impact&quot; : &quot;minor&quot;,
        &quot;message&quot; : &quot;Element has text that is visible to screen readers&quot;,
        &quot;data&quot; : null,
        &quot;relatedNodes&quot; : [ ]
      } ],
      &quot;all&quot; : [ ],
      &quot;none&quot; : [ {
        &quot;id&quot; : &quot;focusable-no-name&quot;,
        &quot;impact&quot; : &quot;serious&quot;,
        &quot;message&quot; : &quot;Element is not in tab order or has accessible text&quot;,
        &quot;data&quot; : null,
        &quot;relatedNodes&quot; : [ ]
      } ],
      &quot;failureSummary&quot; : null
    }, {
      &quot;html&quot; : &quot;&lt;a href=\&quot;mars2.html?a=wookie\&quot;&gt;\n&lt;img src=\&quot;/assets/demo-sites/mars/images/wookie.jpg\&quot; class=\&quot;\&quot; width=\&quot;210\&quot; height=\&quot;120\&quot; alt=\&quot;Wookie\&quot;&gt;&lt;/a&gt;&quot;,
      &quot;target&quot; : [ &quot;li:nth-child(19) &gt; a[href=\&quot;mars2.html?a=wookie\&quot;]&quot; ],
      &quot;impact&quot; : null,
      &quot;any&quot; : [ {
        &quot;id&quot; : &quot;has-visible-text&quot;,
        &quot;impact&quot; : &quot;minor&quot;,
        &quot;message&quot; : &quot;Element has text that is visible to screen readers&quot;,
        &quot;data&quot; : null,
        &quot;relatedNodes&quot; : [ ]
      } ],
      &quot;all&quot; : [ ],
      &quot;none&quot; : [ {
        &quot;id&quot; : &quot;focusable-no-name&quot;,
        &quot;impact&quot; : &quot;serious&quot;,
        &quot;message&quot; : &quot;Element is not in tab order or has accessible text&quot;,
        &quot;data&quot; : null,
        &quot;relatedNodes&quot; : [ ]
      } ],
      &quot;failureSummary&quot; : null
    }, {
      &quot;html&quot; : &quot;&lt;a class=\&quot;\&quot; href=\&quot;mars2.html?a=wookie\&quot;&gt;Fly with a Wookie&lt;/a&gt;&quot;,
      &quot;target&quot; : [ &quot;li:nth-child(19) &gt; .deal-text &gt; h3 &gt; a[href=\&quot;mars2.html?a=wookie\&quot;]&quot; ],
      &quot;impact&quot; : null,
      &quot;any&quot; : [ {
        &quot;id&quot; : &quot;has-visible-text&quot;,
        &quot;impact&quot; : &quot;minor&quot;,
        &quot;message&quot; : &quot;Element has text that is visible to screen readers&quot;,
        &quot;data&quot; : null,
        &quot;relatedNodes&quot; : [ ]
      } ],
      &quot;all&quot; : [ ],
      &quot;none&quot; : [ {
        &quot;id&quot; : &quot;focusable-no-name&quot;,
        &quot;impact&quot; : &quot;serious&quot;,
        &quot;message&quot; : &quot;Element is not in tab order or has accessible text&quot;,
        &quot;data&quot; : null,
        &quot;relatedNodes&quot; : [ ]
      } ],
      &quot;failureSummary&quot; : null
    }, {
      &quot;html&quot; : &quot;&lt;a class=\&quot;link-arrow\&quot; href=\&quot;mars2.html?a=wookie\&quot;&gt;Fly with a Wookie!&lt;/a&gt;&quot;,
      &quot;target&quot; : [ &quot;li:nth-child(19) &gt; .deal-text &gt; p &gt; .link-arrow[href=\&quot;mars2.html?a=wookie\&quot;]&quot; ],
      &quot;impact&quot; : null,
      &quot;any&quot; : [ {
        &quot;id&quot; : &quot;has-visible-text&quot;,
        &quot;impact&quot; : &quot;minor&quot;,
        &quot;message&quot; : &quot;Element has text that is visible to screen readers&quot;,
        &quot;data&quot; : null,
        &quot;relatedNodes&quot; : [ ]
      } ],
      &quot;all&quot; : [ ],
      &quot;none&quot; : [ {
        &quot;id&quot; : &quot;focusable-no-name&quot;,
        &quot;impact&quot; : &quot;serious&quot;,
        &quot;message&quot; : &quot;Element is not in tab order or has accessible text&quot;,
        &quot;data&quot; : null,
        &quot;relatedNodes&quot; : [ ]
      } ],
      &quot;failureSummary&quot; : null
    }, {
      &quot;html&quot; : &quot;&lt;a href=\&quot;mars2.html?a=stay_connected\&quot;&gt;\n&lt;img src=\&quot;/assets/demo-sites/mars/images/global-free-days.jpg\&quot; class=\&quot;\&quot; width=\&quot;210\&quot; height=\&quot;120\&quot; alt=\&quot;Martian sunrise.\&quot;&gt;&lt;/a&gt;&quot;,
      &quot;target&quot; : [ &quot;li:nth-child(20) &gt; a[href=\&quot;mars2.html?a=stay_connected\&quot;]&quot; ],
      &quot;impact&quot; : null,
      &quot;any&quot; : [ {
        &quot;id&quot; : &quot;has-visible-text&quot;,
        &quot;impact&quot; : &quot;minor&quot;,
        &quot;message&quot; : &quot;Element has text that is visible to screen readers&quot;,
        &quot;data&quot; : null,
        &quot;relatedNodes&quot; : [ ]
      } ],
      &quot;all&quot; : [ ],
      &quot;none&quot; : [ {
        &quot;id&quot; : &quot;focusable-no-name&quot;,
        &quot;impact&quot; : &quot;serious&quot;,
        &quot;message&quot; : &quot;Element is not in tab order or has accessible text&quot;,
        &quot;data&quot; : null,
        &quot;relatedNodes&quot; : [ ]
      } ],
      &quot;failureSummary&quot; : null
    }, {
      &quot;html&quot; : &quot;&lt;a class=\&quot;\&quot; href=\&quot;mars2.html?a=stay_connected\&quot;&gt;Get Radio on Uranus &lt;/a&gt;&quot;,
      &quot;target&quot; : [ &quot;li:nth-child(20) &gt; .deal-text &gt; h3 &gt; a[href=\&quot;mars2.html?a=stay_connected\&quot;]&quot; ],
      &quot;impact&quot; : null,
      &quot;any&quot; : [ {
        &quot;id&quot; : &quot;has-visible-text&quot;,
        &quot;impact&quot; : &quot;minor&quot;,
        &quot;message&quot; : &quot;Element has text that is visible to screen readers&quot;,
        &quot;data&quot; : null,
        &quot;relatedNodes&quot; : [ ]
      } ],
      &quot;all&quot; : [ ],
      &quot;none&quot; : [ {
        &quot;id&quot; : &quot;focusable-no-name&quot;,
        &quot;impact&quot; : &quot;serious&quot;,
        &quot;message&quot; : &quot;Element is not in tab order or has accessible text&quot;,
        &quot;data&quot; : null,
        &quot;relatedNodes&quot; : [ ]
      } ],
      &quot;failureSummary&quot; : null
    }, {
      &quot;html&quot; : &quot;&lt;a href=\&quot;mars2.html?a=stay_connected\&quot;&gt;Find out about radio connectivity today.&lt;/a&gt;&quot;,
      &quot;target&quot; : [ &quot;li:nth-child(20) &gt; .deal-text &gt; p &gt; a[href=\&quot;mars2.html?a=stay_connected\&quot;]&quot; ],
      &quot;impact&quot; : null,
      &quot;any&quot; : [ {
        &quot;id&quot; : &quot;has-visible-text&quot;,
        &quot;impact&quot; : &quot;minor&quot;,
        &quot;message&quot; : &quot;Element has text that is visible to screen readers&quot;,
        &quot;data&quot; : null,
        &quot;relatedNodes&quot; : [ ]
      } ],
      &quot;all&quot; : [ ],
      &quot;none&quot; : [ {
        &quot;id&quot; : &quot;focusable-no-name&quot;,
        &quot;impact&quot; : &quot;serious&quot;,
        &quot;message&quot; : &quot;Element is not in tab order or has accessible text&quot;,
        &quot;data&quot; : null,
        &quot;relatedNodes&quot; : [ ]
      } ],
      &quot;failureSummary&quot; : null
    }, {
      &quot;html&quot; : &quot;&lt;a class=\&quot;ytp-title-channel-logo\&quot; target=\&quot;_blank\&quot; href=\&quot;https://www.youtube.com/channel/UCK7tptUDHh-RYDsdxO1-5QQ?embeds_euri=https%3A%2F%2Fdequeuniversity.com%2F&amp;amp;feature=emb_ch_name_ex\&quot; aria-label=\&quot;Photo image of Wall Street Journal\&quot; style=\&quot;background-image: url(&amp;quot;https://yt3.ggpht.com/ytc/AGIKgqOq4sucy99-dvD6wMq7d5dywZsP63fquQzKyPV4Lo0=s68-c-k-c0x00ffffff-no-rj&amp;quot;);\&quot;&gt;&quot;,
      &quot;target&quot; : [ &quot;#player&quot;, &quot;.ytp-title-channel-logo&quot; ],
      &quot;impact&quot; : null,
      &quot;any&quot; : [ {
        &quot;id&quot; : &quot;aria-label&quot;,
        &quot;impact&quot; : &quot;serious&quot;,
        &quot;message&quot; : &quot;aria-label attribute exists and is not empty&quot;,
        &quot;data&quot; : null,
        &quot;relatedNodes&quot; : [ ]
      } ],
      &quot;all&quot; : [ ],
      &quot;none&quot; : [ {
        &quot;id&quot; : &quot;focusable-no-name&quot;,
        &quot;impact&quot; : &quot;serious&quot;,
        &quot;message&quot; : &quot;Element is not in tab order or has accessible text&quot;,
        &quot;data&quot; : null,
        &quot;relatedNodes&quot; : [ ]
      } ],
      &quot;failureSummary&quot; : null
    }, {
      &quot;html&quot; : &quot;&lt;a class=\&quot;ytp-title-link yt-uix-sessionlink\&quot; target=\&quot;_blank\&quot; data-sessionlink=\&quot;feature=player-title\&quot; tabindex=\&quot;0\&quot; href=\&quot;https://www.youtube.com/watch?v=OagLGti_hTE\&quot;&gt;NASA: Life on Mars Was a Possibility&lt;/a&gt;&quot;,
      &quot;target&quot; : [ &quot;#player&quot;, &quot;.ytp-title-link&quot; ],
      &quot;impact&quot; : null,
      &quot;any&quot; : [ {
        &quot;id&quot; : &quot;has-visible-text&quot;,
        &quot;impact&quot; : &quot;minor&quot;,
        &quot;message&quot; : &quot;Element has text that is visible to screen readers&quot;,
        &quot;data&quot; : null,
        &quot;relatedNodes&quot; : [ ]
      } ],
      &quot;all&quot; : [ ],
      &quot;none&quot; : [ {
        &quot;id&quot; : &quot;focusable-no-name&quot;,
        &quot;impact&quot; : &quot;serious&quot;,
        &quot;message&quot; : &quot;Element is not in tab order or has accessible text&quot;,
        &quot;data&quot; : null,
        &quot;relatedNodes&quot; : [ ]
      } ],
      &quot;failureSummary&quot; : null
    }, {
      &quot;html&quot; : &quot;&lt;a href=\&quot;../mars2.html\&quot; target=\&quot;_blank\&quot;&gt;Mars Commuter Express&lt;/a&gt;&quot;,
      &quot;target&quot; : [ &quot;#fafbba78&quot;, &quot;.fsl &gt; a&quot; ],
      &quot;impact&quot; : null,
      &quot;any&quot; : [ {
        &quot;id&quot; : &quot;has-visible-text&quot;,
        &quot;impact&quot; : &quot;minor&quot;,
        &quot;message&quot; : &quot;Element has text that is visible to screen readers&quot;,
        &quot;data&quot; : null,
        &quot;relatedNodes&quot; : [ ]
      } ],
      &quot;all&quot; : [ ],
      &quot;none&quot; : [ {
        &quot;id&quot; : &quot;focusable-no-name&quot;,
        &quot;impact&quot; : &quot;serious&quot;,
        &quot;message&quot; : &quot;Element is not in tab order or has accessible text&quot;,
        &quot;data&quot; : null,
        &quot;relatedNodes&quot; : [ ]
      } ],
      &quot;failureSummary&quot; : null
    }, {
      &quot;html&quot; : &quot;&lt;a id=\&quot;follow-button\&quot; target=\&quot;_blank\&quot; class=\&quot;btn\&quot; title=\&quot;Follow MarsCommuter on Twitter\&quot; href=\&quot;mars2.html\&quot;&gt;&lt;i&gt;&lt;/i&gt;&lt;span class=\&quot;label\&quot; id=\&quot;l\&quot;&gt;Follow @MarsTrip1&lt;/span&gt;&lt;/a&gt;&quot;,
      &quot;target&quot; : [ &quot;.twitter-follow-button&quot;, &quot;#follow-button&quot; ],
      &quot;impact&quot; : null,
      &quot;any&quot; : [ {
        &quot;id&quot; : &quot;has-visible-text&quot;,
        &quot;impact&quot; : &quot;minor&quot;,
        &quot;message&quot; : &quot;Element has text that is visible to screen readers&quot;,
        &quot;data&quot; : null,
        &quot;relatedNodes&quot; : [ ]
      }, {
        &quot;id&quot; : &quot;non-empty-title&quot;,
        &quot;impact&quot; : &quot;serious&quot;,
        &quot;message&quot; : &quot;Element has a title attribute&quot;,
        &quot;data&quot; : null,
        &quot;relatedNodes&quot; : [ ]
      } ],
      &quot;all&quot; : [ ],
      &quot;none&quot; : [ {
        &quot;id&quot; : &quot;focusable-no-name&quot;,
        &quot;impact&quot; : &quot;serious&quot;,
        &quot;message&quot; : &quot;Element is not in tab order or has accessible text&quot;,
        &quot;data&quot; : null,
        &quot;relatedNodes&quot; : [ ]
      } ],
      &quot;failureSummary&quot; : null
    }, {
      &quot;html&quot; : &quot;&lt;a href=\&quot;mars2.html?a=marscommuter\&quot; rel=\&quot;author\&quot; style=\&quot;text-decoration:none;display:inline-block;color:#333;text-align:center; font:12px/13px arial,sans-serif;white-space:nowrap;\&quot; target=\&quot;_blank\&quot;&gt;&quot;,
      &quot;target&quot; : [ &quot;a[href=\&quot;mars2.html?a=marscommuter\&quot;]&quot; ],
      &quot;impact&quot; : null,
      &quot;any&quot; : [ {
        &quot;id&quot; : &quot;has-visible-text&quot;,
        &quot;impact&quot; : &quot;minor&quot;,
        &quot;message&quot; : &quot;Element has text that is visible to screen readers&quot;,
        &quot;data&quot; : null,
        &quot;relatedNodes&quot; : [ ]
      } ],
      &quot;all&quot; : [ ],
      &quot;none&quot; : [ {
        &quot;id&quot; : &quot;focusable-no-name&quot;,
        &quot;impact&quot; : &quot;serious&quot;,
        &quot;message&quot; : &quot;Element is not in tab order or has accessible text&quot;,
        &quot;data&quot; : null,
        &quot;relatedNodes&quot; : [ ]
      } ],
      &quot;failureSummary&quot; : null
    }, {
      &quot;html&quot; : &quot;&lt;a href=\&quot;mars2.html?a=\&quot; class=\&quot;social-icon\&quot; title=\&quot;MarsCommuter iPhone App\&quot;&gt; &lt;em class=\&quot;icon-social-iphone\&quot; alt=\&quot;Mars Commuter iPhone App\&quot;&gt;&lt;/em&gt; &lt;/a&gt;&quot;,
      &quot;target&quot; : [ &quot;a[title=\&quot;MarsCommuter iPhone App\&quot;]&quot; ],
      &quot;impact&quot; : null,
      &quot;any&quot; : [ {
        &quot;id&quot; : &quot;non-empty-title&quot;,
        &quot;impact&quot; : &quot;serious&quot;,
        &quot;message&quot; : &quot;Element has a title attribute&quot;,
        &quot;data&quot; : null,
        &quot;relatedNodes&quot; : [ ]
      } ],
      &quot;all&quot; : [ ],
      &quot;none&quot; : [ {
        &quot;id&quot; : &quot;focusable-no-name&quot;,
        &quot;impact&quot; : &quot;serious&quot;,
        &quot;message&quot; : &quot;Element is not in tab order or has accessible text&quot;,
        &quot;data&quot; : null,
        &quot;relatedNodes&quot; : [ ]
      } ],
      &quot;failureSummary&quot; : null
    }, {
      &quot;html&quot; : &quot;&lt;a href=\&quot;mars2.html?a=\&quot; title=\&quot;Mars Commuter iPhone App\&quot; target=\&quot;_blank\&quot;&gt;Mars iPhone App&lt;/a&gt;&quot;,
      &quot;target&quot; : [ &quot;a[title=\&quot;Mars Commuter iPhone App\&quot;]&quot; ],
      &quot;impact&quot; : null,
      &quot;any&quot; : [ {
        &quot;id&quot; : &quot;has-visible-text&quot;,
        &quot;impact&quot; : &quot;minor&quot;,
        &quot;message&quot; : &quot;Element has text that is visible to screen readers&quot;,
        &quot;data&quot; : null,
        &quot;relatedNodes&quot; : [ ]
      }, {
        &quot;id&quot; : &quot;non-empty-title&quot;,
        &quot;impact&quot; : &quot;serious&quot;,
        &quot;message&quot; : &quot;Element has a title attribute&quot;,
        &quot;data&quot; : null,
        &quot;relatedNodes&quot; : [ ]
      } ],
      &quot;all&quot; : [ ],
      &quot;none&quot; : [ {
        &quot;id&quot; : &quot;focusable-no-name&quot;,
        &quot;impact&quot; : &quot;serious&quot;,
        &quot;message&quot; : &quot;Element is not in tab order or has accessible text&quot;,
        &quot;data&quot; : null,
        &quot;relatedNodes&quot; : [ ]
      } ],
      &quot;failureSummary&quot; : null
    }, {
      &quot;html&quot; : &quot;&lt;a href=\&quot;mars2.html?a=join_conversation\&quot; class=\&quot;social-icon\&quot; title=\&quot;Join the Conversation\&quot;&gt; &lt;em class=\&quot;icon-social-community\&quot; alt=\&quot;Join the Conversation\&quot;&gt;&lt;/em&gt; &lt;/a&gt;&quot;,
      &quot;target&quot; : [ &quot;a[href=\&quot;mars2.html?a=join_conversation\&quot;]&quot; ],
      &quot;impact&quot; : null,
      &quot;any&quot; : [ {
        &quot;id&quot; : &quot;non-empty-title&quot;,
        &quot;impact&quot; : &quot;serious&quot;,
        &quot;message&quot; : &quot;Element has a title attribute&quot;,
        &quot;data&quot; : null,
        &quot;relatedNodes&quot; : [ ]
      } ],
      &quot;all&quot; : [ ],
      &quot;none&quot; : [ {
        &quot;id&quot; : &quot;focusable-no-name&quot;,
        &quot;impact&quot; : &quot;serious&quot;,
        &quot;message&quot; : &quot;Element is not in tab order or has accessible text&quot;,
        &quot;data&quot; : null,
        &quot;relatedNodes&quot; : [ ]
      } ],
      &quot;failureSummary&quot; : null
    }, {
      &quot;html&quot; : &quot;&lt;a href=\&quot;mars2.html?a=\&quot; title=\&quot;Join the Conversation\&quot; target=\&quot;_blank\&quot;&gt;Join the conversation and Interact with fellow travelers and MarsCommuter staff in our online community.&lt;/a&gt;&quot;,
      &quot;target&quot; : [ &quot;a[title=\&quot;Join the Conversation\&quot;][target=\&quot;_blank\&quot;][href=\&quot;mars2.html?a=\&quot;]&quot; ],
      &quot;impact&quot; : null,
      &quot;any&quot; : [ {
        &quot;id&quot; : &quot;has-visible-text&quot;,
        &quot;impact&quot; : &quot;minor&quot;,
        &quot;message&quot; : &quot;Element has text that is visible to screen readers&quot;,
        &quot;data&quot; : null,
        &quot;relatedNodes&quot; : [ ]
      }, {
        &quot;id&quot; : &quot;non-empty-title&quot;,
        &quot;impact&quot; : &quot;serious&quot;,
        &quot;message&quot; : &quot;Element has a title attribute&quot;,
        &quot;data&quot; : null,
        &quot;relatedNodes&quot; : [ ]
      } ],
      &quot;all&quot; : [ ],
      &quot;none&quot; : [ {
        &quot;id&quot; : &quot;focusable-no-name&quot;,
        &quot;impact&quot; : &quot;serious&quot;,
        &quot;message&quot; : &quot;Element is not in tab order or has accessible text&quot;,
        &quot;data&quot; : null,
        &quot;relatedNodes&quot; : [ ]
      } ],
      &quot;failureSummary&quot; : null
    }, {
      &quot;html&quot; : &quot;&lt;a href=\&quot;mars2.html?a=fares_and_schedules\&quot;&gt;Find Fares &amp;amp; Schedules&lt;br&gt;\n &lt;/a&gt;&quot;,
      &quot;target&quot; : [ &quot;#footer-book &gt; ul &gt; li:nth-child(1) &gt; a&quot; ],
      &quot;impact&quot; : null,
      &quot;any&quot; : [ {
        &quot;id&quot; : &quot;has-visible-text&quot;,
        &quot;impact&quot; : &quot;minor&quot;,
        &quot;message&quot; : &quot;Element has text that is visible to screen readers&quot;,
        &quot;data&quot; : null,
        &quot;relatedNodes&quot; : [ ]
      } ],
      &quot;all&quot; : [ ],
      &quot;none&quot; : [ {
        &quot;id&quot; : &quot;focusable-no-name&quot;,
        &quot;impact&quot; : &quot;serious&quot;,
        &quot;message&quot; : &quot;Element is not in tab order or has accessible text&quot;,
        &quot;data&quot; : null,
        &quot;relatedNodes&quot; : [ ]
      } ],
      &quot;failureSummary&quot; : null
    }, {
      &quot;html&quot; : &quot;&lt;a href=\&quot;mars2.html?a=find_mars_passes\&quot;&gt;Find Mars Passes&lt;/a&gt;&quot;,
      &quot;target&quot; : [ &quot;a[href=\&quot;mars2.html?a=find_mars_passes\&quot;]&quot; ],
      &quot;impact&quot; : null,
      &quot;any&quot; : [ {
        &quot;id&quot; : &quot;has-visible-text&quot;,
        &quot;impact&quot; : &quot;minor&quot;,
        &quot;message&quot; : &quot;Element has text that is visible to screen readers&quot;,
        &quot;data&quot; : null,
        &quot;relatedNodes&quot; : [ ]
      } ],
      &quot;all&quot; : [ ],
      &quot;none&quot; : [ {
        &quot;id&quot; : &quot;focusable-no-name&quot;,
        &quot;impact&quot; : &quot;serious&quot;,
        &quot;message&quot; : &quot;Element is not in tab order or has accessible text&quot;,
        &quot;data&quot; : null,
        &quot;relatedNodes&quot; : [ ]
      } ],
      &quot;failureSummary&quot; : null
    }, {
      &quot;html&quot; : &quot;&lt;a href=\&quot;mars2.html?a=find_activities\&quot;&gt;Find Activities&lt;/a&gt;&quot;,
      &quot;target&quot; : [ &quot;a[href=\&quot;mars2.html?a=find_activities\&quot;]&quot; ],
      &quot;impact&quot; : null,
      &quot;any&quot; : [ {
        &quot;id&quot; : &quot;has-visible-text&quot;,
        &quot;impact&quot; : &quot;minor&quot;,
        &quot;message&quot; : &quot;Element has text that is visible to screen readers&quot;,
        &quot;data&quot; : null,
        &quot;relatedNodes&quot; : [ ]
      } ],
      &quot;all&quot; : [ ],
      &quot;none&quot; : [ {
        &quot;id&quot; : &quot;focusable-no-name&quot;,
        &quot;impact&quot; : &quot;serious&quot;,
        &quot;message&quot; : &quot;Element is not in tab order or has accessible text&quot;,
        &quot;data&quot; : null,
        &quot;relatedNodes&quot; : [ ]
      } ],
      &quot;failureSummary&quot; : null
    }, {
      &quot;html&quot; : &quot;&lt;a href=\&quot;mars2.html?a=book_reservations\&quot;&gt;Book Reservations&lt;/a&gt;&quot;,
      &quot;target&quot; : [ &quot;a[href=\&quot;mars2.html?a=book_reservations\&quot;]&quot; ],
      &quot;impact&quot; : null,
      &quot;any&quot; : [ {
        &quot;id&quot; : &quot;has-visible-text&quot;,
        &quot;impact&quot; : &quot;minor&quot;,
        &quot;message&quot; : &quot;Element has text that is visible to screen readers&quot;,
        &quot;data&quot; : null,
        &quot;relatedNodes&quot; : [ ]
      } ],
      &quot;all&quot; : [ ],
      &quot;none&quot; : [ {
        &quot;id&quot; : &quot;focusable-no-name&quot;,
        &quot;impact&quot; : &quot;serious&quot;,
        &quot;message&quot; : &quot;Element is not in tab order or has accessible text&quot;,
        &quot;data&quot; : null,
        &quot;relatedNodes&quot; : [ ]
      } ],
      &quot;failureSummary&quot; : null
    }, {
      &quot;html&quot; : &quot;&lt;a href=\&quot;mars2.html?a=view_rocket_pass_listing\&quot;&gt;View Rocket Pass Listing&lt;br&gt;\n &lt;/a&gt;&quot;,
      &quot;target&quot; : [ &quot;#footer-book &gt; ul &gt; li:nth-child(5) &gt; a&quot; ],
      &quot;impact&quot; : null,
      &quot;any&quot; : [ {
        &quot;id&quot; : &quot;has-visible-text&quot;,
        &quot;impact&quot; : &quot;minor&quot;,
        &quot;message&quot; : &quot;Element has text that is visible to screen readers&quot;,
        &quot;data&quot; : null,
        &quot;relatedNodes&quot; : [ ]
      } ],
      &quot;all&quot; : [ ],
      &quot;none&quot; : [ {
        &quot;id&quot; : &quot;focusable-no-name&quot;,
        &quot;impact&quot; : &quot;serious&quot;,
        &quot;message&quot; : &quot;Element is not in tab order or has accessible text&quot;,
        &quot;data&quot; : null,
        &quot;relatedNodes&quot; : [ ]
      } ],
      &quot;failureSummary&quot; : null
    }, {
      &quot;html&quot; : &quot;&lt;a href=\&quot;mars2.html?a=marstar\&quot;&gt;MarsStar&lt;/a&gt;&quot;,
      &quot;target&quot; : [ &quot;a[href=\&quot;mars2.html?a=marstar\&quot;]&quot; ],
      &quot;impact&quot; : null,
      &quot;any&quot; : [ {
        &quot;id&quot; : &quot;has-visible-text&quot;,
        &quot;impact&quot; : &quot;minor&quot;,
        &quot;message&quot; : &quot;Element has text that is visible to screen readers&quot;,
        &quot;data&quot; : null,
        &quot;relatedNodes&quot; : [ ]
      } ],
      &quot;all&quot; : [ ],
      &quot;none&quot; : [ {
        &quot;id&quot; : &quot;focusable-no-name&quot;,
        &quot;impact&quot; : &quot;serious&quot;,
        &quot;message&quot; : &quot;Element is not in tab order or has accessible text&quot;,
        &quot;data&quot; : null,
        &quot;relatedNodes&quot; : [ ]
      } ],
      &quot;failureSummary&quot; : null
    }, {
      &quot;html&quot; : &quot;&lt;a href=\&quot;mars2.html?a=blast_off_uranus\&quot;&gt;Blast off Uranus&lt;/a&gt;&quot;,
      &quot;target&quot; : [ &quot;a[href=\&quot;mars2.html?a=blast_off_uranus\&quot;]&quot; ],
      &quot;impact&quot; : null,
      &quot;any&quot; : [ {
        &quot;id&quot; : &quot;has-visible-text&quot;,
        &quot;impact&quot; : &quot;minor&quot;,
        &quot;message&quot; : &quot;Element has text that is visible to screen readers&quot;,
        &quot;data&quot; : null,
        &quot;relatedNodes&quot; : [ ]
      } ],
      &quot;all&quot; : [ ],
      &quot;none&quot; : [ {
        &quot;id&quot; : &quot;focusable-no-name&quot;,
        &quot;impact&quot; : &quot;serious&quot;,
        &quot;message&quot; : &quot;Element is not in tab order or has accessible text&quot;,
        &quot;data&quot; : null,
        &quot;relatedNodes&quot; : [ ]
      } ],
      &quot;failureSummary&quot; : null
    }, {
      &quot;html&quot; : &quot;&lt;a href=\&quot;mars2.html?a=red_planet_janet\&quot;&gt;Red Planet Janet&lt;/a&gt;&quot;,
      &quot;target&quot; : [ &quot;a[href=\&quot;mars2.html?a=red_planet_janet\&quot;]&quot; ],
      &quot;impact&quot; : null,
      &quot;any&quot; : [ {
        &quot;id&quot; : &quot;has-visible-text&quot;,
        &quot;impact&quot; : &quot;minor&quot;,
        &quot;message&quot; : &quot;Element has text that is visible to screen readers&quot;,
        &quot;data&quot; : null,
        &quot;relatedNodes&quot; : [ ]
      } ],
      &quot;all&quot; : [ ],
      &quot;none&quot; : [ {
        &quot;id&quot; : &quot;focusable-no-name&quot;,
        &quot;impact&quot; : &quot;serious&quot;,
        &quot;message&quot; : &quot;Element is not in tab order or has accessible text&quot;,
        &quot;data&quot; : null,
        &quot;relatedNodes&quot; : [ ]
      } ],
      &quot;failureSummary&quot; : null
    }, {
      &quot;html&quot; : &quot;&lt;a href=\&quot;mars2.html?a=the_martianic\&quot;&gt;The Martianic&lt;/a&gt;&quot;,
      &quot;target&quot; : [ &quot;a[href=\&quot;mars2.html?a=the_martianic\&quot;]&quot; ],
      &quot;impact&quot; : null,
      &quot;any&quot; : [ {
        &quot;id&quot; : &quot;has-visible-text&quot;,
        &quot;impact&quot; : &quot;minor&quot;,
        &quot;message&quot; : &quot;Element has text that is visible to screen readers&quot;,
        &quot;data&quot; : null,
        &quot;relatedNodes&quot; : [ ]
      } ],
      &quot;all&quot; : [ ],
      &quot;none&quot; : [ {
        &quot;id&quot; : &quot;focusable-no-name&quot;,
        &quot;impact&quot; : &quot;serious&quot;,
        &quot;message&quot; : &quot;Element is not in tab order or has accessible text&quot;,
        &quot;data&quot; : null,
        &quot;relatedNodes&quot; : [ ]
      } ],
      &quot;failureSummary&quot; : null
    }, {
      &quot;html&quot; : &quot;&lt;a href=\&quot;mars2.html?a=hal\&quot;&gt;Hal&lt;/a&gt;&quot;,
      &quot;target&quot; : [ &quot;a[href=\&quot;mars2.html?a=hal\&quot;]&quot; ],
      &quot;impact&quot; : null,
      &quot;any&quot; : [ {
        &quot;id&quot; : &quot;has-visible-text&quot;,
        &quot;impact&quot; : &quot;minor&quot;,
        &quot;message&quot; : &quot;Element has text that is visible to screen readers&quot;,
        &quot;data&quot; : null,
        &quot;relatedNodes&quot; : [ ]
      } ],
      &quot;all&quot; : [ ],
      &quot;none&quot; : [ {
        &quot;id&quot; : &quot;focusable-no-name&quot;,
        &quot;impact&quot; : &quot;serious&quot;,
        &quot;message&quot; : &quot;Element is not in tab order or has accessible text&quot;,
        &quot;data&quot; : null,
        &quot;relatedNodes&quot; : [ ]
      } ],
      &quot;failureSummary&quot; : null
    }, {
      &quot;html&quot; : &quot;&lt;a href=\&quot;mars2.html?a=polar_cap_pass\&quot;&gt;Polar Cap Pass&lt;/a&gt;&quot;,
      &quot;target&quot; : [ &quot;a[href=\&quot;mars2.html?a=polar_cap_pass\&quot;]&quot; ],
      &quot;impact&quot; : null,
      &quot;any&quot; : [ {
        &quot;id&quot; : &quot;has-visible-text&quot;,
        &quot;impact&quot; : &quot;minor&quot;,
        &quot;message&quot; : &quot;Element has text that is visible to screen readers&quot;,
        &quot;data&quot; : null,
        &quot;relatedNodes&quot; : [ ]
      } ],
      &quot;all&quot; : [ ],
      &quot;none&quot; : [ {
        &quot;id&quot; : &quot;focusable-no-name&quot;,
        &quot;impact&quot; : &quot;serious&quot;,
        &quot;message&quot; : &quot;Element is not in tab order or has accessible text&quot;,
        &quot;data&quot; : null,
        &quot;relatedNodes&quot; : [ ]
      } ],
      &quot;failureSummary&quot; : null
    }, {
      &quot;html&quot; : &quot;&lt;a href=\&quot;mars2.html?a=greater_crater_pass\&quot;&gt;Greater Crater Pass&lt;/a&gt;&quot;,
      &quot;target&quot; : [ &quot;#footer-passes &gt; ul &gt; li:nth-child(2) &gt; a&quot; ],
      &quot;impact&quot; : null,
      &quot;any&quot; : [ {
        &quot;id&quot; : &quot;has-visible-text&quot;,
        &quot;impact&quot; : &quot;minor&quot;,
        &quot;message&quot; : &quot;Element has text that is visible to screen readers&quot;,
        &quot;data&quot; : null,
        &quot;relatedNodes&quot; : [ ]
      } ],
      &quot;all&quot; : [ ],
      &quot;none&quot; : [ {
        &quot;id&quot; : &quot;focusable-no-name&quot;,
        &quot;impact&quot; : &quot;serious&quot;,
        &quot;message&quot; : &quot;Element is not in tab order or has accessible text&quot;,
        &quot;data&quot; : null,
        &quot;relatedNodes&quot; : [ ]
      } ],
      &quot;failureSummary&quot; : null
    }, {
      &quot;html&quot; : &quot;&lt;a href=\&quot;mars2.html?a=orbital_pass\&quot;&gt;Orbital Pass&lt;/a&gt;&quot;,
      &quot;target&quot; : [ &quot;a[href=\&quot;mars2.html?a=orbital_pass\&quot;]&quot; ],
      &quot;impact&quot; : null,
      &quot;any&quot; : [ {
        &quot;id&quot; : &quot;has-visible-text&quot;,
        &quot;impact&quot; : &quot;minor&quot;,
        &quot;message&quot; : &quot;Element has text that is visible to screen readers&quot;,
        &quot;data&quot; : null,
        &quot;relatedNodes&quot; : [ ]
      } ],
      &quot;all&quot; : [ ],
      &quot;none&quot; : [ {
        &quot;id&quot; : &quot;focusable-no-name&quot;,
        &quot;impact&quot; : &quot;serious&quot;,
        &quot;message&quot; : &quot;Element is not in tab order or has accessible text&quot;,
        &quot;data&quot; : null,
        &quot;relatedNodes&quot; : [ ]
      } ],
      &quot;failureSummary&quot; : null
    }, {
      &quot;html&quot; : &quot;&lt;a href=\&quot;mars2.html?a=orbital_select_pass\&quot;&gt;Orbital Select Pass&lt;/a&gt;&quot;,
      &quot;target&quot; : [ &quot;#footer-passes &gt; ul &gt; li:nth-child(4) &gt; a&quot; ],
      &quot;impact&quot; : null,
      &quot;any&quot; : [ {
        &quot;id&quot; : &quot;has-visible-text&quot;,
        &quot;impact&quot; : &quot;minor&quot;,
        &quot;message&quot; : &quot;Element has text that is visible to screen readers&quot;,
        &quot;data&quot; : null,
        &quot;relatedNodes&quot; : [ ]
      } ],
      &quot;all&quot; : [ ],
      &quot;none&quot; : [ {
        &quot;id&quot; : &quot;focusable-no-name&quot;,
        &quot;impact&quot; : &quot;serious&quot;,
        &quot;message&quot; : &quot;Element is not in tab order or has accessible text&quot;,
        &quot;data&quot; : null,
        &quot;relatedNodes&quot; : [ ]
      } ],
      &quot;failureSummary&quot; : null
    }, {
      &quot;html&quot; : &quot;&lt;a href=\&quot;mars2.html?amulti_planet_pass=\&quot;&gt;Multi-Planet Pass&lt;/a&gt;&quot;,
      &quot;target&quot; : [ &quot;a[href=\&quot;mars2.html?amulti_planet_pass=\&quot;]&quot; ],
      &quot;impact&quot; : null,
      &quot;any&quot; : [ {
        &quot;id&quot; : &quot;has-visible-text&quot;,
        &quot;impact&quot; : &quot;minor&quot;,
        &quot;message&quot; : &quot;Element has text that is visible to screen readers&quot;,
        &quot;data&quot; : null,
        &quot;relatedNodes&quot; : [ ]
      } ],
      &quot;all&quot; : [ ],
      &quot;none&quot; : [ {
        &quot;id&quot; : &quot;focusable-no-name&quot;,
        &quot;impact&quot; : &quot;serious&quot;,
        &quot;message&quot; : &quot;Element is not in tab order or has accessible text&quot;,
        &quot;data&quot; : null,
        &quot;relatedNodes&quot; : [ ]
      } ],
      &quot;failureSummary&quot; : null
    }, {
      &quot;html&quot; : &quot;&lt;a href=\&quot;mars2.html?a=martian_canali_quest\&quot;&gt;Martian Canali Quest&lt;/a&gt;&quot;,
      &quot;target&quot; : [ &quot;#footer-plan &gt; ul &gt; li:nth-child(1) &gt; a&quot; ],
      &quot;impact&quot; : null,
      &quot;any&quot; : [ {
        &quot;id&quot; : &quot;has-visible-text&quot;,
        &quot;impact&quot; : &quot;minor&quot;,
        &quot;message&quot; : &quot;Element has text that is visible to screen readers&quot;,
        &quot;data&quot; : null,
        &quot;relatedNodes&quot; : [ ]
      } ],
      &quot;all&quot; : [ ],
      &quot;none&quot; : [ {
        &quot;id&quot; : &quot;focusable-no-name&quot;,
        &quot;impact&quot; : &quot;serious&quot;,
        &quot;message&quot; : &quot;Element is not in tab order or has accessible text&quot;,
        &quot;data&quot; : null,
        &quot;relatedNodes&quot; : [ ]
      } ],
      &quot;failureSummary&quot; : null
    }, {
      &quot;html&quot; : &quot;&lt;a href=\&quot;mars2.html?a=nanedi_valles_hiking_treks\&quot;&gt;Nanedi Valles Hiking Treks&lt;/a&gt;&quot;,
      &quot;target&quot; : [ &quot;#footer-plan &gt; ul &gt; li:nth-child(2) &gt; a&quot; ],
      &quot;impact&quot; : null,
      &quot;any&quot; : [ {
        &quot;id&quot; : &quot;has-visible-text&quot;,
        &quot;impact&quot; : &quot;minor&quot;,
        &quot;message&quot; : &quot;Element has text that is visible to screen readers&quot;,
        &quot;data&quot; : null,
        &quot;relatedNodes&quot; : [ ]
      } ],
      &quot;all&quot; : [ ],
      &quot;none&quot; : [ {
        &quot;id&quot; : &quot;focusable-no-name&quot;,
        &quot;impact&quot; : &quot;serious&quot;,
        &quot;message&quot; : &quot;Element is not in tab order or has accessible text&quot;,
        &quot;data&quot; : null,
        &quot;relatedNodes&quot; : [ ]
      } ],
      &quot;failureSummary&quot; : null
    }, {
      &quot;html&quot; : &quot;&lt;a href=\&quot;mars2.html?a=phobos_observatory\&quot;&gt;Phobos observatory&lt;/a&gt;&quot;,
      &quot;target&quot; : [ &quot;#footer-plan &gt; ul &gt; li:nth-child(3) &gt; a&quot; ],
      &quot;impact&quot; : null,
      &quot;any&quot; : [ {
        &quot;id&quot; : &quot;has-visible-text&quot;,
        &quot;impact&quot; : &quot;minor&quot;,
        &quot;message&quot; : &quot;Element has text that is visible to screen readers&quot;,
        &quot;data&quot; : null,
        &quot;relatedNodes&quot; : [ ]
      } ],
      &quot;all&quot; : [ ],
      &quot;none&quot; : [ {
        &quot;id&quot; : &quot;focusable-no-name&quot;,
        &quot;impact&quot; : &quot;serious&quot;,
        &quot;message&quot; : &quot;Element is not in tab order or has accessible text&quot;,
        &quot;data&quot; : null,
        &quot;relatedNodes&quot; : [ ]
      } ],
      &quot;failureSummary&quot; : null
    }, {
      &quot;html&quot; : &quot;&lt;a href=\&quot;mars2.html?a=?paragliding_over_gusev_crater\&quot;&gt;Paragliding over Gusev Crater&lt;/a&gt;&quot;,
      &quot;target&quot; : [ &quot;#footer-plan &gt; ul &gt; li:nth-child(4) &gt; a&quot; ],
      &quot;impact&quot; : null,
      &quot;any&quot; : [ {
        &quot;id&quot; : &quot;has-visible-text&quot;,
        &quot;impact&quot; : &quot;minor&quot;,
        &quot;message&quot; : &quot;Element has text that is visible to screen readers&quot;,
        &quot;data&quot; : null,
        &quot;relatedNodes&quot; : [ ]
      } ],
      &quot;all&quot; : [ ],
      &quot;none&quot; : [ {
        &quot;id&quot; : &quot;focusable-no-name&quot;,
        &quot;impact&quot; : &quot;serious&quot;,
        &quot;message&quot; : &quot;Element is not in tab order or has accessible text&quot;,
        &quot;data&quot; : null,
        &quot;relatedNodes&quot; : [ ]
      } ],
      &quot;failureSummary&quot; : null
    }, {
      &quot;html&quot; : &quot;&lt;a href=\&quot;mars2.html?a=mars_dust_wrestling\&quot;&gt;Mars dust wrestling&lt;/a&gt;&quot;,
      &quot;target&quot; : [ &quot;#footer-plan &gt; ul &gt; li:nth-child(5) &gt; a&quot; ],
      &quot;impact&quot; : null,
      &quot;any&quot; : [ {
        &quot;id&quot; : &quot;has-visible-text&quot;,
        &quot;impact&quot; : &quot;minor&quot;,
        &quot;message&quot; : &quot;Element has text that is visible to screen readers&quot;,
        &quot;data&quot; : null,
        &quot;relatedNodes&quot; : [ ]
      } ],
      &quot;all&quot; : [ ],
      &quot;none&quot; : [ {
        &quot;id&quot; : &quot;focusable-no-name&quot;,
        &quot;impact&quot; : &quot;serious&quot;,
        &quot;message&quot; : &quot;Element is not in tab order or has accessible text&quot;,
        &quot;data&quot; : null,
        &quot;relatedNodes&quot; : [ ]
      } ],
      &quot;failureSummary&quot; : null
    }, {
      &quot;html&quot; : &quot;&lt;a href=\&quot;mars2.html?a=track_flight\&quot;&gt;Track Flight&lt;/a&gt;&quot;,
      &quot;target&quot; : [ &quot;a[href=\&quot;mars2.html?a=track_flight\&quot;]&quot; ],
      &quot;impact&quot; : null,
      &quot;any&quot; : [ {
        &quot;id&quot; : &quot;has-visible-text&quot;,
        &quot;impact&quot; : &quot;minor&quot;,
        &quot;message&quot; : &quot;Element has text that is visible to screen readers&quot;,
        &quot;data&quot; : null,
        &quot;relatedNodes&quot; : [ ]
      } ],
      &quot;all&quot; : [ ],
      &quot;none&quot; : [ {
        &quot;id&quot; : &quot;focusable-no-name&quot;,
        &quot;impact&quot; : &quot;serious&quot;,
        &quot;message&quot; : &quot;Element is not in tab order or has accessible text&quot;,
        &quot;data&quot; : null,
        &quot;relatedNodes&quot; : [ ]
      } ],
      &quot;failureSummary&quot; : null
    }, {
      &quot;html&quot; : &quot;&lt;a href=\&quot;mars2.html?a=exchanges_refunds\&quot;&gt;Exchanges &amp;amp; Refunds&lt;/a&gt;&quot;,
      &quot;target&quot; : [ &quot;a[href=\&quot;mars2.html?a=exchanges_refunds\&quot;]&quot; ],
      &quot;impact&quot; : null,
      &quot;any&quot; : [ {
        &quot;id&quot; : &quot;has-visible-text&quot;,
        &quot;impact&quot; : &quot;minor&quot;,
        &quot;message&quot; : &quot;Element has text that is visible to screen readers&quot;,
        &quot;data&quot; : null,
        &quot;relatedNodes&quot; : [ ]
      } ],
      &quot;all&quot; : [ ],
      &quot;none&quot; : [ {
        &quot;id&quot; : &quot;focusable-no-name&quot;,
        &quot;impact&quot; : &quot;serious&quot;,
        &quot;message&quot; : &quot;Element is not in tab order or has accessible text&quot;,
        &quot;data&quot; : null,
        &quot;relatedNodes&quot; : [ ]
      } ],
      &quot;failureSummary&quot; : null
    }, {
      &quot;html&quot; : &quot;&lt;a href=\&quot;mars2.html?a=e_tickets\&quot;&gt;E-tickets&lt;/a&gt;&quot;,
      &quot;target&quot; : [ &quot;a[href=\&quot;mars2.html?a=e_tickets\&quot;]&quot; ],
      &quot;impact&quot; : null,
      &quot;any&quot; : [ {
        &quot;id&quot; : &quot;has-visible-text&quot;,
        &quot;impact&quot; : &quot;minor&quot;,
        &quot;message&quot; : &quot;Element has text that is visible to screen readers&quot;,
        &quot;data&quot; : null,
        &quot;relatedNodes&quot; : [ ]
      } ],
      &quot;all&quot; : [ ],
      &quot;none&quot; : [ {
        &quot;id&quot; : &quot;focusable-no-name&quot;,
        &quot;impact&quot; : &quot;serious&quot;,
        &quot;message&quot; : &quot;Element is not in tab order or has accessible text&quot;,
        &quot;data&quot; : null,
        &quot;relatedNodes&quot; : [ ]
      } ],
      &quot;failureSummary&quot; : null
    }, {
      &quot;html&quot; : &quot;&lt;a href=\&quot;mars2.html?a=delivery_options\&quot;&gt;Delivery Options&lt;/a&gt;&quot;,
      &quot;target&quot; : [ &quot;a[href=\&quot;mars2.html?a=delivery_options\&quot;]&quot; ],
      &quot;impact&quot; : null,
      &quot;any&quot; : [ {
        &quot;id&quot; : &quot;has-visible-text&quot;,
        &quot;impact&quot; : &quot;minor&quot;,
        &quot;message&quot; : &quot;Element has text that is visible to screen readers&quot;,
        &quot;data&quot; : null,
        &quot;relatedNodes&quot; : [ ]
      } ],
      &quot;all&quot; : [ ],
      &quot;none&quot; : [ {
        &quot;id&quot; : &quot;focusable-no-name&quot;,
        &quot;impact&quot; : &quot;serious&quot;,
        &quot;message&quot; : &quot;Element is not in tab order or has accessible text&quot;,
        &quot;data&quot; : null,
        &quot;relatedNodes&quot; : [ ]
      } ],
      &quot;failureSummary&quot; : null
    }, {
      &quot;html&quot; : &quot;&lt;a href=\&quot;mars2.html?a=help\&quot;&gt;Help&lt;/a&gt;&quot;,
      &quot;target&quot; : [ &quot;#footer-faq &gt; ul &gt; li:nth-child(5) &gt; a[href=\&quot;mars2.html?a=help\&quot;]&quot; ],
      &quot;impact&quot; : null,
      &quot;any&quot; : [ {
        &quot;id&quot; : &quot;has-visible-text&quot;,
        &quot;impact&quot; : &quot;minor&quot;,
        &quot;message&quot; : &quot;Element has text that is visible to screen readers&quot;,
        &quot;data&quot; : null,
        &quot;relatedNodes&quot; : [ ]
      } ],
      &quot;all&quot; : [ ],
      &quot;none&quot; : [ {
        &quot;id&quot; : &quot;focusable-no-name&quot;,
        &quot;impact&quot; : &quot;serious&quot;,
        &quot;message&quot; : &quot;Element is not in tab order or has accessible text&quot;,
        &quot;data&quot; : null,
        &quot;relatedNodes&quot; : [ ]
      } ],
      &quot;failureSummary&quot; : null
    }, {
      &quot;html&quot; : &quot;&lt;a href=\&quot;mars2.html?a=contact_us\&quot;&gt;Contact Us&lt;/a&gt;&quot;,
      &quot;target&quot; : [ &quot;li:nth-child(1) &gt; a[href=\&quot;mars2.html?a=contact_us\&quot;]&quot; ],
      &quot;impact&quot; : null,
      &quot;any&quot; : [ {
        &quot;id&quot; : &quot;has-visible-text&quot;,
        &quot;impact&quot; : &quot;minor&quot;,
        &quot;message&quot; : &quot;Element has text that is visible to screen readers&quot;,
        &quot;data&quot; : null,
        &quot;relatedNodes&quot; : [ ]
      } ],
      &quot;all&quot; : [ ],
      &quot;none&quot; : [ {
        &quot;id&quot; : &quot;focusable-no-name&quot;,
        &quot;impact&quot; : &quot;serious&quot;,
        &quot;message&quot; : &quot;Element is not in tab order or has accessible text&quot;,
        &quot;data&quot; : null,
        &quot;relatedNodes&quot; : [ ]
      } ],
      &quot;failureSummary&quot; : null
    }, {
      &quot;html&quot; : &quot;&lt;a href=\&quot;mars2.html?a=about_us\&quot;&gt;About Us&lt;/a&gt;&quot;,
      &quot;target&quot; : [ &quot;li:nth-child(2) &gt; a[href=\&quot;mars2.html?a=about_us\&quot;]&quot; ],
      &quot;impact&quot; : null,
      &quot;any&quot; : [ {
        &quot;id&quot; : &quot;has-visible-text&quot;,
        &quot;impact&quot; : &quot;minor&quot;,
        &quot;message&quot; : &quot;Element has text that is visible to screen readers&quot;,
        &quot;data&quot; : null,
        &quot;relatedNodes&quot; : [ ]
      } ],
      &quot;all&quot; : [ ],
      &quot;none&quot; : [ {
        &quot;id&quot; : &quot;focusable-no-name&quot;,
        &quot;impact&quot; : &quot;serious&quot;,
        &quot;message&quot; : &quot;Element is not in tab order or has accessible text&quot;,
        &quot;data&quot; : null,
        &quot;relatedNodes&quot; : [ ]
      } ],
      &quot;failureSummary&quot; : null
    }, {
      &quot;html&quot; : &quot;&lt;a href=\&quot;mars2.html?a=feedback\&quot; target=\&quot;_blank\&quot;&gt;Feedback&lt;/a&gt;&quot;,
      &quot;target&quot; : [ &quot;a[href=\&quot;mars2.html?a=feedback\&quot;]&quot; ],
      &quot;impact&quot; : null,
      &quot;any&quot; : [ {
        &quot;id&quot; : &quot;has-visible-text&quot;,
        &quot;impact&quot; : &quot;minor&quot;,
        &quot;message&quot; : &quot;Element has text that is visible to screen readers&quot;,
        &quot;data&quot; : null,
        &quot;relatedNodes&quot; : [ ]
      } ],
      &quot;all&quot; : [ ],
      &quot;none&quot; : [ {
        &quot;id&quot; : &quot;focusable-no-name&quot;,
        &quot;impact&quot; : &quot;serious&quot;,
        &quot;message&quot; : &quot;Element is not in tab order or has accessible text&quot;,
        &quot;data&quot; : null,
        &quot;relatedNodes&quot; : [ ]
      } ],
      &quot;failureSummary&quot; : null
    }, {
      &quot;html&quot; : &quot;&lt;a href=\&quot;mars2.html?a=our_blog\&quot; target=\&quot;_blank\&quot;&gt;Our Blog&lt;/a&gt;&quot;,
      &quot;target&quot; : [ &quot;a[href=\&quot;mars2.html?a=our_blog\&quot;]&quot; ],
      &quot;impact&quot; : null,
      &quot;any&quot; : [ {
        &quot;id&quot; : &quot;has-visible-text&quot;,
        &quot;impact&quot; : &quot;minor&quot;,
        &quot;message&quot; : &quot;Element has text that is visible to screen readers&quot;,
        &quot;data&quot; : null,
        &quot;relatedNodes&quot; : [ ]
      } ],
      &quot;all&quot; : [ ],
      &quot;none&quot; : [ {
        &quot;id&quot; : &quot;focusable-no-name&quot;,
        &quot;impact&quot; : &quot;serious&quot;,
        &quot;message&quot; : &quot;Element is not in tab order or has accessible text&quot;,
        &quot;data&quot; : null,
        &quot;relatedNodes&quot; : [ ]
      } ],
      &quot;failureSummary&quot; : null
    }, {
      &quot;html&quot; : &quot;&lt;a href=\&quot;mars2.html?a=mobile_site\&quot; target=\&quot;_blank\&quot;&gt;Mobile Site&lt;/a&gt;&quot;,
      &quot;target&quot; : [ &quot;a[href=\&quot;mars2.html?a=mobile_site\&quot;]&quot; ],
      &quot;impact&quot; : null,
      &quot;any&quot; : [ {
        &quot;id&quot; : &quot;has-visible-text&quot;,
        &quot;impact&quot; : &quot;minor&quot;,
        &quot;message&quot; : &quot;Element has text that is visible to screen readers&quot;,
        &quot;data&quot; : null,
        &quot;relatedNodes&quot; : [ ]
      } ],
      &quot;all&quot; : [ ],
      &quot;none&quot; : [ {
        &quot;id&quot; : &quot;focusable-no-name&quot;,
        &quot;impact&quot; : &quot;serious&quot;,
        &quot;message&quot; : &quot;Element is not in tab order or has accessible text&quot;,
        &quot;data&quot; : null,
        &quot;relatedNodes&quot; : [ ]
      } ],
      &quot;failureSummary&quot; : null
    }, {
      &quot;html&quot; : &quot;&lt;a href=\&quot;mars2.html?a=iphone_app\&quot; target=\&quot;_blank\&quot;&gt;iPhone App&lt;/a&gt;&quot;,
      &quot;target&quot; : [ &quot;a[href=\&quot;mars2.html?a=iphone_app\&quot;]&quot; ],
      &quot;impact&quot; : null,
      &quot;any&quot; : [ {
        &quot;id&quot; : &quot;has-visible-text&quot;,
        &quot;impact&quot; : &quot;minor&quot;,
        &quot;message&quot; : &quot;Element has text that is visible to screen readers&quot;,
        &quot;data&quot; : null,
        &quot;relatedNodes&quot; : [ ]
      } ],
      &quot;all&quot; : [ ],
      &quot;none&quot; : [ {
        &quot;id&quot; : &quot;focusable-no-name&quot;,
        &quot;impact&quot; : &quot;serious&quot;,
        &quot;message&quot; : &quot;Element is not in tab order or has accessible text&quot;,
        &quot;data&quot; : null,
        &quot;relatedNodes&quot; : [ ]
      } ],
      &quot;failureSummary&quot; : null
    }, {
      &quot;html&quot; : &quot;&lt;a href=\&quot;https://media.dequeuniversity.com/en/docs/demo/mars-commuter/mars.pdf\&quot;&gt;Mars Info by NASA&lt;/a&gt;&quot;,
      &quot;target&quot; : [ &quot;#footer-connect &gt; ul &gt; li:nth-child(6) &gt; a&quot; ],
      &quot;impact&quot; : null,
      &quot;any&quot; : [ {
        &quot;id&quot; : &quot;has-visible-text&quot;,
        &quot;impact&quot; : &quot;minor&quot;,
        &quot;message&quot; : &quot;Element has text that is visible to screen readers&quot;,
        &quot;data&quot; : null,
        &quot;relatedNodes&quot; : [ ]
      } ],
      &quot;all&quot; : [ ],
      &quot;none&quot; : [ {
        &quot;id&quot; : &quot;focusable-no-name&quot;,
        &quot;impact&quot; : &quot;serious&quot;,
        &quot;message&quot; : &quot;Element is not in tab order or has accessible text&quot;,
        &quot;data&quot; : null,
        &quot;relatedNodes&quot; : [ ]
      } ],
      &quot;failureSummary&quot; : null
    }, {
      &quot;html&quot; : &quot;&lt;a href=\&quot;https://media.dequeuniversity.com/en/docs/demo/mars-commuter/HumansToMarsReport_i.pdf\&quot;&gt;Humans to Mars Report&lt;/a&gt;&quot;,
      &quot;target&quot; : [ &quot;#footer-connect &gt; ul &gt; li:nth-child(7) &gt; a&quot; ],
      &quot;impact&quot; : null,
      &quot;any&quot; : [ {
        &quot;id&quot; : &quot;has-visible-text&quot;,
        &quot;impact&quot; : &quot;minor&quot;,
        &quot;message&quot; : &quot;Element has text that is visible to screen readers&quot;,
        &quot;data&quot; : null,
        &quot;relatedNodes&quot; : [ ]
      } ],
      &quot;all&quot; : [ ],
      &quot;none&quot; : [ {
        &quot;id&quot; : &quot;focusable-no-name&quot;,
        &quot;impact&quot; : &quot;serious&quot;,
        &quot;message&quot; : &quot;Element is not in tab order or has accessible text&quot;,
        &quot;data&quot; : null,
        &quot;relatedNodes&quot; : [ ]
      } ],
      &quot;failureSummary&quot; : null
    }, {
      &quot;html&quot; : &quot;&lt;a href=\&quot;mars2.html?a=tersm_and_conditions\&quot;&gt;Mars Commuter Express Terms and Conditions&lt;/a&gt;&quot;,
      &quot;target&quot; : [ &quot;#copyright &gt; a:nth-child(1)&quot; ],
      &quot;impact&quot; : null,
      &quot;any&quot; : [ {
        &quot;id&quot; : &quot;has-visible-text&quot;,
        &quot;impact&quot; : &quot;minor&quot;,
        &quot;message&quot; : &quot;Element has text that is visible to screen readers&quot;,
        &quot;data&quot; : null,
        &quot;relatedNodes&quot; : [ ]
      } ],
      &quot;all&quot; : [ ],
      &quot;none&quot; : [ {
        &quot;id&quot; : &quot;focusable-no-name&quot;,
        &quot;impact&quot; : &quot;serious&quot;,
        &quot;message&quot; : &quot;Element is not in tab order or has accessible text&quot;,
        &quot;data&quot; : null,
        &quot;relatedNodes&quot; : [ ]
      } ],
      &quot;failureSummary&quot; : null
    }, {
      &quot;html&quot; : &quot;&lt;a href=\&quot;mars2.html?a=privacy_policy\&quot;&gt;Privacy Policy&lt;/a&gt;&quot;,
      &quot;target&quot; : [ &quot;a[href=\&quot;mars2.html?a=privacy_policy\&quot;]&quot; ],
      &quot;impact&quot; : null,
      &quot;any&quot; : [ {
        &quot;id&quot; : &quot;has-visible-text&quot;,
        &quot;impact&quot; : &quot;minor&quot;,
        &quot;message&quot; : &quot;Element has text that is visible to screen readers&quot;,
        &quot;data&quot; : null,
        &quot;relatedNodes&quot; : [ ]
      } ],
      &quot;all&quot; : [ ],
      &quot;none&quot; : [ {
        &quot;id&quot; : &quot;focusable-no-name&quot;,
        &quot;impact&quot; : &quot;serious&quot;,
        &quot;message&quot; : &quot;Element is not in tab order or has accessible text&quot;,
        &quot;data&quot; : null,
        &quot;relatedNodes&quot; : [ ]
      } ],
      &quot;failureSummary&quot; : null
    }, {
      &quot;html&quot; : &quot;&lt;a class=\&quot;link\&quot; href=\&quot;mars2.html?asite_map=\&quot;&gt;Site Map&lt;/a&gt;&quot;,
      &quot;target&quot; : [ &quot;a[href=\&quot;mars2.html?asite_map=\&quot;]&quot; ],
      &quot;impact&quot; : null,
      &quot;any&quot; : [ {
        &quot;id&quot; : &quot;has-visible-text&quot;,
        &quot;impact&quot; : &quot;minor&quot;,
        &quot;message&quot; : &quot;Element has text that is visible to screen readers&quot;,
        &quot;data&quot; : null,
        &quot;relatedNodes&quot; : [ ]
      } ],
      &quot;all&quot; : [ ],
      &quot;none&quot; : [ {
        &quot;id&quot; : &quot;focusable-no-name&quot;,
        &quot;impact&quot; : &quot;serious&quot;,
        &quot;message&quot; : &quot;Element is not in tab order or has accessible text&quot;,
        &quot;data&quot; : null,
        &quot;relatedNodes&quot; : [ ]
      } ],
      &quot;failureSummary&quot; : null
    } ],
    &quot;url&quot; : null,
    &quot;createdDate&quot; : null
  }, {
    &quot;id&quot; : &quot;list&quot;,
    &quot;description&quot; : &quot;Ensures that lists are structured correctly&quot;,
    &quot;help&quot; : &quot;&lt;ul&gt; and &lt;ol&gt; must only directly contain &lt;li&gt;, &lt;script&gt; or &lt;template&gt; elements&quot;,
    &quot;helpUrl&quot; : &quot;https://dequeuniversity.com/rules/axe/4.6/list?application=axeAPI&quot;,
    &quot;impact&quot; : &quot;&quot;,
    &quot;tags&quot; : [ &quot;cat.structure&quot;, &quot;wcag2a&quot;, &quot;wcag131&quot; ],
    &quot;nodes&quot; : [ {
      &quot;html&quot; : &quot;&lt;ul&gt;&quot;,
      &quot;target&quot; : [ &quot;.loginnow &gt; .container-fluid-full &gt; .container &gt; .span5.pull-left.left-first &gt; .pull-left:nth-child(1) &gt; ul&quot; ],
      &quot;impact&quot; : null,
      &quot;any&quot; : [ ],
      &quot;all&quot; : [ ],
      &quot;none&quot; : [ {
        &quot;id&quot; : &quot;only-listitems&quot;,
        &quot;impact&quot; : &quot;serious&quot;,
        &quot;message&quot; : &quot;List element only has direct children that are allowed inside &lt;li&gt; elements&quot;,
        &quot;data&quot; : null,
        &quot;relatedNodes&quot; : [ ]
      } ],
      &quot;failureSummary&quot; : null
    }, {
      &quot;html&quot; : &quot;&lt;ul&gt;&quot;,
      &quot;target&quot; : [ &quot;.loginnow &gt; .container-fluid-full &gt; .container &gt; .span7.pull-right &gt; .pull-right &gt; ul&quot; ],
      &quot;impact&quot; : null,
      &quot;any&quot; : [ ],
      &quot;all&quot; : [ ],
      &quot;none&quot; : [ {
        &quot;id&quot; : &quot;only-listitems&quot;,
        &quot;impact&quot; : &quot;serious&quot;,
        &quot;message&quot; : &quot;List element only has direct children that are allowed inside &lt;li&gt; elements&quot;,
        &quot;data&quot; : null,
        &quot;relatedNodes&quot; : [ ]
      } ],
      &quot;failureSummary&quot; : null
    }, {
      &quot;html&quot; : &quot;&lt;ul&gt;&quot;,
      &quot;target&quot; : [ &quot;#language-bar &gt; nav &gt; ul&quot; ],
      &quot;impact&quot; : null,
      &quot;any&quot; : [ ],
      &quot;all&quot; : [ ],
      &quot;none&quot; : [ {
        &quot;id&quot; : &quot;only-listitems&quot;,
        &quot;impact&quot; : &quot;serious&quot;,
        &quot;message&quot; : &quot;List element only has direct children that are allowed inside &lt;li&gt; elements&quot;,
        &quot;data&quot; : null,
        &quot;relatedNodes&quot; : [ ]
      } ],
      &quot;failureSummary&quot; : null
    }, {
      &quot;html&quot; : &quot;&lt;ul&gt;&quot;,
      &quot;target&quot; : [ &quot;#main-nav &gt; ul&quot; ],
      &quot;impact&quot; : null,
      &quot;any&quot; : [ ],
      &quot;all&quot; : [ ],
      &quot;none&quot; : [ {
        &quot;id&quot; : &quot;only-listitems&quot;,
        &quot;impact&quot; : &quot;serious&quot;,
        &quot;message&quot; : &quot;List element only has direct children that are allowed inside &lt;li&gt; elements&quot;,
        &quot;data&quot; : null,
        &quot;relatedNodes&quot; : [ ]
      } ],
      &quot;failureSummary&quot; : null
    }, {
      &quot;html&quot; : &quot;&lt;ul&gt;&quot;,
      &quot;target&quot; : [ &quot;#main-sub-nav &gt; ul&quot; ],
      &quot;impact&quot; : null,
      &quot;any&quot; : [ ],
      &quot;all&quot; : [ ],
      &quot;none&quot; : [ {
        &quot;id&quot; : &quot;only-listitems&quot;,
        &quot;impact&quot; : &quot;serious&quot;,
        &quot;message&quot; : &quot;List element only has direct children that are allowed inside &lt;li&gt; elements&quot;,
        &quot;data&quot; : null,
        &quot;relatedNodes&quot; : [ ]
      } ],
      &quot;failureSummary&quot; : null
    }, {
      &quot;html&quot; : &quot;&lt;ul&gt;&quot;,
      &quot;target&quot; : [ &quot;#vap-plan &gt; div &gt; ul&quot; ],
      &quot;impact&quot; : null,
      &quot;any&quot; : [ ],
      &quot;all&quot; : [ ],
      &quot;none&quot; : [ {
        &quot;id&quot; : &quot;only-listitems&quot;,
        &quot;impact&quot; : &quot;serious&quot;,
        &quot;message&quot; : &quot;List element only has direct children that are allowed inside &lt;li&gt; elements&quot;,
        &quot;data&quot; : null,
        &quot;relatedNodes&quot; : [ ]
      } ],
      &quot;failureSummary&quot; : null
    }, {
      &quot;html&quot; : &quot;&lt;ul&gt;&quot;,
      &quot;target&quot; : [ &quot;#vap-book &gt; div &gt; ul&quot; ],
      &quot;impact&quot; : null,
      &quot;any&quot; : [ ],
      &quot;all&quot; : [ ],
      &quot;none&quot; : [ {
        &quot;id&quot; : &quot;only-listitems&quot;,
        &quot;impact&quot; : &quot;serious&quot;,
        &quot;message&quot; : &quot;List element only has direct children that are allowed inside &lt;li&gt; elements&quot;,
        &quot;data&quot; : null,
        &quot;relatedNodes&quot; : [ ]
      } ],
      &quot;failureSummary&quot; : null
    }, {
      &quot;html&quot; : &quot;&lt;ul&gt;&quot;,
      &quot;target&quot; : [ &quot;#vap-travel &gt; div &gt; ul&quot; ],
      &quot;impact&quot; : null,
      &quot;any&quot; : [ ],
      &quot;all&quot; : [ ],
      &quot;none&quot; : [ {
        &quot;id&quot; : &quot;only-listitems&quot;,
        &quot;impact&quot; : &quot;serious&quot;,
        &quot;message&quot; : &quot;List element only has direct children that are allowed inside &lt;li&gt; elements&quot;,
        &quot;data&quot; : null,
        &quot;relatedNodes&quot; : [ ]
      } ],
      &quot;failureSummary&quot; : null
    }, {
      &quot;html&quot; : &quot;&lt;ul style=\&quot;margin: 0px; padding: 0px; position: relative; list-style-type: none; z-index: 1; height: 2800px; top: -420px;\&quot;&gt;&quot;,
      &quot;target&quot; : [ &quot;.carousel &gt; ul&quot; ],
      &quot;impact&quot; : null,
      &quot;any&quot; : [ ],
      &quot;all&quot; : [ ],
      &quot;none&quot; : [ {
        &quot;id&quot; : &quot;only-listitems&quot;,
        &quot;impact&quot; : &quot;serious&quot;,
        &quot;message&quot; : &quot;List element only has direct children that are allowed inside &lt;li&gt; elements&quot;,
        &quot;data&quot; : null,
        &quot;relatedNodes&quot; : [ ]
      } ],
      &quot;failureSummary&quot; : null
    }, {
      &quot;html&quot; : &quot;&lt;ul&gt;&quot;,
      &quot;target&quot; : [ &quot;#social &gt; ul&quot; ],
      &quot;impact&quot; : null,
      &quot;any&quot; : [ ],
      &quot;all&quot; : [ ],
      &quot;none&quot; : [ {
        &quot;id&quot; : &quot;only-listitems&quot;,
        &quot;impact&quot; : &quot;serious&quot;,
        &quot;message&quot; : &quot;List element only has direct children that are allowed inside &lt;li&gt; elements&quot;,
        &quot;data&quot; : null,
        &quot;relatedNodes&quot; : [ ]
      } ],
      &quot;failureSummary&quot; : null
    }, {
      &quot;html&quot; : &quot;&lt;ul&gt;&quot;,
      &quot;target&quot; : [ &quot;#footer-book &gt; ul&quot; ],
      &quot;impact&quot; : null,
      &quot;any&quot; : [ ],
      &quot;all&quot; : [ ],
      &quot;none&quot; : [ {
        &quot;id&quot; : &quot;only-listitems&quot;,
        &quot;impact&quot; : &quot;serious&quot;,
        &quot;message&quot; : &quot;List element only has direct children that are allowed inside &lt;li&gt; elements&quot;,
        &quot;data&quot; : null,
        &quot;relatedNodes&quot; : [ ]
      } ],
      &quot;failureSummary&quot; : null
    }, {
      &quot;html&quot; : &quot;&lt;ul&gt;&quot;,
      &quot;target&quot; : [ &quot;#footer-trains &gt; ul&quot; ],
      &quot;impact&quot; : null,
      &quot;any&quot; : [ ],
      &quot;all&quot; : [ ],
      &quot;none&quot; : [ {
        &quot;id&quot; : &quot;only-listitems&quot;,
        &quot;impact&quot; : &quot;serious&quot;,
        &quot;message&quot; : &quot;List element only has direct children that are allowed inside &lt;li&gt; elements&quot;,
        &quot;data&quot; : null,
        &quot;relatedNodes&quot; : [ ]
      } ],
      &quot;failureSummary&quot; : null
    }, {
      &quot;html&quot; : &quot;&lt;ul&gt;&quot;,
      &quot;target&quot; : [ &quot;#footer-passes &gt; ul&quot; ],
      &quot;impact&quot; : null,
      &quot;any&quot; : [ ],
      &quot;all&quot; : [ ],
      &quot;none&quot; : [ {
        &quot;id&quot; : &quot;only-listitems&quot;,
        &quot;impact&quot; : &quot;serious&quot;,
        &quot;message&quot; : &quot;List element only has direct children that are allowed inside &lt;li&gt; elements&quot;,
        &quot;data&quot; : null,
        &quot;relatedNodes&quot; : [ ]
      } ],
      &quot;failureSummary&quot; : null
    }, {
      &quot;html&quot; : &quot;&lt;ul&gt;&quot;,
      &quot;target&quot; : [ &quot;#footer-plan &gt; ul&quot; ],
      &quot;impact&quot; : null,
      &quot;any&quot; : [ ],
      &quot;all&quot; : [ ],
      &quot;none&quot; : [ {
        &quot;id&quot; : &quot;only-listitems&quot;,
        &quot;impact&quot; : &quot;serious&quot;,
        &quot;message&quot; : &quot;List element only has direct children that are allowed inside &lt;li&gt; elements&quot;,
        &quot;data&quot; : null,
        &quot;relatedNodes&quot; : [ ]
      } ],
      &quot;failureSummary&quot; : null
    }, {
      &quot;html&quot; : &quot;&lt;ul&gt;&quot;,
      &quot;target&quot; : [ &quot;#footer-faq &gt; ul&quot; ],
      &quot;impact&quot; : null,
      &quot;any&quot; : [ ],
      &quot;all&quot; : [ ],
      &quot;none&quot; : [ {
        &quot;id&quot; : &quot;only-listitems&quot;,
        &quot;impact&quot; : &quot;serious&quot;,
        &quot;message&quot; : &quot;List element only has direct children that are allowed inside &lt;li&gt; elements&quot;,
        &quot;data&quot; : null,
        &quot;relatedNodes&quot; : [ ]
      } ],
      &quot;failureSummary&quot; : null
    }, {
      &quot;html&quot; : &quot;&lt;ul&gt;&quot;,
      &quot;target&quot; : [ &quot;#footer-connect &gt; ul&quot; ],
      &quot;impact&quot; : null,
      &quot;any&quot; : [ ],
      &quot;all&quot; : [ ],
      &quot;none&quot; : [ {
        &quot;id&quot; : &quot;only-listitems&quot;,
        &quot;impact&quot; : &quot;serious&quot;,
        &quot;message&quot; : &quot;List element only has direct children that are allowed inside &lt;li&gt; elements&quot;,
        &quot;data&quot; : null,
        &quot;relatedNodes&quot; : [ ]
      } ],
      &quot;failureSummary&quot; : null
    } ],
    &quot;url&quot; : null,
    &quot;createdDate&quot; : null
  }, {
    &quot;id&quot; : &quot;listitem&quot;,
    &quot;description&quot; : &quot;Ensures &lt;li&gt; elements are used semantically&quot;,
    &quot;help&quot; : &quot;&lt;li&gt; elements must be contained in a &lt;ul&gt; or &lt;ol&gt;&quot;,
    &quot;helpUrl&quot; : &quot;https://dequeuniversity.com/rules/axe/4.6/listitem?application=axeAPI&quot;,
    &quot;impact&quot; : &quot;&quot;,
    &quot;tags&quot; : [ &quot;cat.structure&quot;, &quot;wcag2a&quot;, &quot;wcag131&quot; ],
    &quot;nodes&quot; : [ {
      &quot;html&quot; : &quot;&lt;li class=\&quot;left-first add-trip\&quot;&gt;&lt;a href=\&quot;mars2.html?a=add_trip.html\&quot;&gt;&lt;i class=\&quot;icon-control-add-trip\&quot;&gt;&lt;/i&gt;&lt;span class=\&quot;link-text\&quot;&gt;Add a trip&lt;/span&gt;&lt;/a&gt;&lt;/li&gt;&quot;,
      &quot;target&quot; : [ &quot;.loginnow &gt; .container-fluid-full &gt; .container &gt; .span5.pull-left.left-first &gt; .pull-left:nth-child(1) &gt; ul &gt; .add-trip.left-first&quot; ],
      &quot;impact&quot; : null,
      &quot;any&quot; : [ {
        &quot;id&quot; : &quot;listitem&quot;,
        &quot;impact&quot; : &quot;serious&quot;,
        &quot;message&quot; : &quot;List item has a &lt;ul&gt;, &lt;ol&gt; or role=\&quot;list\&quot; parent element&quot;,
        &quot;data&quot; : null,
        &quot;relatedNodes&quot; : [ ]
      } ],
      &quot;all&quot; : [ ],
      &quot;none&quot; : [ ],
      &quot;failureSummary&quot; : null
    }, {
      &quot;html&quot; : &quot;&lt;li class=\&quot;find-pass\&quot;&gt;&lt;a href=\&quot;mars2.html?a=find_pass.html\&quot;&gt;&lt;i class=\&quot;icon-control-find\&quot;&gt;&lt;/i&gt;&lt;span class=\&quot;link-text\&quot;&gt;Find a pass&lt;/span&gt;&lt;/a&gt;&lt;/li&gt;&quot;,
      &quot;target&quot; : [ &quot;.loginnow &gt; .container-fluid-full &gt; .container &gt; .span5.pull-left.left-first &gt; .pull-left:nth-child(1) &gt; ul &gt; .find-pass&quot; ],
      &quot;impact&quot; : null,
      &quot;any&quot; : [ {
        &quot;id&quot; : &quot;listitem&quot;,
        &quot;impact&quot; : &quot;serious&quot;,
        &quot;message&quot; : &quot;List item has a &lt;ul&gt;, &lt;ol&gt; or role=\&quot;list\&quot; parent element&quot;,
        &quot;data&quot; : null,
        &quot;relatedNodes&quot; : [ ]
      } ],
      &quot;all&quot; : [ ],
      &quot;none&quot; : [ ],
      &quot;failureSummary&quot; : null
    }, {
      &quot;html&quot; : &quot;&lt;li class=\&quot;left-first my-account anonymous last\&quot;&gt;&quot;,
      &quot;target&quot; : [ &quot;.anonymous&quot; ],
      &quot;impact&quot; : null,
      &quot;any&quot; : [ {
        &quot;id&quot; : &quot;listitem&quot;,
        &quot;impact&quot; : &quot;serious&quot;,
        &quot;message&quot; : &quot;List item has a &lt;ul&gt;, &lt;ol&gt; or role=\&quot;list\&quot; parent element&quot;,
        &quot;data&quot; : null,
        &quot;relatedNodes&quot; : [ ]
      } ],
      &quot;all&quot; : [ ],
      &quot;none&quot; : [ ],
      &quot;failureSummary&quot; : null
    }, {
      &quot;html&quot; : &quot;&lt;li class=\&quot;my-itinerary dropdown\&quot;&gt;&lt;a href=\&quot;mars2.html?a=cart\&quot; class=\&quot;dropdown-toggle\&quot; data-toggle=\&quot;dropdown\&quot;&gt;\n&lt;i class=\&quot;icon-control-itinerary\&quot;&gt;&lt;/i&gt;\n&lt;span class=\&quot;link-text\&quot;&gt;My Cart&lt;/span&gt;\n&lt;span class=\&quot;link-text price-recap\&quot;&gt;$0.00&lt;/span&gt;\n&lt;/a&gt;\n&lt;/li&gt;&quot;,
      &quot;target&quot; : [ &quot;.loginnow &gt; .container-fluid-full &gt; .container &gt; .span7.pull-right &gt; .pull-right &gt; ul &gt; .my-itinerary.dropdown&quot; ],
      &quot;impact&quot; : null,
      &quot;any&quot; : [ {
        &quot;id&quot; : &quot;listitem&quot;,
        &quot;impact&quot; : &quot;serious&quot;,
        &quot;message&quot; : &quot;List item has a &lt;ul&gt;, &lt;ol&gt; or role=\&quot;list\&quot; parent element&quot;,
        &quot;data&quot; : null,
        &quot;relatedNodes&quot; : [ ]
      } ],
      &quot;all&quot; : [ ],
      &quot;none&quot; : [ ],
      &quot;failureSummary&quot; : null
    }, {
      &quot;html&quot; : &quot;&lt;li class=\&quot;travel-agents-select\&quot;&gt;&lt;a href=\&quot;mars2.html?a=travel_agents\&quot;&gt;Travel Agents&lt;/a&gt;&lt;/li&gt;&quot;,
      &quot;target&quot; : [ &quot;.travel-agents-select&quot; ],
      &quot;impact&quot; : null,
      &quot;any&quot; : [ {
        &quot;id&quot; : &quot;listitem&quot;,
        &quot;impact&quot; : &quot;serious&quot;,
        &quot;message&quot; : &quot;List item has a &lt;ul&gt;, &lt;ol&gt; or role=\&quot;list\&quot; parent element&quot;,
        &quot;data&quot; : null,
        &quot;relatedNodes&quot; : [ ]
      } ],
      &quot;all&quot; : [ ],
      &quot;none&quot; : [ ],
      &quot;failureSummary&quot; : null
    }, {
      &quot;html&quot; : &quot;&lt;li id=\&quot;country-select\&quot; class=\&quot;dropdown\&quot;&gt;\n\n&lt;a href=\&quot;javascript:;\&quot; class=\&quot;dropdown-toggle\&quot; data-toggle=\&quot;dropdown\&quot;&gt;\nYour country&lt;span class=\&quot;currency-select\&quot;&gt;&lt;!--($USD)--&gt;&lt;/span&gt;\n&lt;i class=\&quot;icon-langbar-down-arrow\&quot;&gt;&lt;/i&gt;\n&lt;/a&gt;&lt;ul class=\&quot;dropdown-menu\&quot;&gt;&lt;/ul&gt;\n&lt;/li&gt;&quot;,
      &quot;target&quot; : [ &quot;#country-select&quot; ],
      &quot;impact&quot; : null,
      &quot;any&quot; : [ {
        &quot;id&quot; : &quot;listitem&quot;,
        &quot;impact&quot; : &quot;serious&quot;,
        &quot;message&quot; : &quot;List item has a &lt;ul&gt;, &lt;ol&gt; or role=\&quot;list\&quot; parent element&quot;,
        &quot;data&quot; : null,
        &quot;relatedNodes&quot; : [ ]
      } ],
      &quot;all&quot; : [ ],
      &quot;none&quot; : [ ],
      &quot;failureSummary&quot; : null
    }, {
      &quot;html&quot; : &quot;&lt;li class=\&quot;language-select dropdown\&quot;&gt;&quot;,
      &quot;target&quot; : [ &quot;.language-select&quot; ],
      &quot;impact&quot; : null,
      &quot;any&quot; : [ {
        &quot;id&quot; : &quot;listitem&quot;,
        &quot;impact&quot; : &quot;serious&quot;,
        &quot;message&quot; : &quot;List item has a &lt;ul&gt;, &lt;ol&gt; or role=\&quot;list\&quot; parent element&quot;,
        &quot;data&quot; : null,
        &quot;relatedNodes&quot; : [ ]
      } ],
      &quot;all&quot; : [ ],
      &quot;none&quot; : [ ],
      &quot;failureSummary&quot; : null
    }, {
      &quot;html&quot; : &quot;&lt;li class=\&quot;first\&quot;&gt;&lt;a class=\&quot;link\&quot; href=\&quot;demo/mars/#\&quot;&gt;&lt;i class=\&quot;icon-menu-home\&quot;&gt;&lt;/i&gt; &lt;/a&gt;&lt;/li&gt;&quot;,
      &quot;target&quot; : [ &quot;ul &gt; .first&quot; ],
      &quot;impact&quot; : null,
      &quot;any&quot; : [ {
        &quot;id&quot; : &quot;listitem&quot;,
        &quot;impact&quot; : &quot;serious&quot;,
        &quot;message&quot; : &quot;List item has a &lt;ul&gt;, &lt;ol&gt; or role=\&quot;list\&quot; parent element&quot;,
        &quot;data&quot; : null,
        &quot;relatedNodes&quot; : [ ]
      } ],
      &quot;all&quot; : [ ],
      &quot;none&quot; : [ ],
      &quot;failureSummary&quot; : null
    }, {
      &quot;html&quot; : &quot;&lt;li&gt;&lt;a class=\&quot;link\&quot; href=\&quot;mars2.html?a=send_me_to_mars\&quot;&gt;Send me to Mars!&lt;/a&gt;&lt;/li&gt;&quot;,
      &quot;target&quot; : [ &quot;#main-nav &gt; ul &gt; li:nth-child(2)&quot; ],
      &quot;impact&quot; : null,
      &quot;any&quot; : [ {
        &quot;id&quot; : &quot;listitem&quot;,
        &quot;impact&quot; : &quot;serious&quot;,
        &quot;message&quot; : &quot;List item has a &lt;ul&gt;, &lt;ol&gt; or role=\&quot;list\&quot; parent element&quot;,
        &quot;data&quot; : null,
        &quot;relatedNodes&quot; : [ ]
      } ],
      &quot;all&quot; : [ ],
      &quot;none&quot; : [ ],
      &quot;failureSummary&quot; : null
    }, {
      &quot;html&quot; : &quot;&lt;li&gt;&lt;a class=\&quot;link\&quot; href=\&quot;mars2.html?a=hotels\&quot;&gt;Hotels&lt;/a&gt;&lt;/li&gt;&quot;,
      &quot;target&quot; : [ &quot;#main-nav &gt; ul &gt; li:nth-child(3)&quot; ],
      &quot;impact&quot; : null,
      &quot;any&quot; : [ {
        &quot;id&quot; : &quot;listitem&quot;,
        &quot;impact&quot; : &quot;serious&quot;,
        &quot;message&quot; : &quot;List item has a &lt;ul&gt;, &lt;ol&gt; or role=\&quot;list\&quot; parent element&quot;,
        &quot;data&quot; : null,
        &quot;relatedNodes&quot; : [ ]
      } ],
      &quot;all&quot; : [ ],
      &quot;none&quot; : [ ],
      &quot;failureSummary&quot; : null
    }, {
      &quot;html&quot; : &quot;&lt;li&gt;&lt;a class=\&quot;link\&quot; href=\&quot;mars2.html?a=things_to_do\&quot;&gt;Things to Do&lt;/a&gt;&lt;/li&gt;&quot;,
      &quot;target&quot; : [ &quot;#main-nav &gt; ul &gt; li:nth-child(4)&quot; ],
      &quot;impact&quot; : null,
      &quot;any&quot; : [ {
        &quot;id&quot; : &quot;listitem&quot;,
        &quot;impact&quot; : &quot;serious&quot;,
        &quot;message&quot; : &quot;List item has a &lt;ul&gt;, &lt;ol&gt; or role=\&quot;list\&quot; parent element&quot;,
        &quot;data&quot; : null,
        &quot;relatedNodes&quot; : [ ]
      } ],
      &quot;all&quot; : [ ],
      &quot;none&quot; : [ ],
      &quot;failureSummary&quot; : null
    }, {
      &quot;html&quot; : &quot;&lt;li&gt;&lt;a class=\&quot;link\&quot; href=\&quot;mars2.html?a=mars_map\&quot;&gt;Mars Map&lt;/a&gt;&lt;/li&gt;&quot;,
      &quot;target&quot; : [ &quot;#main-nav &gt; ul &gt; li:nth-child(5)&quot; ],
      &quot;impact&quot; : null,
      &quot;any&quot; : [ {
        &quot;id&quot; : &quot;listitem&quot;,
        &quot;impact&quot; : &quot;serious&quot;,
        &quot;message&quot; : &quot;List item has a &lt;ul&gt;, &lt;ol&gt; or role=\&quot;list\&quot; parent element&quot;,
        &quot;data&quot; : null,
        &quot;relatedNodes&quot; : [ ]
      } ],
      &quot;all&quot; : [ ],
      &quot;none&quot; : [ ],
      &quot;failureSummary&quot; : null
    }, {
      &quot;html&quot; : &quot;&lt;li&gt;&lt;a class=\&quot;link\&quot; href=\&quot;mars2.html?a=rockets\&quot;&gt;Rockets&lt;/a&gt;&lt;/li&gt;&quot;,
      &quot;target&quot; : [ &quot;#main-sub-nav &gt; ul &gt; li:nth-child(1)&quot; ],
      &quot;impact&quot; : null,
      &quot;any&quot; : [ {
        &quot;id&quot; : &quot;listitem&quot;,
        &quot;impact&quot; : &quot;serious&quot;,
        &quot;message&quot; : &quot;List item has a &lt;ul&gt;, &lt;ol&gt; or role=\&quot;list\&quot; parent element&quot;,
        &quot;data&quot; : null,
        &quot;relatedNodes&quot; : [ ]
      } ],
      &quot;all&quot; : [ ],
      &quot;none&quot; : [ ],
      &quot;failureSummary&quot; : null
    }, {
      &quot;html&quot; : &quot;&lt;li&gt;&lt;a class=\&quot;link\&quot; href=\&quot;mars2.html?a=deals\&quot;&gt;Deals&lt;/a&gt;&lt;/li&gt;&quot;,
      &quot;target&quot; : [ &quot;#main-sub-nav &gt; ul &gt; li:nth-child(2)&quot; ],
      &quot;impact&quot; : null,
      &quot;any&quot; : [ {
        &quot;id&quot; : &quot;listitem&quot;,
        &quot;impact&quot; : &quot;serious&quot;,
        &quot;message&quot; : &quot;List item has a &lt;ul&gt;, &lt;ol&gt; or role=\&quot;list\&quot; parent element&quot;,
        &quot;data&quot; : null,
        &quot;relatedNodes&quot; : [ ]
      } ],
      &quot;all&quot; : [ ],
      &quot;none&quot; : [ ],
      &quot;failureSummary&quot; : null
    }, {
      &quot;html&quot; : &quot;&lt;li&gt;&lt;a class=\&quot;link\&quot; href=\&quot;mars2.html?a=groups\&quot;&gt;Groups&lt;/a&gt;&lt;/li&gt;&quot;,
      &quot;target&quot; : [ &quot;#main-sub-nav &gt; ul &gt; li:nth-child(3)&quot; ],
      &quot;impact&quot; : null,
      &quot;any&quot; : [ {
        &quot;id&quot; : &quot;listitem&quot;,
        &quot;impact&quot; : &quot;serious&quot;,
        &quot;message&quot; : &quot;List item has a &lt;ul&gt;, &lt;ol&gt; or role=\&quot;list\&quot; parent element&quot;,
        &quot;data&quot; : null,
        &quot;relatedNodes&quot; : [ ]
      } ],
      &quot;all&quot; : [ ],
      &quot;none&quot; : [ ],
      &quot;failureSummary&quot; : null
    }, {
      &quot;html&quot; : &quot;&lt;li&gt;&lt;a class=\&quot;link\&quot; href=\&quot;mars2.html?a=about_us\&quot;&gt;About Us&lt;/a&gt;&lt;/li&gt;&quot;,
      &quot;target&quot; : [ &quot;#main-sub-nav &gt; ul &gt; li:nth-child(4)&quot; ],
      &quot;impact&quot; : null,
      &quot;any&quot; : [ {
        &quot;id&quot; : &quot;listitem&quot;,
        &quot;impact&quot; : &quot;serious&quot;,
        &quot;message&quot; : &quot;List item has a &lt;ul&gt;, &lt;ol&gt; or role=\&quot;list\&quot; parent element&quot;,
        &quot;data&quot; : null,
        &quot;relatedNodes&quot; : [ ]
      } ],
      &quot;all&quot; : [ ],
      &quot;none&quot; : [ ],
      &quot;failureSummary&quot; : null
    }, {
      &quot;html&quot; : &quot;&lt;li&gt;&lt;a class=\&quot;link\&quot; href=\&quot;mars2.html?a=help\&quot;&gt;Help!&lt;/a&gt;&lt;/li&gt;&quot;,
      &quot;target&quot; : [ &quot;#main-sub-nav &gt; ul &gt; li:nth-child(5)&quot; ],
      &quot;impact&quot; : null,
      &quot;any&quot; : [ {
        &quot;id&quot; : &quot;listitem&quot;,
        &quot;impact&quot; : &quot;serious&quot;,
        &quot;message&quot; : &quot;List item has a &lt;ul&gt;, &lt;ol&gt; or role=\&quot;list\&quot; parent element&quot;,
        &quot;data&quot; : null,
        &quot;relatedNodes&quot; : [ ]
      } ],
      &quot;all&quot; : [ ],
      &quot;none&quot; : [ ],
      &quot;failureSummary&quot; : null
    }, {
      &quot;html&quot; : &quot;&lt;li&gt;&lt;a class=\&quot;link\&quot; href=\&quot;mars2.html?a=why_marscommuter\&quot;&gt;\n                &lt;i class=\&quot;icon-plan-question\&quot;&gt;&lt;/i&gt;\n                &lt;span class=\&quot;link-text\&quot;&gt;Why MarsCommuter?&lt;/span&gt;\n              &lt;/a&gt;&lt;/li&gt;&quot;,
      &quot;target&quot; : [ &quot;#vap-plan &gt; div &gt; ul &gt; li:nth-child(1)&quot; ],
      &quot;impact&quot; : null,
      &quot;any&quot; : [ {
        &quot;id&quot; : &quot;listitem&quot;,
        &quot;impact&quot; : &quot;serious&quot;,
        &quot;message&quot; : &quot;List item has a &lt;ul&gt;, &lt;ol&gt; or role=\&quot;list\&quot; parent element&quot;,
        &quot;data&quot; : null,
        &quot;relatedNodes&quot; : [ ]
      } ],
      &quot;all&quot; : [ ],
      &quot;none&quot; : [ ],
      &quot;failureSummary&quot; : null
    }, {
      &quot;html&quot; : &quot;&lt;li&gt;&lt;a class=\&quot;link\&quot; href=\&quot;mars2.html?a=maps_and_guides\&quot;&gt;\n                &lt;i class=\&quot;icon-plan-101\&quot;&gt;&lt;/i&gt;\n                &lt;span class=\&quot;link-text\&quot;&gt;Maps &amp;amp; Guides&lt;/span&gt;\n              &lt;/a&gt;&lt;/li&gt;&quot;,
      &quot;target&quot; : [ &quot;#vap-plan &gt; div &gt; ul &gt; li:nth-child(2)&quot; ],
      &quot;impact&quot; : null,
      &quot;any&quot; : [ {
        &quot;id&quot; : &quot;listitem&quot;,
        &quot;impact&quot; : &quot;serious&quot;,
        &quot;message&quot; : &quot;List item has a &lt;ul&gt;, &lt;ol&gt; or role=\&quot;list\&quot; parent element&quot;,
        &quot;data&quot; : null,
        &quot;relatedNodes&quot; : [ ]
      } ],
      &quot;all&quot; : [ ],
      &quot;none&quot; : [ ],
      &quot;failureSummary&quot; : null
    }, {
      &quot;html&quot; : &quot;&lt;li&gt;&lt;a class=\&quot;link\&quot; href=\&quot;mars2.html?a=ticket_info\&quot;&gt;\n                &lt;i class=\&quot;icon-plan-pencil\&quot;&gt;&lt;/i&gt;\n                &lt;span class=\&quot;link-text\&quot;&gt;Ticket Info&lt;/span&gt;\n              &lt;/a&gt;&lt;/li&gt;&quot;,
      &quot;target&quot; : [ &quot;#vap-plan &gt; div &gt; ul &gt; li:nth-child(3)&quot; ],
      &quot;impact&quot; : null,
      &quot;any&quot; : [ {
        &quot;id&quot; : &quot;listitem&quot;,
        &quot;impact&quot; : &quot;serious&quot;,
        &quot;message&quot; : &quot;List item has a &lt;ul&gt;, &lt;ol&gt; or role=\&quot;list\&quot; parent element&quot;,
        &quot;data&quot; : null,
        &quot;relatedNodes&quot; : [ ]
      } ],
      &quot;all&quot; : [ ],
      &quot;none&quot; : [ ],
      &quot;failureSummary&quot; : null
    }, {
      &quot;html&quot; : &quot;&lt;li&gt;&lt;a class=\&quot;link\&quot; href=\&quot;mars2.html?a=book_tickets\&quot;&gt;\n                &lt;i class=\&quot;icon-book-book\&quot;&gt;&lt;/i&gt;\n                &lt;span class=\&quot;link-text\&quot;&gt;Book Tickets &lt;/span&gt;\n              &lt;/a&gt;&lt;/li&gt;&quot;,
      &quot;target&quot; : [ &quot;#vap-book &gt; div &gt; ul &gt; li:nth-child(1)&quot; ],
      &quot;impact&quot; : null,
      &quot;any&quot; : [ {
        &quot;id&quot; : &quot;listitem&quot;,
        &quot;impact&quot; : &quot;serious&quot;,
        &quot;message&quot; : &quot;List item has a &lt;ul&gt;, &lt;ol&gt; or role=\&quot;list\&quot; parent element&quot;,
        &quot;data&quot; : null,
        &quot;relatedNodes&quot; : [ ]
      } ],
      &quot;all&quot; : [ ],
      &quot;none&quot; : [ ],
      &quot;failureSummary&quot; : null
    }, {
      &quot;html&quot; : &quot;&lt;li&gt;&lt;a class=\&quot;link\&quot; href=\&quot;mars2.html?a=mars_passes\&quot;&gt;\n                &lt;i class=\&quot;icon-book-find\&quot;&gt;&lt;/i&gt;\n                &lt;span class=\&quot;link-text\&quot;&gt;Mars Passes&lt;/span&gt;\n              &lt;/a&gt;&lt;/li&gt;&quot;,
      &quot;target&quot; : [ &quot;#vap-book &gt; div &gt; ul &gt; li:nth-child(2)&quot; ],
      &quot;impact&quot; : null,
      &quot;any&quot; : [ {
        &quot;id&quot; : &quot;listitem&quot;,
        &quot;impact&quot; : &quot;serious&quot;,
        &quot;message&quot; : &quot;List item has a &lt;ul&gt;, &lt;ol&gt; or role=\&quot;list\&quot; parent element&quot;,
        &quot;data&quot; : null,
        &quot;relatedNodes&quot; : [ ]
      } ],
      &quot;all&quot; : [ ],
      &quot;none&quot; : [ ],
      &quot;failureSummary&quot; : null
    }, {
      &quot;html&quot; : &quot;&lt;li&gt;&lt;a class=\&quot;link\&quot; href=\&quot;mars2.html?a=seek_counseling\&quot;&gt;\n                &lt;i class=\&quot;icon-book-reservation\&quot;&gt;&lt;/i&gt;\n                &lt;span class=\&quot;link-text\&quot;&gt;Seek counseling&lt;/span&gt;\n              &lt;/a&gt;&lt;/li&gt;&quot;,
      &quot;target&quot; : [ &quot;#vap-book &gt; div &gt; ul &gt; li:nth-child(3)&quot; ],
      &quot;impact&quot; : null,
      &quot;any&quot; : [ {
        &quot;id&quot; : &quot;listitem&quot;,
        &quot;impact&quot; : &quot;serious&quot;,
        &quot;message&quot; : &quot;List item has a &lt;ul&gt;, &lt;ol&gt; or role=\&quot;list\&quot; parent element&quot;,
        &quot;data&quot; : null,
        &quot;relatedNodes&quot; : [ ]
      } ],
      &quot;all&quot; : [ ],
      &quot;none&quot; : [ ],
      &quot;failureSummary&quot; : null
    }, {
      &quot;html&quot; : &quot;&lt;li&gt;&lt;a class=\&quot;link\&quot; href=\&quot;mars2.html?a=\&quot;&gt;\n                &lt;i class=\&quot;icon-travel-app\&quot;&gt;&lt;/i&gt;\n                &lt;span class=\&quot;link-text\&quot;&gt;MarsMobile app&lt;/span&gt;\n              &lt;/a&gt;&lt;/li&gt;&quot;,
      &quot;target&quot; : [ &quot;#vap-travel &gt; div &gt; ul &gt; li:nth-child(1)&quot; ],
      &quot;impact&quot; : null,
      &quot;any&quot; : [ {
        &quot;id&quot; : &quot;listitem&quot;,
        &quot;impact&quot; : &quot;serious&quot;,
        &quot;message&quot; : &quot;List item has a &lt;ul&gt;, &lt;ol&gt; or role=\&quot;list\&quot; parent element&quot;,
        &quot;data&quot; : null,
        &quot;relatedNodes&quot; : [ ]
      } ],
      &quot;all&quot; : [ ],
      &quot;none&quot; : [ ],
      &quot;failureSummary&quot; : null
    }, {
      &quot;html&quot; : &quot;&lt;li&gt;&lt;a class=\&quot;link\&quot; href=\&quot;mars2.html?a=fly_at_own_risk\&quot;&gt;\n                &lt;i class=\&quot;icon-travel-exchange\&quot;&gt;&lt;/i&gt;\n                &lt;span class=\&quot;link-text\&quot;&gt;Fly at your own risk&lt;/span&gt;\n              &lt;/a&gt;&lt;/li&gt;&quot;,
      &quot;target&quot; : [ &quot;#vap-travel &gt; div &gt; ul &gt; li:nth-child(2)&quot; ],
      &quot;impact&quot; : null,
      &quot;any&quot; : [ {
        &quot;id&quot; : &quot;listitem&quot;,
        &quot;impact&quot; : &quot;serious&quot;,
        &quot;message&quot; : &quot;List item has a &lt;ul&gt;, &lt;ol&gt; or role=\&quot;list\&quot; parent element&quot;,
        &quot;data&quot; : null,
        &quot;relatedNodes&quot; : [ ]
      } ],
      &quot;all&quot; : [ ],
      &quot;none&quot; : [ ],
      &quot;failureSummary&quot; : null
    }, {
      &quot;html&quot; : &quot;&lt;li&gt;&lt;a class=\&quot;link\&quot; href=\&quot;mars2.html?a=contact_us\&quot;&gt;\n                &lt;i class=\&quot;icon-travel-phone\&quot;&gt;&lt;/i&gt;\n                &lt;span class=\&quot;link-text\&quot;&gt;Contact Us&lt;/span&gt;\n              &lt;/a&gt;&lt;/li&gt;&quot;,
      &quot;target&quot; : [ &quot;#vap-travel &gt; div &gt; ul &gt; li:nth-child(3)&quot; ],
      &quot;impact&quot; : null,
      &quot;any&quot; : [ {
        &quot;id&quot; : &quot;listitem&quot;,
        &quot;impact&quot; : &quot;serious&quot;,
        &quot;message&quot; : &quot;List item has a &lt;ul&gt;, &lt;ol&gt; or role=\&quot;list\&quot; parent element&quot;,
        &quot;data&quot; : null,
        &quot;relatedNodes&quot; : [ ]
      } ],
      &quot;all&quot; : [ ],
      &quot;none&quot; : [ ],
      &quot;failureSummary&quot; : null
    }, {
      &quot;html&quot; : &quot;&lt;li style=\&quot;overflow: hidden; float: none; width: 526px; height: 120px;\&quot;&gt;&quot;,
      &quot;target&quot; : [ &quot;.carousel &gt; ul &gt; li:nth-child(1)&quot; ],
      &quot;impact&quot; : null,
      &quot;any&quot; : [ {
        &quot;id&quot; : &quot;listitem&quot;,
        &quot;impact&quot; : &quot;serious&quot;,
        &quot;message&quot; : &quot;List item has a &lt;ul&gt;, &lt;ol&gt; or role=\&quot;list\&quot; parent element&quot;,
        &quot;data&quot; : null,
        &quot;relatedNodes&quot; : [ ]
      } ],
      &quot;all&quot; : [ ],
      &quot;none&quot; : [ ],
      &quot;failureSummary&quot; : null
    }, {
      &quot;html&quot; : &quot;&lt;li style=\&quot;overflow: hidden; float: none; width: 526px; height: 120px;\&quot;&gt;&quot;,
      &quot;target&quot; : [ &quot;.carousel &gt; ul &gt; li:nth-child(2)&quot; ],
      &quot;impact&quot; : null,
      &quot;any&quot; : [ {
        &quot;id&quot; : &quot;listitem&quot;,
        &quot;impact&quot; : &quot;serious&quot;,
        &quot;message&quot; : &quot;List item has a &lt;ul&gt;, &lt;ol&gt; or role=\&quot;list\&quot; parent element&quot;,
        &quot;data&quot; : null,
        &quot;relatedNodes&quot; : [ ]
      } ],
      &quot;all&quot; : [ ],
      &quot;none&quot; : [ ],
      &quot;failureSummary&quot; : null
    }, {
      &quot;html&quot; : &quot;&lt;li style=\&quot;overflow: hidden; float: none; width: 526px; height: 120px;\&quot;&gt;&quot;,
      &quot;target&quot; : [ &quot;.carousel &gt; ul &gt; li:nth-child(3)&quot; ],
      &quot;impact&quot; : null,
      &quot;any&quot; : [ {
        &quot;id&quot; : &quot;listitem&quot;,
        &quot;impact&quot; : &quot;serious&quot;,
        &quot;message&quot; : &quot;List item has a &lt;ul&gt;, &lt;ol&gt; or role=\&quot;list\&quot; parent element&quot;,
        &quot;data&quot; : null,
        &quot;relatedNodes&quot; : [ ]
      } ],
      &quot;all&quot; : [ ],
      &quot;none&quot; : [ ],
      &quot;failureSummary&quot; : null
    }, {
      &quot;html&quot; : &quot;&lt;li style=\&quot;overflow: hidden; float: none; width: 526px; height: 120px;\&quot;&gt;&quot;,
      &quot;target&quot; : [ &quot;.carousel &gt; ul &gt; li:nth-child(4)&quot; ],
      &quot;impact&quot; : null,
      &quot;any&quot; : [ {
        &quot;id&quot; : &quot;listitem&quot;,
        &quot;impact&quot; : &quot;serious&quot;,
        &quot;message&quot; : &quot;List item has a &lt;ul&gt;, &lt;ol&gt; or role=\&quot;list\&quot; parent element&quot;,
        &quot;data&quot; : null,
        &quot;relatedNodes&quot; : [ ]
      } ],
      &quot;all&quot; : [ ],
      &quot;none&quot; : [ ],
      &quot;failureSummary&quot; : null
    }, {
      &quot;html&quot; : &quot;&lt;li style=\&quot;overflow: hidden; float: none; width: 526px; height: 120px;\&quot;&gt;&quot;,
      &quot;target&quot; : [ &quot;.carousel &gt; ul &gt; li:nth-child(5)&quot; ],
      &quot;impact&quot; : null,
      &quot;any&quot; : [ {
        &quot;id&quot; : &quot;listitem&quot;,
        &quot;impact&quot; : &quot;serious&quot;,
        &quot;message&quot; : &quot;List item has a &lt;ul&gt;, &lt;ol&gt; or role=\&quot;list\&quot; parent element&quot;,
        &quot;data&quot; : null,
        &quot;relatedNodes&quot; : [ ]
      } ],
      &quot;all&quot; : [ ],
      &quot;none&quot; : [ ],
      &quot;failureSummary&quot; : null
    }, {
      &quot;html&quot; : &quot;&lt;li style=\&quot;overflow: hidden; float: none; width: 526px; height: 120px;\&quot;&gt;&quot;,
      &quot;target&quot; : [ &quot;.carousel &gt; ul &gt; li:nth-child(6)&quot; ],
      &quot;impact&quot; : null,
      &quot;any&quot; : [ {
        &quot;id&quot; : &quot;listitem&quot;,
        &quot;impact&quot; : &quot;serious&quot;,
        &quot;message&quot; : &quot;List item has a &lt;ul&gt;, &lt;ol&gt; or role=\&quot;list\&quot; parent element&quot;,
        &quot;data&quot; : null,
        &quot;relatedNodes&quot; : [ ]
      } ],
      &quot;all&quot; : [ ],
      &quot;none&quot; : [ ],
      &quot;failureSummary&quot; : null
    }, {
      &quot;html&quot; : &quot;&lt;li style=\&quot;overflow: hidden; float: none; width: 526px; height: 120px;\&quot;&gt;&quot;,
      &quot;target&quot; : [ &quot;.carousel &gt; ul &gt; li:nth-child(7)&quot; ],
      &quot;impact&quot; : null,
      &quot;any&quot; : [ {
        &quot;id&quot; : &quot;listitem&quot;,
        &quot;impact&quot; : &quot;serious&quot;,
        &quot;message&quot; : &quot;List item has a &lt;ul&gt;, &lt;ol&gt; or role=\&quot;list\&quot; parent element&quot;,
        &quot;data&quot; : null,
        &quot;relatedNodes&quot; : [ ]
      } ],
      &quot;all&quot; : [ ],
      &quot;none&quot; : [ ],
      &quot;failureSummary&quot; : null
    }, {
      &quot;html&quot; : &quot;&lt;li style=\&quot;overflow: hidden; float: none; width: 526px; height: 120px;\&quot;&gt;&quot;,
      &quot;target&quot; : [ &quot;li:nth-child(8)&quot; ],
      &quot;impact&quot; : null,
      &quot;any&quot; : [ {
        &quot;id&quot; : &quot;listitem&quot;,
        &quot;impact&quot; : &quot;serious&quot;,
        &quot;message&quot; : &quot;List item has a &lt;ul&gt;, &lt;ol&gt; or role=\&quot;list\&quot; parent element&quot;,
        &quot;data&quot; : null,
        &quot;relatedNodes&quot; : [ ]
      } ],
      &quot;all&quot; : [ ],
      &quot;none&quot; : [ ],
      &quot;failureSummary&quot; : null
    }, {
      &quot;html&quot; : &quot;&lt;li style=\&quot;overflow: hidden; float: none; width: 526px; height: 120px;\&quot;&gt;&quot;,
      &quot;target&quot; : [ &quot;li:nth-child(9)&quot; ],
      &quot;impact&quot; : null,
      &quot;any&quot; : [ {
        &quot;id&quot; : &quot;listitem&quot;,
        &quot;impact&quot; : &quot;serious&quot;,
        &quot;message&quot; : &quot;List item has a &lt;ul&gt;, &lt;ol&gt; or role=\&quot;list\&quot; parent element&quot;,
        &quot;data&quot; : null,
        &quot;relatedNodes&quot; : [ ]
      } ],
      &quot;all&quot; : [ ],
      &quot;none&quot; : [ ],
      &quot;failureSummary&quot; : null
    }, {
      &quot;html&quot; : &quot;&lt;li style=\&quot;overflow: hidden; float: none; width: 526px; height: 120px;\&quot;&gt;&quot;,
      &quot;target&quot; : [ &quot;li:nth-child(10)&quot; ],
      &quot;impact&quot; : null,
      &quot;any&quot; : [ {
        &quot;id&quot; : &quot;listitem&quot;,
        &quot;impact&quot; : &quot;serious&quot;,
        &quot;message&quot; : &quot;List item has a &lt;ul&gt;, &lt;ol&gt; or role=\&quot;list\&quot; parent element&quot;,
        &quot;data&quot; : null,
        &quot;relatedNodes&quot; : [ ]
      } ],
      &quot;all&quot; : [ ],
      &quot;none&quot; : [ ],
      &quot;failureSummary&quot; : null
    }, {
      &quot;html&quot; : &quot;&lt;li style=\&quot;overflow: hidden; float: none; width: 526px; height: 120px;\&quot;&gt;&quot;,
      &quot;target&quot; : [ &quot;li:nth-child(11)&quot; ],
      &quot;impact&quot; : null,
      &quot;any&quot; : [ {
        &quot;id&quot; : &quot;listitem&quot;,
        &quot;impact&quot; : &quot;serious&quot;,
        &quot;message&quot; : &quot;List item has a &lt;ul&gt;, &lt;ol&gt; or role=\&quot;list\&quot; parent element&quot;,
        &quot;data&quot; : null,
        &quot;relatedNodes&quot; : [ ]
      } ],
      &quot;all&quot; : [ ],
      &quot;none&quot; : [ ],
      &quot;failureSummary&quot; : null
    }, {
      &quot;html&quot; : &quot;&lt;li style=\&quot;overflow: hidden; float: none; width: 526px; height: 120px;\&quot;&gt;&quot;,
      &quot;target&quot; : [ &quot;li:nth-child(12)&quot; ],
      &quot;impact&quot; : null,
      &quot;any&quot; : [ {
        &quot;id&quot; : &quot;listitem&quot;,
        &quot;impact&quot; : &quot;serious&quot;,
        &quot;message&quot; : &quot;List item has a &lt;ul&gt;, &lt;ol&gt; or role=\&quot;list\&quot; parent element&quot;,
        &quot;data&quot; : null,
        &quot;relatedNodes&quot; : [ ]
      } ],
      &quot;all&quot; : [ ],
      &quot;none&quot; : [ ],
      &quot;failureSummary&quot; : null
    }, {
      &quot;html&quot; : &quot;&lt;li style=\&quot;overflow: hidden; float: none; width: 526px; height: 120px;\&quot;&gt;&quot;,
      &quot;target&quot; : [ &quot;li:nth-child(13)&quot; ],
      &quot;impact&quot; : null,
      &quot;any&quot; : [ {
        &quot;id&quot; : &quot;listitem&quot;,
        &quot;impact&quot; : &quot;serious&quot;,
        &quot;message&quot; : &quot;List item has a &lt;ul&gt;, &lt;ol&gt; or role=\&quot;list\&quot; parent element&quot;,
        &quot;data&quot; : null,
        &quot;relatedNodes&quot; : [ ]
      } ],
      &quot;all&quot; : [ ],
      &quot;none&quot; : [ ],
      &quot;failureSummary&quot; : null
    }, {
      &quot;html&quot; : &quot;&lt;li style=\&quot;overflow: hidden; float: none; width: 526px; height: 120px;\&quot;&gt;&quot;,
      &quot;target&quot; : [ &quot;li:nth-child(14)&quot; ],
      &quot;impact&quot; : null,
      &quot;any&quot; : [ {
        &quot;id&quot; : &quot;listitem&quot;,
        &quot;impact&quot; : &quot;serious&quot;,
        &quot;message&quot; : &quot;List item has a &lt;ul&gt;, &lt;ol&gt; or role=\&quot;list\&quot; parent element&quot;,
        &quot;data&quot; : null,
        &quot;relatedNodes&quot; : [ ]
      } ],
      &quot;all&quot; : [ ],
      &quot;none&quot; : [ ],
      &quot;failureSummary&quot; : null
    }, {
      &quot;html&quot; : &quot;&lt;li style=\&quot;overflow: hidden; float: none; width: 526px; height: 120px;\&quot;&gt;&quot;,
      &quot;target&quot; : [ &quot;li:nth-child(15)&quot; ],
      &quot;impact&quot; : null,
      &quot;any&quot; : [ {
        &quot;id&quot; : &quot;listitem&quot;,
        &quot;impact&quot; : &quot;serious&quot;,
        &quot;message&quot; : &quot;List item has a &lt;ul&gt;, &lt;ol&gt; or role=\&quot;list\&quot; parent element&quot;,
        &quot;data&quot; : null,
        &quot;relatedNodes&quot; : [ ]
      } ],
      &quot;all&quot; : [ ],
      &quot;none&quot; : [ ],
      &quot;failureSummary&quot; : null
    }, {
      &quot;html&quot; : &quot;&lt;li style=\&quot;overflow: hidden; float: none; width: 526px; height: 120px;\&quot;&gt;&quot;,
      &quot;target&quot; : [ &quot;li:nth-child(16)&quot; ],
      &quot;impact&quot; : null,
      &quot;any&quot; : [ {
        &quot;id&quot; : &quot;listitem&quot;,
        &quot;impact&quot; : &quot;serious&quot;,
        &quot;message&quot; : &quot;List item has a &lt;ul&gt;, &lt;ol&gt; or role=\&quot;list\&quot; parent element&quot;,
        &quot;data&quot; : null,
        &quot;relatedNodes&quot; : [ ]
      } ],
      &quot;all&quot; : [ ],
      &quot;none&quot; : [ ],
      &quot;failureSummary&quot; : null
    }, {
      &quot;html&quot; : &quot;&lt;li style=\&quot;overflow: hidden; float: none; width: 526px; height: 120px;\&quot;&gt;&quot;,
      &quot;target&quot; : [ &quot;li:nth-child(17)&quot; ],
      &quot;impact&quot; : null,
      &quot;any&quot; : [ {
        &quot;id&quot; : &quot;listitem&quot;,
        &quot;impact&quot; : &quot;serious&quot;,
        &quot;message&quot; : &quot;List item has a &lt;ul&gt;, &lt;ol&gt; or role=\&quot;list\&quot; parent element&quot;,
        &quot;data&quot; : null,
        &quot;relatedNodes&quot; : [ ]
      } ],
      &quot;all&quot; : [ ],
      &quot;none&quot; : [ ],
      &quot;failureSummary&quot; : null
    }, {
      &quot;html&quot; : &quot;&lt;li style=\&quot;overflow: hidden; float: none; width: 526px; height: 120px;\&quot;&gt;&quot;,
      &quot;target&quot; : [ &quot;li:nth-child(18)&quot; ],
      &quot;impact&quot; : null,
      &quot;any&quot; : [ {
        &quot;id&quot; : &quot;listitem&quot;,
        &quot;impact&quot; : &quot;serious&quot;,
        &quot;message&quot; : &quot;List item has a &lt;ul&gt;, &lt;ol&gt; or role=\&quot;list\&quot; parent element&quot;,
        &quot;data&quot; : null,
        &quot;relatedNodes&quot; : [ ]
      } ],
      &quot;all&quot; : [ ],
      &quot;none&quot; : [ ],
      &quot;failureSummary&quot; : null
    }, {
      &quot;html&quot; : &quot;&lt;li style=\&quot;overflow: hidden; float: none; width: 526px; height: 120px;\&quot;&gt;&quot;,
      &quot;target&quot; : [ &quot;li:nth-child(19)&quot; ],
      &quot;impact&quot; : null,
      &quot;any&quot; : [ {
        &quot;id&quot; : &quot;listitem&quot;,
        &quot;impact&quot; : &quot;serious&quot;,
        &quot;message&quot; : &quot;List item has a &lt;ul&gt;, &lt;ol&gt; or role=\&quot;list\&quot; parent element&quot;,
        &quot;data&quot; : null,
        &quot;relatedNodes&quot; : [ ]
      } ],
      &quot;all&quot; : [ ],
      &quot;none&quot; : [ ],
      &quot;failureSummary&quot; : null
    }, {
      &quot;html&quot; : &quot;&lt;li style=\&quot;overflow: hidden; float: none; width: 526px; height: 120px;\&quot;&gt;&quot;,
      &quot;target&quot; : [ &quot;li:nth-child(20)&quot; ],
      &quot;impact&quot; : null,
      &quot;any&quot; : [ {
        &quot;id&quot; : &quot;listitem&quot;,
        &quot;impact&quot; : &quot;serious&quot;,
        &quot;message&quot; : &quot;List item has a &lt;ul&gt;, &lt;ol&gt; or role=\&quot;list\&quot; parent element&quot;,
        &quot;data&quot; : null,
        &quot;relatedNodes&quot; : [ ]
      } ],
      &quot;all&quot; : [ ],
      &quot;none&quot; : [ ],
      &quot;failureSummary&quot; : null
    }, {
      &quot;html&quot; : &quot;&lt;li class=\&quot;social-facebook\&quot;&gt;&quot;,
      &quot;target&quot; : [ &quot;.social-facebook&quot; ],
      &quot;impact&quot; : null,
      &quot;any&quot; : [ {
        &quot;id&quot; : &quot;listitem&quot;,
        &quot;impact&quot; : &quot;serious&quot;,
        &quot;message&quot; : &quot;List item has a &lt;ul&gt;, &lt;ol&gt; or role=\&quot;list\&quot; parent element&quot;,
        &quot;data&quot; : null,
        &quot;relatedNodes&quot; : [ ]
      } ],
      &quot;all&quot; : [ ],
      &quot;none&quot; : [ ],
      &quot;failureSummary&quot; : null
    }, {
      &quot;html&quot; : &quot;&lt;li class=\&quot;social-twitter\&quot;&gt;&quot;,
      &quot;target&quot; : [ &quot;.social-twitter&quot; ],
      &quot;impact&quot; : null,
      &quot;any&quot; : [ {
        &quot;id&quot; : &quot;listitem&quot;,
        &quot;impact&quot; : &quot;serious&quot;,
        &quot;message&quot; : &quot;List item has a &lt;ul&gt;, &lt;ol&gt; or role=\&quot;list\&quot; parent element&quot;,
        &quot;data&quot; : null,
        &quot;relatedNodes&quot; : [ ]
      } ],
      &quot;all&quot; : [ ],
      &quot;none&quot; : [ ],
      &quot;failureSummary&quot; : null
    }, {
      &quot;html&quot; : &quot;&lt;li class=\&quot;social-google\&quot;&gt;&quot;,
      &quot;target&quot; : [ &quot;.social-google&quot; ],
      &quot;impact&quot; : null,
      &quot;any&quot; : [ {
        &quot;id&quot; : &quot;listitem&quot;,
        &quot;impact&quot; : &quot;serious&quot;,
        &quot;message&quot; : &quot;List item has a &lt;ul&gt;, &lt;ol&gt; or role=\&quot;list\&quot; parent element&quot;,
        &quot;data&quot; : null,
        &quot;relatedNodes&quot; : [ ]
      } ],
      &quot;all&quot; : [ ],
      &quot;none&quot; : [ ],
      &quot;failureSummary&quot; : null
    }, {
      &quot;html&quot; : &quot;&lt;li class=\&quot;social-app\&quot;&gt;&quot;,
      &quot;target&quot; : [ &quot;.social-app&quot; ],
      &quot;impact&quot; : null,
      &quot;any&quot; : [ {
        &quot;id&quot; : &quot;listitem&quot;,
        &quot;impact&quot; : &quot;serious&quot;,
        &quot;message&quot; : &quot;List item has a &lt;ul&gt;, &lt;ol&gt; or role=\&quot;list\&quot; parent element&quot;,
        &quot;data&quot; : null,
        &quot;relatedNodes&quot; : [ ]
      } ],
      &quot;all&quot; : [ ],
      &quot;none&quot; : [ ],
      &quot;failureSummary&quot; : null
    }, {
      &quot;html&quot; : &quot;&lt;li class=\&quot;social-community\&quot;&gt;&quot;,
      &quot;target&quot; : [ &quot;.social-community&quot; ],
      &quot;impact&quot; : null,
      &quot;any&quot; : [ {
        &quot;id&quot; : &quot;listitem&quot;,
        &quot;impact&quot; : &quot;serious&quot;,
        &quot;message&quot; : &quot;List item has a &lt;ul&gt;, &lt;ol&gt; or role=\&quot;list\&quot; parent element&quot;,
        &quot;data&quot; : null,
        &quot;relatedNodes&quot; : [ ]
      } ],
      &quot;all&quot; : [ ],
      &quot;none&quot; : [ ],
      &quot;failureSummary&quot; : null
    }, {
      &quot;html&quot; : &quot;&lt;li&gt;&lt;a href=\&quot;mars2.html?a=fares_and_schedules\&quot;&gt;Find Fares &amp;amp; Schedules&lt;br&gt;\n &lt;/a&gt;&lt;/li&gt;&quot;,
      &quot;target&quot; : [ &quot;#footer-book &gt; ul &gt; li:nth-child(1)&quot; ],
      &quot;impact&quot; : null,
      &quot;any&quot; : [ {
        &quot;id&quot; : &quot;listitem&quot;,
        &quot;impact&quot; : &quot;serious&quot;,
        &quot;message&quot; : &quot;List item has a &lt;ul&gt;, &lt;ol&gt; or role=\&quot;list\&quot; parent element&quot;,
        &quot;data&quot; : null,
        &quot;relatedNodes&quot; : [ ]
      } ],
      &quot;all&quot; : [ ],
      &quot;none&quot; : [ ],
      &quot;failureSummary&quot; : null
    }, {
      &quot;html&quot; : &quot;&lt;li&gt;&lt;a href=\&quot;mars2.html?a=find_mars_passes\&quot;&gt;Find Mars Passes&lt;/a&gt; &lt;/li&gt;&quot;,
      &quot;target&quot; : [ &quot;#footer-book &gt; ul &gt; li:nth-child(2)&quot; ],
      &quot;impact&quot; : null,
      &quot;any&quot; : [ {
        &quot;id&quot; : &quot;listitem&quot;,
        &quot;impact&quot; : &quot;serious&quot;,
        &quot;message&quot; : &quot;List item has a &lt;ul&gt;, &lt;ol&gt; or role=\&quot;list\&quot; parent element&quot;,
        &quot;data&quot; : null,
        &quot;relatedNodes&quot; : [ ]
      } ],
      &quot;all&quot; : [ ],
      &quot;none&quot; : [ ],
      &quot;failureSummary&quot; : null
    }, {
      &quot;html&quot; : &quot;&lt;li&gt;&lt;a href=\&quot;mars2.html?a=find_activities\&quot;&gt;Find Activities&lt;/a&gt; &lt;/li&gt;&quot;,
      &quot;target&quot; : [ &quot;#footer-book &gt; ul &gt; li:nth-child(3)&quot; ],
      &quot;impact&quot; : null,
      &quot;any&quot; : [ {
        &quot;id&quot; : &quot;listitem&quot;,
        &quot;impact&quot; : &quot;serious&quot;,
        &quot;message&quot; : &quot;List item has a &lt;ul&gt;, &lt;ol&gt; or role=\&quot;list\&quot; parent element&quot;,
        &quot;data&quot; : null,
        &quot;relatedNodes&quot; : [ ]
      } ],
      &quot;all&quot; : [ ],
      &quot;none&quot; : [ ],
      &quot;failureSummary&quot; : null
    }, {
      &quot;html&quot; : &quot;&lt;li&gt;&lt;a href=\&quot;mars2.html?a=book_reservations\&quot;&gt;Book Reservations&lt;/a&gt; &lt;/li&gt;&quot;,
      &quot;target&quot; : [ &quot;#footer-book &gt; ul &gt; li:nth-child(4)&quot; ],
      &quot;impact&quot; : null,
      &quot;any&quot; : [ {
        &quot;id&quot; : &quot;listitem&quot;,
        &quot;impact&quot; : &quot;serious&quot;,
        &quot;message&quot; : &quot;List item has a &lt;ul&gt;, &lt;ol&gt; or role=\&quot;list\&quot; parent element&quot;,
        &quot;data&quot; : null,
        &quot;relatedNodes&quot; : [ ]
      } ],
      &quot;all&quot; : [ ],
      &quot;none&quot; : [ ],
      &quot;failureSummary&quot; : null
    }, {
      &quot;html&quot; : &quot;&lt;li&gt;&lt;a href=\&quot;mars2.html?a=view_rocket_pass_listing\&quot;&gt;View Rocket Pass Listing&lt;br&gt;\n &lt;/a&gt;&lt;/li&gt;&quot;,
      &quot;target&quot; : [ &quot;#footer-book &gt; ul &gt; li:nth-child(5)&quot; ],
      &quot;impact&quot; : null,
      &quot;any&quot; : [ {
        &quot;id&quot; : &quot;listitem&quot;,
        &quot;impact&quot; : &quot;serious&quot;,
        &quot;message&quot; : &quot;List item has a &lt;ul&gt;, &lt;ol&gt; or role=\&quot;list\&quot; parent element&quot;,
        &quot;data&quot; : null,
        &quot;relatedNodes&quot; : [ ]
      } ],
      &quot;all&quot; : [ ],
      &quot;none&quot; : [ ],
      &quot;failureSummary&quot; : null
    }, {
      &quot;html&quot; : &quot;&lt;li&gt;&lt;a href=\&quot;mars2.html?a=marstar\&quot;&gt;MarsStar&lt;/a&gt; &lt;/li&gt;&quot;,
      &quot;target&quot; : [ &quot;#footer-trains &gt; ul &gt; li:nth-child(1)&quot; ],
      &quot;impact&quot; : null,
      &quot;any&quot; : [ {
        &quot;id&quot; : &quot;listitem&quot;,
        &quot;impact&quot; : &quot;serious&quot;,
        &quot;message&quot; : &quot;List item has a &lt;ul&gt;, &lt;ol&gt; or role=\&quot;list\&quot; parent element&quot;,
        &quot;data&quot; : null,
        &quot;relatedNodes&quot; : [ ]
      } ],
      &quot;all&quot; : [ ],
      &quot;none&quot; : [ ],
      &quot;failureSummary&quot; : null
    }, {
      &quot;html&quot; : &quot;&lt;li&gt;&lt;a href=\&quot;mars2.html?a=blast_off_uranus\&quot;&gt;Blast off Uranus&lt;/a&gt; &lt;/li&gt;&quot;,
      &quot;target&quot; : [ &quot;#footer-trains &gt; ul &gt; li:nth-child(2)&quot; ],
      &quot;impact&quot; : null,
      &quot;any&quot; : [ {
        &quot;id&quot; : &quot;listitem&quot;,
        &quot;impact&quot; : &quot;serious&quot;,
        &quot;message&quot; : &quot;List item has a &lt;ul&gt;, &lt;ol&gt; or role=\&quot;list\&quot; parent element&quot;,
        &quot;data&quot; : null,
        &quot;relatedNodes&quot; : [ ]
      } ],
      &quot;all&quot; : [ ],
      &quot;none&quot; : [ ],
      &quot;failureSummary&quot; : null
    }, {
      &quot;html&quot; : &quot;&lt;li&gt;&lt;a href=\&quot;mars2.html?a=red_planet_janet\&quot;&gt;Red Planet Janet&lt;/a&gt; &lt;/li&gt;&quot;,
      &quot;target&quot; : [ &quot;#footer-trains &gt; ul &gt; li:nth-child(3)&quot; ],
      &quot;impact&quot; : null,
      &quot;any&quot; : [ {
        &quot;id&quot; : &quot;listitem&quot;,
        &quot;impact&quot; : &quot;serious&quot;,
        &quot;message&quot; : &quot;List item has a &lt;ul&gt;, &lt;ol&gt; or role=\&quot;list\&quot; parent element&quot;,
        &quot;data&quot; : null,
        &quot;relatedNodes&quot; : [ ]
      } ],
      &quot;all&quot; : [ ],
      &quot;none&quot; : [ ],
      &quot;failureSummary&quot; : null
    }, {
      &quot;html&quot; : &quot;&lt;li&gt;&lt;a href=\&quot;mars2.html?a=the_martianic\&quot;&gt;The Martianic&lt;/a&gt; &lt;/li&gt;&quot;,
      &quot;target&quot; : [ &quot;#footer-trains &gt; ul &gt; li:nth-child(4)&quot; ],
      &quot;impact&quot; : null,
      &quot;any&quot; : [ {
        &quot;id&quot; : &quot;listitem&quot;,
        &quot;impact&quot; : &quot;serious&quot;,
        &quot;message&quot; : &quot;List item has a &lt;ul&gt;, &lt;ol&gt; or role=\&quot;list\&quot; parent element&quot;,
        &quot;data&quot; : null,
        &quot;relatedNodes&quot; : [ ]
      } ],
      &quot;all&quot; : [ ],
      &quot;none&quot; : [ ],
      &quot;failureSummary&quot; : null
    }, {
      &quot;html&quot; : &quot;&lt;li&gt;&lt;a href=\&quot;mars2.html?a=hal\&quot;&gt;Hal&lt;/a&gt; &lt;/li&gt;&quot;,
      &quot;target&quot; : [ &quot;#footer-trains &gt; ul &gt; li:nth-child(5)&quot; ],
      &quot;impact&quot; : null,
      &quot;any&quot; : [ {
        &quot;id&quot; : &quot;listitem&quot;,
        &quot;impact&quot; : &quot;serious&quot;,
        &quot;message&quot; : &quot;List item has a &lt;ul&gt;, &lt;ol&gt; or role=\&quot;list\&quot; parent element&quot;,
        &quot;data&quot; : null,
        &quot;relatedNodes&quot; : [ ]
      } ],
      &quot;all&quot; : [ ],
      &quot;none&quot; : [ ],
      &quot;failureSummary&quot; : null
    }, {
      &quot;html&quot; : &quot;&lt;li&gt;&lt;a href=\&quot;mars2.html?a=polar_cap_pass\&quot;&gt;Polar Cap Pass&lt;/a&gt; &lt;/li&gt;&quot;,
      &quot;target&quot; : [ &quot;#footer-passes &gt; ul &gt; li:nth-child(1)&quot; ],
      &quot;impact&quot; : null,
      &quot;any&quot; : [ {
        &quot;id&quot; : &quot;listitem&quot;,
        &quot;impact&quot; : &quot;serious&quot;,
        &quot;message&quot; : &quot;List item has a &lt;ul&gt;, &lt;ol&gt; or role=\&quot;list\&quot; parent element&quot;,
        &quot;data&quot; : null,
        &quot;relatedNodes&quot; : [ ]
      } ],
      &quot;all&quot; : [ ],
      &quot;none&quot; : [ ],
      &quot;failureSummary&quot; : null
    }, {
      &quot;html&quot; : &quot;&lt;li&gt;&lt;a href=\&quot;mars2.html?a=greater_crater_pass\&quot;&gt;Greater Crater Pass&lt;/a&gt; &lt;/li&gt;&quot;,
      &quot;target&quot; : [ &quot;#footer-passes &gt; ul &gt; li:nth-child(2)&quot; ],
      &quot;impact&quot; : null,
      &quot;any&quot; : [ {
        &quot;id&quot; : &quot;listitem&quot;,
        &quot;impact&quot; : &quot;serious&quot;,
        &quot;message&quot; : &quot;List item has a &lt;ul&gt;, &lt;ol&gt; or role=\&quot;list\&quot; parent element&quot;,
        &quot;data&quot; : null,
        &quot;relatedNodes&quot; : [ ]
      } ],
      &quot;all&quot; : [ ],
      &quot;none&quot; : [ ],
      &quot;failureSummary&quot; : null
    }, {
      &quot;html&quot; : &quot;&lt;li&gt;&lt;a href=\&quot;mars2.html?a=orbital_pass\&quot;&gt;Orbital Pass&lt;/a&gt; &lt;/li&gt;&quot;,
      &quot;target&quot; : [ &quot;#footer-passes &gt; ul &gt; li:nth-child(3)&quot; ],
      &quot;impact&quot; : null,
      &quot;any&quot; : [ {
        &quot;id&quot; : &quot;listitem&quot;,
        &quot;impact&quot; : &quot;serious&quot;,
        &quot;message&quot; : &quot;List item has a &lt;ul&gt;, &lt;ol&gt; or role=\&quot;list\&quot; parent element&quot;,
        &quot;data&quot; : null,
        &quot;relatedNodes&quot; : [ ]
      } ],
      &quot;all&quot; : [ ],
      &quot;none&quot; : [ ],
      &quot;failureSummary&quot; : null
    }, {
      &quot;html&quot; : &quot;&lt;li&gt;&lt;a href=\&quot;mars2.html?a=orbital_select_pass\&quot;&gt;Orbital Select Pass&lt;/a&gt; &lt;/li&gt;&quot;,
      &quot;target&quot; : [ &quot;#footer-passes &gt; ul &gt; li:nth-child(4)&quot; ],
      &quot;impact&quot; : null,
      &quot;any&quot; : [ {
        &quot;id&quot; : &quot;listitem&quot;,
        &quot;impact&quot; : &quot;serious&quot;,
        &quot;message&quot; : &quot;List item has a &lt;ul&gt;, &lt;ol&gt; or role=\&quot;list\&quot; parent element&quot;,
        &quot;data&quot; : null,
        &quot;relatedNodes&quot; : [ ]
      } ],
      &quot;all&quot; : [ ],
      &quot;none&quot; : [ ],
      &quot;failureSummary&quot; : null
    }, {
      &quot;html&quot; : &quot;&lt;li&gt;&lt;a href=\&quot;mars2.html?amulti_planet_pass=\&quot;&gt;Multi-Planet Pass&lt;/a&gt; &lt;/li&gt;&quot;,
      &quot;target&quot; : [ &quot;#footer-passes &gt; ul &gt; li:nth-child(5)&quot; ],
      &quot;impact&quot; : null,
      &quot;any&quot; : [ {
        &quot;id&quot; : &quot;listitem&quot;,
        &quot;impact&quot; : &quot;serious&quot;,
        &quot;message&quot; : &quot;List item has a &lt;ul&gt;, &lt;ol&gt; or role=\&quot;list\&quot; parent element&quot;,
        &quot;data&quot; : null,
        &quot;relatedNodes&quot; : [ ]
      } ],
      &quot;all&quot; : [ ],
      &quot;none&quot; : [ ],
      &quot;failureSummary&quot; : null
    }, {
      &quot;html&quot; : &quot;&lt;li&gt;&lt;a href=\&quot;mars2.html?a=martian_canali_quest\&quot;&gt;Martian Canali Quest&lt;/a&gt; &lt;/li&gt;&quot;,
      &quot;target&quot; : [ &quot;#footer-plan &gt; ul &gt; li:nth-child(1)&quot; ],
      &quot;impact&quot; : null,
      &quot;any&quot; : [ {
        &quot;id&quot; : &quot;listitem&quot;,
        &quot;impact&quot; : &quot;serious&quot;,
        &quot;message&quot; : &quot;List item has a &lt;ul&gt;, &lt;ol&gt; or role=\&quot;list\&quot; parent element&quot;,
        &quot;data&quot; : null,
        &quot;relatedNodes&quot; : [ ]
      } ],
      &quot;all&quot; : [ ],
      &quot;none&quot; : [ ],
      &quot;failureSummary&quot; : null
    }, {
      &quot;html&quot; : &quot;&lt;li&gt;&lt;a href=\&quot;mars2.html?a=nanedi_valles_hiking_treks\&quot;&gt;Nanedi Valles Hiking Treks&lt;/a&gt; &lt;/li&gt;&quot;,
      &quot;target&quot; : [ &quot;#footer-plan &gt; ul &gt; li:nth-child(2)&quot; ],
      &quot;impact&quot; : null,
      &quot;any&quot; : [ {
        &quot;id&quot; : &quot;listitem&quot;,
        &quot;impact&quot; : &quot;serious&quot;,
        &quot;message&quot; : &quot;List item has a &lt;ul&gt;, &lt;ol&gt; or role=\&quot;list\&quot; parent element&quot;,
        &quot;data&quot; : null,
        &quot;relatedNodes&quot; : [ ]
      } ],
      &quot;all&quot; : [ ],
      &quot;none&quot; : [ ],
      &quot;failureSummary&quot; : null
    }, {
      &quot;html&quot; : &quot;&lt;li&gt;&lt;a href=\&quot;mars2.html?a=phobos_observatory\&quot;&gt;Phobos observatory&lt;/a&gt; &lt;/li&gt;&quot;,
      &quot;target&quot; : [ &quot;#footer-plan &gt; ul &gt; li:nth-child(3)&quot; ],
      &quot;impact&quot; : null,
      &quot;any&quot; : [ {
        &quot;id&quot; : &quot;listitem&quot;,
        &quot;impact&quot; : &quot;serious&quot;,
        &quot;message&quot; : &quot;List item has a &lt;ul&gt;, &lt;ol&gt; or role=\&quot;list\&quot; parent element&quot;,
        &quot;data&quot; : null,
        &quot;relatedNodes&quot; : [ ]
      } ],
      &quot;all&quot; : [ ],
      &quot;none&quot; : [ ],
      &quot;failureSummary&quot; : null
    }, {
      &quot;html&quot; : &quot;&lt;li&gt;&lt;a href=\&quot;mars2.html?a=?paragliding_over_gusev_crater\&quot;&gt;Paragliding over Gusev Crater&lt;/a&gt; &lt;/li&gt;&quot;,
      &quot;target&quot; : [ &quot;#footer-plan &gt; ul &gt; li:nth-child(4)&quot; ],
      &quot;impact&quot; : null,
      &quot;any&quot; : [ {
        &quot;id&quot; : &quot;listitem&quot;,
        &quot;impact&quot; : &quot;serious&quot;,
        &quot;message&quot; : &quot;List item has a &lt;ul&gt;, &lt;ol&gt; or role=\&quot;list\&quot; parent element&quot;,
        &quot;data&quot; : null,
        &quot;relatedNodes&quot; : [ ]
      } ],
      &quot;all&quot; : [ ],
      &quot;none&quot; : [ ],
      &quot;failureSummary&quot; : null
    }, {
      &quot;html&quot; : &quot;&lt;li&gt;&lt;a href=\&quot;mars2.html?a=mars_dust_wrestling\&quot;&gt;Mars dust wrestling&lt;/a&gt; &lt;/li&gt;&quot;,
      &quot;target&quot; : [ &quot;#footer-plan &gt; ul &gt; li:nth-child(5)&quot; ],
      &quot;impact&quot; : null,
      &quot;any&quot; : [ {
        &quot;id&quot; : &quot;listitem&quot;,
        &quot;impact&quot; : &quot;serious&quot;,
        &quot;message&quot; : &quot;List item has a &lt;ul&gt;, &lt;ol&gt; or role=\&quot;list\&quot; parent element&quot;,
        &quot;data&quot; : null,
        &quot;relatedNodes&quot; : [ ]
      } ],
      &quot;all&quot; : [ ],
      &quot;none&quot; : [ ],
      &quot;failureSummary&quot; : null
    }, {
      &quot;html&quot; : &quot;&lt;li&gt;&lt;a href=\&quot;mars2.html?a=track_flight\&quot;&gt;Track Flight&lt;/a&gt; &lt;/li&gt;&quot;,
      &quot;target&quot; : [ &quot;#footer-faq &gt; ul &gt; li:nth-child(1)&quot; ],
      &quot;impact&quot; : null,
      &quot;any&quot; : [ {
        &quot;id&quot; : &quot;listitem&quot;,
        &quot;impact&quot; : &quot;serious&quot;,
        &quot;message&quot; : &quot;List item has a &lt;ul&gt;, &lt;ol&gt; or role=\&quot;list\&quot; parent element&quot;,
        &quot;data&quot; : null,
        &quot;relatedNodes&quot; : [ ]
      } ],
      &quot;all&quot; : [ ],
      &quot;none&quot; : [ ],
      &quot;failureSummary&quot; : null
    }, {
      &quot;html&quot; : &quot;&lt;li&gt;&lt;a href=\&quot;mars2.html?a=exchanges_refunds\&quot;&gt;Exchanges &amp;amp; Refunds&lt;/a&gt; &lt;/li&gt;&quot;,
      &quot;target&quot; : [ &quot;#footer-faq &gt; ul &gt; li:nth-child(2)&quot; ],
      &quot;impact&quot; : null,
      &quot;any&quot; : [ {
        &quot;id&quot; : &quot;listitem&quot;,
        &quot;impact&quot; : &quot;serious&quot;,
        &quot;message&quot; : &quot;List item has a &lt;ul&gt;, &lt;ol&gt; or role=\&quot;list\&quot; parent element&quot;,
        &quot;data&quot; : null,
        &quot;relatedNodes&quot; : [ ]
      } ],
      &quot;all&quot; : [ ],
      &quot;none&quot; : [ ],
      &quot;failureSummary&quot; : null
    }, {
      &quot;html&quot; : &quot;&lt;li&gt;&lt;a href=\&quot;mars2.html?a=e_tickets\&quot;&gt;E-tickets&lt;/a&gt; &lt;/li&gt;&quot;,
      &quot;target&quot; : [ &quot;#footer-faq &gt; ul &gt; li:nth-child(3)&quot; ],
      &quot;impact&quot; : null,
      &quot;any&quot; : [ {
        &quot;id&quot; : &quot;listitem&quot;,
        &quot;impact&quot; : &quot;serious&quot;,
        &quot;message&quot; : &quot;List item has a &lt;ul&gt;, &lt;ol&gt; or role=\&quot;list\&quot; parent element&quot;,
        &quot;data&quot; : null,
        &quot;relatedNodes&quot; : [ ]
      } ],
      &quot;all&quot; : [ ],
      &quot;none&quot; : [ ],
      &quot;failureSummary&quot; : null
    }, {
      &quot;html&quot; : &quot;&lt;li&gt;&lt;a href=\&quot;mars2.html?a=delivery_options\&quot;&gt;Delivery Options&lt;/a&gt; &lt;/li&gt;&quot;,
      &quot;target&quot; : [ &quot;#footer-faq &gt; ul &gt; li:nth-child(4)&quot; ],
      &quot;impact&quot; : null,
      &quot;any&quot; : [ {
        &quot;id&quot; : &quot;listitem&quot;,
        &quot;impact&quot; : &quot;serious&quot;,
        &quot;message&quot; : &quot;List item has a &lt;ul&gt;, &lt;ol&gt; or role=\&quot;list\&quot; parent element&quot;,
        &quot;data&quot; : null,
        &quot;relatedNodes&quot; : [ ]
      } ],
      &quot;all&quot; : [ ],
      &quot;none&quot; : [ ],
      &quot;failureSummary&quot; : null
    }, {
      &quot;html&quot; : &quot;&lt;li&gt;&lt;a href=\&quot;mars2.html?a=help\&quot;&gt;Help&lt;/a&gt; &lt;/li&gt;&quot;,
      &quot;target&quot; : [ &quot;#footer-faq &gt; ul &gt; li:nth-child(5)&quot; ],
      &quot;impact&quot; : null,
      &quot;any&quot; : [ {
        &quot;id&quot; : &quot;listitem&quot;,
        &quot;impact&quot; : &quot;serious&quot;,
        &quot;message&quot; : &quot;List item has a &lt;ul&gt;, &lt;ol&gt; or role=\&quot;list\&quot; parent element&quot;,
        &quot;data&quot; : null,
        &quot;relatedNodes&quot; : [ ]
      } ],
      &quot;all&quot; : [ ],
      &quot;none&quot; : [ ],
      &quot;failureSummary&quot; : null
    }, {
      &quot;html&quot; : &quot;&lt;li&gt;&lt;a href=\&quot;mars2.html?a=contact_us\&quot;&gt;Contact Us&lt;/a&gt; &lt;/li&gt;&quot;,
      &quot;target&quot; : [ &quot;#footer-connect &gt; ul &gt; li:nth-child(1)&quot; ],
      &quot;impact&quot; : null,
      &quot;any&quot; : [ {
        &quot;id&quot; : &quot;listitem&quot;,
        &quot;impact&quot; : &quot;serious&quot;,
        &quot;message&quot; : &quot;List item has a &lt;ul&gt;, &lt;ol&gt; or role=\&quot;list\&quot; parent element&quot;,
        &quot;data&quot; : null,
        &quot;relatedNodes&quot; : [ ]
      } ],
      &quot;all&quot; : [ ],
      &quot;none&quot; : [ ],
      &quot;failureSummary&quot; : null
    }, {
      &quot;html&quot; : &quot;&lt;li&gt;&lt;a href=\&quot;mars2.html?a=about_us\&quot;&gt;About Us&lt;/a&gt; &lt;/li&gt;&quot;,
      &quot;target&quot; : [ &quot;#footer-connect &gt; ul &gt; li:nth-child(2)&quot; ],
      &quot;impact&quot; : null,
      &quot;any&quot; : [ {
        &quot;id&quot; : &quot;listitem&quot;,
        &quot;impact&quot; : &quot;serious&quot;,
        &quot;message&quot; : &quot;List item has a &lt;ul&gt;, &lt;ol&gt; or role=\&quot;list\&quot; parent element&quot;,
        &quot;data&quot; : null,
        &quot;relatedNodes&quot; : [ ]
      } ],
      &quot;all&quot; : [ ],
      &quot;none&quot; : [ ],
      &quot;failureSummary&quot; : null
    }, {
      &quot;html&quot; : &quot;&lt;li&gt;&lt;a href=\&quot;mars2.html?a=feedback\&quot; target=\&quot;_blank\&quot;&gt;Feedback&lt;/a&gt; &lt;/li&gt;&quot;,
      &quot;target&quot; : [ &quot;#footer-connect &gt; ul &gt; li:nth-child(3)&quot; ],
      &quot;impact&quot; : null,
      &quot;any&quot; : [ {
        &quot;id&quot; : &quot;listitem&quot;,
        &quot;impact&quot; : &quot;serious&quot;,
        &quot;message&quot; : &quot;List item has a &lt;ul&gt;, &lt;ol&gt; or role=\&quot;list\&quot; parent element&quot;,
        &quot;data&quot; : null,
        &quot;relatedNodes&quot; : [ ]
      } ],
      &quot;all&quot; : [ ],
      &quot;none&quot; : [ ],
      &quot;failureSummary&quot; : null
    }, {
      &quot;html&quot; : &quot;&lt;li&gt;&lt;a href=\&quot;mars2.html?a=our_blog\&quot; target=\&quot;_blank\&quot;&gt;Our Blog&lt;/a&gt; &lt;/li&gt;&quot;,
      &quot;target&quot; : [ &quot;#footer-connect &gt; ul &gt; li:nth-child(4)&quot; ],
      &quot;impact&quot; : null,
      &quot;any&quot; : [ {
        &quot;id&quot; : &quot;listitem&quot;,
        &quot;impact&quot; : &quot;serious&quot;,
        &quot;message&quot; : &quot;List item has a &lt;ul&gt;, &lt;ol&gt; or role=\&quot;list\&quot; parent element&quot;,
        &quot;data&quot; : null,
        &quot;relatedNodes&quot; : [ ]
      } ],
      &quot;all&quot; : [ ],
      &quot;none&quot; : [ ],
      &quot;failureSummary&quot; : null
    }, {
      &quot;html&quot; : &quot;&lt;li&gt;&lt;a href=\&quot;mars2.html?a=mobile_site\&quot; target=\&quot;_blank\&quot;&gt;Mobile Site&lt;/a&gt; / &lt;a href=\&quot;mars2.html?a=iphone_app\&quot; target=\&quot;_blank\&quot;&gt;iPhone App&lt;/a&gt; &lt;/li&gt;&quot;,
      &quot;target&quot; : [ &quot;#footer-connect &gt; ul &gt; li:nth-child(5)&quot; ],
      &quot;impact&quot; : null,
      &quot;any&quot; : [ {
        &quot;id&quot; : &quot;listitem&quot;,
        &quot;impact&quot; : &quot;serious&quot;,
        &quot;message&quot; : &quot;List item has a &lt;ul&gt;, &lt;ol&gt; or role=\&quot;list\&quot; parent element&quot;,
        &quot;data&quot; : null,
        &quot;relatedNodes&quot; : [ ]
      } ],
      &quot;all&quot; : [ ],
      &quot;none&quot; : [ ],
      &quot;failureSummary&quot; : null
    }, {
      &quot;html&quot; : &quot;&lt;li&gt;&lt;a href=\&quot;https://media.dequeuniversity.com/en/docs/demo/mars-commuter/mars.pdf\&quot;&gt;Mars Info by NASA&lt;/a&gt;&lt;/li&gt;&quot;,
      &quot;target&quot; : [ &quot;#footer-connect &gt; ul &gt; li:nth-child(6)&quot; ],
      &quot;impact&quot; : null,
      &quot;any&quot; : [ {
        &quot;id&quot; : &quot;listitem&quot;,
        &quot;impact&quot; : &quot;serious&quot;,
        &quot;message&quot; : &quot;List item has a &lt;ul&gt;, &lt;ol&gt; or role=\&quot;list\&quot; parent element&quot;,
        &quot;data&quot; : null,
        &quot;relatedNodes&quot; : [ ]
      } ],
      &quot;all&quot; : [ ],
      &quot;none&quot; : [ ],
      &quot;failureSummary&quot; : null
    }, {
      &quot;html&quot; : &quot;&lt;li&gt;&lt;a href=\&quot;https://media.dequeuniversity.com/en/docs/demo/mars-commuter/HumansToMarsReport_i.pdf\&quot;&gt;Humans to Mars Report&lt;/a&gt;&lt;/li&gt;&quot;,
      &quot;target&quot; : [ &quot;#footer-connect &gt; ul &gt; li:nth-child(7)&quot; ],
      &quot;impact&quot; : null,
      &quot;any&quot; : [ {
        &quot;id&quot; : &quot;listitem&quot;,
        &quot;impact&quot; : &quot;serious&quot;,
        &quot;message&quot; : &quot;List item has a &lt;ul&gt;, &lt;ol&gt; or role=\&quot;list\&quot; parent element&quot;,
        &quot;data&quot; : null,
        &quot;relatedNodes&quot; : [ ]
      } ],
      &quot;all&quot; : [ ],
      &quot;none&quot; : [ ],
      &quot;failureSummary&quot; : null
    } ],
    &quot;url&quot; : null,
    &quot;createdDate&quot; : null
  }, {
    &quot;id&quot; : &quot;meta-viewport-large&quot;,
    &quot;description&quot; : &quot;Ensures &lt;meta name=\&quot;viewport\&quot;&gt; can scale a significant amount&quot;,
    &quot;help&quot; : &quot;Users should be able to zoom and scale the text up to 500%&quot;,
    &quot;helpUrl&quot; : &quot;https://dequeuniversity.com/rules/axe/4.6/meta-viewport-large?application=axeAPI&quot;,
    &quot;impact&quot; : &quot;&quot;,
    &quot;tags&quot; : [ &quot;cat.sensory-and-visual-cues&quot;, &quot;best-practice&quot; ],
    &quot;nodes&quot; : [ {
      &quot;html&quot; : &quot;&lt;meta name=\&quot;viewport\&quot; content=\&quot;width=device-width\&quot;&gt;&quot;,
      &quot;target&quot; : [ &quot;meta[name=\&quot;viewport\&quot;]&quot; ],
      &quot;impact&quot; : null,
      &quot;any&quot; : [ {
        &quot;id&quot; : &quot;meta-viewport-large&quot;,
        &quot;impact&quot; : &quot;minor&quot;,
        &quot;message&quot; : &quot;&lt;meta&gt; tag does not prevent significant zooming on mobile devices&quot;,
        &quot;data&quot; : null,
        &quot;relatedNodes&quot; : [ ]
      } ],
      &quot;all&quot; : [ ],
      &quot;none&quot; : [ ],
      &quot;failureSummary&quot; : null
    } ],
    &quot;url&quot; : null,
    &quot;createdDate&quot; : null
  }, {
    &quot;id&quot; : &quot;meta-viewport&quot;,
    &quot;description&quot; : &quot;Ensures &lt;meta name=\&quot;viewport\&quot;&gt; does not disable text scaling and zooming&quot;,
    &quot;help&quot; : &quot;Zooming and scaling must not be disabled&quot;,
    &quot;helpUrl&quot; : &quot;https://dequeuniversity.com/rules/axe/4.6/meta-viewport?application=axeAPI&quot;,
    &quot;impact&quot; : &quot;&quot;,
    &quot;tags&quot; : [ &quot;cat.sensory-and-visual-cues&quot;, &quot;wcag2aa&quot;, &quot;wcag144&quot;, &quot;ACT&quot; ],
    &quot;nodes&quot; : [ {
      &quot;html&quot; : &quot;&lt;meta name=\&quot;viewport\&quot; content=\&quot;width=device-width\&quot;&gt;&quot;,
      &quot;target&quot; : [ &quot;meta[name=\&quot;viewport\&quot;]&quot; ],
      &quot;impact&quot; : null,
      &quot;any&quot; : [ {
        &quot;id&quot; : &quot;meta-viewport&quot;,
        &quot;impact&quot; : &quot;critical&quot;,
        &quot;message&quot; : &quot;&lt;meta&gt; tag does not disable zooming on mobile devices&quot;,
        &quot;data&quot; : null,
        &quot;relatedNodes&quot; : [ ]
      } ],
      &quot;all&quot; : [ ],
      &quot;none&quot; : [ ],
      &quot;failureSummary&quot; : null
    } ],
    &quot;url&quot; : null,
    &quot;createdDate&quot; : null
  }, {
    &quot;id&quot; : &quot;nested-interactive&quot;,
    &quot;description&quot; : &quot;Ensures interactive controls are not nested as they are not always announced by screen readers or can cause focus problems for assistive technologies&quot;,
    &quot;help&quot; : &quot;Interactive controls must not be nested&quot;,
    &quot;helpUrl&quot; : &quot;https://dequeuniversity.com/rules/axe/4.6/nested-interactive?application=axeAPI&quot;,
    &quot;impact&quot; : &quot;&quot;,
    &quot;tags&quot; : [ &quot;cat.keyboard&quot;, &quot;wcag2a&quot;, &quot;wcag412&quot; ],
    &quot;nodes&quot; : [ {
      &quot;html&quot; : &quot;&lt;img src=\&quot;/assets/demo-sites/mars/js/seg\&quot; width=\&quot;1\&quot; height=\&quot;1\&quot;&gt;&quot;,
      &quot;target&quot; : [ &quot;img[src$=\&quot;seg\&quot;]&quot; ],
      &quot;impact&quot; : null,
      &quot;any&quot; : [ {
        &quot;id&quot; : &quot;no-focusable-content&quot;,
        &quot;impact&quot; : &quot;serious&quot;,
        &quot;message&quot; : &quot;Element does not have focusable descendants&quot;,
        &quot;data&quot; : null,
        &quot;relatedNodes&quot; : [ ]
      } ],
      &quot;all&quot; : [ ],
      &quot;none&quot; : [ ],
      &quot;failureSummary&quot; : null
    }, {
      &quot;html&quot; : &quot;&lt;input type=\&quot;submit\&quot; class=\&quot;control-search\&quot;&gt;&quot;,
      &quot;target&quot; : [ &quot;.loginnow &gt; .container-fluid-full &gt; .container &gt; .span5.pull-left.left-first &gt; .pull-left:nth-child(2) &gt; form[method=\&quot;get\&quot;][action=\&quot;/demo/mars/mars2\&quot;] &gt; .control-search[type=\&quot;submit\&quot;]&quot; ],
      &quot;impact&quot; : null,
      &quot;any&quot; : [ {
        &quot;id&quot; : &quot;no-focusable-content&quot;,
        &quot;impact&quot; : &quot;serious&quot;,
        &quot;message&quot; : &quot;Element does not have focusable descendants&quot;,
        &quot;data&quot; : null,
        &quot;relatedNodes&quot; : [ ]
      } ],
      &quot;all&quot; : [ ],
      &quot;none&quot; : [ ],
      &quot;failureSummary&quot; : null
    }, {
      &quot;html&quot; : &quot;&lt;img src=\&quot;/assets/demo-sites/mars/images/mars-spaceman.jpg\&quot; class=\&quot;\&quot; width=\&quot;210\&quot; height=\&quot;120\&quot;&gt;&quot;,
      &quot;target&quot; : [ &quot;li:nth-child(1) &gt; a[href=\&quot;mars2.html?a=crater_adventure\&quot;] &gt; img[width=\&quot;210\&quot;][height=\&quot;120\&quot;]&quot; ],
      &quot;impact&quot; : null,
      &quot;any&quot; : [ {
        &quot;id&quot; : &quot;no-focusable-content&quot;,
        &quot;impact&quot; : &quot;serious&quot;,
        &quot;message&quot; : &quot;Element does not have focusable descendants&quot;,
        &quot;data&quot; : null,
        &quot;relatedNodes&quot; : [ ]
      } ],
      &quot;all&quot; : [ ],
      &quot;none&quot; : [ ],
      &quot;failureSummary&quot; : null
    }, {
      &quot;html&quot; : &quot;&lt;img src=\&quot;/assets/demo-sites/mars/images/space-station.jpg\&quot; class=\&quot;\&quot; width=\&quot;210\&quot; height=\&quot;120\&quot; alt=\&quot;icecream.jpg \&quot;&gt;&quot;,
      &quot;target&quot; : [ &quot;li:nth-child(2) &gt; a[href=\&quot;mars2.html?a=ice_cream\&quot;] &gt; img[alt=\&quot;icecream.jpg \&quot;][width=\&quot;210\&quot;][height=\&quot;120\&quot;]&quot; ],
      &quot;impact&quot; : null,
      &quot;any&quot; : [ {
        &quot;id&quot; : &quot;no-focusable-content&quot;,
        &quot;impact&quot; : &quot;serious&quot;,
        &quot;message&quot; : &quot;Element does not have focusable descendants&quot;,
        &quot;data&quot; : null,
        &quot;relatedNodes&quot; : [ ]
      } ],
      &quot;all&quot; : [ ],
      &quot;none&quot; : [ ],
      &quot;failureSummary&quot; : null
    }, {
      &quot;html&quot; : &quot;&lt;img src=\&quot;/assets/demo-sites/mars/images/mars-lander.jpg\&quot; class=\&quot;\&quot; width=\&quot;210\&quot; height=\&quot;120\&quot; alt=\&quot;Mars Lander\&quot;&gt;&quot;,
      &quot;target&quot; : [ &quot;li:nth-child(3) &gt; a &gt; img[alt=\&quot;Mars Lander\&quot;][width=\&quot;210\&quot;][height=\&quot;120\&quot;]&quot; ],
      &quot;impact&quot; : null,
      &quot;any&quot; : [ {
        &quot;id&quot; : &quot;no-focusable-content&quot;,
        &quot;impact&quot; : &quot;serious&quot;,
        &quot;message&quot; : &quot;Element does not have focusable descendants&quot;,
        &quot;data&quot; : null,
        &quot;relatedNodes&quot; : [ ]
      } ],
      &quot;all&quot; : [ ],
      &quot;none&quot; : [ ],
      &quot;failureSummary&quot; : null
    }, {
      &quot;html&quot; : &quot;&lt;img src=\&quot;/assets/demo-sites/mars/images/kids-space.jpg\&quot; class=\&quot;\&quot; width=\&quot;210\&quot; height=\&quot;120\&quot; alt=\&quot;Kids in space suits \&quot;&gt;&quot;,
      &quot;target&quot; : [ &quot;li:nth-child(4) &gt; a[href=\&quot;mars2.html?a=send_kids_to_mars\&quot;] &gt; img[alt=\&quot;Kids in space suits \&quot;][width=\&quot;210\&quot;][height=\&quot;120\&quot;]&quot; ],
      &quot;impact&quot; : null,
      &quot;any&quot; : [ {
        &quot;id&quot; : &quot;no-focusable-content&quot;,
        &quot;impact&quot; : &quot;serious&quot;,
        &quot;message&quot; : &quot;Element does not have focusable descendants&quot;,
        &quot;data&quot; : null,
        &quot;relatedNodes&quot; : [ ]
      } ],
      &quot;all&quot; : [ ],
      &quot;none&quot; : [ ],
      &quot;failureSummary&quot; : null
    }, {
      &quot;html&quot; : &quot;&lt;img src=\&quot;/assets/demo-sites/mars/images/wookie.jpg\&quot; class=\&quot;\&quot; width=\&quot;210\&quot; height=\&quot;120\&quot; alt=\&quot;Wookie\&quot;&gt;&quot;,
      &quot;target&quot; : [ &quot;li:nth-child(5) &gt; a[href=\&quot;mars2.html?a=wookie\&quot;] &gt; img[alt=\&quot;Wookie\&quot;][width=\&quot;210\&quot;][height=\&quot;120\&quot;]&quot; ],
      &quot;impact&quot; : null,
      &quot;any&quot; : [ {
        &quot;id&quot; : &quot;no-focusable-content&quot;,
        &quot;impact&quot; : &quot;serious&quot;,
        &quot;message&quot; : &quot;Element does not have focusable descendants&quot;,
        &quot;data&quot; : null,
        &quot;relatedNodes&quot; : [ ]
      } ],
      &quot;all&quot; : [ ],
      &quot;none&quot; : [ ],
      &quot;failureSummary&quot; : null
    }, {
      &quot;html&quot; : &quot;&lt;img src=\&quot;/assets/demo-sites/mars/images/global-free-days.jpg\&quot; class=\&quot;\&quot; width=\&quot;210\&quot; height=\&quot;120\&quot; alt=\&quot;Martian sunrise.\&quot;&gt;&quot;,
      &quot;target&quot; : [ &quot;li:nth-child(6) &gt; a[href=\&quot;mars2.html?a=stay_connected\&quot;] &gt; img[alt=\&quot;Martian sunrise.\&quot;][width=\&quot;210\&quot;][height=\&quot;120\&quot;]&quot; ],
      &quot;impact&quot; : null,
      &quot;any&quot; : [ {
        &quot;id&quot; : &quot;no-focusable-content&quot;,
        &quot;impact&quot; : &quot;serious&quot;,
        &quot;message&quot; : &quot;Element does not have focusable descendants&quot;,
        &quot;data&quot; : null,
        &quot;relatedNodes&quot; : [ ]
      } ],
      &quot;all&quot; : [ ],
      &quot;none&quot; : [ ],
      &quot;failureSummary&quot; : null
    }, {
      &quot;html&quot; : &quot;&lt;img src=\&quot;/assets/demo-sites/mars/images/mars-sunrise.jpg\&quot; class=\&quot;\&quot; width=\&quot;210\&quot; height=\&quot;120\&quot; alt=\&quot;Beautiful baboon, blowing bubbles, biking backward\&quot;&gt;&quot;,
      &quot;target&quot; : [ &quot;li:nth-child(7) &gt; a[href=\&quot;mars2.html?a=free_year\&quot;] &gt; img[width=\&quot;210\&quot;][height=\&quot;120\&quot;]&quot; ],
      &quot;impact&quot; : null,
      &quot;any&quot; : [ {
        &quot;id&quot; : &quot;no-focusable-content&quot;,
        &quot;impact&quot; : &quot;serious&quot;,
        &quot;message&quot; : &quot;Element does not have focusable descendants&quot;,
        &quot;data&quot; : null,
        &quot;relatedNodes&quot; : [ ]
      } ],
      &quot;all&quot; : [ ],
      &quot;none&quot; : [ ],
      &quot;failureSummary&quot; : null
    }, {
      &quot;html&quot; : &quot;&lt;img src=\&quot;/assets/demo-sites/mars/images/mars-spaceman.jpg\&quot; class=\&quot;\&quot; width=\&quot;210\&quot; height=\&quot;120\&quot;&gt;&quot;,
      &quot;target&quot; : [ &quot;li:nth-child(8) &gt; a[href=\&quot;mars2.html?a=crater_adventure\&quot;] &gt; img[width=\&quot;210\&quot;][height=\&quot;120\&quot;]&quot; ],
      &quot;impact&quot; : null,
      &quot;any&quot; : [ {
        &quot;id&quot; : &quot;no-focusable-content&quot;,
        &quot;impact&quot; : &quot;serious&quot;,
        &quot;message&quot; : &quot;Element does not have focusable descendants&quot;,
        &quot;data&quot; : null,
        &quot;relatedNodes&quot; : [ ]
      } ],
      &quot;all&quot; : [ ],
      &quot;none&quot; : [ ],
      &quot;failureSummary&quot; : null
    }, {
      &quot;html&quot; : &quot;&lt;img src=\&quot;/assets/demo-sites/mars/images/space-station.jpg\&quot; class=\&quot;\&quot; width=\&quot;210\&quot; height=\&quot;120\&quot; alt=\&quot;icecream.jpg \&quot;&gt;&quot;,
      &quot;target&quot; : [ &quot;li:nth-child(9) &gt; a[href=\&quot;mars2.html?a=ice_cream\&quot;] &gt; img[alt=\&quot;icecream.jpg \&quot;][width=\&quot;210\&quot;][height=\&quot;120\&quot;]&quot; ],
      &quot;impact&quot; : null,
      &quot;any&quot; : [ {
        &quot;id&quot; : &quot;no-focusable-content&quot;,
        &quot;impact&quot; : &quot;serious&quot;,
        &quot;message&quot; : &quot;Element does not have focusable descendants&quot;,
        &quot;data&quot; : null,
        &quot;relatedNodes&quot; : [ ]
      } ],
      &quot;all&quot; : [ ],
      &quot;none&quot; : [ ],
      &quot;failureSummary&quot; : null
    }, {
      &quot;html&quot; : &quot;&lt;img src=\&quot;/assets/demo-sites/mars/images/mars-lander.jpg\&quot; class=\&quot;\&quot; width=\&quot;210\&quot; height=\&quot;120\&quot; alt=\&quot;Mars Lander\&quot;&gt;&quot;,
      &quot;target&quot; : [ &quot;li:nth-child(10) &gt; a &gt; img[alt=\&quot;Mars Lander\&quot;][width=\&quot;210\&quot;][height=\&quot;120\&quot;]&quot; ],
      &quot;impact&quot; : null,
      &quot;any&quot; : [ {
        &quot;id&quot; : &quot;no-focusable-content&quot;,
        &quot;impact&quot; : &quot;serious&quot;,
        &quot;message&quot; : &quot;Element does not have focusable descendants&quot;,
        &quot;data&quot; : null,
        &quot;relatedNodes&quot; : [ ]
      } ],
      &quot;all&quot; : [ ],
      &quot;none&quot; : [ ],
      &quot;failureSummary&quot; : null
    }, {
      &quot;html&quot; : &quot;&lt;img src=\&quot;/assets/demo-sites/mars/images/kids-space.jpg\&quot; class=\&quot;\&quot; width=\&quot;210\&quot; height=\&quot;120\&quot; alt=\&quot;Kids in space suits \&quot;&gt;&quot;,
      &quot;target&quot; : [ &quot;li:nth-child(11) &gt; a[href=\&quot;mars2.html?a=send_kids_to_mars\&quot;] &gt; img[alt=\&quot;Kids in space suits \&quot;][width=\&quot;210\&quot;][height=\&quot;120\&quot;]&quot; ],
      &quot;impact&quot; : null,
      &quot;any&quot; : [ {
        &quot;id&quot; : &quot;no-focusable-content&quot;,
        &quot;impact&quot; : &quot;serious&quot;,
        &quot;message&quot; : &quot;Element does not have focusable descendants&quot;,
        &quot;data&quot; : null,
        &quot;relatedNodes&quot; : [ ]
      } ],
      &quot;all&quot; : [ ],
      &quot;none&quot; : [ ],
      &quot;failureSummary&quot; : null
    }, {
      &quot;html&quot; : &quot;&lt;img src=\&quot;/assets/demo-sites/mars/images/wookie.jpg\&quot; class=\&quot;\&quot; width=\&quot;210\&quot; height=\&quot;120\&quot; alt=\&quot;Wookie\&quot;&gt;&quot;,
      &quot;target&quot; : [ &quot;li:nth-child(12) &gt; a[href=\&quot;mars2.html?a=wookie\&quot;] &gt; img[alt=\&quot;Wookie\&quot;][width=\&quot;210\&quot;][height=\&quot;120\&quot;]&quot; ],
      &quot;impact&quot; : null,
      &quot;any&quot; : [ {
        &quot;id&quot; : &quot;no-focusable-content&quot;,
        &quot;impact&quot; : &quot;serious&quot;,
        &quot;message&quot; : &quot;Element does not have focusable descendants&quot;,
        &quot;data&quot; : null,
        &quot;relatedNodes&quot; : [ ]
      } ],
      &quot;all&quot; : [ ],
      &quot;none&quot; : [ ],
      &quot;failureSummary&quot; : null
    }, {
      &quot;html&quot; : &quot;&lt;img src=\&quot;/assets/demo-sites/mars/images/global-free-days.jpg\&quot; class=\&quot;\&quot; width=\&quot;210\&quot; height=\&quot;120\&quot; alt=\&quot;Martian sunrise.\&quot;&gt;&quot;,
      &quot;target&quot; : [ &quot;li:nth-child(13) &gt; a[href=\&quot;mars2.html?a=stay_connected\&quot;] &gt; img[alt=\&quot;Martian sunrise.\&quot;][width=\&quot;210\&quot;][height=\&quot;120\&quot;]&quot; ],
      &quot;impact&quot; : null,
      &quot;any&quot; : [ {
        &quot;id&quot; : &quot;no-focusable-content&quot;,
        &quot;impact&quot; : &quot;serious&quot;,
        &quot;message&quot; : &quot;Element does not have focusable descendants&quot;,
        &quot;data&quot; : null,
        &quot;relatedNodes&quot; : [ ]
      } ],
      &quot;all&quot; : [ ],
      &quot;none&quot; : [ ],
      &quot;failureSummary&quot; : null
    }, {
      &quot;html&quot; : &quot;&lt;img src=\&quot;/assets/demo-sites/mars/images/mars-sunrise.jpg\&quot; class=\&quot;\&quot; width=\&quot;210\&quot; height=\&quot;120\&quot; alt=\&quot;Beautiful baboon, blowing bubbles, biking backward\&quot;&gt;&quot;,
      &quot;target&quot; : [ &quot;li:nth-child(14) &gt; a[href=\&quot;mars2.html?a=free_year\&quot;] &gt; img[width=\&quot;210\&quot;][height=\&quot;120\&quot;]&quot; ],
      &quot;impact&quot; : null,
      &quot;any&quot; : [ {
        &quot;id&quot; : &quot;no-focusable-content&quot;,
        &quot;impact&quot; : &quot;serious&quot;,
        &quot;message&quot; : &quot;Element does not have focusable descendants&quot;,
        &quot;data&quot; : null,
        &quot;relatedNodes&quot; : [ ]
      } ],
      &quot;all&quot; : [ ],
      &quot;none&quot; : [ ],
      &quot;failureSummary&quot; : null
    }, {
      &quot;html&quot; : &quot;&lt;img src=\&quot;/assets/demo-sites/mars/images/mars-spaceman.jpg\&quot; class=\&quot;\&quot; width=\&quot;210\&quot; height=\&quot;120\&quot;&gt;&quot;,
      &quot;target&quot; : [ &quot;li:nth-child(15) &gt; a[href=\&quot;mars2.html?a=crater_adventure\&quot;] &gt; img[width=\&quot;210\&quot;][height=\&quot;120\&quot;]&quot; ],
      &quot;impact&quot; : null,
      &quot;any&quot; : [ {
        &quot;id&quot; : &quot;no-focusable-content&quot;,
        &quot;impact&quot; : &quot;serious&quot;,
        &quot;message&quot; : &quot;Element does not have focusable descendants&quot;,
        &quot;data&quot; : null,
        &quot;relatedNodes&quot; : [ ]
      } ],
      &quot;all&quot; : [ ],
      &quot;none&quot; : [ ],
      &quot;failureSummary&quot; : null
    }, {
      &quot;html&quot; : &quot;&lt;img src=\&quot;/assets/demo-sites/mars/images/space-station.jpg\&quot; class=\&quot;\&quot; width=\&quot;210\&quot; height=\&quot;120\&quot; alt=\&quot;icecream.jpg \&quot;&gt;&quot;,
      &quot;target&quot; : [ &quot;li:nth-child(16) &gt; a[href=\&quot;mars2.html?a=ice_cream\&quot;] &gt; img[alt=\&quot;icecream.jpg \&quot;][width=\&quot;210\&quot;][height=\&quot;120\&quot;]&quot; ],
      &quot;impact&quot; : null,
      &quot;any&quot; : [ {
        &quot;id&quot; : &quot;no-focusable-content&quot;,
        &quot;impact&quot; : &quot;serious&quot;,
        &quot;message&quot; : &quot;Element does not have focusable descendants&quot;,
        &quot;data&quot; : null,
        &quot;relatedNodes&quot; : [ ]
      } ],
      &quot;all&quot; : [ ],
      &quot;none&quot; : [ ],
      &quot;failureSummary&quot; : null
    }, {
      &quot;html&quot; : &quot;&lt;img src=\&quot;/assets/demo-sites/mars/images/mars-lander.jpg\&quot; class=\&quot;\&quot; width=\&quot;210\&quot; height=\&quot;120\&quot; alt=\&quot;Mars Lander\&quot;&gt;&quot;,
      &quot;target&quot; : [ &quot;li:nth-child(17) &gt; a &gt; img[alt=\&quot;Mars Lander\&quot;][width=\&quot;210\&quot;][height=\&quot;120\&quot;]&quot; ],
      &quot;impact&quot; : null,
      &quot;any&quot; : [ {
        &quot;id&quot; : &quot;no-focusable-content&quot;,
        &quot;impact&quot; : &quot;serious&quot;,
        &quot;message&quot; : &quot;Element does not have focusable descendants&quot;,
        &quot;data&quot; : null,
        &quot;relatedNodes&quot; : [ ]
      } ],
      &quot;all&quot; : [ ],
      &quot;none&quot; : [ ],
      &quot;failureSummary&quot; : null
    }, {
      &quot;html&quot; : &quot;&lt;img src=\&quot;/assets/demo-sites/mars/images/kids-space.jpg\&quot; class=\&quot;\&quot; width=\&quot;210\&quot; height=\&quot;120\&quot; alt=\&quot;Kids in space suits \&quot;&gt;&quot;,
      &quot;target&quot; : [ &quot;li:nth-child(18) &gt; a[href=\&quot;mars2.html?a=send_kids_to_mars\&quot;] &gt; img[alt=\&quot;Kids in space suits \&quot;][width=\&quot;210\&quot;][height=\&quot;120\&quot;]&quot; ],
      &quot;impact&quot; : null,
      &quot;any&quot; : [ {
        &quot;id&quot; : &quot;no-focusable-content&quot;,
        &quot;impact&quot; : &quot;serious&quot;,
        &quot;message&quot; : &quot;Element does not have focusable descendants&quot;,
        &quot;data&quot; : null,
        &quot;relatedNodes&quot; : [ ]
      } ],
      &quot;all&quot; : [ ],
      &quot;none&quot; : [ ],
      &quot;failureSummary&quot; : null
    }, {
      &quot;html&quot; : &quot;&lt;img src=\&quot;/assets/demo-sites/mars/images/wookie.jpg\&quot; class=\&quot;\&quot; width=\&quot;210\&quot; height=\&quot;120\&quot; alt=\&quot;Wookie\&quot;&gt;&quot;,
      &quot;target&quot; : [ &quot;li:nth-child(19) &gt; a[href=\&quot;mars2.html?a=wookie\&quot;] &gt; img[alt=\&quot;Wookie\&quot;][width=\&quot;210\&quot;][height=\&quot;120\&quot;]&quot; ],
      &quot;impact&quot; : null,
      &quot;any&quot; : [ {
        &quot;id&quot; : &quot;no-focusable-content&quot;,
        &quot;impact&quot; : &quot;serious&quot;,
        &quot;message&quot; : &quot;Element does not have focusable descendants&quot;,
        &quot;data&quot; : null,
        &quot;relatedNodes&quot; : [ ]
      } ],
      &quot;all&quot; : [ ],
      &quot;none&quot; : [ ],
      &quot;failureSummary&quot; : null
    }, {
      &quot;html&quot; : &quot;&lt;img src=\&quot;/assets/demo-sites/mars/images/global-free-days.jpg\&quot; class=\&quot;\&quot; width=\&quot;210\&quot; height=\&quot;120\&quot; alt=\&quot;Martian sunrise.\&quot;&gt;&quot;,
      &quot;target&quot; : [ &quot;li:nth-child(20) &gt; a[href=\&quot;mars2.html?a=stay_connected\&quot;] &gt; img[alt=\&quot;Martian sunrise.\&quot;][width=\&quot;210\&quot;][height=\&quot;120\&quot;]&quot; ],
      &quot;impact&quot; : null,
      &quot;any&quot; : [ {
        &quot;id&quot; : &quot;no-focusable-content&quot;,
        &quot;impact&quot; : &quot;serious&quot;,
        &quot;message&quot; : &quot;Element does not have focusable descendants&quot;,
        &quot;data&quot; : null,
        &quot;relatedNodes&quot; : [ ]
      } ],
      &quot;all&quot; : [ ],
      &quot;none&quot; : [ ],
      &quot;failureSummary&quot; : null
    }, {
      &quot;html&quot; : &quot;&lt;input type=\&quot;radio\&quot; name=\&quot;widget-type\&quot; id=\&quot;widget-controls-fares\&quot; value=\&quot;0\&quot; checked=\&quot;checked\&quot;&gt;&quot;,
      &quot;target&quot; : [ &quot;#widget-controls-fares&quot; ],
      &quot;impact&quot; : null,
      &quot;any&quot; : [ {
        &quot;id&quot; : &quot;no-focusable-content&quot;,
        &quot;impact&quot; : &quot;serious&quot;,
        &quot;message&quot; : &quot;Element does not have focusable descendants&quot;,
        &quot;data&quot; : null,
        &quot;relatedNodes&quot; : [ ]
      } ],
      &quot;all&quot; : [ ],
      &quot;none&quot; : [ ],
      &quot;failureSummary&quot; : null
    }, {
      &quot;html&quot; : &quot;&lt;input type=\&quot;radio\&quot; name=\&quot;widget-type\&quot; id=\&quot;widget-controls-passes\&quot; value=\&quot;1\&quot;&gt;&quot;,
      &quot;target&quot; : [ &quot;#widget-controls-passes&quot; ],
      &quot;impact&quot; : null,
      &quot;any&quot; : [ {
        &quot;id&quot; : &quot;no-focusable-content&quot;,
        &quot;impact&quot; : &quot;serious&quot;,
        &quot;message&quot; : &quot;Element does not have focusable descendants&quot;,
        &quot;data&quot; : null,
        &quot;relatedNodes&quot; : [ ]
      } ],
      &quot;all&quot; : [ ],
      &quot;none&quot; : [ ],
      &quot;failureSummary&quot; : null
    }, {
      &quot;html&quot; : &quot;&lt;input type=\&quot;radio\&quot; name=\&quot;widget-type\&quot; id=\&quot;widget-controls-reservations\&quot; value=\&quot;2\&quot;&gt;&quot;,
      &quot;target&quot; : [ &quot;#widget-controls-reservations&quot; ],
      &quot;impact&quot; : null,
      &quot;any&quot; : [ {
        &quot;id&quot; : &quot;no-focusable-content&quot;,
        &quot;impact&quot; : &quot;serious&quot;,
        &quot;message&quot; : &quot;Element does not have focusable descendants&quot;,
        &quot;data&quot; : null,
        &quot;relatedNodes&quot; : [ ]
      } ],
      &quot;all&quot; : [ ],
      &quot;none&quot; : [ ],
      &quot;failureSummary&quot; : null
    }, {
      &quot;html&quot; : &quot;&lt;input type=\&quot;radio\&quot; name=\&quot;widget-type\&quot; id=\&quot;widget-controls-activities\&quot; value=\&quot;4\&quot;&gt;&quot;,
      &quot;target&quot; : [ &quot;#widget-controls-activities&quot; ],
      &quot;impact&quot; : null,
      &quot;any&quot; : [ {
        &quot;id&quot; : &quot;no-focusable-content&quot;,
        &quot;impact&quot; : &quot;serious&quot;,
        &quot;message&quot; : &quot;Element does not have focusable descendants&quot;,
        &quot;data&quot; : null,
        &quot;relatedNodes&quot; : [ ]
      } ],
      &quot;all&quot; : [ ],
      &quot;none&quot; : [ ],
      &quot;failureSummary&quot; : null
    }, {
      &quot;html&quot; : &quot;&lt;input type=\&quot;radio\&quot; name=\&quot;widget-type\&quot; id=\&quot;widget-controls-hotels\&quot; value=\&quot;3\&quot;&gt;&quot;,
      &quot;target&quot; : [ &quot;#widget-controls-hotels&quot; ],
      &quot;impact&quot; : null,
      &quot;any&quot; : [ {
        &quot;id&quot; : &quot;no-focusable-content&quot;,
        &quot;impact&quot; : &quot;serious&quot;,
        &quot;message&quot; : &quot;Element does not have focusable descendants&quot;,
        &quot;data&quot; : null,
        &quot;relatedNodes&quot; : [ ]
      } ],
      &quot;all&quot; : [ ],
      &quot;none&quot; : [ ],
      &quot;failureSummary&quot; : null
    }, {
      &quot;html&quot; : &quot;&lt;input type=\&quot;radio\&quot; name=\&quot;route-type\&quot; id=\&quot;route-type-one-way\&quot; value=\&quot;0\&quot; checked=\&quot;checked\&quot;&gt;&quot;,
      &quot;target&quot; : [ &quot;#route-type-one-way&quot; ],
      &quot;impact&quot; : null,
      &quot;any&quot; : [ {
        &quot;id&quot; : &quot;no-focusable-content&quot;,
        &quot;impact&quot; : &quot;serious&quot;,
        &quot;message&quot; : &quot;Element does not have focusable descendants&quot;,
        &quot;data&quot; : null,
        &quot;relatedNodes&quot; : [ ]
      } ],
      &quot;all&quot; : [ ],
      &quot;none&quot; : [ ],
      &quot;failureSummary&quot; : null
    }, {
      &quot;html&quot; : &quot;&lt;input type=\&quot;radio\&quot; name=\&quot;route-type\&quot; id=\&quot;route-type-round-trip\&quot; value=\&quot;1\&quot;&gt;&quot;,
      &quot;target&quot; : [ &quot;#route-type-round-trip&quot; ],
      &quot;impact&quot; : null,
      &quot;any&quot; : [ {
        &quot;id&quot; : &quot;no-focusable-content&quot;,
        &quot;impact&quot; : &quot;serious&quot;,
        &quot;message&quot; : &quot;Element does not have focusable descendants&quot;,
        &quot;data&quot; : null,
        &quot;relatedNodes&quot; : [ ]
      } ],
      &quot;all&quot; : [ ],
      &quot;none&quot; : [ ],
      &quot;failureSummary&quot; : null
    }, {
      &quot;html&quot; : &quot;&lt;input type=\&quot;radio\&quot; name=\&quot;route-type\&quot; id=\&quot;route-type-multi-city\&quot; value=\&quot;2\&quot;&gt;&quot;,
      &quot;target&quot; : [ &quot;#route-type-multi-city&quot; ],
      &quot;impact&quot; : null,
      &quot;any&quot; : [ {
        &quot;id&quot; : &quot;no-focusable-content&quot;,
        &quot;impact&quot; : &quot;serious&quot;,
        &quot;message&quot; : &quot;Element does not have focusable descendants&quot;,
        &quot;data&quot; : null,
        &quot;relatedNodes&quot; : [ ]
      } ],
      &quot;all&quot; : [ ],
      &quot;none&quot; : [ ],
      &quot;failureSummary&quot; : null
    }, {
      &quot;html&quot; : &quot;&lt;button type=\&quot;button\&quot; class=\&quot;ui-datepicker-trigger\&quot;&gt;&lt;img src=\&quot;/assets/demo-sites/mars/images/calendar.png\&quot; alt=\&quot;...\&quot; title=\&quot;...\&quot;&gt;&lt;/button&gt;&quot;,
      &quot;target&quot; : [ &quot;.departure-date &gt; .ui-datepicker-trigger:nth-child(3)&quot; ],
      &quot;impact&quot; : null,
      &quot;any&quot; : [ {
        &quot;id&quot; : &quot;no-focusable-content&quot;,
        &quot;impact&quot; : &quot;serious&quot;,
        &quot;message&quot; : &quot;Element does not have focusable descendants&quot;,
        &quot;data&quot; : null,
        &quot;relatedNodes&quot; : [ ]
      } ],
      &quot;all&quot; : [ ],
      &quot;none&quot; : [ ],
      &quot;failureSummary&quot; : null
    }, {
      &quot;html&quot; : &quot;&lt;img src=\&quot;/assets/demo-sites/mars/images/calendar.png\&quot; alt=\&quot;...\&quot; title=\&quot;...\&quot;&gt;&quot;,
      &quot;target&quot; : [ &quot;.departure-date &gt; .ui-datepicker-trigger:nth-child(3) &gt; img[alt=\&quot;...\&quot;][title=\&quot;...\&quot;]&quot; ],
      &quot;impact&quot; : null,
      &quot;any&quot; : [ {
        &quot;id&quot; : &quot;no-focusable-content&quot;,
        &quot;impact&quot; : &quot;serious&quot;,
        &quot;message&quot; : &quot;Element does not have focusable descendants&quot;,
        &quot;data&quot; : null,
        &quot;relatedNodes&quot; : [ ]
      } ],
      &quot;all&quot; : [ ],
      &quot;none&quot; : [ ],
      &quot;failureSummary&quot; : null
    }, {
      &quot;html&quot; : &quot;&lt;button class=\&quot;ui-datepicker-trigger\&quot; type=\&quot;button\&quot;&gt;\n&lt;!-- &lt;img title=\&quot;...\&quot; alt=\&quot;...\&quot; src=\&quot;/redesign/assets/demo-sites/mars/images/calendar.png\&quot;&gt; --&gt;\n&lt;/button&gt;&quot;,
      &quot;target&quot; : [ &quot;.departure-date &gt; .ui-datepicker-trigger:nth-child(4)&quot; ],
      &quot;impact&quot; : null,
      &quot;any&quot; : [ {
        &quot;id&quot; : &quot;no-focusable-content&quot;,
        &quot;impact&quot; : &quot;serious&quot;,
        &quot;message&quot; : &quot;Element does not have focusable descendants&quot;,
        &quot;data&quot; : null,
        &quot;relatedNodes&quot; : [ ]
      } ],
      &quot;all&quot; : [ ],
      &quot;none&quot; : [ ],
      &quot;failureSummary&quot; : null
    }, {
      &quot;html&quot; : &quot;&lt;option value=\&quot;0\&quot;&gt;12 am&lt;/option&gt;&quot;,
      &quot;target&quot; : [ &quot;#time0 &gt; option[value=\&quot;0\&quot;]&quot; ],
      &quot;impact&quot; : null,
      &quot;any&quot; : [ {
        &quot;id&quot; : &quot;no-focusable-content&quot;,
        &quot;impact&quot; : &quot;serious&quot;,
        &quot;message&quot; : &quot;Element does not have focusable descendants&quot;,
        &quot;data&quot; : null,
        &quot;relatedNodes&quot; : [ ]
      } ],
      &quot;all&quot; : [ ],
      &quot;none&quot; : [ ],
      &quot;failureSummary&quot; : null
    }, {
      &quot;html&quot; : &quot;&lt;option value=\&quot;1\&quot;&gt;01 am&lt;/option&gt;&quot;,
      &quot;target&quot; : [ &quot;#time0 &gt; option[value=\&quot;1\&quot;]&quot; ],
      &quot;impact&quot; : null,
      &quot;any&quot; : [ {
        &quot;id&quot; : &quot;no-focusable-content&quot;,
        &quot;impact&quot; : &quot;serious&quot;,
        &quot;message&quot; : &quot;Element does not have focusable descendants&quot;,
        &quot;data&quot; : null,
        &quot;relatedNodes&quot; : [ ]
      } ],
      &quot;all&quot; : [ ],
      &quot;none&quot; : [ ],
      &quot;failureSummary&quot; : null
    }, {
      &quot;html&quot; : &quot;&lt;option value=\&quot;2\&quot;&gt;02 am&lt;/option&gt;&quot;,
      &quot;target&quot; : [ &quot;#time0 &gt; option[value=\&quot;2\&quot;]&quot; ],
      &quot;impact&quot; : null,
      &quot;any&quot; : [ {
        &quot;id&quot; : &quot;no-focusable-content&quot;,
        &quot;impact&quot; : &quot;serious&quot;,
        &quot;message&quot; : &quot;Element does not have focusable descendants&quot;,
        &quot;data&quot; : null,
        &quot;relatedNodes&quot; : [ ]
      } ],
      &quot;all&quot; : [ ],
      &quot;none&quot; : [ ],
      &quot;failureSummary&quot; : null
    }, {
      &quot;html&quot; : &quot;&lt;option value=\&quot;3\&quot;&gt;03 am&lt;/option&gt;&quot;,
      &quot;target&quot; : [ &quot;#time0 &gt; option[value=\&quot;3\&quot;]&quot; ],
      &quot;impact&quot; : null,
      &quot;any&quot; : [ {
        &quot;id&quot; : &quot;no-focusable-content&quot;,
        &quot;impact&quot; : &quot;serious&quot;,
        &quot;message&quot; : &quot;Element does not have focusable descendants&quot;,
        &quot;data&quot; : null,
        &quot;relatedNodes&quot; : [ ]
      } ],
      &quot;all&quot; : [ ],
      &quot;none&quot; : [ ],
      &quot;failureSummary&quot; : null
    }, {
      &quot;html&quot; : &quot;&lt;option value=\&quot;4\&quot;&gt;04 am&lt;/option&gt;&quot;,
      &quot;target&quot; : [ &quot;#time0 &gt; option[value=\&quot;4\&quot;]&quot; ],
      &quot;impact&quot; : null,
      &quot;any&quot; : [ {
        &quot;id&quot; : &quot;no-focusable-content&quot;,
        &quot;impact&quot; : &quot;serious&quot;,
        &quot;message&quot; : &quot;Element does not have focusable descendants&quot;,
        &quot;data&quot; : null,
        &quot;relatedNodes&quot; : [ ]
      } ],
      &quot;all&quot; : [ ],
      &quot;none&quot; : [ ],
      &quot;failureSummary&quot; : null
    }, {
      &quot;html&quot; : &quot;&lt;option value=\&quot;5\&quot;&gt;05 am&lt;/option&gt;&quot;,
      &quot;target&quot; : [ &quot;#time0 &gt; option[value=\&quot;5\&quot;]&quot; ],
      &quot;impact&quot; : null,
      &quot;any&quot; : [ {
        &quot;id&quot; : &quot;no-focusable-content&quot;,
        &quot;impact&quot; : &quot;serious&quot;,
        &quot;message&quot; : &quot;Element does not have focusable descendants&quot;,
        &quot;data&quot; : null,
        &quot;relatedNodes&quot; : [ ]
      } ],
      &quot;all&quot; : [ ],
      &quot;none&quot; : [ ],
      &quot;failureSummary&quot; : null
    }, {
      &quot;html&quot; : &quot;&lt;option value=\&quot;6\&quot;&gt;06 am&lt;/option&gt;&quot;,
      &quot;target&quot; : [ &quot;#time0 &gt; option[value=\&quot;6\&quot;]&quot; ],
      &quot;impact&quot; : null,
      &quot;any&quot; : [ {
        &quot;id&quot; : &quot;no-focusable-content&quot;,
        &quot;impact&quot; : &quot;serious&quot;,
        &quot;message&quot; : &quot;Element does not have focusable descendants&quot;,
        &quot;data&quot; : null,
        &quot;relatedNodes&quot; : [ ]
      } ],
      &quot;all&quot; : [ ],
      &quot;none&quot; : [ ],
      &quot;failureSummary&quot; : null
    }, {
      &quot;html&quot; : &quot;&lt;option value=\&quot;7\&quot;&gt;07 am&lt;/option&gt;&quot;,
      &quot;target&quot; : [ &quot;option[value=\&quot;7\&quot;]&quot; ],
      &quot;impact&quot; : null,
      &quot;any&quot; : [ {
        &quot;id&quot; : &quot;no-focusable-content&quot;,
        &quot;impact&quot; : &quot;serious&quot;,
        &quot;message&quot; : &quot;Element does not have focusable descendants&quot;,
        &quot;data&quot; : null,
        &quot;relatedNodes&quot; : [ ]
      } ],
      &quot;all&quot; : [ ],
      &quot;none&quot; : [ ],
      &quot;failureSummary&quot; : null
    }, {
      &quot;html&quot; : &quot;&lt;option value=\&quot;8\&quot;&gt;08 am&lt;/option&gt;&quot;,
      &quot;target&quot; : [ &quot;option[value=\&quot;8\&quot;]&quot; ],
      &quot;impact&quot; : null,
      &quot;any&quot; : [ {
        &quot;id&quot; : &quot;no-focusable-content&quot;,
        &quot;impact&quot; : &quot;serious&quot;,
        &quot;message&quot; : &quot;Element does not have focusable descendants&quot;,
        &quot;data&quot; : null,
        &quot;relatedNodes&quot; : [ ]
      } ],
      &quot;all&quot; : [ ],
      &quot;none&quot; : [ ],
      &quot;failureSummary&quot; : null
    }, {
      &quot;html&quot; : &quot;&lt;option value=\&quot;9\&quot;&gt;09 am&lt;/option&gt;&quot;,
      &quot;target&quot; : [ &quot;option[value=\&quot;9\&quot;]&quot; ],
      &quot;impact&quot; : null,
      &quot;any&quot; : [ {
        &quot;id&quot; : &quot;no-focusable-content&quot;,
        &quot;impact&quot; : &quot;serious&quot;,
        &quot;message&quot; : &quot;Element does not have focusable descendants&quot;,
        &quot;data&quot; : null,
        &quot;relatedNodes&quot; : [ ]
      } ],
      &quot;all&quot; : [ ],
      &quot;none&quot; : [ ],
      &quot;failureSummary&quot; : null
    }, {
      &quot;html&quot; : &quot;&lt;option value=\&quot;10\&quot;&gt;10 am&lt;/option&gt;&quot;,
      &quot;target&quot; : [ &quot;option[value=\&quot;10\&quot;]&quot; ],
      &quot;impact&quot; : null,
      &quot;any&quot; : [ {
        &quot;id&quot; : &quot;no-focusable-content&quot;,
        &quot;impact&quot; : &quot;serious&quot;,
        &quot;message&quot; : &quot;Element does not have focusable descendants&quot;,
        &quot;data&quot; : null,
        &quot;relatedNodes&quot; : [ ]
      } ],
      &quot;all&quot; : [ ],
      &quot;none&quot; : [ ],
      &quot;failureSummary&quot; : null
    }, {
      &quot;html&quot; : &quot;&lt;option value=\&quot;11\&quot;&gt;11 am&lt;/option&gt;&quot;,
      &quot;target&quot; : [ &quot;option[value=\&quot;11\&quot;]&quot; ],
      &quot;impact&quot; : null,
      &quot;any&quot; : [ {
        &quot;id&quot; : &quot;no-focusable-content&quot;,
        &quot;impact&quot; : &quot;serious&quot;,
        &quot;message&quot; : &quot;Element does not have focusable descendants&quot;,
        &quot;data&quot; : null,
        &quot;relatedNodes&quot; : [ ]
      } ],
      &quot;all&quot; : [ ],
      &quot;none&quot; : [ ],
      &quot;failureSummary&quot; : null
    }, {
      &quot;html&quot; : &quot;&lt;option selected=\&quot;\&quot; value=\&quot;12\&quot;&gt;12 pm&lt;/option&gt;&quot;,
      &quot;target&quot; : [ &quot;#time0 &gt; option[value=\&quot;12\&quot;]&quot; ],
      &quot;impact&quot; : null,
      &quot;any&quot; : [ {
        &quot;id&quot; : &quot;no-focusable-content&quot;,
        &quot;impact&quot; : &quot;serious&quot;,
        &quot;message&quot; : &quot;Element does not have focusable descendants&quot;,
        &quot;data&quot; : null,
        &quot;relatedNodes&quot; : [ ]
      } ],
      &quot;all&quot; : [ ],
      &quot;none&quot; : [ ],
      &quot;failureSummary&quot; : null
    }, {
      &quot;html&quot; : &quot;&lt;option value=\&quot;13\&quot;&gt;01 pm&lt;/option&gt;&quot;,
      &quot;target&quot; : [ &quot;#time0 &gt; option[value=\&quot;13\&quot;]&quot; ],
      &quot;impact&quot; : null,
      &quot;any&quot; : [ {
        &quot;id&quot; : &quot;no-focusable-content&quot;,
        &quot;impact&quot; : &quot;serious&quot;,
        &quot;message&quot; : &quot;Element does not have focusable descendants&quot;,
        &quot;data&quot; : null,
        &quot;relatedNodes&quot; : [ ]
      } ],
      &quot;all&quot; : [ ],
      &quot;none&quot; : [ ],
      &quot;failureSummary&quot; : null
    }, {
      &quot;html&quot; : &quot;&lt;option value=\&quot;14\&quot;&gt;02 pm&lt;/option&gt;&quot;,
      &quot;target&quot; : [ &quot;#time0 &gt; option[value=\&quot;14\&quot;]&quot; ],
      &quot;impact&quot; : null,
      &quot;any&quot; : [ {
        &quot;id&quot; : &quot;no-focusable-content&quot;,
        &quot;impact&quot; : &quot;serious&quot;,
        &quot;message&quot; : &quot;Element does not have focusable descendants&quot;,
        &quot;data&quot; : null,
        &quot;relatedNodes&quot; : [ ]
      } ],
      &quot;all&quot; : [ ],
      &quot;none&quot; : [ ],
      &quot;failureSummary&quot; : null
    }, {
      &quot;html&quot; : &quot;&lt;option value=\&quot;15\&quot;&gt;03 pm&lt;/option&gt;&quot;,
      &quot;target&quot; : [ &quot;#time0 &gt; option[value=\&quot;15\&quot;]&quot; ],
      &quot;impact&quot; : null,
      &quot;any&quot; : [ {
        &quot;id&quot; : &quot;no-focusable-content&quot;,
        &quot;impact&quot; : &quot;serious&quot;,
        &quot;message&quot; : &quot;Element does not have focusable descendants&quot;,
        &quot;data&quot; : null,
        &quot;relatedNodes&quot; : [ ]
      } ],
      &quot;all&quot; : [ ],
      &quot;none&quot; : [ ],
      &quot;failureSummary&quot; : null
    }, {
      &quot;html&quot; : &quot;&lt;option value=\&quot;16\&quot;&gt;04 pm&lt;/option&gt;&quot;,
      &quot;target&quot; : [ &quot;#time0 &gt; option[value=\&quot;16\&quot;]&quot; ],
      &quot;impact&quot; : null,
      &quot;any&quot; : [ {
        &quot;id&quot; : &quot;no-focusable-content&quot;,
        &quot;impact&quot; : &quot;serious&quot;,
        &quot;message&quot; : &quot;Element does not have focusable descendants&quot;,
        &quot;data&quot; : null,
        &quot;relatedNodes&quot; : [ ]
      } ],
      &quot;all&quot; : [ ],
      &quot;none&quot; : [ ],
      &quot;failureSummary&quot; : null
    }, {
      &quot;html&quot; : &quot;&lt;option value=\&quot;17\&quot;&gt;05 pm&lt;/option&gt;&quot;,
      &quot;target&quot; : [ &quot;#time0 &gt; option[value=\&quot;17\&quot;]&quot; ],
      &quot;impact&quot; : null,
      &quot;any&quot; : [ {
        &quot;id&quot; : &quot;no-focusable-content&quot;,
        &quot;impact&quot; : &quot;serious&quot;,
        &quot;message&quot; : &quot;Element does not have focusable descendants&quot;,
        &quot;data&quot; : null,
        &quot;relatedNodes&quot; : [ ]
      } ],
      &quot;all&quot; : [ ],
      &quot;none&quot; : [ ],
      &quot;failureSummary&quot; : null
    }, {
      &quot;html&quot; : &quot;&lt;option value=\&quot;18\&quot;&gt;06 pm&lt;/option&gt;&quot;,
      &quot;target&quot; : [ &quot;#time0 &gt; option[value=\&quot;18\&quot;]&quot; ],
      &quot;impact&quot; : null,
      &quot;any&quot; : [ {
        &quot;id&quot; : &quot;no-focusable-content&quot;,
        &quot;impact&quot; : &quot;serious&quot;,
        &quot;message&quot; : &quot;Element does not have focusable descendants&quot;,
        &quot;data&quot; : null,
        &quot;relatedNodes&quot; : [ ]
      } ],
      &quot;all&quot; : [ ],
      &quot;none&quot; : [ ],
      &quot;failureSummary&quot; : null
    }, {
      &quot;html&quot; : &quot;&lt;option value=\&quot;19\&quot;&gt;07 pm&lt;/option&gt;&quot;,
      &quot;target&quot; : [ &quot;#time0 &gt; option[value=\&quot;19\&quot;]&quot; ],
      &quot;impact&quot; : null,
      &quot;any&quot; : [ {
        &quot;id&quot; : &quot;no-focusable-content&quot;,
        &quot;impact&quot; : &quot;serious&quot;,
        &quot;message&quot; : &quot;Element does not have focusable descendants&quot;,
        &quot;data&quot; : null,
        &quot;relatedNodes&quot; : [ ]
      } ],
      &quot;all&quot; : [ ],
      &quot;none&quot; : [ ],
      &quot;failureSummary&quot; : null
    }, {
      &quot;html&quot; : &quot;&lt;option value=\&quot;20\&quot;&gt;08 pm&lt;/option&gt;&quot;,
      &quot;target&quot; : [ &quot;#time0 &gt; option[value=\&quot;20\&quot;]&quot; ],
      &quot;impact&quot; : null,
      &quot;any&quot; : [ {
        &quot;id&quot; : &quot;no-focusable-content&quot;,
        &quot;impact&quot; : &quot;serious&quot;,
        &quot;message&quot; : &quot;Element does not have focusable descendants&quot;,
        &quot;data&quot; : null,
        &quot;relatedNodes&quot; : [ ]
      } ],
      &quot;all&quot; : [ ],
      &quot;none&quot; : [ ],
      &quot;failureSummary&quot; : null
    }, {
      &quot;html&quot; : &quot;&lt;option value=\&quot;21\&quot;&gt;09 pm&lt;/option&gt;&quot;,
      &quot;target&quot; : [ &quot;#time0 &gt; option[value=\&quot;21\&quot;]&quot; ],
      &quot;impact&quot; : null,
      &quot;any&quot; : [ {
        &quot;id&quot; : &quot;no-focusable-content&quot;,
        &quot;impact&quot; : &quot;serious&quot;,
        &quot;message&quot; : &quot;Element does not have focusable descendants&quot;,
        &quot;data&quot; : null,
        &quot;relatedNodes&quot; : [ ]
      } ],
      &quot;all&quot; : [ ],
      &quot;none&quot; : [ ],
      &quot;failureSummary&quot; : null
    }, {
      &quot;html&quot; : &quot;&lt;option value=\&quot;22\&quot;&gt;10 pm&lt;/option&gt;&quot;,
      &quot;target&quot; : [ &quot;#time0 &gt; option[value=\&quot;22\&quot;]&quot; ],
      &quot;impact&quot; : null,
      &quot;any&quot; : [ {
        &quot;id&quot; : &quot;no-focusable-content&quot;,
        &quot;impact&quot; : &quot;serious&quot;,
        &quot;message&quot; : &quot;Element does not have focusable descendants&quot;,
        &quot;data&quot; : null,
        &quot;relatedNodes&quot; : [ ]
      } ],
      &quot;all&quot; : [ ],
      &quot;none&quot; : [ ],
      &quot;failureSummary&quot; : null
    }, {
      &quot;html&quot; : &quot;&lt;option value=\&quot;23\&quot;&gt;11 pm&lt;/option&gt;&quot;,
      &quot;target&quot; : [ &quot;#time0 &gt; option[value=\&quot;23\&quot;]&quot; ],
      &quot;impact&quot; : null,
      &quot;any&quot; : [ {
        &quot;id&quot; : &quot;no-focusable-content&quot;,
        &quot;impact&quot; : &quot;serious&quot;,
        &quot;message&quot; : &quot;Element does not have focusable descendants&quot;,
        &quot;data&quot; : null,
        &quot;relatedNodes&quot; : [ ]
      } ],
      &quot;all&quot; : [ ],
      &quot;none&quot; : [ ],
      &quot;failureSummary&quot; : null
    }, {
      &quot;html&quot; : &quot;&lt;input type=\&quot;radio\&quot; name=\&quot;pass-question-radio\&quot; id=\&quot;pass-question-yes\&quot; value=\&quot;0\&quot;&gt;&quot;,
      &quot;target&quot; : [ &quot;#pass-question-yes&quot; ],
      &quot;impact&quot; : null,
      &quot;any&quot; : [ {
        &quot;id&quot; : &quot;no-focusable-content&quot;,
        &quot;impact&quot; : &quot;serious&quot;,
        &quot;message&quot; : &quot;Element does not have focusable descendants&quot;,
        &quot;data&quot; : null,
        &quot;relatedNodes&quot; : [ ]
      } ],
      &quot;all&quot; : [ ],
      &quot;none&quot; : [ ],
      &quot;failureSummary&quot; : null
    }, {
      &quot;html&quot; : &quot;&lt;input type=\&quot;radio\&quot; name=\&quot;pass-question-radio\&quot; id=\&quot;pass-question-no\&quot; value=\&quot;1\&quot; checked=\&quot;checked\&quot;&gt;&quot;,
      &quot;target&quot; : [ &quot;#pass-question-no&quot; ],
      &quot;impact&quot; : null,
      &quot;any&quot; : [ {
        &quot;id&quot; : &quot;no-focusable-content&quot;,
        &quot;impact&quot; : &quot;serious&quot;,
        &quot;message&quot; : &quot;Element does not have focusable descendants&quot;,
        &quot;data&quot; : null,
        &quot;relatedNodes&quot; : [ ]
      } ],
      &quot;all&quot; : [ ],
      &quot;none&quot; : [ ],
      &quot;failureSummary&quot; : null
    }, {
      &quot;html&quot; : &quot;&lt;option value=\&quot;0\&quot;&gt;Adult (26+)&lt;/option&gt;&quot;,
      &quot;target&quot; : [ &quot;.traveler-type &gt; option[value=\&quot;0\&quot;]&quot; ],
      &quot;impact&quot; : null,
      &quot;any&quot; : [ {
        &quot;id&quot; : &quot;no-focusable-content&quot;,
        &quot;impact&quot; : &quot;serious&quot;,
        &quot;message&quot; : &quot;Element does not have focusable descendants&quot;,
        &quot;data&quot; : null,
        &quot;relatedNodes&quot; : [ ]
      } ],
      &quot;all&quot; : [ ],
      &quot;none&quot; : [ ],
      &quot;failureSummary&quot; : null
    }, {
      &quot;html&quot; : &quot;&lt;option value=\&quot;1\&quot;&gt;Youth (12-25)&lt;/option&gt;&quot;,
      &quot;target&quot; : [ &quot;#passenger0 &gt; .age-range.wrapper &gt; .traveler-type &gt; option[value=\&quot;1\&quot;]&quot; ],
      &quot;impact&quot; : null,
      &quot;any&quot; : [ {
        &quot;id&quot; : &quot;no-focusable-content&quot;,
        &quot;impact&quot; : &quot;serious&quot;,
        &quot;message&quot; : &quot;Element does not have focusable descendants&quot;,
        &quot;data&quot; : null,
        &quot;relatedNodes&quot; : [ ]
      } ],
      &quot;all&quot; : [ ],
      &quot;none&quot; : [ ],
      &quot;failureSummary&quot; : null
    }, {
      &quot;html&quot; : &quot;&lt;option value=\&quot;2\&quot;&gt;Child (4-11)&lt;/option&gt;&quot;,
      &quot;target&quot; : [ &quot;.traveler-type &gt; option[value=\&quot;2\&quot;]&quot; ],
      &quot;impact&quot; : null,
      &quot;any&quot; : [ {
        &quot;id&quot; : &quot;no-focusable-content&quot;,
        &quot;impact&quot; : &quot;serious&quot;,
        &quot;message&quot; : &quot;Element does not have focusable descendants&quot;,
        &quot;data&quot; : null,
        &quot;relatedNodes&quot; : [ ]
      } ],
      &quot;all&quot; : [ ],
      &quot;none&quot; : [ ],
      &quot;failureSummary&quot; : null
    }, {
      &quot;html&quot; : &quot;&lt;option value=\&quot;3\&quot;&gt;Senior (60+)&lt;/option&gt;&quot;,
      &quot;target&quot; : [ &quot;.traveler-type &gt; option[value=\&quot;3\&quot;]&quot; ],
      &quot;impact&quot; : null,
      &quot;any&quot; : [ {
        &quot;id&quot; : &quot;no-focusable-content&quot;,
        &quot;impact&quot; : &quot;serious&quot;,
        &quot;message&quot; : &quot;Element does not have focusable descendants&quot;,
        &quot;data&quot; : null,
        &quot;relatedNodes&quot; : [ ]
      } ],
      &quot;all&quot; : [ ],
      &quot;none&quot; : [ ],
      &quot;failureSummary&quot; : null
    }, {
      &quot;html&quot; : &quot;&lt;input id=\&quot;fs-submit\&quot; type=\&quot;submit\&quot; class=\&quot;btn btn-large submit-form\&quot; value=\&quot;Search\&quot;&gt;&quot;,
      &quot;target&quot; : [ &quot;#fs-submit&quot; ],
      &quot;impact&quot; : null,
      &quot;any&quot; : [ {
        &quot;id&quot; : &quot;no-focusable-content&quot;,
        &quot;impact&quot; : &quot;serious&quot;,
        &quot;message&quot; : &quot;Element does not have focusable descendants&quot;,
        &quot;data&quot; : null,
        &quot;relatedNodes&quot; : [ ]
      } ],
      &quot;all&quot; : [ ],
      &quot;none&quot; : [ ],
      &quot;failureSummary&quot; : null
    }, {
      &quot;html&quot; : &quot;&lt;button class=\&quot;ytp-button ytp-overflow-button ytp-overflow-button-visible\&quot; title=\&quot;More\&quot; aria-haspopup=\&quot;true\&quot; aria-owns=\&quot;ytp-id-31\&quot; aria-label=\&quot;More\&quot;&gt;&quot;,
      &quot;target&quot; : [ &quot;#player&quot;, &quot;.ytp-overflow-button&quot; ],
      &quot;impact&quot; : null,
      &quot;any&quot; : [ {
        &quot;id&quot; : &quot;no-focusable-content&quot;,
        &quot;impact&quot; : &quot;serious&quot;,
        &quot;message&quot; : &quot;Element does not have focusable descendants&quot;,
        &quot;data&quot; : null,
        &quot;relatedNodes&quot; : [ ]
      } ],
      &quot;all&quot; : [ ],
      &quot;none&quot; : [ ],
      &quot;failureSummary&quot; : null
    }, {
      &quot;html&quot; : &quot;&lt;button class=\&quot;ytp-large-play-button ytp-button ytp-large-play-button-red-bg\&quot; aria-label=\&quot;Play\&quot;&gt;&quot;,
      &quot;target&quot; : [ &quot;#player&quot;, &quot;.ytp-large-play-button&quot; ],
      &quot;impact&quot; : null,
      &quot;any&quot; : [ {
        &quot;id&quot; : &quot;no-focusable-content&quot;,
        &quot;impact&quot; : &quot;serious&quot;,
        &quot;message&quot; : &quot;Element does not have focusable descendants&quot;,
        &quot;data&quot; : null,
        &quot;relatedNodes&quot; : [ ]
      } ],
      &quot;all&quot; : [ ],
      &quot;none&quot; : [ ],
      &quot;failureSummary&quot; : null
    }, {
      &quot;html&quot; : &quot;&lt;button type=\&quot;submit\&quot;&gt;&lt;i class=\&quot;pluginButtonIcon img sp_like sx_like_thumb\&quot;&gt;&lt;/i&gt;Like&lt;/button&gt;&quot;,
      &quot;target&quot; : [ &quot;#fafbba78&quot;, &quot;.pluginConnectButtonDisconnected &gt; div &gt; button&quot; ],
      &quot;impact&quot; : null,
      &quot;any&quot; : [ {
        &quot;id&quot; : &quot;no-focusable-content&quot;,
        &quot;impact&quot; : &quot;serious&quot;,
        &quot;message&quot; : &quot;Element does not have focusable descendants&quot;,
        &quot;data&quot; : null,
        &quot;relatedNodes&quot; : [ ]
      } ],
      &quot;all&quot; : [ ],
      &quot;none&quot; : [ ],
      &quot;failureSummary&quot; : null
    }, {
      &quot;html&quot; : &quot;&lt;img src=\&quot;/assets/demo-sites/mars/images/gplus-32.png\&quot; alt=\&quot;Google+\&quot; style=\&quot;border:0;width:32px;height:32px;\&quot;&gt;&quot;,
      &quot;target&quot; : [ &quot;img[alt=\&quot;Google+\&quot;]&quot; ],
      &quot;impact&quot; : null,
      &quot;any&quot; : [ {
        &quot;id&quot; : &quot;no-focusable-content&quot;,
        &quot;impact&quot; : &quot;serious&quot;,
        &quot;message&quot; : &quot;Element does not have focusable descendants&quot;,
        &quot;data&quot; : null,
        &quot;relatedNodes&quot; : [ ]
      } ],
      &quot;all&quot; : [ ],
      &quot;none&quot; : [ ],
      &quot;failureSummary&quot; : null
    } ],
    &quot;url&quot; : null,
    &quot;createdDate&quot; : null
  }, {
    &quot;id&quot; : &quot;page-has-heading-one&quot;,
    &quot;description&quot; : &quot;Ensure that the page, or at least one of its frames contains a level-one heading&quot;,
    &quot;help&quot; : &quot;Page should contain a level-one heading&quot;,
    &quot;helpUrl&quot; : &quot;https://dequeuniversity.com/rules/axe/4.6/page-has-heading-one?application=axeAPI&quot;,
    &quot;impact&quot; : &quot;&quot;,
    &quot;tags&quot; : [ &quot;cat.semantics&quot;, &quot;best-practice&quot; ],
    &quot;nodes&quot; : [ {
      &quot;html&quot; : &quot;&lt;html class=\&quot; js no-flexbox flexbox-legacy canvas canvastext webgl no-touch geolocation postmessage websqldatabase indexeddb hashchange history draganddrop websockets rgba hsla multiplebgs backgroundsize borderimage borderradius boxshadow textshadow opacity cssanimations csscolumns cssgradients cssreflections csstransforms csstransforms3d csstransitions fontface generatedcontent video audio localstorage sessionstorage webworkers applicationcache svg inlinesvg smil svgclippaths js no-flexbox flexbox-legacy canvas canvastext webgl no-touch geolocation postmessage websqldatabase indexeddb hashchange history draganddrop websockets rgba hsla multiplebgs backgroundsize borderimage borderradius boxshadow textshadow opacity cssanimations csscolumns cssgradients cssreflections csstransforms csstransforms3d csstransitions fontface generatedcontent video audio localstorage sessionstorage webworkers no-applicationcache svg inlinesvg smil svgclippaths\&quot;&gt;&quot;,
      &quot;target&quot; : [ &quot;html&quot; ],
      &quot;impact&quot; : null,
      &quot;any&quot; : [ ],
      &quot;all&quot; : [ {
        &quot;id&quot; : &quot;page-has-heading-one&quot;,
        &quot;impact&quot; : &quot;moderate&quot;,
        &quot;message&quot; : &quot;Page has at least one level-one heading&quot;,
        &quot;data&quot; : null,
        &quot;relatedNodes&quot; : [ {
          &quot;html&quot; : &quot;&lt;h1 style=\&quot;color:#eee;\&quot;&gt;Destination Mars &lt;/h1&gt;&quot;,
          &quot;target&quot; : [ &quot;h1&quot; ]
        } ]
      } ],
      &quot;none&quot; : [ ],
      &quot;failureSummary&quot; : null
    }, {
      &quot;html&quot; : &quot;&lt;html lang=\&quot;en\&quot; dir=\&quot;ltr\&quot; data-cast-api-enabled=\&quot;true\&quot;&gt;&quot;,
      &quot;target&quot; : [ &quot;#player&quot;, &quot;html&quot; ],
      &quot;impact&quot; : null,
      &quot;any&quot; : [ ],
      &quot;all&quot; : [ {
        &quot;id&quot; : &quot;page-has-heading-one&quot;,
        &quot;impact&quot; : &quot;moderate&quot;,
        &quot;message&quot; : &quot;Page has at least one level-one heading&quot;,
        &quot;data&quot; : null,
        &quot;relatedNodes&quot; : [ ]
      } ],
      &quot;none&quot; : [ ],
      &quot;failureSummary&quot; : null
    }, {
      &quot;html&quot; : &quot;&lt;html lang=\&quot;en\&quot; id=\&quot;facebook\&quot; class=\&quot;\&quot;&gt;&quot;,
      &quot;target&quot; : [ &quot;#fafbba78&quot;, &quot;#facebook&quot; ],
      &quot;impact&quot; : null,
      &quot;any&quot; : [ ],
      &quot;all&quot; : [ {
        &quot;id&quot; : &quot;page-has-heading-one&quot;,
        &quot;impact&quot; : &quot;moderate&quot;,
        &quot;message&quot; : &quot;Page has at least one level-one heading&quot;,
        &quot;data&quot; : null,
        &quot;relatedNodes&quot; : [ ]
      } ],
      &quot;none&quot; : [ ],
      &quot;failureSummary&quot; : null
    }, {
      &quot;html&quot; : &quot;&lt;html lang=\&quot;en\&quot; class=\&quot; xl en\&quot;&gt;&quot;,
      &quot;target&quot; : [ &quot;.twitter-follow-button&quot;, &quot;html&quot; ],
      &quot;impact&quot; : null,
      &quot;any&quot; : [ ],
      &quot;all&quot; : [ {
        &quot;id&quot; : &quot;page-has-heading-one&quot;,
        &quot;impact&quot; : &quot;moderate&quot;,
        &quot;message&quot; : &quot;Page has at least one level-one heading&quot;,
        &quot;data&quot; : null,
        &quot;relatedNodes&quot; : [ ]
      } ],
      &quot;none&quot; : [ ],
      &quot;failureSummary&quot; : null
    } ],
    &quot;url&quot; : null,
    &quot;createdDate&quot; : null
  }, {
    &quot;id&quot; : &quot;presentation-role-conflict&quot;,
    &quot;description&quot; : &quot;Elements marked as presentational should not have global ARIA or tabindex to ensure all screen readers ignore them&quot;,
    &quot;help&quot; : &quot;Ensure elements marked as presentational are consistently ignored&quot;,
    &quot;helpUrl&quot; : &quot;https://dequeuniversity.com/rules/axe/4.6/presentation-role-conflict?application=axeAPI&quot;,
    &quot;impact&quot; : &quot;&quot;,
    &quot;tags&quot; : [ &quot;cat.aria&quot;, &quot;best-practice&quot;, &quot;ACT&quot; ],
    &quot;nodes&quot; : [ {
      &quot;html&quot; : &quot;&lt;img height=\&quot;1\&quot; width=\&quot;1\&quot; style=\&quot;border-style:none;\&quot; alt=\&quot;\&quot; src=\&quot;/assets/demo-sites/mars/js/out\&quot;&gt;&quot;,
      &quot;target&quot; : [ &quot;div:nth-child(1) &gt; img[src$=\&quot;out\&quot;][alt=\&quot;\&quot;][height=\&quot;1\&quot;]&quot; ],
      &quot;impact&quot; : null,
      &quot;any&quot; : [ ],
      &quot;all&quot; : [ ],
      &quot;none&quot; : [ {
        &quot;id&quot; : &quot;is-element-focusable&quot;,
        &quot;impact&quot; : &quot;minor&quot;,
        &quot;message&quot; : &quot;Element is focusable.&quot;,
        &quot;data&quot; : null,
        &quot;relatedNodes&quot; : [ ]
      }, {
        &quot;id&quot; : &quot;has-global-aria-attribute&quot;,
        &quot;impact&quot; : &quot;minor&quot;,
        &quot;message&quot; : &quot;Element has global ARIA attributes: &quot;,
        &quot;data&quot; : [ ],
        &quot;relatedNodes&quot; : [ ]
      } ],
      &quot;failureSummary&quot; : null
    }, {
      &quot;html&quot; : &quot;&lt;img height=\&quot;1\&quot; width=\&quot;1\&quot; style=\&quot;border-style:none;\&quot; alt=\&quot;\&quot; src=\&quot;/assets/demo-sites/mars/js/saved_resource\&quot;&gt;&quot;,
      &quot;target&quot; : [ &quot;div:nth-child(1) &gt; img[alt=\&quot;\&quot;][height=\&quot;1\&quot;][width=\&quot;1\&quot;]:nth-child(2)&quot; ],
      &quot;impact&quot; : null,
      &quot;any&quot; : [ ],
      &quot;all&quot; : [ ],
      &quot;none&quot; : [ {
        &quot;id&quot; : &quot;is-element-focusable&quot;,
        &quot;impact&quot; : &quot;minor&quot;,
        &quot;message&quot; : &quot;Element is focusable.&quot;,
        &quot;data&quot; : null,
        &quot;relatedNodes&quot; : [ ]
      }, {
        &quot;id&quot; : &quot;has-global-aria-attribute&quot;,
        &quot;impact&quot; : &quot;minor&quot;,
        &quot;message&quot; : &quot;Element has global ARIA attributes: &quot;,
        &quot;data&quot; : [ ],
        &quot;relatedNodes&quot; : [ ]
      } ],
      &quot;failureSummary&quot; : null
    }, {
      &quot;html&quot; : &quot;&lt;img src=\&quot;../images/f.gif\&quot; alt=\&quot;\&quot; style=\&quot;position: absolute; height: 1px; width: 1px; top: -9999px; left: -9999px;\&quot;&gt;&quot;,
      &quot;target&quot; : [ &quot;.twitter-follow-button&quot;, &quot;img[src=\&quot;../images/f.gif\&quot;]&quot; ],
      &quot;impact&quot; : null,
      &quot;any&quot; : [ ],
      &quot;all&quot; : [ ],
      &quot;none&quot; : [ {
        &quot;id&quot; : &quot;is-element-focusable&quot;,
        &quot;impact&quot; : &quot;minor&quot;,
        &quot;message&quot; : &quot;Element is focusable.&quot;,
        &quot;data&quot; : null,
        &quot;relatedNodes&quot; : [ ]
      }, {
        &quot;id&quot; : &quot;has-global-aria-attribute&quot;,
        &quot;impact&quot; : &quot;minor&quot;,
        &quot;message&quot; : &quot;Element has global ARIA attributes: &quot;,
        &quot;data&quot; : [ ],
        &quot;relatedNodes&quot; : [ ]
      } ],
      &quot;failureSummary&quot; : null
    }, {
      &quot;html&quot; : &quot;&lt;img src=\&quot;jot\&quot; alt=\&quot;\&quot; style=\&quot;position: absolute; height: 1px; width: 1px; top: -9999px; left: -9999px;\&quot;&gt;&quot;,
      &quot;target&quot; : [ &quot;.twitter-follow-button&quot;, &quot;img[src$=\&quot;jot\&quot;]&quot; ],
      &quot;impact&quot; : null,
      &quot;any&quot; : [ ],
      &quot;all&quot; : [ ],
      &quot;none&quot; : [ {
        &quot;id&quot; : &quot;is-element-focusable&quot;,
        &quot;impact&quot; : &quot;minor&quot;,
        &quot;message&quot; : &quot;Element is focusable.&quot;,
        &quot;data&quot; : null,
        &quot;relatedNodes&quot; : [ ]
      }, {
        &quot;id&quot; : &quot;has-global-aria-attribute&quot;,
        &quot;impact&quot; : &quot;minor&quot;,
        &quot;message&quot; : &quot;Element has global ARIA attributes: &quot;,
        &quot;data&quot; : [ ],
        &quot;relatedNodes&quot; : [ ]
      } ],
      &quot;failureSummary&quot; : null
    } ],
    &quot;url&quot; : null,
    &quot;createdDate&quot; : null
  }, {
    &quot;id&quot; : &quot;region&quot;,
    &quot;description&quot; : &quot;Ensures all page content is contained by landmarks&quot;,
    &quot;help&quot; : &quot;All page content should be contained by landmarks&quot;,
    &quot;helpUrl&quot; : &quot;https://dequeuniversity.com/rules/axe/4.6/region?application=axeAPI&quot;,
    &quot;impact&quot; : &quot;moderate&quot;,
    &quot;tags&quot; : [ &quot;cat.keyboard&quot;, &quot;best-practice&quot; ],
    &quot;nodes&quot; : [ {
      &quot;html&quot; : &quot;&lt;img height=\&quot;1\&quot; width=\&quot;1\&quot; style=\&quot;border-style:none;\&quot; alt=\&quot;\&quot; src=\&quot;/assets/demo-sites/mars/js/out\&quot;&gt;&quot;,
      &quot;target&quot; : [ &quot;div:nth-child(1) &gt; img[src$=\&quot;out\&quot;][alt=\&quot;\&quot;][height=\&quot;1\&quot;]&quot; ],
      &quot;impact&quot; : null,
      &quot;any&quot; : [ {
        &quot;id&quot; : &quot;region&quot;,
        &quot;impact&quot; : &quot;moderate&quot;,
        &quot;message&quot; : &quot;All page content is contained by landmarks&quot;,
        &quot;data&quot; : {
          &quot;isIframe&quot; : false
        },
        &quot;relatedNodes&quot; : [ ]
      } ],
      &quot;all&quot; : [ ],
      &quot;none&quot; : [ ],
      &quot;failureSummary&quot; : null
    }, {
      &quot;html&quot; : &quot;&lt;img height=\&quot;1\&quot; width=\&quot;1\&quot; style=\&quot;border-style:none;\&quot; alt=\&quot;\&quot; src=\&quot;/assets/demo-sites/mars/js/saved_resource\&quot;&gt;&quot;,
      &quot;target&quot; : [ &quot;div:nth-child(1) &gt; img[alt=\&quot;\&quot;][height=\&quot;1\&quot;][width=\&quot;1\&quot;]:nth-child(2)&quot; ],
      &quot;impact&quot; : null,
      &quot;any&quot; : [ {
        &quot;id&quot; : &quot;region&quot;,
        &quot;impact&quot; : &quot;moderate&quot;,
        &quot;message&quot; : &quot;All page content is contained by landmarks&quot;,
        &quot;data&quot; : {
          &quot;isIframe&quot; : false
        },
        &quot;relatedNodes&quot; : [ ]
      } ],
      &quot;all&quot; : [ ],
      &quot;none&quot; : [ ],
      &quot;failureSummary&quot; : null
    }, {
      &quot;html&quot; : &quot;&lt;img src=\&quot;/assets/demo-sites/mars/js/seg\&quot; width=\&quot;1\&quot; height=\&quot;1\&quot;&gt;&quot;,
      &quot;target&quot; : [ &quot;img[src$=\&quot;seg\&quot;]&quot; ],
      &quot;impact&quot; : null,
      &quot;any&quot; : [ {
        &quot;id&quot; : &quot;region&quot;,
        &quot;impact&quot; : &quot;moderate&quot;,
        &quot;message&quot; : &quot;All page content is contained by landmarks&quot;,
        &quot;data&quot; : {
          &quot;isIframe&quot; : false
        },
        &quot;relatedNodes&quot; : [ ]
      } ],
      &quot;all&quot; : [ ],
      &quot;none&quot; : [ ],
      &quot;failureSummary&quot; : null
    }, {
      &quot;html&quot; : &quot;&lt;div id=\&quot;fb-root\&quot; class=\&quot; fb_reset\&quot;&gt;&quot;,
      &quot;target&quot; : [ &quot;#fb-root&quot; ],
      &quot;impact&quot; : null,
      &quot;any&quot; : [ {
        &quot;id&quot; : &quot;region&quot;,
        &quot;impact&quot; : &quot;moderate&quot;,
        &quot;message&quot; : &quot;All page content is contained by landmarks&quot;,
        &quot;data&quot; : {
          &quot;isIframe&quot; : false
        },
        &quot;relatedNodes&quot; : [ ]
      } ],
      &quot;all&quot; : [ ],
      &quot;none&quot; : [ ],
      &quot;failureSummary&quot; : null
    }, {
      &quot;html&quot; : &quot;&lt;div style=\&quot;position: absolute; top: -10000px; height: 0px; width: 0px;\&quot;&gt;&lt;div&gt;&lt;/div&gt;&lt;/div&gt;&quot;,
      &quot;target&quot; : [ &quot;#fb-root &gt; div:nth-child(1)&quot; ],
      &quot;impact&quot; : null,
      &quot;any&quot; : [ {
        &quot;id&quot; : &quot;region&quot;,
        &quot;impact&quot; : &quot;moderate&quot;,
        &quot;message&quot; : &quot;All page content is contained by landmarks&quot;,
        &quot;data&quot; : {
          &quot;isIframe&quot; : false
        },
        &quot;relatedNodes&quot; : [ ]
      } ],
      &quot;all&quot; : [ ],
      &quot;none&quot; : [ ],
      &quot;failureSummary&quot; : null
    }, {
      &quot;html&quot; : &quot;&lt;div&gt;&lt;/div&gt;&quot;,
      &quot;target&quot; : [ &quot;#fb-root &gt; div:nth-child(1) &gt; div&quot; ],
      &quot;impact&quot; : null,
      &quot;any&quot; : [ {
        &quot;id&quot; : &quot;region&quot;,
        &quot;impact&quot; : &quot;moderate&quot;,
        &quot;message&quot; : &quot;All page content is contained by landmarks&quot;,
        &quot;data&quot; : {
          &quot;isIframe&quot; : false
        },
        &quot;relatedNodes&quot; : [ ]
      } ],
      &quot;all&quot; : [ ],
      &quot;none&quot; : [ ],
      &quot;failureSummary&quot; : null
    }, {
      &quot;html&quot; : &quot;&lt;div style=\&quot;position: absolute; top: -10000px; height: 0px; width: 0px;\&quot;&gt;&quot;,
      &quot;target&quot; : [ &quot;#fb-root &gt; div:nth-child(2)&quot; ],
      &quot;impact&quot; : null,
      &quot;any&quot; : [ {
        &quot;id&quot; : &quot;region&quot;,
        &quot;impact&quot; : &quot;moderate&quot;,
        &quot;message&quot; : &quot;All page content is contained by landmarks&quot;,
        &quot;data&quot; : {
          &quot;isIframe&quot; : false
        },
        &quot;relatedNodes&quot; : [ ]
      } ],
      &quot;all&quot; : [ ],
      &quot;none&quot; : [ ],
      &quot;failureSummary&quot; : null
    }, {
      &quot;html&quot; : &quot;&lt;div&gt;&quot;,
      &quot;target&quot; : [ &quot;#fb-root &gt; div:nth-child(2) &gt; div&quot; ],
      &quot;impact&quot; : null,
      &quot;any&quot; : [ {
        &quot;id&quot; : &quot;region&quot;,
        &quot;impact&quot; : &quot;moderate&quot;,
        &quot;message&quot; : &quot;All page content is contained by landmarks&quot;,
        &quot;data&quot; : {
          &quot;isIframe&quot; : false
        },
        &quot;relatedNodes&quot; : [ ]
      } ],
      &quot;all&quot; : [ ],
      &quot;none&quot; : [ ],
      &quot;failureSummary&quot; : null
    }, {
      &quot;html&quot; : &quot;&lt;div class=\&quot;loginnow\&quot; style=\&quot;display: inline;\&quot;&gt;&quot;,
      &quot;target&quot; : [ &quot;.loginnow&quot; ],
      &quot;impact&quot; : null,
      &quot;any&quot; : [ {
        &quot;id&quot; : &quot;region&quot;,
        &quot;impact&quot; : &quot;moderate&quot;,
        &quot;message&quot; : &quot;All page content is contained by landmarks&quot;,
        &quot;data&quot; : {
          &quot;isIframe&quot; : false
        },
        &quot;relatedNodes&quot; : [ ]
      } ],
      &quot;all&quot; : [ ],
      &quot;none&quot; : [ ],
      &quot;failureSummary&quot; : null
    }, {
      &quot;html&quot; : &quot;&lt;div id=\&quot;control-panel\&quot; class=\&quot;container-fluid-full\&quot;&gt;&quot;,
      &quot;target&quot; : [ &quot;.loginnow &gt; .container-fluid-full&quot; ],
      &quot;impact&quot; : null,
      &quot;any&quot; : [ {
        &quot;id&quot; : &quot;region&quot;,
        &quot;impact&quot; : &quot;moderate&quot;,
        &quot;message&quot; : &quot;All page content is contained by landmarks&quot;,
        &quot;data&quot; : {
          &quot;isIframe&quot; : false
        },
        &quot;relatedNodes&quot; : [ ]
      } ],
      &quot;all&quot; : [ ],
      &quot;none&quot; : [ ],
      &quot;failureSummary&quot; : null
    }, {
      &quot;html&quot; : &quot;&lt;div class=\&quot;container\&quot;&gt;&quot;,
      &quot;target&quot; : [ &quot;.loginnow &gt; .container-fluid-full &gt; .container&quot; ],
      &quot;impact&quot; : null,
      &quot;any&quot; : [ {
        &quot;id&quot; : &quot;region&quot;,
        &quot;impact&quot; : &quot;moderate&quot;,
        &quot;message&quot; : &quot;All page content is contained by landmarks&quot;,
        &quot;data&quot; : {
          &quot;isIframe&quot; : false
        },
        &quot;relatedNodes&quot; : [ ]
      } ],
      &quot;all&quot; : [ ],
      &quot;none&quot; : [ ],
      &quot;failureSummary&quot; : null
    }, {
      &quot;html&quot; : &quot;&lt;div class=\&quot;span5 left-first pull-left\&quot;&gt;&quot;,
      &quot;target&quot; : [ &quot;.loginnow &gt; .container-fluid-full &gt; .container &gt; .span5.pull-left.left-first&quot; ],
      &quot;impact&quot; : null,
      &quot;any&quot; : [ {
        &quot;id&quot; : &quot;region&quot;,
        &quot;impact&quot; : &quot;moderate&quot;,
        &quot;message&quot; : &quot;All page content is contained by landmarks&quot;,
        &quot;data&quot; : {
          &quot;isIframe&quot; : false
        },
        &quot;relatedNodes&quot; : [ ]
      } ],
      &quot;all&quot; : [ ],
      &quot;none&quot; : [ ],
      &quot;failureSummary&quot; : null
    }, {
      &quot;html&quot; : &quot;&lt;nav id=\&quot;left-control-nav\&quot; class=\&quot;pull-left\&quot;&gt;&quot;,
      &quot;target&quot; : [ &quot;.loginnow &gt; .container-fluid-full &gt; .container &gt; .span5.pull-left.left-first &gt; .pull-left:nth-child(1)&quot; ],
      &quot;impact&quot; : null,
      &quot;any&quot; : [ {
        &quot;id&quot; : &quot;region&quot;,
        &quot;impact&quot; : &quot;moderate&quot;,
        &quot;message&quot; : &quot;All page content is contained by landmarks&quot;,
        &quot;data&quot; : {
          &quot;isIframe&quot; : false
        },
        &quot;relatedNodes&quot; : [ ]
      } ],
      &quot;all&quot; : [ ],
      &quot;none&quot; : [ ],
      &quot;failureSummary&quot; : null
    }, {
      &quot;html&quot; : &quot;&lt;ul&gt;&quot;,
      &quot;target&quot; : [ &quot;.loginnow &gt; .container-fluid-full &gt; .container &gt; .span5.pull-left.left-first &gt; .pull-left:nth-child(1) &gt; ul&quot; ],
      &quot;impact&quot; : null,
      &quot;any&quot; : [ {
        &quot;id&quot; : &quot;region&quot;,
        &quot;impact&quot; : &quot;moderate&quot;,
        &quot;message&quot; : &quot;All page content is contained by landmarks&quot;,
        &quot;data&quot; : {
          &quot;isIframe&quot; : false
        },
        &quot;relatedNodes&quot; : [ ]
      } ],
      &quot;all&quot; : [ ],
      &quot;none&quot; : [ ],
      &quot;failureSummary&quot; : null
    }, {
      &quot;html&quot; : &quot;&lt;li class=\&quot;left-first add-trip\&quot;&gt;&lt;a href=\&quot;mars2.html?a=add_trip.html\&quot;&gt;&lt;i class=\&quot;icon-control-add-trip\&quot;&gt;&lt;/i&gt;&lt;span class=\&quot;link-text\&quot;&gt;Add a trip&lt;/span&gt;&lt;/a&gt;&lt;/li&gt;&quot;,
      &quot;target&quot; : [ &quot;.loginnow &gt; .container-fluid-full &gt; .container &gt; .span5.pull-left.left-first &gt; .pull-left:nth-child(1) &gt; ul &gt; .add-trip.left-first&quot; ],
      &quot;impact&quot; : null,
      &quot;any&quot; : [ {
        &quot;id&quot; : &quot;region&quot;,
        &quot;impact&quot; : &quot;moderate&quot;,
        &quot;message&quot; : &quot;All page content is contained by landmarks&quot;,
        &quot;data&quot; : {
          &quot;isIframe&quot; : false
        },
        &quot;relatedNodes&quot; : [ ]
      } ],
      &quot;all&quot; : [ ],
      &quot;none&quot; : [ ],
      &quot;failureSummary&quot; : null
    }, {
      &quot;html&quot; : &quot;&lt;a href=\&quot;mars2.html?a=add_trip.html\&quot;&gt;&lt;i class=\&quot;icon-control-add-trip\&quot;&gt;&lt;/i&gt;&lt;span class=\&quot;link-text\&quot;&gt;Add a trip&lt;/span&gt;&lt;/a&gt;&quot;,
      &quot;target&quot; : [ &quot;a[href=\&quot;mars2.html?a=add_trip.html\&quot;]&quot; ],
      &quot;impact&quot; : null,
      &quot;any&quot; : [ {
        &quot;id&quot; : &quot;region&quot;,
        &quot;impact&quot; : &quot;moderate&quot;,
        &quot;message&quot; : &quot;All page content is contained by landmarks&quot;,
        &quot;data&quot; : {
          &quot;isIframe&quot; : false
        },
        &quot;relatedNodes&quot; : [ ]
      } ],
      &quot;all&quot; : [ ],
      &quot;none&quot; : [ ],
      &quot;failureSummary&quot; : null
    }, {
      &quot;html&quot; : &quot;&lt;i class=\&quot;icon-control-add-trip\&quot;&gt;&lt;/i&gt;&quot;,
      &quot;target&quot; : [ &quot;a[href=\&quot;mars2.html?a=add_trip.html\&quot;] &gt; .icon-control-add-trip&quot; ],
      &quot;impact&quot; : null,
      &quot;any&quot; : [ {
        &quot;id&quot; : &quot;region&quot;,
        &quot;impact&quot; : &quot;moderate&quot;,
        &quot;message&quot; : &quot;All page content is contained by landmarks&quot;,
        &quot;data&quot; : {
          &quot;isIframe&quot; : false
        },
        &quot;relatedNodes&quot; : [ ]
      } ],
      &quot;all&quot; : [ ],
      &quot;none&quot; : [ ],
      &quot;failureSummary&quot; : null
    }, {
      &quot;html&quot; : &quot;&lt;span class=\&quot;link-text\&quot;&gt;Add a trip&lt;/span&gt;&quot;,
      &quot;target&quot; : [ &quot;a[href=\&quot;mars2.html?a=add_trip.html\&quot;] &gt; .link-text&quot; ],
      &quot;impact&quot; : null,
      &quot;any&quot; : [ {
        &quot;id&quot; : &quot;region&quot;,
        &quot;impact&quot; : &quot;moderate&quot;,
        &quot;message&quot; : &quot;All page content is contained by landmarks&quot;,
        &quot;data&quot; : {
          &quot;isIframe&quot; : false
        },
        &quot;relatedNodes&quot; : [ ]
      } ],
      &quot;all&quot; : [ ],
      &quot;none&quot; : [ ],
      &quot;failureSummary&quot; : null
    }, {
      &quot;html&quot; : &quot;&lt;li class=\&quot;find-pass\&quot;&gt;&lt;a href=\&quot;mars2.html?a=find_pass.html\&quot;&gt;&lt;i class=\&quot;icon-control-find\&quot;&gt;&lt;/i&gt;&lt;span class=\&quot;link-text\&quot;&gt;Find a pass&lt;/span&gt;&lt;/a&gt;&lt;/li&gt;&quot;,
      &quot;target&quot; : [ &quot;.loginnow &gt; .container-fluid-full &gt; .container &gt; .span5.pull-left.left-first &gt; .pull-left:nth-child(1) &gt; ul &gt; .find-pass&quot; ],
      &quot;impact&quot; : null,
      &quot;any&quot; : [ {
        &quot;id&quot; : &quot;region&quot;,
        &quot;impact&quot; : &quot;moderate&quot;,
        &quot;message&quot; : &quot;All page content is contained by landmarks&quot;,
        &quot;data&quot; : {
          &quot;isIframe&quot; : false
        },
        &quot;relatedNodes&quot; : [ ]
      } ],
      &quot;all&quot; : [ ],
      &quot;none&quot; : [ ],
      &quot;failureSummary&quot; : null
    }, {
      &quot;html&quot; : &quot;&lt;a href=\&quot;mars2.html?a=find_pass.html\&quot;&gt;&lt;i class=\&quot;icon-control-find\&quot;&gt;&lt;/i&gt;&lt;span class=\&quot;link-text\&quot;&gt;Find a pass&lt;/span&gt;&lt;/a&gt;&quot;,
      &quot;target&quot; : [ &quot;a[href=\&quot;mars2.html?a=find_pass.html\&quot;]&quot; ],
      &quot;impact&quot; : null,
      &quot;any&quot; : [ {
        &quot;id&quot; : &quot;region&quot;,
        &quot;impact&quot; : &quot;moderate&quot;,
        &quot;message&quot; : &quot;All page content is contained by landmarks&quot;,
        &quot;data&quot; : {
          &quot;isIframe&quot; : false
        },
        &quot;relatedNodes&quot; : [ ]
      } ],
      &quot;all&quot; : [ ],
      &quot;none&quot; : [ ],
      &quot;failureSummary&quot; : null
    }, {
      &quot;html&quot; : &quot;&lt;i class=\&quot;icon-control-find\&quot;&gt;&lt;/i&gt;&quot;,
      &quot;target&quot; : [ &quot;a[href=\&quot;mars2.html?a=find_pass.html\&quot;] &gt; .icon-control-find&quot; ],
      &quot;impact&quot; : null,
      &quot;any&quot; : [ {
        &quot;id&quot; : &quot;region&quot;,
        &quot;impact&quot; : &quot;moderate&quot;,
        &quot;message&quot; : &quot;All page content is contained by landmarks&quot;,
        &quot;data&quot; : {
          &quot;isIframe&quot; : false
        },
        &quot;relatedNodes&quot; : [ ]
      } ],
      &quot;all&quot; : [ ],
      &quot;none&quot; : [ ],
      &quot;failureSummary&quot; : null
    }, {
      &quot;html&quot; : &quot;&lt;span class=\&quot;link-text\&quot;&gt;Find a pass&lt;/span&gt;&quot;,
      &quot;target&quot; : [ &quot;a[href=\&quot;mars2.html?a=find_pass.html\&quot;] &gt; .link-text&quot; ],
      &quot;impact&quot; : null,
      &quot;any&quot; : [ {
        &quot;id&quot; : &quot;region&quot;,
        &quot;impact&quot; : &quot;moderate&quot;,
        &quot;message&quot; : &quot;All page content is contained by landmarks&quot;,
        &quot;data&quot; : {
          &quot;isIframe&quot; : false
        },
        &quot;relatedNodes&quot; : [ ]
      } ],
      &quot;all&quot; : [ ],
      &quot;none&quot; : [ ],
      &quot;failureSummary&quot; : null
    }, {
      &quot;html&quot; : &quot;&lt;div id=\&quot;search-bar\&quot; class=\&quot;pull-left\&quot;&gt;\n&lt;form id=\&quot;search\&quot; action=\&quot;/demo/mars/mars2\&quot; method=\&quot;get\&quot;&gt;\n&lt;input type=\&quot;hidden\&quot; name=\&quot;fn\&quot; value=\&quot;Search\&quot;&gt;\n&lt;input type=\&quot;text\&quot; class=\&quot;search\&quot; name=\&quot;query\&quot; placeholder=\&quot;search\&quot;&gt;\n&lt;input type=\&quot;submit\&quot; class=\&quot;control-search\&quot;&gt;\n&lt;/form&gt;\n&lt;/div&gt;&quot;,
      &quot;target&quot; : [ &quot;.loginnow &gt; .container-fluid-full &gt; .container &gt; .span5.pull-left.left-first &gt; .pull-left:nth-child(2)&quot; ],
      &quot;impact&quot; : null,
      &quot;any&quot; : [ {
        &quot;id&quot; : &quot;region&quot;,
        &quot;impact&quot; : &quot;moderate&quot;,
        &quot;message&quot; : &quot;All page content is contained by landmarks&quot;,
        &quot;data&quot; : {
          &quot;isIframe&quot; : false
        },
        &quot;relatedNodes&quot; : [ ]
      } ],
      &quot;all&quot; : [ ],
      &quot;none&quot; : [ ],
      &quot;failureSummary&quot; : null
    }, {
      &quot;html&quot; : &quot;&lt;form id=\&quot;search\&quot; action=\&quot;/demo/mars/mars2\&quot; method=\&quot;get\&quot;&gt;\n&lt;input type=\&quot;hidden\&quot; name=\&quot;fn\&quot; value=\&quot;Search\&quot;&gt;\n&lt;input type=\&quot;text\&quot; class=\&quot;search\&quot; name=\&quot;query\&quot; placeholder=\&quot;search\&quot;&gt;\n&lt;input type=\&quot;submit\&quot; class=\&quot;control-search\&quot;&gt;\n&lt;/form&gt;&quot;,
      &quot;target&quot; : [ &quot;.loginnow &gt; .container-fluid-full &gt; .container &gt; .span5.pull-left.left-first &gt; .pull-left:nth-child(2) &gt; form[method=\&quot;get\&quot;][action=\&quot;/demo/mars/mars2\&quot;]&quot; ],
      &quot;impact&quot; : null,
      &quot;any&quot; : [ {
        &quot;id&quot; : &quot;region&quot;,
        &quot;impact&quot; : &quot;moderate&quot;,
        &quot;message&quot; : &quot;All page content is contained by landmarks&quot;,
        &quot;data&quot; : {
          &quot;isIframe&quot; : false
        },
        &quot;relatedNodes&quot; : [ ]
      } ],
      &quot;all&quot; : [ ],
      &quot;none&quot; : [ ],
      &quot;failureSummary&quot; : null
    }, {
      &quot;html&quot; : &quot;&lt;input type=\&quot;submit\&quot; class=\&quot;control-search\&quot;&gt;&quot;,
      &quot;target&quot; : [ &quot;.loginnow &gt; .container-fluid-full &gt; .container &gt; .span5.pull-left.left-first &gt; .pull-left:nth-child(2) &gt; form[method=\&quot;get\&quot;][action=\&quot;/demo/mars/mars2\&quot;] &gt; .control-search[type=\&quot;submit\&quot;]&quot; ],
      &quot;impact&quot; : null,
      &quot;any&quot; : [ {
        &quot;id&quot; : &quot;region&quot;,
        &quot;impact&quot; : &quot;moderate&quot;,
        &quot;message&quot; : &quot;All page content is contained by landmarks&quot;,
        &quot;data&quot; : {
          &quot;isIframe&quot; : false
        },
        &quot;relatedNodes&quot; : [ ]
      } ],
      &quot;all&quot; : [ ],
      &quot;none&quot; : [ ],
      &quot;failureSummary&quot; : null
    }, {
      &quot;html&quot; : &quot;&lt;div class=\&quot;span7 pull-right\&quot; style=\&quot;display: inline;\&quot;&gt;&quot;,
      &quot;target&quot; : [ &quot;.loginnow &gt; .container-fluid-full &gt; .container &gt; .span7.pull-right&quot; ],
      &quot;impact&quot; : null,
      &quot;any&quot; : [ {
        &quot;id&quot; : &quot;region&quot;,
        &quot;impact&quot; : &quot;moderate&quot;,
        &quot;message&quot; : &quot;All page content is contained by landmarks&quot;,
        &quot;data&quot; : {
          &quot;isIframe&quot; : false
        },
        &quot;relatedNodes&quot; : [ ]
      } ],
      &quot;all&quot; : [ ],
      &quot;none&quot; : [ ],
      &quot;failureSummary&quot; : null
    }, {
      &quot;html&quot; : &quot;&lt;nav id=\&quot;right-control-nav\&quot; class=\&quot;pull-right\&quot; style=\&quot;display: inline;\&quot;&gt;&quot;,
      &quot;target&quot; : [ &quot;.loginnow &gt; .container-fluid-full &gt; .container &gt; .span7.pull-right &gt; .pull-right&quot; ],
      &quot;impact&quot; : null,
      &quot;any&quot; : [ {
        &quot;id&quot; : &quot;region&quot;,
        &quot;impact&quot; : &quot;moderate&quot;,
        &quot;message&quot; : &quot;All page content is contained by landmarks&quot;,
        &quot;data&quot; : {
          &quot;isIframe&quot; : false
        },
        &quot;relatedNodes&quot; : [ ]
      } ],
      &quot;all&quot; : [ ],
      &quot;none&quot; : [ ],
      &quot;failureSummary&quot; : null
    }, {
      &quot;html&quot; : &quot;&lt;ul&gt;&quot;,
      &quot;target&quot; : [ &quot;.loginnow &gt; .container-fluid-full &gt; .container &gt; .span7.pull-right &gt; .pull-right &gt; ul&quot; ],
      &quot;impact&quot; : null,
      &quot;any&quot; : [ {
        &quot;id&quot; : &quot;region&quot;,
        &quot;impact&quot; : &quot;moderate&quot;,
        &quot;message&quot; : &quot;All page content is contained by landmarks&quot;,
        &quot;data&quot; : {
          &quot;isIframe&quot; : false
        },
        &quot;relatedNodes&quot; : [ ]
      } ],
      &quot;all&quot; : [ ],
      &quot;none&quot; : [ ],
      &quot;failureSummary&quot; : null
    }, {
      &quot;html&quot; : &quot;&lt;li class=\&quot;left-first my-account anonymous last\&quot;&gt;&quot;,
      &quot;target&quot; : [ &quot;.anonymous&quot; ],
      &quot;impact&quot; : null,
      &quot;any&quot; : [ {
        &quot;id&quot; : &quot;region&quot;,
        &quot;impact&quot; : &quot;moderate&quot;,
        &quot;message&quot; : &quot;All page content is contained by landmarks&quot;,
        &quot;data&quot; : {
          &quot;isIframe&quot; : false
        },
        &quot;relatedNodes&quot; : [ ]
      } ],
      &quot;all&quot; : [ ],
      &quot;none&quot; : [ ],
      &quot;failureSummary&quot; : null
    }, {
      &quot;html&quot; : &quot;&lt;div class=\&quot;content\&quot;&gt;&quot;,
      &quot;target&quot; : [ &quot;.content&quot; ],
      &quot;impact&quot; : null,
      &quot;any&quot; : [ {
        &quot;id&quot; : &quot;region&quot;,
        &quot;impact&quot; : &quot;moderate&quot;,
        &quot;message&quot; : &quot;All page content is contained by landmarks&quot;,
        &quot;data&quot; : {
          &quot;isIframe&quot; : false
        },
        &quot;relatedNodes&quot; : [ ]
      } ],
      &quot;all&quot; : [ ],
      &quot;none&quot; : [ ],
      &quot;failureSummary&quot; : null
    }, {
      &quot;html&quot; : &quot;&lt;div class=\&quot;fb-login\&quot;&gt;\n&lt;a class=\&quot;facebook-pop fb_button fb_button_medium\&quot; href=\&quot;mars2.html?a=facebook_login.html\&quot;&gt;\n&lt;span class=\&quot;fb_button_text\&quot;&gt;Login&lt;/span&gt;\n&lt;/a&gt;\n&lt;/div&gt;&quot;,
      &quot;target&quot; : [ &quot;.fb-login&quot; ],
      &quot;impact&quot; : null,
      &quot;any&quot; : [ {
        &quot;id&quot; : &quot;region&quot;,
        &quot;impact&quot; : &quot;moderate&quot;,
        &quot;message&quot; : &quot;All page content is contained by landmarks&quot;,
        &quot;data&quot; : {
          &quot;isIframe&quot; : false
        },
        &quot;relatedNodes&quot; : [ ]
      } ],
      &quot;all&quot; : [ ],
      &quot;none&quot; : [ ],
      &quot;failureSummary&quot; : null
    }, {
      &quot;html&quot; : &quot;&lt;a class=\&quot;facebook-pop fb_button fb_button_medium\&quot; href=\&quot;mars2.html?a=facebook_login.html\&quot;&gt;\n&lt;span class=\&quot;fb_button_text\&quot;&gt;Login&lt;/span&gt;\n&lt;/a&gt;&quot;,
      &quot;target&quot; : [ &quot;.facebook-pop&quot; ],
      &quot;impact&quot; : null,
      &quot;any&quot; : [ {
        &quot;id&quot; : &quot;region&quot;,
        &quot;impact&quot; : &quot;moderate&quot;,
        &quot;message&quot; : &quot;All page content is contained by landmarks&quot;,
        &quot;data&quot; : {
          &quot;isIframe&quot; : false
        },
        &quot;relatedNodes&quot; : [ ]
      } ],
      &quot;all&quot; : [ ],
      &quot;none&quot; : [ ],
      &quot;failureSummary&quot; : null
    }, {
      &quot;html&quot; : &quot;&lt;span class=\&quot;fb_button_text\&quot;&gt;Login&lt;/span&gt;&quot;,
      &quot;target&quot; : [ &quot;.fb_button_text&quot; ],
      &quot;impact&quot; : null,
      &quot;any&quot; : [ {
        &quot;id&quot; : &quot;region&quot;,
        &quot;impact&quot; : &quot;moderate&quot;,
        &quot;message&quot; : &quot;All page content is contained by landmarks&quot;,
        &quot;data&quot; : {
          &quot;isIframe&quot; : false
        },
        &quot;relatedNodes&quot; : [ ]
      } ],
      &quot;all&quot; : [ ],
      &quot;none&quot; : [ ],
      &quot;failureSummary&quot; : null
    }, {
      &quot;html&quot; : &quot;&lt;div class=\&quot;link-text\&quot;&gt;or&lt;/div&gt;&quot;,
      &quot;target&quot; : [ &quot;.content &gt; .link-text&quot; ],
      &quot;impact&quot; : null,
      &quot;any&quot; : [ {
        &quot;id&quot; : &quot;region&quot;,
        &quot;impact&quot; : &quot;moderate&quot;,
        &quot;message&quot; : &quot;All page content is contained by landmarks&quot;,
        &quot;data&quot; : {
          &quot;isIframe&quot; : false
        },
        &quot;relatedNodes&quot; : [ ]
      } ],
      &quot;all&quot; : [ ],
      &quot;none&quot; : [ ],
      &quot;failureSummary&quot; : null
    }, {
      &quot;html&quot; : &quot;&lt;div class=\&quot;re-signup\&quot;&gt;&lt;a href=\&quot;mars2.html?a=sign_in\&quot;&gt;Sign In&amp;nbsp;&lt;/a&gt;\n&lt;/div&gt;&quot;,
      &quot;target&quot; : [ &quot;.re-signup&quot; ],
      &quot;impact&quot; : null,
      &quot;any&quot; : [ {
        &quot;id&quot; : &quot;region&quot;,
        &quot;impact&quot; : &quot;moderate&quot;,
        &quot;message&quot; : &quot;All page content is contained by landmarks&quot;,
        &quot;data&quot; : {
          &quot;isIframe&quot; : false
        },
        &quot;relatedNodes&quot; : [ ]
      } ],
      &quot;all&quot; : [ ],
      &quot;none&quot; : [ ],
      &quot;failureSummary&quot; : null
    }, {
      &quot;html&quot; : &quot;&lt;a href=\&quot;mars2.html?a=sign_in\&quot;&gt;Sign In&amp;nbsp;&lt;/a&gt;&quot;,
      &quot;target&quot; : [ &quot;a[href=\&quot;mars2.html?a=sign_in\&quot;]&quot; ],
      &quot;impact&quot; : null,
      &quot;any&quot; : [ {
        &quot;id&quot; : &quot;region&quot;,
        &quot;impact&quot; : &quot;moderate&quot;,
        &quot;message&quot; : &quot;All page content is contained by landmarks&quot;,
        &quot;data&quot; : {
          &quot;isIframe&quot; : false
        },
        &quot;relatedNodes&quot; : [ ]
      } ],
      &quot;all&quot; : [ ],
      &quot;none&quot; : [ ],
      &quot;failureSummary&quot; : null
    }, {
      &quot;html&quot; : &quot;&lt;li class=\&quot;my-itinerary dropdown\&quot;&gt;&lt;a href=\&quot;mars2.html?a=cart\&quot; class=\&quot;dropdown-toggle\&quot; data-toggle=\&quot;dropdown\&quot;&gt;\n&lt;i class=\&quot;icon-control-itinerary\&quot;&gt;&lt;/i&gt;\n&lt;span class=\&quot;link-text\&quot;&gt;My Cart&lt;/span&gt;\n&lt;span class=\&quot;link-text price-recap\&quot;&gt;$0.00&lt;/span&gt;\n&lt;/a&gt;\n&lt;/li&gt;&quot;,
      &quot;target&quot; : [ &quot;.loginnow &gt; .container-fluid-full &gt; .container &gt; .span7.pull-right &gt; .pull-right &gt; ul &gt; .my-itinerary.dropdown&quot; ],
      &quot;impact&quot; : null,
      &quot;any&quot; : [ {
        &quot;id&quot; : &quot;region&quot;,
        &quot;impact&quot; : &quot;moderate&quot;,
        &quot;message&quot; : &quot;All page content is contained by landmarks&quot;,
        &quot;data&quot; : {
          &quot;isIframe&quot; : false
        },
        &quot;relatedNodes&quot; : [ ]
      } ],
      &quot;all&quot; : [ ],
      &quot;none&quot; : [ ],
      &quot;failureSummary&quot; : null
    }, {
      &quot;html&quot; : &quot;&lt;a href=\&quot;mars2.html?a=cart\&quot; class=\&quot;dropdown-toggle\&quot; data-toggle=\&quot;dropdown\&quot;&gt;\n&lt;i class=\&quot;icon-control-itinerary\&quot;&gt;&lt;/i&gt;\n&lt;span class=\&quot;link-text\&quot;&gt;My Cart&lt;/span&gt;\n&lt;span class=\&quot;link-text price-recap\&quot;&gt;$0.00&lt;/span&gt;\n&lt;/a&gt;&quot;,
      &quot;target&quot; : [ &quot;a[href=\&quot;mars2.html?a=cart\&quot;]&quot; ],
      &quot;impact&quot; : null,
      &quot;any&quot; : [ {
        &quot;id&quot; : &quot;region&quot;,
        &quot;impact&quot; : &quot;moderate&quot;,
        &quot;message&quot; : &quot;All page content is contained by landmarks&quot;,
        &quot;data&quot; : {
          &quot;isIframe&quot; : false
        },
        &quot;relatedNodes&quot; : [ ]
      } ],
      &quot;all&quot; : [ ],
      &quot;none&quot; : [ ],
      &quot;failureSummary&quot; : null
    }, {
      &quot;html&quot; : &quot;&lt;i class=\&quot;icon-control-itinerary\&quot;&gt;&lt;/i&gt;&quot;,
      &quot;target&quot; : [ &quot;a[href=\&quot;mars2.html?a=cart\&quot;] &gt; .icon-control-itinerary&quot; ],
      &quot;impact&quot; : null,
      &quot;any&quot; : [ {
        &quot;id&quot; : &quot;region&quot;,
        &quot;impact&quot; : &quot;moderate&quot;,
        &quot;message&quot; : &quot;All page content is contained by landmarks&quot;,
        &quot;data&quot; : {
          &quot;isIframe&quot; : false
        },
        &quot;relatedNodes&quot; : [ ]
      } ],
      &quot;all&quot; : [ ],
      &quot;none&quot; : [ ],
      &quot;failureSummary&quot; : null
    }, {
      &quot;html&quot; : &quot;&lt;span class=\&quot;link-text\&quot;&gt;My Cart&lt;/span&gt;&quot;,
      &quot;target&quot; : [ &quot;a[href=\&quot;mars2.html?a=cart\&quot;] &gt; .link-text:nth-child(2)&quot; ],
      &quot;impact&quot; : null,
      &quot;any&quot; : [ {
        &quot;id&quot; : &quot;region&quot;,
        &quot;impact&quot; : &quot;moderate&quot;,
        &quot;message&quot; : &quot;All page content is contained by landmarks&quot;,
        &quot;data&quot; : {
          &quot;isIframe&quot; : false
        },
        &quot;relatedNodes&quot; : [ ]
      } ],
      &quot;all&quot; : [ ],
      &quot;none&quot; : [ ],
      &quot;failureSummary&quot; : null
    }, {
      &quot;html&quot; : &quot;&lt;span class=\&quot;link-text price-recap\&quot;&gt;$0.00&lt;/span&gt;&quot;,
      &quot;target&quot; : [ &quot;a[href=\&quot;mars2.html?a=cart\&quot;] &gt; .price-recap.link-text&quot; ],
      &quot;impact&quot; : null,
      &quot;any&quot; : [ {
        &quot;id&quot; : &quot;region&quot;,
        &quot;impact&quot; : &quot;moderate&quot;,
        &quot;message&quot; : &quot;All page content is contained by landmarks&quot;,
        &quot;data&quot; : {
          &quot;isIframe&quot; : false
        },
        &quot;relatedNodes&quot; : [ ]
      } ],
      &quot;all&quot; : [ ],
      &quot;none&quot; : [ ],
      &quot;failureSummary&quot; : null
    }, {
      &quot;html&quot; : &quot;&lt;div id=\&quot;header-panel\&quot; class=\&quot;container\&quot;&gt;&quot;,
      &quot;target&quot; : [ &quot;#header-panel&quot; ],
      &quot;impact&quot; : null,
      &quot;any&quot; : [ {
        &quot;id&quot; : &quot;region&quot;,
        &quot;impact&quot; : &quot;moderate&quot;,
        &quot;message&quot; : &quot;All page content is contained by landmarks&quot;,
        &quot;data&quot; : {
          &quot;isIframe&quot; : false
        },
        &quot;relatedNodes&quot; : [ ]
      } ],
      &quot;all&quot; : [ ],
      &quot;none&quot; : [ ],
      &quot;failureSummary&quot; : null
    }, {
      &quot;html&quot; : &quot;&lt;div class=\&quot;span5 left-first\&quot;&gt;\n&lt;div class=\&quot;pull-left\&quot; id=\&quot;logo\&quot;&gt;\n&lt;a href=\&quot;demo/mars/#\&quot; title=\&quot;MarsCommuter®\&quot;&gt;\n&lt;i class=\&quot;icon-logo\&quot;&gt;&lt;/i&gt;\n&lt;/a&gt;\n    &lt;/div&gt;\n    \n  &lt;/div&gt;&quot;,
      &quot;target&quot; : [ &quot;#header-panel &gt; .span5.left-first&quot; ],
      &quot;impact&quot; : null,
      &quot;any&quot; : [ {
        &quot;id&quot; : &quot;region&quot;,
        &quot;impact&quot; : &quot;moderate&quot;,
        &quot;message&quot; : &quot;All page content is contained by landmarks&quot;,
        &quot;data&quot; : {
          &quot;isIframe&quot; : false
        },
        &quot;relatedNodes&quot; : [ ]
      } ],
      &quot;all&quot; : [ ],
      &quot;none&quot; : [ ],
      &quot;failureSummary&quot; : null
    }, {
      &quot;html&quot; : &quot;&lt;div class=\&quot;pull-left\&quot; id=\&quot;logo\&quot;&gt;\n&lt;a href=\&quot;demo/mars/#\&quot; title=\&quot;MarsCommuter®\&quot;&gt;\n&lt;i class=\&quot;icon-logo\&quot;&gt;&lt;/i&gt;\n&lt;/a&gt;\n    &lt;/div&gt;&quot;,
      &quot;target&quot; : [ &quot;#logo&quot; ],
      &quot;impact&quot; : null,
      &quot;any&quot; : [ {
        &quot;id&quot; : &quot;region&quot;,
        &quot;impact&quot; : &quot;moderate&quot;,
        &quot;message&quot; : &quot;All page content is contained by landmarks&quot;,
        &quot;data&quot; : {
          &quot;isIframe&quot; : false
        },
        &quot;relatedNodes&quot; : [ ]
      } ],
      &quot;all&quot; : [ ],
      &quot;none&quot; : [ ],
      &quot;failureSummary&quot; : null
    }, {
      &quot;html&quot; : &quot;&lt;a href=\&quot;demo/mars/#\&quot; title=\&quot;MarsCommuter®\&quot;&gt;\n&lt;i class=\&quot;icon-logo\&quot;&gt;&lt;/i&gt;\n&lt;/a&gt;&quot;,
      &quot;target&quot; : [ &quot;a[title=\&quot;MarsCommuter®\&quot;]&quot; ],
      &quot;impact&quot; : null,
      &quot;any&quot; : [ {
        &quot;id&quot; : &quot;region&quot;,
        &quot;impact&quot; : &quot;moderate&quot;,
        &quot;message&quot; : &quot;All page content is contained by landmarks&quot;,
        &quot;data&quot; : {
          &quot;isIframe&quot; : false
        },
        &quot;relatedNodes&quot; : [ ]
      } ],
      &quot;all&quot; : [ ],
      &quot;none&quot; : [ ],
      &quot;failureSummary&quot; : null
    }, {
      &quot;html&quot; : &quot;&lt;i class=\&quot;icon-logo\&quot;&gt;&lt;/i&gt;&quot;,
      &quot;target&quot; : [ &quot;.icon-logo&quot; ],
      &quot;impact&quot; : null,
      &quot;any&quot; : [ {
        &quot;id&quot; : &quot;region&quot;,
        &quot;impact&quot; : &quot;moderate&quot;,
        &quot;message&quot; : &quot;All page content is contained by landmarks&quot;,
        &quot;data&quot; : {
          &quot;isIframe&quot; : false
        },
        &quot;relatedNodes&quot; : [ ]
      } ],
      &quot;all&quot; : [ ],
      &quot;none&quot; : [ ],
      &quot;failureSummary&quot; : null
    }, {
      &quot;html&quot; : &quot;&lt;div class=\&quot;span7\&quot;&gt;&quot;,
      &quot;target&quot; : [ &quot;#header-panel &gt; .span7&quot; ],
      &quot;impact&quot; : null,
      &quot;any&quot; : [ {
        &quot;id&quot; : &quot;region&quot;,
        &quot;impact&quot; : &quot;moderate&quot;,
        &quot;message&quot; : &quot;All page content is contained by landmarks&quot;,
        &quot;data&quot; : {
          &quot;isIframe&quot; : false
        },
        &quot;relatedNodes&quot; : [ ]
      } ],
      &quot;all&quot; : [ ],
      &quot;none&quot; : [ ],
      &quot;failureSummary&quot; : null
    }, {
      &quot;html&quot; : &quot;&lt;div id=\&quot;identity\&quot; class=\&quot;pull-right\&quot;&gt;\n        &lt;span class=\&quot;loggedin first\&quot; style=\&quot;display: none;\&quot;&gt;\n          You are signed in as &lt;a href=\&quot;mars2.html?a=email\&quot;&gt;&lt;span id=\&quot;email\&quot;&gt;&lt;/span&gt; &lt;/a&gt;\n        &lt;/span&gt;\n&lt;/div&gt;&quot;,
      &quot;target&quot; : [ &quot;#identity&quot; ],
      &quot;impact&quot; : null,
      &quot;any&quot; : [ {
        &quot;id&quot; : &quot;region&quot;,
        &quot;impact&quot; : &quot;moderate&quot;,
        &quot;message&quot; : &quot;All page content is contained by landmarks&quot;,
        &quot;data&quot; : {
          &quot;isIframe&quot; : false
        },
        &quot;relatedNodes&quot; : [ ]
      } ],
      &quot;all&quot; : [ ],
      &quot;none&quot; : [ ],
      &quot;failureSummary&quot; : null
    }, {
      &quot;html&quot; : &quot;&lt;div id=\&quot;language-bar\&quot; class=\&quot;pull-right\&quot;&gt;&quot;,
      &quot;target&quot; : [ &quot;#language-bar&quot; ],
      &quot;impact&quot; : null,
      &quot;any&quot; : [ {
        &quot;id&quot; : &quot;region&quot;,
        &quot;impact&quot; : &quot;moderate&quot;,
        &quot;message&quot; : &quot;All page content is contained by landmarks&quot;,
        &quot;data&quot; : {
          &quot;isIframe&quot; : false
        },
        &quot;relatedNodes&quot; : [ ]
      } ],
      &quot;all&quot; : [ ],
      &quot;none&quot; : [ ],
      &quot;failureSummary&quot; : null
    }, {
      &quot;html&quot; : &quot;&lt;nav&gt;&quot;,
      &quot;target&quot; : [ &quot;#language-bar &gt; nav&quot; ],
      &quot;impact&quot; : null,
      &quot;any&quot; : [ {
        &quot;id&quot; : &quot;region&quot;,
        &quot;impact&quot; : &quot;moderate&quot;,
        &quot;message&quot; : &quot;All page content is contained by landmarks&quot;,
        &quot;data&quot; : {
          &quot;isIframe&quot; : false
        },
        &quot;relatedNodes&quot; : [ ]
      } ],
      &quot;all&quot; : [ ],
      &quot;none&quot; : [ ],
      &quot;failureSummary&quot; : null
    }, {
      &quot;html&quot; : &quot;&lt;ul&gt;&quot;,
      &quot;target&quot; : [ &quot;#language-bar &gt; nav &gt; ul&quot; ],
      &quot;impact&quot; : null,
      &quot;any&quot; : [ {
        &quot;id&quot; : &quot;region&quot;,
        &quot;impact&quot; : &quot;moderate&quot;,
        &quot;message&quot; : &quot;All page content is contained by landmarks&quot;,
        &quot;data&quot; : {
          &quot;isIframe&quot; : false
        },
        &quot;relatedNodes&quot; : [ ]
      } ],
      &quot;all&quot; : [ ],
      &quot;none&quot; : [ ],
      &quot;failureSummary&quot; : null
    }, {
      &quot;html&quot; : &quot;&lt;li class=\&quot;travel-agents-select\&quot;&gt;&lt;a href=\&quot;mars2.html?a=travel_agents\&quot;&gt;Travel Agents&lt;/a&gt;&lt;/li&gt;&quot;,
      &quot;target&quot; : [ &quot;.travel-agents-select&quot; ],
      &quot;impact&quot; : null,
      &quot;any&quot; : [ {
        &quot;id&quot; : &quot;region&quot;,
        &quot;impact&quot; : &quot;moderate&quot;,
        &quot;message&quot; : &quot;All page content is contained by landmarks&quot;,
        &quot;data&quot; : {
          &quot;isIframe&quot; : false
        },
        &quot;relatedNodes&quot; : [ ]
      } ],
      &quot;all&quot; : [ ],
      &quot;none&quot; : [ ],
      &quot;failureSummary&quot; : null
    }, {
      &quot;html&quot; : &quot;&lt;a href=\&quot;mars2.html?a=travel_agents\&quot;&gt;Travel Agents&lt;/a&gt;&quot;,
      &quot;target&quot; : [ &quot;a[href=\&quot;mars2.html?a=travel_agents\&quot;]&quot; ],
      &quot;impact&quot; : null,
      &quot;any&quot; : [ {
        &quot;id&quot; : &quot;region&quot;,
        &quot;impact&quot; : &quot;moderate&quot;,
        &quot;message&quot; : &quot;All page content is contained by landmarks&quot;,
        &quot;data&quot; : {
          &quot;isIframe&quot; : false
        },
        &quot;relatedNodes&quot; : [ ]
      } ],
      &quot;all&quot; : [ ],
      &quot;none&quot; : [ ],
      &quot;failureSummary&quot; : null
    }, {
      &quot;html&quot; : &quot;&lt;li id=\&quot;country-select\&quot; class=\&quot;dropdown\&quot;&gt;\n\n&lt;a href=\&quot;javascript:;\&quot; class=\&quot;dropdown-toggle\&quot; data-toggle=\&quot;dropdown\&quot;&gt;\nYour country&lt;span class=\&quot;currency-select\&quot;&gt;&lt;!--($USD)--&gt;&lt;/span&gt;\n&lt;i class=\&quot;icon-langbar-down-arrow\&quot;&gt;&lt;/i&gt;\n&lt;/a&gt;&lt;ul class=\&quot;dropdown-menu\&quot;&gt;&lt;/ul&gt;\n&lt;/li&gt;&quot;,
      &quot;target&quot; : [ &quot;#country-select&quot; ],
      &quot;impact&quot; : null,
      &quot;any&quot; : [ {
        &quot;id&quot; : &quot;region&quot;,
        &quot;impact&quot; : &quot;moderate&quot;,
        &quot;message&quot; : &quot;All page content is contained by landmarks&quot;,
        &quot;data&quot; : {
          &quot;isIframe&quot; : false
        },
        &quot;relatedNodes&quot; : [ ]
      } ],
      &quot;all&quot; : [ ],
      &quot;none&quot; : [ ],
      &quot;failureSummary&quot; : null
    }, {
      &quot;html&quot; : &quot;&lt;a href=\&quot;javascript:;\&quot; class=\&quot;dropdown-toggle\&quot; data-toggle=\&quot;dropdown\&quot;&gt;\nYour country&lt;span class=\&quot;currency-select\&quot;&gt;&lt;!--($USD)--&gt;&lt;/span&gt;\n&lt;i class=\&quot;icon-langbar-down-arrow\&quot;&gt;&lt;/i&gt;\n&lt;/a&gt;&quot;,
      &quot;target&quot; : [ &quot;#country-select &gt; .dropdown-toggle[href=\&quot;javascript:;\&quot;][data-toggle=\&quot;dropdown\&quot;]&quot; ],
      &quot;impact&quot; : null,
      &quot;any&quot; : [ {
        &quot;id&quot; : &quot;region&quot;,
        &quot;impact&quot; : &quot;moderate&quot;,
        &quot;message&quot; : &quot;All page content is contained by landmarks&quot;,
        &quot;data&quot; : {
          &quot;isIframe&quot; : false
        },
        &quot;relatedNodes&quot; : [ ]
      } ],
      &quot;all&quot; : [ ],
      &quot;none&quot; : [ ],
      &quot;failureSummary&quot; : null
    }, {
      &quot;html&quot; : &quot;&lt;span class=\&quot;currency-select\&quot;&gt;&lt;!--($USD)--&gt;&lt;/span&gt;&quot;,
      &quot;target&quot; : [ &quot;.currency-select&quot; ],
      &quot;impact&quot; : null,
      &quot;any&quot; : [ {
        &quot;id&quot; : &quot;region&quot;,
        &quot;impact&quot; : &quot;moderate&quot;,
        &quot;message&quot; : &quot;All page content is contained by landmarks&quot;,
        &quot;data&quot; : {
          &quot;isIframe&quot; : false
        },
        &quot;relatedNodes&quot; : [ ]
      } ],
      &quot;all&quot; : [ ],
      &quot;none&quot; : [ ],
      &quot;failureSummary&quot; : null
    }, {
      &quot;html&quot; : &quot;&lt;i class=\&quot;icon-langbar-down-arrow\&quot;&gt;&lt;/i&gt;&quot;,
      &quot;target&quot; : [ &quot;#country-select &gt; .dropdown-toggle[href=\&quot;javascript:;\&quot;][data-toggle=\&quot;dropdown\&quot;] &gt; .icon-langbar-down-arrow&quot; ],
      &quot;impact&quot; : null,
      &quot;any&quot; : [ {
        &quot;id&quot; : &quot;region&quot;,
        &quot;impact&quot; : &quot;moderate&quot;,
        &quot;message&quot; : &quot;All page content is contained by landmarks&quot;,
        &quot;data&quot; : {
          &quot;isIframe&quot; : false
        },
        &quot;relatedNodes&quot; : [ ]
      } ],
      &quot;all&quot; : [ ],
      &quot;none&quot; : [ ],
      &quot;failureSummary&quot; : null
    }, {
      &quot;html&quot; : &quot;&lt;li class=\&quot;language-select dropdown\&quot;&gt;&quot;,
      &quot;target&quot; : [ &quot;.language-select&quot; ],
      &quot;impact&quot; : null,
      &quot;any&quot; : [ {
        &quot;id&quot; : &quot;region&quot;,
        &quot;impact&quot; : &quot;moderate&quot;,
        &quot;message&quot; : &quot;All page content is contained by landmarks&quot;,
        &quot;data&quot; : {
          &quot;isIframe&quot; : false
        },
        &quot;relatedNodes&quot; : [ ]
      } ],
      &quot;all&quot; : [ ],
      &quot;none&quot; : [ ],
      &quot;failureSummary&quot; : null
    }, {
      &quot;html&quot; : &quot;&lt;a href=\&quot;javascript:;\&quot; class=\&quot;dropdown-toggle\&quot; data-toggle=\&quot;dropdown\&quot;&gt;\nYour language&lt;i class=\&quot;icon-langbar-down-arrow\&quot;&gt;&lt;/i&gt;\n&lt;/a&gt;&quot;,
      &quot;target&quot; : [ &quot;.language-select &gt; .dropdown-toggle[href=\&quot;javascript:;\&quot;][data-toggle=\&quot;dropdown\&quot;]&quot; ],
      &quot;impact&quot; : null,
      &quot;any&quot; : [ {
        &quot;id&quot; : &quot;region&quot;,
        &quot;impact&quot; : &quot;moderate&quot;,
        &quot;message&quot; : &quot;All page content is contained by landmarks&quot;,
        &quot;data&quot; : {
          &quot;isIframe&quot; : false
        },
        &quot;relatedNodes&quot; : [ ]
      } ],
      &quot;all&quot; : [ ],
      &quot;none&quot; : [ ],
      &quot;failureSummary&quot; : null
    }, {
      &quot;html&quot; : &quot;&lt;i class=\&quot;icon-langbar-down-arrow\&quot;&gt;&lt;/i&gt;&quot;,
      &quot;target&quot; : [ &quot;.language-select &gt; .dropdown-toggle[href=\&quot;javascript:;\&quot;][data-toggle=\&quot;dropdown\&quot;] &gt; .icon-langbar-down-arrow&quot; ],
      &quot;impact&quot; : null,
      &quot;any&quot; : [ {
        &quot;id&quot; : &quot;region&quot;,
        &quot;impact&quot; : &quot;moderate&quot;,
        &quot;message&quot; : &quot;All page content is contained by landmarks&quot;,
        &quot;data&quot; : {
          &quot;isIframe&quot; : false
        },
        &quot;relatedNodes&quot; : [ ]
      } ],
      &quot;all&quot; : [ ],
      &quot;none&quot; : [ ],
      &quot;failureSummary&quot; : null
    }, {
      &quot;html&quot; : &quot;&lt;div id=\&quot;menu-panel\&quot; class=\&quot;container\&quot;&gt;&quot;,
      &quot;target&quot; : [ &quot;#menu-panel&quot; ],
      &quot;impact&quot; : null,
      &quot;any&quot; : [ {
        &quot;id&quot; : &quot;region&quot;,
        &quot;impact&quot; : &quot;moderate&quot;,
        &quot;message&quot; : &quot;All page content is contained by landmarks&quot;,
        &quot;data&quot; : {
          &quot;isIframe&quot; : false
        },
        &quot;relatedNodes&quot; : [ ]
      } ],
      &quot;all&quot; : [ ],
      &quot;none&quot; : [ ],
      &quot;failureSummary&quot; : null
    }, {
      &quot;html&quot; : &quot;&lt;div class=\&quot;span8 left-first pull-left\&quot;&gt;&quot;,
      &quot;target&quot; : [ &quot;.span8&quot; ],
      &quot;impact&quot; : null,
      &quot;any&quot; : [ {
        &quot;id&quot; : &quot;region&quot;,
        &quot;impact&quot; : &quot;moderate&quot;,
        &quot;message&quot; : &quot;All page content is contained by landmarks&quot;,
        &quot;data&quot; : {
          &quot;isIframe&quot; : false
        },
        &quot;relatedNodes&quot; : [ ]
      } ],
      &quot;all&quot; : [ ],
      &quot;none&quot; : [ ],
      &quot;failureSummary&quot; : null
    }, {
      &quot;html&quot; : &quot;&lt;nav id=\&quot;main-nav\&quot;&gt;&quot;,
      &quot;target&quot; : [ &quot;#main-nav&quot; ],
      &quot;impact&quot; : null,
      &quot;any&quot; : [ {
        &quot;id&quot; : &quot;region&quot;,
        &quot;impact&quot; : &quot;moderate&quot;,
        &quot;message&quot; : &quot;All page content is contained by landmarks&quot;,
        &quot;data&quot; : {
          &quot;isIframe&quot; : false
        },
        &quot;relatedNodes&quot; : [ ]
      } ],
      &quot;all&quot; : [ ],
      &quot;none&quot; : [ ],
      &quot;failureSummary&quot; : null
    }, {
      &quot;html&quot; : &quot;&lt;ul&gt;&quot;,
      &quot;target&quot; : [ &quot;#main-nav &gt; ul&quot; ],
      &quot;impact&quot; : null,
      &quot;any&quot; : [ {
        &quot;id&quot; : &quot;region&quot;,
        &quot;impact&quot; : &quot;moderate&quot;,
        &quot;message&quot; : &quot;All page content is contained by landmarks&quot;,
        &quot;data&quot; : {
          &quot;isIframe&quot; : false
        },
        &quot;relatedNodes&quot; : [ ]
      } ],
      &quot;all&quot; : [ ],
      &quot;none&quot; : [ ],
      &quot;failureSummary&quot; : null
    }, {
      &quot;html&quot; : &quot;&lt;li class=\&quot;first\&quot;&gt;&lt;a class=\&quot;link\&quot; href=\&quot;demo/mars/#\&quot;&gt;&lt;i class=\&quot;icon-menu-home\&quot;&gt;&lt;/i&gt; &lt;/a&gt;&lt;/li&gt;&quot;,
      &quot;target&quot; : [ &quot;ul &gt; .first&quot; ],
      &quot;impact&quot; : null,
      &quot;any&quot; : [ {
        &quot;id&quot; : &quot;region&quot;,
        &quot;impact&quot; : &quot;moderate&quot;,
        &quot;message&quot; : &quot;All page content is contained by landmarks&quot;,
        &quot;data&quot; : {
          &quot;isIframe&quot; : false
        },
        &quot;relatedNodes&quot; : [ ]
      } ],
      &quot;all&quot; : [ ],
      &quot;none&quot; : [ ],
      &quot;failureSummary&quot; : null
    }, {
      &quot;html&quot; : &quot;&lt;a class=\&quot;link\&quot; href=\&quot;demo/mars/#\&quot;&gt;&lt;i class=\&quot;icon-menu-home\&quot;&gt;&lt;/i&gt; &lt;/a&gt;&quot;,
      &quot;target&quot; : [ &quot;.link[href$=\&quot;mars/#\&quot;]&quot; ],
      &quot;impact&quot; : null,
      &quot;any&quot; : [ {
        &quot;id&quot; : &quot;region&quot;,
        &quot;impact&quot; : &quot;moderate&quot;,
        &quot;message&quot; : &quot;All page content is contained by landmarks&quot;,
        &quot;data&quot; : {
          &quot;isIframe&quot; : false
        },
        &quot;relatedNodes&quot; : [ ]
      } ],
      &quot;all&quot; : [ ],
      &quot;none&quot; : [ ],
      &quot;failureSummary&quot; : null
    }, {
      &quot;html&quot; : &quot;&lt;i class=\&quot;icon-menu-home\&quot;&gt;&lt;/i&gt;&quot;,
      &quot;target&quot; : [ &quot;.icon-menu-home&quot; ],
      &quot;impact&quot; : null,
      &quot;any&quot; : [ {
        &quot;id&quot; : &quot;region&quot;,
        &quot;impact&quot; : &quot;moderate&quot;,
        &quot;message&quot; : &quot;All page content is contained by landmarks&quot;,
        &quot;data&quot; : {
          &quot;isIframe&quot; : false
        },
        &quot;relatedNodes&quot; : [ ]
      } ],
      &quot;all&quot; : [ ],
      &quot;none&quot; : [ ],
      &quot;failureSummary&quot; : null
    }, {
      &quot;html&quot; : &quot;&lt;li&gt;&lt;a class=\&quot;link\&quot; href=\&quot;mars2.html?a=send_me_to_mars\&quot;&gt;Send me to Mars!&lt;/a&gt;&lt;/li&gt;&quot;,
      &quot;target&quot; : [ &quot;#main-nav &gt; ul &gt; li:nth-child(2)&quot; ],
      &quot;impact&quot; : null,
      &quot;any&quot; : [ {
        &quot;id&quot; : &quot;region&quot;,
        &quot;impact&quot; : &quot;moderate&quot;,
        &quot;message&quot; : &quot;All page content is contained by landmarks&quot;,
        &quot;data&quot; : {
          &quot;isIframe&quot; : false
        },
        &quot;relatedNodes&quot; : [ ]
      } ],
      &quot;all&quot; : [ ],
      &quot;none&quot; : [ ],
      &quot;failureSummary&quot; : null
    }, {
      &quot;html&quot; : &quot;&lt;a class=\&quot;link\&quot; href=\&quot;mars2.html?a=send_me_to_mars\&quot;&gt;Send me to Mars!&lt;/a&gt;&quot;,
      &quot;target&quot; : [ &quot;a[href=\&quot;mars2.html?a=send_me_to_mars\&quot;]&quot; ],
      &quot;impact&quot; : null,
      &quot;any&quot; : [ {
        &quot;id&quot; : &quot;region&quot;,
        &quot;impact&quot; : &quot;moderate&quot;,
        &quot;message&quot; : &quot;All page content is contained by landmarks&quot;,
        &quot;data&quot; : {
          &quot;isIframe&quot; : false
        },
        &quot;relatedNodes&quot; : [ ]
      } ],
      &quot;all&quot; : [ ],
      &quot;none&quot; : [ ],
      &quot;failureSummary&quot; : null
    }, {
      &quot;html&quot; : &quot;&lt;li&gt;&lt;a class=\&quot;link\&quot; href=\&quot;mars2.html?a=hotels\&quot;&gt;Hotels&lt;/a&gt;&lt;/li&gt;&quot;,
      &quot;target&quot; : [ &quot;#main-nav &gt; ul &gt; li:nth-child(3)&quot; ],
      &quot;impact&quot; : null,
      &quot;any&quot; : [ {
        &quot;id&quot; : &quot;region&quot;,
        &quot;impact&quot; : &quot;moderate&quot;,
        &quot;message&quot; : &quot;All page content is contained by landmarks&quot;,
        &quot;data&quot; : {
          &quot;isIframe&quot; : false
        },
        &quot;relatedNodes&quot; : [ ]
      } ],
      &quot;all&quot; : [ ],
      &quot;none&quot; : [ ],
      &quot;failureSummary&quot; : null
    }, {
      &quot;html&quot; : &quot;&lt;a class=\&quot;link\&quot; href=\&quot;mars2.html?a=hotels\&quot;&gt;Hotels&lt;/a&gt;&quot;,
      &quot;target&quot; : [ &quot;a[href=\&quot;mars2.html?a=hotels\&quot;]&quot; ],
      &quot;impact&quot; : null,
      &quot;any&quot; : [ {
        &quot;id&quot; : &quot;region&quot;,
        &quot;impact&quot; : &quot;moderate&quot;,
        &quot;message&quot; : &quot;All page content is contained by landmarks&quot;,
        &quot;data&quot; : {
          &quot;isIframe&quot; : false
        },
        &quot;relatedNodes&quot; : [ ]
      } ],
      &quot;all&quot; : [ ],
      &quot;none&quot; : [ ],
      &quot;failureSummary&quot; : null
    }, {
      &quot;html&quot; : &quot;&lt;li&gt;&lt;a class=\&quot;link\&quot; href=\&quot;mars2.html?a=things_to_do\&quot;&gt;Things to Do&lt;/a&gt;&lt;/li&gt;&quot;,
      &quot;target&quot; : [ &quot;#main-nav &gt; ul &gt; li:nth-child(4)&quot; ],
      &quot;impact&quot; : null,
      &quot;any&quot; : [ {
        &quot;id&quot; : &quot;region&quot;,
        &quot;impact&quot; : &quot;moderate&quot;,
        &quot;message&quot; : &quot;All page content is contained by landmarks&quot;,
        &quot;data&quot; : {
          &quot;isIframe&quot; : false
        },
        &quot;relatedNodes&quot; : [ ]
      } ],
      &quot;all&quot; : [ ],
      &quot;none&quot; : [ ],
      &quot;failureSummary&quot; : null
    }, {
      &quot;html&quot; : &quot;&lt;a class=\&quot;link\&quot; href=\&quot;mars2.html?a=things_to_do\&quot;&gt;Things to Do&lt;/a&gt;&quot;,
      &quot;target&quot; : [ &quot;a[href=\&quot;mars2.html?a=things_to_do\&quot;]&quot; ],
      &quot;impact&quot; : null,
      &quot;any&quot; : [ {
        &quot;id&quot; : &quot;region&quot;,
        &quot;impact&quot; : &quot;moderate&quot;,
        &quot;message&quot; : &quot;All page content is contained by landmarks&quot;,
        &quot;data&quot; : {
          &quot;isIframe&quot; : false
        },
        &quot;relatedNodes&quot; : [ ]
      } ],
      &quot;all&quot; : [ ],
      &quot;none&quot; : [ ],
      &quot;failureSummary&quot; : null
    }, {
      &quot;html&quot; : &quot;&lt;li&gt;&lt;a class=\&quot;link\&quot; href=\&quot;mars2.html?a=mars_map\&quot;&gt;Mars Map&lt;/a&gt;&lt;/li&gt;&quot;,
      &quot;target&quot; : [ &quot;#main-nav &gt; ul &gt; li:nth-child(5)&quot; ],
      &quot;impact&quot; : null,
      &quot;any&quot; : [ {
        &quot;id&quot; : &quot;region&quot;,
        &quot;impact&quot; : &quot;moderate&quot;,
        &quot;message&quot; : &quot;All page content is contained by landmarks&quot;,
        &quot;data&quot; : {
          &quot;isIframe&quot; : false
        },
        &quot;relatedNodes&quot; : [ ]
      } ],
      &quot;all&quot; : [ ],
      &quot;none&quot; : [ ],
      &quot;failureSummary&quot; : null
    }, {
      &quot;html&quot; : &quot;&lt;a class=\&quot;link\&quot; href=\&quot;mars2.html?a=mars_map\&quot;&gt;Mars Map&lt;/a&gt;&quot;,
      &quot;target&quot; : [ &quot;a[href=\&quot;mars2.html?a=mars_map\&quot;]&quot; ],
      &quot;impact&quot; : null,
      &quot;any&quot; : [ {
        &quot;id&quot; : &quot;region&quot;,
        &quot;impact&quot; : &quot;moderate&quot;,
        &quot;message&quot; : &quot;All page content is contained by landmarks&quot;,
        &quot;data&quot; : {
          &quot;isIframe&quot; : false
        },
        &quot;relatedNodes&quot; : [ ]
      } ],
      &quot;all&quot; : [ ],
      &quot;none&quot; : [ ],
      &quot;failureSummary&quot; : null
    }, {
      &quot;html&quot; : &quot;&lt;div class=\&quot;span4 pull-right\&quot;&gt;&quot;,
      &quot;target&quot; : [ &quot;.span4&quot; ],
      &quot;impact&quot; : null,
      &quot;any&quot; : [ {
        &quot;id&quot; : &quot;region&quot;,
        &quot;impact&quot; : &quot;moderate&quot;,
        &quot;message&quot; : &quot;All page content is contained by landmarks&quot;,
        &quot;data&quot; : {
          &quot;isIframe&quot; : false
        },
        &quot;relatedNodes&quot; : [ ]
      } ],
      &quot;all&quot; : [ ],
      &quot;none&quot; : [ ],
      &quot;failureSummary&quot; : null
    }, {
      &quot;html&quot; : &quot;&lt;nav id=\&quot;main-sub-nav\&quot; class=\&quot;pull-right\&quot;&gt;&quot;,
      &quot;target&quot; : [ &quot;#main-sub-nav&quot; ],
      &quot;impact&quot; : null,
      &quot;any&quot; : [ {
        &quot;id&quot; : &quot;region&quot;,
        &quot;impact&quot; : &quot;moderate&quot;,
        &quot;message&quot; : &quot;All page content is contained by landmarks&quot;,
        &quot;data&quot; : {
          &quot;isIframe&quot; : false
        },
        &quot;relatedNodes&quot; : [ ]
      } ],
      &quot;all&quot; : [ ],
      &quot;none&quot; : [ ],
      &quot;failureSummary&quot; : null
    }, {
      &quot;html&quot; : &quot;&lt;ul&gt;&quot;,
      &quot;target&quot; : [ &quot;#main-sub-nav &gt; ul&quot; ],
      &quot;impact&quot; : null,
      &quot;any&quot; : [ {
        &quot;id&quot; : &quot;region&quot;,
        &quot;impact&quot; : &quot;moderate&quot;,
        &quot;message&quot; : &quot;All page content is contained by landmarks&quot;,
        &quot;data&quot; : {
          &quot;isIframe&quot; : false
        },
        &quot;relatedNodes&quot; : [ ]
      } ],
      &quot;all&quot; : [ ],
      &quot;none&quot; : [ ],
      &quot;failureSummary&quot; : null
    }, {
      &quot;html&quot; : &quot;&lt;li&gt;&lt;a class=\&quot;link\&quot; href=\&quot;mars2.html?a=rockets\&quot;&gt;Rockets&lt;/a&gt;&lt;/li&gt;&quot;,
      &quot;target&quot; : [ &quot;#main-sub-nav &gt; ul &gt; li:nth-child(1)&quot; ],
      &quot;impact&quot; : null,
      &quot;any&quot; : [ {
        &quot;id&quot; : &quot;region&quot;,
        &quot;impact&quot; : &quot;moderate&quot;,
        &quot;message&quot; : &quot;All page content is contained by landmarks&quot;,
        &quot;data&quot; : {
          &quot;isIframe&quot; : false
        },
        &quot;relatedNodes&quot; : [ ]
      } ],
      &quot;all&quot; : [ ],
      &quot;none&quot; : [ ],
      &quot;failureSummary&quot; : null
    }, {
      &quot;html&quot; : &quot;&lt;a class=\&quot;link\&quot; href=\&quot;mars2.html?a=rockets\&quot;&gt;Rockets&lt;/a&gt;&quot;,
      &quot;target&quot; : [ &quot;a[href=\&quot;mars2.html?a=rockets\&quot;]&quot; ],
      &quot;impact&quot; : null,
      &quot;any&quot; : [ {
        &quot;id&quot; : &quot;region&quot;,
        &quot;impact&quot; : &quot;moderate&quot;,
        &quot;message&quot; : &quot;All page content is contained by landmarks&quot;,
        &quot;data&quot; : {
          &quot;isIframe&quot; : false
        },
        &quot;relatedNodes&quot; : [ ]
      } ],
      &quot;all&quot; : [ ],
      &quot;none&quot; : [ ],
      &quot;failureSummary&quot; : null
    }, {
      &quot;html&quot; : &quot;&lt;li&gt;&lt;a class=\&quot;link\&quot; href=\&quot;mars2.html?a=deals\&quot;&gt;Deals&lt;/a&gt;&lt;/li&gt;&quot;,
      &quot;target&quot; : [ &quot;#main-sub-nav &gt; ul &gt; li:nth-child(2)&quot; ],
      &quot;impact&quot; : null,
      &quot;any&quot; : [ {
        &quot;id&quot; : &quot;region&quot;,
        &quot;impact&quot; : &quot;moderate&quot;,
        &quot;message&quot; : &quot;All page content is contained by landmarks&quot;,
        &quot;data&quot; : {
          &quot;isIframe&quot; : false
        },
        &quot;relatedNodes&quot; : [ ]
      } ],
      &quot;all&quot; : [ ],
      &quot;none&quot; : [ ],
      &quot;failureSummary&quot; : null
    }, {
      &quot;html&quot; : &quot;&lt;a class=\&quot;link\&quot; href=\&quot;mars2.html?a=deals\&quot;&gt;Deals&lt;/a&gt;&quot;,
      &quot;target&quot; : [ &quot;a[href=\&quot;mars2.html?a=deals\&quot;]&quot; ],
      &quot;impact&quot; : null,
      &quot;any&quot; : [ {
        &quot;id&quot; : &quot;region&quot;,
        &quot;impact&quot; : &quot;moderate&quot;,
        &quot;message&quot; : &quot;All page content is contained by landmarks&quot;,
        &quot;data&quot; : {
          &quot;isIframe&quot; : false
        },
        &quot;relatedNodes&quot; : [ ]
      } ],
      &quot;all&quot; : [ ],
      &quot;none&quot; : [ ],
      &quot;failureSummary&quot; : null
    }, {
      &quot;html&quot; : &quot;&lt;li&gt;&lt;a class=\&quot;link\&quot; href=\&quot;mars2.html?a=groups\&quot;&gt;Groups&lt;/a&gt;&lt;/li&gt;&quot;,
      &quot;target&quot; : [ &quot;#main-sub-nav &gt; ul &gt; li:nth-child(3)&quot; ],
      &quot;impact&quot; : null,
      &quot;any&quot; : [ {
        &quot;id&quot; : &quot;region&quot;,
        &quot;impact&quot; : &quot;moderate&quot;,
        &quot;message&quot; : &quot;All page content is contained by landmarks&quot;,
        &quot;data&quot; : {
          &quot;isIframe&quot; : false
        },
        &quot;relatedNodes&quot; : [ ]
      } ],
      &quot;all&quot; : [ ],
      &quot;none&quot; : [ ],
      &quot;failureSummary&quot; : null
    }, {
      &quot;html&quot; : &quot;&lt;a class=\&quot;link\&quot; href=\&quot;mars2.html?a=groups\&quot;&gt;Groups&lt;/a&gt;&quot;,
      &quot;target&quot; : [ &quot;a[href=\&quot;mars2.html?a=groups\&quot;]&quot; ],
      &quot;impact&quot; : null,
      &quot;any&quot; : [ {
        &quot;id&quot; : &quot;region&quot;,
        &quot;impact&quot; : &quot;moderate&quot;,
        &quot;message&quot; : &quot;All page content is contained by landmarks&quot;,
        &quot;data&quot; : {
          &quot;isIframe&quot; : false
        },
        &quot;relatedNodes&quot; : [ ]
      } ],
      &quot;all&quot; : [ ],
      &quot;none&quot; : [ ],
      &quot;failureSummary&quot; : null
    }, {
      &quot;html&quot; : &quot;&lt;li&gt;&lt;a class=\&quot;link\&quot; href=\&quot;mars2.html?a=about_us\&quot;&gt;About Us&lt;/a&gt;&lt;/li&gt;&quot;,
      &quot;target&quot; : [ &quot;#main-sub-nav &gt; ul &gt; li:nth-child(4)&quot; ],
      &quot;impact&quot; : null,
      &quot;any&quot; : [ {
        &quot;id&quot; : &quot;region&quot;,
        &quot;impact&quot; : &quot;moderate&quot;,
        &quot;message&quot; : &quot;All page content is contained by landmarks&quot;,
        &quot;data&quot; : {
          &quot;isIframe&quot; : false
        },
        &quot;relatedNodes&quot; : [ ]
      } ],
      &quot;all&quot; : [ ],
      &quot;none&quot; : [ ],
      &quot;failureSummary&quot; : null
    }, {
      &quot;html&quot; : &quot;&lt;a class=\&quot;link\&quot; href=\&quot;mars2.html?a=about_us\&quot;&gt;About Us&lt;/a&gt;&quot;,
      &quot;target&quot; : [ &quot;.link[href=\&quot;mars2.html?a=about_us\&quot;]&quot; ],
      &quot;impact&quot; : null,
      &quot;any&quot; : [ {
        &quot;id&quot; : &quot;region&quot;,
        &quot;impact&quot; : &quot;moderate&quot;,
        &quot;message&quot; : &quot;All page content is contained by landmarks&quot;,
        &quot;data&quot; : {
          &quot;isIframe&quot; : false
        },
        &quot;relatedNodes&quot; : [ ]
      } ],
      &quot;all&quot; : [ ],
      &quot;none&quot; : [ ],
      &quot;failureSummary&quot; : null
    }, {
      &quot;html&quot; : &quot;&lt;li&gt;&lt;a class=\&quot;link\&quot; href=\&quot;mars2.html?a=help\&quot;&gt;Help!&lt;/a&gt;&lt;/li&gt;&quot;,
      &quot;target&quot; : [ &quot;#main-sub-nav &gt; ul &gt; li:nth-child(5)&quot; ],
      &quot;impact&quot; : null,
      &quot;any&quot; : [ {
        &quot;id&quot; : &quot;region&quot;,
        &quot;impact&quot; : &quot;moderate&quot;,
        &quot;message&quot; : &quot;All page content is contained by landmarks&quot;,
        &quot;data&quot; : {
          &quot;isIframe&quot; : false
        },
        &quot;relatedNodes&quot; : [ ]
      } ],
      &quot;all&quot; : [ ],
      &quot;none&quot; : [ ],
      &quot;failureSummary&quot; : null
    }, {
      &quot;html&quot; : &quot;&lt;a class=\&quot;link\&quot; href=\&quot;mars2.html?a=help\&quot;&gt;Help!&lt;/a&gt;&quot;,
      &quot;target&quot; : [ &quot;.link[href=\&quot;mars2.html?a=help\&quot;]&quot; ],
      &quot;impact&quot; : null,
      &quot;any&quot; : [ {
        &quot;id&quot; : &quot;region&quot;,
        &quot;impact&quot; : &quot;moderate&quot;,
        &quot;message&quot; : &quot;All page content is contained by landmarks&quot;,
        &quot;data&quot; : {
          &quot;isIframe&quot; : false
        },
        &quot;relatedNodes&quot; : [ ]
      } ],
      &quot;all&quot; : [ ],
      &quot;none&quot; : [ ],
      &quot;failureSummary&quot; : null
    }, {
      &quot;html&quot; : &quot;&lt;section id=\&quot;content\&quot; class=\&quot;container\&quot;&gt;&quot;,
      &quot;target&quot; : [ &quot;#content&quot; ],
      &quot;impact&quot; : null,
      &quot;any&quot; : [ {
        &quot;id&quot; : &quot;region&quot;,
        &quot;impact&quot; : &quot;moderate&quot;,
        &quot;message&quot; : &quot;All page content is contained by landmarks&quot;,
        &quot;data&quot; : {
          &quot;isIframe&quot; : false
        },
        &quot;relatedNodes&quot; : [ ]
      } ],
      &quot;all&quot; : [ ],
      &quot;none&quot; : [ ],
      &quot;failureSummary&quot; : null
    }, {
      &quot;html&quot; : &quot;&lt;div class=\&quot;vertical-space\&quot;&gt;&lt;/div&gt;&quot;,
      &quot;target&quot; : [ &quot;.vertical-space&quot; ],
      &quot;impact&quot; : null,
      &quot;any&quot; : [ {
        &quot;id&quot; : &quot;region&quot;,
        &quot;impact&quot; : &quot;moderate&quot;,
        &quot;message&quot; : &quot;All page content is contained by landmarks&quot;,
        &quot;data&quot; : {
          &quot;isIframe&quot; : false
        },
        &quot;relatedNodes&quot; : [ ]
      } ],
      &quot;all&quot; : [ ],
      &quot;none&quot; : [ ],
      &quot;failureSummary&quot; : null
    }, {
      &quot;html&quot; : &quot;&lt;div id=\&quot;vap-section\&quot;&gt;\n&lt;h1 style=\&quot;color:#eee;\&quot;&gt;Destination Mars &lt;/h1&gt;\n&lt;h2 style=\&quot;color:#acbad0;\&quot;&gt;A trip to Mars starts in your imagination. Are you bold enough, brave enough, &lt;strong&gt;foolish enough?&lt;/strong&gt; We are. You belong on Mars with fools like us. Most of us don&#039;t bite. Much.&lt;/h2&gt;&lt;/div&gt;&quot;,
      &quot;target&quot; : [ &quot;#left-column &gt; div:nth-child(1)&quot; ],
      &quot;impact&quot; : null,
      &quot;any&quot; : [ {
        &quot;id&quot; : &quot;region&quot;,
        &quot;impact&quot; : &quot;moderate&quot;,
        &quot;message&quot; : &quot;All page content is contained by landmarks&quot;,
        &quot;data&quot; : {
          &quot;isIframe&quot; : false
        },
        &quot;relatedNodes&quot; : [ ]
      } ],
      &quot;all&quot; : [ ],
      &quot;none&quot; : [ ],
      &quot;failureSummary&quot; : null
    }, {
      &quot;html&quot; : &quot;&lt;h1 style=\&quot;color:#eee;\&quot;&gt;Destination Mars &lt;/h1&gt;&quot;,
      &quot;target&quot; : [ &quot;h1&quot; ],
      &quot;impact&quot; : null,
      &quot;any&quot; : [ {
        &quot;id&quot; : &quot;region&quot;,
        &quot;impact&quot; : &quot;moderate&quot;,
        &quot;message&quot; : &quot;All page content is contained by landmarks&quot;,
        &quot;data&quot; : {
          &quot;isIframe&quot; : false
        },
        &quot;relatedNodes&quot; : [ ]
      } ],
      &quot;all&quot; : [ ],
      &quot;none&quot; : [ ],
      &quot;failureSummary&quot; : null
    }, {
      &quot;html&quot; : &quot;&lt;h2 style=\&quot;color:#acbad0;\&quot;&gt;A trip to Mars starts in your imagination. Are you bold enough, brave enough, &lt;strong&gt;foolish enough?&lt;/strong&gt; We are. You belong on Mars with fools like us. Most of us don&#039;t bite. Much.&lt;/h2&gt;&quot;,
      &quot;target&quot; : [ &quot;h2&quot; ],
      &quot;impact&quot; : null,
      &quot;any&quot; : [ {
        &quot;id&quot; : &quot;region&quot;,
        &quot;impact&quot; : &quot;moderate&quot;,
        &quot;message&quot; : &quot;All page content is contained by landmarks&quot;,
        &quot;data&quot; : {
          &quot;isIframe&quot; : false
        },
        &quot;relatedNodes&quot; : [ ]
      } ],
      &quot;all&quot; : [ ],
      &quot;none&quot; : [ ],
      &quot;failureSummary&quot; : null
    }, {
      &quot;html&quot; : &quot;&lt;strong&gt;foolish enough?&lt;/strong&gt;&quot;,
      &quot;target&quot; : [ &quot;strong&quot; ],
      &quot;impact&quot; : null,
      &quot;any&quot; : [ {
        &quot;id&quot; : &quot;region&quot;,
        &quot;impact&quot; : &quot;moderate&quot;,
        &quot;message&quot; : &quot;All page content is contained by landmarks&quot;,
        &quot;data&quot; : {
          &quot;isIframe&quot; : false
        },
        &quot;relatedNodes&quot; : [ ]
      } ],
      &quot;all&quot; : [ ],
      &quot;none&quot; : [ ],
      &quot;failureSummary&quot; : null
    }, {
      &quot;html&quot; : &quot;&lt;div id=\&quot;vap-section\&quot;&gt;&quot;,
      &quot;target&quot; : [ &quot;#left-column &gt; div:nth-child(2)&quot; ],
      &quot;impact&quot; : null,
      &quot;any&quot; : [ {
        &quot;id&quot; : &quot;region&quot;,
        &quot;impact&quot; : &quot;moderate&quot;,
        &quot;message&quot; : &quot;All page content is contained by landmarks&quot;,
        &quot;data&quot; : {
          &quot;isIframe&quot; : false
        },
        &quot;relatedNodes&quot; : [ ]
      } ],
      &quot;all&quot; : [ ],
      &quot;none&quot; : [ ],
      &quot;failureSummary&quot; : null
    }, {
      &quot;html&quot; : &quot;&lt;div class=\&quot;span2-5 vap-col left-first\&quot; id=\&quot;vap-plan\&quot;&gt;&quot;,
      &quot;target&quot; : [ &quot;#vap-plan&quot; ],
      &quot;impact&quot; : null,
      &quot;any&quot; : [ {
        &quot;id&quot; : &quot;region&quot;,
        &quot;impact&quot; : &quot;moderate&quot;,
        &quot;message&quot; : &quot;All page content is contained by landmarks&quot;,
        &quot;data&quot; : {
          &quot;isIframe&quot; : false
        },
        &quot;relatedNodes&quot; : [ ]
      } ],
      &quot;all&quot; : [ ],
      &quot;none&quot; : [ ],
      &quot;failureSummary&quot; : null
    }, {
      &quot;html&quot; : &quot;&lt;a href=\&quot;mars2.html?a=be_bold\&quot;&gt;\n                &lt;h3&gt;Be Bold...&lt;/h3&gt;\n                &lt;i class=\&quot;icon-vap-plan\&quot;&gt;&lt;/i&gt;\n              &lt;/a&gt;&quot;,
      &quot;target&quot; : [ &quot;a[href=\&quot;mars2.html?a=be_bold\&quot;]&quot; ],
      &quot;impact&quot; : null,
      &quot;any&quot; : [ {
        &quot;id&quot; : &quot;region&quot;,
        &quot;impact&quot; : &quot;moderate&quot;,
        &quot;message&quot; : &quot;All page content is contained by landmarks&quot;,
        &quot;data&quot; : {
          &quot;isIframe&quot; : false
        },
        &quot;relatedNodes&quot; : [ ]
      } ],
      &quot;all&quot; : [ ],
      &quot;none&quot; : [ ],
      &quot;failureSummary&quot; : null
    }, {
      &quot;html&quot; : &quot;&lt;h3&gt;Be Bold...&lt;/h3&gt;&quot;,
      &quot;target&quot; : [ &quot;a[href=\&quot;mars2.html?a=be_bold\&quot;] &gt; h3&quot; ],
      &quot;impact&quot; : null,
      &quot;any&quot; : [ {
        &quot;id&quot; : &quot;region&quot;,
        &quot;impact&quot; : &quot;moderate&quot;,
        &quot;message&quot; : &quot;All page content is contained by landmarks&quot;,
        &quot;data&quot; : {
          &quot;isIframe&quot; : false
        },
        &quot;relatedNodes&quot; : [ ]
      } ],
      &quot;all&quot; : [ ],
      &quot;none&quot; : [ ],
      &quot;failureSummary&quot; : null
    }, {
      &quot;html&quot; : &quot;&lt;i class=\&quot;icon-vap-plan\&quot;&gt;&lt;/i&gt;&quot;,
      &quot;target&quot; : [ &quot;.icon-vap-plan&quot; ],
      &quot;impact&quot; : null,
      &quot;any&quot; : [ {
        &quot;id&quot; : &quot;region&quot;,
        &quot;impact&quot; : &quot;moderate&quot;,
        &quot;message&quot; : &quot;All page content is contained by landmarks&quot;,
        &quot;data&quot; : {
          &quot;isIframe&quot; : false
        },
        &quot;relatedNodes&quot; : [ ]
      } ],
      &quot;all&quot; : [ ],
      &quot;none&quot; : [ ],
      &quot;failureSummary&quot; : null
    }, {
      &quot;html&quot; : &quot;&lt;p&gt;&lt;/p&gt;&quot;,
      &quot;target&quot; : [ &quot;#vap-plan &gt; p:nth-child(2)&quot; ],
      &quot;impact&quot; : null,
      &quot;any&quot; : [ {
        &quot;id&quot; : &quot;region&quot;,
        &quot;impact&quot; : &quot;moderate&quot;,
        &quot;message&quot; : &quot;All page content is contained by landmarks&quot;,
        &quot;data&quot; : {
          &quot;isIframe&quot; : false
        },
        &quot;relatedNodes&quot; : [ ]
      } ],
      &quot;all&quot; : [ ],
      &quot;none&quot; : [ ],
      &quot;failureSummary&quot; : null
    }, {
      &quot;html&quot; : &quot;&lt;p&gt;Step out of your comfort zone, and into a rocket with enough fuel to blast a Manhattan-sized crater if it explodes. But it won&#039;t. Probably.&lt;br&gt;\n&amp;nbsp; &lt;/p&gt;&quot;,
      &quot;target&quot; : [ &quot;#vap-plan &gt; p:nth-child(3)&quot; ],
      &quot;impact&quot; : null,
      &quot;any&quot; : [ {
        &quot;id&quot; : &quot;region&quot;,
        &quot;impact&quot; : &quot;moderate&quot;,
        &quot;message&quot; : &quot;All page content is contained by landmarks&quot;,
        &quot;data&quot; : {
          &quot;isIframe&quot; : false
        },
        &quot;relatedNodes&quot; : [ ]
      } ],
      &quot;all&quot; : [ ],
      &quot;none&quot; : [ ],
      &quot;failureSummary&quot; : null
    }, {
      &quot;html&quot; : &quot;&lt;br&gt;&quot;,
      &quot;target&quot; : [ &quot;#vap-plan &gt; p:nth-child(3) &gt; br&quot; ],
      &quot;impact&quot; : null,
      &quot;any&quot; : [ {
        &quot;id&quot; : &quot;region&quot;,
        &quot;impact&quot; : &quot;moderate&quot;,
        &quot;message&quot; : &quot;All page content is contained by landmarks&quot;,
        &quot;data&quot; : {
          &quot;isIframe&quot; : false
        },
        &quot;relatedNodes&quot; : [ ]
      } ],
      &quot;all&quot; : [ ],
      &quot;none&quot; : [ ],
      &quot;failureSummary&quot; : null
    }, {
      &quot;html&quot; : &quot;&lt;p&gt;&lt;/p&gt;&quot;,
      &quot;target&quot; : [ &quot;#vap-plan &gt; p:nth-child(4)&quot; ],
      &quot;impact&quot; : null,
      &quot;any&quot; : [ {
        &quot;id&quot; : &quot;region&quot;,
        &quot;impact&quot; : &quot;moderate&quot;,
        &quot;message&quot; : &quot;All page content is contained by landmarks&quot;,
        &quot;data&quot; : {
          &quot;isIframe&quot; : false
        },
        &quot;relatedNodes&quot; : [ ]
      } ],
      &quot;all&quot; : [ ],
      &quot;none&quot; : [ ],
      &quot;failureSummary&quot; : null
    }, {
      &quot;html&quot; : &quot;&lt;p&gt;&lt;/p&gt;&quot;,
      &quot;target&quot; : [ &quot;#vap-plan &gt; p:nth-child(5)&quot; ],
      &quot;impact&quot; : null,
      &quot;any&quot; : [ {
        &quot;id&quot; : &quot;region&quot;,
        &quot;impact&quot; : &quot;moderate&quot;,
        &quot;message&quot; : &quot;All page content is contained by landmarks&quot;,
        &quot;data&quot; : {
          &quot;isIframe&quot; : false
        },
        &quot;relatedNodes&quot; : [ ]
      } ],
      &quot;all&quot; : [ ],
      &quot;none&quot; : [ ],
      &quot;failureSummary&quot; : null
    }, {
      &quot;html&quot; : &quot;&lt;div class=\&quot;\&quot;&gt;&quot;,
      &quot;target&quot; : [ &quot;#vap-plan &gt; div&quot; ],
      &quot;impact&quot; : null,
      &quot;any&quot; : [ {
        &quot;id&quot; : &quot;region&quot;,
        &quot;impact&quot; : &quot;moderate&quot;,
        &quot;message&quot; : &quot;All page content is contained by landmarks&quot;,
        &quot;data&quot; : {
          &quot;isIframe&quot; : false
        },
        &quot;relatedNodes&quot; : [ ]
      } ],
      &quot;all&quot; : [ ],
      &quot;none&quot; : [ ],
      &quot;failureSummary&quot; : null
    }, {
      &quot;html&quot; : &quot;&lt;ul&gt;&quot;,
      &quot;target&quot; : [ &quot;#vap-plan &gt; div &gt; ul&quot; ],
      &quot;impact&quot; : null,
      &quot;any&quot; : [ {
        &quot;id&quot; : &quot;region&quot;,
        &quot;impact&quot; : &quot;moderate&quot;,
        &quot;message&quot; : &quot;All page content is contained by landmarks&quot;,
        &quot;data&quot; : {
          &quot;isIframe&quot; : false
        },
        &quot;relatedNodes&quot; : [ ]
      } ],
      &quot;all&quot; : [ ],
      &quot;none&quot; : [ ],
      &quot;failureSummary&quot; : null
    }, {
      &quot;html&quot; : &quot;&lt;li&gt;&lt;a class=\&quot;link\&quot; href=\&quot;mars2.html?a=why_marscommuter\&quot;&gt;\n                &lt;i class=\&quot;icon-plan-question\&quot;&gt;&lt;/i&gt;\n                &lt;span class=\&quot;link-text\&quot;&gt;Why MarsCommuter?&lt;/span&gt;\n              &lt;/a&gt;&lt;/li&gt;&quot;,
      &quot;target&quot; : [ &quot;#vap-plan &gt; div &gt; ul &gt; li:nth-child(1)&quot; ],
      &quot;impact&quot; : null,
      &quot;any&quot; : [ {
        &quot;id&quot; : &quot;region&quot;,
        &quot;impact&quot; : &quot;moderate&quot;,
        &quot;message&quot; : &quot;All page content is contained by landmarks&quot;,
        &quot;data&quot; : {
          &quot;isIframe&quot; : false
        },
        &quot;relatedNodes&quot; : [ ]
      } ],
      &quot;all&quot; : [ ],
      &quot;none&quot; : [ ],
      &quot;failureSummary&quot; : null
    }, {
      &quot;html&quot; : &quot;&lt;a class=\&quot;link\&quot; href=\&quot;mars2.html?a=why_marscommuter\&quot;&gt;\n                &lt;i class=\&quot;icon-plan-question\&quot;&gt;&lt;/i&gt;\n                &lt;span class=\&quot;link-text\&quot;&gt;Why MarsCommuter?&lt;/span&gt;\n              &lt;/a&gt;&quot;,
      &quot;target&quot; : [ &quot;a[href=\&quot;mars2.html?a=why_marscommuter\&quot;]&quot; ],
      &quot;impact&quot; : null,
      &quot;any&quot; : [ {
        &quot;id&quot; : &quot;region&quot;,
        &quot;impact&quot; : &quot;moderate&quot;,
        &quot;message&quot; : &quot;All page content is contained by landmarks&quot;,
        &quot;data&quot; : {
          &quot;isIframe&quot; : false
        },
        &quot;relatedNodes&quot; : [ ]
      } ],
      &quot;all&quot; : [ ],
      &quot;none&quot; : [ ],
      &quot;failureSummary&quot; : null
    }, {
      &quot;html&quot; : &quot;&lt;i class=\&quot;icon-plan-question\&quot;&gt;&lt;/i&gt;&quot;,
      &quot;target&quot; : [ &quot;.icon-plan-question&quot; ],
      &quot;impact&quot; : null,
      &quot;any&quot; : [ {
        &quot;id&quot; : &quot;region&quot;,
        &quot;impact&quot; : &quot;moderate&quot;,
        &quot;message&quot; : &quot;All page content is contained by landmarks&quot;,
        &quot;data&quot; : {
          &quot;isIframe&quot; : false
        },
        &quot;relatedNodes&quot; : [ ]
      } ],
      &quot;all&quot; : [ ],
      &quot;none&quot; : [ ],
      &quot;failureSummary&quot; : null
    }, {
      &quot;html&quot; : &quot;&lt;span class=\&quot;link-text\&quot;&gt;Why MarsCommuter?&lt;/span&gt;&quot;,
      &quot;target&quot; : [ &quot;a[href=\&quot;mars2.html?a=why_marscommuter\&quot;] &gt; .link-text&quot; ],
      &quot;impact&quot; : null,
      &quot;any&quot; : [ {
        &quot;id&quot; : &quot;region&quot;,
        &quot;impact&quot; : &quot;moderate&quot;,
        &quot;message&quot; : &quot;All page content is contained by landmarks&quot;,
        &quot;data&quot; : {
          &quot;isIframe&quot; : false
        },
        &quot;relatedNodes&quot; : [ ]
      } ],
      &quot;all&quot; : [ ],
      &quot;none&quot; : [ ],
      &quot;failureSummary&quot; : null
    }, {
      &quot;html&quot; : &quot;&lt;li&gt;&lt;a class=\&quot;link\&quot; href=\&quot;mars2.html?a=maps_and_guides\&quot;&gt;\n                &lt;i class=\&quot;icon-plan-101\&quot;&gt;&lt;/i&gt;\n                &lt;span class=\&quot;link-text\&quot;&gt;Maps &amp;amp; Guides&lt;/span&gt;\n              &lt;/a&gt;&lt;/li&gt;&quot;,
      &quot;target&quot; : [ &quot;#vap-plan &gt; div &gt; ul &gt; li:nth-child(2)&quot; ],
      &quot;impact&quot; : null,
      &quot;any&quot; : [ {
        &quot;id&quot; : &quot;region&quot;,
        &quot;impact&quot; : &quot;moderate&quot;,
        &quot;message&quot; : &quot;All page content is contained by landmarks&quot;,
        &quot;data&quot; : {
          &quot;isIframe&quot; : false
        },
        &quot;relatedNodes&quot; : [ ]
      } ],
      &quot;all&quot; : [ ],
      &quot;none&quot; : [ ],
      &quot;failureSummary&quot; : null
    }, {
      &quot;html&quot; : &quot;&lt;a class=\&quot;link\&quot; href=\&quot;mars2.html?a=maps_and_guides\&quot;&gt;\n                &lt;i class=\&quot;icon-plan-101\&quot;&gt;&lt;/i&gt;\n                &lt;span class=\&quot;link-text\&quot;&gt;Maps &amp;amp; Guides&lt;/span&gt;\n              &lt;/a&gt;&quot;,
      &quot;target&quot; : [ &quot;a[href=\&quot;mars2.html?a=maps_and_guides\&quot;]&quot; ],
      &quot;impact&quot; : null,
      &quot;any&quot; : [ {
        &quot;id&quot; : &quot;region&quot;,
        &quot;impact&quot; : &quot;moderate&quot;,
        &quot;message&quot; : &quot;All page content is contained by landmarks&quot;,
        &quot;data&quot; : {
          &quot;isIframe&quot; : false
        },
        &quot;relatedNodes&quot; : [ ]
      } ],
      &quot;all&quot; : [ ],
      &quot;none&quot; : [ ],
      &quot;failureSummary&quot; : null
    }, {
      &quot;html&quot; : &quot;&lt;i class=\&quot;icon-plan-101\&quot;&gt;&lt;/i&gt;&quot;,
      &quot;target&quot; : [ &quot;.icon-plan-101&quot; ],
      &quot;impact&quot; : null,
      &quot;any&quot; : [ {
        &quot;id&quot; : &quot;region&quot;,
        &quot;impact&quot; : &quot;moderate&quot;,
        &quot;message&quot; : &quot;All page content is contained by landmarks&quot;,
        &quot;data&quot; : {
          &quot;isIframe&quot; : false
        },
        &quot;relatedNodes&quot; : [ ]
      } ],
      &quot;all&quot; : [ ],
      &quot;none&quot; : [ ],
      &quot;failureSummary&quot; : null
    }, {
      &quot;html&quot; : &quot;&lt;span class=\&quot;link-text\&quot;&gt;Maps &amp;amp; Guides&lt;/span&gt;&quot;,
      &quot;target&quot; : [ &quot;a[href=\&quot;mars2.html?a=maps_and_guides\&quot;] &gt; .link-text&quot; ],
      &quot;impact&quot; : null,
      &quot;any&quot; : [ {
        &quot;id&quot; : &quot;region&quot;,
        &quot;impact&quot; : &quot;moderate&quot;,
        &quot;message&quot; : &quot;All page content is contained by landmarks&quot;,
        &quot;data&quot; : {
          &quot;isIframe&quot; : false
        },
        &quot;relatedNodes&quot; : [ ]
      } ],
      &quot;all&quot; : [ ],
      &quot;none&quot; : [ ],
      &quot;failureSummary&quot; : null
    }, {
      &quot;html&quot; : &quot;&lt;li&gt;&lt;a class=\&quot;link\&quot; href=\&quot;mars2.html?a=ticket_info\&quot;&gt;\n                &lt;i class=\&quot;icon-plan-pencil\&quot;&gt;&lt;/i&gt;\n                &lt;span class=\&quot;link-text\&quot;&gt;Ticket Info&lt;/span&gt;\n              &lt;/a&gt;&lt;/li&gt;&quot;,
      &quot;target&quot; : [ &quot;#vap-plan &gt; div &gt; ul &gt; li:nth-child(3)&quot; ],
      &quot;impact&quot; : null,
      &quot;any&quot; : [ {
        &quot;id&quot; : &quot;region&quot;,
        &quot;impact&quot; : &quot;moderate&quot;,
        &quot;message&quot; : &quot;All page content is contained by landmarks&quot;,
        &quot;data&quot; : {
          &quot;isIframe&quot; : false
        },
        &quot;relatedNodes&quot; : [ ]
      } ],
      &quot;all&quot; : [ ],
      &quot;none&quot; : [ ],
      &quot;failureSummary&quot; : null
    }, {
      &quot;html&quot; : &quot;&lt;a class=\&quot;link\&quot; href=\&quot;mars2.html?a=ticket_info\&quot;&gt;\n                &lt;i class=\&quot;icon-plan-pencil\&quot;&gt;&lt;/i&gt;\n                &lt;span class=\&quot;link-text\&quot;&gt;Ticket Info&lt;/span&gt;\n              &lt;/a&gt;&quot;,
      &quot;target&quot; : [ &quot;a[href=\&quot;mars2.html?a=ticket_info\&quot;]&quot; ],
      &quot;impact&quot; : null,
      &quot;any&quot; : [ {
        &quot;id&quot; : &quot;region&quot;,
        &quot;impact&quot; : &quot;moderate&quot;,
        &quot;message&quot; : &quot;All page content is contained by landmarks&quot;,
        &quot;data&quot; : {
          &quot;isIframe&quot; : false
        },
        &quot;relatedNodes&quot; : [ ]
      } ],
      &quot;all&quot; : [ ],
      &quot;none&quot; : [ ],
      &quot;failureSummary&quot; : null
    }, {
      &quot;html&quot; : &quot;&lt;i class=\&quot;icon-plan-pencil\&quot;&gt;&lt;/i&gt;&quot;,
      &quot;target&quot; : [ &quot;.icon-plan-pencil&quot; ],
      &quot;impact&quot; : null,
      &quot;any&quot; : [ {
        &quot;id&quot; : &quot;region&quot;,
        &quot;impact&quot; : &quot;moderate&quot;,
        &quot;message&quot; : &quot;All page content is contained by landmarks&quot;,
        &quot;data&quot; : {
          &quot;isIframe&quot; : false
        },
        &quot;relatedNodes&quot; : [ ]
      } ],
      &quot;all&quot; : [ ],
      &quot;none&quot; : [ ],
      &quot;failureSummary&quot; : null
    }, {
      &quot;html&quot; : &quot;&lt;span class=\&quot;link-text\&quot;&gt;Ticket Info&lt;/span&gt;&quot;,
      &quot;target&quot; : [ &quot;a[href=\&quot;mars2.html?a=ticket_info\&quot;] &gt; .link-text&quot; ],
      &quot;impact&quot; : null,
      &quot;any&quot; : [ {
        &quot;id&quot; : &quot;region&quot;,
        &quot;impact&quot; : &quot;moderate&quot;,
        &quot;message&quot; : &quot;All page content is contained by landmarks&quot;,
        &quot;data&quot; : {
          &quot;isIframe&quot; : false
        },
        &quot;relatedNodes&quot; : [ ]
      } ],
      &quot;all&quot; : [ ],
      &quot;none&quot; : [ ],
      &quot;failureSummary&quot; : null
    }, {
      &quot;html&quot; : &quot;&lt;p&gt;&lt;/p&gt;&quot;,
      &quot;target&quot; : [ &quot;#vap-plan &gt; p:nth-child(7)&quot; ],
      &quot;impact&quot; : null,
      &quot;any&quot; : [ {
        &quot;id&quot; : &quot;region&quot;,
        &quot;impact&quot; : &quot;moderate&quot;,
        &quot;message&quot; : &quot;All page content is contained by landmarks&quot;,
        &quot;data&quot; : {
          &quot;isIframe&quot; : false
        },
        &quot;relatedNodes&quot; : [ ]
      } ],
      &quot;all&quot; : [ ],
      &quot;none&quot; : [ ],
      &quot;failureSummary&quot; : null
    }, {
      &quot;html&quot; : &quot;&lt;div class=\&quot;span2-5 vap-col\&quot; id=\&quot;vap-book\&quot;&gt;&quot;,
      &quot;target&quot; : [ &quot;#vap-book&quot; ],
      &quot;impact&quot; : null,
      &quot;any&quot; : [ {
        &quot;id&quot; : &quot;region&quot;,
        &quot;impact&quot; : &quot;moderate&quot;,
        &quot;message&quot; : &quot;All page content is contained by landmarks&quot;,
        &quot;data&quot; : {
          &quot;isIframe&quot; : false
        },
        &quot;relatedNodes&quot; : [ ]
      } ],
      &quot;all&quot; : [ ],
      &quot;none&quot; : [ ],
      &quot;failureSummary&quot; : null
    }, {
      &quot;html&quot; : &quot;&lt;a href=\&quot;mars2.html?a=countdown\&quot;&gt;\n                &lt;h3&gt;Countdown...&lt;/h3&gt;\n                &lt;i class=\&quot;icon-vap-book\&quot;&gt;&lt;/i&gt;\n              &lt;/a&gt;&quot;,
      &quot;target&quot; : [ &quot;a[href=\&quot;mars2.html?a=countdown\&quot;]&quot; ],
      &quot;impact&quot; : null,
      &quot;any&quot; : [ {
        &quot;id&quot; : &quot;region&quot;,
        &quot;impact&quot; : &quot;moderate&quot;,
        &quot;message&quot; : &quot;All page content is contained by landmarks&quot;,
        &quot;data&quot; : {
          &quot;isIframe&quot; : false
        },
        &quot;relatedNodes&quot; : [ ]
      } ],
      &quot;all&quot; : [ ],
      &quot;none&quot; : [ ],
      &quot;failureSummary&quot; : null
    }, {
      &quot;html&quot; : &quot;&lt;h3&gt;Countdown...&lt;/h3&gt;&quot;,
      &quot;target&quot; : [ &quot;a[href=\&quot;mars2.html?a=countdown\&quot;] &gt; h3&quot; ],
      &quot;impact&quot; : null,
      &quot;any&quot; : [ {
        &quot;id&quot; : &quot;region&quot;,
        &quot;impact&quot; : &quot;moderate&quot;,
        &quot;message&quot; : &quot;All page content is contained by landmarks&quot;,
        &quot;data&quot; : {
          &quot;isIframe&quot; : false
        },
        &quot;relatedNodes&quot; : [ ]
      } ],
      &quot;all&quot; : [ ],
      &quot;none&quot; : [ ],
      &quot;failureSummary&quot; : null
    }, {
      &quot;html&quot; : &quot;&lt;i class=\&quot;icon-vap-book\&quot;&gt;&lt;/i&gt;&quot;,
      &quot;target&quot; : [ &quot;.icon-vap-book&quot; ],
      &quot;impact&quot; : null,
      &quot;any&quot; : [ {
        &quot;id&quot; : &quot;region&quot;,
        &quot;impact&quot; : &quot;moderate&quot;,
        &quot;message&quot; : &quot;All page content is contained by landmarks&quot;,
        &quot;data&quot; : {
          &quot;isIframe&quot; : false
        },
        &quot;relatedNodes&quot; : [ ]
      } ],
      &quot;all&quot; : [ ],
      &quot;none&quot; : [ ],
      &quot;failureSummary&quot; : null
    }, {
      &quot;html&quot; : &quot;&lt;p&gt;&lt;/p&gt;&quot;,
      &quot;target&quot; : [ &quot;#vap-book &gt; p:nth-child(2)&quot; ],
      &quot;impact&quot; : null,
      &quot;any&quot; : [ {
        &quot;id&quot; : &quot;region&quot;,
        &quot;impact&quot; : &quot;moderate&quot;,
        &quot;message&quot; : &quot;All page content is contained by landmarks&quot;,
        &quot;data&quot; : {
          &quot;isIframe&quot; : false
        },
        &quot;relatedNodes&quot; : [ ]
      } ],
      &quot;all&quot; : [ ],
      &quot;none&quot; : [ ],
      &quot;failureSummary&quot; : null
    }, {
      &quot;html&quot; : &quot;&lt;p&gt;If you&#039;re serious about traveling to Mars - really serious - then &lt;a href=\&quot;mars2.html?a=last_will\&quot;&gt;prepare your last will and testament&lt;/a&gt;, and book a trip! &lt;/p&gt;&quot;,
      &quot;target&quot; : [ &quot;#vap-book &gt; p:nth-child(3)&quot; ],
      &quot;impact&quot; : null,
      &quot;any&quot; : [ {
        &quot;id&quot; : &quot;region&quot;,
        &quot;impact&quot; : &quot;moderate&quot;,
        &quot;message&quot; : &quot;All page content is contained by landmarks&quot;,
        &quot;data&quot; : {
          &quot;isIframe&quot; : false
        },
        &quot;relatedNodes&quot; : [ ]
      } ],
      &quot;all&quot; : [ ],
      &quot;none&quot; : [ ],
      &quot;failureSummary&quot; : null
    }, {
      &quot;html&quot; : &quot;&lt;a href=\&quot;mars2.html?a=last_will\&quot;&gt;prepare your last will and testament&lt;/a&gt;&quot;,
      &quot;target&quot; : [ &quot;a[href=\&quot;mars2.html?a=last_will\&quot;]&quot; ],
      &quot;impact&quot; : null,
      &quot;any&quot; : [ {
        &quot;id&quot; : &quot;region&quot;,
        &quot;impact&quot; : &quot;moderate&quot;,
        &quot;message&quot; : &quot;All page content is contained by landmarks&quot;,
        &quot;data&quot; : {
          &quot;isIframe&quot; : false
        },
        &quot;relatedNodes&quot; : [ ]
      } ],
      &quot;all&quot; : [ ],
      &quot;none&quot; : [ ],
      &quot;failureSummary&quot; : null
    }, {
      &quot;html&quot; : &quot;&lt;p&gt;&lt;/p&gt;&quot;,
      &quot;target&quot; : [ &quot;#vap-book &gt; p:nth-child(4)&quot; ],
      &quot;impact&quot; : null,
      &quot;any&quot; : [ {
        &quot;id&quot; : &quot;region&quot;,
        &quot;impact&quot; : &quot;moderate&quot;,
        &quot;message&quot; : &quot;All page content is contained by landmarks&quot;,
        &quot;data&quot; : {
          &quot;isIframe&quot; : false
        },
        &quot;relatedNodes&quot; : [ ]
      } ],
      &quot;all&quot; : [ ],
      &quot;none&quot; : [ ],
      &quot;failureSummary&quot; : null
    }, {
      &quot;html&quot; : &quot;&lt;p&gt;&lt;/p&gt;&quot;,
      &quot;target&quot; : [ &quot;#vap-book &gt; p:nth-child(5)&quot; ],
      &quot;impact&quot; : null,
      &quot;any&quot; : [ {
        &quot;id&quot; : &quot;region&quot;,
        &quot;impact&quot; : &quot;moderate&quot;,
        &quot;message&quot; : &quot;All page content is contained by landmarks&quot;,
        &quot;data&quot; : {
          &quot;isIframe&quot; : false
        },
        &quot;relatedNodes&quot; : [ ]
      } ],
      &quot;all&quot; : [ ],
      &quot;none&quot; : [ ],
      &quot;failureSummary&quot; : null
    }, {
      &quot;html&quot; : &quot;&lt;div class=\&quot;\&quot;&gt;&quot;,
      &quot;target&quot; : [ &quot;#vap-book &gt; div&quot; ],
      &quot;impact&quot; : null,
      &quot;any&quot; : [ {
        &quot;id&quot; : &quot;region&quot;,
        &quot;impact&quot; : &quot;moderate&quot;,
        &quot;message&quot; : &quot;All page content is contained by landmarks&quot;,
        &quot;data&quot; : {
          &quot;isIframe&quot; : false
        },
        &quot;relatedNodes&quot; : [ ]
      } ],
      &quot;all&quot; : [ ],
      &quot;none&quot; : [ ],
      &quot;failureSummary&quot; : null
    }, {
      &quot;html&quot; : &quot;&lt;ul&gt;&quot;,
      &quot;target&quot; : [ &quot;#vap-book &gt; div &gt; ul&quot; ],
      &quot;impact&quot; : null,
      &quot;any&quot; : [ {
        &quot;id&quot; : &quot;region&quot;,
        &quot;impact&quot; : &quot;moderate&quot;,
        &quot;message&quot; : &quot;All page content is contained by landmarks&quot;,
        &quot;data&quot; : {
          &quot;isIframe&quot; : false
        },
        &quot;relatedNodes&quot; : [ ]
      } ],
      &quot;all&quot; : [ ],
      &quot;none&quot; : [ ],
      &quot;failureSummary&quot; : null
    }, {
      &quot;html&quot; : &quot;&lt;li&gt;&lt;a class=\&quot;link\&quot; href=\&quot;mars2.html?a=book_tickets\&quot;&gt;\n                &lt;i class=\&quot;icon-book-book\&quot;&gt;&lt;/i&gt;\n                &lt;span class=\&quot;link-text\&quot;&gt;Book Tickets &lt;/span&gt;\n              &lt;/a&gt;&lt;/li&gt;&quot;,
      &quot;target&quot; : [ &quot;#vap-book &gt; div &gt; ul &gt; li:nth-child(1)&quot; ],
      &quot;impact&quot; : null,
      &quot;any&quot; : [ {
        &quot;id&quot; : &quot;region&quot;,
        &quot;impact&quot; : &quot;moderate&quot;,
        &quot;message&quot; : &quot;All page content is contained by landmarks&quot;,
        &quot;data&quot; : {
          &quot;isIframe&quot; : false
        },
        &quot;relatedNodes&quot; : [ ]
      } ],
      &quot;all&quot; : [ ],
      &quot;none&quot; : [ ],
      &quot;failureSummary&quot; : null
    }, {
      &quot;html&quot; : &quot;&lt;a class=\&quot;link\&quot; href=\&quot;mars2.html?a=book_tickets\&quot;&gt;\n                &lt;i class=\&quot;icon-book-book\&quot;&gt;&lt;/i&gt;\n                &lt;span class=\&quot;link-text\&quot;&gt;Book Tickets &lt;/span&gt;\n              &lt;/a&gt;&quot;,
      &quot;target&quot; : [ &quot;a[href=\&quot;mars2.html?a=book_tickets\&quot;]&quot; ],
      &quot;impact&quot; : null,
      &quot;any&quot; : [ {
        &quot;id&quot; : &quot;region&quot;,
        &quot;impact&quot; : &quot;moderate&quot;,
        &quot;message&quot; : &quot;All page content is contained by landmarks&quot;,
        &quot;data&quot; : {
          &quot;isIframe&quot; : false
        },
        &quot;relatedNodes&quot; : [ ]
      } ],
      &quot;all&quot; : [ ],
      &quot;none&quot; : [ ],
      &quot;failureSummary&quot; : null
    }, {
      &quot;html&quot; : &quot;&lt;i class=\&quot;icon-book-book\&quot;&gt;&lt;/i&gt;&quot;,
      &quot;target&quot; : [ &quot;.icon-book-book&quot; ],
      &quot;impact&quot; : null,
      &quot;any&quot; : [ {
        &quot;id&quot; : &quot;region&quot;,
        &quot;impact&quot; : &quot;moderate&quot;,
        &quot;message&quot; : &quot;All page content is contained by landmarks&quot;,
        &quot;data&quot; : {
          &quot;isIframe&quot; : false
        },
        &quot;relatedNodes&quot; : [ ]
      } ],
      &quot;all&quot; : [ ],
      &quot;none&quot; : [ ],
      &quot;failureSummary&quot; : null
    }, {
      &quot;html&quot; : &quot;&lt;span class=\&quot;link-text\&quot;&gt;Book Tickets &lt;/span&gt;&quot;,
      &quot;target&quot; : [ &quot;a[href=\&quot;mars2.html?a=book_tickets\&quot;] &gt; .link-text&quot; ],
      &quot;impact&quot; : null,
      &quot;any&quot; : [ {
        &quot;id&quot; : &quot;region&quot;,
        &quot;impact&quot; : &quot;moderate&quot;,
        &quot;message&quot; : &quot;All page content is contained by landmarks&quot;,
        &quot;data&quot; : {
          &quot;isIframe&quot; : false
        },
        &quot;relatedNodes&quot; : [ ]
      } ],
      &quot;all&quot; : [ ],
      &quot;none&quot; : [ ],
      &quot;failureSummary&quot; : null
    }, {
      &quot;html&quot; : &quot;&lt;li&gt;&lt;a class=\&quot;link\&quot; href=\&quot;mars2.html?a=mars_passes\&quot;&gt;\n                &lt;i class=\&quot;icon-book-find\&quot;&gt;&lt;/i&gt;\n                &lt;span class=\&quot;link-text\&quot;&gt;Mars Passes&lt;/span&gt;\n              &lt;/a&gt;&lt;/li&gt;&quot;,
      &quot;target&quot; : [ &quot;#vap-book &gt; div &gt; ul &gt; li:nth-child(2)&quot; ],
      &quot;impact&quot; : null,
      &quot;any&quot; : [ {
        &quot;id&quot; : &quot;region&quot;,
        &quot;impact&quot; : &quot;moderate&quot;,
        &quot;message&quot; : &quot;All page content is contained by landmarks&quot;,
        &quot;data&quot; : {
          &quot;isIframe&quot; : false
        },
        &quot;relatedNodes&quot; : [ ]
      } ],
      &quot;all&quot; : [ ],
      &quot;none&quot; : [ ],
      &quot;failureSummary&quot; : null
    }, {
      &quot;html&quot; : &quot;&lt;a class=\&quot;link\&quot; href=\&quot;mars2.html?a=mars_passes\&quot;&gt;\n                &lt;i class=\&quot;icon-book-find\&quot;&gt;&lt;/i&gt;\n                &lt;span class=\&quot;link-text\&quot;&gt;Mars Passes&lt;/span&gt;\n              &lt;/a&gt;&quot;,
      &quot;target&quot; : [ &quot;a[href=\&quot;mars2.html?a=mars_passes\&quot;]&quot; ],
      &quot;impact&quot; : null,
      &quot;any&quot; : [ {
        &quot;id&quot; : &quot;region&quot;,
        &quot;impact&quot; : &quot;moderate&quot;,
        &quot;message&quot; : &quot;All page content is contained by landmarks&quot;,
        &quot;data&quot; : {
          &quot;isIframe&quot; : false
        },
        &quot;relatedNodes&quot; : [ ]
      } ],
      &quot;all&quot; : [ ],
      &quot;none&quot; : [ ],
      &quot;failureSummary&quot; : null
    }, {
      &quot;html&quot; : &quot;&lt;i class=\&quot;icon-book-find\&quot;&gt;&lt;/i&gt;&quot;,
      &quot;target&quot; : [ &quot;.icon-book-find&quot; ],
      &quot;impact&quot; : null,
      &quot;any&quot; : [ {
        &quot;id&quot; : &quot;region&quot;,
        &quot;impact&quot; : &quot;moderate&quot;,
        &quot;message&quot; : &quot;All page content is contained by landmarks&quot;,
        &quot;data&quot; : {
          &quot;isIframe&quot; : false
        },
        &quot;relatedNodes&quot; : [ ]
      } ],
      &quot;all&quot; : [ ],
      &quot;none&quot; : [ ],
      &quot;failureSummary&quot; : null
    }, {
      &quot;html&quot; : &quot;&lt;span class=\&quot;link-text\&quot;&gt;Mars Passes&lt;/span&gt;&quot;,
      &quot;target&quot; : [ &quot;a[href=\&quot;mars2.html?a=mars_passes\&quot;] &gt; .link-text&quot; ],
      &quot;impact&quot; : null,
      &quot;any&quot; : [ {
        &quot;id&quot; : &quot;region&quot;,
        &quot;impact&quot; : &quot;moderate&quot;,
        &quot;message&quot; : &quot;All page content is contained by landmarks&quot;,
        &quot;data&quot; : {
          &quot;isIframe&quot; : false
        },
        &quot;relatedNodes&quot; : [ ]
      } ],
      &quot;all&quot; : [ ],
      &quot;none&quot; : [ ],
      &quot;failureSummary&quot; : null
    }, {
      &quot;html&quot; : &quot;&lt;li&gt;&lt;a class=\&quot;link\&quot; href=\&quot;mars2.html?a=seek_counseling\&quot;&gt;\n                &lt;i class=\&quot;icon-book-reservation\&quot;&gt;&lt;/i&gt;\n                &lt;span class=\&quot;link-text\&quot;&gt;Seek counseling&lt;/span&gt;\n              &lt;/a&gt;&lt;/li&gt;&quot;,
      &quot;target&quot; : [ &quot;#vap-book &gt; div &gt; ul &gt; li:nth-child(3)&quot; ],
      &quot;impact&quot; : null,
      &quot;any&quot; : [ {
        &quot;id&quot; : &quot;region&quot;,
        &quot;impact&quot; : &quot;moderate&quot;,
        &quot;message&quot; : &quot;All page content is contained by landmarks&quot;,
        &quot;data&quot; : {
          &quot;isIframe&quot; : false
        },
        &quot;relatedNodes&quot; : [ ]
      } ],
      &quot;all&quot; : [ ],
      &quot;none&quot; : [ ],
      &quot;failureSummary&quot; : null
    }, {
      &quot;html&quot; : &quot;&lt;a class=\&quot;link\&quot; href=\&quot;mars2.html?a=seek_counseling\&quot;&gt;\n                &lt;i class=\&quot;icon-book-reservation\&quot;&gt;&lt;/i&gt;\n                &lt;span class=\&quot;link-text\&quot;&gt;Seek counseling&lt;/span&gt;\n              &lt;/a&gt;&quot;,
      &quot;target&quot; : [ &quot;a[href=\&quot;mars2.html?a=seek_counseling\&quot;]&quot; ],
      &quot;impact&quot; : null,
      &quot;any&quot; : [ {
        &quot;id&quot; : &quot;region&quot;,
        &quot;impact&quot; : &quot;moderate&quot;,
        &quot;message&quot; : &quot;All page content is contained by landmarks&quot;,
        &quot;data&quot; : {
          &quot;isIframe&quot; : false
        },
        &quot;relatedNodes&quot; : [ ]
      } ],
      &quot;all&quot; : [ ],
      &quot;none&quot; : [ ],
      &quot;failureSummary&quot; : null
    }, {
      &quot;html&quot; : &quot;&lt;i class=\&quot;icon-book-reservation\&quot;&gt;&lt;/i&gt;&quot;,
      &quot;target&quot; : [ &quot;.icon-book-reservation&quot; ],
      &quot;impact&quot; : null,
      &quot;any&quot; : [ {
        &quot;id&quot; : &quot;region&quot;,
        &quot;impact&quot; : &quot;moderate&quot;,
        &quot;message&quot; : &quot;All page content is contained by landmarks&quot;,
        &quot;data&quot; : {
          &quot;isIframe&quot; : false
        },
        &quot;relatedNodes&quot; : [ ]
      } ],
      &quot;all&quot; : [ ],
      &quot;none&quot; : [ ],
      &quot;failureSummary&quot; : null
    }, {
      &quot;html&quot; : &quot;&lt;span class=\&quot;link-text\&quot;&gt;Seek counseling&lt;/span&gt;&quot;,
      &quot;target&quot; : [ &quot;a[href=\&quot;mars2.html?a=seek_counseling\&quot;] &gt; .link-text&quot; ],
      &quot;impact&quot; : null,
      &quot;any&quot; : [ {
        &quot;id&quot; : &quot;region&quot;,
        &quot;impact&quot; : &quot;moderate&quot;,
        &quot;message&quot; : &quot;All page content is contained by landmarks&quot;,
        &quot;data&quot; : {
          &quot;isIframe&quot; : false
        },
        &quot;relatedNodes&quot; : [ ]
      } ],
      &quot;all&quot; : [ ],
      &quot;none&quot; : [ ],
      &quot;failureSummary&quot; : null
    }, {
      &quot;html&quot; : &quot;&lt;p&gt;&lt;/p&gt;&quot;,
      &quot;target&quot; : [ &quot;#vap-book &gt; p:nth-child(7)&quot; ],
      &quot;impact&quot; : null,
      &quot;any&quot; : [ {
        &quot;id&quot; : &quot;region&quot;,
        &quot;impact&quot; : &quot;moderate&quot;,
        &quot;message&quot; : &quot;All page content is contained by landmarks&quot;,
        &quot;data&quot; : {
          &quot;isIframe&quot; : false
        },
        &quot;relatedNodes&quot; : [ ]
      } ],
      &quot;all&quot; : [ ],
      &quot;none&quot; : [ ],
      &quot;failureSummary&quot; : null
    }, {
      &quot;html&quot; : &quot;&lt;div class=\&quot;span2-5 vap-col\&quot; id=\&quot;vap-travel\&quot;&gt;&quot;,
      &quot;target&quot; : [ &quot;#vap-travel&quot; ],
      &quot;impact&quot; : null,
      &quot;any&quot; : [ {
        &quot;id&quot; : &quot;region&quot;,
        &quot;impact&quot; : &quot;moderate&quot;,
        &quot;message&quot; : &quot;All page content is contained by landmarks&quot;,
        &quot;data&quot; : {
          &quot;isIframe&quot; : false
        },
        &quot;relatedNodes&quot; : [ ]
      } ],
      &quot;all&quot; : [ ],
      &quot;none&quot; : [ ],
      &quot;failureSummary&quot; : null
    }, {
      &quot;html&quot; : &quot;&lt;a href=\&quot;mars2.html?a=blast_off\&quot;&gt;\n                &lt;h3&gt;Blast Off!&lt;/h3&gt;\n                &lt;i class=\&quot;icon-vap-travel\&quot;&gt;&lt;/i&gt;\n              &lt;/a&gt;&quot;,
      &quot;target&quot; : [ &quot;a[href=\&quot;mars2.html?a=blast_off\&quot;]&quot; ],
      &quot;impact&quot; : null,
      &quot;any&quot; : [ {
        &quot;id&quot; : &quot;region&quot;,
        &quot;impact&quot; : &quot;moderate&quot;,
        &quot;message&quot; : &quot;All page content is contained by landmarks&quot;,
        &quot;data&quot; : {
          &quot;isIframe&quot; : false
        },
        &quot;relatedNodes&quot; : [ ]
      } ],
      &quot;all&quot; : [ ],
      &quot;none&quot; : [ ],
      &quot;failureSummary&quot; : null
    }, {
      &quot;html&quot; : &quot;&lt;h3&gt;Blast Off!&lt;/h3&gt;&quot;,
      &quot;target&quot; : [ &quot;a[href=\&quot;mars2.html?a=blast_off\&quot;] &gt; h3&quot; ],
      &quot;impact&quot; : null,
      &quot;any&quot; : [ {
        &quot;id&quot; : &quot;region&quot;,
        &quot;impact&quot; : &quot;moderate&quot;,
        &quot;message&quot; : &quot;All page content is contained by landmarks&quot;,
        &quot;data&quot; : {
          &quot;isIframe&quot; : false
        },
        &quot;relatedNodes&quot; : [ ]
      } ],
      &quot;all&quot; : [ ],
      &quot;none&quot; : [ ],
      &quot;failureSummary&quot; : null
    }, {
      &quot;html&quot; : &quot;&lt;i class=\&quot;icon-vap-travel\&quot;&gt;&lt;/i&gt;&quot;,
      &quot;target&quot; : [ &quot;.icon-vap-travel&quot; ],
      &quot;impact&quot; : null,
      &quot;any&quot; : [ {
        &quot;id&quot; : &quot;region&quot;,
        &quot;impact&quot; : &quot;moderate&quot;,
        &quot;message&quot; : &quot;All page content is contained by landmarks&quot;,
        &quot;data&quot; : {
          &quot;isIframe&quot; : false
        },
        &quot;relatedNodes&quot; : [ ]
      } ],
      &quot;all&quot; : [ ],
      &quot;none&quot; : [ ],
      &quot;failureSummary&quot; : null
    }, {
      &quot;html&quot; : &quot;&lt;p&gt;&lt;/p&gt;&quot;,
      &quot;target&quot; : [ &quot;#vap-travel &gt; p:nth-child(2)&quot; ],
      &quot;impact&quot; : null,
      &quot;any&quot; : [ {
        &quot;id&quot; : &quot;region&quot;,
        &quot;impact&quot; : &quot;moderate&quot;,
        &quot;message&quot; : &quot;All page content is contained by landmarks&quot;,
        &quot;data&quot; : {
          &quot;isIframe&quot; : false
        },
        &quot;relatedNodes&quot; : [ ]
      } ],
      &quot;all&quot; : [ ],
      &quot;none&quot; : [ ],
      &quot;failureSummary&quot; : null
    }, {
      &quot;html&quot; : &quot;&lt;p&gt;Expect violent turbulence, bone-crushing g-forces, muscle atrophy, and certain death (hey, everyone&#039;s death is certain at some point, right?).&lt;br&gt;\n&amp;nbsp; &lt;/p&gt;&quot;,
      &quot;target&quot; : [ &quot;#vap-travel &gt; p:nth-child(3)&quot; ],
      &quot;impact&quot; : null,
      &quot;any&quot; : [ {
        &quot;id&quot; : &quot;region&quot;,
        &quot;impact&quot; : &quot;moderate&quot;,
        &quot;message&quot; : &quot;All page content is contained by landmarks&quot;,
        &quot;data&quot; : {
          &quot;isIframe&quot; : false
        },
        &quot;relatedNodes&quot; : [ ]
      } ],
      &quot;all&quot; : [ ],
      &quot;none&quot; : [ ],
      &quot;failureSummary&quot; : null
    }, {
      &quot;html&quot; : &quot;&lt;br&gt;&quot;,
      &quot;target&quot; : [ &quot;#vap-travel &gt; p:nth-child(3) &gt; br&quot; ],
      &quot;impact&quot; : null,
      &quot;any&quot; : [ {
        &quot;id&quot; : &quot;region&quot;,
        &quot;impact&quot; : &quot;moderate&quot;,
        &quot;message&quot; : &quot;All page content is contained by landmarks&quot;,
        &quot;data&quot; : {
          &quot;isIframe&quot; : false
        },
        &quot;relatedNodes&quot; : [ ]
      } ],
      &quot;all&quot; : [ ],
      &quot;none&quot; : [ ],
      &quot;failureSummary&quot; : null
    }, {
      &quot;html&quot; : &quot;&lt;p&gt;&lt;/p&gt;&quot;,
      &quot;target&quot; : [ &quot;#vap-travel &gt; p:nth-child(4)&quot; ],
      &quot;impact&quot; : null,
      &quot;any&quot; : [ {
        &quot;id&quot; : &quot;region&quot;,
        &quot;impact&quot; : &quot;moderate&quot;,
        &quot;message&quot; : &quot;All page content is contained by landmarks&quot;,
        &quot;data&quot; : {
          &quot;isIframe&quot; : false
        },
        &quot;relatedNodes&quot; : [ ]
      } ],
      &quot;all&quot; : [ ],
      &quot;none&quot; : [ ],
      &quot;failureSummary&quot; : null
    }, {
      &quot;html&quot; : &quot;&lt;p&gt;&lt;/p&gt;&quot;,
      &quot;target&quot; : [ &quot;#vap-travel &gt; p:nth-child(5)&quot; ],
      &quot;impact&quot; : null,
      &quot;any&quot; : [ {
        &quot;id&quot; : &quot;region&quot;,
        &quot;impact&quot; : &quot;moderate&quot;,
        &quot;message&quot; : &quot;All page content is contained by landmarks&quot;,
        &quot;data&quot; : {
          &quot;isIframe&quot; : false
        },
        &quot;relatedNodes&quot; : [ ]
      } ],
      &quot;all&quot; : [ ],
      &quot;none&quot; : [ ],
      &quot;failureSummary&quot; : null
    }, {
      &quot;html&quot; : &quot;&lt;div class=\&quot;\&quot;&gt;&quot;,
      &quot;target&quot; : [ &quot;#vap-travel &gt; div&quot; ],
      &quot;impact&quot; : null,
      &quot;any&quot; : [ {
        &quot;id&quot; : &quot;region&quot;,
        &quot;impact&quot; : &quot;moderate&quot;,
        &quot;message&quot; : &quot;All page content is contained by landmarks&quot;,
        &quot;data&quot; : {
          &quot;isIframe&quot; : false
        },
        &quot;relatedNodes&quot; : [ ]
      } ],
      &quot;all&quot; : [ ],
      &quot;none&quot; : [ ],
      &quot;failureSummary&quot; : null
    }, {
      &quot;html&quot; : &quot;&lt;ul&gt;&quot;,
      &quot;target&quot; : [ &quot;#vap-travel &gt; div &gt; ul&quot; ],
      &quot;impact&quot; : null,
      &quot;any&quot; : [ {
        &quot;id&quot; : &quot;region&quot;,
        &quot;impact&quot; : &quot;moderate&quot;,
        &quot;message&quot; : &quot;All page content is contained by landmarks&quot;,
        &quot;data&quot; : {
          &quot;isIframe&quot; : false
        },
        &quot;relatedNodes&quot; : [ ]
      } ],
      &quot;all&quot; : [ ],
      &quot;none&quot; : [ ],
      &quot;failureSummary&quot; : null
    }, {
      &quot;html&quot; : &quot;&lt;li&gt;&lt;a class=\&quot;link\&quot; href=\&quot;mars2.html?a=\&quot;&gt;\n                &lt;i class=\&quot;icon-travel-app\&quot;&gt;&lt;/i&gt;\n                &lt;span class=\&quot;link-text\&quot;&gt;MarsMobile app&lt;/span&gt;\n              &lt;/a&gt;&lt;/li&gt;&quot;,
      &quot;target&quot; : [ &quot;#vap-travel &gt; div &gt; ul &gt; li:nth-child(1)&quot; ],
      &quot;impact&quot; : null,
      &quot;any&quot; : [ {
        &quot;id&quot; : &quot;region&quot;,
        &quot;impact&quot; : &quot;moderate&quot;,
        &quot;message&quot; : &quot;All page content is contained by landmarks&quot;,
        &quot;data&quot; : {
          &quot;isIframe&quot; : false
        },
        &quot;relatedNodes&quot; : [ ]
      } ],
      &quot;all&quot; : [ ],
      &quot;none&quot; : [ ],
      &quot;failureSummary&quot; : null
    }, {
      &quot;html&quot; : &quot;&lt;a class=\&quot;link\&quot; href=\&quot;mars2.html?a=\&quot;&gt;\n                &lt;i class=\&quot;icon-travel-app\&quot;&gt;&lt;/i&gt;\n                &lt;span class=\&quot;link-text\&quot;&gt;MarsMobile app&lt;/span&gt;\n              &lt;/a&gt;&quot;,
      &quot;target&quot; : [ &quot;.link[href=\&quot;mars2.html?a=\&quot;]&quot; ],
      &quot;impact&quot; : null,
      &quot;any&quot; : [ {
        &quot;id&quot; : &quot;region&quot;,
        &quot;impact&quot; : &quot;moderate&quot;,
        &quot;message&quot; : &quot;All page content is contained by landmarks&quot;,
        &quot;data&quot; : {
          &quot;isIframe&quot; : false
        },
        &quot;relatedNodes&quot; : [ ]
      } ],
      &quot;all&quot; : [ ],
      &quot;none&quot; : [ ],
      &quot;failureSummary&quot; : null
    }, {
      &quot;html&quot; : &quot;&lt;i class=\&quot;icon-travel-app\&quot;&gt;&lt;/i&gt;&quot;,
      &quot;target&quot; : [ &quot;.icon-travel-app&quot; ],
      &quot;impact&quot; : null,
      &quot;any&quot; : [ {
        &quot;id&quot; : &quot;region&quot;,
        &quot;impact&quot; : &quot;moderate&quot;,
        &quot;message&quot; : &quot;All page content is contained by landmarks&quot;,
        &quot;data&quot; : {
          &quot;isIframe&quot; : false
        },
        &quot;relatedNodes&quot; : [ ]
      } ],
      &quot;all&quot; : [ ],
      &quot;none&quot; : [ ],
      &quot;failureSummary&quot; : null
    }, {
      &quot;html&quot; : &quot;&lt;span class=\&quot;link-text\&quot;&gt;MarsMobile app&lt;/span&gt;&quot;,
      &quot;target&quot; : [ &quot;.link[href=\&quot;mars2.html?a=\&quot;] &gt; .link-text&quot; ],
      &quot;impact&quot; : null,
      &quot;any&quot; : [ {
        &quot;id&quot; : &quot;region&quot;,
        &quot;impact&quot; : &quot;moderate&quot;,
        &quot;message&quot; : &quot;All page content is contained by landmarks&quot;,
        &quot;data&quot; : {
          &quot;isIframe&quot; : false
        },
        &quot;relatedNodes&quot; : [ ]
      } ],
      &quot;all&quot; : [ ],
      &quot;none&quot; : [ ],
      &quot;failureSummary&quot; : null
    }, {
      &quot;html&quot; : &quot;&lt;li&gt;&lt;a class=\&quot;link\&quot; href=\&quot;mars2.html?a=fly_at_own_risk\&quot;&gt;\n                &lt;i class=\&quot;icon-travel-exchange\&quot;&gt;&lt;/i&gt;\n                &lt;span class=\&quot;link-text\&quot;&gt;Fly at your own risk&lt;/span&gt;\n              &lt;/a&gt;&lt;/li&gt;&quot;,
      &quot;target&quot; : [ &quot;#vap-travel &gt; div &gt; ul &gt; li:nth-child(2)&quot; ],
      &quot;impact&quot; : null,
      &quot;any&quot; : [ {
        &quot;id&quot; : &quot;region&quot;,
        &quot;impact&quot; : &quot;moderate&quot;,
        &quot;message&quot; : &quot;All page content is contained by landmarks&quot;,
        &quot;data&quot; : {
          &quot;isIframe&quot; : false
        },
        &quot;relatedNodes&quot; : [ ]
      } ],
      &quot;all&quot; : [ ],
      &quot;none&quot; : [ ],
      &quot;failureSummary&quot; : null
    }, {
      &quot;html&quot; : &quot;&lt;a class=\&quot;link\&quot; href=\&quot;mars2.html?a=fly_at_own_risk\&quot;&gt;\n                &lt;i class=\&quot;icon-travel-exchange\&quot;&gt;&lt;/i&gt;\n                &lt;span class=\&quot;link-text\&quot;&gt;Fly at your own risk&lt;/span&gt;\n              &lt;/a&gt;&quot;,
      &quot;target&quot; : [ &quot;a[href=\&quot;mars2.html?a=fly_at_own_risk\&quot;]&quot; ],
      &quot;impact&quot; : null,
      &quot;any&quot; : [ {
        &quot;id&quot; : &quot;region&quot;,
        &quot;impact&quot; : &quot;moderate&quot;,
        &quot;message&quot; : &quot;All page content is contained by landmarks&quot;,
        &quot;data&quot; : {
          &quot;isIframe&quot; : false
        },
        &quot;relatedNodes&quot; : [ ]
      } ],
      &quot;all&quot; : [ ],
      &quot;none&quot; : [ ],
      &quot;failureSummary&quot; : null
    }, {
      &quot;html&quot; : &quot;&lt;i class=\&quot;icon-travel-exchange\&quot;&gt;&lt;/i&gt;&quot;,
      &quot;target&quot; : [ &quot;.icon-travel-exchange&quot; ],
      &quot;impact&quot; : null,
      &quot;any&quot; : [ {
        &quot;id&quot; : &quot;region&quot;,
        &quot;impact&quot; : &quot;moderate&quot;,
        &quot;message&quot; : &quot;All page content is contained by landmarks&quot;,
        &quot;data&quot; : {
          &quot;isIframe&quot; : false
        },
        &quot;relatedNodes&quot; : [ ]
      } ],
      &quot;all&quot; : [ ],
      &quot;none&quot; : [ ],
      &quot;failureSummary&quot; : null
    }, {
      &quot;html&quot; : &quot;&lt;span class=\&quot;link-text\&quot;&gt;Fly at your own risk&lt;/span&gt;&quot;,
      &quot;target&quot; : [ &quot;a[href=\&quot;mars2.html?a=fly_at_own_risk\&quot;] &gt; .link-text&quot; ],
      &quot;impact&quot; : null,
      &quot;any&quot; : [ {
        &quot;id&quot; : &quot;region&quot;,
        &quot;impact&quot; : &quot;moderate&quot;,
        &quot;message&quot; : &quot;All page content is contained by landmarks&quot;,
        &quot;data&quot; : {
          &quot;isIframe&quot; : false
        },
        &quot;relatedNodes&quot; : [ ]
      } ],
      &quot;all&quot; : [ ],
      &quot;none&quot; : [ ],
      &quot;failureSummary&quot; : null
    }, {
      &quot;html&quot; : &quot;&lt;li&gt;&lt;a class=\&quot;link\&quot; href=\&quot;mars2.html?a=contact_us\&quot;&gt;\n                &lt;i class=\&quot;icon-travel-phone\&quot;&gt;&lt;/i&gt;\n                &lt;span class=\&quot;link-text\&quot;&gt;Contact Us&lt;/span&gt;\n              &lt;/a&gt;&lt;/li&gt;&quot;,
      &quot;target&quot; : [ &quot;#vap-travel &gt; div &gt; ul &gt; li:nth-child(3)&quot; ],
      &quot;impact&quot; : null,
      &quot;any&quot; : [ {
        &quot;id&quot; : &quot;region&quot;,
        &quot;impact&quot; : &quot;moderate&quot;,
        &quot;message&quot; : &quot;All page content is contained by landmarks&quot;,
        &quot;data&quot; : {
          &quot;isIframe&quot; : false
        },
        &quot;relatedNodes&quot; : [ ]
      } ],
      &quot;all&quot; : [ ],
      &quot;none&quot; : [ ],
      &quot;failureSummary&quot; : null
    }, {
      &quot;html&quot; : &quot;&lt;a class=\&quot;link\&quot; href=\&quot;mars2.html?a=contact_us\&quot;&gt;\n                &lt;i class=\&quot;icon-travel-phone\&quot;&gt;&lt;/i&gt;\n                &lt;span class=\&quot;link-text\&quot;&gt;Contact Us&lt;/span&gt;\n              &lt;/a&gt;&quot;,
      &quot;target&quot; : [ &quot;.link[href=\&quot;mars2.html?a=contact_us\&quot;]&quot; ],
      &quot;impact&quot; : null,
      &quot;any&quot; : [ {
        &quot;id&quot; : &quot;region&quot;,
        &quot;impact&quot; : &quot;moderate&quot;,
        &quot;message&quot; : &quot;All page content is contained by landmarks&quot;,
        &quot;data&quot; : {
          &quot;isIframe&quot; : false
        },
        &quot;relatedNodes&quot; : [ ]
      } ],
      &quot;all&quot; : [ ],
      &quot;none&quot; : [ ],
      &quot;failureSummary&quot; : null
    }, {
      &quot;html&quot; : &quot;&lt;i class=\&quot;icon-travel-phone\&quot;&gt;&lt;/i&gt;&quot;,
      &quot;target&quot; : [ &quot;.icon-travel-phone&quot; ],
      &quot;impact&quot; : null,
      &quot;any&quot; : [ {
        &quot;id&quot; : &quot;region&quot;,
        &quot;impact&quot; : &quot;moderate&quot;,
        &quot;message&quot; : &quot;All page content is contained by landmarks&quot;,
        &quot;data&quot; : {
          &quot;isIframe&quot; : false
        },
        &quot;relatedNodes&quot; : [ ]
      } ],
      &quot;all&quot; : [ ],
      &quot;none&quot; : [ ],
      &quot;failureSummary&quot; : null
    }, {
      &quot;html&quot; : &quot;&lt;span class=\&quot;link-text\&quot;&gt;Contact Us&lt;/span&gt;&quot;,
      &quot;target&quot; : [ &quot;.link[href=\&quot;mars2.html?a=contact_us\&quot;] &gt; .link-text&quot; ],
      &quot;impact&quot; : null,
      &quot;any&quot; : [ {
        &quot;id&quot; : &quot;region&quot;,
        &quot;impact&quot; : &quot;moderate&quot;,
        &quot;message&quot; : &quot;All page content is contained by landmarks&quot;,
        &quot;data&quot; : {
          &quot;isIframe&quot; : false
        },
        &quot;relatedNodes&quot; : [ ]
      } ],
      &quot;all&quot; : [ ],
      &quot;none&quot; : [ ],
      &quot;failureSummary&quot; : null
    }, {
      &quot;html&quot; : &quot;&lt;p&gt;&lt;/p&gt;&quot;,
      &quot;target&quot; : [ &quot;#vap-travel &gt; p:nth-child(7)&quot; ],
      &quot;impact&quot; : null,
      &quot;any&quot; : [ {
        &quot;id&quot; : &quot;region&quot;,
        &quot;impact&quot; : &quot;moderate&quot;,
        &quot;message&quot; : &quot;All page content is contained by landmarks&quot;,
        &quot;data&quot; : {
          &quot;isIframe&quot; : false
        },
        &quot;relatedNodes&quot; : [ ]
      } ],
      &quot;all&quot; : [ ],
      &quot;none&quot; : [ ],
      &quot;failureSummary&quot; : null
    }, {
      &quot;html&quot; : &quot;&lt;div id=\&quot;vertical-carousel\&quot;&gt;&quot;,
      &quot;target&quot; : [ &quot;#vertical-carousel&quot; ],
      &quot;impact&quot; : null,
      &quot;any&quot; : [ {
        &quot;id&quot; : &quot;region&quot;,
        &quot;impact&quot; : &quot;moderate&quot;,
        &quot;message&quot; : &quot;All page content is contained by landmarks&quot;,
        &quot;data&quot; : {
          &quot;isIframe&quot; : false
        },
        &quot;relatedNodes&quot; : [ ]
      } ],
      &quot;all&quot; : [ ],
      &quot;none&quot; : [ ],
      &quot;failureSummary&quot; : null
    }, {
      &quot;html&quot; : &quot;&lt;div class=\&quot;be-icon\&quot;&gt;&lt;/div&gt;&quot;,
      &quot;target&quot; : [ &quot;.be-icon&quot; ],
      &quot;impact&quot; : null,
      &quot;any&quot; : [ {
        &quot;id&quot; : &quot;region&quot;,
        &quot;impact&quot; : &quot;moderate&quot;,
        &quot;message&quot; : &quot;All page content is contained by landmarks&quot;,
        &quot;data&quot; : {
          &quot;isIframe&quot; : false
        },
        &quot;relatedNodes&quot; : [ ]
      } ],
      &quot;all&quot; : [ ],
      &quot;none&quot; : [ ],
      &quot;failureSummary&quot; : null
    }, {
      &quot;html&quot; : &quot;&lt;p class=\&quot;carousel-title\&quot;&gt;Special Offers&lt;/p&gt;&quot;,
      &quot;target&quot; : [ &quot;.carousel-title&quot; ],
      &quot;impact&quot; : null,
      &quot;any&quot; : [ {
        &quot;id&quot; : &quot;region&quot;,
        &quot;impact&quot; : &quot;moderate&quot;,
        &quot;message&quot; : &quot;All page content is contained by landmarks&quot;,
        &quot;data&quot; : {
          &quot;isIframe&quot; : false
        },
        &quot;relatedNodes&quot; : [ ]
      } ],
      &quot;all&quot; : [ ],
      &quot;none&quot; : [ ],
      &quot;failureSummary&quot; : null
    }, {
      &quot;html&quot; : &quot;&lt;div class=\&quot;carousel\&quot; style=\&quot;visibility: visible; overflow: hidden; position: relative; z-index: 2; left: 0px; height: 420px;\&quot;&gt;&quot;,
      &quot;target&quot; : [ &quot;.carousel&quot; ],
      &quot;impact&quot; : null,
      &quot;any&quot; : [ {
        &quot;id&quot; : &quot;region&quot;,
        &quot;impact&quot; : &quot;moderate&quot;,
        &quot;message&quot; : &quot;All page content is contained by landmarks&quot;,
        &quot;data&quot; : {
          &quot;isIframe&quot; : false
        },
        &quot;relatedNodes&quot; : [ ]
      } ],
      &quot;all&quot; : [ ],
      &quot;none&quot; : [ ],
      &quot;failureSummary&quot; : null
    }, {
      &quot;html&quot; : &quot;&lt;ul style=\&quot;margin: 0px; padding: 0px; position: relative; list-style-type: none; z-index: 1; height: 2800px; top: -420px;\&quot;&gt;&quot;,
      &quot;target&quot; : [ &quot;.carousel &gt; ul&quot; ],
      &quot;impact&quot; : null,
      &quot;any&quot; : [ {
        &quot;id&quot; : &quot;region&quot;,
        &quot;impact&quot; : &quot;moderate&quot;,
        &quot;message&quot; : &quot;All page content is contained by landmarks&quot;,
        &quot;data&quot; : {
          &quot;isIframe&quot; : false
        },
        &quot;relatedNodes&quot; : [ ]
      } ],
      &quot;all&quot; : [ ],
      &quot;none&quot; : [ ],
      &quot;failureSummary&quot; : null
    }, {
      &quot;html&quot; : &quot;&lt;li style=\&quot;overflow: hidden; float: none; width: 526px; height: 120px;\&quot;&gt;&quot;,
      &quot;target&quot; : [ &quot;.carousel &gt; ul &gt; li:nth-child(1)&quot; ],
      &quot;impact&quot; : null,
      &quot;any&quot; : [ {
        &quot;id&quot; : &quot;region&quot;,
        &quot;impact&quot; : &quot;moderate&quot;,
        &quot;message&quot; : &quot;All page content is contained by landmarks&quot;,
        &quot;data&quot; : {
          &quot;isIframe&quot; : false
        },
        &quot;relatedNodes&quot; : [ ]
      } ],
      &quot;all&quot; : [ ],
      &quot;none&quot; : [ ],
      &quot;failureSummary&quot; : null
    }, {
      &quot;html&quot; : &quot;&lt;a href=\&quot;mars2.html?a=crater_adventure\&quot;&gt;\n&lt;img src=\&quot;/assets/demo-sites/mars/images/mars-spaceman.jpg\&quot; class=\&quot;\&quot; width=\&quot;210\&quot; height=\&quot;120\&quot;&gt;&lt;/a&gt;&quot;,
      &quot;target&quot; : [ &quot;li:nth-child(1) &gt; a[href=\&quot;mars2.html?a=crater_adventure\&quot;]&quot; ],
      &quot;impact&quot; : null,
      &quot;any&quot; : [ {
        &quot;id&quot; : &quot;region&quot;,
        &quot;impact&quot; : &quot;moderate&quot;,
        &quot;message&quot; : &quot;All page content is contained by landmarks&quot;,
        &quot;data&quot; : {
          &quot;isIframe&quot; : false
        },
        &quot;relatedNodes&quot; : [ ]
      } ],
      &quot;all&quot; : [ ],
      &quot;none&quot; : [ ],
      &quot;failureSummary&quot; : null
    }, {
      &quot;html&quot; : &quot;&lt;img src=\&quot;/assets/demo-sites/mars/images/mars-spaceman.jpg\&quot; class=\&quot;\&quot; width=\&quot;210\&quot; height=\&quot;120\&quot;&gt;&quot;,
      &quot;target&quot; : [ &quot;li:nth-child(1) &gt; a[href=\&quot;mars2.html?a=crater_adventure\&quot;] &gt; img[width=\&quot;210\&quot;][height=\&quot;120\&quot;]&quot; ],
      &quot;impact&quot; : null,
      &quot;any&quot; : [ {
        &quot;id&quot; : &quot;region&quot;,
        &quot;impact&quot; : &quot;moderate&quot;,
        &quot;message&quot; : &quot;All page content is contained by landmarks&quot;,
        &quot;data&quot; : {
          &quot;isIframe&quot; : false
        },
        &quot;relatedNodes&quot; : [ ]
      } ],
      &quot;all&quot; : [ ],
      &quot;none&quot; : [ ],
      &quot;failureSummary&quot; : null
    }, {
      &quot;html&quot; : &quot;&lt;div class=\&quot;deal-text\&quot;&gt;&quot;,
      &quot;target&quot; : [ &quot;li:nth-child(1) &gt; .deal-text&quot; ],
      &quot;impact&quot; : null,
      &quot;any&quot; : [ {
        &quot;id&quot; : &quot;region&quot;,
        &quot;impact&quot; : &quot;moderate&quot;,
        &quot;message&quot; : &quot;All page content is contained by landmarks&quot;,
        &quot;data&quot; : {
          &quot;isIframe&quot; : false
        },
        &quot;relatedNodes&quot; : [ ]
      } ],
      &quot;all&quot; : [ ],
      &quot;none&quot; : [ ],
      &quot;failureSummary&quot; : null
    }, {
      &quot;html&quot; : &quot;&lt;h3&gt;\n            &lt;a class=\&quot;\&quot; href=\&quot;mars2.html?a=crater_adventure\&quot;&gt;10% off Crater Adventure&lt;/a&gt;&lt;/h3&gt;&quot;,
      &quot;target&quot; : [ &quot;li:nth-child(1) &gt; .deal-text &gt; h3&quot; ],
      &quot;impact&quot; : null,
      &quot;any&quot; : [ {
        &quot;id&quot; : &quot;region&quot;,
        &quot;impact&quot; : &quot;moderate&quot;,
        &quot;message&quot; : &quot;All page content is contained by landmarks&quot;,
        &quot;data&quot; : {
          &quot;isIframe&quot; : false
        },
        &quot;relatedNodes&quot; : [ ]
      } ],
      &quot;all&quot; : [ ],
      &quot;none&quot; : [ ],
      &quot;failureSummary&quot; : null
    }, {
      &quot;html&quot; : &quot;&lt;a class=\&quot;\&quot; href=\&quot;mars2.html?a=crater_adventure\&quot;&gt;10% off Crater Adventure&lt;/a&gt;&quot;,
      &quot;target&quot; : [ &quot;li:nth-child(1) &gt; .deal-text &gt; h3 &gt; a[href=\&quot;mars2.html?a=crater_adventure\&quot;]&quot; ],
      &quot;impact&quot; : null,
      &quot;any&quot; : [ {
        &quot;id&quot; : &quot;region&quot;,
        &quot;impact&quot; : &quot;moderate&quot;,
        &quot;message&quot; : &quot;All page content is contained by landmarks&quot;,
        &quot;data&quot; : {
          &quot;isIframe&quot; : false
        },
        &quot;relatedNodes&quot; : [ ]
      } ],
      &quot;all&quot; : [ ],
      &quot;none&quot; : [ ],
      &quot;failureSummary&quot; : null
    }, {
      &quot;html&quot; : &quot;&lt;p&gt;Book select MarStar Crater tickets and enjoy 10% off the Crater Adventures Pass. Safety not guaranteed. &lt;a href=\&quot;mars2.html?a=crater_adventure\&quot;&gt;Book your MarStar Crater Package today to save!&lt;/a&gt;&lt;/p&gt;&quot;,
      &quot;target&quot; : [ &quot;li:nth-child(1) &gt; .deal-text &gt; p&quot; ],
      &quot;impact&quot; : null,
      &quot;any&quot; : [ {
        &quot;id&quot; : &quot;region&quot;,
        &quot;impact&quot; : &quot;moderate&quot;,
        &quot;message&quot; : &quot;All page content is contained by landmarks&quot;,
        &quot;data&quot; : {
          &quot;isIframe&quot; : false
        },
        &quot;relatedNodes&quot; : [ ]
      } ],
      &quot;all&quot; : [ ],
      &quot;none&quot; : [ ],
      &quot;failureSummary&quot; : null
    }, {
      &quot;html&quot; : &quot;&lt;a href=\&quot;mars2.html?a=crater_adventure\&quot;&gt;Book your MarStar Crater Package today to save!&lt;/a&gt;&quot;,
      &quot;target&quot; : [ &quot;li:nth-child(1) &gt; .deal-text &gt; p &gt; a[href=\&quot;mars2.html?a=crater_adventure\&quot;]&quot; ],
      &quot;impact&quot; : null,
      &quot;any&quot; : [ {
        &quot;id&quot; : &quot;region&quot;,
        &quot;impact&quot; : &quot;moderate&quot;,
        &quot;message&quot; : &quot;All page content is contained by landmarks&quot;,
        &quot;data&quot; : {
          &quot;isIframe&quot; : false
        },
        &quot;relatedNodes&quot; : [ ]
      } ],
      &quot;all&quot; : [ ],
      &quot;none&quot; : [ ],
      &quot;failureSummary&quot; : null
    }, {
      &quot;html&quot; : &quot;&lt;li style=\&quot;overflow: hidden; float: none; width: 526px; height: 120px;\&quot;&gt;&quot;,
      &quot;target&quot; : [ &quot;.carousel &gt; ul &gt; li:nth-child(2)&quot; ],
      &quot;impact&quot; : null,
      &quot;any&quot; : [ {
        &quot;id&quot; : &quot;region&quot;,
        &quot;impact&quot; : &quot;moderate&quot;,
        &quot;message&quot; : &quot;All page content is contained by landmarks&quot;,
        &quot;data&quot; : {
          &quot;isIframe&quot; : false
        },
        &quot;relatedNodes&quot; : [ ]
      } ],
      &quot;all&quot; : [ ],
      &quot;none&quot; : [ ],
      &quot;failureSummary&quot; : null
    }, {
      &quot;html&quot; : &quot;&lt;a href=\&quot;mars2.html?a=ice_cream\&quot;&gt;\n&lt;img src=\&quot;/assets/demo-sites/mars/images/space-station.jpg\&quot; class=\&quot;\&quot; width=\&quot;210\&quot; height=\&quot;120\&quot; alt=\&quot;icecream.jpg \&quot;&gt;&lt;/a&gt;&quot;,
      &quot;target&quot; : [ &quot;li:nth-child(2) &gt; a[href=\&quot;mars2.html?a=ice_cream\&quot;]&quot; ],
      &quot;impact&quot; : null,
      &quot;any&quot; : [ {
        &quot;id&quot; : &quot;region&quot;,
        &quot;impact&quot; : &quot;moderate&quot;,
        &quot;message&quot; : &quot;All page content is contained by landmarks&quot;,
        &quot;data&quot; : {
          &quot;isIframe&quot; : false
        },
        &quot;relatedNodes&quot; : [ ]
      } ],
      &quot;all&quot; : [ ],
      &quot;none&quot; : [ ],
      &quot;failureSummary&quot; : null
    }, {
      &quot;html&quot; : &quot;&lt;img src=\&quot;/assets/demo-sites/mars/images/space-station.jpg\&quot; class=\&quot;\&quot; width=\&quot;210\&quot; height=\&quot;120\&quot; alt=\&quot;icecream.jpg \&quot;&gt;&quot;,
      &quot;target&quot; : [ &quot;li:nth-child(2) &gt; a[href=\&quot;mars2.html?a=ice_cream\&quot;] &gt; img[alt=\&quot;icecream.jpg \&quot;][width=\&quot;210\&quot;][height=\&quot;120\&quot;]&quot; ],
      &quot;impact&quot; : null,
      &quot;any&quot; : [ {
        &quot;id&quot; : &quot;region&quot;,
        &quot;impact&quot; : &quot;moderate&quot;,
        &quot;message&quot; : &quot;All page content is contained by landmarks&quot;,
        &quot;data&quot; : {
          &quot;isIframe&quot; : false
        },
        &quot;relatedNodes&quot; : [ ]
      } ],
      &quot;all&quot; : [ ],
      &quot;none&quot; : [ ],
      &quot;failureSummary&quot; : null
    }, {
      &quot;html&quot; : &quot;&lt;div class=\&quot;deal-text\&quot;&gt;&quot;,
      &quot;target&quot; : [ &quot;li:nth-child(2) &gt; .deal-text&quot; ],
      &quot;impact&quot; : null,
      &quot;any&quot; : [ {
        &quot;id&quot; : &quot;region&quot;,
        &quot;impact&quot; : &quot;moderate&quot;,
        &quot;message&quot; : &quot;All page content is contained by landmarks&quot;,
        &quot;data&quot; : {
          &quot;isIframe&quot; : false
        },
        &quot;relatedNodes&quot; : [ ]
      } ],
      &quot;all&quot; : [ ],
      &quot;none&quot; : [ ],
      &quot;failureSummary&quot; : null
    }, {
      &quot;html&quot; : &quot;&lt;h3&gt;\n            &lt;a class=\&quot;\&quot; href=\&quot;mars2.html?a=ice_cream\&quot;&gt;Free Astronaut Ice Cream&lt;/a&gt;&lt;/h3&gt;&quot;,
      &quot;target&quot; : [ &quot;li:nth-child(2) &gt; .deal-text &gt; h3&quot; ],
      &quot;impact&quot; : null,
      &quot;any&quot; : [ {
        &quot;id&quot; : &quot;region&quot;,
        &quot;impact&quot; : &quot;moderate&quot;,
        &quot;message&quot; : &quot;All page content is contained by landmarks&quot;,
        &quot;data&quot; : {
          &quot;isIframe&quot; : false
        },
        &quot;relatedNodes&quot; : [ ]
      } ],
      &quot;all&quot; : [ ],
      &quot;none&quot; : [ ],
      &quot;failureSummary&quot; : null
    }, {
      &quot;html&quot; : &quot;&lt;a class=\&quot;\&quot; href=\&quot;mars2.html?a=ice_cream\&quot;&gt;Free Astronaut Ice Cream&lt;/a&gt;&quot;,
      &quot;target&quot; : [ &quot;li:nth-child(2) &gt; .deal-text &gt; h3 &gt; a[href=\&quot;mars2.html?a=ice_cream\&quot;]&quot; ],
      &quot;impact&quot; : null,
      &quot;any&quot; : [ {
        &quot;id&quot; : &quot;region&quot;,
        &quot;impact&quot; : &quot;moderate&quot;,
        &quot;message&quot; : &quot;All page content is contained by landmarks&quot;,
        &quot;data&quot; : {
          &quot;isIframe&quot; : false
        },
        &quot;relatedNodes&quot; : [ ]
      } ],
      &quot;all&quot; : [ ],
      &quot;none&quot; : [ ],
      &quot;failureSummary&quot; : null
    }, {
      &quot;html&quot; : &quot;&lt;p&gt;Spend an extra 3 months in orbit around Mars in our newly-remodelled MarsPod and get a free package of freeze-wrapped dehydrated astronaut ice cream. &lt;a class=\&quot;link-arrow\&quot; href=\&quot;mars2.html?a=ice_cream\&quot;&gt;Get your free dehydrated ice cream!&lt;/a&gt;\n&lt;/p&gt;&quot;,
      &quot;target&quot; : [ &quot;li:nth-child(2) &gt; .deal-text &gt; p&quot; ],
      &quot;impact&quot; : null,
      &quot;any&quot; : [ {
        &quot;id&quot; : &quot;region&quot;,
        &quot;impact&quot; : &quot;moderate&quot;,
        &quot;message&quot; : &quot;All page content is contained by landmarks&quot;,
        &quot;data&quot; : {
          &quot;isIframe&quot; : false
        },
        &quot;relatedNodes&quot; : [ ]
      } ],
      &quot;all&quot; : [ ],
      &quot;none&quot; : [ ],
      &quot;failureSummary&quot; : null
    }, {
      &quot;html&quot; : &quot;&lt;a class=\&quot;link-arrow\&quot; href=\&quot;mars2.html?a=ice_cream\&quot;&gt;Get your free dehydrated ice cream!&lt;/a&gt;&quot;,
      &quot;target&quot; : [ &quot;li:nth-child(2) &gt; .deal-text &gt; p &gt; .link-arrow[href=\&quot;mars2.html?a=ice_cream\&quot;]&quot; ],
      &quot;impact&quot; : null,
      &quot;any&quot; : [ {
        &quot;id&quot; : &quot;region&quot;,
        &quot;impact&quot; : &quot;moderate&quot;,
        &quot;message&quot; : &quot;All page content is contained by landmarks&quot;,
        &quot;data&quot; : {
          &quot;isIframe&quot; : false
        },
        &quot;relatedNodes&quot; : [ ]
      } ],
      &quot;all&quot; : [ ],
      &quot;none&quot; : [ ],
      &quot;failureSummary&quot; : null
    }, {
      &quot;html&quot; : &quot;&lt;li style=\&quot;overflow: hidden; float: none; width: 526px; height: 120px;\&quot;&gt;&quot;,
      &quot;target&quot; : [ &quot;.carousel &gt; ul &gt; li:nth-child(3)&quot; ],
      &quot;impact&quot; : null,
      &quot;any&quot; : [ {
        &quot;id&quot; : &quot;region&quot;,
        &quot;impact&quot; : &quot;moderate&quot;,
        &quot;message&quot; : &quot;All page content is contained by landmarks&quot;,
        &quot;data&quot; : {
          &quot;isIframe&quot; : false
        },
        &quot;relatedNodes&quot; : [ ]
      } ],
      &quot;all&quot; : [ ],
      &quot;none&quot; : [ ],
      &quot;failureSummary&quot; : null
    }, {
      &quot;html&quot; : &quot;&lt;a href=\&quot;mars2.html?a=low_price_guarantee\&quot;&gt; &lt;img src=\&quot;/assets/demo-sites/mars/images/mars-lander.jpg\&quot; class=\&quot;\&quot; width=\&quot;210\&quot; height=\&quot;120\&quot; alt=\&quot;Mars Lander\&quot;&gt;&lt;/a&gt;&quot;,
      &quot;target&quot; : [ &quot;.carousel &gt; ul &gt; li:nth-child(3) &gt; a&quot; ],
      &quot;impact&quot; : null,
      &quot;any&quot; : [ {
        &quot;id&quot; : &quot;region&quot;,
        &quot;impact&quot; : &quot;moderate&quot;,
        &quot;message&quot; : &quot;All page content is contained by landmarks&quot;,
        &quot;data&quot; : {
          &quot;isIframe&quot; : false
        },
        &quot;relatedNodes&quot; : [ ]
      } ],
      &quot;all&quot; : [ ],
      &quot;none&quot; : [ ],
      &quot;failureSummary&quot; : null
    }, {
      &quot;html&quot; : &quot;&lt;img src=\&quot;/assets/demo-sites/mars/images/mars-lander.jpg\&quot; class=\&quot;\&quot; width=\&quot;210\&quot; height=\&quot;120\&quot; alt=\&quot;Mars Lander\&quot;&gt;&quot;,
      &quot;target&quot; : [ &quot;li:nth-child(3) &gt; a &gt; img[alt=\&quot;Mars Lander\&quot;][width=\&quot;210\&quot;][height=\&quot;120\&quot;]&quot; ],
      &quot;impact&quot; : null,
      &quot;any&quot; : [ {
        &quot;id&quot; : &quot;region&quot;,
        &quot;impact&quot; : &quot;moderate&quot;,
        &quot;message&quot; : &quot;All page content is contained by landmarks&quot;,
        &quot;data&quot; : {
          &quot;isIframe&quot; : false
        },
        &quot;relatedNodes&quot; : [ ]
      } ],
      &quot;all&quot; : [ ],
      &quot;none&quot; : [ ],
      &quot;failureSummary&quot; : null
    }, {
      &quot;html&quot; : &quot;&lt;div class=\&quot;deal-text\&quot;&gt;&quot;,
      &quot;target&quot; : [ &quot;li:nth-child(3) &gt; .deal-text&quot; ],
      &quot;impact&quot; : null,
      &quot;any&quot; : [ {
        &quot;id&quot; : &quot;region&quot;,
        &quot;impact&quot; : &quot;moderate&quot;,
        &quot;message&quot; : &quot;All page content is contained by landmarks&quot;,
        &quot;data&quot; : {
          &quot;isIframe&quot; : false
        },
        &quot;relatedNodes&quot; : [ ]
      } ],
      &quot;all&quot; : [ ],
      &quot;none&quot; : [ ],
      &quot;failureSummary&quot; : null
    }, {
      &quot;html&quot; : &quot;&lt;h3&gt; &lt;a class=\&quot;link\&quot; href=\&quot;mars2.html?a=low_price_guarantee\&quot;&gt;Lowest Price Guarantee&lt;/a&gt;&lt;/h3&gt;&quot;,
      &quot;target&quot; : [ &quot;li:nth-child(3) &gt; .deal-text &gt; h3&quot; ],
      &quot;impact&quot; : null,
      &quot;any&quot; : [ {
        &quot;id&quot; : &quot;region&quot;,
        &quot;impact&quot; : &quot;moderate&quot;,
        &quot;message&quot; : &quot;All page content is contained by landmarks&quot;,
        &quot;data&quot; : {
          &quot;isIframe&quot; : false
        },
        &quot;relatedNodes&quot; : [ ]
      } ],
      &quot;all&quot; : [ ],
      &quot;none&quot; : [ ],
      &quot;failureSummary&quot; : null
    }, {
      &quot;html&quot; : &quot;&lt;a class=\&quot;link\&quot; href=\&quot;mars2.html?a=low_price_guarantee\&quot;&gt;Lowest Price Guarantee&lt;/a&gt;&quot;,
      &quot;target&quot; : [ &quot;li:nth-child(3) &gt; .deal-text &gt; h3 &gt; .link&quot; ],
      &quot;impact&quot; : null,
      &quot;any&quot; : [ {
        &quot;id&quot; : &quot;region&quot;,
        &quot;impact&quot; : &quot;moderate&quot;,
        &quot;message&quot; : &quot;All page content is contained by landmarks&quot;,
        &quot;data&quot; : {
          &quot;isIframe&quot; : false
        },
        &quot;relatedNodes&quot; : [ ]
      } ],
      &quot;all&quot; : [ ],
      &quot;none&quot; : [ ],
      &quot;failureSummary&quot; : null
    }, {
      &quot;html&quot; : &quot;&lt;p&gt;If within 24 hours of booking with us you find a lower online published price for the exact same rocket ticket to Mars, we buy you a milkshake, then send you on a one-way trip to the Sun. &lt;a href=\&quot;mars2.html?a=low_price_guarantee\&quot;&gt;Find out how this deal works.&lt;/a&gt; &lt;/p&gt;&quot;,
      &quot;target&quot; : [ &quot;li:nth-child(3) &gt; .deal-text &gt; p:nth-child(2)&quot; ],
      &quot;impact&quot; : null,
      &quot;any&quot; : [ {
        &quot;id&quot; : &quot;region&quot;,
        &quot;impact&quot; : &quot;moderate&quot;,
        &quot;message&quot; : &quot;All page content is contained by landmarks&quot;,
        &quot;data&quot; : {
          &quot;isIframe&quot; : false
        },
        &quot;relatedNodes&quot; : [ ]
      } ],
      &quot;all&quot; : [ ],
      &quot;none&quot; : [ ],
      &quot;failureSummary&quot; : null
    }, {
      &quot;html&quot; : &quot;&lt;a href=\&quot;mars2.html?a=low_price_guarantee\&quot;&gt;Find out how this deal works.&lt;/a&gt;&quot;,
      &quot;target&quot; : [ &quot;li:nth-child(3) &gt; .deal-text &gt; p:nth-child(2) &gt; a&quot; ],
      &quot;impact&quot; : null,
      &quot;any&quot; : [ {
        &quot;id&quot; : &quot;region&quot;,
        &quot;impact&quot; : &quot;moderate&quot;,
        &quot;message&quot; : &quot;All page content is contained by landmarks&quot;,
        &quot;data&quot; : {
          &quot;isIframe&quot; : false
        },
        &quot;relatedNodes&quot; : [ ]
      } ],
      &quot;all&quot; : [ ],
      &quot;none&quot; : [ ],
      &quot;failureSummary&quot; : null
    }, {
      &quot;html&quot; : &quot;&lt;p&gt;&amp;nbsp;&lt;/p&gt;&quot;,
      &quot;target&quot; : [ &quot;li:nth-child(3) &gt; .deal-text &gt; p:nth-child(3)&quot; ],
      &quot;impact&quot; : null,
      &quot;any&quot; : [ {
        &quot;id&quot; : &quot;region&quot;,
        &quot;impact&quot; : &quot;moderate&quot;,
        &quot;message&quot; : &quot;All page content is contained by landmarks&quot;,
        &quot;data&quot; : {
          &quot;isIframe&quot; : false
        },
        &quot;relatedNodes&quot; : [ ]
      } ],
      &quot;all&quot; : [ ],
      &quot;none&quot; : [ ],
      &quot;failureSummary&quot; : null
    }, {
      &quot;html&quot; : &quot;&lt;p&gt;&lt;/p&gt;&quot;,
      &quot;target&quot; : [ &quot;li:nth-child(3) &gt; .deal-text &gt; p:nth-child(4)&quot; ],
      &quot;impact&quot; : null,
      &quot;any&quot; : [ {
        &quot;id&quot; : &quot;region&quot;,
        &quot;impact&quot; : &quot;moderate&quot;,
        &quot;message&quot; : &quot;All page content is contained by landmarks&quot;,
        &quot;data&quot; : {
          &quot;isIframe&quot; : false
        },
        &quot;relatedNodes&quot; : [ ]
      } ],
      &quot;all&quot; : [ ],
      &quot;none&quot; : [ ],
      &quot;failureSummary&quot; : null
    }, {
      &quot;html&quot; : &quot;&lt;li style=\&quot;overflow: hidden; float: none; width: 526px; height: 120px;\&quot;&gt;&quot;,
      &quot;target&quot; : [ &quot;.carousel &gt; ul &gt; li:nth-child(4)&quot; ],
      &quot;impact&quot; : null,
      &quot;any&quot; : [ {
        &quot;id&quot; : &quot;region&quot;,
        &quot;impact&quot; : &quot;moderate&quot;,
        &quot;message&quot; : &quot;All page content is contained by landmarks&quot;,
        &quot;data&quot; : {
          &quot;isIframe&quot; : false
        },
        &quot;relatedNodes&quot; : [ ]
      } ],
      &quot;all&quot; : [ ],
      &quot;none&quot; : [ ],
      &quot;failureSummary&quot; : null
    }, {
      &quot;html&quot; : &quot;&lt;a href=\&quot;mars2.html?a=send_kids_to_mars\&quot;&gt;\n&lt;img src=\&quot;/assets/demo-sites/mars/images/kids-space.jpg\&quot; class=\&quot;\&quot; width=\&quot;210\&quot; height=\&quot;120\&quot; alt=\&quot;Kids in space suits \&quot;&gt;&lt;/a&gt;&quot;,
      &quot;target&quot; : [ &quot;li:nth-child(4) &gt; a[href=\&quot;mars2.html?a=send_kids_to_mars\&quot;]&quot; ],
      &quot;impact&quot; : null,
      &quot;any&quot; : [ {
        &quot;id&quot; : &quot;region&quot;,
        &quot;impact&quot; : &quot;moderate&quot;,
        &quot;message&quot; : &quot;All page content is contained by landmarks&quot;,
        &quot;data&quot; : {
          &quot;isIframe&quot; : false
        },
        &quot;relatedNodes&quot; : [ ]
      } ],
      &quot;all&quot; : [ ],
      &quot;none&quot; : [ ],
      &quot;failureSummary&quot; : null
    }, {
      &quot;html&quot; : &quot;&lt;img src=\&quot;/assets/demo-sites/mars/images/kids-space.jpg\&quot; class=\&quot;\&quot; width=\&quot;210\&quot; height=\&quot;120\&quot; alt=\&quot;Kids in space suits \&quot;&gt;&quot;,
      &quot;target&quot; : [ &quot;li:nth-child(4) &gt; a[href=\&quot;mars2.html?a=send_kids_to_mars\&quot;] &gt; img[alt=\&quot;Kids in space suits \&quot;][width=\&quot;210\&quot;][height=\&quot;120\&quot;]&quot; ],
      &quot;impact&quot; : null,
      &quot;any&quot; : [ {
        &quot;id&quot; : &quot;region&quot;,
        &quot;impact&quot; : &quot;moderate&quot;,
        &quot;message&quot; : &quot;All page content is contained by landmarks&quot;,
        &quot;data&quot; : {
          &quot;isIframe&quot; : false
        },
        &quot;relatedNodes&quot; : [ ]
      } ],
      &quot;all&quot; : [ ],
      &quot;none&quot; : [ ],
      &quot;failureSummary&quot; : null
    }, {
      &quot;html&quot; : &quot;&lt;div class=\&quot;deal-text\&quot;&gt;&quot;,
      &quot;target&quot; : [ &quot;li:nth-child(4) &gt; .deal-text&quot; ],
      &quot;impact&quot; : null,
      &quot;any&quot; : [ {
        &quot;id&quot; : &quot;region&quot;,
        &quot;impact&quot; : &quot;moderate&quot;,
        &quot;message&quot; : &quot;All page content is contained by landmarks&quot;,
        &quot;data&quot; : {
          &quot;isIframe&quot; : false
        },
        &quot;relatedNodes&quot; : [ ]
      } ],
      &quot;all&quot; : [ ],
      &quot;none&quot; : [ ],
      &quot;failureSummary&quot; : null
    }, {
      &quot;html&quot; : &quot;&lt;h3&gt;\n            &lt;a class=\&quot;\&quot; href=\&quot;mars2.html?a=send_kids_to_mars\&quot;&gt;Send Your Kids to Mars!&lt;/a&gt;&lt;/h3&gt;&quot;,
      &quot;target&quot; : [ &quot;li:nth-child(4) &gt; .deal-text &gt; h3&quot; ],
      &quot;impact&quot; : null,
      &quot;any&quot; : [ {
        &quot;id&quot; : &quot;region&quot;,
        &quot;impact&quot; : &quot;moderate&quot;,
        &quot;message&quot; : &quot;All page content is contained by landmarks&quot;,
        &quot;data&quot; : {
          &quot;isIframe&quot; : false
        },
        &quot;relatedNodes&quot; : [ ]
      } ],
      &quot;all&quot; : [ ],
      &quot;none&quot; : [ ],
      &quot;failureSummary&quot; : null
    }, {
      &quot;html&quot; : &quot;&lt;a class=\&quot;\&quot; href=\&quot;mars2.html?a=send_kids_to_mars\&quot;&gt;Send Your Kids to Mars!&lt;/a&gt;&quot;,
      &quot;target&quot; : [ &quot;li:nth-child(4) &gt; .deal-text &gt; h3 &gt; a[href=\&quot;mars2.html?a=send_kids_to_mars\&quot;]&quot; ],
      &quot;impact&quot; : null,
      &quot;any&quot; : [ {
        &quot;id&quot; : &quot;region&quot;,
        &quot;impact&quot; : &quot;moderate&quot;,
        &quot;message&quot; : &quot;All page content is contained by landmarks&quot;,
        &quot;data&quot; : {
          &quot;isIframe&quot; : false
        },
        &quot;relatedNodes&quot; : [ ]
      } ],
      &quot;all&quot; : [ ],
      &quot;none&quot; : [ ],
      &quot;failureSummary&quot; : null
    }, {
      &quot;html&quot; : &quot;&lt;p&gt;Book a first class one-way ticket for 5 kids, at the cost of 4! No parent or guardian required. Don&#039;t worry, they&#039;ll be fine... &lt;a class=\&quot;link-arrow\&quot; href=\&quot;mars2.html?a=send_kids_to_mars\&quot;&gt;Send your kids to mars&lt;/a&gt;&lt;/p&gt;&quot;,
      &quot;target&quot; : [ &quot;li:nth-child(4) &gt; .deal-text &gt; p&quot; ],
      &quot;impact&quot; : null,
      &quot;any&quot; : [ {
        &quot;id&quot; : &quot;region&quot;,
        &quot;impact&quot; : &quot;moderate&quot;,
        &quot;message&quot; : &quot;All page content is contained by landmarks&quot;,
        &quot;data&quot; : {
          &quot;isIframe&quot; : false
        },
        &quot;relatedNodes&quot; : [ ]
      } ],
      &quot;all&quot; : [ ],
      &quot;none&quot; : [ ],
      &quot;failureSummary&quot; : null
    }, {
      &quot;html&quot; : &quot;&lt;a class=\&quot;link-arrow\&quot; href=\&quot;mars2.html?a=send_kids_to_mars\&quot;&gt;Send your kids to mars&lt;/a&gt;&quot;,
      &quot;target&quot; : [ &quot;li:nth-child(4) &gt; .deal-text &gt; p &gt; .link-arrow[href=\&quot;mars2.html?a=send_kids_to_mars\&quot;]&quot; ],
      &quot;impact&quot; : null,
      &quot;any&quot; : [ {
        &quot;id&quot; : &quot;region&quot;,
        &quot;impact&quot; : &quot;moderate&quot;,
        &quot;message&quot; : &quot;All page content is contained by landmarks&quot;,
        &quot;data&quot; : {
          &quot;isIframe&quot; : false
        },
        &quot;relatedNodes&quot; : [ ]
      } ],
      &quot;all&quot; : [ ],
      &quot;none&quot; : [ ],
      &quot;failureSummary&quot; : null
    }, {
      &quot;html&quot; : &quot;&lt;li style=\&quot;overflow: hidden; float: none; width: 526px; height: 120px;\&quot;&gt;&quot;,
      &quot;target&quot; : [ &quot;.carousel &gt; ul &gt; li:nth-child(5)&quot; ],
      &quot;impact&quot; : null,
      &quot;any&quot; : [ {
        &quot;id&quot; : &quot;region&quot;,
        &quot;impact&quot; : &quot;moderate&quot;,
        &quot;message&quot; : &quot;All page content is contained by landmarks&quot;,
        &quot;data&quot; : {
          &quot;isIframe&quot; : false
        },
        &quot;relatedNodes&quot; : [ ]
      } ],
      &quot;all&quot; : [ ],
      &quot;none&quot; : [ ],
      &quot;failureSummary&quot; : null
    }, {
      &quot;html&quot; : &quot;&lt;a href=\&quot;mars2.html?a=wookie\&quot;&gt;\n&lt;img src=\&quot;/assets/demo-sites/mars/images/wookie.jpg\&quot; class=\&quot;\&quot; width=\&quot;210\&quot; height=\&quot;120\&quot; alt=\&quot;Wookie\&quot;&gt;&lt;/a&gt;&quot;,
      &quot;target&quot; : [ &quot;li:nth-child(5) &gt; a[href=\&quot;mars2.html?a=wookie\&quot;]&quot; ],
      &quot;impact&quot; : null,
      &quot;any&quot; : [ {
        &quot;id&quot; : &quot;region&quot;,
        &quot;impact&quot; : &quot;moderate&quot;,
        &quot;message&quot; : &quot;All page content is contained by landmarks&quot;,
        &quot;data&quot; : {
          &quot;isIframe&quot; : false
        },
        &quot;relatedNodes&quot; : [ ]
      } ],
      &quot;all&quot; : [ ],
      &quot;none&quot; : [ ],
      &quot;failureSummary&quot; : null
    }, {
      &quot;html&quot; : &quot;&lt;img src=\&quot;/assets/demo-sites/mars/images/wookie.jpg\&quot; class=\&quot;\&quot; width=\&quot;210\&quot; height=\&quot;120\&quot; alt=\&quot;Wookie\&quot;&gt;&quot;,
      &quot;target&quot; : [ &quot;li:nth-child(5) &gt; a[href=\&quot;mars2.html?a=wookie\&quot;] &gt; img[alt=\&quot;Wookie\&quot;][width=\&quot;210\&quot;][height=\&quot;120\&quot;]&quot; ],
      &quot;impact&quot; : null,
      &quot;any&quot; : [ {
        &quot;id&quot; : &quot;region&quot;,
        &quot;impact&quot; : &quot;moderate&quot;,
        &quot;message&quot; : &quot;All page content is contained by landmarks&quot;,
        &quot;data&quot; : {
          &quot;isIframe&quot; : false
        },
        &quot;relatedNodes&quot; : [ ]
      } ],
      &quot;all&quot; : [ ],
      &quot;none&quot; : [ ],
      &quot;failureSummary&quot; : null
    }, {
      &quot;html&quot; : &quot;&lt;div class=\&quot;deal-text\&quot;&gt;&quot;,
      &quot;target&quot; : [ &quot;li:nth-child(5) &gt; .deal-text&quot; ],
      &quot;impact&quot; : null,
      &quot;any&quot; : [ {
        &quot;id&quot; : &quot;region&quot;,
        &quot;impact&quot; : &quot;moderate&quot;,
        &quot;message&quot; : &quot;All page content is contained by landmarks&quot;,
        &quot;data&quot; : {
          &quot;isIframe&quot; : false
        },
        &quot;relatedNodes&quot; : [ ]
      } ],
      &quot;all&quot; : [ ],
      &quot;none&quot; : [ ],
      &quot;failureSummary&quot; : null
    }, {
      &quot;html&quot; : &quot;&lt;h3&gt;\n            &lt;a class=\&quot;\&quot; href=\&quot;mars2.html?a=wookie\&quot;&gt;Fly with a Wookie&lt;/a&gt;&lt;/h3&gt;&quot;,
      &quot;target&quot; : [ &quot;li:nth-child(5) &gt; .deal-text &gt; h3&quot; ],
      &quot;impact&quot; : null,
      &quot;any&quot; : [ {
        &quot;id&quot; : &quot;region&quot;,
        &quot;impact&quot; : &quot;moderate&quot;,
        &quot;message&quot; : &quot;All page content is contained by landmarks&quot;,
        &quot;data&quot; : {
          &quot;isIframe&quot; : false
        },
        &quot;relatedNodes&quot; : [ ]
      } ],
      &quot;all&quot; : [ ],
      &quot;none&quot; : [ ],
      &quot;failureSummary&quot; : null
    }, {
      &quot;html&quot; : &quot;&lt;a class=\&quot;\&quot; href=\&quot;mars2.html?a=wookie\&quot;&gt;Fly with a Wookie&lt;/a&gt;&quot;,
      &quot;target&quot; : [ &quot;li:nth-child(5) &gt; .deal-text &gt; h3 &gt; a[href=\&quot;mars2.html?a=wookie\&quot;]&quot; ],
      &quot;impact&quot; : null,
      &quot;any&quot; : [ {
        &quot;id&quot; : &quot;region&quot;,
        &quot;impact&quot; : &quot;moderate&quot;,
        &quot;message&quot; : &quot;All page content is contained by landmarks&quot;,
        &quot;data&quot; : {
          &quot;isIframe&quot; : false
        },
        &quot;relatedNodes&quot; : [ ]
      } ],
      &quot;all&quot; : [ ],
      &quot;none&quot; : [ ],
      &quot;failureSummary&quot; : null
    }, {
      &quot;html&quot; : &quot;&lt;p&gt;Fly with a wookie! Limited time offer! Or would you rather kiss a Wookie? We can arrange that. (Can someone move this walking carpet out of my way?) &lt;a class=\&quot;link-arrow\&quot; href=\&quot;mars2.html?a=wookie\&quot;&gt;Fly with a Wookie!&lt;/a&gt;&lt;/p&gt;&quot;,
      &quot;target&quot; : [ &quot;li:nth-child(5) &gt; .deal-text &gt; p&quot; ],
      &quot;impact&quot; : null,
      &quot;any&quot; : [ {
        &quot;id&quot; : &quot;region&quot;,
        &quot;impact&quot; : &quot;moderate&quot;,
        &quot;message&quot; : &quot;All page content is contained by landmarks&quot;,
        &quot;data&quot; : {
          &quot;isIframe&quot; : false
        },
        &quot;relatedNodes&quot; : [ ]
      } ],
      &quot;all&quot; : [ ],
      &quot;none&quot; : [ ],
      &quot;failureSummary&quot; : null
    }, {
      &quot;html&quot; : &quot;&lt;a class=\&quot;link-arrow\&quot; href=\&quot;mars2.html?a=wookie\&quot;&gt;Fly with a Wookie!&lt;/a&gt;&quot;,
      &quot;target&quot; : [ &quot;li:nth-child(5) &gt; .deal-text &gt; p &gt; .link-arrow[href=\&quot;mars2.html?a=wookie\&quot;]&quot; ],
      &quot;impact&quot; : null,
      &quot;any&quot; : [ {
        &quot;id&quot; : &quot;region&quot;,
        &quot;impact&quot; : &quot;moderate&quot;,
        &quot;message&quot; : &quot;All page content is contained by landmarks&quot;,
        &quot;data&quot; : {
          &quot;isIframe&quot; : false
        },
        &quot;relatedNodes&quot; : [ ]
      } ],
      &quot;all&quot; : [ ],
      &quot;none&quot; : [ ],
      &quot;failureSummary&quot; : null
    }, {
      &quot;html&quot; : &quot;&lt;li style=\&quot;overflow: hidden; float: none; width: 526px; height: 120px;\&quot;&gt;&quot;,
      &quot;target&quot; : [ &quot;.carousel &gt; ul &gt; li:nth-child(6)&quot; ],
      &quot;impact&quot; : null,
      &quot;any&quot; : [ {
        &quot;id&quot; : &quot;region&quot;,
        &quot;impact&quot; : &quot;moderate&quot;,
        &quot;message&quot; : &quot;All page content is contained by landmarks&quot;,
        &quot;data&quot; : {
          &quot;isIframe&quot; : false
        },
        &quot;relatedNodes&quot; : [ ]
      } ],
      &quot;all&quot; : [ ],
      &quot;none&quot; : [ ],
      &quot;failureSummary&quot; : null
    }, {
      &quot;html&quot; : &quot;&lt;a href=\&quot;mars2.html?a=stay_connected\&quot;&gt;\n&lt;img src=\&quot;/assets/demo-sites/mars/images/global-free-days.jpg\&quot; class=\&quot;\&quot; width=\&quot;210\&quot; height=\&quot;120\&quot; alt=\&quot;Martian sunrise.\&quot;&gt;&lt;/a&gt;&quot;,
      &quot;target&quot; : [ &quot;li:nth-child(6) &gt; a[href=\&quot;mars2.html?a=stay_connected\&quot;]&quot; ],
      &quot;impact&quot; : null,
      &quot;any&quot; : [ {
        &quot;id&quot; : &quot;region&quot;,
        &quot;impact&quot; : &quot;moderate&quot;,
        &quot;message&quot; : &quot;All page content is contained by landmarks&quot;,
        &quot;data&quot; : {
          &quot;isIframe&quot; : false
        },
        &quot;relatedNodes&quot; : [ ]
      } ],
      &quot;all&quot; : [ ],
      &quot;none&quot; : [ ],
      &quot;failureSummary&quot; : null
    }, {
      &quot;html&quot; : &quot;&lt;img src=\&quot;/assets/demo-sites/mars/images/global-free-days.jpg\&quot; class=\&quot;\&quot; width=\&quot;210\&quot; height=\&quot;120\&quot; alt=\&quot;Martian sunrise.\&quot;&gt;&quot;,
      &quot;target&quot; : [ &quot;li:nth-child(6) &gt; a[href=\&quot;mars2.html?a=stay_connected\&quot;] &gt; img[alt=\&quot;Martian sunrise.\&quot;][width=\&quot;210\&quot;][height=\&quot;120\&quot;]&quot; ],
      &quot;impact&quot; : null,
      &quot;any&quot; : [ {
        &quot;id&quot; : &quot;region&quot;,
        &quot;impact&quot; : &quot;moderate&quot;,
        &quot;message&quot; : &quot;All page content is contained by landmarks&quot;,
        &quot;data&quot; : {
          &quot;isIframe&quot; : false
        },
        &quot;relatedNodes&quot; : [ ]
      } ],
      &quot;all&quot; : [ ],
      &quot;none&quot; : [ ],
      &quot;failureSummary&quot; : null
    }, {
      &quot;html&quot; : &quot;&lt;div class=\&quot;deal-text\&quot;&gt;&quot;,
      &quot;target&quot; : [ &quot;li:nth-child(6) &gt; .deal-text&quot; ],
      &quot;impact&quot; : null,
      &quot;any&quot; : [ {
        &quot;id&quot; : &quot;region&quot;,
        &quot;impact&quot; : &quot;moderate&quot;,
        &quot;message&quot; : &quot;All page content is contained by landmarks&quot;,
        &quot;data&quot; : {
          &quot;isIframe&quot; : false
        },
        &quot;relatedNodes&quot; : [ ]
      } ],
      &quot;all&quot; : [ ],
      &quot;none&quot; : [ ],
      &quot;failureSummary&quot; : null
    }, {
      &quot;html&quot; : &quot;&lt;h3&gt;\n            &lt;a class=\&quot;\&quot; href=\&quot;mars2.html?a=stay_connected\&quot;&gt;Get Radio on Uranus &lt;/a&gt;&lt;/h3&gt;&quot;,
      &quot;target&quot; : [ &quot;li:nth-child(6) &gt; .deal-text &gt; h3&quot; ],
      &quot;impact&quot; : null,
      &quot;any&quot; : [ {
        &quot;id&quot; : &quot;region&quot;,
        &quot;impact&quot; : &quot;moderate&quot;,
        &quot;message&quot; : &quot;All page content is contained by landmarks&quot;,
        &quot;data&quot; : {
          &quot;isIframe&quot; : false
        },
        &quot;relatedNodes&quot; : [ ]
      } ],
      &quot;all&quot; : [ ],
      &quot;none&quot; : [ ],
      &quot;failureSummary&quot; : null
    }, {
      &quot;html&quot; : &quot;&lt;a class=\&quot;\&quot; href=\&quot;mars2.html?a=stay_connected\&quot;&gt;Get Radio on Uranus &lt;/a&gt;&quot;,
      &quot;target&quot; : [ &quot;li:nth-child(6) &gt; .deal-text &gt; h3 &gt; a[href=\&quot;mars2.html?a=stay_connected\&quot;]&quot; ],
      &quot;impact&quot; : null,
      &quot;any&quot; : [ {
        &quot;id&quot; : &quot;region&quot;,
        &quot;impact&quot; : &quot;moderate&quot;,
        &quot;message&quot; : &quot;All page content is contained by landmarks&quot;,
        &quot;data&quot; : {
          &quot;isIframe&quot; : false
        },
        &quot;relatedNodes&quot; : [ ]
      } ],
      &quot;all&quot; : [ ],
      &quot;none&quot; : [ ],
      &quot;failureSummary&quot; : null
    }, {
      &quot;html&quot; : &quot;&lt;p&gt;All of our packages come with radio connectivity to the far reaches of the solar system. Yup, you too can get Justin Bieber on Uranus. &lt;a href=\&quot;mars2.html?a=stay_connected\&quot;&gt;Find out about radio connectivity today.&lt;/a&gt;&lt;/p&gt;&quot;,
      &quot;target&quot; : [ &quot;li:nth-child(6) &gt; .deal-text &gt; p&quot; ],
      &quot;impact&quot; : null,
      &quot;any&quot; : [ {
        &quot;id&quot; : &quot;region&quot;,
        &quot;impact&quot; : &quot;moderate&quot;,
        &quot;message&quot; : &quot;All page content is contained by landmarks&quot;,
        &quot;data&quot; : {
          &quot;isIframe&quot; : false
        },
        &quot;relatedNodes&quot; : [ ]
      } ],
      &quot;all&quot; : [ ],
      &quot;none&quot; : [ ],
      &quot;failureSummary&quot; : null
    }, {
      &quot;html&quot; : &quot;&lt;a href=\&quot;mars2.html?a=stay_connected\&quot;&gt;Find out about radio connectivity today.&lt;/a&gt;&quot;,
      &quot;target&quot; : [ &quot;li:nth-child(6) &gt; .deal-text &gt; p &gt; a[href=\&quot;mars2.html?a=stay_connected\&quot;]&quot; ],
      &quot;impact&quot; : null,
      &quot;any&quot; : [ {
        &quot;id&quot; : &quot;region&quot;,
        &quot;impact&quot; : &quot;moderate&quot;,
        &quot;message&quot; : &quot;All page content is contained by landmarks&quot;,
        &quot;data&quot; : {
          &quot;isIframe&quot; : false
        },
        &quot;relatedNodes&quot; : [ ]
      } ],
      &quot;all&quot; : [ ],
      &quot;none&quot; : [ ],
      &quot;failureSummary&quot; : null
    }, {
      &quot;html&quot; : &quot;&lt;li style=\&quot;overflow: hidden; float: none; width: 526px; height: 120px;\&quot;&gt;&quot;,
      &quot;target&quot; : [ &quot;.carousel &gt; ul &gt; li:nth-child(7)&quot; ],
      &quot;impact&quot; : null,
      &quot;any&quot; : [ {
        &quot;id&quot; : &quot;region&quot;,
        &quot;impact&quot; : &quot;moderate&quot;,
        &quot;message&quot; : &quot;All page content is contained by landmarks&quot;,
        &quot;data&quot; : {
          &quot;isIframe&quot; : false
        },
        &quot;relatedNodes&quot; : [ ]
      } ],
      &quot;all&quot; : [ ],
      &quot;none&quot; : [ ],
      &quot;failureSummary&quot; : null
    }, {
      &quot;html&quot; : &quot;&lt;a href=\&quot;mars2.html?a=free_year\&quot;&gt;\n&lt;img src=\&quot;/assets/demo-sites/mars/images/mars-sunrise.jpg\&quot; class=\&quot;\&quot; width=\&quot;210\&quot; height=\&quot;120\&quot; alt=\&quot;Beautiful baboon, blowing bubbles, biking backward\&quot;&gt;&lt;/a&gt;&quot;,
      &quot;target&quot; : [ &quot;li:nth-child(7) &gt; a[href=\&quot;mars2.html?a=free_year\&quot;]&quot; ],
      &quot;impact&quot; : null,
      &quot;any&quot; : [ {
        &quot;id&quot; : &quot;region&quot;,
        &quot;impact&quot; : &quot;moderate&quot;,
        &quot;message&quot; : &quot;All page content is contained by landmarks&quot;,
        &quot;data&quot; : {
          &quot;isIframe&quot; : false
        },
        &quot;relatedNodes&quot; : [ ]
      } ],
      &quot;all&quot; : [ ],
      &quot;none&quot; : [ ],
      &quot;failureSummary&quot; : null
    }, {
      &quot;html&quot; : &quot;&lt;img src=\&quot;/assets/demo-sites/mars/images/mars-sunrise.jpg\&quot; class=\&quot;\&quot; width=\&quot;210\&quot; height=\&quot;120\&quot; alt=\&quot;Beautiful baboon, blowing bubbles, biking backward\&quot;&gt;&quot;,
      &quot;target&quot; : [ &quot;li:nth-child(7) &gt; a[href=\&quot;mars2.html?a=free_year\&quot;] &gt; img[width=\&quot;210\&quot;][height=\&quot;120\&quot;]&quot; ],
      &quot;impact&quot; : null,
      &quot;any&quot; : [ {
        &quot;id&quot; : &quot;region&quot;,
        &quot;impact&quot; : &quot;moderate&quot;,
        &quot;message&quot; : &quot;All page content is contained by landmarks&quot;,
        &quot;data&quot; : {
          &quot;isIframe&quot; : false
        },
        &quot;relatedNodes&quot; : [ ]
      } ],
      &quot;all&quot; : [ ],
      &quot;none&quot; : [ ],
      &quot;failureSummary&quot; : null
    }, {
      &quot;html&quot; : &quot;&lt;div class=\&quot;deal-text\&quot;&gt;&quot;,
      &quot;target&quot; : [ &quot;li:nth-child(7) &gt; .deal-text&quot; ],
      &quot;impact&quot; : null,
      &quot;any&quot; : [ {
        &quot;id&quot; : &quot;region&quot;,
        &quot;impact&quot; : &quot;moderate&quot;,
        &quot;message&quot; : &quot;All page content is contained by landmarks&quot;,
        &quot;data&quot; : {
          &quot;isIframe&quot; : false
        },
        &quot;relatedNodes&quot; : [ ]
      } ],
      &quot;all&quot; : [ ],
      &quot;none&quot; : [ ],
      &quot;failureSummary&quot; : null
    }, {
      &quot;html&quot; : &quot;&lt;h3&gt;\n            &lt;a class=\&quot;\&quot; href=\&quot;mars2.html?a=free_year\&quot;&gt;Free Year on Mars&lt;/a&gt;&lt;/h3&gt;&quot;,
      &quot;target&quot; : [ &quot;li:nth-child(7) &gt; .deal-text &gt; h3&quot; ],
      &quot;impact&quot; : null,
      &quot;any&quot; : [ {
        &quot;id&quot; : &quot;region&quot;,
        &quot;impact&quot; : &quot;moderate&quot;,
        &quot;message&quot; : &quot;All page content is contained by landmarks&quot;,
        &quot;data&quot; : {
          &quot;isIframe&quot; : false
        },
        &quot;relatedNodes&quot; : [ ]
      } ],
      &quot;all&quot; : [ ],
      &quot;none&quot; : [ ],
      &quot;failureSummary&quot; : null
    }, {
      &quot;html&quot; : &quot;&lt;a class=\&quot;\&quot; href=\&quot;mars2.html?a=free_year\&quot;&gt;Free Year on Mars&lt;/a&gt;&quot;,
      &quot;target&quot; : [ &quot;li:nth-child(7) &gt; .deal-text &gt; h3 &gt; a[href=\&quot;mars2.html?a=free_year\&quot;]&quot; ],
      &quot;impact&quot; : null,
      &quot;any&quot; : [ {
        &quot;id&quot; : &quot;region&quot;,
        &quot;impact&quot; : &quot;moderate&quot;,
        &quot;message&quot; : &quot;All page content is contained by landmarks&quot;,
        &quot;data&quot; : {
          &quot;isIframe&quot; : false
        },
        &quot;relatedNodes&quot; : [ ]
      } ],
      &quot;all&quot; : [ ],
      &quot;none&quot; : [ ],
      &quot;failureSummary&quot; : null
    }, {
      &quot;html&quot; : &quot;&lt;p&gt;Book ten years on Mars and get an extra year for free! Eleven years on Mars! Yay! Oxygen and water not included. &lt;a href=\&quot;mars2.html?a=free_year\&quot;&gt;Book a free year on Mars&lt;/a&gt;.&lt;/p&gt;&quot;,
      &quot;target&quot; : [ &quot;li:nth-child(7) &gt; .deal-text &gt; p&quot; ],
      &quot;impact&quot; : null,
      &quot;any&quot; : [ {
        &quot;id&quot; : &quot;region&quot;,
        &quot;impact&quot; : &quot;moderate&quot;,
        &quot;message&quot; : &quot;All page content is contained by landmarks&quot;,
        &quot;data&quot; : {
          &quot;isIframe&quot; : false
        },
        &quot;relatedNodes&quot; : [ ]
      } ],
      &quot;all&quot; : [ ],
      &quot;none&quot; : [ ],
      &quot;failureSummary&quot; : null
    }, {
      &quot;html&quot; : &quot;&lt;a href=\&quot;mars2.html?a=free_year\&quot;&gt;Book a free year on Mars&lt;/a&gt;&quot;,
      &quot;target&quot; : [ &quot;li:nth-child(7) &gt; .deal-text &gt; p &gt; a[href=\&quot;mars2.html?a=free_year\&quot;]&quot; ],
      &quot;impact&quot; : null,
      &quot;any&quot; : [ {
        &quot;id&quot; : &quot;region&quot;,
        &quot;impact&quot; : &quot;moderate&quot;,
        &quot;message&quot; : &quot;All page content is contained by landmarks&quot;,
        &quot;data&quot; : {
          &quot;isIframe&quot; : false
        },
        &quot;relatedNodes&quot; : [ ]
      } ],
      &quot;all&quot; : [ ],
      &quot;none&quot; : [ ],
      &quot;failureSummary&quot; : null
    }, {
      &quot;html&quot; : &quot;&lt;li style=\&quot;overflow: hidden; float: none; width: 526px; height: 120px;\&quot;&gt;&quot;,
      &quot;target&quot; : [ &quot;li:nth-child(8)&quot; ],
      &quot;impact&quot; : null,
      &quot;any&quot; : [ {
        &quot;id&quot; : &quot;region&quot;,
        &quot;impact&quot; : &quot;moderate&quot;,
        &quot;message&quot; : &quot;All page content is contained by landmarks&quot;,
        &quot;data&quot; : {
          &quot;isIframe&quot; : false
        },
        &quot;relatedNodes&quot; : [ ]
      } ],
      &quot;all&quot; : [ ],
      &quot;none&quot; : [ ],
      &quot;failureSummary&quot; : null
    }, {
      &quot;html&quot; : &quot;&lt;a href=\&quot;mars2.html?a=crater_adventure\&quot;&gt;\n&lt;img src=\&quot;/assets/demo-sites/mars/images/mars-spaceman.jpg\&quot; class=\&quot;\&quot; width=\&quot;210\&quot; height=\&quot;120\&quot;&gt;&lt;/a&gt;&quot;,
      &quot;target&quot; : [ &quot;li:nth-child(8) &gt; a[href=\&quot;mars2.html?a=crater_adventure\&quot;]&quot; ],
      &quot;impact&quot; : null,
      &quot;any&quot; : [ {
        &quot;id&quot; : &quot;region&quot;,
        &quot;impact&quot; : &quot;moderate&quot;,
        &quot;message&quot; : &quot;All page content is contained by landmarks&quot;,
        &quot;data&quot; : {
          &quot;isIframe&quot; : false
        },
        &quot;relatedNodes&quot; : [ ]
      } ],
      &quot;all&quot; : [ ],
      &quot;none&quot; : [ ],
      &quot;failureSummary&quot; : null
    }, {
      &quot;html&quot; : &quot;&lt;img src=\&quot;/assets/demo-sites/mars/images/mars-spaceman.jpg\&quot; class=\&quot;\&quot; width=\&quot;210\&quot; height=\&quot;120\&quot;&gt;&quot;,
      &quot;target&quot; : [ &quot;li:nth-child(8) &gt; a[href=\&quot;mars2.html?a=crater_adventure\&quot;] &gt; img[width=\&quot;210\&quot;][height=\&quot;120\&quot;]&quot; ],
      &quot;impact&quot; : null,
      &quot;any&quot; : [ {
        &quot;id&quot; : &quot;region&quot;,
        &quot;impact&quot; : &quot;moderate&quot;,
        &quot;message&quot; : &quot;All page content is contained by landmarks&quot;,
        &quot;data&quot; : {
          &quot;isIframe&quot; : false
        },
        &quot;relatedNodes&quot; : [ ]
      } ],
      &quot;all&quot; : [ ],
      &quot;none&quot; : [ ],
      &quot;failureSummary&quot; : null
    }, {
      &quot;html&quot; : &quot;&lt;div class=\&quot;deal-text\&quot;&gt;&quot;,
      &quot;target&quot; : [ &quot;li:nth-child(8) &gt; .deal-text&quot; ],
      &quot;impact&quot; : null,
      &quot;any&quot; : [ {
        &quot;id&quot; : &quot;region&quot;,
        &quot;impact&quot; : &quot;moderate&quot;,
        &quot;message&quot; : &quot;All page content is contained by landmarks&quot;,
        &quot;data&quot; : {
          &quot;isIframe&quot; : false
        },
        &quot;relatedNodes&quot; : [ ]
      } ],
      &quot;all&quot; : [ ],
      &quot;none&quot; : [ ],
      &quot;failureSummary&quot; : null
    }, {
      &quot;html&quot; : &quot;&lt;h3&gt;\n            &lt;a class=\&quot;\&quot; href=\&quot;mars2.html?a=crater_adventure\&quot;&gt;10% off Crater Adventure&lt;/a&gt;&lt;/h3&gt;&quot;,
      &quot;target&quot; : [ &quot;li:nth-child(8) &gt; .deal-text &gt; h3&quot; ],
      &quot;impact&quot; : null,
      &quot;any&quot; : [ {
        &quot;id&quot; : &quot;region&quot;,
        &quot;impact&quot; : &quot;moderate&quot;,
        &quot;message&quot; : &quot;All page content is contained by landmarks&quot;,
        &quot;data&quot; : {
          &quot;isIframe&quot; : false
        },
        &quot;relatedNodes&quot; : [ ]
      } ],
      &quot;all&quot; : [ ],
      &quot;none&quot; : [ ],
      &quot;failureSummary&quot; : null
    }, {
      &quot;html&quot; : &quot;&lt;a class=\&quot;\&quot; href=\&quot;mars2.html?a=crater_adventure\&quot;&gt;10% off Crater Adventure&lt;/a&gt;&quot;,
      &quot;target&quot; : [ &quot;li:nth-child(8) &gt; .deal-text &gt; h3 &gt; a[href=\&quot;mars2.html?a=crater_adventure\&quot;]&quot; ],
      &quot;impact&quot; : null,
      &quot;any&quot; : [ {
        &quot;id&quot; : &quot;region&quot;,
        &quot;impact&quot; : &quot;moderate&quot;,
        &quot;message&quot; : &quot;All page content is contained by landmarks&quot;,
        &quot;data&quot; : {
          &quot;isIframe&quot; : false
        },
        &quot;relatedNodes&quot; : [ ]
      } ],
      &quot;all&quot; : [ ],
      &quot;none&quot; : [ ],
      &quot;failureSummary&quot; : null
    }, {
      &quot;html&quot; : &quot;&lt;p&gt;Book select MarStar Crater tickets and enjoy 10% off the Crater Adventures Pass. Safety not guaranteed. &lt;a href=\&quot;mars2.html?a=crater_adventure\&quot;&gt;Book your MarStar Crater Package today to save!&lt;/a&gt;&lt;/p&gt;&quot;,
      &quot;target&quot; : [ &quot;li:nth-child(8) &gt; .deal-text &gt; p&quot; ],
      &quot;impact&quot; : null,
      &quot;any&quot; : [ {
        &quot;id&quot; : &quot;region&quot;,
        &quot;impact&quot; : &quot;moderate&quot;,
        &quot;message&quot; : &quot;All page content is contained by landmarks&quot;,
        &quot;data&quot; : {
          &quot;isIframe&quot; : false
        },
        &quot;relatedNodes&quot; : [ ]
      } ],
      &quot;all&quot; : [ ],
      &quot;none&quot; : [ ],
      &quot;failureSummary&quot; : null
    }, {
      &quot;html&quot; : &quot;&lt;a href=\&quot;mars2.html?a=crater_adventure\&quot;&gt;Book your MarStar Crater Package today to save!&lt;/a&gt;&quot;,
      &quot;target&quot; : [ &quot;li:nth-child(8) &gt; .deal-text &gt; p &gt; a[href=\&quot;mars2.html?a=crater_adventure\&quot;]&quot; ],
      &quot;impact&quot; : null,
      &quot;any&quot; : [ {
        &quot;id&quot; : &quot;region&quot;,
        &quot;impact&quot; : &quot;moderate&quot;,
        &quot;message&quot; : &quot;All page content is contained by landmarks&quot;,
        &quot;data&quot; : {
          &quot;isIframe&quot; : false
        },
        &quot;relatedNodes&quot; : [ ]
      } ],
      &quot;all&quot; : [ ],
      &quot;none&quot; : [ ],
      &quot;failureSummary&quot; : null
    }, {
      &quot;html&quot; : &quot;&lt;li style=\&quot;overflow: hidden; float: none; width: 526px; height: 120px;\&quot;&gt;&quot;,
      &quot;target&quot; : [ &quot;li:nth-child(9)&quot; ],
      &quot;impact&quot; : null,
      &quot;any&quot; : [ {
        &quot;id&quot; : &quot;region&quot;,
        &quot;impact&quot; : &quot;moderate&quot;,
        &quot;message&quot; : &quot;All page content is contained by landmarks&quot;,
        &quot;data&quot; : {
          &quot;isIframe&quot; : false
        },
        &quot;relatedNodes&quot; : [ ]
      } ],
      &quot;all&quot; : [ ],
      &quot;none&quot; : [ ],
      &quot;failureSummary&quot; : null
    }, {
      &quot;html&quot; : &quot;&lt;a href=\&quot;mars2.html?a=ice_cream\&quot;&gt;\n&lt;img src=\&quot;/assets/demo-sites/mars/images/space-station.jpg\&quot; class=\&quot;\&quot; width=\&quot;210\&quot; height=\&quot;120\&quot; alt=\&quot;icecream.jpg \&quot;&gt;&lt;/a&gt;&quot;,
      &quot;target&quot; : [ &quot;li:nth-child(9) &gt; a[href=\&quot;mars2.html?a=ice_cream\&quot;]&quot; ],
      &quot;impact&quot; : null,
      &quot;any&quot; : [ {
        &quot;id&quot; : &quot;region&quot;,
        &quot;impact&quot; : &quot;moderate&quot;,
        &quot;message&quot; : &quot;All page content is contained by landmarks&quot;,
        &quot;data&quot; : {
          &quot;isIframe&quot; : false
        },
        &quot;relatedNodes&quot; : [ ]
      } ],
      &quot;all&quot; : [ ],
      &quot;none&quot; : [ ],
      &quot;failureSummary&quot; : null
    }, {
      &quot;html&quot; : &quot;&lt;img src=\&quot;/assets/demo-sites/mars/images/space-station.jpg\&quot; class=\&quot;\&quot; width=\&quot;210\&quot; height=\&quot;120\&quot; alt=\&quot;icecream.jpg \&quot;&gt;&quot;,
      &quot;target&quot; : [ &quot;li:nth-child(9) &gt; a[href=\&quot;mars2.html?a=ice_cream\&quot;] &gt; img[alt=\&quot;icecream.jpg \&quot;][width=\&quot;210\&quot;][height=\&quot;120\&quot;]&quot; ],
      &quot;impact&quot; : null,
      &quot;any&quot; : [ {
        &quot;id&quot; : &quot;region&quot;,
        &quot;impact&quot; : &quot;moderate&quot;,
        &quot;message&quot; : &quot;All page content is contained by landmarks&quot;,
        &quot;data&quot; : {
          &quot;isIframe&quot; : false
        },
        &quot;relatedNodes&quot; : [ ]
      } ],
      &quot;all&quot; : [ ],
      &quot;none&quot; : [ ],
      &quot;failureSummary&quot; : null
    }, {
      &quot;html&quot; : &quot;&lt;div class=\&quot;deal-text\&quot;&gt;&quot;,
      &quot;target&quot; : [ &quot;li:nth-child(9) &gt; .deal-text&quot; ],
      &quot;impact&quot; : null,
      &quot;any&quot; : [ {
        &quot;id&quot; : &quot;region&quot;,
        &quot;impact&quot; : &quot;moderate&quot;,
        &quot;message&quot; : &quot;All page content is contained by landmarks&quot;,
        &quot;data&quot; : {
          &quot;isIframe&quot; : false
        },
        &quot;relatedNodes&quot; : [ ]
      } ],
      &quot;all&quot; : [ ],
      &quot;none&quot; : [ ],
      &quot;failureSummary&quot; : null
    }, {
      &quot;html&quot; : &quot;&lt;h3&gt;\n            &lt;a class=\&quot;\&quot; href=\&quot;mars2.html?a=ice_cream\&quot;&gt;Free Astronaut Ice Cream&lt;/a&gt;&lt;/h3&gt;&quot;,
      &quot;target&quot; : [ &quot;li:nth-child(9) &gt; .deal-text &gt; h3&quot; ],
      &quot;impact&quot; : null,
      &quot;any&quot; : [ {
        &quot;id&quot; : &quot;region&quot;,
        &quot;impact&quot; : &quot;moderate&quot;,
        &quot;message&quot; : &quot;All page content is contained by landmarks&quot;,
        &quot;data&quot; : {
          &quot;isIframe&quot; : false
        },
        &quot;relatedNodes&quot; : [ ]
      } ],
      &quot;all&quot; : [ ],
      &quot;none&quot; : [ ],
      &quot;failureSummary&quot; : null
    }, {
      &quot;html&quot; : &quot;&lt;a class=\&quot;\&quot; href=\&quot;mars2.html?a=ice_cream\&quot;&gt;Free Astronaut Ice Cream&lt;/a&gt;&quot;,
      &quot;target&quot; : [ &quot;li:nth-child(9) &gt; .deal-text &gt; h3 &gt; a[href=\&quot;mars2.html?a=ice_cream\&quot;]&quot; ],
      &quot;impact&quot; : null,
      &quot;any&quot; : [ {
        &quot;id&quot; : &quot;region&quot;,
        &quot;impact&quot; : &quot;moderate&quot;,
        &quot;message&quot; : &quot;All page content is contained by landmarks&quot;,
        &quot;data&quot; : {
          &quot;isIframe&quot; : false
        },
        &quot;relatedNodes&quot; : [ ]
      } ],
      &quot;all&quot; : [ ],
      &quot;none&quot; : [ ],
      &quot;failureSummary&quot; : null
    }, {
      &quot;html&quot; : &quot;&lt;p&gt;Spend an extra 3 months in orbit around Mars in our newly-remodelled MarsPod and get a free package of freeze-wrapped dehydrated astronaut ice cream. &lt;a class=\&quot;link-arrow\&quot; href=\&quot;mars2.html?a=ice_cream\&quot;&gt;Get your free dehydrated ice cream!&lt;/a&gt;\n&lt;/p&gt;&quot;,
      &quot;target&quot; : [ &quot;li:nth-child(9) &gt; .deal-text &gt; p&quot; ],
      &quot;impact&quot; : null,
      &quot;any&quot; : [ {
        &quot;id&quot; : &quot;region&quot;,
        &quot;impact&quot; : &quot;moderate&quot;,
        &quot;message&quot; : &quot;All page content is contained by landmarks&quot;,
        &quot;data&quot; : {
          &quot;isIframe&quot; : false
        },
        &quot;relatedNodes&quot; : [ ]
      } ],
      &quot;all&quot; : [ ],
      &quot;none&quot; : [ ],
      &quot;failureSummary&quot; : null
    }, {
      &quot;html&quot; : &quot;&lt;a class=\&quot;link-arrow\&quot; href=\&quot;mars2.html?a=ice_cream\&quot;&gt;Get your free dehydrated ice cream!&lt;/a&gt;&quot;,
      &quot;target&quot; : [ &quot;li:nth-child(9) &gt; .deal-text &gt; p &gt; .link-arrow[href=\&quot;mars2.html?a=ice_cream\&quot;]&quot; ],
      &quot;impact&quot; : null,
      &quot;any&quot; : [ {
        &quot;id&quot; : &quot;region&quot;,
        &quot;impact&quot; : &quot;moderate&quot;,
        &quot;message&quot; : &quot;All page content is contained by landmarks&quot;,
        &quot;data&quot; : {
          &quot;isIframe&quot; : false
        },
        &quot;relatedNodes&quot; : [ ]
      } ],
      &quot;all&quot; : [ ],
      &quot;none&quot; : [ ],
      &quot;failureSummary&quot; : null
    }, {
      &quot;html&quot; : &quot;&lt;li style=\&quot;overflow: hidden; float: none; width: 526px; height: 120px;\&quot;&gt;&quot;,
      &quot;target&quot; : [ &quot;li:nth-child(10)&quot; ],
      &quot;impact&quot; : null,
      &quot;any&quot; : [ {
        &quot;id&quot; : &quot;region&quot;,
        &quot;impact&quot; : &quot;moderate&quot;,
        &quot;message&quot; : &quot;All page content is contained by landmarks&quot;,
        &quot;data&quot; : {
          &quot;isIframe&quot; : false
        },
        &quot;relatedNodes&quot; : [ ]
      } ],
      &quot;all&quot; : [ ],
      &quot;none&quot; : [ ],
      &quot;failureSummary&quot; : null
    }, {
      &quot;html&quot; : &quot;&lt;a href=\&quot;mars2.html?a=low_price_guarantee\&quot;&gt; &lt;img src=\&quot;/assets/demo-sites/mars/images/mars-lander.jpg\&quot; class=\&quot;\&quot; width=\&quot;210\&quot; height=\&quot;120\&quot; alt=\&quot;Mars Lander\&quot;&gt;&lt;/a&gt;&quot;,
      &quot;target&quot; : [ &quot;li:nth-child(10) &gt; a&quot; ],
      &quot;impact&quot; : null,
      &quot;any&quot; : [ {
        &quot;id&quot; : &quot;region&quot;,
        &quot;impact&quot; : &quot;moderate&quot;,
        &quot;message&quot; : &quot;All page content is contained by landmarks&quot;,
        &quot;data&quot; : {
          &quot;isIframe&quot; : false
        },
        &quot;relatedNodes&quot; : [ ]
      } ],
      &quot;all&quot; : [ ],
      &quot;none&quot; : [ ],
      &quot;failureSummary&quot; : null
    }, {
      &quot;html&quot; : &quot;&lt;img src=\&quot;/assets/demo-sites/mars/images/mars-lander.jpg\&quot; class=\&quot;\&quot; width=\&quot;210\&quot; height=\&quot;120\&quot; alt=\&quot;Mars Lander\&quot;&gt;&quot;,
      &quot;target&quot; : [ &quot;li:nth-child(10) &gt; a &gt; img[alt=\&quot;Mars Lander\&quot;][width=\&quot;210\&quot;][height=\&quot;120\&quot;]&quot; ],
      &quot;impact&quot; : null,
      &quot;any&quot; : [ {
        &quot;id&quot; : &quot;region&quot;,
        &quot;impact&quot; : &quot;moderate&quot;,
        &quot;message&quot; : &quot;All page content is contained by landmarks&quot;,
        &quot;data&quot; : {
          &quot;isIframe&quot; : false
        },
        &quot;relatedNodes&quot; : [ ]
      } ],
      &quot;all&quot; : [ ],
      &quot;none&quot; : [ ],
      &quot;failureSummary&quot; : null
    }, {
      &quot;html&quot; : &quot;&lt;div class=\&quot;deal-text\&quot;&gt;&quot;,
      &quot;target&quot; : [ &quot;li:nth-child(10) &gt; .deal-text&quot; ],
      &quot;impact&quot; : null,
      &quot;any&quot; : [ {
        &quot;id&quot; : &quot;region&quot;,
        &quot;impact&quot; : &quot;moderate&quot;,
        &quot;message&quot; : &quot;All page content is contained by landmarks&quot;,
        &quot;data&quot; : {
          &quot;isIframe&quot; : false
        },
        &quot;relatedNodes&quot; : [ ]
      } ],
      &quot;all&quot; : [ ],
      &quot;none&quot; : [ ],
      &quot;failureSummary&quot; : null
    }, {
      &quot;html&quot; : &quot;&lt;h3&gt; &lt;a class=\&quot;link\&quot; href=\&quot;mars2.html?a=low_price_guarantee\&quot;&gt;Lowest Price Guarantee&lt;/a&gt;&lt;/h3&gt;&quot;,
      &quot;target&quot; : [ &quot;li:nth-child(10) &gt; .deal-text &gt; h3&quot; ],
      &quot;impact&quot; : null,
      &quot;any&quot; : [ {
        &quot;id&quot; : &quot;region&quot;,
        &quot;impact&quot; : &quot;moderate&quot;,
        &quot;message&quot; : &quot;All page content is contained by landmarks&quot;,
        &quot;data&quot; : {
          &quot;isIframe&quot; : false
        },
        &quot;relatedNodes&quot; : [ ]
      } ],
      &quot;all&quot; : [ ],
      &quot;none&quot; : [ ],
      &quot;failureSummary&quot; : null
    }, {
      &quot;html&quot; : &quot;&lt;a class=\&quot;link\&quot; href=\&quot;mars2.html?a=low_price_guarantee\&quot;&gt;Lowest Price Guarantee&lt;/a&gt;&quot;,
      &quot;target&quot; : [ &quot;li:nth-child(10) &gt; .deal-text &gt; h3 &gt; .link&quot; ],
      &quot;impact&quot; : null,
      &quot;any&quot; : [ {
        &quot;id&quot; : &quot;region&quot;,
        &quot;impact&quot; : &quot;moderate&quot;,
        &quot;message&quot; : &quot;All page content is contained by landmarks&quot;,
        &quot;data&quot; : {
          &quot;isIframe&quot; : false
        },
        &quot;relatedNodes&quot; : [ ]
      } ],
      &quot;all&quot; : [ ],
      &quot;none&quot; : [ ],
      &quot;failureSummary&quot; : null
    }, {
      &quot;html&quot; : &quot;&lt;p&gt;If within 24 hours of booking with us you find a lower online published price for the exact same rocket ticket to Mars, we buy you a milkshake, then send you on a one-way trip to the Sun. &lt;a href=\&quot;mars2.html?a=low_price_guarantee\&quot;&gt;Find out how this deal works.&lt;/a&gt; &lt;/p&gt;&quot;,
      &quot;target&quot; : [ &quot;li:nth-child(10) &gt; .deal-text &gt; p:nth-child(2)&quot; ],
      &quot;impact&quot; : null,
      &quot;any&quot; : [ {
        &quot;id&quot; : &quot;region&quot;,
        &quot;impact&quot; : &quot;moderate&quot;,
        &quot;message&quot; : &quot;All page content is contained by landmarks&quot;,
        &quot;data&quot; : {
          &quot;isIframe&quot; : false
        },
        &quot;relatedNodes&quot; : [ ]
      } ],
      &quot;all&quot; : [ ],
      &quot;none&quot; : [ ],
      &quot;failureSummary&quot; : null
    }, {
      &quot;html&quot; : &quot;&lt;a href=\&quot;mars2.html?a=low_price_guarantee\&quot;&gt;Find out how this deal works.&lt;/a&gt;&quot;,
      &quot;target&quot; : [ &quot;li:nth-child(10) &gt; .deal-text &gt; p:nth-child(2) &gt; a&quot; ],
      &quot;impact&quot; : null,
      &quot;any&quot; : [ {
        &quot;id&quot; : &quot;region&quot;,
        &quot;impact&quot; : &quot;moderate&quot;,
        &quot;message&quot; : &quot;All page content is contained by landmarks&quot;,
        &quot;data&quot; : {
          &quot;isIframe&quot; : false
        },
        &quot;relatedNodes&quot; : [ ]
      } ],
      &quot;all&quot; : [ ],
      &quot;none&quot; : [ ],
      &quot;failureSummary&quot; : null
    }, {
      &quot;html&quot; : &quot;&lt;p&gt;&amp;nbsp;&lt;/p&gt;&quot;,
      &quot;target&quot; : [ &quot;li:nth-child(10) &gt; .deal-text &gt; p:nth-child(3)&quot; ],
      &quot;impact&quot; : null,
      &quot;any&quot; : [ {
        &quot;id&quot; : &quot;region&quot;,
        &quot;impact&quot; : &quot;moderate&quot;,
        &quot;message&quot; : &quot;All page content is contained by landmarks&quot;,
        &quot;data&quot; : {
          &quot;isIframe&quot; : false
        },
        &quot;relatedNodes&quot; : [ ]
      } ],
      &quot;all&quot; : [ ],
      &quot;none&quot; : [ ],
      &quot;failureSummary&quot; : null
    }, {
      &quot;html&quot; : &quot;&lt;p&gt;&lt;/p&gt;&quot;,
      &quot;target&quot; : [ &quot;li:nth-child(10) &gt; .deal-text &gt; p:nth-child(4)&quot; ],
      &quot;impact&quot; : null,
      &quot;any&quot; : [ {
        &quot;id&quot; : &quot;region&quot;,
        &quot;impact&quot; : &quot;moderate&quot;,
        &quot;message&quot; : &quot;All page content is contained by landmarks&quot;,
        &quot;data&quot; : {
          &quot;isIframe&quot; : false
        },
        &quot;relatedNodes&quot; : [ ]
      } ],
      &quot;all&quot; : [ ],
      &quot;none&quot; : [ ],
      &quot;failureSummary&quot; : null
    }, {
      &quot;html&quot; : &quot;&lt;li style=\&quot;overflow: hidden; float: none; width: 526px; height: 120px;\&quot;&gt;&quot;,
      &quot;target&quot; : [ &quot;li:nth-child(11)&quot; ],
      &quot;impact&quot; : null,
      &quot;any&quot; : [ {
        &quot;id&quot; : &quot;region&quot;,
        &quot;impact&quot; : &quot;moderate&quot;,
        &quot;message&quot; : &quot;All page content is contained by landmarks&quot;,
        &quot;data&quot; : {
          &quot;isIframe&quot; : false
        },
        &quot;relatedNodes&quot; : [ ]
      } ],
      &quot;all&quot; : [ ],
      &quot;none&quot; : [ ],
      &quot;failureSummary&quot; : null
    }, {
      &quot;html&quot; : &quot;&lt;a href=\&quot;mars2.html?a=send_kids_to_mars\&quot;&gt;\n&lt;img src=\&quot;/assets/demo-sites/mars/images/kids-space.jpg\&quot; class=\&quot;\&quot; width=\&quot;210\&quot; height=\&quot;120\&quot; alt=\&quot;Kids in space suits \&quot;&gt;&lt;/a&gt;&quot;,
      &quot;target&quot; : [ &quot;li:nth-child(11) &gt; a[href=\&quot;mars2.html?a=send_kids_to_mars\&quot;]&quot; ],
      &quot;impact&quot; : null,
      &quot;any&quot; : [ {
        &quot;id&quot; : &quot;region&quot;,
        &quot;impact&quot; : &quot;moderate&quot;,
        &quot;message&quot; : &quot;All page content is contained by landmarks&quot;,
        &quot;data&quot; : {
          &quot;isIframe&quot; : false
        },
        &quot;relatedNodes&quot; : [ ]
      } ],
      &quot;all&quot; : [ ],
      &quot;none&quot; : [ ],
      &quot;failureSummary&quot; : null
    }, {
      &quot;html&quot; : &quot;&lt;img src=\&quot;/assets/demo-sites/mars/images/kids-space.jpg\&quot; class=\&quot;\&quot; width=\&quot;210\&quot; height=\&quot;120\&quot; alt=\&quot;Kids in space suits \&quot;&gt;&quot;,
      &quot;target&quot; : [ &quot;li:nth-child(11) &gt; a[href=\&quot;mars2.html?a=send_kids_to_mars\&quot;] &gt; img[alt=\&quot;Kids in space suits \&quot;][width=\&quot;210\&quot;][height=\&quot;120\&quot;]&quot; ],
      &quot;impact&quot; : null,
      &quot;any&quot; : [ {
        &quot;id&quot; : &quot;region&quot;,
        &quot;impact&quot; : &quot;moderate&quot;,
        &quot;message&quot; : &quot;All page content is contained by landmarks&quot;,
        &quot;data&quot; : {
          &quot;isIframe&quot; : false
        },
        &quot;relatedNodes&quot; : [ ]
      } ],
      &quot;all&quot; : [ ],
      &quot;none&quot; : [ ],
      &quot;failureSummary&quot; : null
    }, {
      &quot;html&quot; : &quot;&lt;div class=\&quot;deal-text\&quot;&gt;&quot;,
      &quot;target&quot; : [ &quot;li:nth-child(11) &gt; .deal-text&quot; ],
      &quot;impact&quot; : null,
      &quot;any&quot; : [ {
        &quot;id&quot; : &quot;region&quot;,
        &quot;impact&quot; : &quot;moderate&quot;,
        &quot;message&quot; : &quot;All page content is contained by landmarks&quot;,
        &quot;data&quot; : {
          &quot;isIframe&quot; : false
        },
        &quot;relatedNodes&quot; : [ ]
      } ],
      &quot;all&quot; : [ ],
      &quot;none&quot; : [ ],
      &quot;failureSummary&quot; : null
    }, {
      &quot;html&quot; : &quot;&lt;h3&gt;\n            &lt;a class=\&quot;\&quot; href=\&quot;mars2.html?a=send_kids_to_mars\&quot;&gt;Send Your Kids to Mars!&lt;/a&gt;&lt;/h3&gt;&quot;,
      &quot;target&quot; : [ &quot;li:nth-child(11) &gt; .deal-text &gt; h3&quot; ],
      &quot;impact&quot; : null,
      &quot;any&quot; : [ {
        &quot;id&quot; : &quot;region&quot;,
        &quot;impact&quot; : &quot;moderate&quot;,
        &quot;message&quot; : &quot;All page content is contained by landmarks&quot;,
        &quot;data&quot; : {
          &quot;isIframe&quot; : false
        },
        &quot;relatedNodes&quot; : [ ]
      } ],
      &quot;all&quot; : [ ],
      &quot;none&quot; : [ ],
      &quot;failureSummary&quot; : null
    }, {
      &quot;html&quot; : &quot;&lt;a class=\&quot;\&quot; href=\&quot;mars2.html?a=send_kids_to_mars\&quot;&gt;Send Your Kids to Mars!&lt;/a&gt;&quot;,
      &quot;target&quot; : [ &quot;li:nth-child(11) &gt; .deal-text &gt; h3 &gt; a[href=\&quot;mars2.html?a=send_kids_to_mars\&quot;]&quot; ],
      &quot;impact&quot; : null,
      &quot;any&quot; : [ {
        &quot;id&quot; : &quot;region&quot;,
        &quot;impact&quot; : &quot;moderate&quot;,
        &quot;message&quot; : &quot;All page content is contained by landmarks&quot;,
        &quot;data&quot; : {
          &quot;isIframe&quot; : false
        },
        &quot;relatedNodes&quot; : [ ]
      } ],
      &quot;all&quot; : [ ],
      &quot;none&quot; : [ ],
      &quot;failureSummary&quot; : null
    }, {
      &quot;html&quot; : &quot;&lt;p&gt;Book a first class one-way ticket for 5 kids, at the cost of 4! No parent or guardian required. Don&#039;t worry, they&#039;ll be fine... &lt;a class=\&quot;link-arrow\&quot; href=\&quot;mars2.html?a=send_kids_to_mars\&quot;&gt;Send your kids to mars&lt;/a&gt;&lt;/p&gt;&quot;,
      &quot;target&quot; : [ &quot;li:nth-child(11) &gt; .deal-text &gt; p&quot; ],
      &quot;impact&quot; : null,
      &quot;any&quot; : [ {
        &quot;id&quot; : &quot;region&quot;,
        &quot;impact&quot; : &quot;moderate&quot;,
        &quot;message&quot; : &quot;All page content is contained by landmarks&quot;,
        &quot;data&quot; : {
          &quot;isIframe&quot; : false
        },
        &quot;relatedNodes&quot; : [ ]
      } ],
      &quot;all&quot; : [ ],
      &quot;none&quot; : [ ],
      &quot;failureSummary&quot; : null
    }, {
      &quot;html&quot; : &quot;&lt;a class=\&quot;link-arrow\&quot; href=\&quot;mars2.html?a=send_kids_to_mars\&quot;&gt;Send your kids to mars&lt;/a&gt;&quot;,
      &quot;target&quot; : [ &quot;li:nth-child(11) &gt; .deal-text &gt; p &gt; .link-arrow[href=\&quot;mars2.html?a=send_kids_to_mars\&quot;]&quot; ],
      &quot;impact&quot; : null,
      &quot;any&quot; : [ {
        &quot;id&quot; : &quot;region&quot;,
        &quot;impact&quot; : &quot;moderate&quot;,
        &quot;message&quot; : &quot;All page content is contained by landmarks&quot;,
        &quot;data&quot; : {
          &quot;isIframe&quot; : false
        },
        &quot;relatedNodes&quot; : [ ]
      } ],
      &quot;all&quot; : [ ],
      &quot;none&quot; : [ ],
      &quot;failureSummary&quot; : null
    }, {
      &quot;html&quot; : &quot;&lt;li style=\&quot;overflow: hidden; float: none; width: 526px; height: 120px;\&quot;&gt;&quot;,
      &quot;target&quot; : [ &quot;li:nth-child(12)&quot; ],
      &quot;impact&quot; : null,
      &quot;any&quot; : [ {
        &quot;id&quot; : &quot;region&quot;,
        &quot;impact&quot; : &quot;moderate&quot;,
        &quot;message&quot; : &quot;All page content is contained by landmarks&quot;,
        &quot;data&quot; : {
          &quot;isIframe&quot; : false
        },
        &quot;relatedNodes&quot; : [ ]
      } ],
      &quot;all&quot; : [ ],
      &quot;none&quot; : [ ],
      &quot;failureSummary&quot; : null
    }, {
      &quot;html&quot; : &quot;&lt;a href=\&quot;mars2.html?a=wookie\&quot;&gt;\n&lt;img src=\&quot;/assets/demo-sites/mars/images/wookie.jpg\&quot; class=\&quot;\&quot; width=\&quot;210\&quot; height=\&quot;120\&quot; alt=\&quot;Wookie\&quot;&gt;&lt;/a&gt;&quot;,
      &quot;target&quot; : [ &quot;li:nth-child(12) &gt; a[href=\&quot;mars2.html?a=wookie\&quot;]&quot; ],
      &quot;impact&quot; : null,
      &quot;any&quot; : [ {
        &quot;id&quot; : &quot;region&quot;,
        &quot;impact&quot; : &quot;moderate&quot;,
        &quot;message&quot; : &quot;All page content is contained by landmarks&quot;,
        &quot;data&quot; : {
          &quot;isIframe&quot; : false
        },
        &quot;relatedNodes&quot; : [ ]
      } ],
      &quot;all&quot; : [ ],
      &quot;none&quot; : [ ],
      &quot;failureSummary&quot; : null
    }, {
      &quot;html&quot; : &quot;&lt;img src=\&quot;/assets/demo-sites/mars/images/wookie.jpg\&quot; class=\&quot;\&quot; width=\&quot;210\&quot; height=\&quot;120\&quot; alt=\&quot;Wookie\&quot;&gt;&quot;,
      &quot;target&quot; : [ &quot;li:nth-child(12) &gt; a[href=\&quot;mars2.html?a=wookie\&quot;] &gt; img[alt=\&quot;Wookie\&quot;][width=\&quot;210\&quot;][height=\&quot;120\&quot;]&quot; ],
      &quot;impact&quot; : null,
      &quot;any&quot; : [ {
        &quot;id&quot; : &quot;region&quot;,
        &quot;impact&quot; : &quot;moderate&quot;,
        &quot;message&quot; : &quot;All page content is contained by landmarks&quot;,
        &quot;data&quot; : {
          &quot;isIframe&quot; : false
        },
        &quot;relatedNodes&quot; : [ ]
      } ],
      &quot;all&quot; : [ ],
      &quot;none&quot; : [ ],
      &quot;failureSummary&quot; : null
    }, {
      &quot;html&quot; : &quot;&lt;div class=\&quot;deal-text\&quot;&gt;&quot;,
      &quot;target&quot; : [ &quot;li:nth-child(12) &gt; .deal-text&quot; ],
      &quot;impact&quot; : null,
      &quot;any&quot; : [ {
        &quot;id&quot; : &quot;region&quot;,
        &quot;impact&quot; : &quot;moderate&quot;,
        &quot;message&quot; : &quot;All page content is contained by landmarks&quot;,
        &quot;data&quot; : {
          &quot;isIframe&quot; : false
        },
        &quot;relatedNodes&quot; : [ ]
      } ],
      &quot;all&quot; : [ ],
      &quot;none&quot; : [ ],
      &quot;failureSummary&quot; : null
    }, {
      &quot;html&quot; : &quot;&lt;h3&gt;\n            &lt;a class=\&quot;\&quot; href=\&quot;mars2.html?a=wookie\&quot;&gt;Fly with a Wookie&lt;/a&gt;&lt;/h3&gt;&quot;,
      &quot;target&quot; : [ &quot;li:nth-child(12) &gt; .deal-text &gt; h3&quot; ],
      &quot;impact&quot; : null,
      &quot;any&quot; : [ {
        &quot;id&quot; : &quot;region&quot;,
        &quot;impact&quot; : &quot;moderate&quot;,
        &quot;message&quot; : &quot;All page content is contained by landmarks&quot;,
        &quot;data&quot; : {
          &quot;isIframe&quot; : false
        },
        &quot;relatedNodes&quot; : [ ]
      } ],
      &quot;all&quot; : [ ],
      &quot;none&quot; : [ ],
      &quot;failureSummary&quot; : null
    }, {
      &quot;html&quot; : &quot;&lt;a class=\&quot;\&quot; href=\&quot;mars2.html?a=wookie\&quot;&gt;Fly with a Wookie&lt;/a&gt;&quot;,
      &quot;target&quot; : [ &quot;li:nth-child(12) &gt; .deal-text &gt; h3 &gt; a[href=\&quot;mars2.html?a=wookie\&quot;]&quot; ],
      &quot;impact&quot; : null,
      &quot;any&quot; : [ {
        &quot;id&quot; : &quot;region&quot;,
        &quot;impact&quot; : &quot;moderate&quot;,
        &quot;message&quot; : &quot;All page content is contained by landmarks&quot;,
        &quot;data&quot; : {
          &quot;isIframe&quot; : false
        },
        &quot;relatedNodes&quot; : [ ]
      } ],
      &quot;all&quot; : [ ],
      &quot;none&quot; : [ ],
      &quot;failureSummary&quot; : null
    }, {
      &quot;html&quot; : &quot;&lt;p&gt;Fly with a wookie! Limited time offer! Or would you rather kiss a Wookie? We can arrange that. (Can someone move this walking carpet out of my way?) &lt;a class=\&quot;link-arrow\&quot; href=\&quot;mars2.html?a=wookie\&quot;&gt;Fly with a Wookie!&lt;/a&gt;&lt;/p&gt;&quot;,
      &quot;target&quot; : [ &quot;li:nth-child(12) &gt; .deal-text &gt; p&quot; ],
      &quot;impact&quot; : null,
      &quot;any&quot; : [ {
        &quot;id&quot; : &quot;region&quot;,
        &quot;impact&quot; : &quot;moderate&quot;,
        &quot;message&quot; : &quot;All page content is contained by landmarks&quot;,
        &quot;data&quot; : {
          &quot;isIframe&quot; : false
        },
        &quot;relatedNodes&quot; : [ ]
      } ],
      &quot;all&quot; : [ ],
      &quot;none&quot; : [ ],
      &quot;failureSummary&quot; : null
    }, {
      &quot;html&quot; : &quot;&lt;a class=\&quot;link-arrow\&quot; href=\&quot;mars2.html?a=wookie\&quot;&gt;Fly with a Wookie!&lt;/a&gt;&quot;,
      &quot;target&quot; : [ &quot;li:nth-child(12) &gt; .deal-text &gt; p &gt; .link-arrow[href=\&quot;mars2.html?a=wookie\&quot;]&quot; ],
      &quot;impact&quot; : null,
      &quot;any&quot; : [ {
        &quot;id&quot; : &quot;region&quot;,
        &quot;impact&quot; : &quot;moderate&quot;,
        &quot;message&quot; : &quot;All page content is contained by landmarks&quot;,
        &quot;data&quot; : {
          &quot;isIframe&quot; : false
        },
        &quot;relatedNodes&quot; : [ ]
      } ],
      &quot;all&quot; : [ ],
      &quot;none&quot; : [ ],
      &quot;failureSummary&quot; : null
    }, {
      &quot;html&quot; : &quot;&lt;li style=\&quot;overflow: hidden; float: none; width: 526px; height: 120px;\&quot;&gt;&quot;,
      &quot;target&quot; : [ &quot;li:nth-child(13)&quot; ],
      &quot;impact&quot; : null,
      &quot;any&quot; : [ {
        &quot;id&quot; : &quot;region&quot;,
        &quot;impact&quot; : &quot;moderate&quot;,
        &quot;message&quot; : &quot;All page content is contained by landmarks&quot;,
        &quot;data&quot; : {
          &quot;isIframe&quot; : false
        },
        &quot;relatedNodes&quot; : [ ]
      } ],
      &quot;all&quot; : [ ],
      &quot;none&quot; : [ ],
      &quot;failureSummary&quot; : null
    }, {
      &quot;html&quot; : &quot;&lt;a href=\&quot;mars2.html?a=stay_connected\&quot;&gt;\n&lt;img src=\&quot;/assets/demo-sites/mars/images/global-free-days.jpg\&quot; class=\&quot;\&quot; width=\&quot;210\&quot; height=\&quot;120\&quot; alt=\&quot;Martian sunrise.\&quot;&gt;&lt;/a&gt;&quot;,
      &quot;target&quot; : [ &quot;li:nth-child(13) &gt; a[href=\&quot;mars2.html?a=stay_connected\&quot;]&quot; ],
      &quot;impact&quot; : null,
      &quot;any&quot; : [ {
        &quot;id&quot; : &quot;region&quot;,
        &quot;impact&quot; : &quot;moderate&quot;,
        &quot;message&quot; : &quot;All page content is contained by landmarks&quot;,
        &quot;data&quot; : {
          &quot;isIframe&quot; : false
        },
        &quot;relatedNodes&quot; : [ ]
      } ],
      &quot;all&quot; : [ ],
      &quot;none&quot; : [ ],
      &quot;failureSummary&quot; : null
    }, {
      &quot;html&quot; : &quot;&lt;img src=\&quot;/assets/demo-sites/mars/images/global-free-days.jpg\&quot; class=\&quot;\&quot; width=\&quot;210\&quot; height=\&quot;120\&quot; alt=\&quot;Martian sunrise.\&quot;&gt;&quot;,
      &quot;target&quot; : [ &quot;li:nth-child(13) &gt; a[href=\&quot;mars2.html?a=stay_connected\&quot;] &gt; img[alt=\&quot;Martian sunrise.\&quot;][width=\&quot;210\&quot;][height=\&quot;120\&quot;]&quot; ],
      &quot;impact&quot; : null,
      &quot;any&quot; : [ {
        &quot;id&quot; : &quot;region&quot;,
        &quot;impact&quot; : &quot;moderate&quot;,
        &quot;message&quot; : &quot;All page content is contained by landmarks&quot;,
        &quot;data&quot; : {
          &quot;isIframe&quot; : false
        },
        &quot;relatedNodes&quot; : [ ]
      } ],
      &quot;all&quot; : [ ],
      &quot;none&quot; : [ ],
      &quot;failureSummary&quot; : null
    }, {
      &quot;html&quot; : &quot;&lt;div class=\&quot;deal-text\&quot;&gt;&quot;,
      &quot;target&quot; : [ &quot;li:nth-child(13) &gt; .deal-text&quot; ],
      &quot;impact&quot; : null,
      &quot;any&quot; : [ {
        &quot;id&quot; : &quot;region&quot;,
        &quot;impact&quot; : &quot;moderate&quot;,
        &quot;message&quot; : &quot;All page content is contained by landmarks&quot;,
        &quot;data&quot; : {
          &quot;isIframe&quot; : false
        },
        &quot;relatedNodes&quot; : [ ]
      } ],
      &quot;all&quot; : [ ],
      &quot;none&quot; : [ ],
      &quot;failureSummary&quot; : null
    }, {
      &quot;html&quot; : &quot;&lt;h3&gt;\n            &lt;a class=\&quot;\&quot; href=\&quot;mars2.html?a=stay_connected\&quot;&gt;Get Radio on Uranus &lt;/a&gt;&lt;/h3&gt;&quot;,
      &quot;target&quot; : [ &quot;li:nth-child(13) &gt; .deal-text &gt; h3&quot; ],
      &quot;impact&quot; : null,
      &quot;any&quot; : [ {
        &quot;id&quot; : &quot;region&quot;,
        &quot;impact&quot; : &quot;moderate&quot;,
        &quot;message&quot; : &quot;All page content is contained by landmarks&quot;,
        &quot;data&quot; : {
          &quot;isIframe&quot; : false
        },
        &quot;relatedNodes&quot; : [ ]
      } ],
      &quot;all&quot; : [ ],
      &quot;none&quot; : [ ],
      &quot;failureSummary&quot; : null
    }, {
      &quot;html&quot; : &quot;&lt;a class=\&quot;\&quot; href=\&quot;mars2.html?a=stay_connected\&quot;&gt;Get Radio on Uranus &lt;/a&gt;&quot;,
      &quot;target&quot; : [ &quot;li:nth-child(13) &gt; .deal-text &gt; h3 &gt; a[href=\&quot;mars2.html?a=stay_connected\&quot;]&quot; ],
      &quot;impact&quot; : null,
      &quot;any&quot; : [ {
        &quot;id&quot; : &quot;region&quot;,
        &quot;impact&quot; : &quot;moderate&quot;,
        &quot;message&quot; : &quot;All page content is contained by landmarks&quot;,
        &quot;data&quot; : {
          &quot;isIframe&quot; : false
        },
        &quot;relatedNodes&quot; : [ ]
      } ],
      &quot;all&quot; : [ ],
      &quot;none&quot; : [ ],
      &quot;failureSummary&quot; : null
    }, {
      &quot;html&quot; : &quot;&lt;p&gt;All of our packages come with radio connectivity to the far reaches of the solar system. Yup, you too can get Justin Bieber on Uranus. &lt;a href=\&quot;mars2.html?a=stay_connected\&quot;&gt;Find out about radio connectivity today.&lt;/a&gt;&lt;/p&gt;&quot;,
      &quot;target&quot; : [ &quot;li:nth-child(13) &gt; .deal-text &gt; p&quot; ],
      &quot;impact&quot; : null,
      &quot;any&quot; : [ {
        &quot;id&quot; : &quot;region&quot;,
        &quot;impact&quot; : &quot;moderate&quot;,
        &quot;message&quot; : &quot;All page content is contained by landmarks&quot;,
        &quot;data&quot; : {
          &quot;isIframe&quot; : false
        },
        &quot;relatedNodes&quot; : [ ]
      } ],
      &quot;all&quot; : [ ],
      &quot;none&quot; : [ ],
      &quot;failureSummary&quot; : null
    }, {
      &quot;html&quot; : &quot;&lt;a href=\&quot;mars2.html?a=stay_connected\&quot;&gt;Find out about radio connectivity today.&lt;/a&gt;&quot;,
      &quot;target&quot; : [ &quot;li:nth-child(13) &gt; .deal-text &gt; p &gt; a[href=\&quot;mars2.html?a=stay_connected\&quot;]&quot; ],
      &quot;impact&quot; : null,
      &quot;any&quot; : [ {
        &quot;id&quot; : &quot;region&quot;,
        &quot;impact&quot; : &quot;moderate&quot;,
        &quot;message&quot; : &quot;All page content is contained by landmarks&quot;,
        &quot;data&quot; : {
          &quot;isIframe&quot; : false
        },
        &quot;relatedNodes&quot; : [ ]
      } ],
      &quot;all&quot; : [ ],
      &quot;none&quot; : [ ],
      &quot;failureSummary&quot; : null
    }, {
      &quot;html&quot; : &quot;&lt;li style=\&quot;overflow: hidden; float: none; width: 526px; height: 120px;\&quot;&gt;&quot;,
      &quot;target&quot; : [ &quot;li:nth-child(14)&quot; ],
      &quot;impact&quot; : null,
      &quot;any&quot; : [ {
        &quot;id&quot; : &quot;region&quot;,
        &quot;impact&quot; : &quot;moderate&quot;,
        &quot;message&quot; : &quot;All page content is contained by landmarks&quot;,
        &quot;data&quot; : {
          &quot;isIframe&quot; : false
        },
        &quot;relatedNodes&quot; : [ ]
      } ],
      &quot;all&quot; : [ ],
      &quot;none&quot; : [ ],
      &quot;failureSummary&quot; : null
    }, {
      &quot;html&quot; : &quot;&lt;a href=\&quot;mars2.html?a=free_year\&quot;&gt;\n&lt;img src=\&quot;/assets/demo-sites/mars/images/mars-sunrise.jpg\&quot; class=\&quot;\&quot; width=\&quot;210\&quot; height=\&quot;120\&quot; alt=\&quot;Beautiful baboon, blowing bubbles, biking backward\&quot;&gt;&lt;/a&gt;&quot;,
      &quot;target&quot; : [ &quot;li:nth-child(14) &gt; a[href=\&quot;mars2.html?a=free_year\&quot;]&quot; ],
      &quot;impact&quot; : null,
      &quot;any&quot; : [ {
        &quot;id&quot; : &quot;region&quot;,
        &quot;impact&quot; : &quot;moderate&quot;,
        &quot;message&quot; : &quot;All page content is contained by landmarks&quot;,
        &quot;data&quot; : {
          &quot;isIframe&quot; : false
        },
        &quot;relatedNodes&quot; : [ ]
      } ],
      &quot;all&quot; : [ ],
      &quot;none&quot; : [ ],
      &quot;failureSummary&quot; : null
    }, {
      &quot;html&quot; : &quot;&lt;img src=\&quot;/assets/demo-sites/mars/images/mars-sunrise.jpg\&quot; class=\&quot;\&quot; width=\&quot;210\&quot; height=\&quot;120\&quot; alt=\&quot;Beautiful baboon, blowing bubbles, biking backward\&quot;&gt;&quot;,
      &quot;target&quot; : [ &quot;li:nth-child(14) &gt; a[href=\&quot;mars2.html?a=free_year\&quot;] &gt; img[width=\&quot;210\&quot;][height=\&quot;120\&quot;]&quot; ],
      &quot;impact&quot; : null,
      &quot;any&quot; : [ {
        &quot;id&quot; : &quot;region&quot;,
        &quot;impact&quot; : &quot;moderate&quot;,
        &quot;message&quot; : &quot;All page content is contained by landmarks&quot;,
        &quot;data&quot; : {
          &quot;isIframe&quot; : false
        },
        &quot;relatedNodes&quot; : [ ]
      } ],
      &quot;all&quot; : [ ],
      &quot;none&quot; : [ ],
      &quot;failureSummary&quot; : null
    }, {
      &quot;html&quot; : &quot;&lt;div class=\&quot;deal-text\&quot;&gt;&quot;,
      &quot;target&quot; : [ &quot;li:nth-child(14) &gt; .deal-text&quot; ],
      &quot;impact&quot; : null,
      &quot;any&quot; : [ {
        &quot;id&quot; : &quot;region&quot;,
        &quot;impact&quot; : &quot;moderate&quot;,
        &quot;message&quot; : &quot;All page content is contained by landmarks&quot;,
        &quot;data&quot; : {
          &quot;isIframe&quot; : false
        },
        &quot;relatedNodes&quot; : [ ]
      } ],
      &quot;all&quot; : [ ],
      &quot;none&quot; : [ ],
      &quot;failureSummary&quot; : null
    }, {
      &quot;html&quot; : &quot;&lt;h3&gt;\n            &lt;a class=\&quot;\&quot; href=\&quot;mars2.html?a=free_year\&quot;&gt;Free Year on Mars&lt;/a&gt;&lt;/h3&gt;&quot;,
      &quot;target&quot; : [ &quot;li:nth-child(14) &gt; .deal-text &gt; h3&quot; ],
      &quot;impact&quot; : null,
      &quot;any&quot; : [ {
        &quot;id&quot; : &quot;region&quot;,
        &quot;impact&quot; : &quot;moderate&quot;,
        &quot;message&quot; : &quot;All page content is contained by landmarks&quot;,
        &quot;data&quot; : {
          &quot;isIframe&quot; : false
        },
        &quot;relatedNodes&quot; : [ ]
      } ],
      &quot;all&quot; : [ ],
      &quot;none&quot; : [ ],
      &quot;failureSummary&quot; : null
    }, {
      &quot;html&quot; : &quot;&lt;a class=\&quot;\&quot; href=\&quot;mars2.html?a=free_year\&quot;&gt;Free Year on Mars&lt;/a&gt;&quot;,
      &quot;target&quot; : [ &quot;li:nth-child(14) &gt; .deal-text &gt; h3 &gt; a[href=\&quot;mars2.html?a=free_year\&quot;]&quot; ],
      &quot;impact&quot; : null,
      &quot;any&quot; : [ {
        &quot;id&quot; : &quot;region&quot;,
        &quot;impact&quot; : &quot;moderate&quot;,
        &quot;message&quot; : &quot;All page content is contained by landmarks&quot;,
        &quot;data&quot; : {
          &quot;isIframe&quot; : false
        },
        &quot;relatedNodes&quot; : [ ]
      } ],
      &quot;all&quot; : [ ],
      &quot;none&quot; : [ ],
      &quot;failureSummary&quot; : null
    }, {
      &quot;html&quot; : &quot;&lt;p&gt;Book ten years on Mars and get an extra year for free! Eleven years on Mars! Yay! Oxygen and water not included. &lt;a href=\&quot;mars2.html?a=free_year\&quot;&gt;Book a free year on Mars&lt;/a&gt;.&lt;/p&gt;&quot;,
      &quot;target&quot; : [ &quot;li:nth-child(14) &gt; .deal-text &gt; p&quot; ],
      &quot;impact&quot; : null,
      &quot;any&quot; : [ {
        &quot;id&quot; : &quot;region&quot;,
        &quot;impact&quot; : &quot;moderate&quot;,
        &quot;message&quot; : &quot;All page content is contained by landmarks&quot;,
        &quot;data&quot; : {
          &quot;isIframe&quot; : false
        },
        &quot;relatedNodes&quot; : [ ]
      } ],
      &quot;all&quot; : [ ],
      &quot;none&quot; : [ ],
      &quot;failureSummary&quot; : null
    }, {
      &quot;html&quot; : &quot;&lt;a href=\&quot;mars2.html?a=free_year\&quot;&gt;Book a free year on Mars&lt;/a&gt;&quot;,
      &quot;target&quot; : [ &quot;li:nth-child(14) &gt; .deal-text &gt; p &gt; a[href=\&quot;mars2.html?a=free_year\&quot;]&quot; ],
      &quot;impact&quot; : null,
      &quot;any&quot; : [ {
        &quot;id&quot; : &quot;region&quot;,
        &quot;impact&quot; : &quot;moderate&quot;,
        &quot;message&quot; : &quot;All page content is contained by landmarks&quot;,
        &quot;data&quot; : {
          &quot;isIframe&quot; : false
        },
        &quot;relatedNodes&quot; : [ ]
      } ],
      &quot;all&quot; : [ ],
      &quot;none&quot; : [ ],
      &quot;failureSummary&quot; : null
    }, {
      &quot;html&quot; : &quot;&lt;li style=\&quot;overflow: hidden; float: none; width: 526px; height: 120px;\&quot;&gt;&quot;,
      &quot;target&quot; : [ &quot;li:nth-child(15)&quot; ],
      &quot;impact&quot; : null,
      &quot;any&quot; : [ {
        &quot;id&quot; : &quot;region&quot;,
        &quot;impact&quot; : &quot;moderate&quot;,
        &quot;message&quot; : &quot;All page content is contained by landmarks&quot;,
        &quot;data&quot; : {
          &quot;isIframe&quot; : false
        },
        &quot;relatedNodes&quot; : [ ]
      } ],
      &quot;all&quot; : [ ],
      &quot;none&quot; : [ ],
      &quot;failureSummary&quot; : null
    }, {
      &quot;html&quot; : &quot;&lt;a href=\&quot;mars2.html?a=crater_adventure\&quot;&gt;\n&lt;img src=\&quot;/assets/demo-sites/mars/images/mars-spaceman.jpg\&quot; class=\&quot;\&quot; width=\&quot;210\&quot; height=\&quot;120\&quot;&gt;&lt;/a&gt;&quot;,
      &quot;target&quot; : [ &quot;li:nth-child(15) &gt; a[href=\&quot;mars2.html?a=crater_adventure\&quot;]&quot; ],
      &quot;impact&quot; : null,
      &quot;any&quot; : [ {
        &quot;id&quot; : &quot;region&quot;,
        &quot;impact&quot; : &quot;moderate&quot;,
        &quot;message&quot; : &quot;All page content is contained by landmarks&quot;,
        &quot;data&quot; : {
          &quot;isIframe&quot; : false
        },
        &quot;relatedNodes&quot; : [ ]
      } ],
      &quot;all&quot; : [ ],
      &quot;none&quot; : [ ],
      &quot;failureSummary&quot; : null
    }, {
      &quot;html&quot; : &quot;&lt;img src=\&quot;/assets/demo-sites/mars/images/mars-spaceman.jpg\&quot; class=\&quot;\&quot; width=\&quot;210\&quot; height=\&quot;120\&quot;&gt;&quot;,
      &quot;target&quot; : [ &quot;li:nth-child(15) &gt; a[href=\&quot;mars2.html?a=crater_adventure\&quot;] &gt; img[width=\&quot;210\&quot;][height=\&quot;120\&quot;]&quot; ],
      &quot;impact&quot; : null,
      &quot;any&quot; : [ {
        &quot;id&quot; : &quot;region&quot;,
        &quot;impact&quot; : &quot;moderate&quot;,
        &quot;message&quot; : &quot;All page content is contained by landmarks&quot;,
        &quot;data&quot; : {
          &quot;isIframe&quot; : false
        },
        &quot;relatedNodes&quot; : [ ]
      } ],
      &quot;all&quot; : [ ],
      &quot;none&quot; : [ ],
      &quot;failureSummary&quot; : null
    }, {
      &quot;html&quot; : &quot;&lt;div class=\&quot;deal-text\&quot;&gt;&quot;,
      &quot;target&quot; : [ &quot;li:nth-child(15) &gt; .deal-text&quot; ],
      &quot;impact&quot; : null,
      &quot;any&quot; : [ {
        &quot;id&quot; : &quot;region&quot;,
        &quot;impact&quot; : &quot;moderate&quot;,
        &quot;message&quot; : &quot;All page content is contained by landmarks&quot;,
        &quot;data&quot; : {
          &quot;isIframe&quot; : false
        },
        &quot;relatedNodes&quot; : [ ]
      } ],
      &quot;all&quot; : [ ],
      &quot;none&quot; : [ ],
      &quot;failureSummary&quot; : null
    }, {
      &quot;html&quot; : &quot;&lt;h3&gt;\n            &lt;a class=\&quot;\&quot; href=\&quot;mars2.html?a=crater_adventure\&quot;&gt;10% off Crater Adventure&lt;/a&gt;&lt;/h3&gt;&quot;,
      &quot;target&quot; : [ &quot;li:nth-child(15) &gt; .deal-text &gt; h3&quot; ],
      &quot;impact&quot; : null,
      &quot;any&quot; : [ {
        &quot;id&quot; : &quot;region&quot;,
        &quot;impact&quot; : &quot;moderate&quot;,
        &quot;message&quot; : &quot;All page content is contained by landmarks&quot;,
        &quot;data&quot; : {
          &quot;isIframe&quot; : false
        },
        &quot;relatedNodes&quot; : [ ]
      } ],
      &quot;all&quot; : [ ],
      &quot;none&quot; : [ ],
      &quot;failureSummary&quot; : null
    }, {
      &quot;html&quot; : &quot;&lt;a class=\&quot;\&quot; href=\&quot;mars2.html?a=crater_adventure\&quot;&gt;10% off Crater Adventure&lt;/a&gt;&quot;,
      &quot;target&quot; : [ &quot;li:nth-child(15) &gt; .deal-text &gt; h3 &gt; a[href=\&quot;mars2.html?a=crater_adventure\&quot;]&quot; ],
      &quot;impact&quot; : null,
      &quot;any&quot; : [ {
        &quot;id&quot; : &quot;region&quot;,
        &quot;impact&quot; : &quot;moderate&quot;,
        &quot;message&quot; : &quot;All page content is contained by landmarks&quot;,
        &quot;data&quot; : {
          &quot;isIframe&quot; : false
        },
        &quot;relatedNodes&quot; : [ ]
      } ],
      &quot;all&quot; : [ ],
      &quot;none&quot; : [ ],
      &quot;failureSummary&quot; : null
    }, {
      &quot;html&quot; : &quot;&lt;p&gt;Book select MarStar Crater tickets and enjoy 10% off the Crater Adventures Pass. Safety not guaranteed. &lt;a href=\&quot;mars2.html?a=crater_adventure\&quot;&gt;Book your MarStar Crater Package today to save!&lt;/a&gt;&lt;/p&gt;&quot;,
      &quot;target&quot; : [ &quot;li:nth-child(15) &gt; .deal-text &gt; p&quot; ],
      &quot;impact&quot; : null,
      &quot;any&quot; : [ {
        &quot;id&quot; : &quot;region&quot;,
        &quot;impact&quot; : &quot;moderate&quot;,
        &quot;message&quot; : &quot;All page content is contained by landmarks&quot;,
        &quot;data&quot; : {
          &quot;isIframe&quot; : false
        },
        &quot;relatedNodes&quot; : [ ]
      } ],
      &quot;all&quot; : [ ],
      &quot;none&quot; : [ ],
      &quot;failureSummary&quot; : null
    }, {
      &quot;html&quot; : &quot;&lt;a href=\&quot;mars2.html?a=crater_adventure\&quot;&gt;Book your MarStar Crater Package today to save!&lt;/a&gt;&quot;,
      &quot;target&quot; : [ &quot;li:nth-child(15) &gt; .deal-text &gt; p &gt; a[href=\&quot;mars2.html?a=crater_adventure\&quot;]&quot; ],
      &quot;impact&quot; : null,
      &quot;any&quot; : [ {
        &quot;id&quot; : &quot;region&quot;,
        &quot;impact&quot; : &quot;moderate&quot;,
        &quot;message&quot; : &quot;All page content is contained by landmarks&quot;,
        &quot;data&quot; : {
          &quot;isIframe&quot; : false
        },
        &quot;relatedNodes&quot; : [ ]
      } ],
      &quot;all&quot; : [ ],
      &quot;none&quot; : [ ],
      &quot;failureSummary&quot; : null
    }, {
      &quot;html&quot; : &quot;&lt;li style=\&quot;overflow: hidden; float: none; width: 526px; height: 120px;\&quot;&gt;&quot;,
      &quot;target&quot; : [ &quot;li:nth-child(16)&quot; ],
      &quot;impact&quot; : null,
      &quot;any&quot; : [ {
        &quot;id&quot; : &quot;region&quot;,
        &quot;impact&quot; : &quot;moderate&quot;,
        &quot;message&quot; : &quot;All page content is contained by landmarks&quot;,
        &quot;data&quot; : {
          &quot;isIframe&quot; : false
        },
        &quot;relatedNodes&quot; : [ ]
      } ],
      &quot;all&quot; : [ ],
      &quot;none&quot; : [ ],
      &quot;failureSummary&quot; : null
    }, {
      &quot;html&quot; : &quot;&lt;a href=\&quot;mars2.html?a=ice_cream\&quot;&gt;\n&lt;img src=\&quot;/assets/demo-sites/mars/images/space-station.jpg\&quot; class=\&quot;\&quot; width=\&quot;210\&quot; height=\&quot;120\&quot; alt=\&quot;icecream.jpg \&quot;&gt;&lt;/a&gt;&quot;,
      &quot;target&quot; : [ &quot;li:nth-child(16) &gt; a[href=\&quot;mars2.html?a=ice_cream\&quot;]&quot; ],
      &quot;impact&quot; : null,
      &quot;any&quot; : [ {
        &quot;id&quot; : &quot;region&quot;,
        &quot;impact&quot; : &quot;moderate&quot;,
        &quot;message&quot; : &quot;All page content is contained by landmarks&quot;,
        &quot;data&quot; : {
          &quot;isIframe&quot; : false
        },
        &quot;relatedNodes&quot; : [ ]
      } ],
      &quot;all&quot; : [ ],
      &quot;none&quot; : [ ],
      &quot;failureSummary&quot; : null
    }, {
      &quot;html&quot; : &quot;&lt;img src=\&quot;/assets/demo-sites/mars/images/space-station.jpg\&quot; class=\&quot;\&quot; width=\&quot;210\&quot; height=\&quot;120\&quot; alt=\&quot;icecream.jpg \&quot;&gt;&quot;,
      &quot;target&quot; : [ &quot;li:nth-child(16) &gt; a[href=\&quot;mars2.html?a=ice_cream\&quot;] &gt; img[alt=\&quot;icecream.jpg \&quot;][width=\&quot;210\&quot;][height=\&quot;120\&quot;]&quot; ],
      &quot;impact&quot; : null,
      &quot;any&quot; : [ {
        &quot;id&quot; : &quot;region&quot;,
        &quot;impact&quot; : &quot;moderate&quot;,
        &quot;message&quot; : &quot;All page content is contained by landmarks&quot;,
        &quot;data&quot; : {
          &quot;isIframe&quot; : false
        },
        &quot;relatedNodes&quot; : [ ]
      } ],
      &quot;all&quot; : [ ],
      &quot;none&quot; : [ ],
      &quot;failureSummary&quot; : null
    }, {
      &quot;html&quot; : &quot;&lt;div class=\&quot;deal-text\&quot;&gt;&quot;,
      &quot;target&quot; : [ &quot;li:nth-child(16) &gt; .deal-text&quot; ],
      &quot;impact&quot; : null,
      &quot;any&quot; : [ {
        &quot;id&quot; : &quot;region&quot;,
        &quot;impact&quot; : &quot;moderate&quot;,
        &quot;message&quot; : &quot;All page content is contained by landmarks&quot;,
        &quot;data&quot; : {
          &quot;isIframe&quot; : false
        },
        &quot;relatedNodes&quot; : [ ]
      } ],
      &quot;all&quot; : [ ],
      &quot;none&quot; : [ ],
      &quot;failureSummary&quot; : null
    }, {
      &quot;html&quot; : &quot;&lt;h3&gt;\n            &lt;a class=\&quot;\&quot; href=\&quot;mars2.html?a=ice_cream\&quot;&gt;Free Astronaut Ice Cream&lt;/a&gt;&lt;/h3&gt;&quot;,
      &quot;target&quot; : [ &quot;li:nth-child(16) &gt; .deal-text &gt; h3&quot; ],
      &quot;impact&quot; : null,
      &quot;any&quot; : [ {
        &quot;id&quot; : &quot;region&quot;,
        &quot;impact&quot; : &quot;moderate&quot;,
        &quot;message&quot; : &quot;All page content is contained by landmarks&quot;,
        &quot;data&quot; : {
          &quot;isIframe&quot; : false
        },
        &quot;relatedNodes&quot; : [ ]
      } ],
      &quot;all&quot; : [ ],
      &quot;none&quot; : [ ],
      &quot;failureSummary&quot; : null
    }, {
      &quot;html&quot; : &quot;&lt;a class=\&quot;\&quot; href=\&quot;mars2.html?a=ice_cream\&quot;&gt;Free Astronaut Ice Cream&lt;/a&gt;&quot;,
      &quot;target&quot; : [ &quot;li:nth-child(16) &gt; .deal-text &gt; h3 &gt; a[href=\&quot;mars2.html?a=ice_cream\&quot;]&quot; ],
      &quot;impact&quot; : null,
      &quot;any&quot; : [ {
        &quot;id&quot; : &quot;region&quot;,
        &quot;impact&quot; : &quot;moderate&quot;,
        &quot;message&quot; : &quot;All page content is contained by landmarks&quot;,
        &quot;data&quot; : {
          &quot;isIframe&quot; : false
        },
        &quot;relatedNodes&quot; : [ ]
      } ],
      &quot;all&quot; : [ ],
      &quot;none&quot; : [ ],
      &quot;failureSummary&quot; : null
    }, {
      &quot;html&quot; : &quot;&lt;p&gt;Spend an extra 3 months in orbit around Mars in our newly-remodelled MarsPod and get a free package of freeze-wrapped dehydrated astronaut ice cream. &lt;a class=\&quot;link-arrow\&quot; href=\&quot;mars2.html?a=ice_cream\&quot;&gt;Get your free dehydrated ice cream!&lt;/a&gt;\n&lt;/p&gt;&quot;,
      &quot;target&quot; : [ &quot;li:nth-child(16) &gt; .deal-text &gt; p&quot; ],
      &quot;impact&quot; : null,
      &quot;any&quot; : [ {
        &quot;id&quot; : &quot;region&quot;,
        &quot;impact&quot; : &quot;moderate&quot;,
        &quot;message&quot; : &quot;All page content is contained by landmarks&quot;,
        &quot;data&quot; : {
          &quot;isIframe&quot; : false
        },
        &quot;relatedNodes&quot; : [ ]
      } ],
      &quot;all&quot; : [ ],
      &quot;none&quot; : [ ],
      &quot;failureSummary&quot; : null
    }, {
      &quot;html&quot; : &quot;&lt;a class=\&quot;link-arrow\&quot; href=\&quot;mars2.html?a=ice_cream\&quot;&gt;Get your free dehydrated ice cream!&lt;/a&gt;&quot;,
      &quot;target&quot; : [ &quot;li:nth-child(16) &gt; .deal-text &gt; p &gt; .link-arrow[href=\&quot;mars2.html?a=ice_cream\&quot;]&quot; ],
      &quot;impact&quot; : null,
      &quot;any&quot; : [ {
        &quot;id&quot; : &quot;region&quot;,
        &quot;impact&quot; : &quot;moderate&quot;,
        &quot;message&quot; : &quot;All page content is contained by landmarks&quot;,
        &quot;data&quot; : {
          &quot;isIframe&quot; : false
        },
        &quot;relatedNodes&quot; : [ ]
      } ],
      &quot;all&quot; : [ ],
      &quot;none&quot; : [ ],
      &quot;failureSummary&quot; : null
    }, {
      &quot;html&quot; : &quot;&lt;li style=\&quot;overflow: hidden; float: none; width: 526px; height: 120px;\&quot;&gt;&quot;,
      &quot;target&quot; : [ &quot;li:nth-child(17)&quot; ],
      &quot;impact&quot; : null,
      &quot;any&quot; : [ {
        &quot;id&quot; : &quot;region&quot;,
        &quot;impact&quot; : &quot;moderate&quot;,
        &quot;message&quot; : &quot;All page content is contained by landmarks&quot;,
        &quot;data&quot; : {
          &quot;isIframe&quot; : false
        },
        &quot;relatedNodes&quot; : [ ]
      } ],
      &quot;all&quot; : [ ],
      &quot;none&quot; : [ ],
      &quot;failureSummary&quot; : null
    }, {
      &quot;html&quot; : &quot;&lt;a href=\&quot;mars2.html?a=low_price_guarantee\&quot;&gt; &lt;img src=\&quot;/assets/demo-sites/mars/images/mars-lander.jpg\&quot; class=\&quot;\&quot; width=\&quot;210\&quot; height=\&quot;120\&quot; alt=\&quot;Mars Lander\&quot;&gt;&lt;/a&gt;&quot;,
      &quot;target&quot; : [ &quot;li:nth-child(17) &gt; a&quot; ],
      &quot;impact&quot; : null,
      &quot;any&quot; : [ {
        &quot;id&quot; : &quot;region&quot;,
        &quot;impact&quot; : &quot;moderate&quot;,
        &quot;message&quot; : &quot;All page content is contained by landmarks&quot;,
        &quot;data&quot; : {
          &quot;isIframe&quot; : false
        },
        &quot;relatedNodes&quot; : [ ]
      } ],
      &quot;all&quot; : [ ],
      &quot;none&quot; : [ ],
      &quot;failureSummary&quot; : null
    }, {
      &quot;html&quot; : &quot;&lt;img src=\&quot;/assets/demo-sites/mars/images/mars-lander.jpg\&quot; class=\&quot;\&quot; width=\&quot;210\&quot; height=\&quot;120\&quot; alt=\&quot;Mars Lander\&quot;&gt;&quot;,
      &quot;target&quot; : [ &quot;li:nth-child(17) &gt; a &gt; img[alt=\&quot;Mars Lander\&quot;][width=\&quot;210\&quot;][height=\&quot;120\&quot;]&quot; ],
      &quot;impact&quot; : null,
      &quot;any&quot; : [ {
        &quot;id&quot; : &quot;region&quot;,
        &quot;impact&quot; : &quot;moderate&quot;,
        &quot;message&quot; : &quot;All page content is contained by landmarks&quot;,
        &quot;data&quot; : {
          &quot;isIframe&quot; : false
        },
        &quot;relatedNodes&quot; : [ ]
      } ],
      &quot;all&quot; : [ ],
      &quot;none&quot; : [ ],
      &quot;failureSummary&quot; : null
    }, {
      &quot;html&quot; : &quot;&lt;div class=\&quot;deal-text\&quot;&gt;&quot;,
      &quot;target&quot; : [ &quot;li:nth-child(17) &gt; .deal-text&quot; ],
      &quot;impact&quot; : null,
      &quot;any&quot; : [ {
        &quot;id&quot; : &quot;region&quot;,
        &quot;impact&quot; : &quot;moderate&quot;,
        &quot;message&quot; : &quot;All page content is contained by landmarks&quot;,
        &quot;data&quot; : {
          &quot;isIframe&quot; : false
        },
        &quot;relatedNodes&quot; : [ ]
      } ],
      &quot;all&quot; : [ ],
      &quot;none&quot; : [ ],
      &quot;failureSummary&quot; : null
    }, {
      &quot;html&quot; : &quot;&lt;h3&gt; &lt;a class=\&quot;link\&quot; href=\&quot;mars2.html?a=low_price_guarantee\&quot;&gt;Lowest Price Guarantee&lt;/a&gt;&lt;/h3&gt;&quot;,
      &quot;target&quot; : [ &quot;li:nth-child(17) &gt; .deal-text &gt; h3&quot; ],
      &quot;impact&quot; : null,
      &quot;any&quot; : [ {
        &quot;id&quot; : &quot;region&quot;,
        &quot;impact&quot; : &quot;moderate&quot;,
        &quot;message&quot; : &quot;All page content is contained by landmarks&quot;,
        &quot;data&quot; : {
          &quot;isIframe&quot; : false
        },
        &quot;relatedNodes&quot; : [ ]
      } ],
      &quot;all&quot; : [ ],
      &quot;none&quot; : [ ],
      &quot;failureSummary&quot; : null
    }, {
      &quot;html&quot; : &quot;&lt;a class=\&quot;link\&quot; href=\&quot;mars2.html?a=low_price_guarantee\&quot;&gt;Lowest Price Guarantee&lt;/a&gt;&quot;,
      &quot;target&quot; : [ &quot;li:nth-child(17) &gt; .deal-text &gt; h3 &gt; .link&quot; ],
      &quot;impact&quot; : null,
      &quot;any&quot; : [ {
        &quot;id&quot; : &quot;region&quot;,
        &quot;impact&quot; : &quot;moderate&quot;,
        &quot;message&quot; : &quot;All page content is contained by landmarks&quot;,
        &quot;data&quot; : {
          &quot;isIframe&quot; : false
        },
        &quot;relatedNodes&quot; : [ ]
      } ],
      &quot;all&quot; : [ ],
      &quot;none&quot; : [ ],
      &quot;failureSummary&quot; : null
    }, {
      &quot;html&quot; : &quot;&lt;p&gt;If within 24 hours of booking with us you find a lower online published price for the exact same rocket ticket to Mars, we buy you a milkshake, then send you on a one-way trip to the Sun. &lt;a href=\&quot;mars2.html?a=low_price_guarantee\&quot;&gt;Find out how this deal works.&lt;/a&gt; &lt;/p&gt;&quot;,
      &quot;target&quot; : [ &quot;li:nth-child(17) &gt; .deal-text &gt; p:nth-child(2)&quot; ],
      &quot;impact&quot; : null,
      &quot;any&quot; : [ {
        &quot;id&quot; : &quot;region&quot;,
        &quot;impact&quot; : &quot;moderate&quot;,
        &quot;message&quot; : &quot;All page content is contained by landmarks&quot;,
        &quot;data&quot; : {
          &quot;isIframe&quot; : false
        },
        &quot;relatedNodes&quot; : [ ]
      } ],
      &quot;all&quot; : [ ],
      &quot;none&quot; : [ ],
      &quot;failureSummary&quot; : null
    }, {
      &quot;html&quot; : &quot;&lt;a href=\&quot;mars2.html?a=low_price_guarantee\&quot;&gt;Find out how this deal works.&lt;/a&gt;&quot;,
      &quot;target&quot; : [ &quot;li:nth-child(17) &gt; .deal-text &gt; p:nth-child(2) &gt; a&quot; ],
      &quot;impact&quot; : null,
      &quot;any&quot; : [ {
        &quot;id&quot; : &quot;region&quot;,
        &quot;impact&quot; : &quot;moderate&quot;,
        &quot;message&quot; : &quot;All page content is contained by landmarks&quot;,
        &quot;data&quot; : {
          &quot;isIframe&quot; : false
        },
        &quot;relatedNodes&quot; : [ ]
      } ],
      &quot;all&quot; : [ ],
      &quot;none&quot; : [ ],
      &quot;failureSummary&quot; : null
    }, {
      &quot;html&quot; : &quot;&lt;p&gt;&amp;nbsp;&lt;/p&gt;&quot;,
      &quot;target&quot; : [ &quot;li:nth-child(17) &gt; .deal-text &gt; p:nth-child(3)&quot; ],
      &quot;impact&quot; : null,
      &quot;any&quot; : [ {
        &quot;id&quot; : &quot;region&quot;,
        &quot;impact&quot; : &quot;moderate&quot;,
        &quot;message&quot; : &quot;All page content is contained by landmarks&quot;,
        &quot;data&quot; : {
          &quot;isIframe&quot; : false
        },
        &quot;relatedNodes&quot; : [ ]
      } ],
      &quot;all&quot; : [ ],
      &quot;none&quot; : [ ],
      &quot;failureSummary&quot; : null
    }, {
      &quot;html&quot; : &quot;&lt;p&gt;&lt;/p&gt;&quot;,
      &quot;target&quot; : [ &quot;li:nth-child(17) &gt; .deal-text &gt; p:nth-child(4)&quot; ],
      &quot;impact&quot; : null,
      &quot;any&quot; : [ {
        &quot;id&quot; : &quot;region&quot;,
        &quot;impact&quot; : &quot;moderate&quot;,
        &quot;message&quot; : &quot;All page content is contained by landmarks&quot;,
        &quot;data&quot; : {
          &quot;isIframe&quot; : false
        },
        &quot;relatedNodes&quot; : [ ]
      } ],
      &quot;all&quot; : [ ],
      &quot;none&quot; : [ ],
      &quot;failureSummary&quot; : null
    }, {
      &quot;html&quot; : &quot;&lt;li style=\&quot;overflow: hidden; float: none; width: 526px; height: 120px;\&quot;&gt;&quot;,
      &quot;target&quot; : [ &quot;li:nth-child(18)&quot; ],
      &quot;impact&quot; : null,
      &quot;any&quot; : [ {
        &quot;id&quot; : &quot;region&quot;,
        &quot;impact&quot; : &quot;moderate&quot;,
        &quot;message&quot; : &quot;All page content is contained by landmarks&quot;,
        &quot;data&quot; : {
          &quot;isIframe&quot; : false
        },
        &quot;relatedNodes&quot; : [ ]
      } ],
      &quot;all&quot; : [ ],
      &quot;none&quot; : [ ],
      &quot;failureSummary&quot; : null
    }, {
      &quot;html&quot; : &quot;&lt;a href=\&quot;mars2.html?a=send_kids_to_mars\&quot;&gt;\n&lt;img src=\&quot;/assets/demo-sites/mars/images/kids-space.jpg\&quot; class=\&quot;\&quot; width=\&quot;210\&quot; height=\&quot;120\&quot; alt=\&quot;Kids in space suits \&quot;&gt;&lt;/a&gt;&quot;,
      &quot;target&quot; : [ &quot;li:nth-child(18) &gt; a[href=\&quot;mars2.html?a=send_kids_to_mars\&quot;]&quot; ],
      &quot;impact&quot; : null,
      &quot;any&quot; : [ {
        &quot;id&quot; : &quot;region&quot;,
        &quot;impact&quot; : &quot;moderate&quot;,
        &quot;message&quot; : &quot;All page content is contained by landmarks&quot;,
        &quot;data&quot; : {
          &quot;isIframe&quot; : false
        },
        &quot;relatedNodes&quot; : [ ]
      } ],
      &quot;all&quot; : [ ],
      &quot;none&quot; : [ ],
      &quot;failureSummary&quot; : null
    }, {
      &quot;html&quot; : &quot;&lt;img src=\&quot;/assets/demo-sites/mars/images/kids-space.jpg\&quot; class=\&quot;\&quot; width=\&quot;210\&quot; height=\&quot;120\&quot; alt=\&quot;Kids in space suits \&quot;&gt;&quot;,
      &quot;target&quot; : [ &quot;li:nth-child(18) &gt; a[href=\&quot;mars2.html?a=send_kids_to_mars\&quot;] &gt; img[alt=\&quot;Kids in space suits \&quot;][width=\&quot;210\&quot;][height=\&quot;120\&quot;]&quot; ],
      &quot;impact&quot; : null,
      &quot;any&quot; : [ {
        &quot;id&quot; : &quot;region&quot;,
        &quot;impact&quot; : &quot;moderate&quot;,
        &quot;message&quot; : &quot;All page content is contained by landmarks&quot;,
        &quot;data&quot; : {
          &quot;isIframe&quot; : false
        },
        &quot;relatedNodes&quot; : [ ]
      } ],
      &quot;all&quot; : [ ],
      &quot;none&quot; : [ ],
      &quot;failureSummary&quot; : null
    }, {
      &quot;html&quot; : &quot;&lt;div class=\&quot;deal-text\&quot;&gt;&quot;,
      &quot;target&quot; : [ &quot;li:nth-child(18) &gt; .deal-text&quot; ],
      &quot;impact&quot; : null,
      &quot;any&quot; : [ {
        &quot;id&quot; : &quot;region&quot;,
        &quot;impact&quot; : &quot;moderate&quot;,
        &quot;message&quot; : &quot;All page content is contained by landmarks&quot;,
        &quot;data&quot; : {
          &quot;isIframe&quot; : false
        },
        &quot;relatedNodes&quot; : [ ]
      } ],
      &quot;all&quot; : [ ],
      &quot;none&quot; : [ ],
      &quot;failureSummary&quot; : null
    }, {
      &quot;html&quot; : &quot;&lt;h3&gt;\n            &lt;a class=\&quot;\&quot; href=\&quot;mars2.html?a=send_kids_to_mars\&quot;&gt;Send Your Kids to Mars!&lt;/a&gt;&lt;/h3&gt;&quot;,
      &quot;target&quot; : [ &quot;li:nth-child(18) &gt; .deal-text &gt; h3&quot; ],
      &quot;impact&quot; : null,
      &quot;any&quot; : [ {
        &quot;id&quot; : &quot;region&quot;,
        &quot;impact&quot; : &quot;moderate&quot;,
        &quot;message&quot; : &quot;All page content is contained by landmarks&quot;,
        &quot;data&quot; : {
          &quot;isIframe&quot; : false
        },
        &quot;relatedNodes&quot; : [ ]
      } ],
      &quot;all&quot; : [ ],
      &quot;none&quot; : [ ],
      &quot;failureSummary&quot; : null
    }, {
      &quot;html&quot; : &quot;&lt;a class=\&quot;\&quot; href=\&quot;mars2.html?a=send_kids_to_mars\&quot;&gt;Send Your Kids to Mars!&lt;/a&gt;&quot;,
      &quot;target&quot; : [ &quot;li:nth-child(18) &gt; .deal-text &gt; h3 &gt; a[href=\&quot;mars2.html?a=send_kids_to_mars\&quot;]&quot; ],
      &quot;impact&quot; : null,
      &quot;any&quot; : [ {
        &quot;id&quot; : &quot;region&quot;,
        &quot;impact&quot; : &quot;moderate&quot;,
        &quot;message&quot; : &quot;All page content is contained by landmarks&quot;,
        &quot;data&quot; : {
          &quot;isIframe&quot; : false
        },
        &quot;relatedNodes&quot; : [ ]
      } ],
      &quot;all&quot; : [ ],
      &quot;none&quot; : [ ],
      &quot;failureSummary&quot; : null
    }, {
      &quot;html&quot; : &quot;&lt;p&gt;Book a first class one-way ticket for 5 kids, at the cost of 4! No parent or guardian required. Don&#039;t worry, they&#039;ll be fine... &lt;a class=\&quot;link-arrow\&quot; href=\&quot;mars2.html?a=send_kids_to_mars\&quot;&gt;Send your kids to mars&lt;/a&gt;&lt;/p&gt;&quot;,
      &quot;target&quot; : [ &quot;li:nth-child(18) &gt; .deal-text &gt; p&quot; ],
      &quot;impact&quot; : null,
      &quot;any&quot; : [ {
        &quot;id&quot; : &quot;region&quot;,
        &quot;impact&quot; : &quot;moderate&quot;,
        &quot;message&quot; : &quot;All page content is contained by landmarks&quot;,
        &quot;data&quot; : {
          &quot;isIframe&quot; : false
        },
        &quot;relatedNodes&quot; : [ ]
      } ],
      &quot;all&quot; : [ ],
      &quot;none&quot; : [ ],
      &quot;failureSummary&quot; : null
    }, {
      &quot;html&quot; : &quot;&lt;a class=\&quot;link-arrow\&quot; href=\&quot;mars2.html?a=send_kids_to_mars\&quot;&gt;Send your kids to mars&lt;/a&gt;&quot;,
      &quot;target&quot; : [ &quot;li:nth-child(18) &gt; .deal-text &gt; p &gt; .link-arrow[href=\&quot;mars2.html?a=send_kids_to_mars\&quot;]&quot; ],
      &quot;impact&quot; : null,
      &quot;any&quot; : [ {
        &quot;id&quot; : &quot;region&quot;,
        &quot;impact&quot; : &quot;moderate&quot;,
        &quot;message&quot; : &quot;All page content is contained by landmarks&quot;,
        &quot;data&quot; : {
          &quot;isIframe&quot; : false
        },
        &quot;relatedNodes&quot; : [ ]
      } ],
      &quot;all&quot; : [ ],
      &quot;none&quot; : [ ],
      &quot;failureSummary&quot; : null
    }, {
      &quot;html&quot; : &quot;&lt;li style=\&quot;overflow: hidden; float: none; width: 526px; height: 120px;\&quot;&gt;&quot;,
      &quot;target&quot; : [ &quot;li:nth-child(19)&quot; ],
      &quot;impact&quot; : null,
      &quot;any&quot; : [ {
        &quot;id&quot; : &quot;region&quot;,
        &quot;impact&quot; : &quot;moderate&quot;,
        &quot;message&quot; : &quot;All page content is contained by landmarks&quot;,
        &quot;data&quot; : {
          &quot;isIframe&quot; : false
        },
        &quot;relatedNodes&quot; : [ ]
      } ],
      &quot;all&quot; : [ ],
      &quot;none&quot; : [ ],
      &quot;failureSummary&quot; : null
    }, {
      &quot;html&quot; : &quot;&lt;a href=\&quot;mars2.html?a=wookie\&quot;&gt;\n&lt;img src=\&quot;/assets/demo-sites/mars/images/wookie.jpg\&quot; class=\&quot;\&quot; width=\&quot;210\&quot; height=\&quot;120\&quot; alt=\&quot;Wookie\&quot;&gt;&lt;/a&gt;&quot;,
      &quot;target&quot; : [ &quot;li:nth-child(19) &gt; a[href=\&quot;mars2.html?a=wookie\&quot;]&quot; ],
      &quot;impact&quot; : null,
      &quot;any&quot; : [ {
        &quot;id&quot; : &quot;region&quot;,
        &quot;impact&quot; : &quot;moderate&quot;,
        &quot;message&quot; : &quot;All page content is contained by landmarks&quot;,
        &quot;data&quot; : {
          &quot;isIframe&quot; : false
        },
        &quot;relatedNodes&quot; : [ ]
      } ],
      &quot;all&quot; : [ ],
      &quot;none&quot; : [ ],
      &quot;failureSummary&quot; : null
    }, {
      &quot;html&quot; : &quot;&lt;img src=\&quot;/assets/demo-sites/mars/images/wookie.jpg\&quot; class=\&quot;\&quot; width=\&quot;210\&quot; height=\&quot;120\&quot; alt=\&quot;Wookie\&quot;&gt;&quot;,
      &quot;target&quot; : [ &quot;li:nth-child(19) &gt; a[href=\&quot;mars2.html?a=wookie\&quot;] &gt; img[alt=\&quot;Wookie\&quot;][width=\&quot;210\&quot;][height=\&quot;120\&quot;]&quot; ],
      &quot;impact&quot; : null,
      &quot;any&quot; : [ {
        &quot;id&quot; : &quot;region&quot;,
        &quot;impact&quot; : &quot;moderate&quot;,
        &quot;message&quot; : &quot;All page content is contained by landmarks&quot;,
        &quot;data&quot; : {
          &quot;isIframe&quot; : false
        },
        &quot;relatedNodes&quot; : [ ]
      } ],
      &quot;all&quot; : [ ],
      &quot;none&quot; : [ ],
      &quot;failureSummary&quot; : null
    }, {
      &quot;html&quot; : &quot;&lt;div class=\&quot;deal-text\&quot;&gt;&quot;,
      &quot;target&quot; : [ &quot;li:nth-child(19) &gt; .deal-text&quot; ],
      &quot;impact&quot; : null,
      &quot;any&quot; : [ {
        &quot;id&quot; : &quot;region&quot;,
        &quot;impact&quot; : &quot;moderate&quot;,
        &quot;message&quot; : &quot;All page content is contained by landmarks&quot;,
        &quot;data&quot; : {
          &quot;isIframe&quot; : false
        },
        &quot;relatedNodes&quot; : [ ]
      } ],
      &quot;all&quot; : [ ],
      &quot;none&quot; : [ ],
      &quot;failureSummary&quot; : null
    }, {
      &quot;html&quot; : &quot;&lt;h3&gt;\n            &lt;a class=\&quot;\&quot; href=\&quot;mars2.html?a=wookie\&quot;&gt;Fly with a Wookie&lt;/a&gt;&lt;/h3&gt;&quot;,
      &quot;target&quot; : [ &quot;li:nth-child(19) &gt; .deal-text &gt; h3&quot; ],
      &quot;impact&quot; : null,
      &quot;any&quot; : [ {
        &quot;id&quot; : &quot;region&quot;,
        &quot;impact&quot; : &quot;moderate&quot;,
        &quot;message&quot; : &quot;All page content is contained by landmarks&quot;,
        &quot;data&quot; : {
          &quot;isIframe&quot; : false
        },
        &quot;relatedNodes&quot; : [ ]
      } ],
      &quot;all&quot; : [ ],
      &quot;none&quot; : [ ],
      &quot;failureSummary&quot; : null
    }, {
      &quot;html&quot; : &quot;&lt;a class=\&quot;\&quot; href=\&quot;mars2.html?a=wookie\&quot;&gt;Fly with a Wookie&lt;/a&gt;&quot;,
      &quot;target&quot; : [ &quot;li:nth-child(19) &gt; .deal-text &gt; h3 &gt; a[href=\&quot;mars2.html?a=wookie\&quot;]&quot; ],
      &quot;impact&quot; : null,
      &quot;any&quot; : [ {
        &quot;id&quot; : &quot;region&quot;,
        &quot;impact&quot; : &quot;moderate&quot;,
        &quot;message&quot; : &quot;All page content is contained by landmarks&quot;,
        &quot;data&quot; : {
          &quot;isIframe&quot; : false
        },
        &quot;relatedNodes&quot; : [ ]
      } ],
      &quot;all&quot; : [ ],
      &quot;none&quot; : [ ],
      &quot;failureSummary&quot; : null
    }, {
      &quot;html&quot; : &quot;&lt;p&gt;Fly with a wookie! Limited time offer! Or would you rather kiss a Wookie? We can arrange that. (Can someone move this walking carpet out of my way?) &lt;a class=\&quot;link-arrow\&quot; href=\&quot;mars2.html?a=wookie\&quot;&gt;Fly with a Wookie!&lt;/a&gt;&lt;/p&gt;&quot;,
      &quot;target&quot; : [ &quot;li:nth-child(19) &gt; .deal-text &gt; p&quot; ],
      &quot;impact&quot; : null,
      &quot;any&quot; : [ {
        &quot;id&quot; : &quot;region&quot;,
        &quot;impact&quot; : &quot;moderate&quot;,
        &quot;message&quot; : &quot;All page content is contained by landmarks&quot;,
        &quot;data&quot; : {
          &quot;isIframe&quot; : false
        },
        &quot;relatedNodes&quot; : [ ]
      } ],
      &quot;all&quot; : [ ],
      &quot;none&quot; : [ ],
      &quot;failureSummary&quot; : null
    }, {
      &quot;html&quot; : &quot;&lt;a class=\&quot;link-arrow\&quot; href=\&quot;mars2.html?a=wookie\&quot;&gt;Fly with a Wookie!&lt;/a&gt;&quot;,
      &quot;target&quot; : [ &quot;li:nth-child(19) &gt; .deal-text &gt; p &gt; .link-arrow[href=\&quot;mars2.html?a=wookie\&quot;]&quot; ],
      &quot;impact&quot; : null,
      &quot;any&quot; : [ {
        &quot;id&quot; : &quot;region&quot;,
        &quot;impact&quot; : &quot;moderate&quot;,
        &quot;message&quot; : &quot;All page content is contained by landmarks&quot;,
        &quot;data&quot; : {
          &quot;isIframe&quot; : false
        },
        &quot;relatedNodes&quot; : [ ]
      } ],
      &quot;all&quot; : [ ],
      &quot;none&quot; : [ ],
      &quot;failureSummary&quot; : null
    }, {
      &quot;html&quot; : &quot;&lt;li style=\&quot;overflow: hidden; float: none; width: 526px; height: 120px;\&quot;&gt;&quot;,
      &quot;target&quot; : [ &quot;li:nth-child(20)&quot; ],
      &quot;impact&quot; : null,
      &quot;any&quot; : [ {
        &quot;id&quot; : &quot;region&quot;,
        &quot;impact&quot; : &quot;moderate&quot;,
        &quot;message&quot; : &quot;All page content is contained by landmarks&quot;,
        &quot;data&quot; : {
          &quot;isIframe&quot; : false
        },
        &quot;relatedNodes&quot; : [ ]
      } ],
      &quot;all&quot; : [ ],
      &quot;none&quot; : [ ],
      &quot;failureSummary&quot; : null
    }, {
      &quot;html&quot; : &quot;&lt;a href=\&quot;mars2.html?a=stay_connected\&quot;&gt;\n&lt;img src=\&quot;/assets/demo-sites/mars/images/global-free-days.jpg\&quot; class=\&quot;\&quot; width=\&quot;210\&quot; height=\&quot;120\&quot; alt=\&quot;Martian sunrise.\&quot;&gt;&lt;/a&gt;&quot;,
      &quot;target&quot; : [ &quot;li:nth-child(20) &gt; a[href=\&quot;mars2.html?a=stay_connected\&quot;]&quot; ],
      &quot;impact&quot; : null,
      &quot;any&quot; : [ {
        &quot;id&quot; : &quot;region&quot;,
        &quot;impact&quot; : &quot;moderate&quot;,
        &quot;message&quot; : &quot;All page content is contained by landmarks&quot;,
        &quot;data&quot; : {
          &quot;isIframe&quot; : false
        },
        &quot;relatedNodes&quot; : [ ]
      } ],
      &quot;all&quot; : [ ],
      &quot;none&quot; : [ ],
      &quot;failureSummary&quot; : null
    }, {
      &quot;html&quot; : &quot;&lt;img src=\&quot;/assets/demo-sites/mars/images/global-free-days.jpg\&quot; class=\&quot;\&quot; width=\&quot;210\&quot; height=\&quot;120\&quot; alt=\&quot;Martian sunrise.\&quot;&gt;&quot;,
      &quot;target&quot; : [ &quot;li:nth-child(20) &gt; a[href=\&quot;mars2.html?a=stay_connected\&quot;] &gt; img[alt=\&quot;Martian sunrise.\&quot;][width=\&quot;210\&quot;][height=\&quot;120\&quot;]&quot; ],
      &quot;impact&quot; : null,
      &quot;any&quot; : [ {
        &quot;id&quot; : &quot;region&quot;,
        &quot;impact&quot; : &quot;moderate&quot;,
        &quot;message&quot; : &quot;All page content is contained by landmarks&quot;,
        &quot;data&quot; : {
          &quot;isIframe&quot; : false
        },
        &quot;relatedNodes&quot; : [ ]
      } ],
      &quot;all&quot; : [ ],
      &quot;none&quot; : [ ],
      &quot;failureSummary&quot; : null
    }, {
      &quot;html&quot; : &quot;&lt;div class=\&quot;deal-text\&quot;&gt;&quot;,
      &quot;target&quot; : [ &quot;li:nth-child(20) &gt; .deal-text&quot; ],
      &quot;impact&quot; : null,
      &quot;any&quot; : [ {
        &quot;id&quot; : &quot;region&quot;,
        &quot;impact&quot; : &quot;moderate&quot;,
        &quot;message&quot; : &quot;All page content is contained by landmarks&quot;,
        &quot;data&quot; : {
          &quot;isIframe&quot; : false
        },
        &quot;relatedNodes&quot; : [ ]
      } ],
      &quot;all&quot; : [ ],
      &quot;none&quot; : [ ],
      &quot;failureSummary&quot; : null
    }, {
      &quot;html&quot; : &quot;&lt;h3&gt;\n            &lt;a class=\&quot;\&quot; href=\&quot;mars2.html?a=stay_connected\&quot;&gt;Get Radio on Uranus &lt;/a&gt;&lt;/h3&gt;&quot;,
      &quot;target&quot; : [ &quot;li:nth-child(20) &gt; .deal-text &gt; h3&quot; ],
      &quot;impact&quot; : null,
      &quot;any&quot; : [ {
        &quot;id&quot; : &quot;region&quot;,
        &quot;impact&quot; : &quot;moderate&quot;,
        &quot;message&quot; : &quot;All page content is contained by landmarks&quot;,
        &quot;data&quot; : {
          &quot;isIframe&quot; : false
        },
        &quot;relatedNodes&quot; : [ ]
      } ],
      &quot;all&quot; : [ ],
      &quot;none&quot; : [ ],
      &quot;failureSummary&quot; : null
    }, {
      &quot;html&quot; : &quot;&lt;a class=\&quot;\&quot; href=\&quot;mars2.html?a=stay_connected\&quot;&gt;Get Radio on Uranus &lt;/a&gt;&quot;,
      &quot;target&quot; : [ &quot;li:nth-child(20) &gt; .deal-text &gt; h3 &gt; a[href=\&quot;mars2.html?a=stay_connected\&quot;]&quot; ],
      &quot;impact&quot; : null,
      &quot;any&quot; : [ {
        &quot;id&quot; : &quot;region&quot;,
        &quot;impact&quot; : &quot;moderate&quot;,
        &quot;message&quot; : &quot;All page content is contained by landmarks&quot;,
        &quot;data&quot; : {
          &quot;isIframe&quot; : false
        },
        &quot;relatedNodes&quot; : [ ]
      } ],
      &quot;all&quot; : [ ],
      &quot;none&quot; : [ ],
      &quot;failureSummary&quot; : null
    }, {
      &quot;html&quot; : &quot;&lt;p&gt;All of our packages come with radio connectivity to the far reaches of the solar system. Yup, you too can get Justin Bieber on Uranus. &lt;a href=\&quot;mars2.html?a=stay_connected\&quot;&gt;Find out about radio connectivity today.&lt;/a&gt;&lt;/p&gt;&quot;,
      &quot;target&quot; : [ &quot;li:nth-child(20) &gt; .deal-text &gt; p&quot; ],
      &quot;impact&quot; : null,
      &quot;any&quot; : [ {
        &quot;id&quot; : &quot;region&quot;,
        &quot;impact&quot; : &quot;moderate&quot;,
        &quot;message&quot; : &quot;All page content is contained by landmarks&quot;,
        &quot;data&quot; : {
          &quot;isIframe&quot; : false
        },
        &quot;relatedNodes&quot; : [ ]
      } ],
      &quot;all&quot; : [ ],
      &quot;none&quot; : [ ],
      &quot;failureSummary&quot; : null
    }, {
      &quot;html&quot; : &quot;&lt;a href=\&quot;mars2.html?a=stay_connected\&quot;&gt;Find out about radio connectivity today.&lt;/a&gt;&quot;,
      &quot;target&quot; : [ &quot;li:nth-child(20) &gt; .deal-text &gt; p &gt; a[href=\&quot;mars2.html?a=stay_connected\&quot;]&quot; ],
      &quot;impact&quot; : null,
      &quot;any&quot; : [ {
        &quot;id&quot; : &quot;region&quot;,
        &quot;impact&quot; : &quot;moderate&quot;,
        &quot;message&quot; : &quot;All page content is contained by landmarks&quot;,
        &quot;data&quot; : {
          &quot;isIframe&quot; : false
        },
        &quot;relatedNodes&quot; : [ ]
      } ],
      &quot;all&quot; : [ ],
      &quot;none&quot; : [ ],
      &quot;failureSummary&quot; : null
    }, {
      &quot;html&quot; : &quot;&lt;div class=\&quot;prev carousel-bg\&quot;&gt;&lt;i class=\&quot;icon-carousel-down\&quot;&gt;&lt;/i&gt;&lt;/div&gt;&quot;,
      &quot;target&quot; : [ &quot;.prev&quot; ],
      &quot;impact&quot; : null,
      &quot;any&quot; : [ {
        &quot;id&quot; : &quot;region&quot;,
        &quot;impact&quot; : &quot;moderate&quot;,
        &quot;message&quot; : &quot;All page content is contained by landmarks&quot;,
        &quot;data&quot; : {
          &quot;isIframe&quot; : false
        },
        &quot;relatedNodes&quot; : [ ]
      } ],
      &quot;all&quot; : [ ],
      &quot;none&quot; : [ ],
      &quot;failureSummary&quot; : null
    }, {
      &quot;html&quot; : &quot;&lt;i class=\&quot;icon-carousel-down\&quot;&gt;&lt;/i&gt;&quot;,
      &quot;target&quot; : [ &quot;.icon-carousel-down&quot; ],
      &quot;impact&quot; : null,
      &quot;any&quot; : [ {
        &quot;id&quot; : &quot;region&quot;,
        &quot;impact&quot; : &quot;moderate&quot;,
        &quot;message&quot; : &quot;All page content is contained by landmarks&quot;,
        &quot;data&quot; : {
          &quot;isIframe&quot; : false
        },
        &quot;relatedNodes&quot; : [ ]
      } ],
      &quot;all&quot; : [ ],
      &quot;none&quot; : [ ],
      &quot;failureSummary&quot; : null
    }, {
      &quot;html&quot; : &quot;&lt;div class=\&quot;span5\&quot; id=\&quot;right-column\&quot;&gt;&quot;,
      &quot;target&quot; : [ &quot;#right-column&quot; ],
      &quot;impact&quot; : null,
      &quot;any&quot; : [ {
        &quot;id&quot; : &quot;region&quot;,
        &quot;impact&quot; : &quot;moderate&quot;,
        &quot;message&quot; : &quot;All page content is contained by landmarks&quot;,
        &quot;data&quot; : {
          &quot;isIframe&quot; : false
        },
        &quot;relatedNodes&quot; : [ ]
      } ],
      &quot;all&quot; : [ ],
      &quot;none&quot; : [ ],
      &quot;failureSummary&quot; : null
    }, {
      &quot;html&quot; : &quot;&lt;div id=\&quot;widget\&quot;&gt;&quot;,
      &quot;target&quot; : [ &quot;#widget&quot; ],
      &quot;impact&quot; : null,
      &quot;any&quot; : [ {
        &quot;id&quot; : &quot;region&quot;,
        &quot;impact&quot; : &quot;moderate&quot;,
        &quot;message&quot; : &quot;All page content is contained by landmarks&quot;,
        &quot;data&quot; : {
          &quot;isIframe&quot; : false
        },
        &quot;relatedNodes&quot; : [ ]
      } ],
      &quot;all&quot; : [ ],
      &quot;none&quot; : [ ],
      &quot;failureSummary&quot; : null
    }, {
      &quot;html&quot; : &quot;&lt;div class=\&quot;interior-container\&quot;&gt;&quot;,
      &quot;target&quot; : [ &quot;#widget-controls &gt; .interior-container&quot; ],
      &quot;impact&quot; : null,
      &quot;any&quot; : [ {
        &quot;id&quot; : &quot;region&quot;,
        &quot;impact&quot; : &quot;moderate&quot;,
        &quot;message&quot; : &quot;All page content is contained by landmarks&quot;,
        &quot;data&quot; : {
          &quot;isIframe&quot; : false
        },
        &quot;relatedNodes&quot; : [ ]
      } ],
      &quot;all&quot; : [ ],
      &quot;none&quot; : [ ],
      &quot;failureSummary&quot; : null
    }, {
      &quot;html&quot; : &quot;&lt;h3&gt;Let the Adventure Begin!&lt;/h3&gt;&quot;,
      &quot;target&quot; : [ &quot;#widget-controls &gt; .interior-container &gt; h3&quot; ],
      &quot;impact&quot; : null,
      &quot;any&quot; : [ {
        &quot;id&quot; : &quot;region&quot;,
        &quot;impact&quot; : &quot;moderate&quot;,
        &quot;message&quot; : &quot;All page content is contained by landmarks&quot;,
        &quot;data&quot; : {
          &quot;isIframe&quot; : false
        },
        &quot;relatedNodes&quot; : [ ]
      } ],
      &quot;all&quot; : [ ],
      &quot;none&quot; : [ ],
      &quot;failureSummary&quot; : null
    }, {
      &quot;html&quot; : &quot;&lt;form&gt;&quot;,
      &quot;target&quot; : [ &quot;.interior-container &gt; form&quot; ],
      &quot;impact&quot; : null,
      &quot;any&quot; : [ {
        &quot;id&quot; : &quot;region&quot;,
        &quot;impact&quot; : &quot;moderate&quot;,
        &quot;message&quot; : &quot;All page content is contained by landmarks&quot;,
        &quot;data&quot; : {
          &quot;isIframe&quot; : false
        },
        &quot;relatedNodes&quot; : [ ]
      } ],
      &quot;all&quot; : [ ],
      &quot;none&quot; : [ ],
      &quot;failureSummary&quot; : null
    }, {
      &quot;html&quot; : &quot;&lt;fieldset&gt;&quot;,
      &quot;target&quot; : [ &quot;.interior-container &gt; form &gt; fieldset&quot; ],
      &quot;impact&quot; : null,
      &quot;any&quot; : [ {
        &quot;id&quot; : &quot;region&quot;,
        &quot;impact&quot; : &quot;moderate&quot;,
        &quot;message&quot; : &quot;All page content is contained by landmarks&quot;,
        &quot;data&quot; : {
          &quot;isIframe&quot; : false
        },
        &quot;relatedNodes&quot; : [ ]
      } ],
      &quot;all&quot; : [ ],
      &quot;none&quot; : [ ],
      &quot;failureSummary&quot; : null
    }, {
      &quot;html&quot; : &quot;&lt;div class=\&quot;span-half left left-first\&quot;&gt;&quot;,
      &quot;target&quot; : [ &quot;.left&quot; ],
      &quot;impact&quot; : null,
      &quot;any&quot; : [ {
        &quot;id&quot; : &quot;region&quot;,
        &quot;impact&quot; : &quot;moderate&quot;,
        &quot;message&quot; : &quot;All page content is contained by landmarks&quot;,
        &quot;data&quot; : {
          &quot;isIframe&quot; : false
        },
        &quot;relatedNodes&quot; : [ ]
      } ],
      &quot;all&quot; : [ ],
      &quot;none&quot; : [ ],
      &quot;failureSummary&quot; : null
    }, {
      &quot;html&quot; : &quot;&lt;input type=\&quot;radio\&quot; name=\&quot;widget-type\&quot; id=\&quot;widget-controls-fares\&quot; value=\&quot;0\&quot; checked=\&quot;checked\&quot;&gt;&quot;,
      &quot;target&quot; : [ &quot;#widget-controls-fares&quot; ],
      &quot;impact&quot; : null,
      &quot;any&quot; : [ {
        &quot;id&quot; : &quot;region&quot;,
        &quot;impact&quot; : &quot;moderate&quot;,
        &quot;message&quot; : &quot;All page content is contained by landmarks&quot;,
        &quot;data&quot; : {
          &quot;isIframe&quot; : false
        },
        &quot;relatedNodes&quot; : [ ]
      } ],
      &quot;all&quot; : [ ],
      &quot;none&quot; : [ ],
      &quot;failureSummary&quot; : null
    }, {
      &quot;html&quot; : &quot;&lt;label id=\&quot;widget-controls-fares-label\&quot; for=\&quot;widget-controls-fares\&quot; class=\&quot;selected\&quot;&gt;Find Fares &amp;amp; Schedules&lt;/label&gt;&quot;,
      &quot;target&quot; : [ &quot;#widget-controls-fares-label&quot; ],
      &quot;impact&quot; : null,
      &quot;any&quot; : [ {
        &quot;id&quot; : &quot;region&quot;,
        &quot;impact&quot; : &quot;moderate&quot;,
        &quot;message&quot; : &quot;All page content is contained by landmarks&quot;,
        &quot;data&quot; : {
          &quot;isIframe&quot; : false
        },
        &quot;relatedNodes&quot; : [ ]
      } ],
      &quot;all&quot; : [ ],
      &quot;none&quot; : [ ],
      &quot;failureSummary&quot; : null
    }, {
      &quot;html&quot; : &quot;&lt;input type=\&quot;radio\&quot; name=\&quot;widget-type\&quot; id=\&quot;widget-controls-passes\&quot; value=\&quot;1\&quot;&gt;&quot;,
      &quot;target&quot; : [ &quot;#widget-controls-passes&quot; ],
      &quot;impact&quot; : null,
      &quot;any&quot; : [ {
        &quot;id&quot; : &quot;region&quot;,
        &quot;impact&quot; : &quot;moderate&quot;,
        &quot;message&quot; : &quot;All page content is contained by landmarks&quot;,
        &quot;data&quot; : {
          &quot;isIframe&quot; : false
        },
        &quot;relatedNodes&quot; : [ ]
      } ],
      &quot;all&quot; : [ ],
      &quot;none&quot; : [ ],
      &quot;failureSummary&quot; : null
    }, {
      &quot;html&quot; : &quot;&lt;label id=\&quot;widget-controls-passes-label\&quot; for=\&quot;widget-controls-passes\&quot;&gt;MarsCommuter Passes&lt;/label&gt;&quot;,
      &quot;target&quot; : [ &quot;#widget-controls-passes-label&quot; ],
      &quot;impact&quot; : null,
      &quot;any&quot; : [ {
        &quot;id&quot; : &quot;region&quot;,
        &quot;impact&quot; : &quot;moderate&quot;,
        &quot;message&quot; : &quot;All page content is contained by landmarks&quot;,
        &quot;data&quot; : {
          &quot;isIframe&quot; : false
        },
        &quot;relatedNodes&quot; : [ ]
      } ],
      &quot;all&quot; : [ ],
      &quot;none&quot; : [ ],
      &quot;failureSummary&quot; : null
    }, {
      &quot;html&quot; : &quot;&lt;input type=\&quot;radio\&quot; name=\&quot;widget-type\&quot; id=\&quot;widget-controls-reservations\&quot; value=\&quot;2\&quot;&gt;&quot;,
      &quot;target&quot; : [ &quot;#widget-controls-reservations&quot; ],
      &quot;impact&quot; : null,
      &quot;any&quot; : [ {
        &quot;id&quot; : &quot;region&quot;,
        &quot;impact&quot; : &quot;moderate&quot;,
        &quot;message&quot; : &quot;All page content is contained by landmarks&quot;,
        &quot;data&quot; : {
          &quot;isIframe&quot; : false
        },
        &quot;relatedNodes&quot; : [ ]
      } ],
      &quot;all&quot; : [ ],
      &quot;none&quot; : [ ],
      &quot;failureSummary&quot; : null
    }, {
      &quot;html&quot; : &quot;&lt;label id=\&quot;widget-controls-reservations-label\&quot; for=\&quot;widget-controls-reservations\&quot;&gt;MarsCommuter Reservations&lt;/label&gt;&quot;,
      &quot;target&quot; : [ &quot;#widget-controls-reservations-label&quot; ],
      &quot;impact&quot; : null,
      &quot;any&quot; : [ {
        &quot;id&quot; : &quot;region&quot;,
        &quot;impact&quot; : &quot;moderate&quot;,
        &quot;message&quot; : &quot;All page content is contained by landmarks&quot;,
        &quot;data&quot; : {
          &quot;isIframe&quot; : false
        },
        &quot;relatedNodes&quot; : [ ]
      } ],
      &quot;all&quot; : [ ],
      &quot;none&quot; : [ ],
      &quot;failureSummary&quot; : null
    }, {
      &quot;html&quot; : &quot;&lt;div class=\&quot;span-half right left-first pull-right\&quot;&gt;&quot;,
      &quot;target&quot; : [ &quot;.right&quot; ],
      &quot;impact&quot; : null,
      &quot;any&quot; : [ {
        &quot;id&quot; : &quot;region&quot;,
        &quot;impact&quot; : &quot;moderate&quot;,
        &quot;message&quot; : &quot;All page content is contained by landmarks&quot;,
        &quot;data&quot; : {
          &quot;isIframe&quot; : false
        },
        &quot;relatedNodes&quot; : [ ]
      } ],
      &quot;all&quot; : [ ],
      &quot;none&quot; : [ ],
      &quot;failureSummary&quot; : null
    }, {
      &quot;html&quot; : &quot;&lt;input type=\&quot;radio\&quot; name=\&quot;widget-type\&quot; id=\&quot;widget-controls-activities\&quot; value=\&quot;4\&quot;&gt;&quot;,
      &quot;target&quot; : [ &quot;#widget-controls-activities&quot; ],
      &quot;impact&quot; : null,
      &quot;any&quot; : [ {
        &quot;id&quot; : &quot;region&quot;,
        &quot;impact&quot; : &quot;moderate&quot;,
        &quot;message&quot; : &quot;All page content is contained by landmarks&quot;,
        &quot;data&quot; : {
          &quot;isIframe&quot; : false
        },
        &quot;relatedNodes&quot; : [ ]
      } ],
      &quot;all&quot; : [ ],
      &quot;none&quot; : [ ],
      &quot;failureSummary&quot; : null
    }, {
      &quot;html&quot; : &quot;&lt;label id=\&quot;widget-controls-activities-label\&quot; for=\&quot;widget-controls-activities\&quot;&gt;Find Activities&lt;/label&gt;&quot;,
      &quot;target&quot; : [ &quot;#widget-controls-activities-label&quot; ],
      &quot;impact&quot; : null,
      &quot;any&quot; : [ {
        &quot;id&quot; : &quot;region&quot;,
        &quot;impact&quot; : &quot;moderate&quot;,
        &quot;message&quot; : &quot;All page content is contained by landmarks&quot;,
        &quot;data&quot; : {
          &quot;isIframe&quot; : false
        },
        &quot;relatedNodes&quot; : [ ]
      } ],
      &quot;all&quot; : [ ],
      &quot;none&quot; : [ ],
      &quot;failureSummary&quot; : null
    }, {
      &quot;html&quot; : &quot;&lt;input type=\&quot;radio\&quot; name=\&quot;widget-type\&quot; id=\&quot;widget-controls-hotels\&quot; value=\&quot;3\&quot;&gt;&quot;,
      &quot;target&quot; : [ &quot;#widget-controls-hotels&quot; ],
      &quot;impact&quot; : null,
      &quot;any&quot; : [ {
        &quot;id&quot; : &quot;region&quot;,
        &quot;impact&quot; : &quot;moderate&quot;,
        &quot;message&quot; : &quot;All page content is contained by landmarks&quot;,
        &quot;data&quot; : {
          &quot;isIframe&quot; : false
        },
        &quot;relatedNodes&quot; : [ ]
      } ],
      &quot;all&quot; : [ ],
      &quot;none&quot; : [ ],
      &quot;failureSummary&quot; : null
    }, {
      &quot;html&quot; : &quot;&lt;label id=\&quot;widget-controls-hotels-label\&quot; for=\&quot;widget-controls-hotels\&quot;&gt;Book a Hotel&lt;/label&gt;&quot;,
      &quot;target&quot; : [ &quot;#widget-controls-hotels-label&quot; ],
      &quot;impact&quot; : null,
      &quot;any&quot; : [ {
        &quot;id&quot; : &quot;region&quot;,
        &quot;impact&quot; : &quot;moderate&quot;,
        &quot;message&quot; : &quot;All page content is contained by landmarks&quot;,
        &quot;data&quot; : {
          &quot;isIframe&quot; : false
        },
        &quot;relatedNodes&quot; : [ ]
      } ],
      &quot;all&quot; : [ ],
      &quot;none&quot; : [ ],
      &quot;failureSummary&quot; : null
    }, {
      &quot;html&quot; : &quot;&lt;div id=\&quot;active-widget\&quot;&gt;&quot;,
      &quot;target&quot; : [ &quot;#active-widget&quot; ],
      &quot;impact&quot; : null,
      &quot;any&quot; : [ {
        &quot;id&quot; : &quot;region&quot;,
        &quot;impact&quot; : &quot;moderate&quot;,
        &quot;message&quot; : &quot;All page content is contained by landmarks&quot;,
        &quot;data&quot; : {
          &quot;isIframe&quot; : false
        },
        &quot;relatedNodes&quot; : [ ]
      } ],
      &quot;all&quot; : [ ],
      &quot;none&quot; : [ ],
      &quot;failureSummary&quot; : null
    }, {
      &quot;html&quot; : &quot;&lt;div id=\&quot;booking-box\&quot; class=\&quot;w-b-box\&quot; style=\&quot;display: block;\&quot;&gt;&quot;,
      &quot;target&quot; : [ &quot;#booking-box&quot; ],
      &quot;impact&quot; : null,
      &quot;any&quot; : [ {
        &quot;id&quot; : &quot;region&quot;,
        &quot;impact&quot; : &quot;moderate&quot;,
        &quot;message&quot; : &quot;All page content is contained by landmarks&quot;,
        &quot;data&quot; : {
          &quot;isIframe&quot; : false
        },
        &quot;relatedNodes&quot; : [ ]
      } ],
      &quot;all&quot; : [ ],
      &quot;none&quot; : [ ],
      &quot;failureSummary&quot; : null
    }, {
      &quot;html&quot; : &quot;&lt;form name=\&quot;form1\&quot; target=\&quot;_top\&quot; id=\&quot;form1\&quot; method=\&quot;get\&quot; class=\&quot;form-fill ptp_request ptp-form\&quot; action=\&quot;/demo/mars/mars2\&quot;&gt;&quot;,
      &quot;target&quot; : [ &quot;#form1&quot; ],
      &quot;impact&quot; : null,
      &quot;any&quot; : [ {
        &quot;id&quot; : &quot;region&quot;,
        &quot;impact&quot; : &quot;moderate&quot;,
        &quot;message&quot; : &quot;All page content is contained by landmarks&quot;,
        &quot;data&quot; : {
          &quot;isIframe&quot; : false
        },
        &quot;relatedNodes&quot; : [ ]
      } ],
      &quot;all&quot; : [ ],
      &quot;none&quot; : [ ],
      &quot;failureSummary&quot; : null
    }, {
      &quot;html&quot; : &quot;&lt;div id=\&quot;route-select\&quot; class=\&quot;widget-container middle\&quot;&gt;&quot;,
      &quot;target&quot; : [ &quot;#route-select&quot; ],
      &quot;impact&quot; : null,
      &quot;any&quot; : [ {
        &quot;id&quot; : &quot;region&quot;,
        &quot;impact&quot; : &quot;moderate&quot;,
        &quot;message&quot; : &quot;All page content is contained by landmarks&quot;,
        &quot;data&quot; : {
          &quot;isIframe&quot; : false
        },
        &quot;relatedNodes&quot; : [ ]
      } ],
      &quot;all&quot; : [ ],
      &quot;none&quot; : [ ],
      &quot;failureSummary&quot; : null
    }, {
      &quot;html&quot; : &quot;&lt;div class=\&quot;widget-down-arrow\&quot;&gt;&lt;/div&gt;&quot;,
      &quot;target&quot; : [ &quot;#route-select &gt; .widget-down-arrow&quot; ],
      &quot;impact&quot; : null,
      &quot;any&quot; : [ {
        &quot;id&quot; : &quot;region&quot;,
        &quot;impact&quot; : &quot;moderate&quot;,
        &quot;message&quot; : &quot;All page content is contained by landmarks&quot;,
        &quot;data&quot; : {
          &quot;isIframe&quot; : false
        },
        &quot;relatedNodes&quot; : [ ]
      } ],
      &quot;all&quot; : [ ],
      &quot;none&quot; : [ ],
      &quot;failureSummary&quot; : null
    }, {
      &quot;html&quot; : &quot;&lt;div class=\&quot;interior-container\&quot;&gt;&quot;,
      &quot;target&quot; : [ &quot;#route-select &gt; .interior-container&quot; ],
      &quot;impact&quot; : null,
      &quot;any&quot; : [ {
        &quot;id&quot; : &quot;region&quot;,
        &quot;impact&quot; : &quot;moderate&quot;,
        &quot;message&quot; : &quot;All page content is contained by landmarks&quot;,
        &quot;data&quot; : {
          &quot;isIframe&quot; : false
        },
        &quot;relatedNodes&quot; : [ ]
      } ],
      &quot;all&quot; : [ ],
      &quot;none&quot; : [ ],
      &quot;failureSummary&quot; : null
    }, {
      &quot;html&quot; : &quot;&lt;span class=\&quot;wrapper\&quot;&gt;\n&lt;input type=\&quot;radio\&quot; name=\&quot;route-type\&quot; id=\&quot;route-type-one-way\&quot; value=\&quot;0\&quot; checked=\&quot;checked\&quot;&gt;\n&lt;label for=\&quot;route-type-one-way\&quot; class=\&quot;selected\&quot;&gt;One-Way&lt;/label&gt;\n&lt;/span&gt;&quot;,
      &quot;target&quot; : [ &quot;#route-type-radio-group &gt; .wrapper:nth-child(1)&quot; ],
      &quot;impact&quot; : null,
      &quot;any&quot; : [ {
        &quot;id&quot; : &quot;region&quot;,
        &quot;impact&quot; : &quot;moderate&quot;,
        &quot;message&quot; : &quot;All page content is contained by landmarks&quot;,
        &quot;data&quot; : {
          &quot;isIframe&quot; : false
        },
        &quot;relatedNodes&quot; : [ ]
      } ],
      &quot;all&quot; : [ ],
      &quot;none&quot; : [ ],
      &quot;failureSummary&quot; : null
    }, {
      &quot;html&quot; : &quot;&lt;input type=\&quot;radio\&quot; name=\&quot;route-type\&quot; id=\&quot;route-type-one-way\&quot; value=\&quot;0\&quot; checked=\&quot;checked\&quot;&gt;&quot;,
      &quot;target&quot; : [ &quot;#route-type-one-way&quot; ],
      &quot;impact&quot; : null,
      &quot;any&quot; : [ {
        &quot;id&quot; : &quot;region&quot;,
        &quot;impact&quot; : &quot;moderate&quot;,
        &quot;message&quot; : &quot;All page content is contained by landmarks&quot;,
        &quot;data&quot; : {
          &quot;isIframe&quot; : false
        },
        &quot;relatedNodes&quot; : [ ]
      } ],
      &quot;all&quot; : [ ],
      &quot;none&quot; : [ ],
      &quot;failureSummary&quot; : null
    }, {
      &quot;html&quot; : &quot;&lt;label for=\&quot;route-type-one-way\&quot; class=\&quot;selected\&quot;&gt;One-Way&lt;/label&gt;&quot;,
      &quot;target&quot; : [ &quot;label[for=\&quot;route-type-one-way\&quot;]&quot; ],
      &quot;impact&quot; : null,
      &quot;any&quot; : [ {
        &quot;id&quot; : &quot;region&quot;,
        &quot;impact&quot; : &quot;moderate&quot;,
        &quot;message&quot; : &quot;All page content is contained by landmarks&quot;,
        &quot;data&quot; : {
          &quot;isIframe&quot; : false
        },
        &quot;relatedNodes&quot; : [ ]
      } ],
      &quot;all&quot; : [ ],
      &quot;none&quot; : [ ],
      &quot;failureSummary&quot; : null
    }, {
      &quot;html&quot; : &quot;&lt;span class=\&quot;wrapper\&quot;&gt;\n&lt;input type=\&quot;radio\&quot; name=\&quot;route-type\&quot; id=\&quot;route-type-round-trip\&quot; value=\&quot;1\&quot;&gt;\n&lt;label for=\&quot;route-type-round-trip\&quot;&gt;Round-Trip&lt;/label&gt;\n&lt;/span&gt;&quot;,
      &quot;target&quot; : [ &quot;#route-type-radio-group &gt; .wrapper:nth-child(2)&quot; ],
      &quot;impact&quot; : null,
      &quot;any&quot; : [ {
        &quot;id&quot; : &quot;region&quot;,
        &quot;impact&quot; : &quot;moderate&quot;,
        &quot;message&quot; : &quot;All page content is contained by landmarks&quot;,
        &quot;data&quot; : {
          &quot;isIframe&quot; : false
        },
        &quot;relatedNodes&quot; : [ ]
      } ],
      &quot;all&quot; : [ ],
      &quot;none&quot; : [ ],
      &quot;failureSummary&quot; : null
    }, {
      &quot;html&quot; : &quot;&lt;input type=\&quot;radio\&quot; name=\&quot;route-type\&quot; id=\&quot;route-type-round-trip\&quot; value=\&quot;1\&quot;&gt;&quot;,
      &quot;target&quot; : [ &quot;#route-type-round-trip&quot; ],
      &quot;impact&quot; : null,
      &quot;any&quot; : [ {
        &quot;id&quot; : &quot;region&quot;,
        &quot;impact&quot; : &quot;moderate&quot;,
        &quot;message&quot; : &quot;All page content is contained by landmarks&quot;,
        &quot;data&quot; : {
          &quot;isIframe&quot; : false
        },
        &quot;relatedNodes&quot; : [ ]
      } ],
      &quot;all&quot; : [ ],
      &quot;none&quot; : [ ],
      &quot;failureSummary&quot; : null
    }, {
      &quot;html&quot; : &quot;&lt;label for=\&quot;route-type-round-trip\&quot;&gt;Round-Trip&lt;/label&gt;&quot;,
      &quot;target&quot; : [ &quot;label[for=\&quot;route-type-round-trip\&quot;]&quot; ],
      &quot;impact&quot; : null,
      &quot;any&quot; : [ {
        &quot;id&quot; : &quot;region&quot;,
        &quot;impact&quot; : &quot;moderate&quot;,
        &quot;message&quot; : &quot;All page content is contained by landmarks&quot;,
        &quot;data&quot; : {
          &quot;isIframe&quot; : false
        },
        &quot;relatedNodes&quot; : [ ]
      } ],
      &quot;all&quot; : [ ],
      &quot;none&quot; : [ ],
      &quot;failureSummary&quot; : null
    }, {
      &quot;html&quot; : &quot;&lt;span class=\&quot;wrapper\&quot;&gt;\n&lt;input type=\&quot;radio\&quot; name=\&quot;route-type\&quot; id=\&quot;route-type-multi-city\&quot; value=\&quot;2\&quot;&gt;\n&lt;label for=\&quot;route-type-multi-city\&quot;&gt;Multi-Planet&lt;/label&gt;\n&lt;/span&gt;&quot;,
      &quot;target&quot; : [ &quot;#route-type-radio-group &gt; .wrapper:nth-child(3)&quot; ],
      &quot;impact&quot; : null,
      &quot;any&quot; : [ {
        &quot;id&quot; : &quot;region&quot;,
        &quot;impact&quot; : &quot;moderate&quot;,
        &quot;message&quot; : &quot;All page content is contained by landmarks&quot;,
        &quot;data&quot; : {
          &quot;isIframe&quot; : false
        },
        &quot;relatedNodes&quot; : [ ]
      } ],
      &quot;all&quot; : [ ],
      &quot;none&quot; : [ ],
      &quot;failureSummary&quot; : null
    }, {
      &quot;html&quot; : &quot;&lt;input type=\&quot;radio\&quot; name=\&quot;route-type\&quot; id=\&quot;route-type-multi-city\&quot; value=\&quot;2\&quot;&gt;&quot;,
      &quot;target&quot; : [ &quot;#route-type-multi-city&quot; ],
      &quot;impact&quot; : null,
      &quot;any&quot; : [ {
        &quot;id&quot; : &quot;region&quot;,
        &quot;impact&quot; : &quot;moderate&quot;,
        &quot;message&quot; : &quot;All page content is contained by landmarks&quot;,
        &quot;data&quot; : {
          &quot;isIframe&quot; : false
        },
        &quot;relatedNodes&quot; : [ ]
      } ],
      &quot;all&quot; : [ ],
      &quot;none&quot; : [ ],
      &quot;failureSummary&quot; : null
    }, {
      &quot;html&quot; : &quot;&lt;label for=\&quot;route-type-multi-city\&quot;&gt;Multi-Planet&lt;/label&gt;&quot;,
      &quot;target&quot; : [ &quot;label[for=\&quot;route-type-multi-city\&quot;]&quot; ],
      &quot;impact&quot; : null,
      &quot;any&quot; : [ {
        &quot;id&quot; : &quot;region&quot;,
        &quot;impact&quot; : &quot;moderate&quot;,
        &quot;message&quot; : &quot;All page content is contained by landmarks&quot;,
        &quot;data&quot; : {
          &quot;isIframe&quot; : false
        },
        &quot;relatedNodes&quot; : [ ]
      } ],
      &quot;all&quot; : [ ],
      &quot;none&quot; : [ ],
      &quot;failureSummary&quot; : null
    }, {
      &quot;html&quot; : &quot;&lt;div id=\&quot;route-type\&quot;&gt;&quot;,
      &quot;target&quot; : [ &quot;#route-type&quot; ],
      &quot;impact&quot; : null,
      &quot;any&quot; : [ {
        &quot;id&quot; : &quot;region&quot;,
        &quot;impact&quot; : &quot;moderate&quot;,
        &quot;message&quot; : &quot;All page content is contained by landmarks&quot;,
        &quot;data&quot; : {
          &quot;isIframe&quot; : false
        },
        &quot;relatedNodes&quot; : [ ]
      } ],
      &quot;all&quot; : [ ],
      &quot;none&quot; : [ ],
      &quot;failureSummary&quot; : null
    }, {
      &quot;html&quot; : &quot;&lt;div id=\&quot;trips\&quot;&gt;&quot;,
      &quot;target&quot; : [ &quot;#trips&quot; ],
      &quot;impact&quot; : null,
      &quot;any&quot; : [ {
        &quot;id&quot; : &quot;region&quot;,
        &quot;impact&quot; : &quot;moderate&quot;,
        &quot;message&quot; : &quot;All page content is contained by landmarks&quot;,
        &quot;data&quot; : {
          &quot;isIframe&quot; : false
        },
        &quot;relatedNodes&quot; : [ ]
      } ],
      &quot;all&quot; : [ ],
      &quot;none&quot; : [ ],
      &quot;failureSummary&quot; : null
    }, {
      &quot;html&quot; : &quot;&lt;div id=\&quot;route0\&quot; class=\&quot;trip\&quot;&gt;&quot;,
      &quot;target&quot; : [ &quot;#route0&quot; ],
      &quot;impact&quot; : null,
      &quot;any&quot; : [ {
        &quot;id&quot; : &quot;region&quot;,
        &quot;impact&quot; : &quot;moderate&quot;,
        &quot;message&quot; : &quot;All page content is contained by landmarks&quot;,
        &quot;data&quot; : {
          &quot;isIframe&quot; : false
        },
        &quot;relatedNodes&quot; : [ ]
      } ],
      &quot;all&quot; : [ ],
      &quot;none&quot; : [ ],
      &quot;failureSummary&quot; : null
    }, {
      &quot;html&quot; : &quot;&lt;label for=\&quot;from0\&quot;&gt;From:&lt;/label&gt;&quot;,
      &quot;target&quot; : [ &quot;label[for=\&quot;from0\&quot;]&quot; ],
      &quot;impact&quot; : null,
      &quot;any&quot; : [ {
        &quot;id&quot; : &quot;region&quot;,
        &quot;impact&quot; : &quot;moderate&quot;,
        &quot;message&quot; : &quot;All page content is contained by landmarks&quot;,
        &quot;data&quot; : {
          &quot;isIframe&quot; : false
        },
        &quot;relatedNodes&quot; : [ ]
      } ],
      &quot;all&quot; : [ ],
      &quot;none&quot; : [ ],
      &quot;failureSummary&quot; : null
    }, {
      &quot;html&quot; : &quot;&lt;input type=\&quot;text\&quot; value=\&quot;\&quot; class=\&quot;city-input ac_input ui-autocomplete-input\&quot; autocomplete=\&quot;off\&quot; id=\&quot;from0\&quot; name=\&quot;from0\&quot; tabindex=\&quot;1\&quot; role=\&quot;textbox\&quot; aria-autocomplete=\&quot;list\&quot; aria-haspopup=\&quot;true\&quot;&gt;&quot;,
      &quot;target&quot; : [ &quot;#from0&quot; ],
      &quot;impact&quot; : null,
      &quot;any&quot; : [ {
        &quot;id&quot; : &quot;region&quot;,
        &quot;impact&quot; : &quot;moderate&quot;,
        &quot;message&quot; : &quot;All page content is contained by landmarks&quot;,
        &quot;data&quot; : {
          &quot;isIframe&quot; : false
        },
        &quot;relatedNodes&quot; : [ ]
      } ],
      &quot;all&quot; : [ ],
      &quot;none&quot; : [ ],
      &quot;failureSummary&quot; : null
    }, {
      &quot;html&quot; : &quot;&lt;label for=\&quot;to0\&quot;&gt;To:&lt;/label&gt;&quot;,
      &quot;target&quot; : [ &quot;label[for=\&quot;to0\&quot;]&quot; ],
      &quot;impact&quot; : null,
      &quot;any&quot; : [ {
        &quot;id&quot; : &quot;region&quot;,
        &quot;impact&quot; : &quot;moderate&quot;,
        &quot;message&quot; : &quot;All page content is contained by landmarks&quot;,
        &quot;data&quot; : {
          &quot;isIframe&quot; : false
        },
        &quot;relatedNodes&quot; : [ ]
      } ],
      &quot;all&quot; : [ ],
      &quot;none&quot; : [ ],
      &quot;failureSummary&quot; : null
    }, {
      &quot;html&quot; : &quot;&lt;input type=\&quot;text\&quot; value=\&quot;\&quot; class=\&quot;city-input ac_input ui-autocomplete-input\&quot; autocomplete=\&quot;off\&quot; id=\&quot;to0\&quot; name=\&quot;to0\&quot; tabindex=\&quot;1\&quot; role=\&quot;textbox\&quot; aria-autocomplete=\&quot;list\&quot; aria-haspopup=\&quot;true\&quot;&gt;&quot;,
      &quot;target&quot; : [ &quot;#to0&quot; ],
      &quot;impact&quot; : null,
      &quot;any&quot; : [ {
        &quot;id&quot; : &quot;region&quot;,
        &quot;impact&quot; : &quot;moderate&quot;,
        &quot;message&quot; : &quot;All page content is contained by landmarks&quot;,
        &quot;data&quot; : {
          &quot;isIframe&quot; : false
        },
        &quot;relatedNodes&quot; : [ ]
      } ],
      &quot;all&quot; : [ ],
      &quot;none&quot; : [ ],
      &quot;failureSummary&quot; : null
    }, {
      &quot;html&quot; : &quot;&lt;span class=\&quot;wrapper departure-date\&quot;&gt;&quot;,
      &quot;target&quot; : [ &quot;.departure-date&quot; ],
      &quot;impact&quot; : null,
      &quot;any&quot; : [ {
        &quot;id&quot; : &quot;region&quot;,
        &quot;impact&quot; : &quot;moderate&quot;,
        &quot;message&quot; : &quot;All page content is contained by landmarks&quot;,
        &quot;data&quot; : {
          &quot;isIframe&quot; : false
        },
        &quot;relatedNodes&quot; : [ ]
      } ],
      &quot;all&quot; : [ ],
      &quot;none&quot; : [ ],
      &quot;failureSummary&quot; : null
    }, {
      &quot;html&quot; : &quot;&lt;button type=\&quot;button\&quot; class=\&quot;ui-datepicker-trigger\&quot;&gt;&lt;img src=\&quot;/assets/demo-sites/mars/images/calendar.png\&quot; alt=\&quot;...\&quot; title=\&quot;...\&quot;&gt;&lt;/button&gt;&quot;,
      &quot;target&quot; : [ &quot;.departure-date &gt; .ui-datepicker-trigger:nth-child(3)&quot; ],
      &quot;impact&quot; : null,
      &quot;any&quot; : [ {
        &quot;id&quot; : &quot;region&quot;,
        &quot;impact&quot; : &quot;moderate&quot;,
        &quot;message&quot; : &quot;All page content is contained by landmarks&quot;,
        &quot;data&quot; : {
          &quot;isIframe&quot; : false
        },
        &quot;relatedNodes&quot; : [ ]
      } ],
      &quot;all&quot; : [ ],
      &quot;none&quot; : [ ],
      &quot;failureSummary&quot; : null
    }, {
      &quot;html&quot; : &quot;&lt;img src=\&quot;/assets/demo-sites/mars/images/calendar.png\&quot; alt=\&quot;...\&quot; title=\&quot;...\&quot;&gt;&quot;,
      &quot;target&quot; : [ &quot;.departure-date &gt; .ui-datepicker-trigger:nth-child(3) &gt; img[alt=\&quot;...\&quot;][title=\&quot;...\&quot;]&quot; ],
      &quot;impact&quot; : null,
      &quot;any&quot; : [ {
        &quot;id&quot; : &quot;region&quot;,
        &quot;impact&quot; : &quot;moderate&quot;,
        &quot;message&quot; : &quot;All page content is contained by landmarks&quot;,
        &quot;data&quot; : {
          &quot;isIframe&quot; : false
        },
        &quot;relatedNodes&quot; : [ ]
      } ],
      &quot;all&quot; : [ ],
      &quot;none&quot; : [ ],
      &quot;failureSummary&quot; : null
    }, {
      &quot;html&quot; : &quot;&lt;button class=\&quot;ui-datepicker-trigger\&quot; type=\&quot;button\&quot;&gt;\n&lt;!-- &lt;img title=\&quot;...\&quot; alt=\&quot;...\&quot; src=\&quot;/redesign/assets/demo-sites/mars/images/calendar.png\&quot;&gt; --&gt;\n&lt;/button&gt;&quot;,
      &quot;target&quot; : [ &quot;.departure-date &gt; .ui-datepicker-trigger:nth-child(4)&quot; ],
      &quot;impact&quot; : null,
      &quot;any&quot; : [ {
        &quot;id&quot; : &quot;region&quot;,
        &quot;impact&quot; : &quot;moderate&quot;,
        &quot;message&quot; : &quot;All page content is contained by landmarks&quot;,
        &quot;data&quot; : {
          &quot;isIframe&quot; : false
        },
        &quot;relatedNodes&quot; : [ ]
      } ],
      &quot;all&quot; : [ ],
      &quot;none&quot; : [ ],
      &quot;failureSummary&quot; : null
    }, {
      &quot;html&quot; : &quot;&lt;select name=\&quot;time0\&quot; id=\&quot;time0\&quot; class=\&quot;select-time\&quot; tabindex=\&quot;4\&quot;&gt;&quot;,
      &quot;target&quot; : [ &quot;#time0&quot; ],
      &quot;impact&quot; : null,
      &quot;any&quot; : [ {
        &quot;id&quot; : &quot;region&quot;,
        &quot;impact&quot; : &quot;moderate&quot;,
        &quot;message&quot; : &quot;All page content is contained by landmarks&quot;,
        &quot;data&quot; : {
          &quot;isIframe&quot; : false
        },
        &quot;relatedNodes&quot; : [ ]
      } ],
      &quot;all&quot; : [ ],
      &quot;none&quot; : [ ],
      &quot;failureSummary&quot; : null
    }, {
      &quot;html&quot; : &quot;&lt;option value=\&quot;0\&quot;&gt;12 am&lt;/option&gt;&quot;,
      &quot;target&quot; : [ &quot;#time0 &gt; option[value=\&quot;0\&quot;]&quot; ],
      &quot;impact&quot; : null,
      &quot;any&quot; : [ {
        &quot;id&quot; : &quot;region&quot;,
        &quot;impact&quot; : &quot;moderate&quot;,
        &quot;message&quot; : &quot;All page content is contained by landmarks&quot;,
        &quot;data&quot; : {
          &quot;isIframe&quot; : false
        },
        &quot;relatedNodes&quot; : [ ]
      } ],
      &quot;all&quot; : [ ],
      &quot;none&quot; : [ ],
      &quot;failureSummary&quot; : null
    }, {
      &quot;html&quot; : &quot;&lt;option value=\&quot;1\&quot;&gt;01 am&lt;/option&gt;&quot;,
      &quot;target&quot; : [ &quot;#time0 &gt; option[value=\&quot;1\&quot;]&quot; ],
      &quot;impact&quot; : null,
      &quot;any&quot; : [ {
        &quot;id&quot; : &quot;region&quot;,
        &quot;impact&quot; : &quot;moderate&quot;,
        &quot;message&quot; : &quot;All page content is contained by landmarks&quot;,
        &quot;data&quot; : {
          &quot;isIframe&quot; : false
        },
        &quot;relatedNodes&quot; : [ ]
      } ],
      &quot;all&quot; : [ ],
      &quot;none&quot; : [ ],
      &quot;failureSummary&quot; : null
    }, {
      &quot;html&quot; : &quot;&lt;option value=\&quot;2\&quot;&gt;02 am&lt;/option&gt;&quot;,
      &quot;target&quot; : [ &quot;#time0 &gt; option[value=\&quot;2\&quot;]&quot; ],
      &quot;impact&quot; : null,
      &quot;any&quot; : [ {
        &quot;id&quot; : &quot;region&quot;,
        &quot;impact&quot; : &quot;moderate&quot;,
        &quot;message&quot; : &quot;All page content is contained by landmarks&quot;,
        &quot;data&quot; : {
          &quot;isIframe&quot; : false
        },
        &quot;relatedNodes&quot; : [ ]
      } ],
      &quot;all&quot; : [ ],
      &quot;none&quot; : [ ],
      &quot;failureSummary&quot; : null
    }, {
      &quot;html&quot; : &quot;&lt;option value=\&quot;3\&quot;&gt;03 am&lt;/option&gt;&quot;,
      &quot;target&quot; : [ &quot;#time0 &gt; option[value=\&quot;3\&quot;]&quot; ],
      &quot;impact&quot; : null,
      &quot;any&quot; : [ {
        &quot;id&quot; : &quot;region&quot;,
        &quot;impact&quot; : &quot;moderate&quot;,
        &quot;message&quot; : &quot;All page content is contained by landmarks&quot;,
        &quot;data&quot; : {
          &quot;isIframe&quot; : false
        },
        &quot;relatedNodes&quot; : [ ]
      } ],
      &quot;all&quot; : [ ],
      &quot;none&quot; : [ ],
      &quot;failureSummary&quot; : null
    }, {
      &quot;html&quot; : &quot;&lt;option value=\&quot;4\&quot;&gt;04 am&lt;/option&gt;&quot;,
      &quot;target&quot; : [ &quot;#time0 &gt; option[value=\&quot;4\&quot;]&quot; ],
      &quot;impact&quot; : null,
      &quot;any&quot; : [ {
        &quot;id&quot; : &quot;region&quot;,
        &quot;impact&quot; : &quot;moderate&quot;,
        &quot;message&quot; : &quot;All page content is contained by landmarks&quot;,
        &quot;data&quot; : {
          &quot;isIframe&quot; : false
        },
        &quot;relatedNodes&quot; : [ ]
      } ],
      &quot;all&quot; : [ ],
      &quot;none&quot; : [ ],
      &quot;failureSummary&quot; : null
    }, {
      &quot;html&quot; : &quot;&lt;option value=\&quot;5\&quot;&gt;05 am&lt;/option&gt;&quot;,
      &quot;target&quot; : [ &quot;#time0 &gt; option[value=\&quot;5\&quot;]&quot; ],
      &quot;impact&quot; : null,
      &quot;any&quot; : [ {
        &quot;id&quot; : &quot;region&quot;,
        &quot;impact&quot; : &quot;moderate&quot;,
        &quot;message&quot; : &quot;All page content is contained by landmarks&quot;,
        &quot;data&quot; : {
          &quot;isIframe&quot; : false
        },
        &quot;relatedNodes&quot; : [ ]
      } ],
      &quot;all&quot; : [ ],
      &quot;none&quot; : [ ],
      &quot;failureSummary&quot; : null
    }, {
      &quot;html&quot; : &quot;&lt;option value=\&quot;6\&quot;&gt;06 am&lt;/option&gt;&quot;,
      &quot;target&quot; : [ &quot;#time0 &gt; option[value=\&quot;6\&quot;]&quot; ],
      &quot;impact&quot; : null,
      &quot;any&quot; : [ {
        &quot;id&quot; : &quot;region&quot;,
        &quot;impact&quot; : &quot;moderate&quot;,
        &quot;message&quot; : &quot;All page content is contained by landmarks&quot;,
        &quot;data&quot; : {
          &quot;isIframe&quot; : false
        },
        &quot;relatedNodes&quot; : [ ]
      } ],
      &quot;all&quot; : [ ],
      &quot;none&quot; : [ ],
      &quot;failureSummary&quot; : null
    }, {
      &quot;html&quot; : &quot;&lt;option value=\&quot;7\&quot;&gt;07 am&lt;/option&gt;&quot;,
      &quot;target&quot; : [ &quot;option[value=\&quot;7\&quot;]&quot; ],
      &quot;impact&quot; : null,
      &quot;any&quot; : [ {
        &quot;id&quot; : &quot;region&quot;,
        &quot;impact&quot; : &quot;moderate&quot;,
        &quot;message&quot; : &quot;All page content is contained by landmarks&quot;,
        &quot;data&quot; : {
          &quot;isIframe&quot; : false
        },
        &quot;relatedNodes&quot; : [ ]
      } ],
      &quot;all&quot; : [ ],
      &quot;none&quot; : [ ],
      &quot;failureSummary&quot; : null
    }, {
      &quot;html&quot; : &quot;&lt;option value=\&quot;8\&quot;&gt;08 am&lt;/option&gt;&quot;,
      &quot;target&quot; : [ &quot;option[value=\&quot;8\&quot;]&quot; ],
      &quot;impact&quot; : null,
      &quot;any&quot; : [ {
        &quot;id&quot; : &quot;region&quot;,
        &quot;impact&quot; : &quot;moderate&quot;,
        &quot;message&quot; : &quot;All page content is contained by landmarks&quot;,
        &quot;data&quot; : {
          &quot;isIframe&quot; : false
        },
        &quot;relatedNodes&quot; : [ ]
      } ],
      &quot;all&quot; : [ ],
      &quot;none&quot; : [ ],
      &quot;failureSummary&quot; : null
    }, {
      &quot;html&quot; : &quot;&lt;option value=\&quot;9\&quot;&gt;09 am&lt;/option&gt;&quot;,
      &quot;target&quot; : [ &quot;option[value=\&quot;9\&quot;]&quot; ],
      &quot;impact&quot; : null,
      &quot;any&quot; : [ {
        &quot;id&quot; : &quot;region&quot;,
        &quot;impact&quot; : &quot;moderate&quot;,
        &quot;message&quot; : &quot;All page content is contained by landmarks&quot;,
        &quot;data&quot; : {
          &quot;isIframe&quot; : false
        },
        &quot;relatedNodes&quot; : [ ]
      } ],
      &quot;all&quot; : [ ],
      &quot;none&quot; : [ ],
      &quot;failureSummary&quot; : null
    }, {
      &quot;html&quot; : &quot;&lt;option value=\&quot;10\&quot;&gt;10 am&lt;/option&gt;&quot;,
      &quot;target&quot; : [ &quot;option[value=\&quot;10\&quot;]&quot; ],
      &quot;impact&quot; : null,
      &quot;any&quot; : [ {
        &quot;id&quot; : &quot;region&quot;,
        &quot;impact&quot; : &quot;moderate&quot;,
        &quot;message&quot; : &quot;All page content is contained by landmarks&quot;,
        &quot;data&quot; : {
          &quot;isIframe&quot; : false
        },
        &quot;relatedNodes&quot; : [ ]
      } ],
      &quot;all&quot; : [ ],
      &quot;none&quot; : [ ],
      &quot;failureSummary&quot; : null
    }, {
      &quot;html&quot; : &quot;&lt;option value=\&quot;11\&quot;&gt;11 am&lt;/option&gt;&quot;,
      &quot;target&quot; : [ &quot;option[value=\&quot;11\&quot;]&quot; ],
      &quot;impact&quot; : null,
      &quot;any&quot; : [ {
        &quot;id&quot; : &quot;region&quot;,
        &quot;impact&quot; : &quot;moderate&quot;,
        &quot;message&quot; : &quot;All page content is contained by landmarks&quot;,
        &quot;data&quot; : {
          &quot;isIframe&quot; : false
        },
        &quot;relatedNodes&quot; : [ ]
      } ],
      &quot;all&quot; : [ ],
      &quot;none&quot; : [ ],
      &quot;failureSummary&quot; : null
    }, {
      &quot;html&quot; : &quot;&lt;option selected=\&quot;\&quot; value=\&quot;12\&quot;&gt;12 pm&lt;/option&gt;&quot;,
      &quot;target&quot; : [ &quot;#time0 &gt; option[value=\&quot;12\&quot;]&quot; ],
      &quot;impact&quot; : null,
      &quot;any&quot; : [ {
        &quot;id&quot; : &quot;region&quot;,
        &quot;impact&quot; : &quot;moderate&quot;,
        &quot;message&quot; : &quot;All page content is contained by landmarks&quot;,
        &quot;data&quot; : {
          &quot;isIframe&quot; : false
        },
        &quot;relatedNodes&quot; : [ ]
      } ],
      &quot;all&quot; : [ ],
      &quot;none&quot; : [ ],
      &quot;failureSummary&quot; : null
    }, {
      &quot;html&quot; : &quot;&lt;option value=\&quot;13\&quot;&gt;01 pm&lt;/option&gt;&quot;,
      &quot;target&quot; : [ &quot;#time0 &gt; option[value=\&quot;13\&quot;]&quot; ],
      &quot;impact&quot; : null,
      &quot;any&quot; : [ {
        &quot;id&quot; : &quot;region&quot;,
        &quot;impact&quot; : &quot;moderate&quot;,
        &quot;message&quot; : &quot;All page content is contained by landmarks&quot;,
        &quot;data&quot; : {
          &quot;isIframe&quot; : false
        },
        &quot;relatedNodes&quot; : [ ]
      } ],
      &quot;all&quot; : [ ],
      &quot;none&quot; : [ ],
      &quot;failureSummary&quot; : null
    }, {
      &quot;html&quot; : &quot;&lt;option value=\&quot;14\&quot;&gt;02 pm&lt;/option&gt;&quot;,
      &quot;target&quot; : [ &quot;#time0 &gt; option[value=\&quot;14\&quot;]&quot; ],
      &quot;impact&quot; : null,
      &quot;any&quot; : [ {
        &quot;id&quot; : &quot;region&quot;,
        &quot;impact&quot; : &quot;moderate&quot;,
        &quot;message&quot; : &quot;All page content is contained by landmarks&quot;,
        &quot;data&quot; : {
          &quot;isIframe&quot; : false
        },
        &quot;relatedNodes&quot; : [ ]
      } ],
      &quot;all&quot; : [ ],
      &quot;none&quot; : [ ],
      &quot;failureSummary&quot; : null
    }, {
      &quot;html&quot; : &quot;&lt;option value=\&quot;15\&quot;&gt;03 pm&lt;/option&gt;&quot;,
      &quot;target&quot; : [ &quot;#time0 &gt; option[value=\&quot;15\&quot;]&quot; ],
      &quot;impact&quot; : null,
      &quot;any&quot; : [ {
        &quot;id&quot; : &quot;region&quot;,
        &quot;impact&quot; : &quot;moderate&quot;,
        &quot;message&quot; : &quot;All page content is contained by landmarks&quot;,
        &quot;data&quot; : {
          &quot;isIframe&quot; : false
        },
        &quot;relatedNodes&quot; : [ ]
      } ],
      &quot;all&quot; : [ ],
      &quot;none&quot; : [ ],
      &quot;failureSummary&quot; : null
    }, {
      &quot;html&quot; : &quot;&lt;option value=\&quot;16\&quot;&gt;04 pm&lt;/option&gt;&quot;,
      &quot;target&quot; : [ &quot;#time0 &gt; option[value=\&quot;16\&quot;]&quot; ],
      &quot;impact&quot; : null,
      &quot;any&quot; : [ {
        &quot;id&quot; : &quot;region&quot;,
        &quot;impact&quot; : &quot;moderate&quot;,
        &quot;message&quot; : &quot;All page content is contained by landmarks&quot;,
        &quot;data&quot; : {
          &quot;isIframe&quot; : false
        },
        &quot;relatedNodes&quot; : [ ]
      } ],
      &quot;all&quot; : [ ],
      &quot;none&quot; : [ ],
      &quot;failureSummary&quot; : null
    }, {
      &quot;html&quot; : &quot;&lt;option value=\&quot;17\&quot;&gt;05 pm&lt;/option&gt;&quot;,
      &quot;target&quot; : [ &quot;#time0 &gt; option[value=\&quot;17\&quot;]&quot; ],
      &quot;impact&quot; : null,
      &quot;any&quot; : [ {
        &quot;id&quot; : &quot;region&quot;,
        &quot;impact&quot; : &quot;moderate&quot;,
        &quot;message&quot; : &quot;All page content is contained by landmarks&quot;,
        &quot;data&quot; : {
          &quot;isIframe&quot; : false
        },
        &quot;relatedNodes&quot; : [ ]
      } ],
      &quot;all&quot; : [ ],
      &quot;none&quot; : [ ],
      &quot;failureSummary&quot; : null
    }, {
      &quot;html&quot; : &quot;&lt;option value=\&quot;18\&quot;&gt;06 pm&lt;/option&gt;&quot;,
      &quot;target&quot; : [ &quot;#time0 &gt; option[value=\&quot;18\&quot;]&quot; ],
      &quot;impact&quot; : null,
      &quot;any&quot; : [ {
        &quot;id&quot; : &quot;region&quot;,
        &quot;impact&quot; : &quot;moderate&quot;,
        &quot;message&quot; : &quot;All page content is contained by landmarks&quot;,
        &quot;data&quot; : {
          &quot;isIframe&quot; : false
        },
        &quot;relatedNodes&quot; : [ ]
      } ],
      &quot;all&quot; : [ ],
      &quot;none&quot; : [ ],
      &quot;failureSummary&quot; : null
    }, {
      &quot;html&quot; : &quot;&lt;option value=\&quot;19\&quot;&gt;07 pm&lt;/option&gt;&quot;,
      &quot;target&quot; : [ &quot;#time0 &gt; option[value=\&quot;19\&quot;]&quot; ],
      &quot;impact&quot; : null,
      &quot;any&quot; : [ {
        &quot;id&quot; : &quot;region&quot;,
        &quot;impact&quot; : &quot;moderate&quot;,
        &quot;message&quot; : &quot;All page content is contained by landmarks&quot;,
        &quot;data&quot; : {
          &quot;isIframe&quot; : false
        },
        &quot;relatedNodes&quot; : [ ]
      } ],
      &quot;all&quot; : [ ],
      &quot;none&quot; : [ ],
      &quot;failureSummary&quot; : null
    }, {
      &quot;html&quot; : &quot;&lt;option value=\&quot;20\&quot;&gt;08 pm&lt;/option&gt;&quot;,
      &quot;target&quot; : [ &quot;#time0 &gt; option[value=\&quot;20\&quot;]&quot; ],
      &quot;impact&quot; : null,
      &quot;any&quot; : [ {
        &quot;id&quot; : &quot;region&quot;,
        &quot;impact&quot; : &quot;moderate&quot;,
        &quot;message&quot; : &quot;All page content is contained by landmarks&quot;,
        &quot;data&quot; : {
          &quot;isIframe&quot; : false
        },
        &quot;relatedNodes&quot; : [ ]
      } ],
      &quot;all&quot; : [ ],
      &quot;none&quot; : [ ],
      &quot;failureSummary&quot; : null
    }, {
      &quot;html&quot; : &quot;&lt;option value=\&quot;21\&quot;&gt;09 pm&lt;/option&gt;&quot;,
      &quot;target&quot; : [ &quot;#time0 &gt; option[value=\&quot;21\&quot;]&quot; ],
      &quot;impact&quot; : null,
      &quot;any&quot; : [ {
        &quot;id&quot; : &quot;region&quot;,
        &quot;impact&quot; : &quot;moderate&quot;,
        &quot;message&quot; : &quot;All page content is contained by landmarks&quot;,
        &quot;data&quot; : {
          &quot;isIframe&quot; : false
        },
        &quot;relatedNodes&quot; : [ ]
      } ],
      &quot;all&quot; : [ ],
      &quot;none&quot; : [ ],
      &quot;failureSummary&quot; : null
    }, {
      &quot;html&quot; : &quot;&lt;option value=\&quot;22\&quot;&gt;10 pm&lt;/option&gt;&quot;,
      &quot;target&quot; : [ &quot;#time0 &gt; option[value=\&quot;22\&quot;]&quot; ],
      &quot;impact&quot; : null,
      &quot;any&quot; : [ {
        &quot;id&quot; : &quot;region&quot;,
        &quot;impact&quot; : &quot;moderate&quot;,
        &quot;message&quot; : &quot;All page content is contained by landmarks&quot;,
        &quot;data&quot; : {
          &quot;isIframe&quot; : false
        },
        &quot;relatedNodes&quot; : [ ]
      } ],
      &quot;all&quot; : [ ],
      &quot;none&quot; : [ ],
      &quot;failureSummary&quot; : null
    }, {
      &quot;html&quot; : &quot;&lt;option value=\&quot;23\&quot;&gt;11 pm&lt;/option&gt;&quot;,
      &quot;target&quot; : [ &quot;#time0 &gt; option[value=\&quot;23\&quot;]&quot; ],
      &quot;impact&quot; : null,
      &quot;any&quot; : [ {
        &quot;id&quot; : &quot;region&quot;,
        &quot;impact&quot; : &quot;moderate&quot;,
        &quot;message&quot; : &quot;All page content is contained by landmarks&quot;,
        &quot;data&quot; : {
          &quot;isIframe&quot; : false
        },
        &quot;relatedNodes&quot; : [ ]
      } ],
      &quot;all&quot; : [ ],
      &quot;none&quot; : [ ],
      &quot;failureSummary&quot; : null
    }, {
      &quot;html&quot; : &quot;&lt;a class=\&quot;add-leg\&quot;&gt;&lt;span class=\&quot;icon\&quot;&gt;&lt;/span&gt;Add Another Trip&lt;/a&gt;&quot;,
      &quot;target&quot; : [ &quot;.add-leg&quot; ],
      &quot;impact&quot; : null,
      &quot;any&quot; : [ {
        &quot;id&quot; : &quot;region&quot;,
        &quot;impact&quot; : &quot;moderate&quot;,
        &quot;message&quot; : &quot;All page content is contained by landmarks&quot;,
        &quot;data&quot; : {
          &quot;isIframe&quot; : false
        },
        &quot;relatedNodes&quot; : [ ]
      } ],
      &quot;all&quot; : [ ],
      &quot;none&quot; : [ ],
      &quot;failureSummary&quot; : null
    }, {
      &quot;html&quot; : &quot;&lt;span class=\&quot;icon\&quot;&gt;&lt;/span&gt;&quot;,
      &quot;target&quot; : [ &quot;.add-leg &gt; .icon&quot; ],
      &quot;impact&quot; : null,
      &quot;any&quot; : [ {
        &quot;id&quot; : &quot;region&quot;,
        &quot;impact&quot; : &quot;moderate&quot;,
        &quot;message&quot; : &quot;All page content is contained by landmarks&quot;,
        &quot;data&quot; : {
          &quot;isIframe&quot; : false
        },
        &quot;relatedNodes&quot; : [ ]
      } ],
      &quot;all&quot; : [ ],
      &quot;none&quot; : [ ],
      &quot;failureSummary&quot; : null
    }, {
      &quot;html&quot; : &quot;&lt;span class=\&quot;pass-question\&quot;&gt;&quot;,
      &quot;target&quot; : [ &quot;#pass-question-radio-group &gt; .pass-question&quot; ],
      &quot;impact&quot; : null,
      &quot;any&quot; : [ {
        &quot;id&quot; : &quot;region&quot;,
        &quot;impact&quot; : &quot;moderate&quot;,
        &quot;message&quot; : &quot;All page content is contained by landmarks&quot;,
        &quot;data&quot; : {
          &quot;isIframe&quot; : false
        },
        &quot;relatedNodes&quot; : [ ]
      } ],
      &quot;all&quot; : [ ],
      &quot;none&quot; : [ ],
      &quot;failureSummary&quot; : null
    }, {
      &quot;html&quot; : &quot;&lt;a data-tooltip=\&quot;tooltip\&quot; data-title=\&quot;&lt;strong&gt;&quot;,
      &quot;target&quot; : [ &quot;a[data-tooltip=\&quot;tooltip\&quot;]&quot; ],
      &quot;impact&quot; : null,
      &quot;any&quot; : [ {
        &quot;id&quot; : &quot;region&quot;,
        &quot;impact&quot; : &quot;moderate&quot;,
        &quot;message&quot; : &quot;All page content is contained by landmarks&quot;,
        &quot;data&quot; : {
          &quot;isIframe&quot; : false
        },
        &quot;relatedNodes&quot; : [ ]
      } ],
      &quot;all&quot; : [ ],
      &quot;none&quot; : [ ],
      &quot;failureSummary&quot; : null
    }, {
      &quot;html&quot; : &quot;&lt;span class=\&quot;wrapper\&quot;&gt;\n&lt;input type=\&quot;radio\&quot; name=\&quot;pass-question-radio\&quot; id=\&quot;pass-question-yes\&quot; value=\&quot;0\&quot;&gt;\n&lt;label for=\&quot;pass-question-yes\&quot;&gt;Yes&lt;/label&gt;\n&lt;/span&gt;&quot;,
      &quot;target&quot; : [ &quot;#pass-question-radio-group &gt; .wrapper:nth-child(2)&quot; ],
      &quot;impact&quot; : null,
      &quot;any&quot; : [ {
        &quot;id&quot; : &quot;region&quot;,
        &quot;impact&quot; : &quot;moderate&quot;,
        &quot;message&quot; : &quot;All page content is contained by landmarks&quot;,
        &quot;data&quot; : {
          &quot;isIframe&quot; : false
        },
        &quot;relatedNodes&quot; : [ ]
      } ],
      &quot;all&quot; : [ ],
      &quot;none&quot; : [ ],
      &quot;failureSummary&quot; : null
    }, {
      &quot;html&quot; : &quot;&lt;input type=\&quot;radio\&quot; name=\&quot;pass-question-radio\&quot; id=\&quot;pass-question-yes\&quot; value=\&quot;0\&quot;&gt;&quot;,
      &quot;target&quot; : [ &quot;#pass-question-yes&quot; ],
      &quot;impact&quot; : null,
      &quot;any&quot; : [ {
        &quot;id&quot; : &quot;region&quot;,
        &quot;impact&quot; : &quot;moderate&quot;,
        &quot;message&quot; : &quot;All page content is contained by landmarks&quot;,
        &quot;data&quot; : {
          &quot;isIframe&quot; : false
        },
        &quot;relatedNodes&quot; : [ ]
      } ],
      &quot;all&quot; : [ ],
      &quot;none&quot; : [ ],
      &quot;failureSummary&quot; : null
    }, {
      &quot;html&quot; : &quot;&lt;label for=\&quot;pass-question-yes\&quot;&gt;Yes&lt;/label&gt;&quot;,
      &quot;target&quot; : [ &quot;label[for=\&quot;pass-question-yes\&quot;]&quot; ],
      &quot;impact&quot; : null,
      &quot;any&quot; : [ {
        &quot;id&quot; : &quot;region&quot;,
        &quot;impact&quot; : &quot;moderate&quot;,
        &quot;message&quot; : &quot;All page content is contained by landmarks&quot;,
        &quot;data&quot; : {
          &quot;isIframe&quot; : false
        },
        &quot;relatedNodes&quot; : [ ]
      } ],
      &quot;all&quot; : [ ],
      &quot;none&quot; : [ ],
      &quot;failureSummary&quot; : null
    }, {
      &quot;html&quot; : &quot;&lt;span class=\&quot;wrapper\&quot;&gt;\n&lt;input type=\&quot;radio\&quot; name=\&quot;pass-question-radio\&quot; id=\&quot;pass-question-no\&quot; value=\&quot;1\&quot; checked=\&quot;checked\&quot;&gt;\n&lt;label for=\&quot;pass-question-no\&quot; class=\&quot;selected\&quot;&gt;No&lt;/label&gt;\n&lt;/span&gt;&quot;,
      &quot;target&quot; : [ &quot;#pass-question-radio-group &gt; .wrapper:nth-child(3)&quot; ],
      &quot;impact&quot; : null,
      &quot;any&quot; : [ {
        &quot;id&quot; : &quot;region&quot;,
        &quot;impact&quot; : &quot;moderate&quot;,
        &quot;message&quot; : &quot;All page content is contained by landmarks&quot;,
        &quot;data&quot; : {
          &quot;isIframe&quot; : false
        },
        &quot;relatedNodes&quot; : [ ]
      } ],
      &quot;all&quot; : [ ],
      &quot;none&quot; : [ ],
      &quot;failureSummary&quot; : null
    }, {
      &quot;html&quot; : &quot;&lt;input type=\&quot;radio\&quot; name=\&quot;pass-question-radio\&quot; id=\&quot;pass-question-no\&quot; value=\&quot;1\&quot; checked=\&quot;checked\&quot;&gt;&quot;,
      &quot;target&quot; : [ &quot;#pass-question-no&quot; ],
      &quot;impact&quot; : null,
      &quot;any&quot; : [ {
        &quot;id&quot; : &quot;region&quot;,
        &quot;impact&quot; : &quot;moderate&quot;,
        &quot;message&quot; : &quot;All page content is contained by landmarks&quot;,
        &quot;data&quot; : {
          &quot;isIframe&quot; : false
        },
        &quot;relatedNodes&quot; : [ ]
      } ],
      &quot;all&quot; : [ ],
      &quot;none&quot; : [ ],
      &quot;failureSummary&quot; : null
    }, {
      &quot;html&quot; : &quot;&lt;label for=\&quot;pass-question-no\&quot; class=\&quot;selected\&quot;&gt;No&lt;/label&gt;&quot;,
      &quot;target&quot; : [ &quot;label[for=\&quot;pass-question-no\&quot;]&quot; ],
      &quot;impact&quot; : null,
      &quot;any&quot; : [ {
        &quot;id&quot; : &quot;region&quot;,
        &quot;impact&quot; : &quot;moderate&quot;,
        &quot;message&quot; : &quot;All page content is contained by landmarks&quot;,
        &quot;data&quot; : {
          &quot;isIframe&quot; : false
        },
        &quot;relatedNodes&quot; : [ ]
      } ],
      &quot;all&quot; : [ ],
      &quot;none&quot; : [ ],
      &quot;failureSummary&quot; : null
    }, {
      &quot;html&quot; : &quot;&lt;div id=\&quot;passenger-select\&quot; class=\&quot;widget-container middle\&quot;&gt;&quot;,
      &quot;target&quot; : [ &quot;.middle.widget-container:nth-child(13)&quot; ],
      &quot;impact&quot; : null,
      &quot;any&quot; : [ {
        &quot;id&quot; : &quot;region&quot;,
        &quot;impact&quot; : &quot;moderate&quot;,
        &quot;message&quot; : &quot;All page content is contained by landmarks&quot;,
        &quot;data&quot; : {
          &quot;isIframe&quot; : false
        },
        &quot;relatedNodes&quot; : [ ]
      } ],
      &quot;all&quot; : [ ],
      &quot;none&quot; : [ ],
      &quot;failureSummary&quot; : null
    }, {
      &quot;html&quot; : &quot;&lt;div class=\&quot;widget-down-arrow\&quot;&gt;&lt;/div&gt;&quot;,
      &quot;target&quot; : [ &quot;.middle.widget-container:nth-child(13) &gt; .widget-down-arrow&quot; ],
      &quot;impact&quot; : null,
      &quot;any&quot; : [ {
        &quot;id&quot; : &quot;region&quot;,
        &quot;impact&quot; : &quot;moderate&quot;,
        &quot;message&quot; : &quot;All page content is contained by landmarks&quot;,
        &quot;data&quot; : {
          &quot;isIframe&quot; : false
        },
        &quot;relatedNodes&quot; : [ ]
      } ],
      &quot;all&quot; : [ ],
      &quot;none&quot; : [ ],
      &quot;failureSummary&quot; : null
    }, {
      &quot;html&quot; : &quot;&lt;div class=\&quot;interior-container\&quot;&gt;&quot;,
      &quot;target&quot; : [ &quot;.middle.widget-container:nth-child(13) &gt; .interior-container&quot; ],
      &quot;impact&quot; : null,
      &quot;any&quot; : [ {
        &quot;id&quot; : &quot;region&quot;,
        &quot;impact&quot; : &quot;moderate&quot;,
        &quot;message&quot; : &quot;All page content is contained by landmarks&quot;,
        &quot;data&quot; : {
          &quot;isIframe&quot; : false
        },
        &quot;relatedNodes&quot; : [ ]
      } ],
      &quot;all&quot; : [ ],
      &quot;none&quot; : [ ],
      &quot;failureSummary&quot; : null
    }, {
      &quot;html&quot; : &quot;&lt;div class=\&quot;re_ajax_p3\&quot;&gt;\n&lt;a href=\&quot;mars2.html?a=\&quot;&gt;&lt;/a&gt;\n                                                &lt;/div&gt;&quot;,
      &quot;target&quot; : [ &quot;.re_ajax_p3&quot; ],
      &quot;impact&quot; : null,
      &quot;any&quot; : [ {
        &quot;id&quot; : &quot;region&quot;,
        &quot;impact&quot; : &quot;moderate&quot;,
        &quot;message&quot; : &quot;All page content is contained by landmarks&quot;,
        &quot;data&quot; : {
          &quot;isIframe&quot; : false
        },
        &quot;relatedNodes&quot; : [ ]
      } ],
      &quot;all&quot; : [ ],
      &quot;none&quot; : [ ],
      &quot;failureSummary&quot; : null
    }, {
      &quot;html&quot; : &quot;&lt;a href=\&quot;mars2.html?a=\&quot;&gt;&lt;/a&gt;&quot;,
      &quot;target&quot; : [ &quot;.re_ajax_p3 &gt; a[href=\&quot;mars2.html?a=\&quot;]&quot; ],
      &quot;impact&quot; : null,
      &quot;any&quot; : [ {
        &quot;id&quot; : &quot;region&quot;,
        &quot;impact&quot; : &quot;moderate&quot;,
        &quot;message&quot; : &quot;All page content is contained by landmarks&quot;,
        &quot;data&quot; : {
          &quot;isIframe&quot; : false
        },
        &quot;relatedNodes&quot; : [ ]
      } ],
      &quot;all&quot; : [ ],
      &quot;none&quot; : [ ],
      &quot;failureSummary&quot; : null
    }, {
      &quot;html&quot; : &quot;&lt;div id=\&quot;passengers\&quot;&gt;&quot;,
      &quot;target&quot; : [ &quot;.middle.widget-container:nth-child(13) &gt; .interior-container &gt; div:nth-child(3)&quot; ],
      &quot;impact&quot; : null,
      &quot;any&quot; : [ {
        &quot;id&quot; : &quot;region&quot;,
        &quot;impact&quot; : &quot;moderate&quot;,
        &quot;message&quot; : &quot;All page content is contained by landmarks&quot;,
        &quot;data&quot; : {
          &quot;isIframe&quot; : false
        },
        &quot;relatedNodes&quot; : [ ]
      } ],
      &quot;all&quot; : [ ],
      &quot;none&quot; : [ ],
      &quot;failureSummary&quot; : null
    }, {
      &quot;html&quot; : &quot;&lt;div id=\&quot;passenger0\&quot; class=\&quot;passenger\&quot;&gt;&quot;,
      &quot;target&quot; : [ &quot;#passenger0&quot; ],
      &quot;impact&quot; : null,
      &quot;any&quot; : [ {
        &quot;id&quot; : &quot;region&quot;,
        &quot;impact&quot; : &quot;moderate&quot;,
        &quot;message&quot; : &quot;All page content is contained by landmarks&quot;,
        &quot;data&quot; : {
          &quot;isIframe&quot; : false
        },
        &quot;relatedNodes&quot; : [ ]
      } ],
      &quot;all&quot; : [ ],
      &quot;none&quot; : [ ],
      &quot;failureSummary&quot; : null
    }, {
      &quot;html&quot; : &quot;&lt;span class=\&quot;traveler-label\&quot;&gt;Traveler&lt;/span&gt;&quot;,
      &quot;target&quot; : [ &quot;#passenger0 &gt; .wrapper:nth-child(1) &gt; .traveler-label&quot; ],
      &quot;impact&quot; : null,
      &quot;any&quot; : [ {
        &quot;id&quot; : &quot;region&quot;,
        &quot;impact&quot; : &quot;moderate&quot;,
        &quot;message&quot; : &quot;All page content is contained by landmarks&quot;,
        &quot;data&quot; : {
          &quot;isIframe&quot; : false
        },
        &quot;relatedNodes&quot; : [ ]
      } ],
      &quot;all&quot; : [ ],
      &quot;none&quot; : [ ],
      &quot;failureSummary&quot; : null
    }, {
      &quot;html&quot; : &quot;&lt;select id=\&quot;traveler0\&quot; class=\&quot;traveler-type\&quot;&gt;\n&lt;option value=\&quot;0\&quot;&gt;Adult (26+)&lt;/option&gt;\n&lt;option value=\&quot;1\&quot;&gt;Youth (12-25)&lt;/option&gt;\n&lt;option value=\&quot;2\&quot;&gt;Child (4-11)&lt;/option&gt;\n&lt;option value=\&quot;3\&quot;&gt;Senior (60+)&lt;/option&gt;\n&lt;/select&gt;&quot;,
      &quot;target&quot; : [ &quot;#passenger0 &gt; .age-range.wrapper &gt; .traveler-type&quot; ],
      &quot;impact&quot; : null,
      &quot;any&quot; : [ {
        &quot;id&quot; : &quot;region&quot;,
        &quot;impact&quot; : &quot;moderate&quot;,
        &quot;message&quot; : &quot;All page content is contained by landmarks&quot;,
        &quot;data&quot; : {
          &quot;isIframe&quot; : false
        },
        &quot;relatedNodes&quot; : [ ]
      } ],
      &quot;all&quot; : [ ],
      &quot;none&quot; : [ ],
      &quot;failureSummary&quot; : null
    }, {
      &quot;html&quot; : &quot;&lt;option value=\&quot;0\&quot;&gt;Adult (26+)&lt;/option&gt;&quot;,
      &quot;target&quot; : [ &quot;.traveler-type &gt; option[value=\&quot;0\&quot;]&quot; ],
      &quot;impact&quot; : null,
      &quot;any&quot; : [ {
        &quot;id&quot; : &quot;region&quot;,
        &quot;impact&quot; : &quot;moderate&quot;,
        &quot;message&quot; : &quot;All page content is contained by landmarks&quot;,
        &quot;data&quot; : {
          &quot;isIframe&quot; : false
        },
        &quot;relatedNodes&quot; : [ ]
      } ],
      &quot;all&quot; : [ ],
      &quot;none&quot; : [ ],
      &quot;failureSummary&quot; : null
    }, {
      &quot;html&quot; : &quot;&lt;option value=\&quot;1\&quot;&gt;Youth (12-25)&lt;/option&gt;&quot;,
      &quot;target&quot; : [ &quot;#passenger0 &gt; .age-range.wrapper &gt; .traveler-type &gt; option[value=\&quot;1\&quot;]&quot; ],
      &quot;impact&quot; : null,
      &quot;any&quot; : [ {
        &quot;id&quot; : &quot;region&quot;,
        &quot;impact&quot; : &quot;moderate&quot;,
        &quot;message&quot; : &quot;All page content is contained by landmarks&quot;,
        &quot;data&quot; : {
          &quot;isIframe&quot; : false
        },
        &quot;relatedNodes&quot; : [ ]
      } ],
      &quot;all&quot; : [ ],
      &quot;none&quot; : [ ],
      &quot;failureSummary&quot; : null
    }, {
      &quot;html&quot; : &quot;&lt;option value=\&quot;2\&quot;&gt;Child (4-11)&lt;/option&gt;&quot;,
      &quot;target&quot; : [ &quot;.traveler-type &gt; option[value=\&quot;2\&quot;]&quot; ],
      &quot;impact&quot; : null,
      &quot;any&quot; : [ {
        &quot;id&quot; : &quot;region&quot;,
        &quot;impact&quot; : &quot;moderate&quot;,
        &quot;message&quot; : &quot;All page content is contained by landmarks&quot;,
        &quot;data&quot; : {
          &quot;isIframe&quot; : false
        },
        &quot;relatedNodes&quot; : [ ]
      } ],
      &quot;all&quot; : [ ],
      &quot;none&quot; : [ ],
      &quot;failureSummary&quot; : null
    }, {
      &quot;html&quot; : &quot;&lt;option value=\&quot;3\&quot;&gt;Senior (60+)&lt;/option&gt;&quot;,
      &quot;target&quot; : [ &quot;.traveler-type &gt; option[value=\&quot;3\&quot;]&quot; ],
      &quot;impact&quot; : null,
      &quot;any&quot; : [ {
        &quot;id&quot; : &quot;region&quot;,
        &quot;impact&quot; : &quot;moderate&quot;,
        &quot;message&quot; : &quot;All page content is contained by landmarks&quot;,
        &quot;data&quot; : {
          &quot;isIframe&quot; : false
        },
        &quot;relatedNodes&quot; : [ ]
      } ],
      &quot;all&quot; : [ ],
      &quot;none&quot; : [ ],
      &quot;failureSummary&quot; : null
    }, {
      &quot;html&quot; : &quot;&lt;a class=\&quot;add-traveler\&quot;&gt;\n                                                                    &lt;div class=\&quot;icon\&quot;&gt;&lt;/div&gt;\n                                                                     Add A Traveler&lt;/a&gt;&quot;,
      &quot;target&quot; : [ &quot;.add-traveler&quot; ],
      &quot;impact&quot; : null,
      &quot;any&quot; : [ {
        &quot;id&quot; : &quot;region&quot;,
        &quot;impact&quot; : &quot;moderate&quot;,
        &quot;message&quot; : &quot;All page content is contained by landmarks&quot;,
        &quot;data&quot; : {
          &quot;isIframe&quot; : false
        },
        &quot;relatedNodes&quot; : [ ]
      } ],
      &quot;all&quot; : [ ],
      &quot;none&quot; : [ ],
      &quot;failureSummary&quot; : null
    }, {
      &quot;html&quot; : &quot;&lt;div class=\&quot;icon\&quot;&gt;&lt;/div&gt;&quot;,
      &quot;target&quot; : [ &quot;.add-traveler &gt; .icon&quot; ],
      &quot;impact&quot; : null,
      &quot;any&quot; : [ {
        &quot;id&quot; : &quot;region&quot;,
        &quot;impact&quot; : &quot;moderate&quot;,
        &quot;message&quot; : &quot;All page content is contained by landmarks&quot;,
        &quot;data&quot; : {
          &quot;isIframe&quot; : false
        },
        &quot;relatedNodes&quot; : [ ]
      } ],
      &quot;all&quot; : [ ],
      &quot;none&quot; : [ ],
      &quot;failureSummary&quot; : null
    }, {
      &quot;html&quot; : &quot;&lt;div id=\&quot;booking-box-submit\&quot; class=\&quot;widget-container footer\&quot;&gt;&quot;,
      &quot;target&quot; : [ &quot;#booking-box-submit&quot; ],
      &quot;impact&quot; : null,
      &quot;any&quot; : [ {
        &quot;id&quot; : &quot;region&quot;,
        &quot;impact&quot; : &quot;moderate&quot;,
        &quot;message&quot; : &quot;All page content is contained by landmarks&quot;,
        &quot;data&quot; : {
          &quot;isIframe&quot; : false
        },
        &quot;relatedNodes&quot; : [ ]
      } ],
      &quot;all&quot; : [ ],
      &quot;none&quot; : [ ],
      &quot;failureSummary&quot; : null
    }, {
      &quot;html&quot; : &quot;&lt;div class=\&quot;widget-down-arrow\&quot;&gt;&lt;/div&gt;&quot;,
      &quot;target&quot; : [ &quot;#booking-box-submit &gt; .widget-down-arrow&quot; ],
      &quot;impact&quot; : null,
      &quot;any&quot; : [ {
        &quot;id&quot; : &quot;region&quot;,
        &quot;impact&quot; : &quot;moderate&quot;,
        &quot;message&quot; : &quot;All page content is contained by landmarks&quot;,
        &quot;data&quot; : {
          &quot;isIframe&quot; : false
        },
        &quot;relatedNodes&quot; : [ ]
      } ],
      &quot;all&quot; : [ ],
      &quot;none&quot; : [ ],
      &quot;failureSummary&quot; : null
    }, {
      &quot;html&quot; : &quot;&lt;div class=\&quot;interior-container\&quot;&gt;&quot;,
      &quot;target&quot; : [ &quot;#booking-box-submit &gt; .interior-container&quot; ],
      &quot;impact&quot; : null,
      &quot;any&quot; : [ {
        &quot;id&quot; : &quot;region&quot;,
        &quot;impact&quot; : &quot;moderate&quot;,
        &quot;message&quot; : &quot;All page content is contained by landmarks&quot;,
        &quot;data&quot; : {
          &quot;isIframe&quot; : false
        },
        &quot;relatedNodes&quot; : [ ]
      } ],
      &quot;all&quot; : [ ],
      &quot;none&quot; : [ ],
      &quot;failureSummary&quot; : null
    }, {
      &quot;html&quot; : &quot;&lt;input id=\&quot;fs-submit\&quot; type=\&quot;submit\&quot; class=\&quot;btn btn-large submit-form\&quot; value=\&quot;Search\&quot;&gt;&quot;,
      &quot;target&quot; : [ &quot;#fs-submit&quot; ],
      &quot;impact&quot; : null,
      &quot;any&quot; : [ {
        &quot;id&quot; : &quot;region&quot;,
        &quot;impact&quot; : &quot;moderate&quot;,
        &quot;message&quot; : &quot;All page content is contained by landmarks&quot;,
        &quot;data&quot; : {
          &quot;isIframe&quot; : false
        },
        &quot;relatedNodes&quot; : [ ]
      } ],
      &quot;all&quot; : [ ],
      &quot;none&quot; : [ ],
      &quot;failureSummary&quot; : null
    }, {
      &quot;html&quot; : &quot;&lt;div id=\&quot;video-box\&quot; class=\&quot;widget-container\&quot;&gt;&quot;,
      &quot;target&quot; : [ &quot;#video-box&quot; ],
      &quot;impact&quot; : null,
      &quot;any&quot; : [ {
        &quot;id&quot; : &quot;region&quot;,
        &quot;impact&quot; : &quot;moderate&quot;,
        &quot;message&quot; : &quot;All page content is contained by landmarks&quot;,
        &quot;data&quot; : {
          &quot;isIframe&quot; : false
        },
        &quot;relatedNodes&quot; : [ ]
      } ],
      &quot;all&quot; : [ ],
      &quot;none&quot; : [ ],
      &quot;failureSummary&quot; : null
    }, {
      &quot;html&quot; : &quot;&lt;div class=\&quot;interior-container\&quot;&gt;&quot;,
      &quot;target&quot; : [ &quot;#video-box &gt; .interior-container&quot; ],
      &quot;impact&quot; : null,
      &quot;any&quot; : [ {
        &quot;id&quot; : &quot;region&quot;,
        &quot;impact&quot; : &quot;moderate&quot;,
        &quot;message&quot; : &quot;All page content is contained by landmarks&quot;,
        &quot;data&quot; : {
          &quot;isIframe&quot; : false
        },
        &quot;relatedNodes&quot; : [ ]
      } ],
      &quot;all&quot; : [ ],
      &quot;none&quot; : [ ],
      &quot;failureSummary&quot; : null
    }, {
      &quot;html&quot; : &quot;&lt;iframe width=\&quot;365\&quot; height=\&quot;205\&quot; name=\&quot;player\&quot; id=\&quot;player\&quot; src=\&quot;https://www.youtube.com/embed/OagLGti_hTE?controls=1&amp;amp;showinfo=1&amp;amp;modestbranding=0&amp;amp;wmode=opaque&amp;amp;enablejsapi=1\&quot; frameborder=\&quot;0\&quot; allowfullscreen=\&quot;\&quot; title=\&quot;NASA: Life on Mars Was a Possibility\&quot;&gt;&lt;/iframe&gt;&quot;,
      &quot;target&quot; : [ &quot;#player&quot; ],
      &quot;impact&quot; : null,
      &quot;any&quot; : [ {
        &quot;id&quot; : &quot;region&quot;,
        &quot;impact&quot; : &quot;moderate&quot;,
        &quot;message&quot; : &quot;All page content is contained by landmarks&quot;,
        &quot;data&quot; : {
          &quot;isIframe&quot; : true
        },
        &quot;relatedNodes&quot; : [ ]
      } ],
      &quot;all&quot; : [ ],
      &quot;none&quot; : [ ],
      &quot;failureSummary&quot; : null
    }, {
      &quot;html&quot; : &quot;&lt;div class=\&quot;html5-video-player ytp-exp-bottom-control-flexbox ytp-title-enable-channel-logo ytp-fine-scrubbing-exp ytp-embed ytp-embed-playlist unstarted-mode ytp-hide-controls ytp-small-mode\&quot; tabindex=\&quot;-1\&quot; id=\&quot;movie_player\&quot; data-version=\&quot;/s/player/6f20102c/player_ias.vflset/en_US/base.js\&quot; aria-label=\&quot;YouTube Video Player\&quot;&gt;&quot;,
      &quot;target&quot; : [ &quot;#player&quot;, &quot;#movie_player&quot; ],
      &quot;impact&quot; : null,
      &quot;any&quot; : [ {
        &quot;id&quot; : &quot;region&quot;,
        &quot;impact&quot; : &quot;moderate&quot;,
        &quot;message&quot; : &quot;All page content is contained by landmarks&quot;,
        &quot;data&quot; : {
          &quot;isIframe&quot; : false
        },
        &quot;relatedNodes&quot; : [ ]
      } ],
      &quot;all&quot; : [ ],
      &quot;none&quot; : [ ],
      &quot;failureSummary&quot; : null
    }, {
      &quot;html&quot; : &quot;&lt;div class=\&quot;html5-video-container\&quot; data-layer=\&quot;0\&quot;&gt;&lt;video tabindex=\&quot;-1\&quot; class=\&quot;video-stream html5-main-video\&quot; webkit-playsinline=\&quot;\&quot; playsinline=\&quot;\&quot; controlslist=\&quot;nodownload\&quot; style=\&quot;width: 365px; height: 205px; left: 0px; top: -205px;\&quot;&gt;&lt;/video&gt;&lt;/div&gt;&quot;,
      &quot;target&quot; : [ &quot;#player&quot;, &quot;.html5-video-container&quot; ],
      &quot;impact&quot; : null,
      &quot;any&quot; : [ {
        &quot;id&quot; : &quot;region&quot;,
        &quot;impact&quot; : &quot;moderate&quot;,
        &quot;message&quot; : &quot;All page content is contained by landmarks&quot;,
        &quot;data&quot; : {
          &quot;isIframe&quot; : false
        },
        &quot;relatedNodes&quot; : [ ]
      } ],
      &quot;all&quot; : [ ],
      &quot;none&quot; : [ ],
      &quot;failureSummary&quot; : null
    }, {
      &quot;html&quot; : &quot;&lt;video tabindex=\&quot;-1\&quot; class=\&quot;video-stream html5-main-video\&quot; webkit-playsinline=\&quot;\&quot; playsinline=\&quot;\&quot; controlslist=\&quot;nodownload\&quot; style=\&quot;width: 365px; height: 205px; left: 0px; top: -205px;\&quot;&gt;&lt;/video&gt;&quot;,
      &quot;target&quot; : [ &quot;#player&quot;, &quot;video&quot; ],
      &quot;impact&quot; : null,
      &quot;any&quot; : [ {
        &quot;id&quot; : &quot;region&quot;,
        &quot;impact&quot; : &quot;moderate&quot;,
        &quot;message&quot; : &quot;All page content is contained by landmarks&quot;,
        &quot;data&quot; : {
          &quot;isIframe&quot; : false
        },
        &quot;relatedNodes&quot; : [ ]
      } ],
      &quot;all&quot; : [ ],
      &quot;none&quot; : [ ],
      &quot;failureSummary&quot; : null
    }, {
      &quot;html&quot; : &quot;&lt;div class=\&quot;ytp-gradient-top\&quot; data-layer=\&quot;1\&quot;&gt;&lt;/div&gt;&quot;,
      &quot;target&quot; : [ &quot;#player&quot;, &quot;.ytp-gradient-top&quot; ],
      &quot;impact&quot; : null,
      &quot;any&quot; : [ {
        &quot;id&quot; : &quot;region&quot;,
        &quot;impact&quot; : &quot;moderate&quot;,
        &quot;message&quot; : &quot;All page content is contained by landmarks&quot;,
        &quot;data&quot; : {
          &quot;isIframe&quot; : false
        },
        &quot;relatedNodes&quot; : [ ]
      } ],
      &quot;all&quot; : [ ],
      &quot;none&quot; : [ ],
      &quot;failureSummary&quot; : null
    }, {
      &quot;html&quot; : &quot;&lt;div class=\&quot;ytp-chrome-top ytp-show-cards-title\&quot; data-layer=\&quot;1\&quot;&gt;&quot;,
      &quot;target&quot; : [ &quot;#player&quot;, &quot;.ytp-chrome-top&quot; ],
      &quot;impact&quot; : null,
      &quot;any&quot; : [ {
        &quot;id&quot; : &quot;region&quot;,
        &quot;impact&quot; : &quot;moderate&quot;,
        &quot;message&quot; : &quot;All page content is contained by landmarks&quot;,
        &quot;data&quot; : {
          &quot;isIframe&quot; : false
        },
        &quot;relatedNodes&quot; : [ ]
      } ],
      &quot;all&quot; : [ ],
      &quot;none&quot; : [ ],
      &quot;failureSummary&quot; : null
    }, {
      &quot;html&quot; : &quot;&lt;div class=\&quot;ytp-title-channel\&quot;&gt;&quot;,
      &quot;target&quot; : [ &quot;#player&quot;, &quot;.ytp-title-channel&quot; ],
      &quot;impact&quot; : null,
      &quot;any&quot; : [ {
        &quot;id&quot; : &quot;region&quot;,
        &quot;impact&quot; : &quot;moderate&quot;,
        &quot;message&quot; : &quot;All page content is contained by landmarks&quot;,
        &quot;data&quot; : {
          &quot;isIframe&quot; : false
        },
        &quot;relatedNodes&quot; : [ ]
      } ],
      &quot;all&quot; : [ ],
      &quot;none&quot; : [ ],
      &quot;failureSummary&quot; : null
    }, {
      &quot;html&quot; : &quot;&lt;div class=\&quot;ytp-title-beacon\&quot;&gt;&lt;/div&gt;&quot;,
      &quot;target&quot; : [ &quot;#player&quot;, &quot;.ytp-title-beacon&quot; ],
      &quot;impact&quot; : null,
      &quot;any&quot; : [ {
        &quot;id&quot; : &quot;region&quot;,
        &quot;impact&quot; : &quot;moderate&quot;,
        &quot;message&quot; : &quot;All page content is contained by landmarks&quot;,
        &quot;data&quot; : {
          &quot;isIframe&quot; : false
        },
        &quot;relatedNodes&quot; : [ ]
      } ],
      &quot;all&quot; : [ ],
      &quot;none&quot; : [ ],
      &quot;failureSummary&quot; : null
    }, {
      &quot;html&quot; : &quot;&lt;a class=\&quot;ytp-title-channel-logo\&quot; target=\&quot;_blank\&quot; href=\&quot;https://www.youtube.com/channel/UCK7tptUDHh-RYDsdxO1-5QQ?embeds_euri=https%3A%2F%2Fdequeuniversity.com%2F&amp;amp;feature=emb_ch_name_ex\&quot; aria-label=\&quot;Photo image of Wall Street Journal\&quot; style=\&quot;background-image: url(&amp;quot;https://yt3.ggpht.com/ytc/AGIKgqOq4sucy99-dvD6wMq7d5dywZsP63fquQzKyPV4Lo0=s68-c-k-c0x00ffffff-no-rj&amp;quot;);\&quot;&gt;&quot;,
      &quot;target&quot; : [ &quot;#player&quot;, &quot;.ytp-title-channel-logo&quot; ],
      &quot;impact&quot; : null,
      &quot;any&quot; : [ {
        &quot;id&quot; : &quot;region&quot;,
        &quot;impact&quot; : &quot;moderate&quot;,
        &quot;message&quot; : &quot;All page content is contained by landmarks&quot;,
        &quot;data&quot; : {
          &quot;isIframe&quot; : false
        },
        &quot;relatedNodes&quot; : [ ]
      } ],
      &quot;all&quot; : [ ],
      &quot;none&quot; : [ ],
      &quot;failureSummary&quot; : null
    }, {
      &quot;html&quot; : &quot;&lt;div class=\&quot;ytp-title\&quot;&gt;&quot;,
      &quot;target&quot; : [ &quot;#player&quot;, &quot;.ytp-title&quot; ],
      &quot;impact&quot; : null,
      &quot;any&quot; : [ {
        &quot;id&quot; : &quot;region&quot;,
        &quot;impact&quot; : &quot;moderate&quot;,
        &quot;message&quot; : &quot;All page content is contained by landmarks&quot;,
        &quot;data&quot; : {
          &quot;isIframe&quot; : false
        },
        &quot;relatedNodes&quot; : [ ]
      } ],
      &quot;all&quot; : [ ],
      &quot;none&quot; : [ ],
      &quot;failureSummary&quot; : null
    }, {
      &quot;html&quot; : &quot;&lt;div class=\&quot;ytp-title-text\&quot;&gt;&quot;,
      &quot;target&quot; : [ &quot;#player&quot;, &quot;.ytp-title-text&quot; ],
      &quot;impact&quot; : null,
      &quot;any&quot; : [ {
        &quot;id&quot; : &quot;region&quot;,
        &quot;impact&quot; : &quot;moderate&quot;,
        &quot;message&quot; : &quot;All page content is contained by landmarks&quot;,
        &quot;data&quot; : {
          &quot;isIframe&quot; : false
        },
        &quot;relatedNodes&quot; : [ ]
      } ],
      &quot;all&quot; : [ ],
      &quot;none&quot; : [ ],
      &quot;failureSummary&quot; : null
    }, {
      &quot;html&quot; : &quot;&lt;a class=\&quot;ytp-title-link yt-uix-sessionlink\&quot; target=\&quot;_blank\&quot; data-sessionlink=\&quot;feature=player-title\&quot; tabindex=\&quot;0\&quot; href=\&quot;https://www.youtube.com/watch?v=OagLGti_hTE\&quot;&gt;NASA: Life on Mars Was a Possibility&lt;/a&gt;&quot;,
      &quot;target&quot; : [ &quot;#player&quot;, &quot;.ytp-title-link&quot; ],
      &quot;impact&quot; : null,
      &quot;any&quot; : [ {
        &quot;id&quot; : &quot;region&quot;,
        &quot;impact&quot; : &quot;moderate&quot;,
        &quot;message&quot; : &quot;All page content is contained by landmarks&quot;,
        &quot;data&quot; : {
          &quot;isIframe&quot; : false
        },
        &quot;relatedNodes&quot; : [ ]
      } ],
      &quot;all&quot; : [ ],
      &quot;none&quot; : [ ],
      &quot;failureSummary&quot; : null
    }, {
      &quot;html&quot; : &quot;&lt;div class=\&quot;ytp-title-subtext\&quot;&gt;&lt;a class=\&quot;ytp-title-channel-name\&quot; target=\&quot;_blank\&quot; href=\&quot;\&quot;&gt;&lt;/a&gt;&lt;/div&gt;&quot;,
      &quot;target&quot; : [ &quot;#player&quot;, &quot;.ytp-title-subtext&quot; ],
      &quot;impact&quot; : null,
      &quot;any&quot; : [ {
        &quot;id&quot; : &quot;region&quot;,
        &quot;impact&quot; : &quot;moderate&quot;,
        &quot;message&quot; : &quot;All page content is contained by landmarks&quot;,
        &quot;data&quot; : {
          &quot;isIframe&quot; : false
        },
        &quot;relatedNodes&quot; : [ ]
      } ],
      &quot;all&quot; : [ ],
      &quot;none&quot; : [ ],
      &quot;failureSummary&quot; : null
    }, {
      &quot;html&quot; : &quot;&lt;div class=\&quot;ytp-chrome-top-buttons\&quot;&gt;&quot;,
      &quot;target&quot; : [ &quot;#player&quot;, &quot;.ytp-chrome-top-buttons&quot; ],
      &quot;impact&quot; : null,
      &quot;any&quot; : [ {
        &quot;id&quot; : &quot;region&quot;,
        &quot;impact&quot; : &quot;moderate&quot;,
        &quot;message&quot; : &quot;All page content is contained by landmarks&quot;,
        &quot;data&quot; : {
          &quot;isIframe&quot; : false
        },
        &quot;relatedNodes&quot; : [ ]
      } ],
      &quot;all&quot; : [ ],
      &quot;none&quot; : [ ],
      &quot;failureSummary&quot; : null
    }, {
      &quot;html&quot; : &quot;&lt;button class=\&quot;ytp-button ytp-overflow-button ytp-overflow-button-visible\&quot; title=\&quot;More\&quot; aria-haspopup=\&quot;true\&quot; aria-owns=\&quot;ytp-id-31\&quot; aria-label=\&quot;More\&quot;&gt;&quot;,
      &quot;target&quot; : [ &quot;#player&quot;, &quot;.ytp-overflow-button&quot; ],
      &quot;impact&quot; : null,
      &quot;any&quot; : [ {
        &quot;id&quot; : &quot;region&quot;,
        &quot;impact&quot; : &quot;moderate&quot;,
        &quot;message&quot; : &quot;All page content is contained by landmarks&quot;,
        &quot;data&quot; : {
          &quot;isIframe&quot; : false
        },
        &quot;relatedNodes&quot; : [ ]
      } ],
      &quot;all&quot; : [ ],
      &quot;none&quot; : [ ],
      &quot;failureSummary&quot; : null
    }, {
      &quot;html&quot; : &quot;&lt;div class=\&quot;ytp-overflow-icon\&quot;&gt;&lt;svg height=\&quot;100%\&quot; viewBox=\&quot;-5 -5 36 36\&quot; width=\&quot;100%\&quot;&gt;&lt;path d=\&quot;M12 8c1.1 0 2-.9 2-2s-.9-2-2-2-2 .9-2 2 .9 2 2 2zm0 2c-1.1 0-2 .9-2 2s.9 2 2 2 2-.9 2-2-.9-2-2-2zm0 6c-1.1 0-2 .9-2 2s.9 2 2 2 2-.9 2-2-.9-2-2-2z\&quot; fill=\&quot;#fff\&quot;&gt;&lt;/path&gt;&lt;/svg&gt;&lt;/div&gt;&quot;,
      &quot;target&quot; : [ &quot;#player&quot;, &quot;.ytp-overflow-icon&quot; ],
      &quot;impact&quot; : null,
      &quot;any&quot; : [ {
        &quot;id&quot; : &quot;region&quot;,
        &quot;impact&quot; : &quot;moderate&quot;,
        &quot;message&quot; : &quot;All page content is contained by landmarks&quot;,
        &quot;data&quot; : {
          &quot;isIframe&quot; : false
        },
        &quot;relatedNodes&quot; : [ ]
      } ],
      &quot;all&quot; : [ ],
      &quot;none&quot; : [ ],
      &quot;failureSummary&quot; : null
    }, {
      &quot;html&quot; : &quot;&lt;svg height=\&quot;100%\&quot; viewBox=\&quot;-5 -5 36 36\&quot; width=\&quot;100%\&quot;&gt;&lt;path d=\&quot;M12 8c1.1 0 2-.9 2-2s-.9-2-2-2-2 .9-2 2 .9 2 2 2zm0 2c-1.1 0-2 .9-2 2s.9 2 2 2 2-.9 2-2-.9-2-2-2zm0 6c-1.1 0-2 .9-2 2s.9 2 2 2 2-.9 2-2-.9-2-2-2z\&quot; fill=\&quot;#fff\&quot;&gt;&lt;/path&gt;&lt;/svg&gt;&quot;,
      &quot;target&quot; : [ &quot;#player&quot;, &quot;svg[viewBox=\&quot;-5 -5 36 36\&quot;]&quot; ],
      &quot;impact&quot; : null,
      &quot;any&quot; : [ {
        &quot;id&quot; : &quot;region&quot;,
        &quot;impact&quot; : &quot;moderate&quot;,
        &quot;message&quot; : &quot;All page content is contained by landmarks&quot;,
        &quot;data&quot; : {
          &quot;isIframe&quot; : false
        },
        &quot;relatedNodes&quot; : [ ]
      } ],
      &quot;all&quot; : [ ],
      &quot;none&quot; : [ ],
      &quot;failureSummary&quot; : null
    }, {
      &quot;html&quot; : &quot;&lt;path d=\&quot;M12 8c1.1 0 2-.9 2-2s-.9-2-2-2-2 .9-2 2 .9 2 2 2zm0 2c-1.1 0-2 .9-2 2s.9 2 2 2 2-.9 2-2-.9-2-2-2zm0 6c-1.1 0-2 .9-2 2s.9 2 2 2 2-.9 2-2-.9-2-2-2z\&quot; fill=\&quot;#fff\&quot;&gt;&lt;/path&gt;&quot;,
      &quot;target&quot; : [ &quot;#player&quot;, &quot;svg[viewBox=\&quot;-5 -5 36 36\&quot;] &gt; path[fill=\&quot;#fff\&quot;]&quot; ],
      &quot;impact&quot; : null,
      &quot;any&quot; : [ {
        &quot;id&quot; : &quot;region&quot;,
        &quot;impact&quot; : &quot;moderate&quot;,
        &quot;message&quot; : &quot;All page content is contained by landmarks&quot;,
        &quot;data&quot; : {
          &quot;isIframe&quot; : false
        },
        &quot;relatedNodes&quot; : [ ]
      } ],
      &quot;all&quot; : [ ],
      &quot;none&quot; : [ ],
      &quot;failureSummary&quot; : null
    }, {
      &quot;html&quot; : &quot;&lt;div class=\&quot;ytp-cued-thumbnail-overlay\&quot; data-layer=\&quot;4\&quot; style=\&quot;\&quot;&gt;&quot;,
      &quot;target&quot; : [ &quot;#player&quot;, &quot;.ytp-cued-thumbnail-overlay&quot; ],
      &quot;impact&quot; : null,
      &quot;any&quot; : [ {
        &quot;id&quot; : &quot;region&quot;,
        &quot;impact&quot; : &quot;moderate&quot;,
        &quot;message&quot; : &quot;All page content is contained by landmarks&quot;,
        &quot;data&quot; : {
          &quot;isIframe&quot; : false
        },
        &quot;relatedNodes&quot; : [ ]
      } ],
      &quot;all&quot; : [ ],
      &quot;none&quot; : [ ],
      &quot;failureSummary&quot; : null
    }, {
      &quot;html&quot; : &quot;&lt;div class=\&quot;ytp-cued-thumbnail-overlay-image\&quot; style=\&quot;background-image: url(&amp;quot;https://i.ytimg.com/vi/OagLGti_hTE/sddefault.jpg&amp;quot;);\&quot;&gt;&lt;/div&gt;&quot;,
      &quot;target&quot; : [ &quot;#player&quot;, &quot;.ytp-cued-thumbnail-overlay-image&quot; ],
      &quot;impact&quot; : null,
      &quot;any&quot; : [ {
        &quot;id&quot; : &quot;region&quot;,
        &quot;impact&quot; : &quot;moderate&quot;,
        &quot;message&quot; : &quot;All page content is contained by landmarks&quot;,
        &quot;data&quot; : {
          &quot;isIframe&quot; : false
        },
        &quot;relatedNodes&quot; : [ ]
      } ],
      &quot;all&quot; : [ ],
      &quot;none&quot; : [ ],
      &quot;failureSummary&quot; : null
    }, {
      &quot;html&quot; : &quot;&lt;button class=\&quot;ytp-large-play-button ytp-button ytp-large-play-button-red-bg\&quot; aria-label=\&quot;Play\&quot;&gt;&quot;,
      &quot;target&quot; : [ &quot;#player&quot;, &quot;.ytp-large-play-button&quot; ],
      &quot;impact&quot; : null,
      &quot;any&quot; : [ {
        &quot;id&quot; : &quot;region&quot;,
        &quot;impact&quot; : &quot;moderate&quot;,
        &quot;message&quot; : &quot;All page content is contained by landmarks&quot;,
        &quot;data&quot; : {
          &quot;isIframe&quot; : false
        },
        &quot;relatedNodes&quot; : [ ]
      } ],
      &quot;all&quot; : [ ],
      &quot;none&quot; : [ ],
      &quot;failureSummary&quot; : null
    }, {
      &quot;html&quot; : &quot;&lt;svg height=\&quot;100%\&quot; version=\&quot;1.1\&quot; viewBox=\&quot;0 0 68 48\&quot; width=\&quot;100%\&quot;&gt;&quot;,
      &quot;target&quot; : [ &quot;#player&quot;, &quot;svg[viewBox=\&quot;0 0 68 48\&quot;]&quot; ],
      &quot;impact&quot; : null,
      &quot;any&quot; : [ {
        &quot;id&quot; : &quot;region&quot;,
        &quot;impact&quot; : &quot;moderate&quot;,
        &quot;message&quot; : &quot;All page content is contained by landmarks&quot;,
        &quot;data&quot; : {
          &quot;isIframe&quot; : false
        },
        &quot;relatedNodes&quot; : [ ]
      } ],
      &quot;all&quot; : [ ],
      &quot;none&quot; : [ ],
      &quot;failureSummary&quot; : null
    }, {
      &quot;html&quot; : &quot;&lt;path class=\&quot;ytp-large-play-button-bg\&quot; d=\&quot;M66.52,7.74c-0.78-2.93-2.49-5.41-5.42-6.19C55.79,.13,34,0,34,0S12.21,.13,6.9,1.55 C3.97,2.33,2.27,4.81,1.48,7.74C0.06,13.05,0,24,0,24s0.06,10.95,1.48,16.26c0.78,2.93,2.49,5.41,5.42,6.19 C12.21,47.87,34,48,34,48s21.79-0.13,27.1-1.55c2.93-0.78,4.64-3.26,5.42-6.19C67.94,34.95,68,24,68,24S67.94,13.05,66.52,7.74z\&quot; fill=\&quot;#f00\&quot;&gt;&quot;,
      &quot;target&quot; : [ &quot;#player&quot;, &quot;.ytp-large-play-button-bg&quot; ],
      &quot;impact&quot; : null,
      &quot;any&quot; : [ {
        &quot;id&quot; : &quot;region&quot;,
        &quot;impact&quot; : &quot;moderate&quot;,
        &quot;message&quot; : &quot;All page content is contained by landmarks&quot;,
        &quot;data&quot; : {
          &quot;isIframe&quot; : false
        },
        &quot;relatedNodes&quot; : [ ]
      } ],
      &quot;all&quot; : [ ],
      &quot;none&quot; : [ ],
      &quot;failureSummary&quot; : null
    }, {
      &quot;html&quot; : &quot;&lt;path d=\&quot;M 45,24 27,14 27,34\&quot; fill=\&quot;#fff\&quot;&gt;&lt;/path&gt;&quot;,
      &quot;target&quot; : [ &quot;#player&quot;, &quot;path[d=\&quot;M 45,24 27,14 27,34\&quot;]&quot; ],
      &quot;impact&quot; : null,
      &quot;any&quot; : [ {
        &quot;id&quot; : &quot;region&quot;,
        &quot;impact&quot; : &quot;moderate&quot;,
        &quot;message&quot; : &quot;All page content is contained by landmarks&quot;,
        &quot;data&quot; : {
          &quot;isIframe&quot; : false
        },
        &quot;relatedNodes&quot; : [ ]
      } ],
      &quot;all&quot; : [ ],
      &quot;none&quot; : [ ],
      &quot;failureSummary&quot; : null
    }, {
      &quot;html&quot; : &quot;&lt;div class=\&quot;ytp-paid-content-overlay\&quot; aria-live=\&quot;assertive\&quot; aria-atomic=\&quot;true\&quot; data-layer=\&quot;4\&quot;&gt;&lt;div class=\&quot;ytp-button ytp-paid-content-overlay-text\&quot; style=\&quot;display: none;\&quot;&gt;&lt;/div&gt;&lt;/div&gt;&quot;,
      &quot;target&quot; : [ &quot;#player&quot;, &quot;.ytp-paid-content-overlay&quot; ],
      &quot;impact&quot; : null,
      &quot;any&quot; : [ {
        &quot;id&quot; : &quot;region&quot;,
        &quot;impact&quot; : &quot;moderate&quot;,
        &quot;message&quot; : &quot;All page content is contained by landmarks&quot;,
        &quot;data&quot; : {
          &quot;isIframe&quot; : false
        },
        &quot;relatedNodes&quot; : [ ]
      } ],
      &quot;all&quot; : [ ],
      &quot;none&quot; : [ ],
      &quot;failureSummary&quot; : null
    }, {
      &quot;html&quot; : &quot;&lt;div class=\&quot;ytp-suggested-action\&quot; data-layer=\&quot;4\&quot;&gt;&quot;,
      &quot;target&quot; : [ &quot;#player&quot;, &quot;.ytp-suggested-action&quot; ],
      &quot;impact&quot; : null,
      &quot;any&quot; : [ {
        &quot;id&quot; : &quot;region&quot;,
        &quot;impact&quot; : &quot;moderate&quot;,
        &quot;message&quot; : &quot;All page content is contained by landmarks&quot;,
        &quot;data&quot; : {
          &quot;isIframe&quot; : false
        },
        &quot;relatedNodes&quot; : [ ]
      } ],
      &quot;all&quot; : [ ],
      &quot;none&quot; : [ ],
      &quot;failureSummary&quot; : null
    }, {
      &quot;html&quot; : &quot;&lt;div class=\&quot;vid-arrows prevvid\&quot;&gt;\n                  &lt;i class=\&quot;vid-prev icon-video-left-arrow\&quot;&gt;&lt;/i&gt;\n                  &lt;/div&gt;&quot;,
      &quot;target&quot; : [ &quot;.prevvid&quot; ],
      &quot;impact&quot; : null,
      &quot;any&quot; : [ {
        &quot;id&quot; : &quot;region&quot;,
        &quot;impact&quot; : &quot;moderate&quot;,
        &quot;message&quot; : &quot;All page content is contained by landmarks&quot;,
        &quot;data&quot; : {
          &quot;isIframe&quot; : false
        },
        &quot;relatedNodes&quot; : [ ]
      } ],
      &quot;all&quot; : [ ],
      &quot;none&quot; : [ ],
      &quot;failureSummary&quot; : null
    }, {
      &quot;html&quot; : &quot;&lt;i class=\&quot;vid-prev icon-video-left-arrow\&quot;&gt;&lt;/i&gt;&quot;,
      &quot;target&quot; : [ &quot;.vid-prev&quot; ],
      &quot;impact&quot; : null,
      &quot;any&quot; : [ {
        &quot;id&quot; : &quot;region&quot;,
        &quot;impact&quot; : &quot;moderate&quot;,
        &quot;message&quot; : &quot;All page content is contained by landmarks&quot;,
        &quot;data&quot; : {
          &quot;isIframe&quot; : false
        },
        &quot;relatedNodes&quot; : [ ]
      } ],
      &quot;all&quot; : [ ],
      &quot;none&quot; : [ ],
      &quot;failureSummary&quot; : null
    }, {
      &quot;html&quot; : &quot;&lt;div class=\&quot;vid-nav\&quot;&gt;&quot;,
      &quot;target&quot; : [ &quot;.vid-nav&quot; ],
      &quot;impact&quot; : null,
      &quot;any&quot; : [ {
        &quot;id&quot; : &quot;region&quot;,
        &quot;impact&quot; : &quot;moderate&quot;,
        &quot;message&quot; : &quot;All page content is contained by landmarks&quot;,
        &quot;data&quot; : {
          &quot;isIframe&quot; : false
        },
        &quot;relatedNodes&quot; : [ ]
      } ],
      &quot;all&quot; : [ ],
      &quot;none&quot; : [ ],
      &quot;failureSummary&quot; : null
    }, {
      &quot;html&quot; : &quot;&lt;a target=\&quot;player\&quot; data-text=\&quot;Life was possible on Mars\&quot; class=\&quot;fader first active\&quot; href=\&quot;http://www.youtube.com/embed/OagLGti_hTE?controls=1&amp;amp;showinfo=1&amp;amp;modestbranding=0&amp;amp;wmode=opaque&amp;amp;enablejsapi=1\&quot; id=\&quot;default\&quot;&gt;&lt;/a&gt;&quot;,
      &quot;target&quot; : [ &quot;.active&quot; ],
      &quot;impact&quot; : null,
      &quot;any&quot; : [ {
        &quot;id&quot; : &quot;region&quot;,
        &quot;impact&quot; : &quot;moderate&quot;,
        &quot;message&quot; : &quot;All page content is contained by landmarks&quot;,
        &quot;data&quot; : {
          &quot;isIframe&quot; : false
        },
        &quot;relatedNodes&quot; : [ ]
      } ],
      &quot;all&quot; : [ ],
      &quot;none&quot; : [ ],
      &quot;failureSummary&quot; : null
    }, {
      &quot;html&quot; : &quot;&lt;a target=\&quot;player\&quot; data-text=\&quot;Why Mars died\&quot; class=\&quot;fader first\&quot; href=\&quot;http://www.youtube.com/embed/oC31pqk9sak?controls=1&amp;amp;showinfo=1&amp;amp;modestbranding=0&amp;amp;wmode=opaque&amp;amp;enablejsapi=1\&quot; id=\&quot;default\&quot;&gt;&lt;/a&gt;&quot;,
      &quot;target&quot; : [ &quot;a[data-text=\&quot;Why Mars died\&quot;]&quot; ],
      &quot;impact&quot; : null,
      &quot;any&quot; : [ {
        &quot;id&quot; : &quot;region&quot;,
        &quot;impact&quot; : &quot;moderate&quot;,
        &quot;message&quot; : &quot;All page content is contained by landmarks&quot;,
        &quot;data&quot; : {
          &quot;isIframe&quot; : false
        },
        &quot;relatedNodes&quot; : [ ]
      } ],
      &quot;all&quot; : [ ],
      &quot;none&quot; : [ ],
      &quot;failureSummary&quot; : null
    }, {
      &quot;html&quot; : &quot;&lt;a target=\&quot;player\&quot; data-text=\&quot;The world that never was\&quot; class=\&quot;fader first\&quot; href=\&quot;http://www.youtube.com/embed/JgMXPXdqJn8?controls=1&amp;amp;showinfo=1&amp;amp;modestbranding=0&amp;amp;wmode=opaque&amp;amp;enablejsapi=1\&quot; id=\&quot;default\&quot;&gt;&lt;/a&gt;&quot;,
      &quot;target&quot; : [ &quot;a[data-text=\&quot;The world that never was\&quot;]&quot; ],
      &quot;impact&quot; : null,
      &quot;any&quot; : [ {
        &quot;id&quot; : &quot;region&quot;,
        &quot;impact&quot; : &quot;moderate&quot;,
        &quot;message&quot; : &quot;All page content is contained by landmarks&quot;,
        &quot;data&quot; : {
          &quot;isIframe&quot; : false
        },
        &quot;relatedNodes&quot; : [ ]
      } ],
      &quot;all&quot; : [ ],
      &quot;none&quot; : [ ],
      &quot;failureSummary&quot; : null
    }, {
      &quot;html&quot; : &quot;&lt;div class=\&quot;vid-arrows nextvid\&quot;&gt;\n                  &lt;i class=\&quot;vid-next icon-video-right-arrow\&quot;&gt;&lt;/i&gt;\n             &lt;/div&gt;&quot;,
      &quot;target&quot; : [ &quot;.nextvid&quot; ],
      &quot;impact&quot; : null,
      &quot;any&quot; : [ {
        &quot;id&quot; : &quot;region&quot;,
        &quot;impact&quot; : &quot;moderate&quot;,
        &quot;message&quot; : &quot;All page content is contained by landmarks&quot;,
        &quot;data&quot; : {
          &quot;isIframe&quot; : false
        },
        &quot;relatedNodes&quot; : [ ]
      } ],
      &quot;all&quot; : [ ],
      &quot;none&quot; : [ ],
      &quot;failureSummary&quot; : null
    }, {
      &quot;html&quot; : &quot;&lt;i class=\&quot;vid-next icon-video-right-arrow\&quot;&gt;&lt;/i&gt;&quot;,
      &quot;target&quot; : [ &quot;.vid-next&quot; ],
      &quot;impact&quot; : null,
      &quot;any&quot; : [ {
        &quot;id&quot; : &quot;region&quot;,
        &quot;impact&quot; : &quot;moderate&quot;,
        &quot;message&quot; : &quot;All page content is contained by landmarks&quot;,
        &quot;data&quot; : {
          &quot;isIframe&quot; : false
        },
        &quot;relatedNodes&quot; : [ ]
      } ],
      &quot;all&quot; : [ ],
      &quot;none&quot; : [ ],
      &quot;failureSummary&quot; : null
    }, {
      &quot;html&quot; : &quot;&lt;div id=\&quot;bottom-bg\&quot; style=\&quot;\&quot;&gt;&quot;,
      &quot;target&quot; : [ &quot;#bottom-bg&quot; ],
      &quot;impact&quot; : null,
      &quot;any&quot; : [ {
        &quot;id&quot; : &quot;region&quot;,
        &quot;impact&quot; : &quot;moderate&quot;,
        &quot;message&quot; : &quot;All page content is contained by landmarks&quot;,
        &quot;data&quot; : {
          &quot;isIframe&quot; : false
        },
        &quot;relatedNodes&quot; : [ ]
      } ],
      &quot;all&quot; : [ ],
      &quot;none&quot; : [ ],
      &quot;failureSummary&quot; : null
    }, {
      &quot;html&quot; : &quot;&lt;div id=\&quot;social-bar\&quot; class=\&quot;container-fluid-full\&quot;&gt;&quot;,
      &quot;target&quot; : [ &quot;#social-bar&quot; ],
      &quot;impact&quot; : null,
      &quot;any&quot; : [ {
        &quot;id&quot; : &quot;region&quot;,
        &quot;impact&quot; : &quot;moderate&quot;,
        &quot;message&quot; : &quot;All page content is contained by landmarks&quot;,
        &quot;data&quot; : {
          &quot;isIframe&quot; : false
        },
        &quot;relatedNodes&quot; : [ ]
      } ],
      &quot;all&quot; : [ ],
      &quot;none&quot; : [ ],
      &quot;failureSummary&quot; : null
    }, {
      &quot;html&quot; : &quot;&lt;div class=\&quot;container\&quot;&gt;&quot;,
      &quot;target&quot; : [ &quot;#social-bar &gt; .container&quot; ],
      &quot;impact&quot; : null,
      &quot;any&quot; : [ {
        &quot;id&quot; : &quot;region&quot;,
        &quot;impact&quot; : &quot;moderate&quot;,
        &quot;message&quot; : &quot;All page content is contained by landmarks&quot;,
        &quot;data&quot; : {
          &quot;isIframe&quot; : false
        },
        &quot;relatedNodes&quot; : [ ]
      } ],
      &quot;all&quot; : [ ],
      &quot;none&quot; : [ ],
      &quot;failureSummary&quot; : null
    }, {
      &quot;html&quot; : &quot;&lt;div id=\&quot;social\&quot; class=\&quot;span12\&quot;&gt;&quot;,
      &quot;target&quot; : [ &quot;#social&quot; ],
      &quot;impact&quot; : null,
      &quot;any&quot; : [ {
        &quot;id&quot; : &quot;region&quot;,
        &quot;impact&quot; : &quot;moderate&quot;,
        &quot;message&quot; : &quot;All page content is contained by landmarks&quot;,
        &quot;data&quot; : {
          &quot;isIframe&quot; : false
        },
        &quot;relatedNodes&quot; : [ ]
      } ],
      &quot;all&quot; : [ ],
      &quot;none&quot; : [ ],
      &quot;failureSummary&quot; : null
    }, {
      &quot;html&quot; : &quot;&lt;ul&gt;&quot;,
      &quot;target&quot; : [ &quot;#social &gt; ul&quot; ],
      &quot;impact&quot; : null,
      &quot;any&quot; : [ {
        &quot;id&quot; : &quot;region&quot;,
        &quot;impact&quot; : &quot;moderate&quot;,
        &quot;message&quot; : &quot;All page content is contained by landmarks&quot;,
        &quot;data&quot; : {
          &quot;isIframe&quot; : false
        },
        &quot;relatedNodes&quot; : [ ]
      } ],
      &quot;all&quot; : [ ],
      &quot;none&quot; : [ ],
      &quot;failureSummary&quot; : null
    }, {
      &quot;html&quot; : &quot;&lt;li class=\&quot;social-facebook\&quot;&gt;&quot;,
      &quot;target&quot; : [ &quot;.social-facebook&quot; ],
      &quot;impact&quot; : null,
      &quot;any&quot; : [ {
        &quot;id&quot; : &quot;region&quot;,
        &quot;impact&quot; : &quot;moderate&quot;,
        &quot;message&quot; : &quot;All page content is contained by landmarks&quot;,
        &quot;data&quot; : {
          &quot;isIframe&quot; : false
        },
        &quot;relatedNodes&quot; : [ ]
      } ],
      &quot;all&quot; : [ ],
      &quot;none&quot; : [ ],
      &quot;failureSummary&quot; : null
    }, {
      &quot;html&quot; : &quot;&lt;div class=\&quot;fb-like-box fb_iframe_widget\&quot; data-href=\&quot;http://www.facebook.com/\&quot; data-width=\&quot;292\&quot; data-show-faces=\&quot;false\&quot; data-stream=\&quot;false\&quot; data-header=\&quot;true\&quot; fb-xfbml-state=\&quot;rendered\&quot;&gt;&quot;,
      &quot;target&quot; : [ &quot;.fb-like-box&quot; ],
      &quot;impact&quot; : null,
      &quot;any&quot; : [ {
        &quot;id&quot; : &quot;region&quot;,
        &quot;impact&quot; : &quot;moderate&quot;,
        &quot;message&quot; : &quot;All page content is contained by landmarks&quot;,
        &quot;data&quot; : {
          &quot;isIframe&quot; : false
        },
        &quot;relatedNodes&quot; : [ ]
      } ],
      &quot;all&quot; : [ ],
      &quot;none&quot; : [ ],
      &quot;failureSummary&quot; : null
    }, {
      &quot;html&quot; : &quot;&lt;span style=\&quot;height: 62px; width: 292px;\&quot;&gt;&lt;iframe id=\&quot;fafbba78\&quot; name=\&quot;f2bc5e72d\&quot; scrolling=\&quot;no\&quot; style=\&quot;border: none; overflow: hidden; height: 62px; width: 292px;\&quot; class=\&quot;fb_ltr\&quot; src=\&quot;/assets/demo-sites/mars/js/likebox.html\&quot;&gt;&lt;/iframe&gt;&lt;/span&gt;&quot;,
      &quot;target&quot; : [ &quot;.fb-like-box &gt; span&quot; ],
      &quot;impact&quot; : null,
      &quot;any&quot; : [ {
        &quot;id&quot; : &quot;region&quot;,
        &quot;impact&quot; : &quot;moderate&quot;,
        &quot;message&quot; : &quot;All page content is contained by landmarks&quot;,
        &quot;data&quot; : {
          &quot;isIframe&quot; : false
        },
        &quot;relatedNodes&quot; : [ ]
      } ],
      &quot;all&quot; : [ ],
      &quot;none&quot; : [ ],
      &quot;failureSummary&quot; : null
    }, {
      &quot;html&quot; : &quot;&lt;iframe id=\&quot;fafbba78\&quot; name=\&quot;f2bc5e72d\&quot; scrolling=\&quot;no\&quot; style=\&quot;border: none; overflow: hidden; height: 62px; width: 292px;\&quot; class=\&quot;fb_ltr\&quot; src=\&quot;/assets/demo-sites/mars/js/likebox.html\&quot;&gt;&lt;/iframe&gt;&quot;,
      &quot;target&quot; : [ &quot;#fafbba78&quot; ],
      &quot;impact&quot; : null,
      &quot;any&quot; : [ {
        &quot;id&quot; : &quot;region&quot;,
        &quot;impact&quot; : &quot;moderate&quot;,
        &quot;message&quot; : &quot;All page content is contained by landmarks&quot;,
        &quot;data&quot; : {
          &quot;isIframe&quot; : true
        },
        &quot;relatedNodes&quot; : [ ]
      } ],
      &quot;all&quot; : [ ],
      &quot;none&quot; : [ ],
      &quot;failureSummary&quot; : null
    }, {
      &quot;html&quot; : &quot;&lt;div id=\&quot;FB_HiddenContainer\&quot; style=\&quot;position:absolute; top:-10000px; width:0px; height:0px;\&quot;&gt;\n&lt;/div&gt;&quot;,
      &quot;target&quot; : [ &quot;#fafbba78&quot;, &quot;#FB_HiddenContainer&quot; ],
      &quot;impact&quot; : null,
      &quot;any&quot; : [ {
        &quot;id&quot; : &quot;region&quot;,
        &quot;impact&quot; : &quot;moderate&quot;,
        &quot;message&quot; : &quot;All page content is contained by landmarks&quot;,
        &quot;data&quot; : {
          &quot;isIframe&quot; : false
        },
        &quot;relatedNodes&quot; : [ ]
      } ],
      &quot;all&quot; : [ ],
      &quot;none&quot; : [ ],
      &quot;failureSummary&quot; : null
    }, {
      &quot;html&quot; : &quot;&lt;div class=\&quot;pluginSkinLight\&quot;&gt;&quot;,
      &quot;target&quot; : [ &quot;#fafbba78&quot;, &quot;.pluginSkinLight&quot; ],
      &quot;impact&quot; : null,
      &quot;any&quot; : [ {
        &quot;id&quot; : &quot;region&quot;,
        &quot;impact&quot; : &quot;moderate&quot;,
        &quot;message&quot; : &quot;All page content is contained by landmarks&quot;,
        &quot;data&quot; : {
          &quot;isIframe&quot; : false
        },
        &quot;relatedNodes&quot; : [ ]
      } ],
      &quot;all&quot; : [ ],
      &quot;none&quot; : [ ],
      &quot;failureSummary&quot; : null
    }, {
      &quot;html&quot; : &quot;&lt;div class=\&quot;clearfix pam\&quot; style=\&quot;height: 68px\&quot;&gt;&quot;,
      &quot;target&quot; : [ &quot;#fafbba78&quot;, &quot;.clearfix&quot; ],
      &quot;impact&quot; : null,
      &quot;any&quot; : [ {
        &quot;id&quot; : &quot;region&quot;,
        &quot;impact&quot; : &quot;moderate&quot;,
        &quot;message&quot; : &quot;All page content is contained by landmarks&quot;,
        &quot;data&quot; : {
          &quot;isIframe&quot; : false
        },
        &quot;relatedNodes&quot; : [ ]
      } ],
      &quot;all&quot; : [ ],
      &quot;none&quot; : [ ],
      &quot;failureSummary&quot; : null
    }, {
      &quot;html&quot; : &quot;&lt;div class=\&quot;_8m _8u _42ef\&quot;&gt;&quot;,
      &quot;target&quot; : [ &quot;#fafbba78&quot;, &quot;._8m&quot; ],
      &quot;impact&quot; : null,
      &quot;any&quot; : [ {
        &quot;id&quot; : &quot;region&quot;,
        &quot;impact&quot; : &quot;moderate&quot;,
        &quot;message&quot; : &quot;All page content is contained by landmarks&quot;,
        &quot;data&quot; : {
          &quot;isIframe&quot; : false
        },
        &quot;relatedNodes&quot; : [ ]
      } ],
      &quot;all&quot; : [ ],
      &quot;none&quot; : [ ],
      &quot;failureSummary&quot; : null
    }, {
      &quot;html&quot; : &quot;&lt;table class=\&quot;uiGrid\&quot; cellspacing=\&quot;0\&quot; cellpadding=\&quot;0\&quot;&gt;&quot;,
      &quot;target&quot; : [ &quot;#fafbba78&quot;, &quot;._8m &gt; table&quot; ],
      &quot;impact&quot; : null,
      &quot;any&quot; : [ {
        &quot;id&quot; : &quot;region&quot;,
        &quot;impact&quot; : &quot;moderate&quot;,
        &quot;message&quot; : &quot;All page content is contained by landmarks&quot;,
        &quot;data&quot; : {
          &quot;isIframe&quot; : false
        },
        &quot;relatedNodes&quot; : [ ]
      } ],
      &quot;all&quot; : [ ],
      &quot;none&quot; : [ ],
      &quot;failureSummary&quot; : null
    }, {
      &quot;html&quot; : &quot;&lt;tbody&gt;&quot;,
      &quot;target&quot; : [ &quot;#fafbba78&quot;, &quot;._8m &gt; table &gt; tbody&quot; ],
      &quot;impact&quot; : null,
      &quot;any&quot; : [ {
        &quot;id&quot; : &quot;region&quot;,
        &quot;impact&quot; : &quot;moderate&quot;,
        &quot;message&quot; : &quot;All page content is contained by landmarks&quot;,
        &quot;data&quot; : {
          &quot;isIframe&quot; : false
        },
        &quot;relatedNodes&quot; : [ ]
      } ],
      &quot;all&quot; : [ ],
      &quot;none&quot; : [ ],
      &quot;failureSummary&quot; : null
    }, {
      &quot;html&quot; : &quot;&lt;td&gt;&lt;span class=\&quot;fsl fwb\&quot;&gt;&lt;a href=\&quot;../mars2.html\&quot; target=\&quot;_blank\&quot;&gt;Mars Commuter Express&lt;/a&gt;&lt;/span&gt;&lt;/td&gt;&quot;,
      &quot;target&quot; : [ &quot;#fafbba78&quot;, &quot;._8m &gt; table &gt; tbody &gt; tr:nth-child(1) &gt; td&quot; ],
      &quot;impact&quot; : null,
      &quot;any&quot; : [ {
        &quot;id&quot; : &quot;region&quot;,
        &quot;impact&quot; : &quot;moderate&quot;,
        &quot;message&quot; : &quot;All page content is contained by landmarks&quot;,
        &quot;data&quot; : {
          &quot;isIframe&quot; : false
        },
        &quot;relatedNodes&quot; : [ ]
      } ],
      &quot;all&quot; : [ ],
      &quot;none&quot; : [ ],
      &quot;failureSummary&quot; : null
    }, {
      &quot;html&quot; : &quot;&lt;span class=\&quot;fsl fwb\&quot;&gt;&lt;a href=\&quot;../mars2.html\&quot; target=\&quot;_blank\&quot;&gt;Mars Commuter Express&lt;/a&gt;&lt;/span&gt;&quot;,
      &quot;target&quot; : [ &quot;#fafbba78&quot;, &quot;.fsl&quot; ],
      &quot;impact&quot; : null,
      &quot;any&quot; : [ {
        &quot;id&quot; : &quot;region&quot;,
        &quot;impact&quot; : &quot;moderate&quot;,
        &quot;message&quot; : &quot;All page content is contained by landmarks&quot;,
        &quot;data&quot; : {
          &quot;isIframe&quot; : false
        },
        &quot;relatedNodes&quot; : [ ]
      } ],
      &quot;all&quot; : [ ],
      &quot;none&quot; : [ ],
      &quot;failureSummary&quot; : null
    }, {
      &quot;html&quot; : &quot;&lt;a href=\&quot;../mars2.html\&quot; target=\&quot;_blank\&quot;&gt;Mars Commuter Express&lt;/a&gt;&quot;,
      &quot;target&quot; : [ &quot;#fafbba78&quot;, &quot;.fsl &gt; a&quot; ],
      &quot;impact&quot; : null,
      &quot;any&quot; : [ {
        &quot;id&quot; : &quot;region&quot;,
        &quot;impact&quot; : &quot;moderate&quot;,
        &quot;message&quot; : &quot;All page content is contained by landmarks&quot;,
        &quot;data&quot; : {
          &quot;isIframe&quot; : false
        },
        &quot;relatedNodes&quot; : [ ]
      } ],
      &quot;all&quot; : [ ],
      &quot;none&quot; : [ ],
      &quot;failureSummary&quot; : null
    }, {
      &quot;html&quot; : &quot;&lt;tr&gt;&quot;,
      &quot;target&quot; : [ &quot;#fafbba78&quot;, &quot;tr:nth-child(2)&quot; ],
      &quot;impact&quot; : null,
      &quot;any&quot; : [ {
        &quot;id&quot; : &quot;region&quot;,
        &quot;impact&quot; : &quot;moderate&quot;,
        &quot;message&quot; : &quot;All page content is contained by landmarks&quot;,
        &quot;data&quot; : {
          &quot;isIframe&quot; : false
        },
        &quot;relatedNodes&quot; : [ ]
      } ],
      &quot;all&quot; : [ ],
      &quot;none&quot; : [ ],
      &quot;failureSummary&quot; : null
    }, {
      &quot;html&quot; : &quot;&lt;td&gt;&quot;,
      &quot;target&quot; : [ &quot;#fafbba78&quot;, &quot;tr:nth-child(2) &gt; td&quot; ],
      &quot;impact&quot; : null,
      &quot;any&quot; : [ {
        &quot;id&quot; : &quot;region&quot;,
        &quot;impact&quot; : &quot;moderate&quot;,
        &quot;message&quot; : &quot;All page content is contained by landmarks&quot;,
        &quot;data&quot; : {
          &quot;isIframe&quot; : false
        },
        &quot;relatedNodes&quot; : [ ]
      } ],
      &quot;all&quot; : [ ],
      &quot;none&quot; : [ ],
      &quot;failureSummary&quot; : null
    }, {
      &quot;html&quot; : &quot;&lt;div class=\&quot;pts\&quot;&gt;&quot;,
      &quot;target&quot; : [ &quot;#fafbba78&quot;, &quot;.pts&quot; ],
      &quot;impact&quot; : null,
      &quot;any&quot; : [ {
        &quot;id&quot; : &quot;region&quot;,
        &quot;impact&quot; : &quot;moderate&quot;,
        &quot;message&quot; : &quot;All page content is contained by landmarks&quot;,
        &quot;data&quot; : {
          &quot;isIframe&quot; : false
        },
        &quot;relatedNodes&quot; : [ ]
      } ],
      &quot;all&quot; : [ ],
      &quot;none&quot; : [ ],
      &quot;failureSummary&quot; : null
    }, {
      &quot;html&quot; : &quot;&lt;table class=\&quot;uiGrid\&quot; cellspacing=\&quot;0\&quot; cellpadding=\&quot;0\&quot;&gt;&quot;,
      &quot;target&quot; : [ &quot;#fafbba78&quot;, &quot;.pts &gt; table&quot; ],
      &quot;impact&quot; : null,
      &quot;any&quot; : [ {
        &quot;id&quot; : &quot;region&quot;,
        &quot;impact&quot; : &quot;moderate&quot;,
        &quot;message&quot; : &quot;All page content is contained by landmarks&quot;,
        &quot;data&quot; : {
          &quot;isIframe&quot; : false
        },
        &quot;relatedNodes&quot; : [ ]
      } ],
      &quot;all&quot; : [ ],
      &quot;none&quot; : [ ],
      &quot;failureSummary&quot; : null
    }, {
      &quot;html&quot; : &quot;&lt;tbody&gt;&quot;,
      &quot;target&quot; : [ &quot;#fafbba78&quot;, &quot;.pts &gt; table &gt; tbody&quot; ],
      &quot;impact&quot; : null,
      &quot;any&quot; : [ {
        &quot;id&quot; : &quot;region&quot;,
        &quot;impact&quot; : &quot;moderate&quot;,
        &quot;message&quot; : &quot;All page content is contained by landmarks&quot;,
        &quot;data&quot; : {
          &quot;isIframe&quot; : false
        },
        &quot;relatedNodes&quot; : [ ]
      } ],
      &quot;all&quot; : [ ],
      &quot;none&quot; : [ ],
      &quot;failureSummary&quot; : null
    }, {
      &quot;html&quot; : &quot;&lt;tr&gt;&quot;,
      &quot;target&quot; : [ &quot;#fafbba78&quot;, &quot;.pts &gt; table &gt; tbody &gt; tr&quot; ],
      &quot;impact&quot; : null,
      &quot;any&quot; : [ {
        &quot;id&quot; : &quot;region&quot;,
        &quot;impact&quot; : &quot;moderate&quot;,
        &quot;message&quot; : &quot;All page content is contained by landmarks&quot;,
        &quot;data&quot; : {
          &quot;isIframe&quot; : false
        },
        &quot;relatedNodes&quot; : [ ]
      } ],
      &quot;all&quot; : [ ],
      &quot;none&quot; : [ ],
      &quot;failureSummary&quot; : null
    }, {
      &quot;html&quot; : &quot;&lt;td&gt;&quot;,
      &quot;target&quot; : [ &quot;#fafbba78&quot;, &quot;.pts &gt; table &gt; tbody &gt; tr &gt; td:nth-child(1)&quot; ],
      &quot;impact&quot; : null,
      &quot;any&quot; : [ {
        &quot;id&quot; : &quot;region&quot;,
        &quot;impact&quot; : &quot;moderate&quot;,
        &quot;message&quot; : &quot;All page content is contained by landmarks&quot;,
        &quot;data&quot; : {
          &quot;isIframe&quot; : false
        },
        &quot;relatedNodes&quot; : [ ]
      } ],
      &quot;all&quot; : [ ],
      &quot;none&quot; : [ ],
      &quot;failureSummary&quot; : null
    }, {
      &quot;html&quot; : &quot;&lt;div&gt;&quot;,
      &quot;target&quot; : [ &quot;#fafbba78&quot;, &quot;.pts &gt; table &gt; tbody &gt; tr &gt; td:nth-child(1) &gt; div&quot; ],
      &quot;impact&quot; : null,
      &quot;any&quot; : [ {
        &quot;id&quot; : &quot;region&quot;,
        &quot;impact&quot; : &quot;moderate&quot;,
        &quot;message&quot; : &quot;All page content is contained by landmarks&quot;,
        &quot;data&quot; : {
          &quot;isIframe&quot; : false
        },
        &quot;relatedNodes&quot; : [ ]
      } ],
      &quot;all&quot; : [ ],
      &quot;none&quot; : [ ],
      &quot;failureSummary&quot; : null
    }, {
      &quot;html&quot; : &quot;&lt;form rel=\&quot;async\&quot; ajaxify=\&quot;/plugins/likebox/connect\&quot; method=\&quot;post\&quot; action=\&quot;#\&quot; id=\&quot;u_0_0\&quot;&gt;&quot;,
      &quot;target&quot; : [ &quot;#fafbba78&quot;, &quot;#u_0_0&quot; ],
      &quot;impact&quot; : null,
      &quot;any&quot; : [ {
        &quot;id&quot; : &quot;region&quot;,
        &quot;impact&quot; : &quot;moderate&quot;,
        &quot;message&quot; : &quot;All page content is contained by landmarks&quot;,
        &quot;data&quot; : {
          &quot;isIframe&quot; : false
        },
        &quot;relatedNodes&quot; : [ ]
      } ],
      &quot;all&quot; : [ ],
      &quot;none&quot; : [ ],
      &quot;failureSummary&quot; : null
    }, {
      &quot;html&quot; : &quot;&lt;div class=\&quot;pluginConnectButton\&quot;&gt;&quot;,
      &quot;target&quot; : [ &quot;#fafbba78&quot;, &quot;.pluginConnectButton&quot; ],
      &quot;impact&quot; : null,
      &quot;any&quot; : [ {
        &quot;id&quot; : &quot;region&quot;,
        &quot;impact&quot; : &quot;moderate&quot;,
        &quot;message&quot; : &quot;All page content is contained by landmarks&quot;,
        &quot;data&quot; : {
          &quot;isIframe&quot; : false
        },
        &quot;relatedNodes&quot; : [ ]
      } ],
      &quot;all&quot; : [ ],
      &quot;none&quot; : [ ],
      &quot;failureSummary&quot; : null
    }, {
      &quot;html&quot; : &quot;&lt;div class=\&quot;pluginButton pluginConnectButtonDisconnected\&quot; title=\&quot;\&quot;&gt;&lt;div&gt;&lt;button type=\&quot;submit\&quot;&gt;&lt;i class=\&quot;pluginButtonIcon img sp_like sx_like_thumb\&quot;&gt;&lt;/i&gt;Like&lt;/button&gt;&lt;/div&gt;&lt;/div&gt;&quot;,
      &quot;target&quot; : [ &quot;#fafbba78&quot;, &quot;.pluginConnectButtonDisconnected&quot; ],
      &quot;impact&quot; : null,
      &quot;any&quot; : [ {
        &quot;id&quot; : &quot;region&quot;,
        &quot;impact&quot; : &quot;moderate&quot;,
        &quot;message&quot; : &quot;All page content is contained by landmarks&quot;,
        &quot;data&quot; : {
          &quot;isIframe&quot; : false
        },
        &quot;relatedNodes&quot; : [ ]
      } ],
      &quot;all&quot; : [ ],
      &quot;none&quot; : [ ],
      &quot;failureSummary&quot; : null
    }, {
      &quot;html&quot; : &quot;&lt;div&gt;&lt;button type=\&quot;submit\&quot;&gt;&lt;i class=\&quot;pluginButtonIcon img sp_like sx_like_thumb\&quot;&gt;&lt;/i&gt;Like&lt;/button&gt;&lt;/div&gt;&quot;,
      &quot;target&quot; : [ &quot;#fafbba78&quot;, &quot;.pluginConnectButtonDisconnected &gt; div&quot; ],
      &quot;impact&quot; : null,
      &quot;any&quot; : [ {
        &quot;id&quot; : &quot;region&quot;,
        &quot;impact&quot; : &quot;moderate&quot;,
        &quot;message&quot; : &quot;All page content is contained by landmarks&quot;,
        &quot;data&quot; : {
          &quot;isIframe&quot; : false
        },
        &quot;relatedNodes&quot; : [ ]
      } ],
      &quot;all&quot; : [ ],
      &quot;none&quot; : [ ],
      &quot;failureSummary&quot; : null
    }, {
      &quot;html&quot; : &quot;&lt;button type=\&quot;submit\&quot;&gt;&lt;i class=\&quot;pluginButtonIcon img sp_like sx_like_thumb\&quot;&gt;&lt;/i&gt;Like&lt;/button&gt;&quot;,
      &quot;target&quot; : [ &quot;#fafbba78&quot;, &quot;.pluginConnectButtonDisconnected &gt; div &gt; button&quot; ],
      &quot;impact&quot; : null,
      &quot;any&quot; : [ {
        &quot;id&quot; : &quot;region&quot;,
        &quot;impact&quot; : &quot;moderate&quot;,
        &quot;message&quot; : &quot;All page content is contained by landmarks&quot;,
        &quot;data&quot; : {
          &quot;isIframe&quot; : false
        },
        &quot;relatedNodes&quot; : [ ]
      } ],
      &quot;all&quot; : [ ],
      &quot;none&quot; : [ ],
      &quot;failureSummary&quot; : null
    }, {
      &quot;html&quot; : &quot;&lt;i class=\&quot;pluginButtonIcon img sp_like sx_like_thumb\&quot;&gt;&lt;/i&gt;&quot;,
      &quot;target&quot; : [ &quot;#fafbba78&quot;, &quot;.sx_like_thumb&quot; ],
      &quot;impact&quot; : null,
      &quot;any&quot; : [ {
        &quot;id&quot; : &quot;region&quot;,
        &quot;impact&quot; : &quot;moderate&quot;,
        &quot;message&quot; : &quot;All page content is contained by landmarks&quot;,
        &quot;data&quot; : {
          &quot;isIframe&quot; : false
        },
        &quot;relatedNodes&quot; : [ ]
      } ],
      &quot;all&quot; : [ ],
      &quot;none&quot; : [ ],
      &quot;failureSummary&quot; : null
    }, {
      &quot;html&quot; : &quot;&lt;td class=\&quot;pls\&quot;&gt;&lt;div&gt;&lt;span class=\&quot;hidden_elem\&quot; id=\&quot;u_0_1\&quot;&gt;You like this.&lt;/span&gt;&lt;span id=\&quot;u_0_2\&quot;&gt;378,121&lt;/span&gt;&lt;/div&gt;&lt;/td&gt;&quot;,
      &quot;target&quot; : [ &quot;#fafbba78&quot;, &quot;.pls&quot; ],
      &quot;impact&quot; : null,
      &quot;any&quot; : [ {
        &quot;id&quot; : &quot;region&quot;,
        &quot;impact&quot; : &quot;moderate&quot;,
        &quot;message&quot; : &quot;All page content is contained by landmarks&quot;,
        &quot;data&quot; : {
          &quot;isIframe&quot; : false
        },
        &quot;relatedNodes&quot; : [ ]
      } ],
      &quot;all&quot; : [ ],
      &quot;none&quot; : [ ],
      &quot;failureSummary&quot; : null
    }, {
      &quot;html&quot; : &quot;&lt;div&gt;&lt;span class=\&quot;hidden_elem\&quot; id=\&quot;u_0_1\&quot;&gt;You like this.&lt;/span&gt;&lt;span id=\&quot;u_0_2\&quot;&gt;378,121&lt;/span&gt;&lt;/div&gt;&quot;,
      &quot;target&quot; : [ &quot;#fafbba78&quot;, &quot;.pls &gt; div&quot; ],
      &quot;impact&quot; : null,
      &quot;any&quot; : [ {
        &quot;id&quot; : &quot;region&quot;,
        &quot;impact&quot; : &quot;moderate&quot;,
        &quot;message&quot; : &quot;All page content is contained by landmarks&quot;,
        &quot;data&quot; : {
          &quot;isIframe&quot; : false
        },
        &quot;relatedNodes&quot; : [ ]
      } ],
      &quot;all&quot; : [ ],
      &quot;none&quot; : [ ],
      &quot;failureSummary&quot; : null
    }, {
      &quot;html&quot; : &quot;&lt;li class=\&quot;social-twitter\&quot;&gt;&quot;,
      &quot;target&quot; : [ &quot;.social-twitter&quot; ],
      &quot;impact&quot; : null,
      &quot;any&quot; : [ {
        &quot;id&quot; : &quot;region&quot;,
        &quot;impact&quot; : &quot;moderate&quot;,
        &quot;message&quot; : &quot;All page content is contained by landmarks&quot;,
        &quot;data&quot; : {
          &quot;isIframe&quot; : false
        },
        &quot;relatedNodes&quot; : [ ]
      } ],
      &quot;all&quot; : [ ],
      &quot;none&quot; : [ ],
      &quot;failureSummary&quot; : null
    }, {
      &quot;html&quot; : &quot;&lt;iframe allowtransparency=\&quot;true\&quot; frameborder=\&quot;0\&quot; scrolling=\&quot;no\&quot; src=\&quot;/assets/demo-sites/mars/js/follow_button.1363148939.html\&quot; class=\&quot;twitter-follow-button twitter-follow-button\&quot; style=\&quot;width: 154px; height: 28px;\&quot; title=\&quot;Twitter Follow Button\&quot; data-twttr-rendered=\&quot;true\&quot;&gt;&lt;/iframe&gt;&quot;,
      &quot;target&quot; : [ &quot;.twitter-follow-button&quot; ],
      &quot;impact&quot; : null,
      &quot;any&quot; : [ {
        &quot;id&quot; : &quot;region&quot;,
        &quot;impact&quot; : &quot;moderate&quot;,
        &quot;message&quot; : &quot;All page content is contained by landmarks&quot;,
        &quot;data&quot; : {
          &quot;isIframe&quot; : true
        },
        &quot;relatedNodes&quot; : [ ]
      } ],
      &quot;all&quot; : [ ],
      &quot;none&quot; : [ ],
      &quot;failureSummary&quot; : null
    }, {
      &quot;html&quot; : &quot;&lt;div id=\&quot;widget\&quot;&gt;&quot;,
      &quot;target&quot; : [ &quot;.twitter-follow-button&quot;, &quot;#widget&quot; ],
      &quot;impact&quot; : null,
      &quot;any&quot; : [ {
        &quot;id&quot; : &quot;region&quot;,
        &quot;impact&quot; : &quot;moderate&quot;,
        &quot;message&quot; : &quot;All page content is contained by landmarks&quot;,
        &quot;data&quot; : {
          &quot;isIframe&quot; : false
        },
        &quot;relatedNodes&quot; : [ ]
      } ],
      &quot;all&quot; : [ ],
      &quot;none&quot; : [ ],
      &quot;failureSummary&quot; : null
    }, {
      &quot;html&quot; : &quot;&lt;a id=\&quot;follow-button\&quot; target=\&quot;_blank\&quot; class=\&quot;btn\&quot; title=\&quot;Follow MarsCommuter on Twitter\&quot; href=\&quot;mars2.html\&quot;&gt;&lt;i&gt;&lt;/i&gt;&lt;span class=\&quot;label\&quot; id=\&quot;l\&quot;&gt;Follow @MarsTrip1&lt;/span&gt;&lt;/a&gt;&quot;,
      &quot;target&quot; : [ &quot;.twitter-follow-button&quot;, &quot;#follow-button&quot; ],
      &quot;impact&quot; : null,
      &quot;any&quot; : [ {
        &quot;id&quot; : &quot;region&quot;,
        &quot;impact&quot; : &quot;moderate&quot;,
        &quot;message&quot; : &quot;All page content is contained by landmarks&quot;,
        &quot;data&quot; : {
          &quot;isIframe&quot; : false
        },
        &quot;relatedNodes&quot; : [ ]
      } ],
      &quot;all&quot; : [ ],
      &quot;none&quot; : [ ],
      &quot;failureSummary&quot; : null
    }, {
      &quot;html&quot; : &quot;&lt;i&gt;&lt;/i&gt;&quot;,
      &quot;target&quot; : [ &quot;.twitter-follow-button&quot;, &quot;#follow-button &gt; i&quot; ],
      &quot;impact&quot; : null,
      &quot;any&quot; : [ {
        &quot;id&quot; : &quot;region&quot;,
        &quot;impact&quot; : &quot;moderate&quot;,
        &quot;message&quot; : &quot;All page content is contained by landmarks&quot;,
        &quot;data&quot; : {
          &quot;isIframe&quot; : false
        },
        &quot;relatedNodes&quot; : [ ]
      } ],
      &quot;all&quot; : [ ],
      &quot;none&quot; : [ ],
      &quot;failureSummary&quot; : null
    }, {
      &quot;html&quot; : &quot;&lt;span class=\&quot;label\&quot; id=\&quot;l\&quot;&gt;Follow @MarsTrip1&lt;/span&gt;&quot;,
      &quot;target&quot; : [ &quot;.twitter-follow-button&quot;, &quot;#l&quot; ],
      &quot;impact&quot; : null,
      &quot;any&quot; : [ {
        &quot;id&quot; : &quot;region&quot;,
        &quot;impact&quot; : &quot;moderate&quot;,
        &quot;message&quot; : &quot;All page content is contained by landmarks&quot;,
        &quot;data&quot; : {
          &quot;isIframe&quot; : false
        },
        &quot;relatedNodes&quot; : [ ]
      } ],
      &quot;all&quot; : [ ],
      &quot;none&quot; : [ ],
      &quot;failureSummary&quot; : null
    }, {
      &quot;html&quot; : &quot;&lt;a href=\&quot;mars2.html?a=marscommuter\&quot; rel=\&quot;author\&quot; style=\&quot;text-decoration:none;display:inline-block;color:#333;text-align:center; font:12px/13px arial,sans-serif;white-space:nowrap;\&quot; target=\&quot;_blank\&quot;&gt;&quot;,
      &quot;target&quot; : [ &quot;a[href=\&quot;mars2.html?a=marscommuter\&quot;]&quot; ],
      &quot;impact&quot; : null,
      &quot;any&quot; : [ {
        &quot;id&quot; : &quot;region&quot;,
        &quot;impact&quot; : &quot;moderate&quot;,
        &quot;message&quot; : &quot;All page content is contained by landmarks&quot;,
        &quot;data&quot; : {
          &quot;isIframe&quot; : false
        },
        &quot;relatedNodes&quot; : [ ]
      } ],
      &quot;all&quot; : [ ],
      &quot;none&quot; : [ ],
      &quot;failureSummary&quot; : null
    }, {
      &quot;html&quot; : &quot;&lt;div style=\&quot;display:inline-block;font-weight:bold;vertical-align:top;margin-right:5px; margin-top:8px;\&quot;&gt;MarsCommuter&lt;/div&gt;&quot;,
      &quot;target&quot; : [ &quot;a[href=\&quot;mars2.html?a=marscommuter\&quot;] &gt; div:nth-child(1)&quot; ],
      &quot;impact&quot; : null,
      &quot;any&quot; : [ {
        &quot;id&quot; : &quot;region&quot;,
        &quot;impact&quot; : &quot;moderate&quot;,
        &quot;message&quot; : &quot;All page content is contained by landmarks&quot;,
        &quot;data&quot; : {
          &quot;isIframe&quot; : false
        },
        &quot;relatedNodes&quot; : [ ]
      } ],
      &quot;all&quot; : [ ],
      &quot;none&quot; : [ ],
      &quot;failureSummary&quot; : null
    }, {
      &quot;html&quot; : &quot;&lt;div style=\&quot;display:inline-block;vertical-align:top;margin-right:0; margin-top:8px;\&quot;&gt;&amp;nbsp;&lt;/div&gt;&quot;,
      &quot;target&quot; : [ &quot;a[href=\&quot;mars2.html?a=marscommuter\&quot;] &gt; div:nth-child(2)&quot; ],
      &quot;impact&quot; : null,
      &quot;any&quot; : [ {
        &quot;id&quot; : &quot;region&quot;,
        &quot;impact&quot; : &quot;moderate&quot;,
        &quot;message&quot; : &quot;All page content is contained by landmarks&quot;,
        &quot;data&quot; : {
          &quot;isIframe&quot; : false
        },
        &quot;relatedNodes&quot; : [ ]
      } ],
      &quot;all&quot; : [ ],
      &quot;none&quot; : [ ],
      &quot;failureSummary&quot; : null
    }, {
      &quot;html&quot; : &quot;&lt;img src=\&quot;/assets/demo-sites/mars/images/gplus-32.png\&quot; alt=\&quot;Google+\&quot; style=\&quot;border:0;width:32px;height:32px;\&quot;&gt;&quot;,
      &quot;target&quot; : [ &quot;img[alt=\&quot;Google+\&quot;]&quot; ],
      &quot;impact&quot; : null,
      &quot;any&quot; : [ {
        &quot;id&quot; : &quot;region&quot;,
        &quot;impact&quot; : &quot;moderate&quot;,
        &quot;message&quot; : &quot;All page content is contained by landmarks&quot;,
        &quot;data&quot; : {
          &quot;isIframe&quot; : false
        },
        &quot;relatedNodes&quot; : [ ]
      } ],
      &quot;all&quot; : [ ],
      &quot;none&quot; : [ ],
      &quot;failureSummary&quot; : null
    }, {
      &quot;html&quot; : &quot;&lt;a href=\&quot;mars2.html?a=\&quot; class=\&quot;social-icon\&quot; title=\&quot;MarsCommuter iPhone App\&quot;&gt; &lt;em class=\&quot;icon-social-iphone\&quot; alt=\&quot;Mars Commuter iPhone App\&quot;&gt;&lt;/em&gt; &lt;/a&gt;&quot;,
      &quot;target&quot; : [ &quot;a[title=\&quot;MarsCommuter iPhone App\&quot;]&quot; ],
      &quot;impact&quot; : null,
      &quot;any&quot; : [ {
        &quot;id&quot; : &quot;region&quot;,
        &quot;impact&quot; : &quot;moderate&quot;,
        &quot;message&quot; : &quot;All page content is contained by landmarks&quot;,
        &quot;data&quot; : {
          &quot;isIframe&quot; : false
        },
        &quot;relatedNodes&quot; : [ ]
      } ],
      &quot;all&quot; : [ ],
      &quot;none&quot; : [ ],
      &quot;failureSummary&quot; : null
    }, {
      &quot;html&quot; : &quot;&lt;em class=\&quot;icon-social-iphone\&quot; alt=\&quot;Mars Commuter iPhone App\&quot;&gt;&lt;/em&gt;&quot;,
      &quot;target&quot; : [ &quot;.icon-social-iphone&quot; ],
      &quot;impact&quot; : null,
      &quot;any&quot; : [ {
        &quot;id&quot; : &quot;region&quot;,
        &quot;impact&quot; : &quot;moderate&quot;,
        &quot;message&quot; : &quot;All page content is contained by landmarks&quot;,
        &quot;data&quot; : {
          &quot;isIframe&quot; : false
        },
        &quot;relatedNodes&quot; : [ ]
      } ],
      &quot;all&quot; : [ ],
      &quot;none&quot; : [ ],
      &quot;failureSummary&quot; : null
    }, {
      &quot;html&quot; : &quot;&lt;span class=\&quot;socialbar-app-link\&quot;&gt; &lt;a href=\&quot;mars2.html?a=\&quot; title=\&quot;Mars Commuter iPhone App\&quot; target=\&quot;_blank\&quot;&gt;Mars iPhone App&lt;/a&gt; &lt;/span&gt;&quot;,
      &quot;target&quot; : [ &quot;.socialbar-app-link&quot; ],
      &quot;impact&quot; : null,
      &quot;any&quot; : [ {
        &quot;id&quot; : &quot;region&quot;,
        &quot;impact&quot; : &quot;moderate&quot;,
        &quot;message&quot; : &quot;All page content is contained by landmarks&quot;,
        &quot;data&quot; : {
          &quot;isIframe&quot; : false
        },
        &quot;relatedNodes&quot; : [ ]
      } ],
      &quot;all&quot; : [ ],
      &quot;none&quot; : [ ],
      &quot;failureSummary&quot; : null
    }, {
      &quot;html&quot; : &quot;&lt;a href=\&quot;mars2.html?a=\&quot; title=\&quot;Mars Commuter iPhone App\&quot; target=\&quot;_blank\&quot;&gt;Mars iPhone App&lt;/a&gt;&quot;,
      &quot;target&quot; : [ &quot;a[title=\&quot;Mars Commuter iPhone App\&quot;]&quot; ],
      &quot;impact&quot; : null,
      &quot;any&quot; : [ {
        &quot;id&quot; : &quot;region&quot;,
        &quot;impact&quot; : &quot;moderate&quot;,
        &quot;message&quot; : &quot;All page content is contained by landmarks&quot;,
        &quot;data&quot; : {
          &quot;isIframe&quot; : false
        },
        &quot;relatedNodes&quot; : [ ]
      } ],
      &quot;all&quot; : [ ],
      &quot;none&quot; : [ ],
      &quot;failureSummary&quot; : null
    }, {
      &quot;html&quot; : &quot;&lt;a href=\&quot;mars2.html?a=join_conversation\&quot; class=\&quot;social-icon\&quot; title=\&quot;Join the Conversation\&quot;&gt; &lt;em class=\&quot;icon-social-community\&quot; alt=\&quot;Join the Conversation\&quot;&gt;&lt;/em&gt; &lt;/a&gt;&quot;,
      &quot;target&quot; : [ &quot;a[href=\&quot;mars2.html?a=join_conversation\&quot;]&quot; ],
      &quot;impact&quot; : null,
      &quot;any&quot; : [ {
        &quot;id&quot; : &quot;region&quot;,
        &quot;impact&quot; : &quot;moderate&quot;,
        &quot;message&quot; : &quot;All page content is contained by landmarks&quot;,
        &quot;data&quot; : {
          &quot;isIframe&quot; : false
        },
        &quot;relatedNodes&quot; : [ ]
      } ],
      &quot;all&quot; : [ ],
      &quot;none&quot; : [ ],
      &quot;failureSummary&quot; : null
    }, {
      &quot;html&quot; : &quot;&lt;em class=\&quot;icon-social-community\&quot; alt=\&quot;Join the Conversation\&quot;&gt;&lt;/em&gt;&quot;,
      &quot;target&quot; : [ &quot;.icon-social-community&quot; ],
      &quot;impact&quot; : null,
      &quot;any&quot; : [ {
        &quot;id&quot; : &quot;region&quot;,
        &quot;impact&quot; : &quot;moderate&quot;,
        &quot;message&quot; : &quot;All page content is contained by landmarks&quot;,
        &quot;data&quot; : {
          &quot;isIframe&quot; : false
        },
        &quot;relatedNodes&quot; : [ ]
      } ],
      &quot;all&quot; : [ ],
      &quot;none&quot; : [ ],
      &quot;failureSummary&quot; : null
    }, {
      &quot;html&quot; : &quot;&lt;span class=\&quot;socialbar-community-link\&quot;&gt; &lt;a href=\&quot;mars2.html?a=\&quot; title=\&quot;Join the Conversation\&quot; target=\&quot;_blank\&quot;&gt;Join the conversation and Interact with fellow travelers and MarsCommuter staff in our online community.&lt;/a&gt; &lt;/span&gt;&quot;,
      &quot;target&quot; : [ &quot;.socialbar-community-link&quot; ],
      &quot;impact&quot; : null,
      &quot;any&quot; : [ {
        &quot;id&quot; : &quot;region&quot;,
        &quot;impact&quot; : &quot;moderate&quot;,
        &quot;message&quot; : &quot;All page content is contained by landmarks&quot;,
        &quot;data&quot; : {
          &quot;isIframe&quot; : false
        },
        &quot;relatedNodes&quot; : [ ]
      } ],
      &quot;all&quot; : [ ],
      &quot;none&quot; : [ ],
      &quot;failureSummary&quot; : null
    }, {
      &quot;html&quot; : &quot;&lt;a href=\&quot;mars2.html?a=\&quot; title=\&quot;Join the Conversation\&quot; target=\&quot;_blank\&quot;&gt;Join the conversation and Interact with fellow travelers and MarsCommuter staff in our online community.&lt;/a&gt;&quot;,
      &quot;target&quot; : [ &quot;a[title=\&quot;Join the Conversation\&quot;][target=\&quot;_blank\&quot;][href=\&quot;mars2.html?a=\&quot;]&quot; ],
      &quot;impact&quot; : null,
      &quot;any&quot; : [ {
        &quot;id&quot; : &quot;region&quot;,
        &quot;impact&quot; : &quot;moderate&quot;,
        &quot;message&quot; : &quot;All page content is contained by landmarks&quot;,
        &quot;data&quot; : {
          &quot;isIframe&quot; : false
        },
        &quot;relatedNodes&quot; : [ ]
      } ],
      &quot;all&quot; : [ ],
      &quot;none&quot; : [ ],
      &quot;failureSummary&quot; : null
    }, {
      &quot;html&quot; : &quot;&lt;div id=\&quot;footer-multi-links\&quot; class=\&quot;container-fluid-full\&quot;&gt;&quot;,
      &quot;target&quot; : [ &quot;#footer-multi-links&quot; ],
      &quot;impact&quot; : null,
      &quot;any&quot; : [ {
        &quot;id&quot; : &quot;region&quot;,
        &quot;impact&quot; : &quot;moderate&quot;,
        &quot;message&quot; : &quot;All page content is contained by landmarks&quot;,
        &quot;data&quot; : {
          &quot;isIframe&quot; : false
        },
        &quot;relatedNodes&quot; : [ ]
      } ],
      &quot;all&quot; : [ ],
      &quot;none&quot; : [ ],
      &quot;failureSummary&quot; : null
    }, {
      &quot;html&quot; : &quot;&lt;div class=\&quot;container\&quot;&gt;&quot;,
      &quot;target&quot; : [ &quot;#footer-multi-links &gt; .container&quot; ],
      &quot;impact&quot; : null,
      &quot;any&quot; : [ {
        &quot;id&quot; : &quot;region&quot;,
        &quot;impact&quot; : &quot;moderate&quot;,
        &quot;message&quot; : &quot;All page content is contained by landmarks&quot;,
        &quot;data&quot; : {
          &quot;isIframe&quot; : false
        },
        &quot;relatedNodes&quot; : [ ]
      } ],
      &quot;all&quot; : [ ],
      &quot;none&quot; : [ ],
      &quot;failureSummary&quot; : null
    }, {
      &quot;html&quot; : &quot;&lt;div id=\&quot;footer-book\&quot; class=\&quot;span2 left-first\&quot;&gt;&quot;,
      &quot;target&quot; : [ &quot;#footer-book&quot; ],
      &quot;impact&quot; : null,
      &quot;any&quot; : [ {
        &quot;id&quot; : &quot;region&quot;,
        &quot;impact&quot; : &quot;moderate&quot;,
        &quot;message&quot; : &quot;All page content is contained by landmarks&quot;,
        &quot;data&quot; : {
          &quot;isIframe&quot; : false
        },
        &quot;relatedNodes&quot; : [ ]
      } ],
      &quot;all&quot; : [ ],
      &quot;none&quot; : [ ],
      &quot;failureSummary&quot; : null
    }, {
      &quot;html&quot; : &quot;&lt;nav&gt;&lt;/nav&gt;&quot;,
      &quot;target&quot; : [ &quot;#footer-book &gt; nav&quot; ],
      &quot;impact&quot; : null,
      &quot;any&quot; : [ {
        &quot;id&quot; : &quot;region&quot;,
        &quot;impact&quot; : &quot;moderate&quot;,
        &quot;message&quot; : &quot;All page content is contained by landmarks&quot;,
        &quot;data&quot; : {
          &quot;isIframe&quot; : false
        },
        &quot;relatedNodes&quot; : [ ]
      } ],
      &quot;all&quot; : [ ],
      &quot;none&quot; : [ ],
      &quot;failureSummary&quot; : null
    }, {
      &quot;html&quot; : &quot;&lt;li&gt;&lt;a href=\&quot;mars2.html?a=fares_and_schedules\&quot;&gt;Find Fares &amp;amp; Schedules&lt;br&gt;\n &lt;/a&gt;&lt;/li&gt;&quot;,
      &quot;target&quot; : [ &quot;#footer-book &gt; ul &gt; li:nth-child(1)&quot; ],
      &quot;impact&quot; : null,
      &quot;any&quot; : [ {
        &quot;id&quot; : &quot;region&quot;,
        &quot;impact&quot; : &quot;moderate&quot;,
        &quot;message&quot; : &quot;All page content is contained by landmarks&quot;,
        &quot;data&quot; : {
          &quot;isIframe&quot; : false
        },
        &quot;relatedNodes&quot; : [ ]
      } ],
      &quot;all&quot; : [ ],
      &quot;none&quot; : [ ],
      &quot;failureSummary&quot; : null
    }, {
      &quot;html&quot; : &quot;&lt;a href=\&quot;mars2.html?a=fares_and_schedules\&quot;&gt;Find Fares &amp;amp; Schedules&lt;br&gt;\n &lt;/a&gt;&quot;,
      &quot;target&quot; : [ &quot;#footer-book &gt; ul &gt; li:nth-child(1) &gt; a&quot; ],
      &quot;impact&quot; : null,
      &quot;any&quot; : [ {
        &quot;id&quot; : &quot;region&quot;,
        &quot;impact&quot; : &quot;moderate&quot;,
        &quot;message&quot; : &quot;All page content is contained by landmarks&quot;,
        &quot;data&quot; : {
          &quot;isIframe&quot; : false
        },
        &quot;relatedNodes&quot; : [ ]
      } ],
      &quot;all&quot; : [ ],
      &quot;none&quot; : [ ],
      &quot;failureSummary&quot; : null
    }, {
      &quot;html&quot; : &quot;&lt;br&gt;&quot;,
      &quot;target&quot; : [ &quot;li:nth-child(1) &gt; a &gt; br&quot; ],
      &quot;impact&quot; : null,
      &quot;any&quot; : [ {
        &quot;id&quot; : &quot;region&quot;,
        &quot;impact&quot; : &quot;moderate&quot;,
        &quot;message&quot; : &quot;All page content is contained by landmarks&quot;,
        &quot;data&quot; : {
          &quot;isIframe&quot; : false
        },
        &quot;relatedNodes&quot; : [ ]
      } ],
      &quot;all&quot; : [ ],
      &quot;none&quot; : [ ],
      &quot;failureSummary&quot; : null
    }, {
      &quot;html&quot; : &quot;&lt;li&gt;&lt;a href=\&quot;mars2.html?a=find_mars_passes\&quot;&gt;Find Mars Passes&lt;/a&gt; &lt;/li&gt;&quot;,
      &quot;target&quot; : [ &quot;#footer-book &gt; ul &gt; li:nth-child(2)&quot; ],
      &quot;impact&quot; : null,
      &quot;any&quot; : [ {
        &quot;id&quot; : &quot;region&quot;,
        &quot;impact&quot; : &quot;moderate&quot;,
        &quot;message&quot; : &quot;All page content is contained by landmarks&quot;,
        &quot;data&quot; : {
          &quot;isIframe&quot; : false
        },
        &quot;relatedNodes&quot; : [ ]
      } ],
      &quot;all&quot; : [ ],
      &quot;none&quot; : [ ],
      &quot;failureSummary&quot; : null
    }, {
      &quot;html&quot; : &quot;&lt;a href=\&quot;mars2.html?a=find_mars_passes\&quot;&gt;Find Mars Passes&lt;/a&gt;&quot;,
      &quot;target&quot; : [ &quot;a[href=\&quot;mars2.html?a=find_mars_passes\&quot;]&quot; ],
      &quot;impact&quot; : null,
      &quot;any&quot; : [ {
        &quot;id&quot; : &quot;region&quot;,
        &quot;impact&quot; : &quot;moderate&quot;,
        &quot;message&quot; : &quot;All page content is contained by landmarks&quot;,
        &quot;data&quot; : {
          &quot;isIframe&quot; : false
        },
        &quot;relatedNodes&quot; : [ ]
      } ],
      &quot;all&quot; : [ ],
      &quot;none&quot; : [ ],
      &quot;failureSummary&quot; : null
    }, {
      &quot;html&quot; : &quot;&lt;li&gt;&lt;a href=\&quot;mars2.html?a=find_activities\&quot;&gt;Find Activities&lt;/a&gt; &lt;/li&gt;&quot;,
      &quot;target&quot; : [ &quot;#footer-book &gt; ul &gt; li:nth-child(3)&quot; ],
      &quot;impact&quot; : null,
      &quot;any&quot; : [ {
        &quot;id&quot; : &quot;region&quot;,
        &quot;impact&quot; : &quot;moderate&quot;,
        &quot;message&quot; : &quot;All page content is contained by landmarks&quot;,
        &quot;data&quot; : {
          &quot;isIframe&quot; : false
        },
        &quot;relatedNodes&quot; : [ ]
      } ],
      &quot;all&quot; : [ ],
      &quot;none&quot; : [ ],
      &quot;failureSummary&quot; : null
    }, {
      &quot;html&quot; : &quot;&lt;a href=\&quot;mars2.html?a=find_activities\&quot;&gt;Find Activities&lt;/a&gt;&quot;,
      &quot;target&quot; : [ &quot;a[href=\&quot;mars2.html?a=find_activities\&quot;]&quot; ],
      &quot;impact&quot; : null,
      &quot;any&quot; : [ {
        &quot;id&quot; : &quot;region&quot;,
        &quot;impact&quot; : &quot;moderate&quot;,
        &quot;message&quot; : &quot;All page content is contained by landmarks&quot;,
        &quot;data&quot; : {
          &quot;isIframe&quot; : false
        },
        &quot;relatedNodes&quot; : [ ]
      } ],
      &quot;all&quot; : [ ],
      &quot;none&quot; : [ ],
      &quot;failureSummary&quot; : null
    }, {
      &quot;html&quot; : &quot;&lt;li&gt;&lt;a href=\&quot;mars2.html?a=book_reservations\&quot;&gt;Book Reservations&lt;/a&gt; &lt;/li&gt;&quot;,
      &quot;target&quot; : [ &quot;#footer-book &gt; ul &gt; li:nth-child(4)&quot; ],
      &quot;impact&quot; : null,
      &quot;any&quot; : [ {
        &quot;id&quot; : &quot;region&quot;,
        &quot;impact&quot; : &quot;moderate&quot;,
        &quot;message&quot; : &quot;All page content is contained by landmarks&quot;,
        &quot;data&quot; : {
          &quot;isIframe&quot; : false
        },
        &quot;relatedNodes&quot; : [ ]
      } ],
      &quot;all&quot; : [ ],
      &quot;none&quot; : [ ],
      &quot;failureSummary&quot; : null
    }, {
      &quot;html&quot; : &quot;&lt;a href=\&quot;mars2.html?a=book_reservations\&quot;&gt;Book Reservations&lt;/a&gt;&quot;,
      &quot;target&quot; : [ &quot;a[href=\&quot;mars2.html?a=book_reservations\&quot;]&quot; ],
      &quot;impact&quot; : null,
      &quot;any&quot; : [ {
        &quot;id&quot; : &quot;region&quot;,
        &quot;impact&quot; : &quot;moderate&quot;,
        &quot;message&quot; : &quot;All page content is contained by landmarks&quot;,
        &quot;data&quot; : {
          &quot;isIframe&quot; : false
        },
        &quot;relatedNodes&quot; : [ ]
      } ],
      &quot;all&quot; : [ ],
      &quot;none&quot; : [ ],
      &quot;failureSummary&quot; : null
    }, {
      &quot;html&quot; : &quot;&lt;li&gt;&lt;a href=\&quot;mars2.html?a=view_rocket_pass_listing\&quot;&gt;View Rocket Pass Listing&lt;br&gt;\n &lt;/a&gt;&lt;/li&gt;&quot;,
      &quot;target&quot; : [ &quot;#footer-book &gt; ul &gt; li:nth-child(5)&quot; ],
      &quot;impact&quot; : null,
      &quot;any&quot; : [ {
        &quot;id&quot; : &quot;region&quot;,
        &quot;impact&quot; : &quot;moderate&quot;,
        &quot;message&quot; : &quot;All page content is contained by landmarks&quot;,
        &quot;data&quot; : {
          &quot;isIframe&quot; : false
        },
        &quot;relatedNodes&quot; : [ ]
      } ],
      &quot;all&quot; : [ ],
      &quot;none&quot; : [ ],
      &quot;failureSummary&quot; : null
    }, {
      &quot;html&quot; : &quot;&lt;a href=\&quot;mars2.html?a=view_rocket_pass_listing\&quot;&gt;View Rocket Pass Listing&lt;br&gt;\n &lt;/a&gt;&quot;,
      &quot;target&quot; : [ &quot;#footer-book &gt; ul &gt; li:nth-child(5) &gt; a&quot; ],
      &quot;impact&quot; : null,
      &quot;any&quot; : [ {
        &quot;id&quot; : &quot;region&quot;,
        &quot;impact&quot; : &quot;moderate&quot;,
        &quot;message&quot; : &quot;All page content is contained by landmarks&quot;,
        &quot;data&quot; : {
          &quot;isIframe&quot; : false
        },
        &quot;relatedNodes&quot; : [ ]
      } ],
      &quot;all&quot; : [ ],
      &quot;none&quot; : [ ],
      &quot;failureSummary&quot; : null
    }, {
      &quot;html&quot; : &quot;&lt;br&gt;&quot;,
      &quot;target&quot; : [ &quot;li:nth-child(5) &gt; a &gt; br&quot; ],
      &quot;impact&quot; : null,
      &quot;any&quot; : [ {
        &quot;id&quot; : &quot;region&quot;,
        &quot;impact&quot; : &quot;moderate&quot;,
        &quot;message&quot; : &quot;All page content is contained by landmarks&quot;,
        &quot;data&quot; : {
          &quot;isIframe&quot; : false
        },
        &quot;relatedNodes&quot; : [ ]
      } ],
      &quot;all&quot; : [ ],
      &quot;none&quot; : [ ],
      &quot;failureSummary&quot; : null
    }, {
      &quot;html&quot; : &quot;&lt;div id=\&quot;footer-trains\&quot; class=\&quot;span2\&quot;&gt;&quot;,
      &quot;target&quot; : [ &quot;#footer-trains&quot; ],
      &quot;impact&quot; : null,
      &quot;any&quot; : [ {
        &quot;id&quot; : &quot;region&quot;,
        &quot;impact&quot; : &quot;moderate&quot;,
        &quot;message&quot; : &quot;All page content is contained by landmarks&quot;,
        &quot;data&quot; : {
          &quot;isIframe&quot; : false
        },
        &quot;relatedNodes&quot; : [ ]
      } ],
      &quot;all&quot; : [ ],
      &quot;none&quot; : [ ],
      &quot;failureSummary&quot; : null
    }, {
      &quot;html&quot; : &quot;&lt;nav&gt;&lt;/nav&gt;&quot;,
      &quot;target&quot; : [ &quot;#footer-trains &gt; nav&quot; ],
      &quot;impact&quot; : null,
      &quot;any&quot; : [ {
        &quot;id&quot; : &quot;region&quot;,
        &quot;impact&quot; : &quot;moderate&quot;,
        &quot;message&quot; : &quot;All page content is contained by landmarks&quot;,
        &quot;data&quot; : {
          &quot;isIframe&quot; : false
        },
        &quot;relatedNodes&quot; : [ ]
      } ],
      &quot;all&quot; : [ ],
      &quot;none&quot; : [ ],
      &quot;failureSummary&quot; : null
    }, {
      &quot;html&quot; : &quot;&lt;li&gt;&lt;a href=\&quot;mars2.html?a=marstar\&quot;&gt;MarsStar&lt;/a&gt; &lt;/li&gt;&quot;,
      &quot;target&quot; : [ &quot;#footer-trains &gt; ul &gt; li:nth-child(1)&quot; ],
      &quot;impact&quot; : null,
      &quot;any&quot; : [ {
        &quot;id&quot; : &quot;region&quot;,
        &quot;impact&quot; : &quot;moderate&quot;,
        &quot;message&quot; : &quot;All page content is contained by landmarks&quot;,
        &quot;data&quot; : {
          &quot;isIframe&quot; : false
        },
        &quot;relatedNodes&quot; : [ ]
      } ],
      &quot;all&quot; : [ ],
      &quot;none&quot; : [ ],
      &quot;failureSummary&quot; : null
    }, {
      &quot;html&quot; : &quot;&lt;a href=\&quot;mars2.html?a=marstar\&quot;&gt;MarsStar&lt;/a&gt;&quot;,
      &quot;target&quot; : [ &quot;a[href=\&quot;mars2.html?a=marstar\&quot;]&quot; ],
      &quot;impact&quot; : null,
      &quot;any&quot; : [ {
        &quot;id&quot; : &quot;region&quot;,
        &quot;impact&quot; : &quot;moderate&quot;,
        &quot;message&quot; : &quot;All page content is contained by landmarks&quot;,
        &quot;data&quot; : {
          &quot;isIframe&quot; : false
        },
        &quot;relatedNodes&quot; : [ ]
      } ],
      &quot;all&quot; : [ ],
      &quot;none&quot; : [ ],
      &quot;failureSummary&quot; : null
    }, {
      &quot;html&quot; : &quot;&lt;li&gt;&lt;a href=\&quot;mars2.html?a=blast_off_uranus\&quot;&gt;Blast off Uranus&lt;/a&gt; &lt;/li&gt;&quot;,
      &quot;target&quot; : [ &quot;#footer-trains &gt; ul &gt; li:nth-child(2)&quot; ],
      &quot;impact&quot; : null,
      &quot;any&quot; : [ {
        &quot;id&quot; : &quot;region&quot;,
        &quot;impact&quot; : &quot;moderate&quot;,
        &quot;message&quot; : &quot;All page content is contained by landmarks&quot;,
        &quot;data&quot; : {
          &quot;isIframe&quot; : false
        },
        &quot;relatedNodes&quot; : [ ]
      } ],
      &quot;all&quot; : [ ],
      &quot;none&quot; : [ ],
      &quot;failureSummary&quot; : null
    }, {
      &quot;html&quot; : &quot;&lt;a href=\&quot;mars2.html?a=blast_off_uranus\&quot;&gt;Blast off Uranus&lt;/a&gt;&quot;,
      &quot;target&quot; : [ &quot;a[href=\&quot;mars2.html?a=blast_off_uranus\&quot;]&quot; ],
      &quot;impact&quot; : null,
      &quot;any&quot; : [ {
        &quot;id&quot; : &quot;region&quot;,
        &quot;impact&quot; : &quot;moderate&quot;,
        &quot;message&quot; : &quot;All page content is contained by landmarks&quot;,
        &quot;data&quot; : {
          &quot;isIframe&quot; : false
        },
        &quot;relatedNodes&quot; : [ ]
      } ],
      &quot;all&quot; : [ ],
      &quot;none&quot; : [ ],
      &quot;failureSummary&quot; : null
    }, {
      &quot;html&quot; : &quot;&lt;li&gt;&lt;a href=\&quot;mars2.html?a=red_planet_janet\&quot;&gt;Red Planet Janet&lt;/a&gt; &lt;/li&gt;&quot;,
      &quot;target&quot; : [ &quot;#footer-trains &gt; ul &gt; li:nth-child(3)&quot; ],
      &quot;impact&quot; : null,
      &quot;any&quot; : [ {
        &quot;id&quot; : &quot;region&quot;,
        &quot;impact&quot; : &quot;moderate&quot;,
        &quot;message&quot; : &quot;All page content is contained by landmarks&quot;,
        &quot;data&quot; : {
          &quot;isIframe&quot; : false
        },
        &quot;relatedNodes&quot; : [ ]
      } ],
      &quot;all&quot; : [ ],
      &quot;none&quot; : [ ],
      &quot;failureSummary&quot; : null
    }, {
      &quot;html&quot; : &quot;&lt;a href=\&quot;mars2.html?a=red_planet_janet\&quot;&gt;Red Planet Janet&lt;/a&gt;&quot;,
      &quot;target&quot; : [ &quot;a[href=\&quot;mars2.html?a=red_planet_janet\&quot;]&quot; ],
      &quot;impact&quot; : null,
      &quot;any&quot; : [ {
        &quot;id&quot; : &quot;region&quot;,
        &quot;impact&quot; : &quot;moderate&quot;,
        &quot;message&quot; : &quot;All page content is contained by landmarks&quot;,
        &quot;data&quot; : {
          &quot;isIframe&quot; : false
        },
        &quot;relatedNodes&quot; : [ ]
      } ],
      &quot;all&quot; : [ ],
      &quot;none&quot; : [ ],
      &quot;failureSummary&quot; : null
    }, {
      &quot;html&quot; : &quot;&lt;li&gt;&lt;a href=\&quot;mars2.html?a=the_martianic\&quot;&gt;The Martianic&lt;/a&gt; &lt;/li&gt;&quot;,
      &quot;target&quot; : [ &quot;#footer-trains &gt; ul &gt; li:nth-child(4)&quot; ],
      &quot;impact&quot; : null,
      &quot;any&quot; : [ {
        &quot;id&quot; : &quot;region&quot;,
        &quot;impact&quot; : &quot;moderate&quot;,
        &quot;message&quot; : &quot;All page content is contained by landmarks&quot;,
        &quot;data&quot; : {
          &quot;isIframe&quot; : false
        },
        &quot;relatedNodes&quot; : [ ]
      } ],
      &quot;all&quot; : [ ],
      &quot;none&quot; : [ ],
      &quot;failureSummary&quot; : null
    }, {
      &quot;html&quot; : &quot;&lt;a href=\&quot;mars2.html?a=the_martianic\&quot;&gt;The Martianic&lt;/a&gt;&quot;,
      &quot;target&quot; : [ &quot;a[href=\&quot;mars2.html?a=the_martianic\&quot;]&quot; ],
      &quot;impact&quot; : null,
      &quot;any&quot; : [ {
        &quot;id&quot; : &quot;region&quot;,
        &quot;impact&quot; : &quot;moderate&quot;,
        &quot;message&quot; : &quot;All page content is contained by landmarks&quot;,
        &quot;data&quot; : {
          &quot;isIframe&quot; : false
        },
        &quot;relatedNodes&quot; : [ ]
      } ],
      &quot;all&quot; : [ ],
      &quot;none&quot; : [ ],
      &quot;failureSummary&quot; : null
    }, {
      &quot;html&quot; : &quot;&lt;li&gt;&lt;a href=\&quot;mars2.html?a=hal\&quot;&gt;Hal&lt;/a&gt; &lt;/li&gt;&quot;,
      &quot;target&quot; : [ &quot;#footer-trains &gt; ul &gt; li:nth-child(5)&quot; ],
      &quot;impact&quot; : null,
      &quot;any&quot; : [ {
        &quot;id&quot; : &quot;region&quot;,
        &quot;impact&quot; : &quot;moderate&quot;,
        &quot;message&quot; : &quot;All page content is contained by landmarks&quot;,
        &quot;data&quot; : {
          &quot;isIframe&quot; : false
        },
        &quot;relatedNodes&quot; : [ ]
      } ],
      &quot;all&quot; : [ ],
      &quot;none&quot; : [ ],
      &quot;failureSummary&quot; : null
    }, {
      &quot;html&quot; : &quot;&lt;a href=\&quot;mars2.html?a=hal\&quot;&gt;Hal&lt;/a&gt;&quot;,
      &quot;target&quot; : [ &quot;a[href=\&quot;mars2.html?a=hal\&quot;]&quot; ],
      &quot;impact&quot; : null,
      &quot;any&quot; : [ {
        &quot;id&quot; : &quot;region&quot;,
        &quot;impact&quot; : &quot;moderate&quot;,
        &quot;message&quot; : &quot;All page content is contained by landmarks&quot;,
        &quot;data&quot; : {
          &quot;isIframe&quot; : false
        },
        &quot;relatedNodes&quot; : [ ]
      } ],
      &quot;all&quot; : [ ],
      &quot;none&quot; : [ ],
      &quot;failureSummary&quot; : null
    }, {
      &quot;html&quot; : &quot;&lt;div id=\&quot;footer-passes\&quot; class=\&quot;span2\&quot;&gt;&quot;,
      &quot;target&quot; : [ &quot;#footer-passes&quot; ],
      &quot;impact&quot; : null,
      &quot;any&quot; : [ {
        &quot;id&quot; : &quot;region&quot;,
        &quot;impact&quot; : &quot;moderate&quot;,
        &quot;message&quot; : &quot;All page content is contained by landmarks&quot;,
        &quot;data&quot; : {
          &quot;isIframe&quot; : false
        },
        &quot;relatedNodes&quot; : [ ]
      } ],
      &quot;all&quot; : [ ],
      &quot;none&quot; : [ ],
      &quot;failureSummary&quot; : null
    }, {
      &quot;html&quot; : &quot;&lt;nav&gt;&lt;/nav&gt;&quot;,
      &quot;target&quot; : [ &quot;#footer-passes &gt; nav&quot; ],
      &quot;impact&quot; : null,
      &quot;any&quot; : [ {
        &quot;id&quot; : &quot;region&quot;,
        &quot;impact&quot; : &quot;moderate&quot;,
        &quot;message&quot; : &quot;All page content is contained by landmarks&quot;,
        &quot;data&quot; : {
          &quot;isIframe&quot; : false
        },
        &quot;relatedNodes&quot; : [ ]
      } ],
      &quot;all&quot; : [ ],
      &quot;none&quot; : [ ],
      &quot;failureSummary&quot; : null
    }, {
      &quot;html&quot; : &quot;&lt;li&gt;&lt;a href=\&quot;mars2.html?a=polar_cap_pass\&quot;&gt;Polar Cap Pass&lt;/a&gt; &lt;/li&gt;&quot;,
      &quot;target&quot; : [ &quot;#footer-passes &gt; ul &gt; li:nth-child(1)&quot; ],
      &quot;impact&quot; : null,
      &quot;any&quot; : [ {
        &quot;id&quot; : &quot;region&quot;,
        &quot;impact&quot; : &quot;moderate&quot;,
        &quot;message&quot; : &quot;All page content is contained by landmarks&quot;,
        &quot;data&quot; : {
          &quot;isIframe&quot; : false
        },
        &quot;relatedNodes&quot; : [ ]
      } ],
      &quot;all&quot; : [ ],
      &quot;none&quot; : [ ],
      &quot;failureSummary&quot; : null
    }, {
      &quot;html&quot; : &quot;&lt;a href=\&quot;mars2.html?a=polar_cap_pass\&quot;&gt;Polar Cap Pass&lt;/a&gt;&quot;,
      &quot;target&quot; : [ &quot;a[href=\&quot;mars2.html?a=polar_cap_pass\&quot;]&quot; ],
      &quot;impact&quot; : null,
      &quot;any&quot; : [ {
        &quot;id&quot; : &quot;region&quot;,
        &quot;impact&quot; : &quot;moderate&quot;,
        &quot;message&quot; : &quot;All page content is contained by landmarks&quot;,
        &quot;data&quot; : {
          &quot;isIframe&quot; : false
        },
        &quot;relatedNodes&quot; : [ ]
      } ],
      &quot;all&quot; : [ ],
      &quot;none&quot; : [ ],
      &quot;failureSummary&quot; : null
    }, {
      &quot;html&quot; : &quot;&lt;li&gt;&lt;a href=\&quot;mars2.html?a=greater_crater_pass\&quot;&gt;Greater Crater Pass&lt;/a&gt; &lt;/li&gt;&quot;,
      &quot;target&quot; : [ &quot;#footer-passes &gt; ul &gt; li:nth-child(2)&quot; ],
      &quot;impact&quot; : null,
      &quot;any&quot; : [ {
        &quot;id&quot; : &quot;region&quot;,
        &quot;impact&quot; : &quot;moderate&quot;,
        &quot;message&quot; : &quot;All page content is contained by landmarks&quot;,
        &quot;data&quot; : {
          &quot;isIframe&quot; : false
        },
        &quot;relatedNodes&quot; : [ ]
      } ],
      &quot;all&quot; : [ ],
      &quot;none&quot; : [ ],
      &quot;failureSummary&quot; : null
    }, {
      &quot;html&quot; : &quot;&lt;a href=\&quot;mars2.html?a=greater_crater_pass\&quot;&gt;Greater Crater Pass&lt;/a&gt;&quot;,
      &quot;target&quot; : [ &quot;#footer-passes &gt; ul &gt; li:nth-child(2) &gt; a&quot; ],
      &quot;impact&quot; : null,
      &quot;any&quot; : [ {
        &quot;id&quot; : &quot;region&quot;,
        &quot;impact&quot; : &quot;moderate&quot;,
        &quot;message&quot; : &quot;All page content is contained by landmarks&quot;,
        &quot;data&quot; : {
          &quot;isIframe&quot; : false
        },
        &quot;relatedNodes&quot; : [ ]
      } ],
      &quot;all&quot; : [ ],
      &quot;none&quot; : [ ],
      &quot;failureSummary&quot; : null
    }, {
      &quot;html&quot; : &quot;&lt;li&gt;&lt;a href=\&quot;mars2.html?a=orbital_pass\&quot;&gt;Orbital Pass&lt;/a&gt; &lt;/li&gt;&quot;,
      &quot;target&quot; : [ &quot;#footer-passes &gt; ul &gt; li:nth-child(3)&quot; ],
      &quot;impact&quot; : null,
      &quot;any&quot; : [ {
        &quot;id&quot; : &quot;region&quot;,
        &quot;impact&quot; : &quot;moderate&quot;,
        &quot;message&quot; : &quot;All page content is contained by landmarks&quot;,
        &quot;data&quot; : {
          &quot;isIframe&quot; : false
        },
        &quot;relatedNodes&quot; : [ ]
      } ],
      &quot;all&quot; : [ ],
      &quot;none&quot; : [ ],
      &quot;failureSummary&quot; : null
    }, {
      &quot;html&quot; : &quot;&lt;a href=\&quot;mars2.html?a=orbital_pass\&quot;&gt;Orbital Pass&lt;/a&gt;&quot;,
      &quot;target&quot; : [ &quot;a[href=\&quot;mars2.html?a=orbital_pass\&quot;]&quot; ],
      &quot;impact&quot; : null,
      &quot;any&quot; : [ {
        &quot;id&quot; : &quot;region&quot;,
        &quot;impact&quot; : &quot;moderate&quot;,
        &quot;message&quot; : &quot;All page content is contained by landmarks&quot;,
        &quot;data&quot; : {
          &quot;isIframe&quot; : false
        },
        &quot;relatedNodes&quot; : [ ]
      } ],
      &quot;all&quot; : [ ],
      &quot;none&quot; : [ ],
      &quot;failureSummary&quot; : null
    }, {
      &quot;html&quot; : &quot;&lt;li&gt;&lt;a href=\&quot;mars2.html?a=orbital_select_pass\&quot;&gt;Orbital Select Pass&lt;/a&gt; &lt;/li&gt;&quot;,
      &quot;target&quot; : [ &quot;#footer-passes &gt; ul &gt; li:nth-child(4)&quot; ],
      &quot;impact&quot; : null,
      &quot;any&quot; : [ {
        &quot;id&quot; : &quot;region&quot;,
        &quot;impact&quot; : &quot;moderate&quot;,
        &quot;message&quot; : &quot;All page content is contained by landmarks&quot;,
        &quot;data&quot; : {
          &quot;isIframe&quot; : false
        },
        &quot;relatedNodes&quot; : [ ]
      } ],
      &quot;all&quot; : [ ],
      &quot;none&quot; : [ ],
      &quot;failureSummary&quot; : null
    }, {
      &quot;html&quot; : &quot;&lt;a href=\&quot;mars2.html?a=orbital_select_pass\&quot;&gt;Orbital Select Pass&lt;/a&gt;&quot;,
      &quot;target&quot; : [ &quot;#footer-passes &gt; ul &gt; li:nth-child(4) &gt; a&quot; ],
      &quot;impact&quot; : null,
      &quot;any&quot; : [ {
        &quot;id&quot; : &quot;region&quot;,
        &quot;impact&quot; : &quot;moderate&quot;,
        &quot;message&quot; : &quot;All page content is contained by landmarks&quot;,
        &quot;data&quot; : {
          &quot;isIframe&quot; : false
        },
        &quot;relatedNodes&quot; : [ ]
      } ],
      &quot;all&quot; : [ ],
      &quot;none&quot; : [ ],
      &quot;failureSummary&quot; : null
    }, {
      &quot;html&quot; : &quot;&lt;li&gt;&lt;a href=\&quot;mars2.html?amulti_planet_pass=\&quot;&gt;Multi-Planet Pass&lt;/a&gt; &lt;/li&gt;&quot;,
      &quot;target&quot; : [ &quot;#footer-passes &gt; ul &gt; li:nth-child(5)&quot; ],
      &quot;impact&quot; : null,
      &quot;any&quot; : [ {
        &quot;id&quot; : &quot;region&quot;,
        &quot;impact&quot; : &quot;moderate&quot;,
        &quot;message&quot; : &quot;All page content is contained by landmarks&quot;,
        &quot;data&quot; : {
          &quot;isIframe&quot; : false
        },
        &quot;relatedNodes&quot; : [ ]
      } ],
      &quot;all&quot; : [ ],
      &quot;none&quot; : [ ],
      &quot;failureSummary&quot; : null
    }, {
      &quot;html&quot; : &quot;&lt;a href=\&quot;mars2.html?amulti_planet_pass=\&quot;&gt;Multi-Planet Pass&lt;/a&gt;&quot;,
      &quot;target&quot; : [ &quot;a[href=\&quot;mars2.html?amulti_planet_pass=\&quot;]&quot; ],
      &quot;impact&quot; : null,
      &quot;any&quot; : [ {
        &quot;id&quot; : &quot;region&quot;,
        &quot;impact&quot; : &quot;moderate&quot;,
        &quot;message&quot; : &quot;All page content is contained by landmarks&quot;,
        &quot;data&quot; : {
          &quot;isIframe&quot; : false
        },
        &quot;relatedNodes&quot; : [ ]
      } ],
      &quot;all&quot; : [ ],
      &quot;none&quot; : [ ],
      &quot;failureSummary&quot; : null
    }, {
      &quot;html&quot; : &quot;&lt;div id=\&quot;footer-plan\&quot; class=\&quot;span2\&quot;&gt;&quot;,
      &quot;target&quot; : [ &quot;#footer-plan&quot; ],
      &quot;impact&quot; : null,
      &quot;any&quot; : [ {
        &quot;id&quot; : &quot;region&quot;,
        &quot;impact&quot; : &quot;moderate&quot;,
        &quot;message&quot; : &quot;All page content is contained by landmarks&quot;,
        &quot;data&quot; : {
          &quot;isIframe&quot; : false
        },
        &quot;relatedNodes&quot; : [ ]
      } ],
      &quot;all&quot; : [ ],
      &quot;none&quot; : [ ],
      &quot;failureSummary&quot; : null
    }, {
      &quot;html&quot; : &quot;&lt;nav&gt;&lt;/nav&gt;&quot;,
      &quot;target&quot; : [ &quot;#footer-plan &gt; nav&quot; ],
      &quot;impact&quot; : null,
      &quot;any&quot; : [ {
        &quot;id&quot; : &quot;region&quot;,
        &quot;impact&quot; : &quot;moderate&quot;,
        &quot;message&quot; : &quot;All page content is contained by landmarks&quot;,
        &quot;data&quot; : {
          &quot;isIframe&quot; : false
        },
        &quot;relatedNodes&quot; : [ ]
      } ],
      &quot;all&quot; : [ ],
      &quot;none&quot; : [ ],
      &quot;failureSummary&quot; : null
    }, {
      &quot;html&quot; : &quot;&lt;li&gt;&lt;a href=\&quot;mars2.html?a=martian_canali_quest\&quot;&gt;Martian Canali Quest&lt;/a&gt; &lt;/li&gt;&quot;,
      &quot;target&quot; : [ &quot;#footer-plan &gt; ul &gt; li:nth-child(1)&quot; ],
      &quot;impact&quot; : null,
      &quot;any&quot; : [ {
        &quot;id&quot; : &quot;region&quot;,
        &quot;impact&quot; : &quot;moderate&quot;,
        &quot;message&quot; : &quot;All page content is contained by landmarks&quot;,
        &quot;data&quot; : {
          &quot;isIframe&quot; : false
        },
        &quot;relatedNodes&quot; : [ ]
      } ],
      &quot;all&quot; : [ ],
      &quot;none&quot; : [ ],
      &quot;failureSummary&quot; : null
    }, {
      &quot;html&quot; : &quot;&lt;a href=\&quot;mars2.html?a=martian_canali_quest\&quot;&gt;Martian Canali Quest&lt;/a&gt;&quot;,
      &quot;target&quot; : [ &quot;#footer-plan &gt; ul &gt; li:nth-child(1) &gt; a&quot; ],
      &quot;impact&quot; : null,
      &quot;any&quot; : [ {
        &quot;id&quot; : &quot;region&quot;,
        &quot;impact&quot; : &quot;moderate&quot;,
        &quot;message&quot; : &quot;All page content is contained by landmarks&quot;,
        &quot;data&quot; : {
          &quot;isIframe&quot; : false
        },
        &quot;relatedNodes&quot; : [ ]
      } ],
      &quot;all&quot; : [ ],
      &quot;none&quot; : [ ],
      &quot;failureSummary&quot; : null
    }, {
      &quot;html&quot; : &quot;&lt;li&gt;&lt;a href=\&quot;mars2.html?a=nanedi_valles_hiking_treks\&quot;&gt;Nanedi Valles Hiking Treks&lt;/a&gt; &lt;/li&gt;&quot;,
      &quot;target&quot; : [ &quot;#footer-plan &gt; ul &gt; li:nth-child(2)&quot; ],
      &quot;impact&quot; : null,
      &quot;any&quot; : [ {
        &quot;id&quot; : &quot;region&quot;,
        &quot;impact&quot; : &quot;moderate&quot;,
        &quot;message&quot; : &quot;All page content is contained by landmarks&quot;,
        &quot;data&quot; : {
          &quot;isIframe&quot; : false
        },
        &quot;relatedNodes&quot; : [ ]
      } ],
      &quot;all&quot; : [ ],
      &quot;none&quot; : [ ],
      &quot;failureSummary&quot; : null
    }, {
      &quot;html&quot; : &quot;&lt;a href=\&quot;mars2.html?a=nanedi_valles_hiking_treks\&quot;&gt;Nanedi Valles Hiking Treks&lt;/a&gt;&quot;,
      &quot;target&quot; : [ &quot;#footer-plan &gt; ul &gt; li:nth-child(2) &gt; a&quot; ],
      &quot;impact&quot; : null,
      &quot;any&quot; : [ {
        &quot;id&quot; : &quot;region&quot;,
        &quot;impact&quot; : &quot;moderate&quot;,
        &quot;message&quot; : &quot;All page content is contained by landmarks&quot;,
        &quot;data&quot; : {
          &quot;isIframe&quot; : false
        },
        &quot;relatedNodes&quot; : [ ]
      } ],
      &quot;all&quot; : [ ],
      &quot;none&quot; : [ ],
      &quot;failureSummary&quot; : null
    }, {
      &quot;html&quot; : &quot;&lt;li&gt;&lt;a href=\&quot;mars2.html?a=phobos_observatory\&quot;&gt;Phobos observatory&lt;/a&gt; &lt;/li&gt;&quot;,
      &quot;target&quot; : [ &quot;#footer-plan &gt; ul &gt; li:nth-child(3)&quot; ],
      &quot;impact&quot; : null,
      &quot;any&quot; : [ {
        &quot;id&quot; : &quot;region&quot;,
        &quot;impact&quot; : &quot;moderate&quot;,
        &quot;message&quot; : &quot;All page content is contained by landmarks&quot;,
        &quot;data&quot; : {
          &quot;isIframe&quot; : false
        },
        &quot;relatedNodes&quot; : [ ]
      } ],
      &quot;all&quot; : [ ],
      &quot;none&quot; : [ ],
      &quot;failureSummary&quot; : null
    }, {
      &quot;html&quot; : &quot;&lt;a href=\&quot;mars2.html?a=phobos_observatory\&quot;&gt;Phobos observatory&lt;/a&gt;&quot;,
      &quot;target&quot; : [ &quot;#footer-plan &gt; ul &gt; li:nth-child(3) &gt; a&quot; ],
      &quot;impact&quot; : null,
      &quot;any&quot; : [ {
        &quot;id&quot; : &quot;region&quot;,
        &quot;impact&quot; : &quot;moderate&quot;,
        &quot;message&quot; : &quot;All page content is contained by landmarks&quot;,
        &quot;data&quot; : {
          &quot;isIframe&quot; : false
        },
        &quot;relatedNodes&quot; : [ ]
      } ],
      &quot;all&quot; : [ ],
      &quot;none&quot; : [ ],
      &quot;failureSummary&quot; : null
    }, {
      &quot;html&quot; : &quot;&lt;li&gt;&lt;a href=\&quot;mars2.html?a=?paragliding_over_gusev_crater\&quot;&gt;Paragliding over Gusev Crater&lt;/a&gt; &lt;/li&gt;&quot;,
      &quot;target&quot; : [ &quot;#footer-plan &gt; ul &gt; li:nth-child(4)&quot; ],
      &quot;impact&quot; : null,
      &quot;any&quot; : [ {
        &quot;id&quot; : &quot;region&quot;,
        &quot;impact&quot; : &quot;moderate&quot;,
        &quot;message&quot; : &quot;All page content is contained by landmarks&quot;,
        &quot;data&quot; : {
          &quot;isIframe&quot; : false
        },
        &quot;relatedNodes&quot; : [ ]
      } ],
      &quot;all&quot; : [ ],
      &quot;none&quot; : [ ],
      &quot;failureSummary&quot; : null
    }, {
      &quot;html&quot; : &quot;&lt;a href=\&quot;mars2.html?a=?paragliding_over_gusev_crater\&quot;&gt;Paragliding over Gusev Crater&lt;/a&gt;&quot;,
      &quot;target&quot; : [ &quot;#footer-plan &gt; ul &gt; li:nth-child(4) &gt; a&quot; ],
      &quot;impact&quot; : null,
      &quot;any&quot; : [ {
        &quot;id&quot; : &quot;region&quot;,
        &quot;impact&quot; : &quot;moderate&quot;,
        &quot;message&quot; : &quot;All page content is contained by landmarks&quot;,
        &quot;data&quot; : {
          &quot;isIframe&quot; : false
        },
        &quot;relatedNodes&quot; : [ ]
      } ],
      &quot;all&quot; : [ ],
      &quot;none&quot; : [ ],
      &quot;failureSummary&quot; : null
    }, {
      &quot;html&quot; : &quot;&lt;li&gt;&lt;a href=\&quot;mars2.html?a=mars_dust_wrestling\&quot;&gt;Mars dust wrestling&lt;/a&gt; &lt;/li&gt;&quot;,
      &quot;target&quot; : [ &quot;#footer-plan &gt; ul &gt; li:nth-child(5)&quot; ],
      &quot;impact&quot; : null,
      &quot;any&quot; : [ {
        &quot;id&quot; : &quot;region&quot;,
        &quot;impact&quot; : &quot;moderate&quot;,
        &quot;message&quot; : &quot;All page content is contained by landmarks&quot;,
        &quot;data&quot; : {
          &quot;isIframe&quot; : false
        },
        &quot;relatedNodes&quot; : [ ]
      } ],
      &quot;all&quot; : [ ],
      &quot;none&quot; : [ ],
      &quot;failureSummary&quot; : null
    }, {
      &quot;html&quot; : &quot;&lt;a href=\&quot;mars2.html?a=mars_dust_wrestling\&quot;&gt;Mars dust wrestling&lt;/a&gt;&quot;,
      &quot;target&quot; : [ &quot;#footer-plan &gt; ul &gt; li:nth-child(5) &gt; a&quot; ],
      &quot;impact&quot; : null,
      &quot;any&quot; : [ {
        &quot;id&quot; : &quot;region&quot;,
        &quot;impact&quot; : &quot;moderate&quot;,
        &quot;message&quot; : &quot;All page content is contained by landmarks&quot;,
        &quot;data&quot; : {
          &quot;isIframe&quot; : false
        },
        &quot;relatedNodes&quot; : [ ]
      } ],
      &quot;all&quot; : [ ],
      &quot;none&quot; : [ ],
      &quot;failureSummary&quot; : null
    }, {
      &quot;html&quot; : &quot;&lt;div id=\&quot;footer-faq\&quot; class=\&quot;span2\&quot;&gt;&quot;,
      &quot;target&quot; : [ &quot;#footer-faq&quot; ],
      &quot;impact&quot; : null,
      &quot;any&quot; : [ {
        &quot;id&quot; : &quot;region&quot;,
        &quot;impact&quot; : &quot;moderate&quot;,
        &quot;message&quot; : &quot;All page content is contained by landmarks&quot;,
        &quot;data&quot; : {
          &quot;isIframe&quot; : false
        },
        &quot;relatedNodes&quot; : [ ]
      } ],
      &quot;all&quot; : [ ],
      &quot;none&quot; : [ ],
      &quot;failureSummary&quot; : null
    }, {
      &quot;html&quot; : &quot;&lt;nav&gt;&lt;/nav&gt;&quot;,
      &quot;target&quot; : [ &quot;#footer-faq &gt; nav&quot; ],
      &quot;impact&quot; : null,
      &quot;any&quot; : [ {
        &quot;id&quot; : &quot;region&quot;,
        &quot;impact&quot; : &quot;moderate&quot;,
        &quot;message&quot; : &quot;All page content is contained by landmarks&quot;,
        &quot;data&quot; : {
          &quot;isIframe&quot; : false
        },
        &quot;relatedNodes&quot; : [ ]
      } ],
      &quot;all&quot; : [ ],
      &quot;none&quot; : [ ],
      &quot;failureSummary&quot; : null
    }, {
      &quot;html&quot; : &quot;&lt;li&gt;&lt;a href=\&quot;mars2.html?a=track_flight\&quot;&gt;Track Flight&lt;/a&gt; &lt;/li&gt;&quot;,
      &quot;target&quot; : [ &quot;#footer-faq &gt; ul &gt; li:nth-child(1)&quot; ],
      &quot;impact&quot; : null,
      &quot;any&quot; : [ {
        &quot;id&quot; : &quot;region&quot;,
        &quot;impact&quot; : &quot;moderate&quot;,
        &quot;message&quot; : &quot;All page content is contained by landmarks&quot;,
        &quot;data&quot; : {
          &quot;isIframe&quot; : false
        },
        &quot;relatedNodes&quot; : [ ]
      } ],
      &quot;all&quot; : [ ],
      &quot;none&quot; : [ ],
      &quot;failureSummary&quot; : null
    }, {
      &quot;html&quot; : &quot;&lt;a href=\&quot;mars2.html?a=track_flight\&quot;&gt;Track Flight&lt;/a&gt;&quot;,
      &quot;target&quot; : [ &quot;a[href=\&quot;mars2.html?a=track_flight\&quot;]&quot; ],
      &quot;impact&quot; : null,
      &quot;any&quot; : [ {
        &quot;id&quot; : &quot;region&quot;,
        &quot;impact&quot; : &quot;moderate&quot;,
        &quot;message&quot; : &quot;All page content is contained by landmarks&quot;,
        &quot;data&quot; : {
          &quot;isIframe&quot; : false
        },
        &quot;relatedNodes&quot; : [ ]
      } ],
      &quot;all&quot; : [ ],
      &quot;none&quot; : [ ],
      &quot;failureSummary&quot; : null
    }, {
      &quot;html&quot; : &quot;&lt;li&gt;&lt;a href=\&quot;mars2.html?a=exchanges_refunds\&quot;&gt;Exchanges &amp;amp; Refunds&lt;/a&gt; &lt;/li&gt;&quot;,
      &quot;target&quot; : [ &quot;#footer-faq &gt; ul &gt; li:nth-child(2)&quot; ],
      &quot;impact&quot; : null,
      &quot;any&quot; : [ {
        &quot;id&quot; : &quot;region&quot;,
        &quot;impact&quot; : &quot;moderate&quot;,
        &quot;message&quot; : &quot;All page content is contained by landmarks&quot;,
        &quot;data&quot; : {
          &quot;isIframe&quot; : false
        },
        &quot;relatedNodes&quot; : [ ]
      } ],
      &quot;all&quot; : [ ],
      &quot;none&quot; : [ ],
      &quot;failureSummary&quot; : null
    }, {
      &quot;html&quot; : &quot;&lt;a href=\&quot;mars2.html?a=exchanges_refunds\&quot;&gt;Exchanges &amp;amp; Refunds&lt;/a&gt;&quot;,
      &quot;target&quot; : [ &quot;a[href=\&quot;mars2.html?a=exchanges_refunds\&quot;]&quot; ],
      &quot;impact&quot; : null,
      &quot;any&quot; : [ {
        &quot;id&quot; : &quot;region&quot;,
        &quot;impact&quot; : &quot;moderate&quot;,
        &quot;message&quot; : &quot;All page content is contained by landmarks&quot;,
        &quot;data&quot; : {
          &quot;isIframe&quot; : false
        },
        &quot;relatedNodes&quot; : [ ]
      } ],
      &quot;all&quot; : [ ],
      &quot;none&quot; : [ ],
      &quot;failureSummary&quot; : null
    }, {
      &quot;html&quot; : &quot;&lt;li&gt;&lt;a href=\&quot;mars2.html?a=e_tickets\&quot;&gt;E-tickets&lt;/a&gt; &lt;/li&gt;&quot;,
      &quot;target&quot; : [ &quot;#footer-faq &gt; ul &gt; li:nth-child(3)&quot; ],
      &quot;impact&quot; : null,
      &quot;any&quot; : [ {
        &quot;id&quot; : &quot;region&quot;,
        &quot;impact&quot; : &quot;moderate&quot;,
        &quot;message&quot; : &quot;All page content is contained by landmarks&quot;,
        &quot;data&quot; : {
          &quot;isIframe&quot; : false
        },
        &quot;relatedNodes&quot; : [ ]
      } ],
      &quot;all&quot; : [ ],
      &quot;none&quot; : [ ],
      &quot;failureSummary&quot; : null
    }, {
      &quot;html&quot; : &quot;&lt;a href=\&quot;mars2.html?a=e_tickets\&quot;&gt;E-tickets&lt;/a&gt;&quot;,
      &quot;target&quot; : [ &quot;a[href=\&quot;mars2.html?a=e_tickets\&quot;]&quot; ],
      &quot;impact&quot; : null,
      &quot;any&quot; : [ {
        &quot;id&quot; : &quot;region&quot;,
        &quot;impact&quot; : &quot;moderate&quot;,
        &quot;message&quot; : &quot;All page content is contained by landmarks&quot;,
        &quot;data&quot; : {
          &quot;isIframe&quot; : false
        },
        &quot;relatedNodes&quot; : [ ]
      } ],
      &quot;all&quot; : [ ],
      &quot;none&quot; : [ ],
      &quot;failureSummary&quot; : null
    }, {
      &quot;html&quot; : &quot;&lt;li&gt;&lt;a href=\&quot;mars2.html?a=delivery_options\&quot;&gt;Delivery Options&lt;/a&gt; &lt;/li&gt;&quot;,
      &quot;target&quot; : [ &quot;#footer-faq &gt; ul &gt; li:nth-child(4)&quot; ],
      &quot;impact&quot; : null,
      &quot;any&quot; : [ {
        &quot;id&quot; : &quot;region&quot;,
        &quot;impact&quot; : &quot;moderate&quot;,
        &quot;message&quot; : &quot;All page content is contained by landmarks&quot;,
        &quot;data&quot; : {
          &quot;isIframe&quot; : false
        },
        &quot;relatedNodes&quot; : [ ]
      } ],
      &quot;all&quot; : [ ],
      &quot;none&quot; : [ ],
      &quot;failureSummary&quot; : null
    }, {
      &quot;html&quot; : &quot;&lt;a href=\&quot;mars2.html?a=delivery_options\&quot;&gt;Delivery Options&lt;/a&gt;&quot;,
      &quot;target&quot; : [ &quot;a[href=\&quot;mars2.html?a=delivery_options\&quot;]&quot; ],
      &quot;impact&quot; : null,
      &quot;any&quot; : [ {
        &quot;id&quot; : &quot;region&quot;,
        &quot;impact&quot; : &quot;moderate&quot;,
        &quot;message&quot; : &quot;All page content is contained by landmarks&quot;,
        &quot;data&quot; : {
          &quot;isIframe&quot; : false
        },
        &quot;relatedNodes&quot; : [ ]
      } ],
      &quot;all&quot; : [ ],
      &quot;none&quot; : [ ],
      &quot;failureSummary&quot; : null
    }, {
      &quot;html&quot; : &quot;&lt;li&gt;&lt;a href=\&quot;mars2.html?a=help\&quot;&gt;Help&lt;/a&gt; &lt;/li&gt;&quot;,
      &quot;target&quot; : [ &quot;#footer-faq &gt; ul &gt; li:nth-child(5)&quot; ],
      &quot;impact&quot; : null,
      &quot;any&quot; : [ {
        &quot;id&quot; : &quot;region&quot;,
        &quot;impact&quot; : &quot;moderate&quot;,
        &quot;message&quot; : &quot;All page content is contained by landmarks&quot;,
        &quot;data&quot; : {
          &quot;isIframe&quot; : false
        },
        &quot;relatedNodes&quot; : [ ]
      } ],
      &quot;all&quot; : [ ],
      &quot;none&quot; : [ ],
      &quot;failureSummary&quot; : null
    }, {
      &quot;html&quot; : &quot;&lt;a href=\&quot;mars2.html?a=help\&quot;&gt;Help&lt;/a&gt;&quot;,
      &quot;target&quot; : [ &quot;#footer-faq &gt; ul &gt; li:nth-child(5) &gt; a[href=\&quot;mars2.html?a=help\&quot;]&quot; ],
      &quot;impact&quot; : null,
      &quot;any&quot; : [ {
        &quot;id&quot; : &quot;region&quot;,
        &quot;impact&quot; : &quot;moderate&quot;,
        &quot;message&quot; : &quot;All page content is contained by landmarks&quot;,
        &quot;data&quot; : {
          &quot;isIframe&quot; : false
        },
        &quot;relatedNodes&quot; : [ ]
      } ],
      &quot;all&quot; : [ ],
      &quot;none&quot; : [ ],
      &quot;failureSummary&quot; : null
    }, {
      &quot;html&quot; : &quot;&lt;div id=\&quot;footer-connect\&quot; class=\&quot;span2\&quot;&gt;&quot;,
      &quot;target&quot; : [ &quot;#footer-connect&quot; ],
      &quot;impact&quot; : null,
      &quot;any&quot; : [ {
        &quot;id&quot; : &quot;region&quot;,
        &quot;impact&quot; : &quot;moderate&quot;,
        &quot;message&quot; : &quot;All page content is contained by landmarks&quot;,
        &quot;data&quot; : {
          &quot;isIframe&quot; : false
        },
        &quot;relatedNodes&quot; : [ ]
      } ],
      &quot;all&quot; : [ ],
      &quot;none&quot; : [ ],
      &quot;failureSummary&quot; : null
    }, {
      &quot;html&quot; : &quot;&lt;nav&gt;&lt;/nav&gt;&quot;,
      &quot;target&quot; : [ &quot;#footer-connect &gt; nav&quot; ],
      &quot;impact&quot; : null,
      &quot;any&quot; : [ {
        &quot;id&quot; : &quot;region&quot;,
        &quot;impact&quot; : &quot;moderate&quot;,
        &quot;message&quot; : &quot;All page content is contained by landmarks&quot;,
        &quot;data&quot; : {
          &quot;isIframe&quot; : false
        },
        &quot;relatedNodes&quot; : [ ]
      } ],
      &quot;all&quot; : [ ],
      &quot;none&quot; : [ ],
      &quot;failureSummary&quot; : null
    }, {
      &quot;html&quot; : &quot;&lt;li&gt;&lt;a href=\&quot;mars2.html?a=contact_us\&quot;&gt;Contact Us&lt;/a&gt; &lt;/li&gt;&quot;,
      &quot;target&quot; : [ &quot;#footer-connect &gt; ul &gt; li:nth-child(1)&quot; ],
      &quot;impact&quot; : null,
      &quot;any&quot; : [ {
        &quot;id&quot; : &quot;region&quot;,
        &quot;impact&quot; : &quot;moderate&quot;,
        &quot;message&quot; : &quot;All page content is contained by landmarks&quot;,
        &quot;data&quot; : {
          &quot;isIframe&quot; : false
        },
        &quot;relatedNodes&quot; : [ ]
      } ],
      &quot;all&quot; : [ ],
      &quot;none&quot; : [ ],
      &quot;failureSummary&quot; : null
    }, {
      &quot;html&quot; : &quot;&lt;a href=\&quot;mars2.html?a=contact_us\&quot;&gt;Contact Us&lt;/a&gt;&quot;,
      &quot;target&quot; : [ &quot;li:nth-child(1) &gt; a[href=\&quot;mars2.html?a=contact_us\&quot;]&quot; ],
      &quot;impact&quot; : null,
      &quot;any&quot; : [ {
        &quot;id&quot; : &quot;region&quot;,
        &quot;impact&quot; : &quot;moderate&quot;,
        &quot;message&quot; : &quot;All page content is contained by landmarks&quot;,
        &quot;data&quot; : {
          &quot;isIframe&quot; : false
        },
        &quot;relatedNodes&quot; : [ ]
      } ],
      &quot;all&quot; : [ ],
      &quot;none&quot; : [ ],
      &quot;failureSummary&quot; : null
    }, {
      &quot;html&quot; : &quot;&lt;li&gt;&lt;a href=\&quot;mars2.html?a=about_us\&quot;&gt;About Us&lt;/a&gt; &lt;/li&gt;&quot;,
      &quot;target&quot; : [ &quot;#footer-connect &gt; ul &gt; li:nth-child(2)&quot; ],
      &quot;impact&quot; : null,
      &quot;any&quot; : [ {
        &quot;id&quot; : &quot;region&quot;,
        &quot;impact&quot; : &quot;moderate&quot;,
        &quot;message&quot; : &quot;All page content is contained by landmarks&quot;,
        &quot;data&quot; : {
          &quot;isIframe&quot; : false
        },
        &quot;relatedNodes&quot; : [ ]
      } ],
      &quot;all&quot; : [ ],
      &quot;none&quot; : [ ],
      &quot;failureSummary&quot; : null
    }, {
      &quot;html&quot; : &quot;&lt;a href=\&quot;mars2.html?a=about_us\&quot;&gt;About Us&lt;/a&gt;&quot;,
      &quot;target&quot; : [ &quot;li:nth-child(2) &gt; a[href=\&quot;mars2.html?a=about_us\&quot;]&quot; ],
      &quot;impact&quot; : null,
      &quot;any&quot; : [ {
        &quot;id&quot; : &quot;region&quot;,
        &quot;impact&quot; : &quot;moderate&quot;,
        &quot;message&quot; : &quot;All page content is contained by landmarks&quot;,
        &quot;data&quot; : {
          &quot;isIframe&quot; : false
        },
        &quot;relatedNodes&quot; : [ ]
      } ],
      &quot;all&quot; : [ ],
      &quot;none&quot; : [ ],
      &quot;failureSummary&quot; : null
    }, {
      &quot;html&quot; : &quot;&lt;li&gt;&lt;a href=\&quot;mars2.html?a=feedback\&quot; target=\&quot;_blank\&quot;&gt;Feedback&lt;/a&gt; &lt;/li&gt;&quot;,
      &quot;target&quot; : [ &quot;#footer-connect &gt; ul &gt; li:nth-child(3)&quot; ],
      &quot;impact&quot; : null,
      &quot;any&quot; : [ {
        &quot;id&quot; : &quot;region&quot;,
        &quot;impact&quot; : &quot;moderate&quot;,
        &quot;message&quot; : &quot;All page content is contained by landmarks&quot;,
        &quot;data&quot; : {
          &quot;isIframe&quot; : false
        },
        &quot;relatedNodes&quot; : [ ]
      } ],
      &quot;all&quot; : [ ],
      &quot;none&quot; : [ ],
      &quot;failureSummary&quot; : null
    }, {
      &quot;html&quot; : &quot;&lt;a href=\&quot;mars2.html?a=feedback\&quot; target=\&quot;_blank\&quot;&gt;Feedback&lt;/a&gt;&quot;,
      &quot;target&quot; : [ &quot;a[href=\&quot;mars2.html?a=feedback\&quot;]&quot; ],
      &quot;impact&quot; : null,
      &quot;any&quot; : [ {
        &quot;id&quot; : &quot;region&quot;,
        &quot;impact&quot; : &quot;moderate&quot;,
        &quot;message&quot; : &quot;All page content is contained by landmarks&quot;,
        &quot;data&quot; : {
          &quot;isIframe&quot; : false
        },
        &quot;relatedNodes&quot; : [ ]
      } ],
      &quot;all&quot; : [ ],
      &quot;none&quot; : [ ],
      &quot;failureSummary&quot; : null
    }, {
      &quot;html&quot; : &quot;&lt;li&gt;&lt;a href=\&quot;mars2.html?a=our_blog\&quot; target=\&quot;_blank\&quot;&gt;Our Blog&lt;/a&gt; &lt;/li&gt;&quot;,
      &quot;target&quot; : [ &quot;#footer-connect &gt; ul &gt; li:nth-child(4)&quot; ],
      &quot;impact&quot; : null,
      &quot;any&quot; : [ {
        &quot;id&quot; : &quot;region&quot;,
        &quot;impact&quot; : &quot;moderate&quot;,
        &quot;message&quot; : &quot;All page content is contained by landmarks&quot;,
        &quot;data&quot; : {
          &quot;isIframe&quot; : false
        },
        &quot;relatedNodes&quot; : [ ]
      } ],
      &quot;all&quot; : [ ],
      &quot;none&quot; : [ ],
      &quot;failureSummary&quot; : null
    }, {
      &quot;html&quot; : &quot;&lt;a href=\&quot;mars2.html?a=our_blog\&quot; target=\&quot;_blank\&quot;&gt;Our Blog&lt;/a&gt;&quot;,
      &quot;target&quot; : [ &quot;a[href=\&quot;mars2.html?a=our_blog\&quot;]&quot; ],
      &quot;impact&quot; : null,
      &quot;any&quot; : [ {
        &quot;id&quot; : &quot;region&quot;,
        &quot;impact&quot; : &quot;moderate&quot;,
        &quot;message&quot; : &quot;All page content is contained by landmarks&quot;,
        &quot;data&quot; : {
          &quot;isIframe&quot; : false
        },
        &quot;relatedNodes&quot; : [ ]
      } ],
      &quot;all&quot; : [ ],
      &quot;none&quot; : [ ],
      &quot;failureSummary&quot; : null
    }, {
      &quot;html&quot; : &quot;&lt;li&gt;&lt;a href=\&quot;mars2.html?a=mobile_site\&quot; target=\&quot;_blank\&quot;&gt;Mobile Site&lt;/a&gt; / &lt;a href=\&quot;mars2.html?a=iphone_app\&quot; target=\&quot;_blank\&quot;&gt;iPhone App&lt;/a&gt; &lt;/li&gt;&quot;,
      &quot;target&quot; : [ &quot;#footer-connect &gt; ul &gt; li:nth-child(5)&quot; ],
      &quot;impact&quot; : null,
      &quot;any&quot; : [ {
        &quot;id&quot; : &quot;region&quot;,
        &quot;impact&quot; : &quot;moderate&quot;,
        &quot;message&quot; : &quot;All page content is contained by landmarks&quot;,
        &quot;data&quot; : {
          &quot;isIframe&quot; : false
        },
        &quot;relatedNodes&quot; : [ ]
      } ],
      &quot;all&quot; : [ ],
      &quot;none&quot; : [ ],
      &quot;failureSummary&quot; : null
    }, {
      &quot;html&quot; : &quot;&lt;a href=\&quot;mars2.html?a=mobile_site\&quot; target=\&quot;_blank\&quot;&gt;Mobile Site&lt;/a&gt;&quot;,
      &quot;target&quot; : [ &quot;a[href=\&quot;mars2.html?a=mobile_site\&quot;]&quot; ],
      &quot;impact&quot; : null,
      &quot;any&quot; : [ {
        &quot;id&quot; : &quot;region&quot;,
        &quot;impact&quot; : &quot;moderate&quot;,
        &quot;message&quot; : &quot;All page content is contained by landmarks&quot;,
        &quot;data&quot; : {
          &quot;isIframe&quot; : false
        },
        &quot;relatedNodes&quot; : [ ]
      } ],
      &quot;all&quot; : [ ],
      &quot;none&quot; : [ ],
      &quot;failureSummary&quot; : null
    }, {
      &quot;html&quot; : &quot;&lt;a href=\&quot;mars2.html?a=iphone_app\&quot; target=\&quot;_blank\&quot;&gt;iPhone App&lt;/a&gt;&quot;,
      &quot;target&quot; : [ &quot;a[href=\&quot;mars2.html?a=iphone_app\&quot;]&quot; ],
      &quot;impact&quot; : null,
      &quot;any&quot; : [ {
        &quot;id&quot; : &quot;region&quot;,
        &quot;impact&quot; : &quot;moderate&quot;,
        &quot;message&quot; : &quot;All page content is contained by landmarks&quot;,
        &quot;data&quot; : {
          &quot;isIframe&quot; : false
        },
        &quot;relatedNodes&quot; : [ ]
      } ],
      &quot;all&quot; : [ ],
      &quot;none&quot; : [ ],
      &quot;failureSummary&quot; : null
    }, {
      &quot;html&quot; : &quot;&lt;li&gt;&lt;a href=\&quot;https://media.dequeuniversity.com/en/docs/demo/mars-commuter/mars.pdf\&quot;&gt;Mars Info by NASA&lt;/a&gt;&lt;/li&gt;&quot;,
      &quot;target&quot; : [ &quot;#footer-connect &gt; ul &gt; li:nth-child(6)&quot; ],
      &quot;impact&quot; : null,
      &quot;any&quot; : [ {
        &quot;id&quot; : &quot;region&quot;,
        &quot;impact&quot; : &quot;moderate&quot;,
        &quot;message&quot; : &quot;All page content is contained by landmarks&quot;,
        &quot;data&quot; : {
          &quot;isIframe&quot; : false
        },
        &quot;relatedNodes&quot; : [ ]
      } ],
      &quot;all&quot; : [ ],
      &quot;none&quot; : [ ],
      &quot;failureSummary&quot; : null
    }, {
      &quot;html&quot; : &quot;&lt;a href=\&quot;https://media.dequeuniversity.com/en/docs/demo/mars-commuter/mars.pdf\&quot;&gt;Mars Info by NASA&lt;/a&gt;&quot;,
      &quot;target&quot; : [ &quot;#footer-connect &gt; ul &gt; li:nth-child(6) &gt; a&quot; ],
      &quot;impact&quot; : null,
      &quot;any&quot; : [ {
        &quot;id&quot; : &quot;region&quot;,
        &quot;impact&quot; : &quot;moderate&quot;,
        &quot;message&quot; : &quot;All page content is contained by landmarks&quot;,
        &quot;data&quot; : {
          &quot;isIframe&quot; : false
        },
        &quot;relatedNodes&quot; : [ ]
      } ],
      &quot;all&quot; : [ ],
      &quot;none&quot; : [ ],
      &quot;failureSummary&quot; : null
    }, {
      &quot;html&quot; : &quot;&lt;li&gt;&lt;a href=\&quot;https://media.dequeuniversity.com/en/docs/demo/mars-commuter/HumansToMarsReport_i.pdf\&quot;&gt;Humans to Mars Report&lt;/a&gt;&lt;/li&gt;&quot;,
      &quot;target&quot; : [ &quot;#footer-connect &gt; ul &gt; li:nth-child(7)&quot; ],
      &quot;impact&quot; : null,
      &quot;any&quot; : [ {
        &quot;id&quot; : &quot;region&quot;,
        &quot;impact&quot; : &quot;moderate&quot;,
        &quot;message&quot; : &quot;All page content is contained by landmarks&quot;,
        &quot;data&quot; : {
          &quot;isIframe&quot; : false
        },
        &quot;relatedNodes&quot; : [ ]
      } ],
      &quot;all&quot; : [ ],
      &quot;none&quot; : [ ],
      &quot;failureSummary&quot; : null
    }, {
      &quot;html&quot; : &quot;&lt;a href=\&quot;https://media.dequeuniversity.com/en/docs/demo/mars-commuter/HumansToMarsReport_i.pdf\&quot;&gt;Humans to Mars Report&lt;/a&gt;&quot;,
      &quot;target&quot; : [ &quot;#footer-connect &gt; ul &gt; li:nth-child(7) &gt; a&quot; ],
      &quot;impact&quot; : null,
      &quot;any&quot; : [ {
        &quot;id&quot; : &quot;region&quot;,
        &quot;impact&quot; : &quot;moderate&quot;,
        &quot;message&quot; : &quot;All page content is contained by landmarks&quot;,
        &quot;data&quot; : {
          &quot;isIframe&quot; : false
        },
        &quot;relatedNodes&quot; : [ ]
      } ],
      &quot;all&quot; : [ ],
      &quot;none&quot; : [ ],
      &quot;failureSummary&quot; : null
    }, {
      &quot;html&quot; : &quot;&lt;a href=\&quot;mars2.html?a=tersm_and_conditions\&quot;&gt;Mars Commuter Express Terms and Conditions&lt;/a&gt;&quot;,
      &quot;target&quot; : [ &quot;#copyright &gt; a:nth-child(1)&quot; ],
      &quot;impact&quot; : null,
      &quot;any&quot; : [ {
        &quot;id&quot; : &quot;region&quot;,
        &quot;impact&quot; : &quot;moderate&quot;,
        &quot;message&quot; : &quot;All page content is contained by landmarks&quot;,
        &quot;data&quot; : {
          &quot;isIframe&quot; : false
        },
        &quot;relatedNodes&quot; : [ ]
      } ],
      &quot;all&quot; : [ ],
      &quot;none&quot; : [ ],
      &quot;failureSummary&quot; : null
    }, {
      &quot;html&quot; : &quot;&lt;a href=\&quot;mars2.html?a=privacy_policy\&quot;&gt;Privacy Policy&lt;/a&gt;&quot;,
      &quot;target&quot; : [ &quot;a[href=\&quot;mars2.html?a=privacy_policy\&quot;]&quot; ],
      &quot;impact&quot; : null,
      &quot;any&quot; : [ {
        &quot;id&quot; : &quot;region&quot;,
        &quot;impact&quot; : &quot;moderate&quot;,
        &quot;message&quot; : &quot;All page content is contained by landmarks&quot;,
        &quot;data&quot; : {
          &quot;isIframe&quot; : false
        },
        &quot;relatedNodes&quot; : [ ]
      } ],
      &quot;all&quot; : [ ],
      &quot;none&quot; : [ ],
      &quot;failureSummary&quot; : null
    }, {
      &quot;html&quot; : &quot;&lt;a class=\&quot;link\&quot; href=\&quot;mars2.html?asite_map=\&quot;&gt;Site Map&lt;/a&gt;&quot;,
      &quot;target&quot; : [ &quot;a[href=\&quot;mars2.html?asite_map=\&quot;]&quot; ],
      &quot;impact&quot; : null,
      &quot;any&quot; : [ {
        &quot;id&quot; : &quot;region&quot;,
        &quot;impact&quot; : &quot;moderate&quot;,
        &quot;message&quot; : &quot;All page content is contained by landmarks&quot;,
        &quot;data&quot; : {
          &quot;isIframe&quot; : false
        },
        &quot;relatedNodes&quot; : [ ]
      } ],
      &quot;all&quot; : [ ],
      &quot;none&quot; : [ ],
      &quot;failureSummary&quot; : null
    } ],
    &quot;url&quot; : null,
    &quot;createdDate&quot; : null
  }, {
    &quot;id&quot; : &quot;tabindex&quot;,
    &quot;description&quot; : &quot;Ensures tabindex attribute values are not greater than 0&quot;,
    &quot;help&quot; : &quot;Elements should not have tabindex greater than zero&quot;,
    &quot;helpUrl&quot; : &quot;https://dequeuniversity.com/rules/axe/4.6/tabindex?application=axeAPI&quot;,
    &quot;impact&quot; : &quot;serious&quot;,
    &quot;tags&quot; : [ &quot;cat.keyboard&quot;, &quot;best-practice&quot; ],
    &quot;nodes&quot; : [ {
      &quot;html&quot; : &quot;&lt;div class=\&quot;html5-video-player ytp-exp-bottom-control-flexbox ytp-title-enable-channel-logo ytp-fine-scrubbing-exp ytp-embed ytp-embed-playlist unstarted-mode ytp-hide-controls ytp-small-mode\&quot; tabindex=\&quot;-1\&quot; id=\&quot;movie_player\&quot; data-version=\&quot;/s/player/6f20102c/player_ias.vflset/en_US/base.js\&quot; aria-label=\&quot;YouTube Video Player\&quot;&gt;&quot;,
      &quot;target&quot; : [ &quot;#player&quot;, &quot;#movie_player&quot; ],
      &quot;impact&quot; : null,
      &quot;any&quot; : [ {
        &quot;id&quot; : &quot;tabindex&quot;,
        &quot;impact&quot; : &quot;serious&quot;,
        &quot;message&quot; : &quot;Element does not have a tabindex greater than 0&quot;,
        &quot;data&quot; : null,
        &quot;relatedNodes&quot; : [ ]
      } ],
      &quot;all&quot; : [ ],
      &quot;none&quot; : [ ],
      &quot;failureSummary&quot; : null
    }, {
      &quot;html&quot; : &quot;&lt;video tabindex=\&quot;-1\&quot; class=\&quot;video-stream html5-main-video\&quot; webkit-playsinline=\&quot;\&quot; playsinline=\&quot;\&quot; controlslist=\&quot;nodownload\&quot; style=\&quot;width: 365px; height: 205px; left: 0px; top: -205px;\&quot;&gt;&lt;/video&gt;&quot;,
      &quot;target&quot; : [ &quot;#player&quot;, &quot;video&quot; ],
      &quot;impact&quot; : null,
      &quot;any&quot; : [ {
        &quot;id&quot; : &quot;tabindex&quot;,
        &quot;impact&quot; : &quot;serious&quot;,
        &quot;message&quot; : &quot;Element does not have a tabindex greater than 0&quot;,
        &quot;data&quot; : null,
        &quot;relatedNodes&quot; : [ ]
      } ],
      &quot;all&quot; : [ ],
      &quot;none&quot; : [ ],
      &quot;failureSummary&quot; : null
    }, {
      &quot;html&quot; : &quot;&lt;a class=\&quot;ytp-title-link yt-uix-sessionlink\&quot; target=\&quot;_blank\&quot; data-sessionlink=\&quot;feature=player-title\&quot; tabindex=\&quot;0\&quot; href=\&quot;https://www.youtube.com/watch?v=OagLGti_hTE\&quot;&gt;NASA: Life on Mars Was a Possibility&lt;/a&gt;&quot;,
      &quot;target&quot; : [ &quot;#player&quot;, &quot;.ytp-title-link&quot; ],
      &quot;impact&quot; : null,
      &quot;any&quot; : [ {
        &quot;id&quot; : &quot;tabindex&quot;,
        &quot;impact&quot; : &quot;serious&quot;,
        &quot;message&quot; : &quot;Element does not have a tabindex greater than 0&quot;,
        &quot;data&quot; : null,
        &quot;relatedNodes&quot; : [ ]
      } ],
      &quot;all&quot; : [ ],
      &quot;none&quot; : [ ],
      &quot;failureSummary&quot; : null
    } ],
    &quot;url&quot; : null,
    &quot;createdDate&quot; : null
  }, {
    &quot;id&quot; : &quot;table-duplicate-name&quot;,
    &quot;description&quot; : &quot;Ensure the &lt;caption&gt; element does not contain the same text as the summary attribute&quot;,
    &quot;help&quot; : &quot;tables should not have the same summary and caption&quot;,
    &quot;helpUrl&quot; : &quot;https://dequeuniversity.com/rules/axe/4.6/table-duplicate-name?application=axeAPI&quot;,
    &quot;impact&quot; : &quot;&quot;,
    &quot;tags&quot; : [ &quot;cat.tables&quot;, &quot;best-practice&quot; ],
    &quot;nodes&quot; : [ {
      &quot;html&quot; : &quot;&lt;table class=\&quot;uiGrid\&quot; cellspacing=\&quot;0\&quot; cellpadding=\&quot;0\&quot;&gt;&quot;,
      &quot;target&quot; : [ &quot;#fafbba78&quot;, &quot;._8m &gt; table&quot; ],
      &quot;impact&quot; : null,
      &quot;any&quot; : [ ],
      &quot;all&quot; : [ ],
      &quot;none&quot; : [ {
        &quot;id&quot; : &quot;same-caption-summary&quot;,
        &quot;impact&quot; : &quot;minor&quot;,
        &quot;message&quot; : &quot;Content of summary attribute and &lt;caption&gt; are not duplicated&quot;,
        &quot;data&quot; : null,
        &quot;relatedNodes&quot; : [ ]
      } ],
      &quot;failureSummary&quot; : null
    }, {
      &quot;html&quot; : &quot;&lt;table class=\&quot;uiGrid\&quot; cellspacing=\&quot;0\&quot; cellpadding=\&quot;0\&quot;&gt;&quot;,
      &quot;target&quot; : [ &quot;#fafbba78&quot;, &quot;.pts &gt; table&quot; ],
      &quot;impact&quot; : null,
      &quot;any&quot; : [ ],
      &quot;all&quot; : [ ],
      &quot;none&quot; : [ {
        &quot;id&quot; : &quot;same-caption-summary&quot;,
        &quot;impact&quot; : &quot;minor&quot;,
        &quot;message&quot; : &quot;Content of summary attribute and &lt;caption&gt; are not duplicated&quot;,
        &quot;data&quot; : null,
        &quot;relatedNodes&quot; : [ ]
      } ],
      &quot;failureSummary&quot; : null
    } ],
    &quot;url&quot; : null,
    &quot;createdDate&quot; : null
  }, {
    &quot;id&quot; : &quot;td-headers-attr&quot;,
    &quot;description&quot; : &quot;Ensure that each cell in a table that uses the headers attribute refers only to other cells in that table&quot;,
    &quot;help&quot; : &quot;Table cells that use the headers attribute must only refer to cells in the same table&quot;,
    &quot;helpUrl&quot; : &quot;https://dequeuniversity.com/rules/axe/4.6/td-headers-attr?application=axeAPI&quot;,
    &quot;impact&quot; : &quot;&quot;,
    &quot;tags&quot; : [ &quot;cat.tables&quot;, &quot;wcag2a&quot;, &quot;wcag131&quot;, &quot;section508&quot;, &quot;section508.22.g&quot; ],
    &quot;nodes&quot; : [ {
      &quot;html&quot; : &quot;&lt;table class=\&quot;uiGrid\&quot; cellspacing=\&quot;0\&quot; cellpadding=\&quot;0\&quot;&gt;&quot;,
      &quot;target&quot; : [ &quot;#fafbba78&quot;, &quot;._8m &gt; table&quot; ],
      &quot;impact&quot; : null,
      &quot;any&quot; : [ ],
      &quot;all&quot; : [ {
        &quot;id&quot; : &quot;td-headers-attr&quot;,
        &quot;impact&quot; : &quot;serious&quot;,
        &quot;message&quot; : &quot;The headers attribute is exclusively used to refer to other cells in the table&quot;,
        &quot;data&quot; : null,
        &quot;relatedNodes&quot; : [ ]
      } ],
      &quot;none&quot; : [ ],
      &quot;failureSummary&quot; : null
    }, {
      &quot;html&quot; : &quot;&lt;table class=\&quot;uiGrid\&quot; cellspacing=\&quot;0\&quot; cellpadding=\&quot;0\&quot;&gt;&quot;,
      &quot;target&quot; : [ &quot;#fafbba78&quot;, &quot;.pts &gt; table&quot; ],
      &quot;impact&quot; : null,
      &quot;any&quot; : [ ],
      &quot;all&quot; : [ {
        &quot;id&quot; : &quot;td-headers-attr&quot;,
        &quot;impact&quot; : &quot;serious&quot;,
        &quot;message&quot; : &quot;The headers attribute is exclusively used to refer to other cells in the table&quot;,
        &quot;data&quot; : null,
        &quot;relatedNodes&quot; : [ ]
      } ],
      &quot;none&quot; : [ ],
      &quot;failureSummary&quot; : null
    } ],
    &quot;url&quot; : null,
    &quot;createdDate&quot; : null
  } ],
  &quot;violations&quot; : [ {
    &quot;id&quot; : &quot;button-name&quot;,
    &quot;description&quot; : &quot;Ensures buttons have discernible text&quot;,
    &quot;help&quot; : &quot;Buttons must have discernible text&quot;,
    &quot;helpUrl&quot; : &quot;https://dequeuniversity.com/rules/axe/4.6/button-name?application=axeAPI&quot;,
    &quot;impact&quot; : &quot;critical&quot;,
    &quot;tags&quot; : [ &quot;cat.name-role-value&quot;, &quot;wcag2a&quot;, &quot;wcag412&quot;, &quot;section508&quot;, &quot;section508.22.a&quot;, &quot;ACT&quot; ],
    &quot;nodes&quot; : [ {
      &quot;html&quot; : &quot;&lt;button class=\&quot;ui-datepicker-trigger\&quot; type=\&quot;button\&quot;&gt;\n&lt;!-- &lt;img title=\&quot;...\&quot; alt=\&quot;...\&quot; src=\&quot;/redesign/assets/demo-sites/mars/images/calendar.png\&quot;&gt; --&gt;\n&lt;/button&gt;&quot;,
      &quot;target&quot; : [ &quot;.departure-date &gt; .ui-datepicker-trigger:nth-child(4)&quot; ],
      &quot;impact&quot; : &quot;critical&quot;,
      &quot;any&quot; : [ {
        &quot;id&quot; : &quot;button-has-visible-text&quot;,
        &quot;impact&quot; : &quot;critical&quot;,
        &quot;message&quot; : &quot;Element does not have inner text that is visible to screen readers&quot;,
        &quot;data&quot; : null,
        &quot;relatedNodes&quot; : [ ]
      }, {
        &quot;id&quot; : &quot;aria-label&quot;,
        &quot;impact&quot; : &quot;serious&quot;,
        &quot;message&quot; : &quot;aria-label attribute does not exist or is empty&quot;,
        &quot;data&quot; : null,
        &quot;relatedNodes&quot; : [ ]
      }, {
        &quot;id&quot; : &quot;aria-labelledby&quot;,
        &quot;impact&quot; : &quot;serious&quot;,
        &quot;message&quot; : &quot;aria-labelledby attribute does not exist, references elements that do not exist or references elements that are empty&quot;,
        &quot;data&quot; : null,
        &quot;relatedNodes&quot; : [ ]
      }, {
        &quot;id&quot; : &quot;non-empty-title&quot;,
        &quot;impact&quot; : &quot;serious&quot;,
        &quot;message&quot; : &quot;Element has no title attribute&quot;,
        &quot;data&quot; : {
          &quot;messageKey&quot; : &quot;noAttr&quot;
        },
        &quot;relatedNodes&quot; : [ ]
      }, {
        &quot;id&quot; : &quot;presentational-role&quot;,
        &quot;impact&quot; : &quot;minor&quot;,
        &quot;message&quot; : &quot;Element&#039;s default semantics were not overridden with role=\&quot;none\&quot; or role=\&quot;presentation\&quot;&quot;,
        &quot;data&quot; : null,
        &quot;relatedNodes&quot; : [ ]
      } ],
      &quot;all&quot; : [ ],
      &quot;none&quot; : [ ],
      &quot;failureSummary&quot; : &quot;Fix any of the following:\n  Element does not have inner text that is visible to screen readers\n  aria-label attribute does not exist or is empty\n  aria-labelledby attribute does not exist, references elements that do not exist or references elements that are empty\n  Element has no title attribute\n  Element&#039;s default semantics were not overridden with role=\&quot;none\&quot; or role=\&quot;presentation\&quot;&quot;
    } ],
    &quot;url&quot; : null,
    &quot;createdDate&quot; : null
  }, {
    &quot;id&quot; : &quot;color-contrast&quot;,
    &quot;description&quot; : &quot;Ensures the contrast between foreground and background colors meets WCAG 2 AA contrast ratio thresholds&quot;,
    &quot;help&quot; : &quot;Elements must have sufficient color contrast&quot;,
    &quot;helpUrl&quot; : &quot;https://dequeuniversity.com/rules/axe/4.6/color-contrast?application=axeAPI&quot;,
    &quot;impact&quot; : &quot;serious&quot;,
    &quot;tags&quot; : [ &quot;cat.color&quot;, &quot;wcag2aa&quot;, &quot;wcag143&quot;, &quot;ACT&quot; ],
    &quot;nodes&quot; : [ {
      &quot;html&quot; : &quot;&lt;h3&gt;Be Bold...&lt;/h3&gt;&quot;,
      &quot;target&quot; : [ &quot;a[href=\&quot;mars2.html?a=be_bold\&quot;] &gt; h3&quot; ],
      &quot;impact&quot; : &quot;serious&quot;,
      &quot;any&quot; : [ {
        &quot;id&quot; : &quot;color-contrast&quot;,
        &quot;impact&quot; : &quot;serious&quot;,
        &quot;message&quot; : &quot;Element has insufficient color contrast of 4.31 (foreground color: #ff9999, background color: #344b6e, font size: 13.5pt (18px), font weight: normal). Expected contrast ratio of 4.5:1&quot;,
        &quot;data&quot; : {
          &quot;bgColor&quot; : &quot;#344b6e&quot;,
          &quot;contrastRatio&quot; : 4.31,
          &quot;expectedContrastRatio&quot; : &quot;4.5:1&quot;,
          &quot;fgColor&quot; : &quot;#ff9999&quot;,
          &quot;fontSize&quot; : &quot;13.5pt (18px)&quot;,
          &quot;fontWeight&quot; : &quot;normal&quot;,
          &quot;messageKey&quot; : null
        },
        &quot;relatedNodes&quot; : [ {
          &quot;html&quot; : &quot;&lt;body class=\&quot;public-en\&quot; data-twttr-rendered=\&quot;true\&quot;&gt;&quot;,
          &quot;target&quot; : [ &quot;body&quot; ]
        } ]
      } ],
      &quot;all&quot; : [ ],
      &quot;none&quot; : [ ],
      &quot;failureSummary&quot; : &quot;Fix any of the following:\n  Element has insufficient color contrast of 4.31 (foreground color: #ff9999, background color: #344b6e, font size: 13.5pt (18px), font weight: normal). Expected contrast ratio of 4.5:1&quot;
    }, {
      &quot;html&quot; : &quot;&lt;h3&gt;Countdown...&lt;/h3&gt;&quot;,
      &quot;target&quot; : [ &quot;a[href=\&quot;mars2.html?a=countdown\&quot;] &gt; h3&quot; ],
      &quot;impact&quot; : &quot;serious&quot;,
      &quot;any&quot; : [ {
        &quot;id&quot; : &quot;color-contrast&quot;,
        &quot;impact&quot; : &quot;serious&quot;,
        &quot;message&quot; : &quot;Element has insufficient color contrast of 1.87 (foreground color: #067ab4, background color: #344b6e, font size: 13.5pt (18px), font weight: normal). Expected contrast ratio of 4.5:1&quot;,
        &quot;data&quot; : {
          &quot;bgColor&quot; : &quot;#344b6e&quot;,
          &quot;contrastRatio&quot; : 1.87,
          &quot;expectedContrastRatio&quot; : &quot;4.5:1&quot;,
          &quot;fgColor&quot; : &quot;#067ab4&quot;,
          &quot;fontSize&quot; : &quot;13.5pt (18px)&quot;,
          &quot;fontWeight&quot; : &quot;normal&quot;,
          &quot;messageKey&quot; : null
        },
        &quot;relatedNodes&quot; : [ {
          &quot;html&quot; : &quot;&lt;body class=\&quot;public-en\&quot; data-twttr-rendered=\&quot;true\&quot;&gt;&quot;,
          &quot;target&quot; : [ &quot;body&quot; ]
        } ]
      } ],
      &quot;all&quot; : [ ],
      &quot;none&quot; : [ ],
      &quot;failureSummary&quot; : &quot;Fix any of the following:\n  Element has insufficient color contrast of 1.87 (foreground color: #067ab4, background color: #344b6e, font size: 13.5pt (18px), font weight: normal). Expected contrast ratio of 4.5:1&quot;
    }, {
      &quot;html&quot; : &quot;&lt;h3&gt;Blast Off!&lt;/h3&gt;&quot;,
      &quot;target&quot; : [ &quot;a[href=\&quot;mars2.html?a=blast_off\&quot;] &gt; h3&quot; ],
      &quot;impact&quot; : &quot;serious&quot;,
      &quot;any&quot; : [ {
        &quot;id&quot; : &quot;color-contrast&quot;,
        &quot;impact&quot; : &quot;serious&quot;,
        &quot;message&quot; : &quot;Element has insufficient color contrast of 2.83 (foreground color: #46a546, background color: #344b6e, font size: 13.5pt (18px), font weight: normal). Expected contrast ratio of 4.5:1&quot;,
        &quot;data&quot; : {
          &quot;bgColor&quot; : &quot;#344b6e&quot;,
          &quot;contrastRatio&quot; : 2.83,
          &quot;expectedContrastRatio&quot; : &quot;4.5:1&quot;,
          &quot;fgColor&quot; : &quot;#46a546&quot;,
          &quot;fontSize&quot; : &quot;13.5pt (18px)&quot;,
          &quot;fontWeight&quot; : &quot;normal&quot;,
          &quot;messageKey&quot; : null
        },
        &quot;relatedNodes&quot; : [ {
          &quot;html&quot; : &quot;&lt;body class=\&quot;public-en\&quot; data-twttr-rendered=\&quot;true\&quot;&gt;&quot;,
          &quot;target&quot; : [ &quot;body&quot; ]
        } ]
      } ],
      &quot;all&quot; : [ ],
      &quot;none&quot; : [ ],
      &quot;failureSummary&quot; : &quot;Fix any of the following:\n  Element has insufficient color contrast of 2.83 (foreground color: #46a546, background color: #344b6e, font size: 13.5pt (18px), font weight: normal). Expected contrast ratio of 4.5:1&quot;
    } ],
    &quot;url&quot; : null,
    &quot;createdDate&quot; : null
  }, {
    &quot;id&quot; : &quot;duplicate-id-active&quot;,
    &quot;description&quot; : &quot;Ensures every id attribute value of active elements is unique&quot;,
    &quot;help&quot; : &quot;IDs of active elements must be unique&quot;,
    &quot;helpUrl&quot; : &quot;https://dequeuniversity.com/rules/axe/4.6/duplicate-id-active?application=axeAPI&quot;,
    &quot;impact&quot; : &quot;serious&quot;,
    &quot;tags&quot; : [ &quot;cat.parsing&quot;, &quot;wcag2a&quot;, &quot;wcag411&quot; ],
    &quot;nodes&quot; : [ {
      &quot;html&quot; : &quot;&lt;select id=\&quot;traveler0\&quot; class=\&quot;traveler-type\&quot;&gt;\n&lt;option value=\&quot;0\&quot;&gt;Adult (26+)&lt;/option&gt;\n&lt;option value=\&quot;1\&quot;&gt;Youth (12-25)&lt;/option&gt;\n&lt;option value=\&quot;2\&quot;&gt;Child (4-11)&lt;/option&gt;\n&lt;option value=\&quot;3\&quot;&gt;Senior (60+)&lt;/option&gt;\n&lt;/select&gt;&quot;,
      &quot;target&quot; : [ &quot;#passenger0 &gt; .age-range.wrapper &gt; .traveler-type&quot; ],
      &quot;impact&quot; : &quot;serious&quot;,
      &quot;any&quot; : [ {
        &quot;id&quot; : &quot;duplicate-id-active&quot;,
        &quot;impact&quot; : &quot;serious&quot;,
        &quot;message&quot; : &quot;Document has active elements with the same id attribute: traveler0&quot;,
        &quot;data&quot; : &quot;traveler0&quot;,
        &quot;relatedNodes&quot; : [ {
          &quot;html&quot; : &quot;&lt;select id=\&quot;traveler0\&quot; class=\&quot;traveler-type\&quot; name=\&quot;paxAge0\&quot;&gt;\n&lt;option value=\&quot;26\&quot;&gt;Adult (26+)&lt;/option&gt;\n&lt;option value=\&quot;12\&quot;&gt;Youth (12-25)&lt;/option&gt;\n&lt;option value=\&quot;1\&quot;&gt;Child (4-11)&lt;/option&gt;\n&lt;option value=\&quot;60\&quot;&gt;Senior (60+)&lt;/option&gt;\n&lt;/select&gt;&quot;,
          &quot;target&quot; : [ &quot;select[name=\&quot;paxAge0\&quot;]&quot; ]
        } ]
      } ],
      &quot;all&quot; : [ ],
      &quot;none&quot; : [ ],
      &quot;failureSummary&quot; : &quot;Fix any of the following:\n  Document has active elements with the same id attribute: traveler0&quot;
    }, {
      &quot;html&quot; : &quot;&lt;a target=\&quot;player\&quot; data-text=\&quot;Life was possible on Mars\&quot; class=\&quot;fader first active\&quot; href=\&quot;http://www.youtube.com/embed/OagLGti_hTE?controls=1&amp;amp;showinfo=1&amp;amp;modestbranding=0&amp;amp;wmode=opaque&amp;amp;enablejsapi=1\&quot; id=\&quot;default\&quot;&gt;&lt;/a&gt;&quot;,
      &quot;target&quot; : [ &quot;.active&quot; ],
      &quot;impact&quot; : &quot;serious&quot;,
      &quot;any&quot; : [ {
        &quot;id&quot; : &quot;duplicate-id-active&quot;,
        &quot;impact&quot; : &quot;serious&quot;,
        &quot;message&quot; : &quot;Document has active elements with the same id attribute: default&quot;,
        &quot;data&quot; : &quot;default&quot;,
        &quot;relatedNodes&quot; : [ {
          &quot;html&quot; : &quot;&lt;a target=\&quot;player\&quot; data-text=\&quot;Why Mars died\&quot; class=\&quot;fader first\&quot; href=\&quot;http://www.youtube.com/embed/oC31pqk9sak?controls=1&amp;amp;showinfo=1&amp;amp;modestbranding=0&amp;amp;wmode=opaque&amp;amp;enablejsapi=1\&quot; id=\&quot;default\&quot;&gt;&lt;/a&gt;&quot;,
          &quot;target&quot; : [ &quot;a[data-text=\&quot;Why Mars died\&quot;]&quot; ]
        }, {
          &quot;html&quot; : &quot;&lt;a target=\&quot;player\&quot; data-text=\&quot;The world that never was\&quot; class=\&quot;fader first\&quot; href=\&quot;http://www.youtube.com/embed/JgMXPXdqJn8?controls=1&amp;amp;showinfo=1&amp;amp;modestbranding=0&amp;amp;wmode=opaque&amp;amp;enablejsapi=1\&quot; id=\&quot;default\&quot;&gt;&lt;/a&gt;&quot;,
          &quot;target&quot; : [ &quot;a[data-text=\&quot;The world that never was\&quot;]&quot; ]
        } ]
      } ],
      &quot;all&quot; : [ ],
      &quot;none&quot; : [ ],
      &quot;failureSummary&quot; : &quot;Fix any of the following:\n  Document has active elements with the same id attribute: default&quot;
    } ],
    &quot;url&quot; : null,
    &quot;createdDate&quot; : null
  }, {
    &quot;id&quot; : &quot;duplicate-id-aria&quot;,
    &quot;description&quot; : &quot;Ensures every id attribute value used in ARIA and in labels is unique&quot;,
    &quot;help&quot; : &quot;IDs used in ARIA and labels must be unique&quot;,
    &quot;helpUrl&quot; : &quot;https://dequeuniversity.com/rules/axe/4.6/duplicate-id-aria?application=axeAPI&quot;,
    &quot;impact&quot; : &quot;critical&quot;,
    &quot;tags&quot; : [ &quot;cat.parsing&quot;, &quot;wcag2a&quot;, &quot;wcag411&quot; ],
    &quot;nodes&quot; : [ {
      &quot;html&quot; : &quot;&lt;select id=\&quot;age0\&quot; class=\&quot;age\&quot;&gt;&quot;,
      &quot;target&quot; : [ &quot;#passenger0 &gt; .youth-age.wrapper &gt; .age&quot; ],
      &quot;impact&quot; : &quot;critical&quot;,
      &quot;any&quot; : [ {
        &quot;id&quot; : &quot;duplicate-id-aria&quot;,
        &quot;impact&quot; : &quot;critical&quot;,
        &quot;message&quot; : &quot;Document has multiple elements referenced with ARIA with the same id attribute: age0&quot;,
        &quot;data&quot; : &quot;age0&quot;,
        &quot;relatedNodes&quot; : [ {
          &quot;html&quot; : &quot;&lt;select id=\&quot;age0\&quot; name=\&quot;youthAge0\&quot; class=\&quot;age\&quot;&gt;&quot;,
          &quot;target&quot; : [ &quot;.age[name=\&quot;youthAge0\&quot;]&quot; ]
        } ]
      } ],
      &quot;all&quot; : [ ],
      &quot;none&quot; : [ ],
      &quot;failureSummary&quot; : &quot;Fix any of the following:\n  Document has multiple elements referenced with ARIA with the same id attribute: age0&quot;
    } ],
    &quot;url&quot; : null,
    &quot;createdDate&quot; : null
  }, {
    &quot;id&quot; : &quot;duplicate-id&quot;,
    &quot;description&quot; : &quot;Ensures every id attribute value is unique&quot;,
    &quot;help&quot; : &quot;id attribute value must be unique&quot;,
    &quot;helpUrl&quot; : &quot;https://dequeuniversity.com/rules/axe/4.6/duplicate-id?application=axeAPI&quot;,
    &quot;impact&quot; : &quot;minor&quot;,
    &quot;tags&quot; : [ &quot;cat.parsing&quot;, &quot;wcag2a&quot;, &quot;wcag411&quot; ],
    &quot;nodes&quot; : [ {
      &quot;html&quot; : &quot;&lt;div id=\&quot;control-panel\&quot; class=\&quot;container-fluid-full\&quot;&gt;&quot;,
      &quot;target&quot; : [ &quot;.loginnow &gt; .container-fluid-full&quot; ],
      &quot;impact&quot; : &quot;minor&quot;,
      &quot;any&quot; : [ {
        &quot;id&quot; : &quot;duplicate-id&quot;,
        &quot;impact&quot; : &quot;minor&quot;,
        &quot;message&quot; : &quot;Document has multiple static elements with the same id attribute: control-panel&quot;,
        &quot;data&quot; : &quot;control-panel&quot;,
        &quot;relatedNodes&quot; : [ {
          &quot;html&quot; : &quot;&lt;div id=\&quot;control-panel\&quot; class=\&quot;container-fluid-full\&quot;&gt;&quot;,
          &quot;target&quot; : [ &quot;.loggedin &gt; .container-fluid-full&quot; ]
        } ]
      } ],
      &quot;all&quot; : [ ],
      &quot;none&quot; : [ ],
      &quot;failureSummary&quot; : &quot;Fix any of the following:\n  Document has multiple static elements with the same id attribute: control-panel&quot;
    }, {
      &quot;html&quot; : &quot;&lt;nav id=\&quot;left-control-nav\&quot; class=\&quot;pull-left\&quot;&gt;&quot;,
      &quot;target&quot; : [ &quot;.loginnow &gt; .container-fluid-full &gt; .container &gt; .span5.pull-left.left-first &gt; .pull-left:nth-child(1)&quot; ],
      &quot;impact&quot; : &quot;minor&quot;,
      &quot;any&quot; : [ {
        &quot;id&quot; : &quot;duplicate-id&quot;,
        &quot;impact&quot; : &quot;minor&quot;,
        &quot;message&quot; : &quot;Document has multiple static elements with the same id attribute: left-control-nav&quot;,
        &quot;data&quot; : &quot;left-control-nav&quot;,
        &quot;relatedNodes&quot; : [ {
          &quot;html&quot; : &quot;&lt;nav id=\&quot;left-control-nav\&quot; class=\&quot;pull-left\&quot;&gt;&quot;,
          &quot;target&quot; : [ &quot;.loggedin &gt; .container-fluid-full &gt; .container &gt; .span5.pull-left.left-first &gt; .pull-left:nth-child(1)&quot; ]
        } ]
      } ],
      &quot;all&quot; : [ ],
      &quot;none&quot; : [ ],
      &quot;failureSummary&quot; : &quot;Fix any of the following:\n  Document has multiple static elements with the same id attribute: left-control-nav&quot;
    }, {
      &quot;html&quot; : &quot;&lt;div id=\&quot;search-bar\&quot; class=\&quot;pull-left\&quot;&gt;\n&lt;form id=\&quot;search\&quot; action=\&quot;/demo/mars/mars2\&quot; method=\&quot;get\&quot;&gt;\n&lt;input type=\&quot;hidden\&quot; name=\&quot;fn\&quot; value=\&quot;Search\&quot;&gt;\n&lt;input type=\&quot;text\&quot; class=\&quot;search\&quot; name=\&quot;query\&quot; placeholder=\&quot;search\&quot;&gt;\n&lt;input type=\&quot;submit\&quot; class=\&quot;control-search\&quot;&gt;\n&lt;/form&gt;\n&lt;/div&gt;&quot;,
      &quot;target&quot; : [ &quot;.loginnow &gt; .container-fluid-full &gt; .container &gt; .span5.pull-left.left-first &gt; .pull-left:nth-child(2)&quot; ],
      &quot;impact&quot; : &quot;minor&quot;,
      &quot;any&quot; : [ {
        &quot;id&quot; : &quot;duplicate-id&quot;,
        &quot;impact&quot; : &quot;minor&quot;,
        &quot;message&quot; : &quot;Document has multiple static elements with the same id attribute: search-bar&quot;,
        &quot;data&quot; : &quot;search-bar&quot;,
        &quot;relatedNodes&quot; : [ {
          &quot;html&quot; : &quot;&lt;div id=\&quot;search-bar\&quot; class=\&quot;pull-left\&quot;&gt;\n&lt;form id=\&quot;search\&quot; action=\&quot;/demo/mars/mars2\&quot; method=\&quot;get\&quot;&gt;\n&lt;input type=\&quot;hidden\&quot; name=\&quot;fn\&quot; value=\&quot;Search\&quot;&gt;\n&lt;input type=\&quot;text\&quot; class=\&quot;search\&quot; name=\&quot;query\&quot; placeholder=\&quot;search\&quot;&gt;\n&lt;input type=\&quot;submit\&quot; class=\&quot;control-search\&quot;&gt;\n&lt;/form&gt;\n&lt;/div&gt;&quot;,
          &quot;target&quot; : [ &quot;.loggedin &gt; .container-fluid-full &gt; .container &gt; .span5.pull-left.left-first &gt; .pull-left:nth-child(2)&quot; ]
        } ]
      } ],
      &quot;all&quot; : [ ],
      &quot;none&quot; : [ ],
      &quot;failureSummary&quot; : &quot;Fix any of the following:\n  Document has multiple static elements with the same id attribute: search-bar&quot;
    }, {
      &quot;html&quot; : &quot;&lt;form id=\&quot;search\&quot; action=\&quot;/demo/mars/mars2\&quot; method=\&quot;get\&quot;&gt;\n&lt;input type=\&quot;hidden\&quot; name=\&quot;fn\&quot; value=\&quot;Search\&quot;&gt;\n&lt;input type=\&quot;text\&quot; class=\&quot;search\&quot; name=\&quot;query\&quot; placeholder=\&quot;search\&quot;&gt;\n&lt;input type=\&quot;submit\&quot; class=\&quot;control-search\&quot;&gt;\n&lt;/form&gt;&quot;,
      &quot;target&quot; : [ &quot;.loginnow &gt; .container-fluid-full &gt; .container &gt; .span5.pull-left.left-first &gt; .pull-left:nth-child(2) &gt; form[method=\&quot;get\&quot;][action=\&quot;/demo/mars/mars2\&quot;]&quot; ],
      &quot;impact&quot; : &quot;minor&quot;,
      &quot;any&quot; : [ {
        &quot;id&quot; : &quot;duplicate-id&quot;,
        &quot;impact&quot; : &quot;minor&quot;,
        &quot;message&quot; : &quot;Document has multiple static elements with the same id attribute: search&quot;,
        &quot;data&quot; : &quot;search&quot;,
        &quot;relatedNodes&quot; : [ {
          &quot;html&quot; : &quot;&lt;form id=\&quot;search\&quot; action=\&quot;/demo/mars/mars2\&quot; method=\&quot;get\&quot;&gt;\n&lt;input type=\&quot;hidden\&quot; name=\&quot;fn\&quot; value=\&quot;Search\&quot;&gt;\n&lt;input type=\&quot;text\&quot; class=\&quot;search\&quot; name=\&quot;query\&quot; placeholder=\&quot;search\&quot;&gt;\n&lt;input type=\&quot;submit\&quot; class=\&quot;control-search\&quot;&gt;\n&lt;/form&gt;&quot;,
          &quot;target&quot; : [ &quot;.loggedin &gt; .container-fluid-full &gt; .container &gt; .span5.pull-left.left-first &gt; .pull-left:nth-child(2) &gt; form[method=\&quot;get\&quot;][action=\&quot;/demo/mars/mars2\&quot;]&quot; ]
        } ]
      } ],
      &quot;all&quot; : [ ],
      &quot;none&quot; : [ ],
      &quot;failureSummary&quot; : &quot;Fix any of the following:\n  Document has multiple static elements with the same id attribute: search&quot;
    }, {
      &quot;html&quot; : &quot;&lt;nav id=\&quot;right-control-nav\&quot; class=\&quot;pull-right\&quot; style=\&quot;display: inline;\&quot;&gt;&quot;,
      &quot;target&quot; : [ &quot;.loginnow &gt; .container-fluid-full &gt; .container &gt; .span7.pull-right &gt; .pull-right&quot; ],
      &quot;impact&quot; : &quot;minor&quot;,
      &quot;any&quot; : [ {
        &quot;id&quot; : &quot;duplicate-id&quot;,
        &quot;impact&quot; : &quot;minor&quot;,
        &quot;message&quot; : &quot;Document has multiple static elements with the same id attribute: right-control-nav&quot;,
        &quot;data&quot; : &quot;right-control-nav&quot;,
        &quot;relatedNodes&quot; : [ {
          &quot;html&quot; : &quot;&lt;nav id=\&quot;right-control-nav\&quot; class=\&quot;pull-right\&quot;&gt;&quot;,
          &quot;target&quot; : [ &quot;.loggedin &gt; .container-fluid-full &gt; .container &gt; .span7.pull-right &gt; .pull-right&quot; ]
        } ]
      } ],
      &quot;all&quot; : [ ],
      &quot;none&quot; : [ ],
      &quot;failureSummary&quot; : &quot;Fix any of the following:\n  Document has multiple static elements with the same id attribute: right-control-nav&quot;
    }, {
      &quot;html&quot; : &quot;&lt;div id=\&quot;vap-section\&quot;&gt;\n&lt;h1 style=\&quot;color:#eee;\&quot;&gt;Destination Mars &lt;/h1&gt;\n&lt;h2 style=\&quot;color:#acbad0;\&quot;&gt;A trip to Mars starts in your imagination. Are you bold enough, brave enough, &lt;strong&gt;foolish enough?&lt;/strong&gt; We are. You belong on Mars with fools like us. Most of us don&#039;t bite. Much.&lt;/h2&gt;&lt;/div&gt;&quot;,
      &quot;target&quot; : [ &quot;#left-column &gt; div:nth-child(1)&quot; ],
      &quot;impact&quot; : &quot;minor&quot;,
      &quot;any&quot; : [ {
        &quot;id&quot; : &quot;duplicate-id&quot;,
        &quot;impact&quot; : &quot;minor&quot;,
        &quot;message&quot; : &quot;Document has multiple static elements with the same id attribute: vap-section&quot;,
        &quot;data&quot; : &quot;vap-section&quot;,
        &quot;relatedNodes&quot; : [ {
          &quot;html&quot; : &quot;&lt;div id=\&quot;vap-section\&quot;&gt;&quot;,
          &quot;target&quot; : [ &quot;#left-column &gt; div:nth-child(2)&quot; ]
        } ]
      } ],
      &quot;all&quot; : [ ],
      &quot;none&quot; : [ ],
      &quot;failureSummary&quot; : &quot;Fix any of the following:\n  Document has multiple static elements with the same id attribute: vap-section&quot;
    }, {
      &quot;html&quot; : &quot;&lt;input type=\&quot;hidden\&quot; id=\&quot;nCountries\&quot; name=\&quot;nCountries\&quot;&gt;&quot;,
      &quot;target&quot; : [ &quot;#select-country &gt; input[name=\&quot;nCountries\&quot;][type=\&quot;hidden\&quot;]&quot; ],
      &quot;impact&quot; : &quot;minor&quot;,
      &quot;any&quot; : [ {
        &quot;id&quot; : &quot;duplicate-id&quot;,
        &quot;impact&quot; : &quot;minor&quot;,
        &quot;message&quot; : &quot;Document has multiple static elements with the same id attribute: nCountries&quot;,
        &quot;data&quot; : &quot;nCountries&quot;,
        &quot;relatedNodes&quot; : [ {
          &quot;html&quot; : &quot;&lt;input type=\&quot;hidden\&quot; name=\&quot;nCountries\&quot; value=\&quot;1\&quot; id=\&quot;nCountries\&quot;&gt;&quot;,
          &quot;target&quot; : [ &quot;input[name=\&quot;nCountries\&quot;][value=\&quot;1\&quot;][type=\&quot;hidden\&quot;]&quot; ]
        } ]
      } ],
      &quot;all&quot; : [ ],
      &quot;none&quot; : [ ],
      &quot;failureSummary&quot; : &quot;Fix any of the following:\n  Document has multiple static elements with the same id attribute: nCountries&quot;
    }, {
      &quot;html&quot; : &quot;&lt;div id=\&quot;passenger-select\&quot; class=\&quot;widget-container middle\&quot;&gt;&quot;,
      &quot;target&quot; : [ &quot;.middle.widget-container:nth-child(13)&quot; ],
      &quot;impact&quot; : &quot;minor&quot;,
      &quot;any&quot; : [ {
        &quot;id&quot; : &quot;duplicate-id&quot;,
        &quot;impact&quot; : &quot;minor&quot;,
        &quot;message&quot; : &quot;Document has multiple static elements with the same id attribute: passenger-select&quot;,
        &quot;data&quot; : &quot;passenger-select&quot;,
        &quot;relatedNodes&quot; : [ {
          &quot;html&quot; : &quot;&lt;div id=\&quot;passenger-select\&quot; class=\&quot;widget-container middle\&quot;&gt;&quot;,
          &quot;target&quot; : [ &quot;.middle.widget-container:nth-child(8)&quot; ]
        } ]
      } ],
      &quot;all&quot; : [ ],
      &quot;none&quot; : [ ],
      &quot;failureSummary&quot; : &quot;Fix any of the following:\n  Document has multiple static elements with the same id attribute: passenger-select&quot;
    }, {
      &quot;html&quot; : &quot;&lt;div id=\&quot;passengers\&quot;&gt;&quot;,
      &quot;target&quot; : [ &quot;.middle.widget-container:nth-child(13) &gt; .interior-container &gt; div:nth-child(3)&quot; ],
      &quot;impact&quot; : &quot;minor&quot;,
      &quot;any&quot; : [ {
        &quot;id&quot; : &quot;duplicate-id&quot;,
        &quot;impact&quot; : &quot;minor&quot;,
        &quot;message&quot; : &quot;Document has multiple static elements with the same id attribute: passengers&quot;,
        &quot;data&quot; : &quot;passengers&quot;,
        &quot;relatedNodes&quot; : [ {
          &quot;html&quot; : &quot;&lt;div id=\&quot;passengers\&quot;&gt;&quot;,
          &quot;target&quot; : [ &quot;.middle.widget-container:nth-child(8) &gt; .interior-container &gt; div&quot; ]
        } ]
      } ],
      &quot;all&quot; : [ ],
      &quot;none&quot; : [ ],
      &quot;failureSummary&quot; : &quot;Fix any of the following:\n  Document has multiple static elements with the same id attribute: passengers&quot;
    }, {
      &quot;html&quot; : &quot;&lt;div id=\&quot;ui-datepicker-div\&quot; class=\&quot;ui-datepicker ui-widget ui-widget-content ui-helper-clearfix ui-corner-all\&quot;&gt;&lt;/div&gt;&quot;,
      &quot;target&quot; : [ &quot;.ui-datepicker.ui-helper-clearfix.ui-corner-all:nth-child(33)&quot; ],
      &quot;impact&quot; : &quot;minor&quot;,
      &quot;any&quot; : [ {
        &quot;id&quot; : &quot;duplicate-id&quot;,
        &quot;impact&quot; : &quot;minor&quot;,
        &quot;message&quot; : &quot;Document has multiple static elements with the same id attribute: ui-datepicker-div&quot;,
        &quot;data&quot; : &quot;ui-datepicker-div&quot;,
        &quot;relatedNodes&quot; : [ {
          &quot;html&quot; : &quot;&lt;div id=\&quot;ui-datepicker-div\&quot; class=\&quot;ui-datepicker ui-widget ui-widget-content ui-helper-clearfix ui-corner-all\&quot;&gt;&lt;/div&gt;&quot;,
          &quot;target&quot; : [ &quot;.ui-datepicker.ui-helper-clearfix.ui-corner-all:nth-child(38)&quot; ]
        } ]
      } ],
      &quot;all&quot; : [ ],
      &quot;none&quot; : [ ],
      &quot;failureSummary&quot; : &quot;Fix any of the following:\n  Document has multiple static elements with the same id attribute: ui-datepicker-div&quot;
    } ],
    &quot;url&quot; : null,
    &quot;createdDate&quot; : null
  }, {
    &quot;id&quot; : &quot;frame-title&quot;,
    &quot;description&quot; : &quot;Ensures &lt;iframe&gt; and &lt;frame&gt; elements have an accessible name&quot;,
    &quot;help&quot; : &quot;Frames must have an accessible name&quot;,
    &quot;helpUrl&quot; : &quot;https://dequeuniversity.com/rules/axe/4.6/frame-title?application=axeAPI&quot;,
    &quot;impact&quot; : &quot;serious&quot;,
    &quot;tags&quot; : [ &quot;cat.text-alternatives&quot;, &quot;wcag2a&quot;, &quot;wcag412&quot;, &quot;section508&quot;, &quot;section508.22.i&quot; ],
    &quot;nodes&quot; : [ {
      &quot;html&quot; : &quot;&lt;iframe id=\&quot;fafbba78\&quot; name=\&quot;f2bc5e72d\&quot; scrolling=\&quot;no\&quot; style=\&quot;border: none; overflow: hidden; height: 62px; width: 292px;\&quot; class=\&quot;fb_ltr\&quot; src=\&quot;/assets/demo-sites/mars/js/likebox.html\&quot;&gt;&lt;/iframe&gt;&quot;,
      &quot;target&quot; : [ &quot;#fafbba78&quot; ],
      &quot;impact&quot; : &quot;serious&quot;,
      &quot;any&quot; : [ {
        &quot;id&quot; : &quot;non-empty-title&quot;,
        &quot;impact&quot; : &quot;serious&quot;,
        &quot;message&quot; : &quot;Element has no title attribute&quot;,
        &quot;data&quot; : {
          &quot;messageKey&quot; : &quot;noAttr&quot;
        },
        &quot;relatedNodes&quot; : [ ]
      }, {
        &quot;id&quot; : &quot;aria-label&quot;,
        &quot;impact&quot; : &quot;serious&quot;,
        &quot;message&quot; : &quot;aria-label attribute does not exist or is empty&quot;,
        &quot;data&quot; : null,
        &quot;relatedNodes&quot; : [ ]
      }, {
        &quot;id&quot; : &quot;aria-labelledby&quot;,
        &quot;impact&quot; : &quot;serious&quot;,
        &quot;message&quot; : &quot;aria-labelledby attribute does not exist, references elements that do not exist or references elements that are empty&quot;,
        &quot;data&quot; : null,
        &quot;relatedNodes&quot; : [ ]
      }, {
        &quot;id&quot; : &quot;presentational-role&quot;,
        &quot;impact&quot; : &quot;minor&quot;,
        &quot;message&quot; : &quot;Element&#039;s default semantics were not overridden with role=\&quot;none\&quot; or role=\&quot;presentation\&quot;&quot;,
        &quot;data&quot; : null,
        &quot;relatedNodes&quot; : [ ]
      } ],
      &quot;all&quot; : [ ],
      &quot;none&quot; : [ ],
      &quot;failureSummary&quot; : &quot;Fix any of the following:\n  Element has no title attribute\n  aria-label attribute does not exist or is empty\n  aria-labelledby attribute does not exist, references elements that do not exist or references elements that are empty\n  Element&#039;s default semantics were not overridden with role=\&quot;none\&quot; or role=\&quot;presentation\&quot;&quot;
    } ],
    &quot;url&quot; : null,
    &quot;createdDate&quot; : null
  }, {
    &quot;id&quot; : &quot;html-has-lang&quot;,
    &quot;description&quot; : &quot;Ensures every HTML document has a lang attribute&quot;,
    &quot;help&quot; : &quot;&lt;html&gt; element must have a lang attribute&quot;,
    &quot;helpUrl&quot; : &quot;https://dequeuniversity.com/rules/axe/4.6/html-has-lang?application=axeAPI&quot;,
    &quot;impact&quot; : &quot;serious&quot;,
    &quot;tags&quot; : [ &quot;cat.language&quot;, &quot;wcag2a&quot;, &quot;wcag311&quot;, &quot;ACT&quot; ],
    &quot;nodes&quot; : [ {
      &quot;html&quot; : &quot;&lt;html class=\&quot; js no-flexbox flexbox-legacy canvas canvastext webgl no-touch geolocation postmessage websqldatabase indexeddb hashchange history draganddrop websockets rgba hsla multiplebgs backgroundsize borderimage borderradius boxshadow textshadow opacity cssanimations csscolumns cssgradients cssreflections csstransforms csstransforms3d csstransitions fontface generatedcontent video audio localstorage sessionstorage webworkers applicationcache svg inlinesvg smil svgclippaths js no-flexbox flexbox-legacy canvas canvastext webgl no-touch geolocation postmessage websqldatabase indexeddb hashchange history draganddrop websockets rgba hsla multiplebgs backgroundsize borderimage borderradius boxshadow textshadow opacity cssanimations csscolumns cssgradients cssreflections csstransforms csstransforms3d csstransitions fontface generatedcontent video audio localstorage sessionstorage webworkers no-applicationcache svg inlinesvg smil svgclippaths\&quot;&gt;&quot;,
      &quot;target&quot; : [ &quot;html&quot; ],
      &quot;impact&quot; : &quot;serious&quot;,
      &quot;any&quot; : [ {
        &quot;id&quot; : &quot;has-lang&quot;,
        &quot;impact&quot; : &quot;serious&quot;,
        &quot;message&quot; : &quot;The &lt;html&gt; element does not have a lang attribute&quot;,
        &quot;data&quot; : {
          &quot;messageKey&quot; : &quot;noLang&quot;
        },
        &quot;relatedNodes&quot; : [ ]
      } ],
      &quot;all&quot; : [ ],
      &quot;none&quot; : [ ],
      &quot;failureSummary&quot; : &quot;Fix any of the following:\n  The &lt;html&gt; element does not have a lang attribute&quot;
    } ],
    &quot;url&quot; : null,
    &quot;createdDate&quot; : null
  }, {
    &quot;id&quot; : &quot;image-alt&quot;,
    &quot;description&quot; : &quot;Ensures &lt;img&gt; elements have alternate text or a role of none or presentation&quot;,
    &quot;help&quot; : &quot;Images must have alternate text&quot;,
    &quot;helpUrl&quot; : &quot;https://dequeuniversity.com/rules/axe/4.6/image-alt?application=axeAPI&quot;,
    &quot;impact&quot; : &quot;critical&quot;,
    &quot;tags&quot; : [ &quot;cat.text-alternatives&quot;, &quot;wcag2a&quot;, &quot;wcag111&quot;, &quot;section508&quot;, &quot;section508.22.a&quot;, &quot;ACT&quot; ],
    &quot;nodes&quot; : [ {
      &quot;html&quot; : &quot;&lt;img src=\&quot;/assets/demo-sites/mars/js/seg\&quot; width=\&quot;1\&quot; height=\&quot;1\&quot;&gt;&quot;,
      &quot;target&quot; : [ &quot;img[src$=\&quot;seg\&quot;]&quot; ],
      &quot;impact&quot; : &quot;critical&quot;,
      &quot;any&quot; : [ {
        &quot;id&quot; : &quot;has-alt&quot;,
        &quot;impact&quot; : &quot;critical&quot;,
        &quot;message&quot; : &quot;Element does not have an alt attribute&quot;,
        &quot;data&quot; : null,
        &quot;relatedNodes&quot; : [ ]
      }, {
        &quot;id&quot; : &quot;aria-label&quot;,
        &quot;impact&quot; : &quot;serious&quot;,
        &quot;message&quot; : &quot;aria-label attribute does not exist or is empty&quot;,
        &quot;data&quot; : null,
        &quot;relatedNodes&quot; : [ ]
      }, {
        &quot;id&quot; : &quot;aria-labelledby&quot;,
        &quot;impact&quot; : &quot;serious&quot;,
        &quot;message&quot; : &quot;aria-labelledby attribute does not exist, references elements that do not exist or references elements that are empty&quot;,
        &quot;data&quot; : null,
        &quot;relatedNodes&quot; : [ ]
      }, {
        &quot;id&quot; : &quot;non-empty-title&quot;,
        &quot;impact&quot; : &quot;serious&quot;,
        &quot;message&quot; : &quot;Element has no title attribute&quot;,
        &quot;data&quot; : {
          &quot;messageKey&quot; : &quot;noAttr&quot;
        },
        &quot;relatedNodes&quot; : [ ]
      }, {
        &quot;id&quot; : &quot;presentational-role&quot;,
        &quot;impact&quot; : &quot;minor&quot;,
        &quot;message&quot; : &quot;Element&#039;s default semantics were not overridden with role=\&quot;none\&quot; or role=\&quot;presentation\&quot;&quot;,
        &quot;data&quot; : null,
        &quot;relatedNodes&quot; : [ ]
      } ],
      &quot;all&quot; : [ ],
      &quot;none&quot; : [ ],
      &quot;failureSummary&quot; : &quot;Fix any of the following:\n  Element does not have an alt attribute\n  aria-label attribute does not exist or is empty\n  aria-labelledby attribute does not exist, references elements that do not exist or references elements that are empty\n  Element has no title attribute\n  Element&#039;s default semantics were not overridden with role=\&quot;none\&quot; or role=\&quot;presentation\&quot;&quot;
    }, {
      &quot;html&quot; : &quot;&lt;img src=\&quot;/assets/demo-sites/mars/images/mars-spaceman.jpg\&quot; class=\&quot;\&quot; width=\&quot;210\&quot; height=\&quot;120\&quot;&gt;&quot;,
      &quot;target&quot; : [ &quot;li:nth-child(1) &gt; a[href=\&quot;mars2.html?a=crater_adventure\&quot;] &gt; img[width=\&quot;210\&quot;][height=\&quot;120\&quot;]&quot; ],
      &quot;impact&quot; : &quot;critical&quot;,
      &quot;any&quot; : [ {
        &quot;id&quot; : &quot;has-alt&quot;,
        &quot;impact&quot; : &quot;critical&quot;,
        &quot;message&quot; : &quot;Element does not have an alt attribute&quot;,
        &quot;data&quot; : null,
        &quot;relatedNodes&quot; : [ ]
      }, {
        &quot;id&quot; : &quot;aria-label&quot;,
        &quot;impact&quot; : &quot;serious&quot;,
        &quot;message&quot; : &quot;aria-label attribute does not exist or is empty&quot;,
        &quot;data&quot; : null,
        &quot;relatedNodes&quot; : [ ]
      }, {
        &quot;id&quot; : &quot;aria-labelledby&quot;,
        &quot;impact&quot; : &quot;serious&quot;,
        &quot;message&quot; : &quot;aria-labelledby attribute does not exist, references elements that do not exist or references elements that are empty&quot;,
        &quot;data&quot; : null,
        &quot;relatedNodes&quot; : [ ]
      }, {
        &quot;id&quot; : &quot;non-empty-title&quot;,
        &quot;impact&quot; : &quot;serious&quot;,
        &quot;message&quot; : &quot;Element has no title attribute&quot;,
        &quot;data&quot; : {
          &quot;messageKey&quot; : &quot;noAttr&quot;
        },
        &quot;relatedNodes&quot; : [ ]
      }, {
        &quot;id&quot; : &quot;presentational-role&quot;,
        &quot;impact&quot; : &quot;minor&quot;,
        &quot;message&quot; : &quot;Element&#039;s default semantics were not overridden with role=\&quot;none\&quot; or role=\&quot;presentation\&quot;&quot;,
        &quot;data&quot; : null,
        &quot;relatedNodes&quot; : [ ]
      } ],
      &quot;all&quot; : [ ],
      &quot;none&quot; : [ ],
      &quot;failureSummary&quot; : &quot;Fix any of the following:\n  Element does not have an alt attribute\n  aria-label attribute does not exist or is empty\n  aria-labelledby attribute does not exist, references elements that do not exist or references elements that are empty\n  Element has no title attribute\n  Element&#039;s default semantics were not overridden with role=\&quot;none\&quot; or role=\&quot;presentation\&quot;&quot;
    }, {
      &quot;html&quot; : &quot;&lt;img src=\&quot;/assets/demo-sites/mars/images/mars-spaceman.jpg\&quot; class=\&quot;\&quot; width=\&quot;210\&quot; height=\&quot;120\&quot;&gt;&quot;,
      &quot;target&quot; : [ &quot;li:nth-child(8) &gt; a[href=\&quot;mars2.html?a=crater_adventure\&quot;] &gt; img[width=\&quot;210\&quot;][height=\&quot;120\&quot;]&quot; ],
      &quot;impact&quot; : &quot;critical&quot;,
      &quot;any&quot; : [ {
        &quot;id&quot; : &quot;has-alt&quot;,
        &quot;impact&quot; : &quot;critical&quot;,
        &quot;message&quot; : &quot;Element does not have an alt attribute&quot;,
        &quot;data&quot; : null,
        &quot;relatedNodes&quot; : [ ]
      }, {
        &quot;id&quot; : &quot;aria-label&quot;,
        &quot;impact&quot; : &quot;serious&quot;,
        &quot;message&quot; : &quot;aria-label attribute does not exist or is empty&quot;,
        &quot;data&quot; : null,
        &quot;relatedNodes&quot; : [ ]
      }, {
        &quot;id&quot; : &quot;aria-labelledby&quot;,
        &quot;impact&quot; : &quot;serious&quot;,
        &quot;message&quot; : &quot;aria-labelledby attribute does not exist, references elements that do not exist or references elements that are empty&quot;,
        &quot;data&quot; : null,
        &quot;relatedNodes&quot; : [ ]
      }, {
        &quot;id&quot; : &quot;non-empty-title&quot;,
        &quot;impact&quot; : &quot;serious&quot;,
        &quot;message&quot; : &quot;Element has no title attribute&quot;,
        &quot;data&quot; : {
          &quot;messageKey&quot; : &quot;noAttr&quot;
        },
        &quot;relatedNodes&quot; : [ ]
      }, {
        &quot;id&quot; : &quot;presentational-role&quot;,
        &quot;impact&quot; : &quot;minor&quot;,
        &quot;message&quot; : &quot;Element&#039;s default semantics were not overridden with role=\&quot;none\&quot; or role=\&quot;presentation\&quot;&quot;,
        &quot;data&quot; : null,
        &quot;relatedNodes&quot; : [ ]
      } ],
      &quot;all&quot; : [ ],
      &quot;none&quot; : [ ],
      &quot;failureSummary&quot; : &quot;Fix any of the following:\n  Element does not have an alt attribute\n  aria-label attribute does not exist or is empty\n  aria-labelledby attribute does not exist, references elements that do not exist or references elements that are empty\n  Element has no title attribute\n  Element&#039;s default semantics were not overridden with role=\&quot;none\&quot; or role=\&quot;presentation\&quot;&quot;
    }, {
      &quot;html&quot; : &quot;&lt;img src=\&quot;/assets/demo-sites/mars/images/mars-spaceman.jpg\&quot; class=\&quot;\&quot; width=\&quot;210\&quot; height=\&quot;120\&quot;&gt;&quot;,
      &quot;target&quot; : [ &quot;li:nth-child(15) &gt; a[href=\&quot;mars2.html?a=crater_adventure\&quot;] &gt; img[width=\&quot;210\&quot;][height=\&quot;120\&quot;]&quot; ],
      &quot;impact&quot; : &quot;critical&quot;,
      &quot;any&quot; : [ {
        &quot;id&quot; : &quot;has-alt&quot;,
        &quot;impact&quot; : &quot;critical&quot;,
        &quot;message&quot; : &quot;Element does not have an alt attribute&quot;,
        &quot;data&quot; : null,
        &quot;relatedNodes&quot; : [ ]
      }, {
        &quot;id&quot; : &quot;aria-label&quot;,
        &quot;impact&quot; : &quot;serious&quot;,
        &quot;message&quot; : &quot;aria-label attribute does not exist or is empty&quot;,
        &quot;data&quot; : null,
        &quot;relatedNodes&quot; : [ ]
      }, {
        &quot;id&quot; : &quot;aria-labelledby&quot;,
        &quot;impact&quot; : &quot;serious&quot;,
        &quot;message&quot; : &quot;aria-labelledby attribute does not exist, references elements that do not exist or references elements that are empty&quot;,
        &quot;data&quot; : null,
        &quot;relatedNodes&quot; : [ ]
      }, {
        &quot;id&quot; : &quot;non-empty-title&quot;,
        &quot;impact&quot; : &quot;serious&quot;,
        &quot;message&quot; : &quot;Element has no title attribute&quot;,
        &quot;data&quot; : {
          &quot;messageKey&quot; : &quot;noAttr&quot;
        },
        &quot;relatedNodes&quot; : [ ]
      }, {
        &quot;id&quot; : &quot;presentational-role&quot;,
        &quot;impact&quot; : &quot;minor&quot;,
        &quot;message&quot; : &quot;Element&#039;s default semantics were not overridden with role=\&quot;none\&quot; or role=\&quot;presentation\&quot;&quot;,
        &quot;data&quot; : null,
        &quot;relatedNodes&quot; : [ ]
      } ],
      &quot;all&quot; : [ ],
      &quot;none&quot; : [ ],
      &quot;failureSummary&quot; : &quot;Fix any of the following:\n  Element does not have an alt attribute\n  aria-label attribute does not exist or is empty\n  aria-labelledby attribute does not exist, references elements that do not exist or references elements that are empty\n  Element has no title attribute\n  Element&#039;s default semantics were not overridden with role=\&quot;none\&quot; or role=\&quot;presentation\&quot;&quot;
    } ],
    &quot;url&quot; : null,
    &quot;createdDate&quot; : null
  }, {
    &quot;id&quot; : &quot;landmark-unique&quot;,
    &quot;description&quot; : &quot;Landmarks should have a unique role or role/label/title (i.e. accessible name) combination&quot;,
    &quot;help&quot; : &quot;Ensures landmarks are unique&quot;,
    &quot;helpUrl&quot; : &quot;https://dequeuniversity.com/rules/axe/4.6/landmark-unique?application=axeAPI&quot;,
    &quot;impact&quot; : &quot;moderate&quot;,
    &quot;tags&quot; : [ &quot;cat.semantics&quot;, &quot;best-practice&quot; ],
    &quot;nodes&quot; : [ {
      &quot;html&quot; : &quot;&lt;nav id=\&quot;left-control-nav\&quot; class=\&quot;pull-left\&quot;&gt;&quot;,
      &quot;target&quot; : [ &quot;.loginnow &gt; .container-fluid-full &gt; .container &gt; .span5.pull-left.left-first &gt; .pull-left:nth-child(1)&quot; ],
      &quot;impact&quot; : &quot;moderate&quot;,
      &quot;any&quot; : [ {
        &quot;id&quot; : &quot;landmark-is-unique&quot;,
        &quot;impact&quot; : &quot;moderate&quot;,
        &quot;message&quot; : &quot;The landmark must have a unique aria-label, aria-labelledby, or title to make landmarks distinguishable&quot;,
        &quot;data&quot; : {
          &quot;accessibleText&quot; : null,
          &quot;role&quot; : &quot;navigation&quot;
        },
        &quot;relatedNodes&quot; : [ {
          &quot;html&quot; : &quot;&lt;nav id=\&quot;right-control-nav\&quot; class=\&quot;pull-right\&quot; style=\&quot;display: inline;\&quot;&gt;&quot;,
          &quot;target&quot; : [ &quot;.loginnow &gt; .container-fluid-full &gt; .container &gt; .span7.pull-right &gt; .pull-right&quot; ]
        }, {
          &quot;html&quot; : &quot;&lt;nav&gt;&quot;,
          &quot;target&quot; : [ &quot;#language-bar &gt; nav&quot; ]
        }, {
          &quot;html&quot; : &quot;&lt;nav id=\&quot;main-nav\&quot;&gt;&quot;,
          &quot;target&quot; : [ &quot;#main-nav&quot; ]
        }, {
          &quot;html&quot; : &quot;&lt;nav id=\&quot;main-sub-nav\&quot; class=\&quot;pull-right\&quot;&gt;&quot;,
          &quot;target&quot; : [ &quot;#main-sub-nav&quot; ]
        }, {
          &quot;html&quot; : &quot;&lt;nav&gt;&lt;/nav&gt;&quot;,
          &quot;target&quot; : [ &quot;#footer-book &gt; nav&quot; ]
        }, {
          &quot;html&quot; : &quot;&lt;nav&gt;&lt;/nav&gt;&quot;,
          &quot;target&quot; : [ &quot;#footer-trains &gt; nav&quot; ]
        }, {
          &quot;html&quot; : &quot;&lt;nav&gt;&lt;/nav&gt;&quot;,
          &quot;target&quot; : [ &quot;#footer-passes &gt; nav&quot; ]
        }, {
          &quot;html&quot; : &quot;&lt;nav&gt;&lt;/nav&gt;&quot;,
          &quot;target&quot; : [ &quot;#footer-plan &gt; nav&quot; ]
        }, {
          &quot;html&quot; : &quot;&lt;nav&gt;&lt;/nav&gt;&quot;,
          &quot;target&quot; : [ &quot;#footer-faq &gt; nav&quot; ]
        }, {
          &quot;html&quot; : &quot;&lt;nav&gt;&lt;/nav&gt;&quot;,
          &quot;target&quot; : [ &quot;#footer-connect &gt; nav&quot; ]
        } ]
      } ],
      &quot;all&quot; : [ ],
      &quot;none&quot; : [ ],
      &quot;failureSummary&quot; : &quot;Fix any of the following:\n  The landmark must have a unique aria-label, aria-labelledby, or title to make landmarks distinguishable&quot;
    } ],
    &quot;url&quot; : null,
    &quot;createdDate&quot; : null
  }, {
    &quot;id&quot; : &quot;link-name&quot;,
    &quot;description&quot; : &quot;Ensures links have discernible text&quot;,
    &quot;help&quot; : &quot;Links must have discernible text&quot;,
    &quot;helpUrl&quot; : &quot;https://dequeuniversity.com/rules/axe/4.6/link-name?application=axeAPI&quot;,
    &quot;impact&quot; : &quot;serious&quot;,
    &quot;tags&quot; : [ &quot;cat.name-role-value&quot;, &quot;wcag2a&quot;, &quot;wcag412&quot;, &quot;wcag244&quot;, &quot;section508&quot;, &quot;section508.22.a&quot;, &quot;ACT&quot; ],
    &quot;nodes&quot; : [ {
      &quot;html&quot; : &quot;&lt;a class=\&quot;link\&quot; href=\&quot;demo/mars/#\&quot;&gt;&lt;i class=\&quot;icon-menu-home\&quot;&gt;&lt;/i&gt; &lt;/a&gt;&quot;,
      &quot;target&quot; : [ &quot;.link[href$=\&quot;mars/#\&quot;]&quot; ],
      &quot;impact&quot; : &quot;serious&quot;,
      &quot;any&quot; : [ {
        &quot;id&quot; : &quot;has-visible-text&quot;,
        &quot;impact&quot; : &quot;minor&quot;,
        &quot;message&quot; : &quot;Element does not have text that is visible to screen readers&quot;,
        &quot;data&quot; : null,
        &quot;relatedNodes&quot; : [ ]
      }, {
        &quot;id&quot; : &quot;aria-label&quot;,
        &quot;impact&quot; : &quot;serious&quot;,
        &quot;message&quot; : &quot;aria-label attribute does not exist or is empty&quot;,
        &quot;data&quot; : null,
        &quot;relatedNodes&quot; : [ ]
      }, {
        &quot;id&quot; : &quot;aria-labelledby&quot;,
        &quot;impact&quot; : &quot;serious&quot;,
        &quot;message&quot; : &quot;aria-labelledby attribute does not exist, references elements that do not exist or references elements that are empty&quot;,
        &quot;data&quot; : null,
        &quot;relatedNodes&quot; : [ ]
      }, {
        &quot;id&quot; : &quot;non-empty-title&quot;,
        &quot;impact&quot; : &quot;serious&quot;,
        &quot;message&quot; : &quot;Element has no title attribute&quot;,
        &quot;data&quot; : {
          &quot;messageKey&quot; : &quot;noAttr&quot;
        },
        &quot;relatedNodes&quot; : [ ]
      } ],
      &quot;all&quot; : [ ],
      &quot;none&quot; : [ {
        &quot;id&quot; : &quot;focusable-no-name&quot;,
        &quot;impact&quot; : &quot;serious&quot;,
        &quot;message&quot; : &quot;Element is in tab order and does not have accessible text&quot;,
        &quot;data&quot; : null,
        &quot;relatedNodes&quot; : [ ]
      } ],
      &quot;failureSummary&quot; : &quot;Fix all of the following:\n  Element is in tab order and does not have accessible text\n\nFix any of the following:\n  Element does not have text that is visible to screen readers\n  aria-label attribute does not exist or is empty\n  aria-labelledby attribute does not exist, references elements that do not exist or references elements that are empty\n  Element has no title attribute&quot;
    }, {
      &quot;html&quot; : &quot;&lt;a href=\&quot;mars2.html?a=crater_adventure\&quot;&gt;\n&lt;img src=\&quot;/assets/demo-sites/mars/images/mars-spaceman.jpg\&quot; class=\&quot;\&quot; width=\&quot;210\&quot; height=\&quot;120\&quot;&gt;&lt;/a&gt;&quot;,
      &quot;target&quot; : [ &quot;li:nth-child(1) &gt; a[href=\&quot;mars2.html?a=crater_adventure\&quot;]&quot; ],
      &quot;impact&quot; : &quot;serious&quot;,
      &quot;any&quot; : [ {
        &quot;id&quot; : &quot;has-visible-text&quot;,
        &quot;impact&quot; : &quot;minor&quot;,
        &quot;message&quot; : &quot;Element does not have text that is visible to screen readers&quot;,
        &quot;data&quot; : null,
        &quot;relatedNodes&quot; : [ ]
      }, {
        &quot;id&quot; : &quot;aria-label&quot;,
        &quot;impact&quot; : &quot;serious&quot;,
        &quot;message&quot; : &quot;aria-label attribute does not exist or is empty&quot;,
        &quot;data&quot; : null,
        &quot;relatedNodes&quot; : [ ]
      }, {
        &quot;id&quot; : &quot;aria-labelledby&quot;,
        &quot;impact&quot; : &quot;serious&quot;,
        &quot;message&quot; : &quot;aria-labelledby attribute does not exist, references elements that do not exist or references elements that are empty&quot;,
        &quot;data&quot; : null,
        &quot;relatedNodes&quot; : [ ]
      }, {
        &quot;id&quot; : &quot;non-empty-title&quot;,
        &quot;impact&quot; : &quot;serious&quot;,
        &quot;message&quot; : &quot;Element has no title attribute&quot;,
        &quot;data&quot; : {
          &quot;messageKey&quot; : &quot;noAttr&quot;
        },
        &quot;relatedNodes&quot; : [ ]
      } ],
      &quot;all&quot; : [ ],
      &quot;none&quot; : [ {
        &quot;id&quot; : &quot;focusable-no-name&quot;,
        &quot;impact&quot; : &quot;serious&quot;,
        &quot;message&quot; : &quot;Element is in tab order and does not have accessible text&quot;,
        &quot;data&quot; : null,
        &quot;relatedNodes&quot; : [ ]
      } ],
      &quot;failureSummary&quot; : &quot;Fix all of the following:\n  Element is in tab order and does not have accessible text\n\nFix any of the following:\n  Element does not have text that is visible to screen readers\n  aria-label attribute does not exist or is empty\n  aria-labelledby attribute does not exist, references elements that do not exist or references elements that are empty\n  Element has no title attribute&quot;
    }, {
      &quot;html&quot; : &quot;&lt;a href=\&quot;mars2.html?a=crater_adventure\&quot;&gt;\n&lt;img src=\&quot;/assets/demo-sites/mars/images/mars-spaceman.jpg\&quot; class=\&quot;\&quot; width=\&quot;210\&quot; height=\&quot;120\&quot;&gt;&lt;/a&gt;&quot;,
      &quot;target&quot; : [ &quot;li:nth-child(8) &gt; a[href=\&quot;mars2.html?a=crater_adventure\&quot;]&quot; ],
      &quot;impact&quot; : &quot;serious&quot;,
      &quot;any&quot; : [ {
        &quot;id&quot; : &quot;has-visible-text&quot;,
        &quot;impact&quot; : &quot;minor&quot;,
        &quot;message&quot; : &quot;Element does not have text that is visible to screen readers&quot;,
        &quot;data&quot; : null,
        &quot;relatedNodes&quot; : [ ]
      }, {
        &quot;id&quot; : &quot;aria-label&quot;,
        &quot;impact&quot; : &quot;serious&quot;,
        &quot;message&quot; : &quot;aria-label attribute does not exist or is empty&quot;,
        &quot;data&quot; : null,
        &quot;relatedNodes&quot; : [ ]
      }, {
        &quot;id&quot; : &quot;aria-labelledby&quot;,
        &quot;impact&quot; : &quot;serious&quot;,
        &quot;message&quot; : &quot;aria-labelledby attribute does not exist, references elements that do not exist or references elements that are empty&quot;,
        &quot;data&quot; : null,
        &quot;relatedNodes&quot; : [ ]
      }, {
        &quot;id&quot; : &quot;non-empty-title&quot;,
        &quot;impact&quot; : &quot;serious&quot;,
        &quot;message&quot; : &quot;Element has no title attribute&quot;,
        &quot;data&quot; : {
          &quot;messageKey&quot; : &quot;noAttr&quot;
        },
        &quot;relatedNodes&quot; : [ ]
      } ],
      &quot;all&quot; : [ ],
      &quot;none&quot; : [ {
        &quot;id&quot; : &quot;focusable-no-name&quot;,
        &quot;impact&quot; : &quot;serious&quot;,
        &quot;message&quot; : &quot;Element is in tab order and does not have accessible text&quot;,
        &quot;data&quot; : null,
        &quot;relatedNodes&quot; : [ ]
      } ],
      &quot;failureSummary&quot; : &quot;Fix all of the following:\n  Element is in tab order and does not have accessible text\n\nFix any of the following:\n  Element does not have text that is visible to screen readers\n  aria-label attribute does not exist or is empty\n  aria-labelledby attribute does not exist, references elements that do not exist or references elements that are empty\n  Element has no title attribute&quot;
    }, {
      &quot;html&quot; : &quot;&lt;a href=\&quot;mars2.html?a=crater_adventure\&quot;&gt;\n&lt;img src=\&quot;/assets/demo-sites/mars/images/mars-spaceman.jpg\&quot; class=\&quot;\&quot; width=\&quot;210\&quot; height=\&quot;120\&quot;&gt;&lt;/a&gt;&quot;,
      &quot;target&quot; : [ &quot;li:nth-child(15) &gt; a[href=\&quot;mars2.html?a=crater_adventure\&quot;]&quot; ],
      &quot;impact&quot; : &quot;serious&quot;,
      &quot;any&quot; : [ {
        &quot;id&quot; : &quot;has-visible-text&quot;,
        &quot;impact&quot; : &quot;minor&quot;,
        &quot;message&quot; : &quot;Element does not have text that is visible to screen readers&quot;,
        &quot;data&quot; : null,
        &quot;relatedNodes&quot; : [ ]
      }, {
        &quot;id&quot; : &quot;aria-label&quot;,
        &quot;impact&quot; : &quot;serious&quot;,
        &quot;message&quot; : &quot;aria-label attribute does not exist or is empty&quot;,
        &quot;data&quot; : null,
        &quot;relatedNodes&quot; : [ ]
      }, {
        &quot;id&quot; : &quot;aria-labelledby&quot;,
        &quot;impact&quot; : &quot;serious&quot;,
        &quot;message&quot; : &quot;aria-labelledby attribute does not exist, references elements that do not exist or references elements that are empty&quot;,
        &quot;data&quot; : null,
        &quot;relatedNodes&quot; : [ ]
      }, {
        &quot;id&quot; : &quot;non-empty-title&quot;,
        &quot;impact&quot; : &quot;serious&quot;,
        &quot;message&quot; : &quot;Element has no title attribute&quot;,
        &quot;data&quot; : {
          &quot;messageKey&quot; : &quot;noAttr&quot;
        },
        &quot;relatedNodes&quot; : [ ]
      } ],
      &quot;all&quot; : [ ],
      &quot;none&quot; : [ {
        &quot;id&quot; : &quot;focusable-no-name&quot;,
        &quot;impact&quot; : &quot;serious&quot;,
        &quot;message&quot; : &quot;Element is in tab order and does not have accessible text&quot;,
        &quot;data&quot; : null,
        &quot;relatedNodes&quot; : [ ]
      } ],
      &quot;failureSummary&quot; : &quot;Fix all of the following:\n  Element is in tab order and does not have accessible text\n\nFix any of the following:\n  Element does not have text that is visible to screen readers\n  aria-label attribute does not exist or is empty\n  aria-labelledby attribute does not exist, references elements that do not exist or references elements that are empty\n  Element has no title attribute&quot;
    }, {
      &quot;html&quot; : &quot;&lt;a href=\&quot;mars2.html?a=\&quot;&gt;&lt;/a&gt;&quot;,
      &quot;target&quot; : [ &quot;.re_ajax_p3 &gt; a[href=\&quot;mars2.html?a=\&quot;]&quot; ],
      &quot;impact&quot; : &quot;serious&quot;,
      &quot;any&quot; : [ {
        &quot;id&quot; : &quot;has-visible-text&quot;,
        &quot;impact&quot; : &quot;minor&quot;,
        &quot;message&quot; : &quot;Element does not have text that is visible to screen readers&quot;,
        &quot;data&quot; : null,
        &quot;relatedNodes&quot; : [ ]
      }, {
        &quot;id&quot; : &quot;aria-label&quot;,
        &quot;impact&quot; : &quot;serious&quot;,
        &quot;message&quot; : &quot;aria-label attribute does not exist or is empty&quot;,
        &quot;data&quot; : null,
        &quot;relatedNodes&quot; : [ ]
      }, {
        &quot;id&quot; : &quot;aria-labelledby&quot;,
        &quot;impact&quot; : &quot;serious&quot;,
        &quot;message&quot; : &quot;aria-labelledby attribute does not exist, references elements that do not exist or references elements that are empty&quot;,
        &quot;data&quot; : null,
        &quot;relatedNodes&quot; : [ ]
      }, {
        &quot;id&quot; : &quot;non-empty-title&quot;,
        &quot;impact&quot; : &quot;serious&quot;,
        &quot;message&quot; : &quot;Element has no title attribute&quot;,
        &quot;data&quot; : {
          &quot;messageKey&quot; : &quot;noAttr&quot;
        },
        &quot;relatedNodes&quot; : [ ]
      } ],
      &quot;all&quot; : [ ],
      &quot;none&quot; : [ {
        &quot;id&quot; : &quot;focusable-no-name&quot;,
        &quot;impact&quot; : &quot;serious&quot;,
        &quot;message&quot; : &quot;Element is in tab order and does not have accessible text&quot;,
        &quot;data&quot; : null,
        &quot;relatedNodes&quot; : [ ]
      } ],
      &quot;failureSummary&quot; : &quot;Fix all of the following:\n  Element is in tab order and does not have accessible text\n\nFix any of the following:\n  Element does not have text that is visible to screen readers\n  aria-label attribute does not exist or is empty\n  aria-labelledby attribute does not exist, references elements that do not exist or references elements that are empty\n  Element has no title attribute&quot;
    }, {
      &quot;html&quot; : &quot;&lt;a target=\&quot;player\&quot; data-text=\&quot;Life was possible on Mars\&quot; class=\&quot;fader first active\&quot; href=\&quot;http://www.youtube.com/embed/OagLGti_hTE?controls=1&amp;amp;showinfo=1&amp;amp;modestbranding=0&amp;amp;wmode=opaque&amp;amp;enablejsapi=1\&quot; id=\&quot;default\&quot;&gt;&lt;/a&gt;&quot;,
      &quot;target&quot; : [ &quot;.active&quot; ],
      &quot;impact&quot; : &quot;serious&quot;,
      &quot;any&quot; : [ {
        &quot;id&quot; : &quot;has-visible-text&quot;,
        &quot;impact&quot; : &quot;minor&quot;,
        &quot;message&quot; : &quot;Element does not have text that is visible to screen readers&quot;,
        &quot;data&quot; : null,
        &quot;relatedNodes&quot; : [ ]
      }, {
        &quot;id&quot; : &quot;aria-label&quot;,
        &quot;impact&quot; : &quot;serious&quot;,
        &quot;message&quot; : &quot;aria-label attribute does not exist or is empty&quot;,
        &quot;data&quot; : null,
        &quot;relatedNodes&quot; : [ ]
      }, {
        &quot;id&quot; : &quot;aria-labelledby&quot;,
        &quot;impact&quot; : &quot;serious&quot;,
        &quot;message&quot; : &quot;aria-labelledby attribute does not exist, references elements that do not exist or references elements that are empty&quot;,
        &quot;data&quot; : null,
        &quot;relatedNodes&quot; : [ ]
      }, {
        &quot;id&quot; : &quot;non-empty-title&quot;,
        &quot;impact&quot; : &quot;serious&quot;,
        &quot;message&quot; : &quot;Element has no title attribute&quot;,
        &quot;data&quot; : {
          &quot;messageKey&quot; : &quot;noAttr&quot;
        },
        &quot;relatedNodes&quot; : [ ]
      } ],
      &quot;all&quot; : [ ],
      &quot;none&quot; : [ {
        &quot;id&quot; : &quot;focusable-no-name&quot;,
        &quot;impact&quot; : &quot;serious&quot;,
        &quot;message&quot; : &quot;Element is in tab order and does not have accessible text&quot;,
        &quot;data&quot; : null,
        &quot;relatedNodes&quot; : [ ]
      } ],
      &quot;failureSummary&quot; : &quot;Fix all of the following:\n  Element is in tab order and does not have accessible text\n\nFix any of the following:\n  Element does not have text that is visible to screen readers\n  aria-label attribute does not exist or is empty\n  aria-labelledby attribute does not exist, references elements that do not exist or references elements that are empty\n  Element has no title attribute&quot;
    }, {
      &quot;html&quot; : &quot;&lt;a target=\&quot;player\&quot; data-text=\&quot;Why Mars died\&quot; class=\&quot;fader first\&quot; href=\&quot;http://www.youtube.com/embed/oC31pqk9sak?controls=1&amp;amp;showinfo=1&amp;amp;modestbranding=0&amp;amp;wmode=opaque&amp;amp;enablejsapi=1\&quot; id=\&quot;default\&quot;&gt;&lt;/a&gt;&quot;,
      &quot;target&quot; : [ &quot;a[data-text=\&quot;Why Mars died\&quot;]&quot; ],
      &quot;impact&quot; : &quot;serious&quot;,
      &quot;any&quot; : [ {
        &quot;id&quot; : &quot;has-visible-text&quot;,
        &quot;impact&quot; : &quot;minor&quot;,
        &quot;message&quot; : &quot;Element does not have text that is visible to screen readers&quot;,
        &quot;data&quot; : null,
        &quot;relatedNodes&quot; : [ ]
      }, {
        &quot;id&quot; : &quot;aria-label&quot;,
        &quot;impact&quot; : &quot;serious&quot;,
        &quot;message&quot; : &quot;aria-label attribute does not exist or is empty&quot;,
        &quot;data&quot; : null,
        &quot;relatedNodes&quot; : [ ]
      }, {
        &quot;id&quot; : &quot;aria-labelledby&quot;,
        &quot;impact&quot; : &quot;serious&quot;,
        &quot;message&quot; : &quot;aria-labelledby attribute does not exist, references elements that do not exist or references elements that are empty&quot;,
        &quot;data&quot; : null,
        &quot;relatedNodes&quot; : [ ]
      }, {
        &quot;id&quot; : &quot;non-empty-title&quot;,
        &quot;impact&quot; : &quot;serious&quot;,
        &quot;message&quot; : &quot;Element has no title attribute&quot;,
        &quot;data&quot; : {
          &quot;messageKey&quot; : &quot;noAttr&quot;
        },
        &quot;relatedNodes&quot; : [ ]
      } ],
      &quot;all&quot; : [ ],
      &quot;none&quot; : [ {
        &quot;id&quot; : &quot;focusable-no-name&quot;,
        &quot;impact&quot; : &quot;serious&quot;,
        &quot;message&quot; : &quot;Element is in tab order and does not have accessible text&quot;,
        &quot;data&quot; : null,
        &quot;relatedNodes&quot; : [ ]
      } ],
      &quot;failureSummary&quot; : &quot;Fix all of the following:\n  Element is in tab order and does not have accessible text\n\nFix any of the following:\n  Element does not have text that is visible to screen readers\n  aria-label attribute does not exist or is empty\n  aria-labelledby attribute does not exist, references elements that do not exist or references elements that are empty\n  Element has no title attribute&quot;
    }, {
      &quot;html&quot; : &quot;&lt;a target=\&quot;player\&quot; data-text=\&quot;The world that never was\&quot; class=\&quot;fader first\&quot; href=\&quot;http://www.youtube.com/embed/JgMXPXdqJn8?controls=1&amp;amp;showinfo=1&amp;amp;modestbranding=0&amp;amp;wmode=opaque&amp;amp;enablejsapi=1\&quot; id=\&quot;default\&quot;&gt;&lt;/a&gt;&quot;,
      &quot;target&quot; : [ &quot;a[data-text=\&quot;The world that never was\&quot;]&quot; ],
      &quot;impact&quot; : &quot;serious&quot;,
      &quot;any&quot; : [ {
        &quot;id&quot; : &quot;has-visible-text&quot;,
        &quot;impact&quot; : &quot;minor&quot;,
        &quot;message&quot; : &quot;Element does not have text that is visible to screen readers&quot;,
        &quot;data&quot; : null,
        &quot;relatedNodes&quot; : [ ]
      }, {
        &quot;id&quot; : &quot;aria-label&quot;,
        &quot;impact&quot; : &quot;serious&quot;,
        &quot;message&quot; : &quot;aria-label attribute does not exist or is empty&quot;,
        &quot;data&quot; : null,
        &quot;relatedNodes&quot; : [ ]
      }, {
        &quot;id&quot; : &quot;aria-labelledby&quot;,
        &quot;impact&quot; : &quot;serious&quot;,
        &quot;message&quot; : &quot;aria-labelledby attribute does not exist, references elements that do not exist or references elements that are empty&quot;,
        &quot;data&quot; : null,
        &quot;relatedNodes&quot; : [ ]
      }, {
        &quot;id&quot; : &quot;non-empty-title&quot;,
        &quot;impact&quot; : &quot;serious&quot;,
        &quot;message&quot; : &quot;Element has no title attribute&quot;,
        &quot;data&quot; : {
          &quot;messageKey&quot; : &quot;noAttr&quot;
        },
        &quot;relatedNodes&quot; : [ ]
      } ],
      &quot;all&quot; : [ ],
      &quot;none&quot; : [ {
        &quot;id&quot; : &quot;focusable-no-name&quot;,
        &quot;impact&quot; : &quot;serious&quot;,
        &quot;message&quot; : &quot;Element is in tab order and does not have accessible text&quot;,
        &quot;data&quot; : null,
        &quot;relatedNodes&quot; : [ ]
      } ],
      &quot;failureSummary&quot; : &quot;Fix all of the following:\n  Element is in tab order and does not have accessible text\n\nFix any of the following:\n  Element does not have text that is visible to screen readers\n  aria-label attribute does not exist or is empty\n  aria-labelledby attribute does not exist, references elements that do not exist or references elements that are empty\n  Element has no title attribute&quot;
    } ],
    &quot;url&quot; : null,
    &quot;createdDate&quot; : null
  }, {
    &quot;id&quot; : &quot;region&quot;,
    &quot;description&quot; : &quot;Ensures all page content is contained by landmarks&quot;,
    &quot;help&quot; : &quot;All page content should be contained by landmarks&quot;,
    &quot;helpUrl&quot; : &quot;https://dequeuniversity.com/rules/axe/4.6/region?application=axeAPI&quot;,
    &quot;impact&quot; : &quot;moderate&quot;,
    &quot;tags&quot; : [ &quot;cat.keyboard&quot;, &quot;best-practice&quot; ],
    &quot;nodes&quot; : [ {
      &quot;html&quot; : &quot;&lt;div style=\&quot;width: 1px; height: 1px; display: inline;\&quot;&gt;&quot;,
      &quot;target&quot; : [ &quot;body &gt; div:nth-child(1)&quot; ],
      &quot;impact&quot; : &quot;moderate&quot;,
      &quot;any&quot; : [ {
        &quot;id&quot; : &quot;region&quot;,
        &quot;impact&quot; : &quot;moderate&quot;,
        &quot;message&quot; : &quot;Some page content is not contained by landmarks&quot;,
        &quot;data&quot; : {
          &quot;isIframe&quot; : false
        },
        &quot;relatedNodes&quot; : [ ]
      } ],
      &quot;all&quot; : [ ],
      &quot;none&quot; : [ ],
      &quot;failureSummary&quot; : &quot;Fix any of the following:\n  Some page content is not contained by landmarks&quot;
    }, {
      &quot;html&quot; : &quot;&lt;div id=\&quot;purposeDisclaimer\&quot;&gt;This web page is for demonstration purposes, to show common accessibility errors.&lt;/div&gt;&quot;,
      &quot;target&quot; : [ &quot;#purposeDisclaimer&quot; ],
      &quot;impact&quot; : &quot;moderate&quot;,
      &quot;any&quot; : [ {
        &quot;id&quot; : &quot;region&quot;,
        &quot;impact&quot; : &quot;moderate&quot;,
        &quot;message&quot; : &quot;Some page content is not contained by landmarks&quot;,
        &quot;data&quot; : {
          &quot;isIframe&quot; : false
        },
        &quot;relatedNodes&quot; : [ ]
      } ],
      &quot;all&quot; : [ ],
      &quot;none&quot; : [ ],
      &quot;failureSummary&quot; : &quot;Fix any of the following:\n  Some page content is not contained by landmarks&quot;
    }, {
      &quot;html&quot; : &quot;&lt;input type=\&quot;text\&quot; class=\&quot;search\&quot; name=\&quot;query\&quot; placeholder=\&quot;search\&quot;&gt;&quot;,
      &quot;target&quot; : [ &quot;.loginnow &gt; .container-fluid-full &gt; .container &gt; .span5.pull-left.left-first &gt; .pull-left:nth-child(2) &gt; form[method=\&quot;get\&quot;][action=\&quot;/demo/mars/mars2\&quot;] &gt; .search[name=\&quot;query\&quot;][placeholder=\&quot;search\&quot;]&quot; ],
      &quot;impact&quot; : &quot;moderate&quot;,
      &quot;any&quot; : [ {
        &quot;id&quot; : &quot;region&quot;,
        &quot;impact&quot; : &quot;moderate&quot;,
        &quot;message&quot; : &quot;Some page content is not contained by landmarks&quot;,
        &quot;data&quot; : {
          &quot;isIframe&quot; : false
        },
        &quot;relatedNodes&quot; : [ ]
      } ],
      &quot;all&quot; : [ ],
      &quot;none&quot; : [ ],
      &quot;failureSummary&quot; : &quot;Fix any of the following:\n  Some page content is not contained by landmarks&quot;
    }, {
      &quot;html&quot; : &quot;&lt;div class=\&quot;span7 left-first pull-left\&quot; id=\&quot;left-column\&quot;&gt;&quot;,
      &quot;target&quot; : [ &quot;#left-column&quot; ],
      &quot;impact&quot; : &quot;moderate&quot;,
      &quot;any&quot; : [ {
        &quot;id&quot; : &quot;region&quot;,
        &quot;impact&quot; : &quot;moderate&quot;,
        &quot;message&quot; : &quot;Some page content is not contained by landmarks&quot;,
        &quot;data&quot; : {
          &quot;isIframe&quot; : false
        },
        &quot;relatedNodes&quot; : [ ]
      } ],
      &quot;all&quot; : [ ],
      &quot;none&quot; : [ ],
      &quot;failureSummary&quot; : &quot;Fix any of the following:\n  Some page content is not contained by landmarks&quot;
    }, {
      &quot;html&quot; : &quot;&lt;div id=\&quot;widget-controls\&quot; class=\&quot;widget-container head\&quot;&gt;&quot;,
      &quot;target&quot; : [ &quot;#widget-controls&quot; ],
      &quot;impact&quot; : &quot;moderate&quot;,
      &quot;any&quot; : [ {
        &quot;id&quot; : &quot;region&quot;,
        &quot;impact&quot; : &quot;moderate&quot;,
        &quot;message&quot; : &quot;Some page content is not contained by landmarks&quot;,
        &quot;data&quot; : {
          &quot;isIframe&quot; : false
        },
        &quot;relatedNodes&quot; : [ ]
      } ],
      &quot;all&quot; : [ ],
      &quot;none&quot; : [ ],
      &quot;failureSummary&quot; : &quot;Fix any of the following:\n  Some page content is not contained by landmarks&quot;
    }, {
      &quot;html&quot; : &quot;&lt;h3&gt;Book your Trip&lt;/h3&gt;&quot;,
      &quot;target&quot; : [ &quot;#route-select &gt; .interior-container &gt; h3&quot; ],
      &quot;impact&quot; : &quot;moderate&quot;,
      &quot;any&quot; : [ {
        &quot;id&quot; : &quot;region&quot;,
        &quot;impact&quot; : &quot;moderate&quot;,
        &quot;message&quot; : &quot;Some page content is not contained by landmarks&quot;,
        &quot;data&quot; : {
          &quot;isIframe&quot; : false
        },
        &quot;relatedNodes&quot; : [ ]
      } ],
      &quot;all&quot; : [ ],
      &quot;none&quot; : [ ],
      &quot;failureSummary&quot; : &quot;Fix any of the following:\n  Some page content is not contained by landmarks&quot;
    }, {
      &quot;html&quot; : &quot;&lt;div id=\&quot;route-type-radio-group\&quot; class=\&quot;\&quot;&gt;&quot;,
      &quot;target&quot; : [ &quot;#route-type-radio-group&quot; ],
      &quot;impact&quot; : &quot;moderate&quot;,
      &quot;any&quot; : [ {
        &quot;id&quot; : &quot;region&quot;,
        &quot;impact&quot; : &quot;moderate&quot;,
        &quot;message&quot; : &quot;Some page content is not contained by landmarks&quot;,
        &quot;data&quot; : {
          &quot;isIframe&quot; : false
        },
        &quot;relatedNodes&quot; : [ ]
      } ],
      &quot;all&quot; : [ ],
      &quot;none&quot; : [ ],
      &quot;failureSummary&quot; : &quot;Fix any of the following:\n  Some page content is not contained by landmarks&quot;
    }, {
      &quot;html&quot; : &quot;&lt;span class=\&quot;wrapper departure-city\&quot;&gt;&quot;,
      &quot;target&quot; : [ &quot;.departure-city&quot; ],
      &quot;impact&quot; : &quot;moderate&quot;,
      &quot;any&quot; : [ {
        &quot;id&quot; : &quot;region&quot;,
        &quot;impact&quot; : &quot;moderate&quot;,
        &quot;message&quot; : &quot;Some page content is not contained by landmarks&quot;,
        &quot;data&quot; : {
          &quot;isIframe&quot; : false
        },
        &quot;relatedNodes&quot; : [ ]
      } ],
      &quot;all&quot; : [ ],
      &quot;none&quot; : [ ],
      &quot;failureSummary&quot; : &quot;Fix any of the following:\n  Some page content is not contained by landmarks&quot;
    }, {
      &quot;html&quot; : &quot;&lt;span class=\&quot;wrapper arrival-city\&quot;&gt;&quot;,
      &quot;target&quot; : [ &quot;.arrival-city&quot; ],
      &quot;impact&quot; : &quot;moderate&quot;,
      &quot;any&quot; : [ {
        &quot;id&quot; : &quot;region&quot;,
        &quot;impact&quot; : &quot;moderate&quot;,
        &quot;message&quot; : &quot;Some page content is not contained by landmarks&quot;,
        &quot;data&quot; : {
          &quot;isIframe&quot; : false
        },
        &quot;relatedNodes&quot; : [ ]
      } ],
      &quot;all&quot; : [ ],
      &quot;none&quot; : [ ],
      &quot;failureSummary&quot; : &quot;Fix any of the following:\n  Some page content is not contained by landmarks&quot;
    }, {
      &quot;html&quot; : &quot;&lt;label for=\&quot;deptDate0\&quot;&gt;Departure Date&lt;/label&gt;&quot;,
      &quot;target&quot; : [ &quot;label[for=\&quot;deptDate0\&quot;]&quot; ],
      &quot;impact&quot; : &quot;moderate&quot;,
      &quot;any&quot; : [ {
        &quot;id&quot; : &quot;region&quot;,
        &quot;impact&quot; : &quot;moderate&quot;,
        &quot;message&quot; : &quot;Some page content is not contained by landmarks&quot;,
        &quot;data&quot; : {
          &quot;isIframe&quot; : false
        },
        &quot;relatedNodes&quot; : [ ]
      } ],
      &quot;all&quot; : [ ],
      &quot;none&quot; : [ ],
      &quot;failureSummary&quot; : &quot;Fix any of the following:\n  Some page content is not contained by landmarks&quot;
    }, {
      &quot;html&quot; : &quot;&lt;input size=\&quot;10\&quot; id=\&quot;deptDate0\&quot; name=\&quot;deptDate0\&quot; placeholder=\&quot;mm/dd/yyyy\&quot; value=\&quot;\&quot; tabindex=\&quot;3\&quot; class=\&quot;hasDatepicker input-dept\&quot;&gt;&quot;,
      &quot;target&quot; : [ &quot;#deptDate0&quot; ],
      &quot;impact&quot; : &quot;moderate&quot;,
      &quot;any&quot; : [ {
        &quot;id&quot; : &quot;region&quot;,
        &quot;impact&quot; : &quot;moderate&quot;,
        &quot;message&quot; : &quot;Some page content is not contained by landmarks&quot;,
        &quot;data&quot; : {
          &quot;isIframe&quot; : false
        },
        &quot;relatedNodes&quot; : [ ]
      } ],
      &quot;all&quot; : [ ],
      &quot;none&quot; : [ ],
      &quot;failureSummary&quot; : &quot;Fix any of the following:\n  Some page content is not contained by landmarks&quot;
    }, {
      &quot;html&quot; : &quot;&lt;span class=\&quot;wrapper time\&quot;&gt;&quot;,
      &quot;target&quot; : [ &quot;.time&quot; ],
      &quot;impact&quot; : &quot;moderate&quot;,
      &quot;any&quot; : [ {
        &quot;id&quot; : &quot;region&quot;,
        &quot;impact&quot; : &quot;moderate&quot;,
        &quot;message&quot; : &quot;Some page content is not contained by landmarks&quot;,
        &quot;data&quot; : {
          &quot;isIframe&quot; : false
        },
        &quot;relatedNodes&quot; : [ ]
      } ],
      &quot;all&quot; : [ ],
      &quot;none&quot; : [ ],
      &quot;failureSummary&quot; : &quot;Fix any of the following:\n  Some page content is not contained by landmarks&quot;
    }, {
      &quot;html&quot; : &quot;&lt;span class=\&quot;add-buttons wrapper add-trip add-leg-width\&quot;&gt;\n&lt;a class=\&quot;add-leg\&quot;&gt;&lt;span class=\&quot;icon\&quot;&gt;&lt;/span&gt;Add Another Trip&lt;/a&gt;\n\n&lt;/span&gt;&quot;,
      &quot;target&quot; : [ &quot;.add-leg-width.add-trip.add-buttons&quot; ],
      &quot;impact&quot; : &quot;moderate&quot;,
      &quot;any&quot; : [ {
        &quot;id&quot; : &quot;region&quot;,
        &quot;impact&quot; : &quot;moderate&quot;,
        &quot;message&quot; : &quot;Some page content is not contained by landmarks&quot;,
        &quot;data&quot; : {
          &quot;isIframe&quot; : false
        },
        &quot;relatedNodes&quot; : [ ]
      } ],
      &quot;all&quot; : [ ],
      &quot;none&quot; : [ ],
      &quot;failureSummary&quot; : &quot;Fix any of the following:\n  Some page content is not contained by landmarks&quot;
    }, {
      &quot;html&quot; : &quot;&lt;div id=\&quot;pass-question-radio-group\&quot; class=\&quot;\&quot;&gt;&quot;,
      &quot;target&quot; : [ &quot;#pass-question-radio-group&quot; ],
      &quot;impact&quot; : &quot;moderate&quot;,
      &quot;any&quot; : [ {
        &quot;id&quot; : &quot;region&quot;,
        &quot;impact&quot; : &quot;moderate&quot;,
        &quot;message&quot; : &quot;Some page content is not contained by landmarks&quot;,
        &quot;data&quot; : {
          &quot;isIframe&quot; : false
        },
        &quot;relatedNodes&quot; : [ ]
      } ],
      &quot;all&quot; : [ ],
      &quot;none&quot; : [ ],
      &quot;failureSummary&quot; : &quot;Fix any of the following:\n  Some page content is not contained by landmarks&quot;
    }, {
      &quot;html&quot; : &quot;&lt;h3&gt;Who Is Traveling?&lt;/h3&gt;&quot;,
      &quot;target&quot; : [ &quot;.middle.widget-container:nth-child(13) &gt; .interior-container &gt; h3&quot; ],
      &quot;impact&quot; : &quot;moderate&quot;,
      &quot;any&quot; : [ {
        &quot;id&quot; : &quot;region&quot;,
        &quot;impact&quot; : &quot;moderate&quot;,
        &quot;message&quot; : &quot;Some page content is not contained by landmarks&quot;,
        &quot;data&quot; : {
          &quot;isIframe&quot; : false
        },
        &quot;relatedNodes&quot; : [ ]
      } ],
      &quot;all&quot; : [ ],
      &quot;none&quot; : [ ],
      &quot;failureSummary&quot; : &quot;Fix any of the following:\n  Some page content is not contained by landmarks&quot;
    }, {
      &quot;html&quot; : &quot;&lt;span class=\&quot;wrapper\&quot;&gt;\n&lt;span class=\&quot;traveler-label\&quot;&gt;Traveler&lt;/span&gt;\n&lt;/span&gt;&quot;,
      &quot;target&quot; : [ &quot;#passenger0 &gt; .wrapper:nth-child(1)&quot; ],
      &quot;impact&quot; : &quot;moderate&quot;,
      &quot;any&quot; : [ {
        &quot;id&quot; : &quot;region&quot;,
        &quot;impact&quot; : &quot;moderate&quot;,
        &quot;message&quot; : &quot;Some page content is not contained by landmarks&quot;,
        &quot;data&quot; : {
          &quot;isIframe&quot; : false
        },
        &quot;relatedNodes&quot; : [ ]
      } ],
      &quot;all&quot; : [ ],
      &quot;none&quot; : [ ],
      &quot;failureSummary&quot; : &quot;Fix any of the following:\n  Some page content is not contained by landmarks&quot;
    }, {
      &quot;html&quot; : &quot;&lt;span class=\&quot;wrapper age-range\&quot;&gt;\n&lt;select id=\&quot;traveler0\&quot; class=\&quot;traveler-type\&quot;&gt;\n&lt;option value=\&quot;0\&quot;&gt;Adult (26+)&lt;/option&gt;\n&lt;option value=\&quot;1\&quot;&gt;Youth (12-25)&lt;/option&gt;\n&lt;option value=\&quot;2\&quot;&gt;Child (4-11)&lt;/option&gt;\n&lt;option value=\&quot;3\&quot;&gt;Senior (60+)&lt;/option&gt;\n&lt;/select&gt;\n&lt;/span&gt;&quot;,
      &quot;target&quot; : [ &quot;#passenger0 &gt; .age-range.wrapper&quot; ],
      &quot;impact&quot; : &quot;moderate&quot;,
      &quot;any&quot; : [ {
        &quot;id&quot; : &quot;region&quot;,
        &quot;impact&quot; : &quot;moderate&quot;,
        &quot;message&quot; : &quot;Some page content is not contained by landmarks&quot;,
        &quot;data&quot; : {
          &quot;isIframe&quot; : false
        },
        &quot;relatedNodes&quot; : [ ]
      } ],
      &quot;all&quot; : [ ],
      &quot;none&quot; : [ ],
      &quot;failureSummary&quot; : &quot;Fix any of the following:\n  Some page content is not contained by landmarks&quot;
    }, {
      &quot;html&quot; : &quot;&lt;div class=\&quot;add-buttons\&quot; id=\&quot;add-traveler\&quot;&gt;&quot;,
      &quot;target&quot; : [ &quot;#add-traveler&quot; ],
      &quot;impact&quot; : &quot;moderate&quot;,
      &quot;any&quot; : [ {
        &quot;id&quot; : &quot;region&quot;,
        &quot;impact&quot; : &quot;moderate&quot;,
        &quot;message&quot; : &quot;Some page content is not contained by landmarks&quot;,
        &quot;data&quot; : {
          &quot;isIframe&quot; : false
        },
        &quot;relatedNodes&quot; : [ ]
      } ],
      &quot;all&quot; : [ ],
      &quot;none&quot; : [ ],
      &quot;failureSummary&quot; : &quot;Fix any of the following:\n  Some page content is not contained by landmarks&quot;
    }, {
      &quot;html&quot; : &quot;&lt;h3 id=\&quot;video-text\&quot;&gt;Life was possible on Mars&lt;/h3&gt;&quot;,
      &quot;target&quot; : [ &quot;#video-text&quot; ],
      &quot;impact&quot; : &quot;moderate&quot;,
      &quot;any&quot; : [ {
        &quot;id&quot; : &quot;region&quot;,
        &quot;impact&quot; : &quot;moderate&quot;,
        &quot;message&quot; : &quot;Some page content is not contained by landmarks&quot;,
        &quot;data&quot; : {
          &quot;isIframe&quot; : false
        },
        &quot;relatedNodes&quot; : [ ]
      } ],
      &quot;all&quot; : [ ],
      &quot;none&quot; : [ ],
      &quot;failureSummary&quot; : &quot;Fix any of the following:\n  Some page content is not contained by landmarks&quot;
    }, {
      &quot;html&quot; : &quot;&lt;div id=\&quot;player\&quot; style=\&quot;width: 100%; height: 100%;\&quot;&gt;&quot;,
      &quot;target&quot; : [ &quot;#player&quot;, &quot;#player&quot; ],
      &quot;impact&quot; : &quot;moderate&quot;,
      &quot;any&quot; : [ {
        &quot;id&quot; : &quot;region&quot;,
        &quot;impact&quot; : &quot;moderate&quot;,
        &quot;message&quot; : &quot;Some page content is not contained by landmarks&quot;,
        &quot;data&quot; : {
          &quot;isIframe&quot; : false
        },
        &quot;relatedNodes&quot; : [ ]
      } ],
      &quot;all&quot; : [ ],
      &quot;none&quot; : [ ],
      &quot;failureSummary&quot; : &quot;Fix any of the following:\n  Some page content is not contained by landmarks&quot;
    }, {
      &quot;html&quot; : &quot;&lt;tr&gt;&lt;td&gt;&lt;span class=\&quot;fsl fwb\&quot;&gt;&lt;a href=\&quot;../mars2.html\&quot; target=\&quot;_blank\&quot;&gt;Mars Commuter Express&lt;/a&gt;&lt;/span&gt;&lt;/td&gt;&lt;/tr&gt;&quot;,
      &quot;target&quot; : [ &quot;#fafbba78&quot;, &quot;._8m &gt; table &gt; tbody &gt; tr:nth-child(1)&quot; ],
      &quot;impact&quot; : &quot;moderate&quot;,
      &quot;any&quot; : [ {
        &quot;id&quot; : &quot;region&quot;,
        &quot;impact&quot; : &quot;moderate&quot;,
        &quot;message&quot; : &quot;Some page content is not contained by landmarks&quot;,
        &quot;data&quot; : {
          &quot;isIframe&quot; : false
        },
        &quot;relatedNodes&quot; : [ ]
      } ],
      &quot;all&quot; : [ ],
      &quot;none&quot; : [ ],
      &quot;failureSummary&quot; : &quot;Fix any of the following:\n  Some page content is not contained by landmarks&quot;
    }, {
      &quot;html&quot; : &quot;&lt;span id=\&quot;u_0_2\&quot;&gt;378,121&lt;/span&gt;&quot;,
      &quot;target&quot; : [ &quot;#fafbba78&quot;, &quot;#u_0_2&quot; ],
      &quot;impact&quot; : &quot;moderate&quot;,
      &quot;any&quot; : [ {
        &quot;id&quot; : &quot;region&quot;,
        &quot;impact&quot; : &quot;moderate&quot;,
        &quot;message&quot; : &quot;Some page content is not contained by landmarks&quot;,
        &quot;data&quot; : {
          &quot;isIframe&quot; : false
        },
        &quot;relatedNodes&quot; : [ ]
      } ],
      &quot;all&quot; : [ ],
      &quot;none&quot; : [ ],
      &quot;failureSummary&quot; : &quot;Fix any of the following:\n  Some page content is not contained by landmarks&quot;
    }, {
      &quot;html&quot; : &quot;&lt;div class=\&quot;btn-o\&quot; contextmenu=\&quot;menu\&quot;&gt;&lt;a id=\&quot;follow-button\&quot; target=\&quot;_blank\&quot; class=\&quot;btn\&quot; title=\&quot;Follow MarsCommuter on Twitter\&quot; href=\&quot;mars2.html\&quot;&gt;&lt;i&gt;&lt;/i&gt;&lt;span class=\&quot;label\&quot; id=\&quot;l\&quot;&gt;Follow @MarsTrip1&lt;/span&gt;&lt;/a&gt;&lt;/div&gt;&quot;,
      &quot;target&quot; : [ &quot;.twitter-follow-button&quot;, &quot;.btn-o&quot; ],
      &quot;impact&quot; : &quot;moderate&quot;,
      &quot;any&quot; : [ {
        &quot;id&quot; : &quot;region&quot;,
        &quot;impact&quot; : &quot;moderate&quot;,
        &quot;message&quot; : &quot;Some page content is not contained by landmarks&quot;,
        &quot;data&quot; : {
          &quot;isIframe&quot; : false
        },
        &quot;relatedNodes&quot; : [ ]
      } ],
      &quot;all&quot; : [ ],
      &quot;none&quot; : [ ],
      &quot;failureSummary&quot; : &quot;Fix any of the following:\n  Some page content is not contained by landmarks&quot;
    }, {
      &quot;html&quot; : &quot;&lt;img src=\&quot;../images/f.gif\&quot; alt=\&quot;\&quot; style=\&quot;position: absolute; height: 1px; width: 1px; top: -9999px; left: -9999px;\&quot;&gt;&quot;,
      &quot;target&quot; : [ &quot;.twitter-follow-button&quot;, &quot;img[src=\&quot;../images/f.gif\&quot;]&quot; ],
      &quot;impact&quot; : &quot;moderate&quot;,
      &quot;any&quot; : [ {
        &quot;id&quot; : &quot;region&quot;,
        &quot;impact&quot; : &quot;moderate&quot;,
        &quot;message&quot; : &quot;Some page content is not contained by landmarks&quot;,
        &quot;data&quot; : {
          &quot;isIframe&quot; : false
        },
        &quot;relatedNodes&quot; : [ ]
      } ],
      &quot;all&quot; : [ ],
      &quot;none&quot; : [ ],
      &quot;failureSummary&quot; : &quot;Fix any of the following:\n  Some page content is not contained by landmarks&quot;
    }, {
      &quot;html&quot; : &quot;&lt;img src=\&quot;jot\&quot; alt=\&quot;\&quot; style=\&quot;position: absolute; height: 1px; width: 1px; top: -9999px; left: -9999px;\&quot;&gt;&quot;,
      &quot;target&quot; : [ &quot;.twitter-follow-button&quot;, &quot;img[src$=\&quot;jot\&quot;]&quot; ],
      &quot;impact&quot; : &quot;moderate&quot;,
      &quot;any&quot; : [ {
        &quot;id&quot; : &quot;region&quot;,
        &quot;impact&quot; : &quot;moderate&quot;,
        &quot;message&quot; : &quot;Some page content is not contained by landmarks&quot;,
        &quot;data&quot; : {
          &quot;isIframe&quot; : false
        },
        &quot;relatedNodes&quot; : [ ]
      } ],
      &quot;all&quot; : [ ],
      &quot;none&quot; : [ ],
      &quot;failureSummary&quot; : &quot;Fix any of the following:\n  Some page content is not contained by landmarks&quot;
    }, {
      &quot;html&quot; : &quot;&lt;li class=\&quot;social-google\&quot;&gt;&quot;,
      &quot;target&quot; : [ &quot;.social-google&quot; ],
      &quot;impact&quot; : &quot;moderate&quot;,
      &quot;any&quot; : [ {
        &quot;id&quot; : &quot;region&quot;,
        &quot;impact&quot; : &quot;moderate&quot;,
        &quot;message&quot; : &quot;Some page content is not contained by landmarks&quot;,
        &quot;data&quot; : {
          &quot;isIframe&quot; : false
        },
        &quot;relatedNodes&quot; : [ ]
      } ],
      &quot;all&quot; : [ ],
      &quot;none&quot; : [ ],
      &quot;failureSummary&quot; : &quot;Fix any of the following:\n  Some page content is not contained by landmarks&quot;
    }, {
      &quot;html&quot; : &quot;&lt;li class=\&quot;social-app\&quot;&gt;&quot;,
      &quot;target&quot; : [ &quot;.social-app&quot; ],
      &quot;impact&quot; : &quot;moderate&quot;,
      &quot;any&quot; : [ {
        &quot;id&quot; : &quot;region&quot;,
        &quot;impact&quot; : &quot;moderate&quot;,
        &quot;message&quot; : &quot;Some page content is not contained by landmarks&quot;,
        &quot;data&quot; : {
          &quot;isIframe&quot; : false
        },
        &quot;relatedNodes&quot; : [ ]
      } ],
      &quot;all&quot; : [ ],
      &quot;none&quot; : [ ],
      &quot;failureSummary&quot; : &quot;Fix any of the following:\n  Some page content is not contained by landmarks&quot;
    }, {
      &quot;html&quot; : &quot;&lt;li class=\&quot;social-community\&quot;&gt;&quot;,
      &quot;target&quot; : [ &quot;.social-community&quot; ],
      &quot;impact&quot; : &quot;moderate&quot;,
      &quot;any&quot; : [ {
        &quot;id&quot; : &quot;region&quot;,
        &quot;impact&quot; : &quot;moderate&quot;,
        &quot;message&quot; : &quot;Some page content is not contained by landmarks&quot;,
        &quot;data&quot; : {
          &quot;isIframe&quot; : false
        },
        &quot;relatedNodes&quot; : [ ]
      } ],
      &quot;all&quot; : [ ],
      &quot;none&quot; : [ ],
      &quot;failureSummary&quot; : &quot;Fix any of the following:\n  Some page content is not contained by landmarks&quot;
    }, {
      &quot;html&quot; : &quot;&lt;h4&gt;Book Your Trip&lt;/h4&gt;&quot;,
      &quot;target&quot; : [ &quot;#footer-book &gt; h4&quot; ],
      &quot;impact&quot; : &quot;moderate&quot;,
      &quot;any&quot; : [ {
        &quot;id&quot; : &quot;region&quot;,
        &quot;impact&quot; : &quot;moderate&quot;,
        &quot;message&quot; : &quot;Some page content is not contained by landmarks&quot;,
        &quot;data&quot; : {
          &quot;isIframe&quot; : false
        },
        &quot;relatedNodes&quot; : [ ]
      } ],
      &quot;all&quot; : [ ],
      &quot;none&quot; : [ ],
      &quot;failureSummary&quot; : &quot;Fix any of the following:\n  Some page content is not contained by landmarks&quot;
    }, {
      &quot;html&quot; : &quot;&lt;ul&gt;&quot;,
      &quot;target&quot; : [ &quot;#footer-book &gt; ul&quot; ],
      &quot;impact&quot; : &quot;moderate&quot;,
      &quot;any&quot; : [ {
        &quot;id&quot; : &quot;region&quot;,
        &quot;impact&quot; : &quot;moderate&quot;,
        &quot;message&quot; : &quot;Some page content is not contained by landmarks&quot;,
        &quot;data&quot; : {
          &quot;isIframe&quot; : false
        },
        &quot;relatedNodes&quot; : [ ]
      } ],
      &quot;all&quot; : [ ],
      &quot;none&quot; : [ ],
      &quot;failureSummary&quot; : &quot;Fix any of the following:\n  Some page content is not contained by landmarks&quot;
    }, {
      &quot;html&quot; : &quot;&lt;h4&gt;Mars Shuttles&lt;/h4&gt;&quot;,
      &quot;target&quot; : [ &quot;#footer-trains &gt; h4&quot; ],
      &quot;impact&quot; : &quot;moderate&quot;,
      &quot;any&quot; : [ {
        &quot;id&quot; : &quot;region&quot;,
        &quot;impact&quot; : &quot;moderate&quot;,
        &quot;message&quot; : &quot;Some page content is not contained by landmarks&quot;,
        &quot;data&quot; : {
          &quot;isIframe&quot; : false
        },
        &quot;relatedNodes&quot; : [ ]
      } ],
      &quot;all&quot; : [ ],
      &quot;none&quot; : [ ],
      &quot;failureSummary&quot; : &quot;Fix any of the following:\n  Some page content is not contained by landmarks&quot;
    }, {
      &quot;html&quot; : &quot;&lt;ul&gt;&quot;,
      &quot;target&quot; : [ &quot;#footer-trains &gt; ul&quot; ],
      &quot;impact&quot; : &quot;moderate&quot;,
      &quot;any&quot; : [ {
        &quot;id&quot; : &quot;region&quot;,
        &quot;impact&quot; : &quot;moderate&quot;,
        &quot;message&quot; : &quot;Some page content is not contained by landmarks&quot;,
        &quot;data&quot; : {
          &quot;isIframe&quot; : false
        },
        &quot;relatedNodes&quot; : [ ]
      } ],
      &quot;all&quot; : [ ],
      &quot;none&quot; : [ ],
      &quot;failureSummary&quot; : &quot;Fix any of the following:\n  Some page content is not contained by landmarks&quot;
    }, {
      &quot;html&quot; : &quot;&lt;h4&gt;Mars Tourist Passes&lt;/h4&gt;&quot;,
      &quot;target&quot; : [ &quot;#footer-passes &gt; h4&quot; ],
      &quot;impact&quot; : &quot;moderate&quot;,
      &quot;any&quot; : [ {
        &quot;id&quot; : &quot;region&quot;,
        &quot;impact&quot; : &quot;moderate&quot;,
        &quot;message&quot; : &quot;Some page content is not contained by landmarks&quot;,
        &quot;data&quot; : {
          &quot;isIframe&quot; : false
        },
        &quot;relatedNodes&quot; : [ ]
      } ],
      &quot;all&quot; : [ ],
      &quot;none&quot; : [ ],
      &quot;failureSummary&quot; : &quot;Fix any of the following:\n  Some page content is not contained by landmarks&quot;
    }, {
      &quot;html&quot; : &quot;&lt;ul&gt;&quot;,
      &quot;target&quot; : [ &quot;#footer-passes &gt; ul&quot; ],
      &quot;impact&quot; : &quot;moderate&quot;,
      &quot;any&quot; : [ {
        &quot;id&quot; : &quot;region&quot;,
        &quot;impact&quot; : &quot;moderate&quot;,
        &quot;message&quot; : &quot;Some page content is not contained by landmarks&quot;,
        &quot;data&quot; : {
          &quot;isIframe&quot; : false
        },
        &quot;relatedNodes&quot; : [ ]
      } ],
      &quot;all&quot; : [ ],
      &quot;none&quot; : [ ],
      &quot;failureSummary&quot; : &quot;Fix any of the following:\n  Some page content is not contained by landmarks&quot;
    }, {
      &quot;html&quot; : &quot;&lt;h4&gt;Mars Adventures&lt;/h4&gt;&quot;,
      &quot;target&quot; : [ &quot;#footer-plan &gt; h4&quot; ],
      &quot;impact&quot; : &quot;moderate&quot;,
      &quot;any&quot; : [ {
        &quot;id&quot; : &quot;region&quot;,
        &quot;impact&quot; : &quot;moderate&quot;,
        &quot;message&quot; : &quot;Some page content is not contained by landmarks&quot;,
        &quot;data&quot; : {
          &quot;isIframe&quot; : false
        },
        &quot;relatedNodes&quot; : [ ]
      } ],
      &quot;all&quot; : [ ],
      &quot;none&quot; : [ ],
      &quot;failureSummary&quot; : &quot;Fix any of the following:\n  Some page content is not contained by landmarks&quot;
    }, {
      &quot;html&quot; : &quot;&lt;ul&gt;&quot;,
      &quot;target&quot; : [ &quot;#footer-plan &gt; ul&quot; ],
      &quot;impact&quot; : &quot;moderate&quot;,
      &quot;any&quot; : [ {
        &quot;id&quot; : &quot;region&quot;,
        &quot;impact&quot; : &quot;moderate&quot;,
        &quot;message&quot; : &quot;Some page content is not contained by landmarks&quot;,
        &quot;data&quot; : {
          &quot;isIframe&quot; : false
        },
        &quot;relatedNodes&quot; : [ ]
      } ],
      &quot;all&quot; : [ ],
      &quot;none&quot; : [ ],
      &quot;failureSummary&quot; : &quot;Fix any of the following:\n  Some page content is not contained by landmarks&quot;
    }, {
      &quot;html&quot; : &quot;&lt;h4&gt;FAQs&lt;/h4&gt;&quot;,
      &quot;target&quot; : [ &quot;#footer-faq &gt; h4&quot; ],
      &quot;impact&quot; : &quot;moderate&quot;,
      &quot;any&quot; : [ {
        &quot;id&quot; : &quot;region&quot;,
        &quot;impact&quot; : &quot;moderate&quot;,
        &quot;message&quot; : &quot;Some page content is not contained by landmarks&quot;,
        &quot;data&quot; : {
          &quot;isIframe&quot; : false
        },
        &quot;relatedNodes&quot; : [ ]
      } ],
      &quot;all&quot; : [ ],
      &quot;none&quot; : [ ],
      &quot;failureSummary&quot; : &quot;Fix any of the following:\n  Some page content is not contained by landmarks&quot;
    }, {
      &quot;html&quot; : &quot;&lt;ul&gt;&quot;,
      &quot;target&quot; : [ &quot;#footer-faq &gt; ul&quot; ],
      &quot;impact&quot; : &quot;moderate&quot;,
      &quot;any&quot; : [ {
        &quot;id&quot; : &quot;region&quot;,
        &quot;impact&quot; : &quot;moderate&quot;,
        &quot;message&quot; : &quot;Some page content is not contained by landmarks&quot;,
        &quot;data&quot; : {
          &quot;isIframe&quot; : false
        },
        &quot;relatedNodes&quot; : [ ]
      } ],
      &quot;all&quot; : [ ],
      &quot;none&quot; : [ ],
      &quot;failureSummary&quot; : &quot;Fix any of the following:\n  Some page content is not contained by landmarks&quot;
    }, {
      &quot;html&quot; : &quot;&lt;h4&gt;Connect With Us&lt;/h4&gt;&quot;,
      &quot;target&quot; : [ &quot;#footer-connect &gt; h4&quot; ],
      &quot;impact&quot; : &quot;moderate&quot;,
      &quot;any&quot; : [ {
        &quot;id&quot; : &quot;region&quot;,
        &quot;impact&quot; : &quot;moderate&quot;,
        &quot;message&quot; : &quot;Some page content is not contained by landmarks&quot;,
        &quot;data&quot; : {
          &quot;isIframe&quot; : false
        },
        &quot;relatedNodes&quot; : [ ]
      } ],
      &quot;all&quot; : [ ],
      &quot;none&quot; : [ ],
      &quot;failureSummary&quot; : &quot;Fix any of the following:\n  Some page content is not contained by landmarks&quot;
    }, {
      &quot;html&quot; : &quot;&lt;ul&gt;&quot;,
      &quot;target&quot; : [ &quot;#footer-connect &gt; ul&quot; ],
      &quot;impact&quot; : &quot;moderate&quot;,
      &quot;any&quot; : [ {
        &quot;id&quot; : &quot;region&quot;,
        &quot;impact&quot; : &quot;moderate&quot;,
        &quot;message&quot; : &quot;Some page content is not contained by landmarks&quot;,
        &quot;data&quot; : {
          &quot;isIframe&quot; : false
        },
        &quot;relatedNodes&quot; : [ ]
      } ],
      &quot;all&quot; : [ ],
      &quot;none&quot; : [ ],
      &quot;failureSummary&quot; : &quot;Fix any of the following:\n  Some page content is not contained by landmarks&quot;
    }, {
      &quot;html&quot; : &quot;&lt;div id=\&quot;copyright\&quot; class=\&quot;container\&quot;&gt;&quot;,
      &quot;target&quot; : [ &quot;#copyright&quot; ],
      &quot;impact&quot; : &quot;moderate&quot;,
      &quot;any&quot; : [ {
        &quot;id&quot; : &quot;region&quot;,
        &quot;impact&quot; : &quot;moderate&quot;,
        &quot;message&quot; : &quot;Some page content is not contained by landmarks&quot;,
        &quot;data&quot; : {
          &quot;isIframe&quot; : false
        },
        &quot;relatedNodes&quot; : [ ]
      } ],
      &quot;all&quot; : [ ],
      &quot;none&quot; : [ ],
      &quot;failureSummary&quot; : &quot;Fix any of the following:\n  Some page content is not contained by landmarks&quot;
    } ],
    &quot;url&quot; : null,
    &quot;createdDate&quot; : null
  }, {
    &quot;id&quot; : &quot;select-name&quot;,
    &quot;description&quot; : &quot;Ensures select element has an accessible name&quot;,
    &quot;help&quot; : &quot;Select element must have an accessible name&quot;,
    &quot;helpUrl&quot; : &quot;https://dequeuniversity.com/rules/axe/4.6/select-name?application=axeAPI&quot;,
    &quot;impact&quot; : &quot;critical&quot;,
    &quot;tags&quot; : [ &quot;cat.forms&quot;, &quot;wcag2a&quot;, &quot;wcag412&quot;, &quot;section508&quot;, &quot;section508.22.n&quot;, &quot;ACT&quot; ],
    &quot;nodes&quot; : [ {
      &quot;html&quot; : &quot;&lt;select name=\&quot;time0\&quot; id=\&quot;time0\&quot; class=\&quot;select-time\&quot; tabindex=\&quot;4\&quot;&gt;&quot;,
      &quot;target&quot; : [ &quot;#time0&quot; ],
      &quot;impact&quot; : &quot;critical&quot;,
      &quot;any&quot; : [ {
        &quot;id&quot; : &quot;implicit-label&quot;,
        &quot;impact&quot; : &quot;critical&quot;,
        &quot;message&quot; : &quot;Form element does not have an implicit (wrapped) &lt;label&gt;&quot;,
        &quot;data&quot; : null,
        &quot;relatedNodes&quot; : [ ]
      }, {
        &quot;id&quot; : &quot;explicit-label&quot;,
        &quot;impact&quot; : &quot;critical&quot;,
        &quot;message&quot; : &quot;Form element does not have an explicit &lt;label&gt;&quot;,
        &quot;data&quot; : null,
        &quot;relatedNodes&quot; : [ ]
      }, {
        &quot;id&quot; : &quot;aria-label&quot;,
        &quot;impact&quot; : &quot;serious&quot;,
        &quot;message&quot; : &quot;aria-label attribute does not exist or is empty&quot;,
        &quot;data&quot; : null,
        &quot;relatedNodes&quot; : [ ]
      }, {
        &quot;id&quot; : &quot;aria-labelledby&quot;,
        &quot;impact&quot; : &quot;serious&quot;,
        &quot;message&quot; : &quot;aria-labelledby attribute does not exist, references elements that do not exist or references elements that are empty&quot;,
        &quot;data&quot; : null,
        &quot;relatedNodes&quot; : [ ]
      }, {
        &quot;id&quot; : &quot;non-empty-title&quot;,
        &quot;impact&quot; : &quot;serious&quot;,
        &quot;message&quot; : &quot;Element has no title attribute&quot;,
        &quot;data&quot; : {
          &quot;messageKey&quot; : &quot;noAttr&quot;
        },
        &quot;relatedNodes&quot; : [ ]
      }, {
        &quot;id&quot; : &quot;presentational-role&quot;,
        &quot;impact&quot; : &quot;minor&quot;,
        &quot;message&quot; : &quot;Element&#039;s default semantics were not overridden with role=\&quot;none\&quot; or role=\&quot;presentation\&quot;&quot;,
        &quot;data&quot; : null,
        &quot;relatedNodes&quot; : [ ]
      } ],
      &quot;all&quot; : [ ],
      &quot;none&quot; : [ ],
      &quot;failureSummary&quot; : &quot;Fix any of the following:\n  Form element does not have an implicit (wrapped) &lt;label&gt;\n  Form element does not have an explicit &lt;label&gt;\n  aria-label attribute does not exist or is empty\n  aria-labelledby attribute does not exist, references elements that do not exist or references elements that are empty\n  Element has no title attribute\n  Element&#039;s default semantics were not overridden with role=\&quot;none\&quot; or role=\&quot;presentation\&quot;&quot;
    }, {
      &quot;html&quot; : &quot;&lt;select id=\&quot;traveler0\&quot; class=\&quot;traveler-type\&quot;&gt;\n&lt;option value=\&quot;0\&quot;&gt;Adult (26+)&lt;/option&gt;\n&lt;option value=\&quot;1\&quot;&gt;Youth (12-25)&lt;/option&gt;\n&lt;option value=\&quot;2\&quot;&gt;Child (4-11)&lt;/option&gt;\n&lt;option value=\&quot;3\&quot;&gt;Senior (60+)&lt;/option&gt;\n&lt;/select&gt;&quot;,
      &quot;target&quot; : [ &quot;#passenger0 &gt; .age-range.wrapper &gt; .traveler-type&quot; ],
      &quot;impact&quot; : &quot;critical&quot;,
      &quot;any&quot; : [ {
        &quot;id&quot; : &quot;implicit-label&quot;,
        &quot;impact&quot; : &quot;critical&quot;,
        &quot;message&quot; : &quot;Form element does not have an implicit (wrapped) &lt;label&gt;&quot;,
        &quot;data&quot; : null,
        &quot;relatedNodes&quot; : [ ]
      }, {
        &quot;id&quot; : &quot;explicit-label&quot;,
        &quot;impact&quot; : &quot;critical&quot;,
        &quot;message&quot; : &quot;Form element does not have an explicit &lt;label&gt;&quot;,
        &quot;data&quot; : null,
        &quot;relatedNodes&quot; : [ ]
      }, {
        &quot;id&quot; : &quot;aria-label&quot;,
        &quot;impact&quot; : &quot;serious&quot;,
        &quot;message&quot; : &quot;aria-label attribute does not exist or is empty&quot;,
        &quot;data&quot; : null,
        &quot;relatedNodes&quot; : [ ]
      }, {
        &quot;id&quot; : &quot;aria-labelledby&quot;,
        &quot;impact&quot; : &quot;serious&quot;,
        &quot;message&quot; : &quot;aria-labelledby attribute does not exist, references elements that do not exist or references elements that are empty&quot;,
        &quot;data&quot; : null,
        &quot;relatedNodes&quot; : [ ]
      }, {
        &quot;id&quot; : &quot;non-empty-title&quot;,
        &quot;impact&quot; : &quot;serious&quot;,
        &quot;message&quot; : &quot;Element has no title attribute&quot;,
        &quot;data&quot; : {
          &quot;messageKey&quot; : &quot;noAttr&quot;
        },
        &quot;relatedNodes&quot; : [ ]
      }, {
        &quot;id&quot; : &quot;presentational-role&quot;,
        &quot;impact&quot; : &quot;minor&quot;,
        &quot;message&quot; : &quot;Element&#039;s default semantics were not overridden with role=\&quot;none\&quot; or role=\&quot;presentation\&quot;&quot;,
        &quot;data&quot; : null,
        &quot;relatedNodes&quot; : [ ]
      } ],
      &quot;all&quot; : [ ],
      &quot;none&quot; : [ ],
      &quot;failureSummary&quot; : &quot;Fix any of the following:\n  Form element does not have an implicit (wrapped) &lt;label&gt;\n  Form element does not have an explicit &lt;label&gt;\n  aria-label attribute does not exist or is empty\n  aria-labelledby attribute does not exist, references elements that do not exist or references elements that are empty\n  Element has no title attribute\n  Element&#039;s default semantics were not overridden with role=\&quot;none\&quot; or role=\&quot;presentation\&quot;&quot;
    } ],
    &quot;url&quot; : null,
    &quot;createdDate&quot; : null
  }, {
    &quot;id&quot; : &quot;tabindex&quot;,
    &quot;description&quot; : &quot;Ensures tabindex attribute values are not greater than 0&quot;,
    &quot;help&quot; : &quot;Elements should not have tabindex greater than zero&quot;,
    &quot;helpUrl&quot; : &quot;https://dequeuniversity.com/rules/axe/4.6/tabindex?application=axeAPI&quot;,
    &quot;impact&quot; : &quot;serious&quot;,
    &quot;tags&quot; : [ &quot;cat.keyboard&quot;, &quot;best-practice&quot; ],
    &quot;nodes&quot; : [ {
      &quot;html&quot; : &quot;&lt;input type=\&quot;text\&quot; value=\&quot;\&quot; class=\&quot;city-input ac_input ui-autocomplete-input\&quot; autocomplete=\&quot;off\&quot; id=\&quot;from0\&quot; name=\&quot;from0\&quot; tabindex=\&quot;1\&quot; role=\&quot;textbox\&quot; aria-autocomplete=\&quot;list\&quot; aria-haspopup=\&quot;true\&quot;&gt;&quot;,
      &quot;target&quot; : [ &quot;#from0&quot; ],
      &quot;impact&quot; : &quot;serious&quot;,
      &quot;any&quot; : [ {
        &quot;id&quot; : &quot;tabindex&quot;,
        &quot;impact&quot; : &quot;serious&quot;,
        &quot;message&quot; : &quot;Element has a tabindex greater than 0&quot;,
        &quot;data&quot; : null,
        &quot;relatedNodes&quot; : [ ]
      } ],
      &quot;all&quot; : [ ],
      &quot;none&quot; : [ ],
      &quot;failureSummary&quot; : &quot;Fix any of the following:\n  Element has a tabindex greater than 0&quot;
    }, {
      &quot;html&quot; : &quot;&lt;input type=\&quot;text\&quot; value=\&quot;\&quot; class=\&quot;city-input ac_input ui-autocomplete-input\&quot; autocomplete=\&quot;off\&quot; id=\&quot;to0\&quot; name=\&quot;to0\&quot; tabindex=\&quot;1\&quot; role=\&quot;textbox\&quot; aria-autocomplete=\&quot;list\&quot; aria-haspopup=\&quot;true\&quot;&gt;&quot;,
      &quot;target&quot; : [ &quot;#to0&quot; ],
      &quot;impact&quot; : &quot;serious&quot;,
      &quot;any&quot; : [ {
        &quot;id&quot; : &quot;tabindex&quot;,
        &quot;impact&quot; : &quot;serious&quot;,
        &quot;message&quot; : &quot;Element has a tabindex greater than 0&quot;,
        &quot;data&quot; : null,
        &quot;relatedNodes&quot; : [ ]
      } ],
      &quot;all&quot; : [ ],
      &quot;none&quot; : [ ],
      &quot;failureSummary&quot; : &quot;Fix any of the following:\n  Element has a tabindex greater than 0&quot;
    }, {
      &quot;html&quot; : &quot;&lt;input size=\&quot;10\&quot; id=\&quot;deptDate0\&quot; name=\&quot;deptDate0\&quot; placeholder=\&quot;mm/dd/yyyy\&quot; value=\&quot;\&quot; tabindex=\&quot;3\&quot; class=\&quot;hasDatepicker input-dept\&quot;&gt;&quot;,
      &quot;target&quot; : [ &quot;#deptDate0&quot; ],
      &quot;impact&quot; : &quot;serious&quot;,
      &quot;any&quot; : [ {
        &quot;id&quot; : &quot;tabindex&quot;,
        &quot;impact&quot; : &quot;serious&quot;,
        &quot;message&quot; : &quot;Element has a tabindex greater than 0&quot;,
        &quot;data&quot; : null,
        &quot;relatedNodes&quot; : [ ]
      } ],
      &quot;all&quot; : [ ],
      &quot;none&quot; : [ ],
      &quot;failureSummary&quot; : &quot;Fix any of the following:\n  Element has a tabindex greater than 0&quot;
    }, {
      &quot;html&quot; : &quot;&lt;select name=\&quot;time0\&quot; id=\&quot;time0\&quot; class=\&quot;select-time\&quot; tabindex=\&quot;4\&quot;&gt;&quot;,
      &quot;target&quot; : [ &quot;#time0&quot; ],
      &quot;impact&quot; : &quot;serious&quot;,
      &quot;any&quot; : [ {
        &quot;id&quot; : &quot;tabindex&quot;,
        &quot;impact&quot; : &quot;serious&quot;,
        &quot;message&quot; : &quot;Element has a tabindex greater than 0&quot;,
        &quot;data&quot; : null,
        &quot;relatedNodes&quot; : [ ]
      } ],
      &quot;all&quot; : [ ],
      &quot;none&quot; : [ ],
      &quot;failureSummary&quot; : &quot;Fix any of the following:\n  Element has a tabindex greater than 0&quot;
    } ],
    &quot;url&quot; : null,
    &quot;createdDate&quot; : null
  } ],
  &quot;incomplete&quot; : [ {
    &quot;id&quot; : &quot;aria-allowed-attr&quot;,
    &quot;description&quot; : &quot;Ensures ARIA attributes are allowed for an element&#039;s role&quot;,
    &quot;help&quot; : &quot;Elements must only use allowed ARIA attributes&quot;,
    &quot;helpUrl&quot; : &quot;https://dequeuniversity.com/rules/axe/4.6/aria-allowed-attr?application=axeAPI&quot;,
    &quot;impact&quot; : &quot;serious&quot;,
    &quot;tags&quot; : [ &quot;cat.aria&quot;, &quot;wcag2a&quot;, &quot;wcag412&quot; ],
    &quot;nodes&quot; : [ {
      &quot;html&quot; : &quot;&lt;div class=\&quot;html5-video-player ytp-exp-bottom-control-flexbox ytp-title-enable-channel-logo ytp-fine-scrubbing-exp ytp-embed ytp-embed-playlist unstarted-mode ytp-hide-controls ytp-small-mode\&quot; tabindex=\&quot;-1\&quot; id=\&quot;movie_player\&quot; data-version=\&quot;/s/player/6f20102c/player_ias.vflset/en_US/base.js\&quot; aria-label=\&quot;YouTube Video Player\&quot;&gt;&quot;,
      &quot;target&quot; : [ &quot;#player&quot;, &quot;#movie_player&quot; ],
      &quot;impact&quot; : &quot;serious&quot;,
      &quot;any&quot; : [ ],
      &quot;all&quot; : [ ],
      &quot;none&quot; : [ {
        &quot;id&quot; : &quot;aria-prohibited-attr&quot;,
        &quot;impact&quot; : &quot;serious&quot;,
        &quot;message&quot; : &quot;aria-label attribute is not well supported on a div with no valid role attribute.&quot;,
        &quot;data&quot; : {
          &quot;messageKey&quot; : &quot;noRoleSingular&quot;,
          &quot;nodeName&quot; : &quot;div&quot;,
          &quot;prohibited&quot; : [ &quot;aria-label&quot; ],
          &quot;role&quot; : null
        },
        &quot;relatedNodes&quot; : [ ]
      } ],
      &quot;failureSummary&quot; : &quot;Fix all of the following:\n  aria-label attribute is not well supported on a div with no valid role attribute.&quot;
    } ],
    &quot;url&quot; : null,
    &quot;createdDate&quot; : null
  }, {
    &quot;id&quot; : &quot;color-contrast&quot;,
    &quot;description&quot; : &quot;Ensures the contrast between foreground and background colors meets WCAG 2 AA contrast ratio thresholds&quot;,
    &quot;help&quot; : &quot;Elements must have sufficient color contrast&quot;,
    &quot;helpUrl&quot; : &quot;https://dequeuniversity.com/rules/axe/4.6/color-contrast?application=axeAPI&quot;,
    &quot;impact&quot; : &quot;serious&quot;,
    &quot;tags&quot; : [ &quot;cat.color&quot;, &quot;wcag2aa&quot;, &quot;wcag143&quot;, &quot;ACT&quot; ],
    &quot;nodes&quot; : [ {
      &quot;html&quot; : &quot;&lt;span class=\&quot;link-text\&quot;&gt;Add a trip&lt;/span&gt;&quot;,
      &quot;target&quot; : [ &quot;a[href=\&quot;mars2.html?a=add_trip.html\&quot;] &gt; .link-text&quot; ],
      &quot;impact&quot; : &quot;serious&quot;,
      &quot;any&quot; : [ {
        &quot;id&quot; : &quot;color-contrast&quot;,
        &quot;impact&quot; : &quot;serious&quot;,
        &quot;message&quot; : &quot;Element&#039;s background color could not be determined due to a background gradient&quot;,
        &quot;data&quot; : {
          &quot;contrastRatio&quot; : 0,
          &quot;expectedContrastRatio&quot; : &quot;4.5:1&quot;,
          &quot;fgColor&quot; : &quot;#ffffff&quot;,
          &quot;fontSize&quot; : &quot;9.0pt (12px)&quot;,
          &quot;fontWeight&quot; : &quot;normal&quot;,
          &quot;messageKey&quot; : &quot;bgGradient&quot;
        },
        &quot;relatedNodes&quot; : [ {
          &quot;html&quot; : &quot;&lt;div id=\&quot;control-panel\&quot; class=\&quot;container-fluid-full\&quot;&gt;&quot;,
          &quot;target&quot; : [ &quot;.loginnow &gt; .container-fluid-full&quot; ]
        } ]
      } ],
      &quot;all&quot; : [ ],
      &quot;none&quot; : [ ],
      &quot;failureSummary&quot; : &quot;Fix any of the following:\n  Element&#039;s background color could not be determined due to a background gradient&quot;
    }, {
      &quot;html&quot; : &quot;&lt;span class=\&quot;link-text\&quot;&gt;Find a pass&lt;/span&gt;&quot;,
      &quot;target&quot; : [ &quot;a[href=\&quot;mars2.html?a=find_pass.html\&quot;] &gt; .link-text&quot; ],
      &quot;impact&quot; : &quot;serious&quot;,
      &quot;any&quot; : [ {
        &quot;id&quot; : &quot;color-contrast&quot;,
        &quot;impact&quot; : &quot;serious&quot;,
        &quot;message&quot; : &quot;Element&#039;s background color could not be determined due to a background gradient&quot;,
        &quot;data&quot; : {
          &quot;contrastRatio&quot; : 0,
          &quot;expectedContrastRatio&quot; : &quot;4.5:1&quot;,
          &quot;fgColor&quot; : &quot;#ffffff&quot;,
          &quot;fontSize&quot; : &quot;9.0pt (12px)&quot;,
          &quot;fontWeight&quot; : &quot;normal&quot;,
          &quot;messageKey&quot; : &quot;bgGradient&quot;
        },
        &quot;relatedNodes&quot; : [ {
          &quot;html&quot; : &quot;&lt;div id=\&quot;control-panel\&quot; class=\&quot;container-fluid-full\&quot;&gt;&quot;,
          &quot;target&quot; : [ &quot;.loginnow &gt; .container-fluid-full&quot; ]
        } ]
      } ],
      &quot;all&quot; : [ ],
      &quot;none&quot; : [ ],
      &quot;failureSummary&quot; : &quot;Fix any of the following:\n  Element&#039;s background color could not be determined due to a background gradient&quot;
    }, {
      &quot;html&quot; : &quot;&lt;span class=\&quot;fb_button_text\&quot;&gt;Login&lt;/span&gt;&quot;,
      &quot;target&quot; : [ &quot;.fb_button_text&quot; ],
      &quot;impact&quot; : &quot;serious&quot;,
      &quot;any&quot; : [ {
        &quot;id&quot; : &quot;color-contrast&quot;,
        &quot;impact&quot; : &quot;serious&quot;,
        &quot;message&quot; : &quot;Element&#039;s background color could not be determined due to a background image&quot;,
        &quot;data&quot; : {
          &quot;contrastRatio&quot; : 0,
          &quot;expectedContrastRatio&quot; : &quot;4.5:1&quot;,
          &quot;fgColor&quot; : &quot;#ffffff&quot;,
          &quot;fontSize&quot; : &quot;8.3pt (11px)&quot;,
          &quot;fontWeight&quot; : &quot;bold&quot;,
          &quot;messageKey&quot; : &quot;bgImage&quot;
        },
        &quot;relatedNodes&quot; : [ {
          &quot;html&quot; : &quot;&lt;span class=\&quot;fb_button_text\&quot;&gt;Login&lt;/span&gt;&quot;,
          &quot;target&quot; : [ &quot;.fb_button_text&quot; ]
        } ]
      } ],
      &quot;all&quot; : [ ],
      &quot;none&quot; : [ ],
      &quot;failureSummary&quot; : &quot;Fix any of the following:\n  Element&#039;s background color could not be determined due to a background image&quot;
    }, {
      &quot;html&quot; : &quot;&lt;div class=\&quot;link-text\&quot;&gt;or&lt;/div&gt;&quot;,
      &quot;target&quot; : [ &quot;.content &gt; .link-text&quot; ],
      &quot;impact&quot; : &quot;serious&quot;,
      &quot;any&quot; : [ {
        &quot;id&quot; : &quot;color-contrast&quot;,
        &quot;impact&quot; : &quot;serious&quot;,
        &quot;message&quot; : &quot;Element&#039;s background color could not be determined due to a background gradient&quot;,
        &quot;data&quot; : {
          &quot;contrastRatio&quot; : 0,
          &quot;expectedContrastRatio&quot; : &quot;4.5:1&quot;,
          &quot;fgColor&quot; : &quot;#ffffff&quot;,
          &quot;fontSize&quot; : &quot;9.0pt (12px)&quot;,
          &quot;fontWeight&quot; : &quot;normal&quot;,
          &quot;messageKey&quot; : &quot;bgGradient&quot;
        },
        &quot;relatedNodes&quot; : [ {
          &quot;html&quot; : &quot;&lt;div id=\&quot;control-panel\&quot; class=\&quot;container-fluid-full\&quot;&gt;&quot;,
          &quot;target&quot; : [ &quot;.loginnow &gt; .container-fluid-full&quot; ]
        } ]
      } ],
      &quot;all&quot; : [ ],
      &quot;none&quot; : [ ],
      &quot;failureSummary&quot; : &quot;Fix any of the following:\n  Element&#039;s background color could not be determined due to a background gradient&quot;
    }, {
      &quot;html&quot; : &quot;&lt;a href=\&quot;mars2.html?a=sign_in\&quot;&gt;Sign In&amp;nbsp;&lt;/a&gt;&quot;,
      &quot;target&quot; : [ &quot;a[href=\&quot;mars2.html?a=sign_in\&quot;]&quot; ],
      &quot;impact&quot; : &quot;serious&quot;,
      &quot;any&quot; : [ {
        &quot;id&quot; : &quot;color-contrast&quot;,
        &quot;impact&quot; : &quot;serious&quot;,
        &quot;message&quot; : &quot;Element&#039;s background color could not be determined due to a background gradient&quot;,
        &quot;data&quot; : {
          &quot;contrastRatio&quot; : 0,
          &quot;expectedContrastRatio&quot; : &quot;4.5:1&quot;,
          &quot;fgColor&quot; : &quot;#ffffff&quot;,
          &quot;fontSize&quot; : &quot;9.0pt (12px)&quot;,
          &quot;fontWeight&quot; : &quot;normal&quot;,
          &quot;messageKey&quot; : &quot;bgGradient&quot;
        },
        &quot;relatedNodes&quot; : [ {
          &quot;html&quot; : &quot;&lt;div id=\&quot;control-panel\&quot; class=\&quot;container-fluid-full\&quot;&gt;&quot;,
          &quot;target&quot; : [ &quot;.loginnow &gt; .container-fluid-full&quot; ]
        } ]
      } ],
      &quot;all&quot; : [ ],
      &quot;none&quot; : [ ],
      &quot;failureSummary&quot; : &quot;Fix any of the following:\n  Element&#039;s background color could not be determined due to a background gradient&quot;
    }, {
      &quot;html&quot; : &quot;&lt;span class=\&quot;link-text\&quot;&gt;My Cart&lt;/span&gt;&quot;,
      &quot;target&quot; : [ &quot;a[href=\&quot;mars2.html?a=cart\&quot;] &gt; .link-text:nth-child(2)&quot; ],
      &quot;impact&quot; : &quot;serious&quot;,
      &quot;any&quot; : [ {
        &quot;id&quot; : &quot;color-contrast&quot;,
        &quot;impact&quot; : &quot;serious&quot;,
        &quot;message&quot; : &quot;Element&#039;s background color could not be determined due to a background gradient&quot;,
        &quot;data&quot; : {
          &quot;contrastRatio&quot; : 0,
          &quot;expectedContrastRatio&quot; : &quot;4.5:1&quot;,
          &quot;fgColor&quot; : &quot;#ffffff&quot;,
          &quot;fontSize&quot; : &quot;9.0pt (12px)&quot;,
          &quot;fontWeight&quot; : &quot;normal&quot;,
          &quot;messageKey&quot; : &quot;bgGradient&quot;
        },
        &quot;relatedNodes&quot; : [ {
          &quot;html&quot; : &quot;&lt;div id=\&quot;control-panel\&quot; class=\&quot;container-fluid-full\&quot;&gt;&quot;,
          &quot;target&quot; : [ &quot;.loginnow &gt; .container-fluid-full&quot; ]
        } ]
      } ],
      &quot;all&quot; : [ ],
      &quot;none&quot; : [ ],
      &quot;failureSummary&quot; : &quot;Fix any of the following:\n  Element&#039;s background color could not be determined due to a background gradient&quot;
    }, {
      &quot;html&quot; : &quot;&lt;span class=\&quot;link-text price-recap\&quot;&gt;$0.00&lt;/span&gt;&quot;,
      &quot;target&quot; : [ &quot;a[href=\&quot;mars2.html?a=cart\&quot;] &gt; .price-recap.link-text&quot; ],
      &quot;impact&quot; : &quot;serious&quot;,
      &quot;any&quot; : [ {
        &quot;id&quot; : &quot;color-contrast&quot;,
        &quot;impact&quot; : &quot;serious&quot;,
        &quot;message&quot; : &quot;Element&#039;s background color could not be determined due to a background gradient&quot;,
        &quot;data&quot; : {
          &quot;contrastRatio&quot; : 0,
          &quot;expectedContrastRatio&quot; : &quot;4.5:1&quot;,
          &quot;fgColor&quot; : &quot;#ffffff&quot;,
          &quot;fontSize&quot; : &quot;9.0pt (12px)&quot;,
          &quot;fontWeight&quot; : &quot;normal&quot;,
          &quot;messageKey&quot; : &quot;bgGradient&quot;
        },
        &quot;relatedNodes&quot; : [ {
          &quot;html&quot; : &quot;&lt;div id=\&quot;control-panel\&quot; class=\&quot;container-fluid-full\&quot;&gt;&quot;,
          &quot;target&quot; : [ &quot;.loginnow &gt; .container-fluid-full&quot; ]
        } ]
      } ],
      &quot;all&quot; : [ ],
      &quot;none&quot; : [ ],
      &quot;failureSummary&quot; : &quot;Fix any of the following:\n  Element&#039;s background color could not be determined due to a background gradient&quot;
    }, {
      &quot;html&quot; : &quot;&lt;a class=\&quot;link\&quot; href=\&quot;mars2.html?a=send_me_to_mars\&quot;&gt;Send me to Mars!&lt;/a&gt;&quot;,
      &quot;target&quot; : [ &quot;a[href=\&quot;mars2.html?a=send_me_to_mars\&quot;]&quot; ],
      &quot;impact&quot; : &quot;serious&quot;,
      &quot;any&quot; : [ {
        &quot;id&quot; : &quot;color-contrast&quot;,
        &quot;impact&quot; : &quot;serious&quot;,
        &quot;message&quot; : &quot;Element&#039;s background color could not be determined due to a background image&quot;,
        &quot;data&quot; : {
          &quot;contrastRatio&quot; : 0,
          &quot;expectedContrastRatio&quot; : &quot;4.5:1&quot;,
          &quot;fgColor&quot; : &quot;#067ab4&quot;,
          &quot;fontSize&quot; : &quot;11.3pt (15px)&quot;,
          &quot;fontWeight&quot; : &quot;normal&quot;,
          &quot;messageKey&quot; : &quot;bgImage&quot;
        },
        &quot;relatedNodes&quot; : [ {
          &quot;html&quot; : &quot;&lt;li&gt;&lt;a class=\&quot;link\&quot; href=\&quot;mars2.html?a=send_me_to_mars\&quot;&gt;Send me to Mars!&lt;/a&gt;&lt;/li&gt;&quot;,
          &quot;target&quot; : [ &quot;#main-nav &gt; ul &gt; li:nth-child(2)&quot; ]
        } ]
      } ],
      &quot;all&quot; : [ ],
      &quot;none&quot; : [ ],
      &quot;failureSummary&quot; : &quot;Fix any of the following:\n  Element&#039;s background color could not be determined due to a background image&quot;
    }, {
      &quot;html&quot; : &quot;&lt;a class=\&quot;link\&quot; href=\&quot;mars2.html?a=hotels\&quot;&gt;Hotels&lt;/a&gt;&quot;,
      &quot;target&quot; : [ &quot;a[href=\&quot;mars2.html?a=hotels\&quot;]&quot; ],
      &quot;impact&quot; : &quot;serious&quot;,
      &quot;any&quot; : [ {
        &quot;id&quot; : &quot;color-contrast&quot;,
        &quot;impact&quot; : &quot;serious&quot;,
        &quot;message&quot; : &quot;Element&#039;s background color could not be determined due to a background image&quot;,
        &quot;data&quot; : {
          &quot;contrastRatio&quot; : 0,
          &quot;expectedContrastRatio&quot; : &quot;4.5:1&quot;,
          &quot;fgColor&quot; : &quot;#067ab4&quot;,
          &quot;fontSize&quot; : &quot;11.3pt (15px)&quot;,
          &quot;fontWeight&quot; : &quot;normal&quot;,
          &quot;messageKey&quot; : &quot;bgImage&quot;
        },
        &quot;relatedNodes&quot; : [ {
          &quot;html&quot; : &quot;&lt;li&gt;&lt;a class=\&quot;link\&quot; href=\&quot;mars2.html?a=hotels\&quot;&gt;Hotels&lt;/a&gt;&lt;/li&gt;&quot;,
          &quot;target&quot; : [ &quot;#main-nav &gt; ul &gt; li:nth-child(3)&quot; ]
        } ]
      } ],
      &quot;all&quot; : [ ],
      &quot;none&quot; : [ ],
      &quot;failureSummary&quot; : &quot;Fix any of the following:\n  Element&#039;s background color could not be determined due to a background image&quot;
    }, {
      &quot;html&quot; : &quot;&lt;a class=\&quot;link\&quot; href=\&quot;mars2.html?a=things_to_do\&quot;&gt;Things to Do&lt;/a&gt;&quot;,
      &quot;target&quot; : [ &quot;a[href=\&quot;mars2.html?a=things_to_do\&quot;]&quot; ],
      &quot;impact&quot; : &quot;serious&quot;,
      &quot;any&quot; : [ {
        &quot;id&quot; : &quot;color-contrast&quot;,
        &quot;impact&quot; : &quot;serious&quot;,
        &quot;message&quot; : &quot;Element&#039;s background color could not be determined due to a background image&quot;,
        &quot;data&quot; : {
          &quot;contrastRatio&quot; : 0,
          &quot;expectedContrastRatio&quot; : &quot;4.5:1&quot;,
          &quot;fgColor&quot; : &quot;#067ab4&quot;,
          &quot;fontSize&quot; : &quot;11.3pt (15px)&quot;,
          &quot;fontWeight&quot; : &quot;normal&quot;,
          &quot;messageKey&quot; : &quot;bgImage&quot;
        },
        &quot;relatedNodes&quot; : [ {
          &quot;html&quot; : &quot;&lt;li&gt;&lt;a class=\&quot;link\&quot; href=\&quot;mars2.html?a=things_to_do\&quot;&gt;Things to Do&lt;/a&gt;&lt;/li&gt;&quot;,
          &quot;target&quot; : [ &quot;#main-nav &gt; ul &gt; li:nth-child(4)&quot; ]
        } ]
      } ],
      &quot;all&quot; : [ ],
      &quot;none&quot; : [ ],
      &quot;failureSummary&quot; : &quot;Fix any of the following:\n  Element&#039;s background color could not be determined due to a background image&quot;
    }, {
      &quot;html&quot; : &quot;&lt;a class=\&quot;link\&quot; href=\&quot;mars2.html?a=mars_map\&quot;&gt;Mars Map&lt;/a&gt;&quot;,
      &quot;target&quot; : [ &quot;a[href=\&quot;mars2.html?a=mars_map\&quot;]&quot; ],
      &quot;impact&quot; : &quot;serious&quot;,
      &quot;any&quot; : [ {
        &quot;id&quot; : &quot;color-contrast&quot;,
        &quot;impact&quot; : &quot;serious&quot;,
        &quot;message&quot; : &quot;Element&#039;s background color could not be determined due to a background image&quot;,
        &quot;data&quot; : {
          &quot;contrastRatio&quot; : 0,
          &quot;expectedContrastRatio&quot; : &quot;4.5:1&quot;,
          &quot;fgColor&quot; : &quot;#067ab4&quot;,
          &quot;fontSize&quot; : &quot;11.3pt (15px)&quot;,
          &quot;fontWeight&quot; : &quot;normal&quot;,
          &quot;messageKey&quot; : &quot;bgImage&quot;
        },
        &quot;relatedNodes&quot; : [ {
          &quot;html&quot; : &quot;&lt;li&gt;&lt;a class=\&quot;link\&quot; href=\&quot;mars2.html?a=mars_map\&quot;&gt;Mars Map&lt;/a&gt;&lt;/li&gt;&quot;,
          &quot;target&quot; : [ &quot;#main-nav &gt; ul &gt; li:nth-child(5)&quot; ]
        } ]
      } ],
      &quot;all&quot; : [ ],
      &quot;none&quot; : [ ],
      &quot;failureSummary&quot; : &quot;Fix any of the following:\n  Element&#039;s background color could not be determined due to a background image&quot;
    }, {
      &quot;html&quot; : &quot;&lt;a class=\&quot;link\&quot; href=\&quot;mars2.html?a=rockets\&quot;&gt;Rockets&lt;/a&gt;&quot;,
      &quot;target&quot; : [ &quot;a[href=\&quot;mars2.html?a=rockets\&quot;]&quot; ],
      &quot;impact&quot; : &quot;serious&quot;,
      &quot;any&quot; : [ {
        &quot;id&quot; : &quot;color-contrast&quot;,
        &quot;impact&quot; : &quot;serious&quot;,
        &quot;message&quot; : &quot;Element&#039;s background color could not be determined due to a background gradient&quot;,
        &quot;data&quot; : {
          &quot;contrastRatio&quot; : 0,
          &quot;expectedContrastRatio&quot; : &quot;4.5:1&quot;,
          &quot;fgColor&quot; : &quot;#067ab4&quot;,
          &quot;fontSize&quot; : &quot;8.3pt (11px)&quot;,
          &quot;fontWeight&quot; : &quot;normal&quot;,
          &quot;messageKey&quot; : &quot;bgGradient&quot;
        },
        &quot;relatedNodes&quot; : [ {
          &quot;html&quot; : &quot;&lt;div id=\&quot;menu-panel\&quot; class=\&quot;container\&quot;&gt;&quot;,
          &quot;target&quot; : [ &quot;#menu-panel&quot; ]
        } ]
      } ],
      &quot;all&quot; : [ ],
      &quot;none&quot; : [ ],
      &quot;failureSummary&quot; : &quot;Fix any of the following:\n  Element&#039;s background color could not be determined due to a background gradient&quot;
    }, {
      &quot;html&quot; : &quot;&lt;a class=\&quot;link\&quot; href=\&quot;mars2.html?a=deals\&quot;&gt;Deals&lt;/a&gt;&quot;,
      &quot;target&quot; : [ &quot;a[href=\&quot;mars2.html?a=deals\&quot;]&quot; ],
      &quot;impact&quot; : &quot;serious&quot;,
      &quot;any&quot; : [ {
        &quot;id&quot; : &quot;color-contrast&quot;,
        &quot;impact&quot; : &quot;serious&quot;,
        &quot;message&quot; : &quot;Element&#039;s background color could not be determined due to a background gradient&quot;,
        &quot;data&quot; : {
          &quot;contrastRatio&quot; : 0,
          &quot;expectedContrastRatio&quot; : &quot;4.5:1&quot;,
          &quot;fgColor&quot; : &quot;#067ab4&quot;,
          &quot;fontSize&quot; : &quot;8.3pt (11px)&quot;,
          &quot;fontWeight&quot; : &quot;normal&quot;,
          &quot;messageKey&quot; : &quot;bgGradient&quot;
        },
        &quot;relatedNodes&quot; : [ {
          &quot;html&quot; : &quot;&lt;div id=\&quot;menu-panel\&quot; class=\&quot;container\&quot;&gt;&quot;,
          &quot;target&quot; : [ &quot;#menu-panel&quot; ]
        } ]
      } ],
      &quot;all&quot; : [ ],
      &quot;none&quot; : [ ],
      &quot;failureSummary&quot; : &quot;Fix any of the following:\n  Element&#039;s background color could not be determined due to a background gradient&quot;
    }, {
      &quot;html&quot; : &quot;&lt;a class=\&quot;link\&quot; href=\&quot;mars2.html?a=groups\&quot;&gt;Groups&lt;/a&gt;&quot;,
      &quot;target&quot; : [ &quot;a[href=\&quot;mars2.html?a=groups\&quot;]&quot; ],
      &quot;impact&quot; : &quot;serious&quot;,
      &quot;any&quot; : [ {
        &quot;id&quot; : &quot;color-contrast&quot;,
        &quot;impact&quot; : &quot;serious&quot;,
        &quot;message&quot; : &quot;Element&#039;s background color could not be determined due to a background gradient&quot;,
        &quot;data&quot; : {
          &quot;contrastRatio&quot; : 0,
          &quot;expectedContrastRatio&quot; : &quot;4.5:1&quot;,
          &quot;fgColor&quot; : &quot;#067ab4&quot;,
          &quot;fontSize&quot; : &quot;8.3pt (11px)&quot;,
          &quot;fontWeight&quot; : &quot;normal&quot;,
          &quot;messageKey&quot; : &quot;bgGradient&quot;
        },
        &quot;relatedNodes&quot; : [ {
          &quot;html&quot; : &quot;&lt;div id=\&quot;menu-panel\&quot; class=\&quot;container\&quot;&gt;&quot;,
          &quot;target&quot; : [ &quot;#menu-panel&quot; ]
        } ]
      } ],
      &quot;all&quot; : [ ],
      &quot;none&quot; : [ ],
      &quot;failureSummary&quot; : &quot;Fix any of the following:\n  Element&#039;s background color could not be determined due to a background gradient&quot;
    }, {
      &quot;html&quot; : &quot;&lt;a class=\&quot;link\&quot; href=\&quot;mars2.html?a=about_us\&quot;&gt;About Us&lt;/a&gt;&quot;,
      &quot;target&quot; : [ &quot;.link[href=\&quot;mars2.html?a=about_us\&quot;]&quot; ],
      &quot;impact&quot; : &quot;serious&quot;,
      &quot;any&quot; : [ {
        &quot;id&quot; : &quot;color-contrast&quot;,
        &quot;impact&quot; : &quot;serious&quot;,
        &quot;message&quot; : &quot;Element&#039;s background color could not be determined due to a background gradient&quot;,
        &quot;data&quot; : {
          &quot;contrastRatio&quot; : 0,
          &quot;expectedContrastRatio&quot; : &quot;4.5:1&quot;,
          &quot;fgColor&quot; : &quot;#067ab4&quot;,
          &quot;fontSize&quot; : &quot;8.3pt (11px)&quot;,
          &quot;fontWeight&quot; : &quot;normal&quot;,
          &quot;messageKey&quot; : &quot;bgGradient&quot;
        },
        &quot;relatedNodes&quot; : [ {
          &quot;html&quot; : &quot;&lt;div id=\&quot;menu-panel\&quot; class=\&quot;container\&quot;&gt;&quot;,
          &quot;target&quot; : [ &quot;#menu-panel&quot; ]
        } ]
      } ],
      &quot;all&quot; : [ ],
      &quot;none&quot; : [ ],
      &quot;failureSummary&quot; : &quot;Fix any of the following:\n  Element&#039;s background color could not be determined due to a background gradient&quot;
    }, {
      &quot;html&quot; : &quot;&lt;a class=\&quot;link\&quot; href=\&quot;mars2.html?a=help\&quot;&gt;Help!&lt;/a&gt;&quot;,
      &quot;target&quot; : [ &quot;.link[href=\&quot;mars2.html?a=help\&quot;]&quot; ],
      &quot;impact&quot; : &quot;serious&quot;,
      &quot;any&quot; : [ {
        &quot;id&quot; : &quot;color-contrast&quot;,
        &quot;impact&quot; : &quot;serious&quot;,
        &quot;message&quot; : &quot;Element&#039;s background color could not be determined due to a background gradient&quot;,
        &quot;data&quot; : {
          &quot;contrastRatio&quot; : 0,
          &quot;expectedContrastRatio&quot; : &quot;4.5:1&quot;,
          &quot;fgColor&quot; : &quot;#067ab4&quot;,
          &quot;fontSize&quot; : &quot;8.3pt (11px)&quot;,
          &quot;fontWeight&quot; : &quot;normal&quot;,
          &quot;messageKey&quot; : &quot;bgGradient&quot;
        },
        &quot;relatedNodes&quot; : [ {
          &quot;html&quot; : &quot;&lt;div id=\&quot;menu-panel\&quot; class=\&quot;container\&quot;&gt;&quot;,
          &quot;target&quot; : [ &quot;#menu-panel&quot; ]
        } ]
      } ],
      &quot;all&quot; : [ ],
      &quot;none&quot; : [ ],
      &quot;failureSummary&quot; : &quot;Fix any of the following:\n  Element&#039;s background color could not be determined due to a background gradient&quot;
    }, {
      &quot;html&quot; : &quot;&lt;p&gt;Step out of your comfort zone, and into a rocket with enough fuel to blast a Manhattan-sized crater if it explodes. But it won&#039;t. Probably.&lt;br&gt;\n&amp;nbsp; &lt;/p&gt;&quot;,
      &quot;target&quot; : [ &quot;#vap-plan &gt; p:nth-child(3)&quot; ],
      &quot;impact&quot; : &quot;serious&quot;,
      &quot;any&quot; : [ {
        &quot;id&quot; : &quot;color-contrast&quot;,
        &quot;impact&quot; : &quot;serious&quot;,
        &quot;message&quot; : &quot;Element&#039;s background color could not be determined because it is overlapped by another element&quot;,
        &quot;data&quot; : {
          &quot;contrastRatio&quot; : 0,
          &quot;expectedContrastRatio&quot; : &quot;4.5:1&quot;,
          &quot;fgColor&quot; : &quot;#acbad0&quot;,
          &quot;fontSize&quot; : &quot;9.0pt (12px)&quot;,
          &quot;fontWeight&quot; : &quot;normal&quot;,
          &quot;messageKey&quot; : &quot;bgOverlap&quot;
        },
        &quot;relatedNodes&quot; : [ ]
      } ],
      &quot;all&quot; : [ ],
      &quot;none&quot; : [ ],
      &quot;failureSummary&quot; : &quot;Fix any of the following:\n  Element&#039;s background color could not be determined because it is overlapped by another element&quot;
    }, {
      &quot;html&quot; : &quot;&lt;span class=\&quot;link-text\&quot;&gt;Why MarsCommuter?&lt;/span&gt;&quot;,
      &quot;target&quot; : [ &quot;a[href=\&quot;mars2.html?a=why_marscommuter\&quot;] &gt; .link-text&quot; ],
      &quot;impact&quot; : &quot;serious&quot;,
      &quot;any&quot; : [ {
        &quot;id&quot; : &quot;color-contrast&quot;,
        &quot;impact&quot; : &quot;serious&quot;,
        &quot;message&quot; : &quot;Element&#039;s background color could not be determined because it is overlapped by another element&quot;,
        &quot;data&quot; : {
          &quot;contrastRatio&quot; : 0,
          &quot;expectedContrastRatio&quot; : &quot;4.5:1&quot;,
          &quot;fgColor&quot; : &quot;#e7c643&quot;,
          &quot;fontSize&quot; : &quot;8.3pt (11px)&quot;,
          &quot;fontWeight&quot; : &quot;normal&quot;,
          &quot;messageKey&quot; : &quot;bgOverlap&quot;
        },
        &quot;relatedNodes&quot; : [ ]
      } ],
      &quot;all&quot; : [ ],
      &quot;none&quot; : [ ],
      &quot;failureSummary&quot; : &quot;Fix any of the following:\n  Element&#039;s background color could not be determined because it is overlapped by another element&quot;
    }, {
      &quot;html&quot; : &quot;&lt;span class=\&quot;link-text\&quot;&gt;Maps &amp;amp; Guides&lt;/span&gt;&quot;,
      &quot;target&quot; : [ &quot;a[href=\&quot;mars2.html?a=maps_and_guides\&quot;] &gt; .link-text&quot; ],
      &quot;impact&quot; : &quot;serious&quot;,
      &quot;any&quot; : [ {
        &quot;id&quot; : &quot;color-contrast&quot;,
        &quot;impact&quot; : &quot;serious&quot;,
        &quot;message&quot; : &quot;Element&#039;s background color could not be determined because it is overlapped by another element&quot;,
        &quot;data&quot; : {
          &quot;contrastRatio&quot; : 0,
          &quot;expectedContrastRatio&quot; : &quot;4.5:1&quot;,
          &quot;fgColor&quot; : &quot;#e7c643&quot;,
          &quot;fontSize&quot; : &quot;8.3pt (11px)&quot;,
          &quot;fontWeight&quot; : &quot;normal&quot;,
          &quot;messageKey&quot; : &quot;bgOverlap&quot;
        },
        &quot;relatedNodes&quot; : [ ]
      } ],
      &quot;all&quot; : [ ],
      &quot;none&quot; : [ ],
      &quot;failureSummary&quot; : &quot;Fix any of the following:\n  Element&#039;s background color could not be determined because it is overlapped by another element&quot;
    }, {
      &quot;html&quot; : &quot;&lt;span class=\&quot;link-text\&quot;&gt;Ticket Info&lt;/span&gt;&quot;,
      &quot;target&quot; : [ &quot;a[href=\&quot;mars2.html?a=ticket_info\&quot;] &gt; .link-text&quot; ],
      &quot;impact&quot; : &quot;serious&quot;,
      &quot;any&quot; : [ {
        &quot;id&quot; : &quot;color-contrast&quot;,
        &quot;impact&quot; : &quot;serious&quot;,
        &quot;message&quot; : &quot;Element&#039;s background color could not be determined because it is overlapped by another element&quot;,
        &quot;data&quot; : {
          &quot;contrastRatio&quot; : 0,
          &quot;expectedContrastRatio&quot; : &quot;4.5:1&quot;,
          &quot;fgColor&quot; : &quot;#e7c643&quot;,
          &quot;fontSize&quot; : &quot;8.3pt (11px)&quot;,
          &quot;fontWeight&quot; : &quot;normal&quot;,
          &quot;messageKey&quot; : &quot;bgOverlap&quot;
        },
        &quot;relatedNodes&quot; : [ ]
      } ],
      &quot;all&quot; : [ ],
      &quot;none&quot; : [ ],
      &quot;failureSummary&quot; : &quot;Fix any of the following:\n  Element&#039;s background color could not be determined because it is overlapped by another element&quot;
    }, {
      &quot;html&quot; : &quot;&lt;p&gt;If you&#039;re serious about traveling to Mars - really serious - then &lt;a href=\&quot;mars2.html?a=last_will\&quot;&gt;prepare your last will and testament&lt;/a&gt;, and book a trip! &lt;/p&gt;&quot;,
      &quot;target&quot; : [ &quot;#vap-book &gt; p:nth-child(3)&quot; ],
      &quot;impact&quot; : &quot;serious&quot;,
      &quot;any&quot; : [ {
        &quot;id&quot; : &quot;color-contrast&quot;,
        &quot;impact&quot; : &quot;serious&quot;,
        &quot;message&quot; : &quot;Element&#039;s background color could not be determined because it is overlapped by another element&quot;,
        &quot;data&quot; : {
          &quot;contrastRatio&quot; : 0,
          &quot;expectedContrastRatio&quot; : &quot;4.5:1&quot;,
          &quot;fgColor&quot; : &quot;#acbad0&quot;,
          &quot;fontSize&quot; : &quot;9.0pt (12px)&quot;,
          &quot;fontWeight&quot; : &quot;normal&quot;,
          &quot;messageKey&quot; : &quot;bgOverlap&quot;
        },
        &quot;relatedNodes&quot; : [ ]
      } ],
      &quot;all&quot; : [ ],
      &quot;none&quot; : [ ],
      &quot;failureSummary&quot; : &quot;Fix any of the following:\n  Element&#039;s background color could not be determined because it is overlapped by another element&quot;
    }, {
      &quot;html&quot; : &quot;&lt;a href=\&quot;mars2.html?a=last_will\&quot;&gt;prepare your last will and testament&lt;/a&gt;&quot;,
      &quot;target&quot; : [ &quot;a[href=\&quot;mars2.html?a=last_will\&quot;]&quot; ],
      &quot;impact&quot; : &quot;serious&quot;,
      &quot;any&quot; : [ {
        &quot;id&quot; : &quot;color-contrast&quot;,
        &quot;impact&quot; : &quot;serious&quot;,
        &quot;message&quot; : &quot;Element&#039;s background color could not be determined because it is overlapped by another element&quot;,
        &quot;data&quot; : {
          &quot;contrastRatio&quot; : 0,
          &quot;expectedContrastRatio&quot; : &quot;4.5:1&quot;,
          &quot;fgColor&quot; : &quot;#e7c643&quot;,
          &quot;fontSize&quot; : &quot;9.0pt (12px)&quot;,
          &quot;fontWeight&quot; : &quot;normal&quot;,
          &quot;messageKey&quot; : &quot;bgOverlap&quot;
        },
        &quot;relatedNodes&quot; : [ ]
      } ],
      &quot;all&quot; : [ ],
      &quot;none&quot; : [ ],
      &quot;failureSummary&quot; : &quot;Fix any of the following:\n  Element&#039;s background color could not be determined because it is overlapped by another element&quot;
    }, {
      &quot;html&quot; : &quot;&lt;span class=\&quot;link-text\&quot;&gt;Book Tickets &lt;/span&gt;&quot;,
      &quot;target&quot; : [ &quot;a[href=\&quot;mars2.html?a=book_tickets\&quot;] &gt; .link-text&quot; ],
      &quot;impact&quot; : &quot;serious&quot;,
      &quot;any&quot; : [ {
        &quot;id&quot; : &quot;color-contrast&quot;,
        &quot;impact&quot; : &quot;serious&quot;,
        &quot;message&quot; : &quot;Element&#039;s background color could not be determined because it is overlapped by another element&quot;,
        &quot;data&quot; : {
          &quot;contrastRatio&quot; : 0,
          &quot;expectedContrastRatio&quot; : &quot;4.5:1&quot;,
          &quot;fgColor&quot; : &quot;#e7c643&quot;,
          &quot;fontSize&quot; : &quot;8.3pt (11px)&quot;,
          &quot;fontWeight&quot; : &quot;normal&quot;,
          &quot;messageKey&quot; : &quot;bgOverlap&quot;
        },
        &quot;relatedNodes&quot; : [ ]
      } ],
      &quot;all&quot; : [ ],
      &quot;none&quot; : [ ],
      &quot;failureSummary&quot; : &quot;Fix any of the following:\n  Element&#039;s background color could not be determined because it is overlapped by another element&quot;
    }, {
      &quot;html&quot; : &quot;&lt;span class=\&quot;link-text\&quot;&gt;Mars Passes&lt;/span&gt;&quot;,
      &quot;target&quot; : [ &quot;a[href=\&quot;mars2.html?a=mars_passes\&quot;] &gt; .link-text&quot; ],
      &quot;impact&quot; : &quot;serious&quot;,
      &quot;any&quot; : [ {
        &quot;id&quot; : &quot;color-contrast&quot;,
        &quot;impact&quot; : &quot;serious&quot;,
        &quot;message&quot; : &quot;Element&#039;s background color could not be determined because it is overlapped by another element&quot;,
        &quot;data&quot; : {
          &quot;contrastRatio&quot; : 0,
          &quot;expectedContrastRatio&quot; : &quot;4.5:1&quot;,
          &quot;fgColor&quot; : &quot;#e7c643&quot;,
          &quot;fontSize&quot; : &quot;8.3pt (11px)&quot;,
          &quot;fontWeight&quot; : &quot;normal&quot;,
          &quot;messageKey&quot; : &quot;bgOverlap&quot;
        },
        &quot;relatedNodes&quot; : [ ]
      } ],
      &quot;all&quot; : [ ],
      &quot;none&quot; : [ ],
      &quot;failureSummary&quot; : &quot;Fix any of the following:\n  Element&#039;s background color could not be determined because it is overlapped by another element&quot;
    }, {
      &quot;html&quot; : &quot;&lt;span class=\&quot;link-text\&quot;&gt;Seek counseling&lt;/span&gt;&quot;,
      &quot;target&quot; : [ &quot;a[href=\&quot;mars2.html?a=seek_counseling\&quot;] &gt; .link-text&quot; ],
      &quot;impact&quot; : &quot;serious&quot;,
      &quot;any&quot; : [ {
        &quot;id&quot; : &quot;color-contrast&quot;,
        &quot;impact&quot; : &quot;serious&quot;,
        &quot;message&quot; : &quot;Element&#039;s background color could not be determined because it is overlapped by another element&quot;,
        &quot;data&quot; : {
          &quot;contrastRatio&quot; : 0,
          &quot;expectedContrastRatio&quot; : &quot;4.5:1&quot;,
          &quot;fgColor&quot; : &quot;#e7c643&quot;,
          &quot;fontSize&quot; : &quot;8.3pt (11px)&quot;,
          &quot;fontWeight&quot; : &quot;normal&quot;,
          &quot;messageKey&quot; : &quot;bgOverlap&quot;
        },
        &quot;relatedNodes&quot; : [ ]
      } ],
      &quot;all&quot; : [ ],
      &quot;none&quot; : [ ],
      &quot;failureSummary&quot; : &quot;Fix any of the following:\n  Element&#039;s background color could not be determined because it is overlapped by another element&quot;
    }, {
      &quot;html&quot; : &quot;&lt;p&gt;Expect violent turbulence, bone-crushing g-forces, muscle atrophy, and certain death (hey, everyone&#039;s death is certain at some point, right?).&lt;br&gt;\n&amp;nbsp; &lt;/p&gt;&quot;,
      &quot;target&quot; : [ &quot;#vap-travel &gt; p:nth-child(3)&quot; ],
      &quot;impact&quot; : &quot;serious&quot;,
      &quot;any&quot; : [ {
        &quot;id&quot; : &quot;color-contrast&quot;,
        &quot;impact&quot; : &quot;serious&quot;,
        &quot;message&quot; : &quot;Element&#039;s background color could not be determined because it is overlapped by another element&quot;,
        &quot;data&quot; : {
          &quot;contrastRatio&quot; : 0,
          &quot;expectedContrastRatio&quot; : &quot;4.5:1&quot;,
          &quot;fgColor&quot; : &quot;#acbad0&quot;,
          &quot;fontSize&quot; : &quot;9.0pt (12px)&quot;,
          &quot;fontWeight&quot; : &quot;normal&quot;,
          &quot;messageKey&quot; : &quot;bgOverlap&quot;
        },
        &quot;relatedNodes&quot; : [ ]
      } ],
      &quot;all&quot; : [ ],
      &quot;none&quot; : [ ],
      &quot;failureSummary&quot; : &quot;Fix any of the following:\n  Element&#039;s background color could not be determined because it is overlapped by another element&quot;
    }, {
      &quot;html&quot; : &quot;&lt;span class=\&quot;link-text\&quot;&gt;MarsMobile app&lt;/span&gt;&quot;,
      &quot;target&quot; : [ &quot;.link[href=\&quot;mars2.html?a=\&quot;] &gt; .link-text&quot; ],
      &quot;impact&quot; : &quot;serious&quot;,
      &quot;any&quot; : [ {
        &quot;id&quot; : &quot;color-contrast&quot;,
        &quot;impact&quot; : &quot;serious&quot;,
        &quot;message&quot; : &quot;Element&#039;s background color could not be determined because it is overlapped by another element&quot;,
        &quot;data&quot; : {
          &quot;contrastRatio&quot; : 0,
          &quot;expectedContrastRatio&quot; : &quot;4.5:1&quot;,
          &quot;fgColor&quot; : &quot;#e7c643&quot;,
          &quot;fontSize&quot; : &quot;8.3pt (11px)&quot;,
          &quot;fontWeight&quot; : &quot;normal&quot;,
          &quot;messageKey&quot; : &quot;bgOverlap&quot;
        },
        &quot;relatedNodes&quot; : [ ]
      } ],
      &quot;all&quot; : [ ],
      &quot;none&quot; : [ ],
      &quot;failureSummary&quot; : &quot;Fix any of the following:\n  Element&#039;s background color could not be determined because it is overlapped by another element&quot;
    }, {
      &quot;html&quot; : &quot;&lt;span class=\&quot;link-text\&quot;&gt;Fly at your own risk&lt;/span&gt;&quot;,
      &quot;target&quot; : [ &quot;a[href=\&quot;mars2.html?a=fly_at_own_risk\&quot;] &gt; .link-text&quot; ],
      &quot;impact&quot; : &quot;serious&quot;,
      &quot;any&quot; : [ {
        &quot;id&quot; : &quot;color-contrast&quot;,
        &quot;impact&quot; : &quot;serious&quot;,
        &quot;message&quot; : &quot;Element&#039;s background color could not be determined because it is overlapped by another element&quot;,
        &quot;data&quot; : {
          &quot;contrastRatio&quot; : 0,
          &quot;expectedContrastRatio&quot; : &quot;4.5:1&quot;,
          &quot;fgColor&quot; : &quot;#e7c643&quot;,
          &quot;fontSize&quot; : &quot;8.3pt (11px)&quot;,
          &quot;fontWeight&quot; : &quot;normal&quot;,
          &quot;messageKey&quot; : &quot;bgOverlap&quot;
        },
        &quot;relatedNodes&quot; : [ ]
      } ],
      &quot;all&quot; : [ ],
      &quot;none&quot; : [ ],
      &quot;failureSummary&quot; : &quot;Fix any of the following:\n  Element&#039;s background color could not be determined because it is overlapped by another element&quot;
    }, {
      &quot;html&quot; : &quot;&lt;span class=\&quot;link-text\&quot;&gt;Contact Us&lt;/span&gt;&quot;,
      &quot;target&quot; : [ &quot;.link[href=\&quot;mars2.html?a=contact_us\&quot;] &gt; .link-text&quot; ],
      &quot;impact&quot; : &quot;serious&quot;,
      &quot;any&quot; : [ {
        &quot;id&quot; : &quot;color-contrast&quot;,
        &quot;impact&quot; : &quot;serious&quot;,
        &quot;message&quot; : &quot;Element&#039;s background color could not be determined because it is overlapped by another element&quot;,
        &quot;data&quot; : {
          &quot;contrastRatio&quot; : 0,
          &quot;expectedContrastRatio&quot; : &quot;4.5:1&quot;,
          &quot;fgColor&quot; : &quot;#e7c643&quot;,
          &quot;fontSize&quot; : &quot;8.3pt (11px)&quot;,
          &quot;fontWeight&quot; : &quot;normal&quot;,
          &quot;messageKey&quot; : &quot;bgOverlap&quot;
        },
        &quot;relatedNodes&quot; : [ ]
      } ],
      &quot;all&quot; : [ ],
      &quot;none&quot; : [ ],
      &quot;failureSummary&quot; : &quot;Fix any of the following:\n  Element&#039;s background color could not be determined because it is overlapped by another element&quot;
    }, {
      &quot;html&quot; : &quot;&lt;p class=\&quot;carousel-title\&quot;&gt;Special Offers&lt;/p&gt;&quot;,
      &quot;target&quot; : [ &quot;.carousel-title&quot; ],
      &quot;impact&quot; : &quot;serious&quot;,
      &quot;any&quot; : [ {
        &quot;id&quot; : &quot;color-contrast&quot;,
        &quot;impact&quot; : &quot;serious&quot;,
        &quot;message&quot; : &quot;Element&#039;s background color could not be determined because it is overlapped by another element&quot;,
        &quot;data&quot; : {
          &quot;contrastRatio&quot; : 0,
          &quot;expectedContrastRatio&quot; : &quot;4.5:1&quot;,
          &quot;fgColor&quot; : &quot;#711d56&quot;,
          &quot;fontSize&quot; : &quot;9.0pt (12px)&quot;,
          &quot;fontWeight&quot; : &quot;normal&quot;,
          &quot;messageKey&quot; : &quot;bgOverlap&quot;
        },
        &quot;relatedNodes&quot; : [ ]
      } ],
      &quot;all&quot; : [ ],
      &quot;none&quot; : [ ],
      &quot;failureSummary&quot; : &quot;Fix any of the following:\n  Element&#039;s background color could not be determined because it is overlapped by another element&quot;
    }, {
      &quot;html&quot; : &quot;&lt;h3&gt;Let the Adventure Begin!&lt;/h3&gt;&quot;,
      &quot;target&quot; : [ &quot;#widget-controls &gt; .interior-container &gt; h3&quot; ],
      &quot;impact&quot; : &quot;serious&quot;,
      &quot;any&quot; : [ {
        &quot;id&quot; : &quot;color-contrast&quot;,
        &quot;impact&quot; : &quot;serious&quot;,
        &quot;message&quot; : &quot;Element&#039;s background color could not be determined due to a background gradient&quot;,
        &quot;data&quot; : {
          &quot;contrastRatio&quot; : 0,
          &quot;expectedContrastRatio&quot; : &quot;4.5:1&quot;,
          &quot;fgColor&quot; : &quot;#000000&quot;,
          &quot;fontSize&quot; : &quot;12.0pt (16px)&quot;,
          &quot;fontWeight&quot; : &quot;normal&quot;,
          &quot;messageKey&quot; : &quot;bgGradient&quot;
        },
        &quot;relatedNodes&quot; : [ {
          &quot;html&quot; : &quot;&lt;div id=\&quot;widget-controls\&quot; class=\&quot;widget-container head\&quot;&gt;&quot;,
          &quot;target&quot; : [ &quot;#widget-controls&quot; ]
        } ]
      } ],
      &quot;all&quot; : [ ],
      &quot;none&quot; : [ ],
      &quot;failureSummary&quot; : &quot;Fix any of the following:\n  Element&#039;s background color could not be determined due to a background gradient&quot;
    }, {
      &quot;html&quot; : &quot;&lt;label id=\&quot;widget-controls-fares-label\&quot; for=\&quot;widget-controls-fares\&quot; class=\&quot;selected\&quot;&gt;Find Fares &amp;amp; Schedules&lt;/label&gt;&quot;,
      &quot;target&quot; : [ &quot;#widget-controls-fares-label&quot; ],
      &quot;impact&quot; : &quot;serious&quot;,
      &quot;any&quot; : [ {
        &quot;id&quot; : &quot;color-contrast&quot;,
        &quot;impact&quot; : &quot;serious&quot;,
        &quot;message&quot; : &quot;Element&#039;s background color could not be determined due to a background gradient&quot;,
        &quot;data&quot; : {
          &quot;contrastRatio&quot; : 0,
          &quot;expectedContrastRatio&quot; : &quot;4.5:1&quot;,
          &quot;fgColor&quot; : &quot;#711d56&quot;,
          &quot;fontSize&quot; : &quot;8.3pt (11px)&quot;,
          &quot;fontWeight&quot; : &quot;bold&quot;,
          &quot;messageKey&quot; : &quot;bgGradient&quot;
        },
        &quot;relatedNodes&quot; : [ {
          &quot;html&quot; : &quot;&lt;div id=\&quot;widget-controls\&quot; class=\&quot;widget-container head\&quot;&gt;&quot;,
          &quot;target&quot; : [ &quot;#widget-controls&quot; ]
        } ]
      } ],
      &quot;all&quot; : [ ],
      &quot;none&quot; : [ ],
      &quot;failureSummary&quot; : &quot;Fix any of the following:\n  Element&#039;s background color could not be determined due to a background gradient&quot;
    }, {
      &quot;html&quot; : &quot;&lt;label id=\&quot;widget-controls-passes-label\&quot; for=\&quot;widget-controls-passes\&quot;&gt;MarsCommuter Passes&lt;/label&gt;&quot;,
      &quot;target&quot; : [ &quot;#widget-controls-passes-label&quot; ],
      &quot;impact&quot; : &quot;serious&quot;,
      &quot;any&quot; : [ {
        &quot;id&quot; : &quot;color-contrast&quot;,
        &quot;impact&quot; : &quot;serious&quot;,
        &quot;message&quot; : &quot;Element&#039;s background color could not be determined due to a background gradient&quot;,
        &quot;data&quot; : {
          &quot;contrastRatio&quot; : 0,
          &quot;expectedContrastRatio&quot; : &quot;4.5:1&quot;,
          &quot;fgColor&quot; : &quot;#333333&quot;,
          &quot;fontSize&quot; : &quot;8.3pt (11px)&quot;,
          &quot;fontWeight&quot; : &quot;normal&quot;,
          &quot;messageKey&quot; : &quot;bgGradient&quot;
        },
        &quot;relatedNodes&quot; : [ {
          &quot;html&quot; : &quot;&lt;div id=\&quot;widget-controls\&quot; class=\&quot;widget-container head\&quot;&gt;&quot;,
          &quot;target&quot; : [ &quot;#widget-controls&quot; ]
        } ]
      } ],
      &quot;all&quot; : [ ],
      &quot;none&quot; : [ ],
      &quot;failureSummary&quot; : &quot;Fix any of the following:\n  Element&#039;s background color could not be determined due to a background gradient&quot;
    }, {
      &quot;html&quot; : &quot;&lt;label id=\&quot;widget-controls-reservations-label\&quot; for=\&quot;widget-controls-reservations\&quot;&gt;MarsCommuter Reservations&lt;/label&gt;&quot;,
      &quot;target&quot; : [ &quot;#widget-controls-reservations-label&quot; ],
      &quot;impact&quot; : &quot;serious&quot;,
      &quot;any&quot; : [ {
        &quot;id&quot; : &quot;color-contrast&quot;,
        &quot;impact&quot; : &quot;serious&quot;,
        &quot;message&quot; : &quot;Element&#039;s background color could not be determined due to a background gradient&quot;,
        &quot;data&quot; : {
          &quot;contrastRatio&quot; : 0,
          &quot;expectedContrastRatio&quot; : &quot;4.5:1&quot;,
          &quot;fgColor&quot; : &quot;#333333&quot;,
          &quot;fontSize&quot; : &quot;8.3pt (11px)&quot;,
          &quot;fontWeight&quot; : &quot;normal&quot;,
          &quot;messageKey&quot; : &quot;bgGradient&quot;
        },
        &quot;relatedNodes&quot; : [ {
          &quot;html&quot; : &quot;&lt;div id=\&quot;widget-controls\&quot; class=\&quot;widget-container head\&quot;&gt;&quot;,
          &quot;target&quot; : [ &quot;#widget-controls&quot; ]
        } ]
      } ],
      &quot;all&quot; : [ ],
      &quot;none&quot; : [ ],
      &quot;failureSummary&quot; : &quot;Fix any of the following:\n  Element&#039;s background color could not be determined due to a background gradient&quot;
    }, {
      &quot;html&quot; : &quot;&lt;label id=\&quot;widget-controls-activities-label\&quot; for=\&quot;widget-controls-activities\&quot;&gt;Find Activities&lt;/label&gt;&quot;,
      &quot;target&quot; : [ &quot;#widget-controls-activities-label&quot; ],
      &quot;impact&quot; : &quot;serious&quot;,
      &quot;any&quot; : [ {
        &quot;id&quot; : &quot;color-contrast&quot;,
        &quot;impact&quot; : &quot;serious&quot;,
        &quot;message&quot; : &quot;Element&#039;s background color could not be determined due to a background gradient&quot;,
        &quot;data&quot; : {
          &quot;contrastRatio&quot; : 0,
          &quot;expectedContrastRatio&quot; : &quot;4.5:1&quot;,
          &quot;fgColor&quot; : &quot;#333333&quot;,
          &quot;fontSize&quot; : &quot;8.3pt (11px)&quot;,
          &quot;fontWeight&quot; : &quot;normal&quot;,
          &quot;messageKey&quot; : &quot;bgGradient&quot;
        },
        &quot;relatedNodes&quot; : [ {
          &quot;html&quot; : &quot;&lt;div id=\&quot;widget-controls\&quot; class=\&quot;widget-container head\&quot;&gt;&quot;,
          &quot;target&quot; : [ &quot;#widget-controls&quot; ]
        } ]
      } ],
      &quot;all&quot; : [ ],
      &quot;none&quot; : [ ],
      &quot;failureSummary&quot; : &quot;Fix any of the following:\n  Element&#039;s background color could not be determined due to a background gradient&quot;
    }, {
      &quot;html&quot; : &quot;&lt;label id=\&quot;widget-controls-hotels-label\&quot; for=\&quot;widget-controls-hotels\&quot;&gt;Book a Hotel&lt;/label&gt;&quot;,
      &quot;target&quot; : [ &quot;#widget-controls-hotels-label&quot; ],
      &quot;impact&quot; : &quot;serious&quot;,
      &quot;any&quot; : [ {
        &quot;id&quot; : &quot;color-contrast&quot;,
        &quot;impact&quot; : &quot;serious&quot;,
        &quot;message&quot; : &quot;Element&#039;s background color could not be determined due to a background gradient&quot;,
        &quot;data&quot; : {
          &quot;contrastRatio&quot; : 0,
          &quot;expectedContrastRatio&quot; : &quot;4.5:1&quot;,
          &quot;fgColor&quot; : &quot;#333333&quot;,
          &quot;fontSize&quot; : &quot;8.3pt (11px)&quot;,
          &quot;fontWeight&quot; : &quot;normal&quot;,
          &quot;messageKey&quot; : &quot;bgGradient&quot;
        },
        &quot;relatedNodes&quot; : [ {
          &quot;html&quot; : &quot;&lt;div id=\&quot;widget-controls\&quot; class=\&quot;widget-container head\&quot;&gt;&quot;,
          &quot;target&quot; : [ &quot;#widget-controls&quot; ]
        } ]
      } ],
      &quot;all&quot; : [ ],
      &quot;none&quot; : [ ],
      &quot;failureSummary&quot; : &quot;Fix any of the following:\n  Element&#039;s background color could not be determined due to a background gradient&quot;
    }, {
      &quot;html&quot; : &quot;&lt;h3&gt;Book your Trip&lt;/h3&gt;&quot;,
      &quot;target&quot; : [ &quot;#route-select &gt; .interior-container &gt; h3&quot; ],
      &quot;impact&quot; : &quot;serious&quot;,
      &quot;any&quot; : [ {
        &quot;id&quot; : &quot;color-contrast&quot;,
        &quot;impact&quot; : &quot;serious&quot;,
        &quot;message&quot; : &quot;Element&#039;s background color could not be determined due to a background gradient&quot;,
        &quot;data&quot; : {
          &quot;contrastRatio&quot; : 0,
          &quot;expectedContrastRatio&quot; : &quot;4.5:1&quot;,
          &quot;fgColor&quot; : &quot;#000000&quot;,
          &quot;fontSize&quot; : &quot;12.0pt (16px)&quot;,
          &quot;fontWeight&quot; : &quot;normal&quot;,
          &quot;messageKey&quot; : &quot;bgGradient&quot;
        },
        &quot;relatedNodes&quot; : [ {
          &quot;html&quot; : &quot;&lt;div id=\&quot;route-select\&quot; class=\&quot;widget-container middle\&quot;&gt;&quot;,
          &quot;target&quot; : [ &quot;#route-select&quot; ]
        } ]
      } ],
      &quot;all&quot; : [ ],
      &quot;none&quot; : [ ],
      &quot;failureSummary&quot; : &quot;Fix any of the following:\n  Element&#039;s background color could not be determined due to a background gradient&quot;
    }, {
      &quot;html&quot; : &quot;&lt;label for=\&quot;route-type-one-way\&quot; class=\&quot;selected\&quot;&gt;One-Way&lt;/label&gt;&quot;,
      &quot;target&quot; : [ &quot;label[for=\&quot;route-type-one-way\&quot;]&quot; ],
      &quot;impact&quot; : &quot;serious&quot;,
      &quot;any&quot; : [ {
        &quot;id&quot; : &quot;color-contrast&quot;,
        &quot;impact&quot; : &quot;serious&quot;,
        &quot;message&quot; : &quot;Element&#039;s background color could not be determined due to a background gradient&quot;,
        &quot;data&quot; : {
          &quot;contrastRatio&quot; : 0,
          &quot;expectedContrastRatio&quot; : &quot;4.5:1&quot;,
          &quot;fgColor&quot; : &quot;#711d56&quot;,
          &quot;fontSize&quot; : &quot;8.3pt (11px)&quot;,
          &quot;fontWeight&quot; : &quot;bold&quot;,
          &quot;messageKey&quot; : &quot;bgGradient&quot;
        },
        &quot;relatedNodes&quot; : [ {
          &quot;html&quot; : &quot;&lt;div id=\&quot;route-select\&quot; class=\&quot;widget-container middle\&quot;&gt;&quot;,
          &quot;target&quot; : [ &quot;#route-select&quot; ]
        } ]
      } ],
      &quot;all&quot; : [ ],
      &quot;none&quot; : [ ],
      &quot;failureSummary&quot; : &quot;Fix any of the following:\n  Element&#039;s background color could not be determined due to a background gradient&quot;
    }, {
      &quot;html&quot; : &quot;&lt;label for=\&quot;route-type-round-trip\&quot;&gt;Round-Trip&lt;/label&gt;&quot;,
      &quot;target&quot; : [ &quot;label[for=\&quot;route-type-round-trip\&quot;]&quot; ],
      &quot;impact&quot; : &quot;serious&quot;,
      &quot;any&quot; : [ {
        &quot;id&quot; : &quot;color-contrast&quot;,
        &quot;impact&quot; : &quot;serious&quot;,
        &quot;message&quot; : &quot;Element&#039;s background color could not be determined due to a background gradient&quot;,
        &quot;data&quot; : {
          &quot;contrastRatio&quot; : 0,
          &quot;expectedContrastRatio&quot; : &quot;4.5:1&quot;,
          &quot;fgColor&quot; : &quot;#333333&quot;,
          &quot;fontSize&quot; : &quot;8.3pt (11px)&quot;,
          &quot;fontWeight&quot; : &quot;bold&quot;,
          &quot;messageKey&quot; : &quot;bgGradient&quot;
        },
        &quot;relatedNodes&quot; : [ {
          &quot;html&quot; : &quot;&lt;div id=\&quot;route-select\&quot; class=\&quot;widget-container middle\&quot;&gt;&quot;,
          &quot;target&quot; : [ &quot;#route-select&quot; ]
        } ]
      } ],
      &quot;all&quot; : [ ],
      &quot;none&quot; : [ ],
      &quot;failureSummary&quot; : &quot;Fix any of the following:\n  Element&#039;s background color could not be determined due to a background gradient&quot;
    }, {
      &quot;html&quot; : &quot;&lt;label for=\&quot;route-type-multi-city\&quot;&gt;Multi-Planet&lt;/label&gt;&quot;,
      &quot;target&quot; : [ &quot;label[for=\&quot;route-type-multi-city\&quot;]&quot; ],
      &quot;impact&quot; : &quot;serious&quot;,
      &quot;any&quot; : [ {
        &quot;id&quot; : &quot;color-contrast&quot;,
        &quot;impact&quot; : &quot;serious&quot;,
        &quot;message&quot; : &quot;Element&#039;s background color could not be determined due to a background gradient&quot;,
        &quot;data&quot; : {
          &quot;contrastRatio&quot; : 0,
          &quot;expectedContrastRatio&quot; : &quot;4.5:1&quot;,
          &quot;fgColor&quot; : &quot;#333333&quot;,
          &quot;fontSize&quot; : &quot;8.3pt (11px)&quot;,
          &quot;fontWeight&quot; : &quot;bold&quot;,
          &quot;messageKey&quot; : &quot;bgGradient&quot;
        },
        &quot;relatedNodes&quot; : [ {
          &quot;html&quot; : &quot;&lt;div id=\&quot;route-select\&quot; class=\&quot;widget-container middle\&quot;&gt;&quot;,
          &quot;target&quot; : [ &quot;#route-select&quot; ]
        } ]
      } ],
      &quot;all&quot; : [ ],
      &quot;none&quot; : [ ],
      &quot;failureSummary&quot; : &quot;Fix any of the following:\n  Element&#039;s background color could not be determined due to a background gradient&quot;
    }, {
      &quot;html&quot; : &quot;&lt;label for=\&quot;from0\&quot;&gt;From:&lt;/label&gt;&quot;,
      &quot;target&quot; : [ &quot;label[for=\&quot;from0\&quot;]&quot; ],
      &quot;impact&quot; : &quot;serious&quot;,
      &quot;any&quot; : [ {
        &quot;id&quot; : &quot;color-contrast&quot;,
        &quot;impact&quot; : &quot;serious&quot;,
        &quot;message&quot; : &quot;Element&#039;s background color could not be determined due to a background gradient&quot;,
        &quot;data&quot; : {
          &quot;contrastRatio&quot; : 0,
          &quot;expectedContrastRatio&quot; : &quot;4.5:1&quot;,
          &quot;fgColor&quot; : &quot;#333333&quot;,
          &quot;fontSize&quot; : &quot;8.3pt (11px)&quot;,
          &quot;fontWeight&quot; : &quot;bold&quot;,
          &quot;messageKey&quot; : &quot;bgGradient&quot;
        },
        &quot;relatedNodes&quot; : [ {
          &quot;html&quot; : &quot;&lt;div id=\&quot;route-select\&quot; class=\&quot;widget-container middle\&quot;&gt;&quot;,
          &quot;target&quot; : [ &quot;#route-select&quot; ]
        } ]
      } ],
      &quot;all&quot; : [ ],
      &quot;none&quot; : [ ],
      &quot;failureSummary&quot; : &quot;Fix any of the following:\n  Element&#039;s background color could not be determined due to a background gradient&quot;
    }, {
      &quot;html&quot; : &quot;&lt;label for=\&quot;to0\&quot;&gt;To:&lt;/label&gt;&quot;,
      &quot;target&quot; : [ &quot;label[for=\&quot;to0\&quot;]&quot; ],
      &quot;impact&quot; : &quot;serious&quot;,
      &quot;any&quot; : [ {
        &quot;id&quot; : &quot;color-contrast&quot;,
        &quot;impact&quot; : &quot;serious&quot;,
        &quot;message&quot; : &quot;Element&#039;s background color could not be determined due to a background gradient&quot;,
        &quot;data&quot; : {
          &quot;contrastRatio&quot; : 0,
          &quot;expectedContrastRatio&quot; : &quot;4.5:1&quot;,
          &quot;fgColor&quot; : &quot;#333333&quot;,
          &quot;fontSize&quot; : &quot;8.3pt (11px)&quot;,
          &quot;fontWeight&quot; : &quot;bold&quot;,
          &quot;messageKey&quot; : &quot;bgGradient&quot;
        },
        &quot;relatedNodes&quot; : [ {
          &quot;html&quot; : &quot;&lt;div id=\&quot;route-select\&quot; class=\&quot;widget-container middle\&quot;&gt;&quot;,
          &quot;target&quot; : [ &quot;#route-select&quot; ]
        } ]
      } ],
      &quot;all&quot; : [ ],
      &quot;none&quot; : [ ],
      &quot;failureSummary&quot; : &quot;Fix any of the following:\n  Element&#039;s background color could not be determined due to a background gradient&quot;
    }, {
      &quot;html&quot; : &quot;&lt;label for=\&quot;deptDate0\&quot;&gt;Departure Date&lt;/label&gt;&quot;,
      &quot;target&quot; : [ &quot;label[for=\&quot;deptDate0\&quot;]&quot; ],
      &quot;impact&quot; : &quot;serious&quot;,
      &quot;any&quot; : [ {
        &quot;id&quot; : &quot;color-contrast&quot;,
        &quot;impact&quot; : &quot;serious&quot;,
        &quot;message&quot; : &quot;Element&#039;s background color could not be determined due to a background gradient&quot;,
        &quot;data&quot; : {
          &quot;contrastRatio&quot; : 0,
          &quot;expectedContrastRatio&quot; : &quot;4.5:1&quot;,
          &quot;fgColor&quot; : &quot;#333333&quot;,
          &quot;fontSize&quot; : &quot;8.3pt (11px)&quot;,
          &quot;fontWeight&quot; : &quot;bold&quot;,
          &quot;messageKey&quot; : &quot;bgGradient&quot;
        },
        &quot;relatedNodes&quot; : [ {
          &quot;html&quot; : &quot;&lt;div id=\&quot;route-select\&quot; class=\&quot;widget-container middle\&quot;&gt;&quot;,
          &quot;target&quot; : [ &quot;#route-select&quot; ]
        } ]
      } ],
      &quot;all&quot; : [ ],
      &quot;none&quot; : [ ],
      &quot;failureSummary&quot; : &quot;Fix any of the following:\n  Element&#039;s background color could not be determined due to a background gradient&quot;
    }, {
      &quot;html&quot; : &quot;&lt;a class=\&quot;add-leg\&quot;&gt;&lt;span class=\&quot;icon\&quot;&gt;&lt;/span&gt;Add Another Trip&lt;/a&gt;&quot;,
      &quot;target&quot; : [ &quot;.add-leg&quot; ],
      &quot;impact&quot; : &quot;serious&quot;,
      &quot;any&quot; : [ {
        &quot;id&quot; : &quot;color-contrast&quot;,
        &quot;impact&quot; : &quot;serious&quot;,
        &quot;message&quot; : &quot;Element&#039;s background color could not be determined due to a background gradient&quot;,
        &quot;data&quot; : {
          &quot;contrastRatio&quot; : 0,
          &quot;expectedContrastRatio&quot; : &quot;4.5:1&quot;,
          &quot;fgColor&quot; : &quot;#067ab4&quot;,
          &quot;fontSize&quot; : &quot;8.3pt (11px)&quot;,
          &quot;fontWeight&quot; : &quot;bold&quot;,
          &quot;messageKey&quot; : &quot;bgGradient&quot;
        },
        &quot;relatedNodes&quot; : [ {
          &quot;html&quot; : &quot;&lt;div id=\&quot;route-select\&quot; class=\&quot;widget-container middle\&quot;&gt;&quot;,
          &quot;target&quot; : [ &quot;#route-select&quot; ]
        } ]
      } ],
      &quot;all&quot; : [ ],
      &quot;none&quot; : [ ],
      &quot;failureSummary&quot; : &quot;Fix any of the following:\n  Element&#039;s background color could not be determined due to a background gradient&quot;
    }, {
      &quot;html&quot; : &quot;&lt;span class=\&quot;pass-question\&quot;&gt;&quot;,
      &quot;target&quot; : [ &quot;#pass-question-radio-group &gt; .pass-question&quot; ],
      &quot;impact&quot; : &quot;serious&quot;,
      &quot;any&quot; : [ {
        &quot;id&quot; : &quot;color-contrast&quot;,
        &quot;impact&quot; : &quot;serious&quot;,
        &quot;message&quot; : &quot;Element&#039;s background color could not be determined due to a background gradient&quot;,
        &quot;data&quot; : {
          &quot;contrastRatio&quot; : 0,
          &quot;expectedContrastRatio&quot; : &quot;4.5:1&quot;,
          &quot;fgColor&quot; : &quot;#000000&quot;,
          &quot;fontSize&quot; : &quot;8.3pt (11px)&quot;,
          &quot;fontWeight&quot; : &quot;normal&quot;,
          &quot;messageKey&quot; : &quot;bgGradient&quot;
        },
        &quot;relatedNodes&quot; : [ {
          &quot;html&quot; : &quot;&lt;div id=\&quot;route-select\&quot; class=\&quot;widget-container middle\&quot;&gt;&quot;,
          &quot;target&quot; : [ &quot;#route-select&quot; ]
        } ]
      } ],
      &quot;all&quot; : [ ],
      &quot;none&quot; : [ ],
      &quot;failureSummary&quot; : &quot;Fix any of the following:\n  Element&#039;s background color could not be determined due to a background gradient&quot;
    }, {
      &quot;html&quot; : &quot;&lt;a data-tooltip=\&quot;tooltip\&quot; data-title=\&quot;&lt;strong&gt;&quot;,
      &quot;target&quot; : [ &quot;a[data-tooltip=\&quot;tooltip\&quot;]&quot; ],
      &quot;impact&quot; : &quot;serious&quot;,
      &quot;any&quot; : [ {
        &quot;id&quot; : &quot;color-contrast&quot;,
        &quot;impact&quot; : &quot;serious&quot;,
        &quot;message&quot; : &quot;Element&#039;s background color could not be determined due to a background gradient&quot;,
        &quot;data&quot; : {
          &quot;contrastRatio&quot; : 0,
          &quot;expectedContrastRatio&quot; : &quot;4.5:1&quot;,
          &quot;fgColor&quot; : &quot;#067ab4&quot;,
          &quot;fontSize&quot; : &quot;8.3pt (11px)&quot;,
          &quot;fontWeight&quot; : &quot;normal&quot;,
          &quot;messageKey&quot; : &quot;bgGradient&quot;
        },
        &quot;relatedNodes&quot; : [ {
          &quot;html&quot; : &quot;&lt;div id=\&quot;route-select\&quot; class=\&quot;widget-container middle\&quot;&gt;&quot;,
          &quot;target&quot; : [ &quot;#route-select&quot; ]
        } ]
      } ],
      &quot;all&quot; : [ ],
      &quot;none&quot; : [ ],
      &quot;failureSummary&quot; : &quot;Fix any of the following:\n  Element&#039;s background color could not be determined due to a background gradient&quot;
    }, {
      &quot;html&quot; : &quot;&lt;label for=\&quot;pass-question-yes\&quot;&gt;Yes&lt;/label&gt;&quot;,
      &quot;target&quot; : [ &quot;label[for=\&quot;pass-question-yes\&quot;]&quot; ],
      &quot;impact&quot; : &quot;serious&quot;,
      &quot;any&quot; : [ {
        &quot;id&quot; : &quot;color-contrast&quot;,
        &quot;impact&quot; : &quot;serious&quot;,
        &quot;message&quot; : &quot;Element&#039;s background color could not be determined due to a background gradient&quot;,
        &quot;data&quot; : {
          &quot;contrastRatio&quot; : 0,
          &quot;expectedContrastRatio&quot; : &quot;4.5:1&quot;,
          &quot;fgColor&quot; : &quot;#333333&quot;,
          &quot;fontSize&quot; : &quot;8.3pt (11px)&quot;,
          &quot;fontWeight&quot; : &quot;bold&quot;,
          &quot;messageKey&quot; : &quot;bgGradient&quot;
        },
        &quot;relatedNodes&quot; : [ {
          &quot;html&quot; : &quot;&lt;div id=\&quot;route-select\&quot; class=\&quot;widget-container middle\&quot;&gt;&quot;,
          &quot;target&quot; : [ &quot;#route-select&quot; ]
        } ]
      } ],
      &quot;all&quot; : [ ],
      &quot;none&quot; : [ ],
      &quot;failureSummary&quot; : &quot;Fix any of the following:\n  Element&#039;s background color could not be determined due to a background gradient&quot;
    }, {
      &quot;html&quot; : &quot;&lt;label for=\&quot;pass-question-no\&quot; class=\&quot;selected\&quot;&gt;No&lt;/label&gt;&quot;,
      &quot;target&quot; : [ &quot;label[for=\&quot;pass-question-no\&quot;]&quot; ],
      &quot;impact&quot; : &quot;serious&quot;,
      &quot;any&quot; : [ {
        &quot;id&quot; : &quot;color-contrast&quot;,
        &quot;impact&quot; : &quot;serious&quot;,
        &quot;message&quot; : &quot;Element&#039;s background color could not be determined due to a background gradient&quot;,
        &quot;data&quot; : {
          &quot;contrastRatio&quot; : 0,
          &quot;expectedContrastRatio&quot; : &quot;4.5:1&quot;,
          &quot;fgColor&quot; : &quot;#711d56&quot;,
          &quot;fontSize&quot; : &quot;8.3pt (11px)&quot;,
          &quot;fontWeight&quot; : &quot;bold&quot;,
          &quot;messageKey&quot; : &quot;bgGradient&quot;
        },
        &quot;relatedNodes&quot; : [ {
          &quot;html&quot; : &quot;&lt;div id=\&quot;route-select\&quot; class=\&quot;widget-container middle\&quot;&gt;&quot;,
          &quot;target&quot; : [ &quot;#route-select&quot; ]
        } ]
      } ],
      &quot;all&quot; : [ ],
      &quot;none&quot; : [ ],
      &quot;failureSummary&quot; : &quot;Fix any of the following:\n  Element&#039;s background color could not be determined due to a background gradient&quot;
    }, {
      &quot;html&quot; : &quot;&lt;h3&gt;Who Is Traveling?&lt;/h3&gt;&quot;,
      &quot;target&quot; : [ &quot;.middle.widget-container:nth-child(13) &gt; .interior-container &gt; h3&quot; ],
      &quot;impact&quot; : &quot;serious&quot;,
      &quot;any&quot; : [ {
        &quot;id&quot; : &quot;color-contrast&quot;,
        &quot;impact&quot; : &quot;serious&quot;,
        &quot;message&quot; : &quot;Element&#039;s background color could not be determined due to a background gradient&quot;,
        &quot;data&quot; : {
          &quot;contrastRatio&quot; : 0,
          &quot;expectedContrastRatio&quot; : &quot;4.5:1&quot;,
          &quot;fgColor&quot; : &quot;#000000&quot;,
          &quot;fontSize&quot; : &quot;12.0pt (16px)&quot;,
          &quot;fontWeight&quot; : &quot;normal&quot;,
          &quot;messageKey&quot; : &quot;bgGradient&quot;
        },
        &quot;relatedNodes&quot; : [ {
          &quot;html&quot; : &quot;&lt;div id=\&quot;passenger-select\&quot; class=\&quot;widget-container middle\&quot;&gt;&quot;,
          &quot;target&quot; : [ &quot;.middle.widget-container:nth-child(13)&quot; ]
        } ]
      } ],
      &quot;all&quot; : [ ],
      &quot;none&quot; : [ ],
      &quot;failureSummary&quot; : &quot;Fix any of the following:\n  Element&#039;s background color could not be determined due to a background gradient&quot;
    }, {
      &quot;html&quot; : &quot;&lt;span class=\&quot;traveler-label\&quot;&gt;Traveler&lt;/span&gt;&quot;,
      &quot;target&quot; : [ &quot;#passenger0 &gt; .wrapper:nth-child(1) &gt; .traveler-label&quot; ],
      &quot;impact&quot; : &quot;serious&quot;,
      &quot;any&quot; : [ {
        &quot;id&quot; : &quot;color-contrast&quot;,
        &quot;impact&quot; : &quot;serious&quot;,
        &quot;message&quot; : &quot;Element&#039;s background color could not be determined due to a background gradient&quot;,
        &quot;data&quot; : {
          &quot;contrastRatio&quot; : 0,
          &quot;expectedContrastRatio&quot; : &quot;4.5:1&quot;,
          &quot;fgColor&quot; : &quot;#333333&quot;,
          &quot;fontSize&quot; : &quot;8.3pt (11px)&quot;,
          &quot;fontWeight&quot; : &quot;bold&quot;,
          &quot;messageKey&quot; : &quot;bgGradient&quot;
        },
        &quot;relatedNodes&quot; : [ {
          &quot;html&quot; : &quot;&lt;div id=\&quot;passenger-select\&quot; class=\&quot;widget-container middle\&quot;&gt;&quot;,
          &quot;target&quot; : [ &quot;.middle.widget-container:nth-child(13)&quot; ]
        } ]
      } ],
      &quot;all&quot; : [ ],
      &quot;none&quot; : [ ],
      &quot;failureSummary&quot; : &quot;Fix any of the following:\n  Element&#039;s background color could not be determined due to a background gradient&quot;
    }, {
      &quot;html&quot; : &quot;&lt;a class=\&quot;add-traveler\&quot;&gt;\n                                                                    &lt;div class=\&quot;icon\&quot;&gt;&lt;/div&gt;\n                                                                     Add A Traveler&lt;/a&gt;&quot;,
      &quot;target&quot; : [ &quot;.add-traveler&quot; ],
      &quot;impact&quot; : &quot;serious&quot;,
      &quot;any&quot; : [ {
        &quot;id&quot; : &quot;color-contrast&quot;,
        &quot;impact&quot; : &quot;serious&quot;,
        &quot;message&quot; : &quot;Element&#039;s background color could not be determined due to a background gradient&quot;,
        &quot;data&quot; : {
          &quot;contrastRatio&quot; : 0,
          &quot;expectedContrastRatio&quot; : &quot;4.5:1&quot;,
          &quot;fgColor&quot; : &quot;#067ab4&quot;,
          &quot;fontSize&quot; : &quot;8.3pt (11px)&quot;,
          &quot;fontWeight&quot; : &quot;bold&quot;,
          &quot;messageKey&quot; : &quot;bgGradient&quot;
        },
        &quot;relatedNodes&quot; : [ {
          &quot;html&quot; : &quot;&lt;div id=\&quot;passenger-select\&quot; class=\&quot;widget-container middle\&quot;&gt;&quot;,
          &quot;target&quot; : [ &quot;.middle.widget-container:nth-child(13)&quot; ]
        } ]
      } ],
      &quot;all&quot; : [ ],
      &quot;none&quot; : [ ],
      &quot;failureSummary&quot; : &quot;Fix any of the following:\n  Element&#039;s background color could not be determined due to a background gradient&quot;
    }, {
      &quot;html&quot; : &quot;&lt;input id=\&quot;fs-submit\&quot; type=\&quot;submit\&quot; class=\&quot;btn btn-large submit-form\&quot; value=\&quot;Search\&quot;&gt;&quot;,
      &quot;target&quot; : [ &quot;#fs-submit&quot; ],
      &quot;impact&quot; : &quot;serious&quot;,
      &quot;any&quot; : [ {
        &quot;id&quot; : &quot;color-contrast&quot;,
        &quot;impact&quot; : &quot;serious&quot;,
        &quot;message&quot; : &quot;Element&#039;s background color could not be determined due to a background gradient&quot;,
        &quot;data&quot; : {
          &quot;contrastRatio&quot; : 0,
          &quot;expectedContrastRatio&quot; : &quot;4.5:1&quot;,
          &quot;fgColor&quot; : &quot;#ffffff&quot;,
          &quot;fontSize&quot; : &quot;10.5pt (14px)&quot;,
          &quot;fontWeight&quot; : &quot;bold&quot;,
          &quot;messageKey&quot; : &quot;bgGradient&quot;
        },
        &quot;relatedNodes&quot; : [ {
          &quot;html&quot; : &quot;&lt;input id=\&quot;fs-submit\&quot; type=\&quot;submit\&quot; class=\&quot;btn btn-large submit-form\&quot; value=\&quot;Search\&quot;&gt;&quot;,
          &quot;target&quot; : [ &quot;#fs-submit&quot; ]
        } ]
      } ],
      &quot;all&quot; : [ ],
      &quot;none&quot; : [ ],
      &quot;failureSummary&quot; : &quot;Fix any of the following:\n  Element&#039;s background color could not be determined due to a background gradient&quot;
    }, {
      &quot;html&quot; : &quot;&lt;h3 id=\&quot;video-text\&quot;&gt;Life was possible on Mars&lt;/h3&gt;&quot;,
      &quot;target&quot; : [ &quot;#video-text&quot; ],
      &quot;impact&quot; : &quot;serious&quot;,
      &quot;any&quot; : [ {
        &quot;id&quot; : &quot;color-contrast&quot;,
        &quot;impact&quot; : &quot;serious&quot;,
        &quot;message&quot; : &quot;Element&#039;s background color could not be determined due to a background gradient&quot;,
        &quot;data&quot; : {
          &quot;contrastRatio&quot; : 0,
          &quot;expectedContrastRatio&quot; : &quot;4.5:1&quot;,
          &quot;fgColor&quot; : &quot;#000000&quot;,
          &quot;fontSize&quot; : &quot;12.0pt (16px)&quot;,
          &quot;fontWeight&quot; : &quot;normal&quot;,
          &quot;messageKey&quot; : &quot;bgGradient&quot;
        },
        &quot;relatedNodes&quot; : [ {
          &quot;html&quot; : &quot;&lt;div id=\&quot;video-box\&quot; class=\&quot;widget-container\&quot;&gt;&quot;,
          &quot;target&quot; : [ &quot;#video-box&quot; ]
        } ]
      } ],
      &quot;all&quot; : [ ],
      &quot;none&quot; : [ ],
      &quot;failureSummary&quot; : &quot;Fix any of the following:\n  Element&#039;s background color could not be determined due to a background gradient&quot;
    }, {
      &quot;html&quot; : &quot;&lt;span class=\&quot;label\&quot; id=\&quot;l\&quot;&gt;Follow @MarsTrip1&lt;/span&gt;&quot;,
      &quot;target&quot; : [ &quot;.twitter-follow-button&quot;, &quot;#l&quot; ],
      &quot;impact&quot; : &quot;serious&quot;,
      &quot;any&quot; : [ {
        &quot;id&quot; : &quot;color-contrast&quot;,
        &quot;impact&quot; : &quot;serious&quot;,
        &quot;message&quot; : &quot;Element&#039;s background color could not be determined due to a background gradient&quot;,
        &quot;data&quot; : {
          &quot;contrastRatio&quot; : 0,
          &quot;expectedContrastRatio&quot; : &quot;4.5:1&quot;,
          &quot;fgColor&quot; : &quot;#333333&quot;,
          &quot;fontSize&quot; : &quot;9.8pt (13px)&quot;,
          &quot;fontWeight&quot; : &quot;bold&quot;,
          &quot;messageKey&quot; : &quot;bgGradient&quot;
        },
        &quot;relatedNodes&quot; : [ {
          &quot;html&quot; : &quot;&lt;a id=\&quot;follow-button\&quot; target=\&quot;_blank\&quot; class=\&quot;btn\&quot; title=\&quot;Follow MarsCommuter on Twitter\&quot; href=\&quot;mars2.html\&quot;&gt;&lt;i&gt;&lt;/i&gt;&lt;span class=\&quot;label\&quot; id=\&quot;l\&quot;&gt;Follow @MarsTrip1&lt;/span&gt;&lt;/a&gt;&quot;,
          &quot;target&quot; : [ &quot;.twitter-follow-button&quot;, &quot;#follow-button&quot; ]
        } ]
      } ],
      &quot;all&quot; : [ ],
      &quot;none&quot; : [ ],
      &quot;failureSummary&quot; : &quot;Fix any of the following:\n  Element&#039;s background color could not be determined due to a background gradient&quot;
    }, {
      &quot;html&quot; : &quot;&lt;div style=\&quot;display:inline-block;font-weight:bold;vertical-align:top;margin-right:5px; margin-top:8px;\&quot;&gt;MarsCommuter&lt;/div&gt;&quot;,
      &quot;target&quot; : [ &quot;a[href=\&quot;mars2.html?a=marscommuter\&quot;] &gt; div:nth-child(1)&quot; ],
      &quot;impact&quot; : &quot;serious&quot;,
      &quot;any&quot; : [ {
        &quot;id&quot; : &quot;color-contrast&quot;,
        &quot;impact&quot; : &quot;serious&quot;,
        &quot;message&quot; : &quot;Element&#039;s background color could not be determined because it is overlapped by another element&quot;,
        &quot;data&quot; : {
          &quot;contrastRatio&quot; : 0,
          &quot;expectedContrastRatio&quot; : &quot;4.5:1&quot;,
          &quot;fgColor&quot; : &quot;#333333&quot;,
          &quot;fontSize&quot; : &quot;9.0pt (12px)&quot;,
          &quot;fontWeight&quot; : &quot;bold&quot;,
          &quot;messageKey&quot; : &quot;bgOverlap&quot;
        },
        &quot;relatedNodes&quot; : [ ]
      } ],
      &quot;all&quot; : [ ],
      &quot;none&quot; : [ ],
      &quot;failureSummary&quot; : &quot;Fix any of the following:\n  Element&#039;s background color could not be determined because it is overlapped by another element&quot;
    }, {
      &quot;html&quot; : &quot;&lt;a href=\&quot;mars2.html?a=\&quot; title=\&quot;Mars Commuter iPhone App\&quot; target=\&quot;_blank\&quot;&gt;Mars iPhone App&lt;/a&gt;&quot;,
      &quot;target&quot; : [ &quot;a[title=\&quot;Mars Commuter iPhone App\&quot;]&quot; ],
      &quot;impact&quot; : &quot;serious&quot;,
      &quot;any&quot; : [ {
        &quot;id&quot; : &quot;color-contrast&quot;,
        &quot;impact&quot; : &quot;serious&quot;,
        &quot;message&quot; : &quot;Element&#039;s background color could not be determined due to a background image&quot;,
        &quot;data&quot; : {
          &quot;contrastRatio&quot; : 0,
          &quot;expectedContrastRatio&quot; : &quot;4.5:1&quot;,
          &quot;fgColor&quot; : &quot;#555555&quot;,
          &quot;fontSize&quot; : &quot;8.3pt (11px)&quot;,
          &quot;fontWeight&quot; : &quot;normal&quot;,
          &quot;messageKey&quot; : &quot;bgImage&quot;
        },
        &quot;relatedNodes&quot; : [ {
          &quot;html&quot; : &quot;&lt;div id=\&quot;bottom-bg\&quot; style=\&quot;\&quot;&gt;&quot;,
          &quot;target&quot; : [ &quot;#bottom-bg&quot; ]
        } ]
      } ],
      &quot;all&quot; : [ ],
      &quot;none&quot; : [ ],
      &quot;failureSummary&quot; : &quot;Fix any of the following:\n  Element&#039;s background color could not be determined due to a background image&quot;
    }, {
      &quot;html&quot; : &quot;&lt;a href=\&quot;mars2.html?a=\&quot; title=\&quot;Join the Conversation\&quot; target=\&quot;_blank\&quot;&gt;Join the conversation and Interact with fellow travelers and MarsCommuter staff in our online community.&lt;/a&gt;&quot;,
      &quot;target&quot; : [ &quot;a[title=\&quot;Join the Conversation\&quot;][target=\&quot;_blank\&quot;][href=\&quot;mars2.html?a=\&quot;]&quot; ],
      &quot;impact&quot; : &quot;serious&quot;,
      &quot;any&quot; : [ {
        &quot;id&quot; : &quot;color-contrast&quot;,
        &quot;impact&quot; : &quot;serious&quot;,
        &quot;message&quot; : &quot;Element&#039;s background color could not be determined due to a background image&quot;,
        &quot;data&quot; : {
          &quot;contrastRatio&quot; : 0,
          &quot;expectedContrastRatio&quot; : &quot;4.5:1&quot;,
          &quot;fgColor&quot; : &quot;#555555&quot;,
          &quot;fontSize&quot; : &quot;8.3pt (11px)&quot;,
          &quot;fontWeight&quot; : &quot;normal&quot;,
          &quot;messageKey&quot; : &quot;bgImage&quot;
        },
        &quot;relatedNodes&quot; : [ {
          &quot;html&quot; : &quot;&lt;div id=\&quot;bottom-bg\&quot; style=\&quot;\&quot;&gt;&quot;,
          &quot;target&quot; : [ &quot;#bottom-bg&quot; ]
        } ]
      } ],
      &quot;all&quot; : [ ],
      &quot;none&quot; : [ ],
      &quot;failureSummary&quot; : &quot;Fix any of the following:\n  Element&#039;s background color could not be determined due to a background image&quot;
    }, {
      &quot;html&quot; : &quot;&lt;h4&gt;Book Your Trip&lt;/h4&gt;&quot;,
      &quot;target&quot; : [ &quot;#footer-book &gt; h4&quot; ],
      &quot;impact&quot; : &quot;serious&quot;,
      &quot;any&quot; : [ {
        &quot;id&quot; : &quot;color-contrast&quot;,
        &quot;impact&quot; : &quot;serious&quot;,
        &quot;message&quot; : &quot;Element&#039;s background color could not be determined because it is overlapped by another element&quot;,
        &quot;data&quot; : {
          &quot;contrastRatio&quot; : 0,
          &quot;expectedContrastRatio&quot; : &quot;4.5:1&quot;,
          &quot;fgColor&quot; : &quot;#ffffff&quot;,
          &quot;fontSize&quot; : &quot;10.5pt (14px)&quot;,
          &quot;fontWeight&quot; : &quot;bold&quot;,
          &quot;messageKey&quot; : &quot;bgOverlap&quot;
        },
        &quot;relatedNodes&quot; : [ ]
      } ],
      &quot;all&quot; : [ ],
      &quot;none&quot; : [ ],
      &quot;failureSummary&quot; : &quot;Fix any of the following:\n  Element&#039;s background color could not be determined because it is overlapped by another element&quot;
    }, {
      &quot;html&quot; : &quot;&lt;a href=\&quot;mars2.html?a=fares_and_schedules\&quot;&gt;Find Fares &amp;amp; Schedules&lt;br&gt;\n &lt;/a&gt;&quot;,
      &quot;target&quot; : [ &quot;#footer-book &gt; ul &gt; li:nth-child(1) &gt; a&quot; ],
      &quot;impact&quot; : &quot;serious&quot;,
      &quot;any&quot; : [ {
        &quot;id&quot; : &quot;color-contrast&quot;,
        &quot;impact&quot; : &quot;serious&quot;,
        &quot;message&quot; : &quot;Element&#039;s background color could not be determined because it is overlapped by another element&quot;,
        &quot;data&quot; : {
          &quot;contrastRatio&quot; : 0,
          &quot;expectedContrastRatio&quot; : &quot;4.5:1&quot;,
          &quot;fgColor&quot; : &quot;#ffffff&quot;,
          &quot;fontSize&quot; : &quot;8.3pt (11px)&quot;,
          &quot;fontWeight&quot; : &quot;normal&quot;,
          &quot;messageKey&quot; : &quot;bgOverlap&quot;
        },
        &quot;relatedNodes&quot; : [ ]
      } ],
      &quot;all&quot; : [ ],
      &quot;none&quot; : [ ],
      &quot;failureSummary&quot; : &quot;Fix any of the following:\n  Element&#039;s background color could not be determined because it is overlapped by another element&quot;
    }, {
      &quot;html&quot; : &quot;&lt;a href=\&quot;mars2.html?a=find_mars_passes\&quot;&gt;Find Mars Passes&lt;/a&gt;&quot;,
      &quot;target&quot; : [ &quot;a[href=\&quot;mars2.html?a=find_mars_passes\&quot;]&quot; ],
      &quot;impact&quot; : &quot;serious&quot;,
      &quot;any&quot; : [ {
        &quot;id&quot; : &quot;color-contrast&quot;,
        &quot;impact&quot; : &quot;serious&quot;,
        &quot;message&quot; : &quot;Element&#039;s background color could not be determined because it is overlapped by another element&quot;,
        &quot;data&quot; : {
          &quot;contrastRatio&quot; : 0,
          &quot;expectedContrastRatio&quot; : &quot;4.5:1&quot;,
          &quot;fgColor&quot; : &quot;#ffffff&quot;,
          &quot;fontSize&quot; : &quot;8.3pt (11px)&quot;,
          &quot;fontWeight&quot; : &quot;normal&quot;,
          &quot;messageKey&quot; : &quot;bgOverlap&quot;
        },
        &quot;relatedNodes&quot; : [ ]
      } ],
      &quot;all&quot; : [ ],
      &quot;none&quot; : [ ],
      &quot;failureSummary&quot; : &quot;Fix any of the following:\n  Element&#039;s background color could not be determined because it is overlapped by another element&quot;
    }, {
      &quot;html&quot; : &quot;&lt;a href=\&quot;mars2.html?a=find_activities\&quot;&gt;Find Activities&lt;/a&gt;&quot;,
      &quot;target&quot; : [ &quot;a[href=\&quot;mars2.html?a=find_activities\&quot;]&quot; ],
      &quot;impact&quot; : &quot;serious&quot;,
      &quot;any&quot; : [ {
        &quot;id&quot; : &quot;color-contrast&quot;,
        &quot;impact&quot; : &quot;serious&quot;,
        &quot;message&quot; : &quot;Element&#039;s background color could not be determined because it is overlapped by another element&quot;,
        &quot;data&quot; : {
          &quot;contrastRatio&quot; : 0,
          &quot;expectedContrastRatio&quot; : &quot;4.5:1&quot;,
          &quot;fgColor&quot; : &quot;#ffffff&quot;,
          &quot;fontSize&quot; : &quot;8.3pt (11px)&quot;,
          &quot;fontWeight&quot; : &quot;normal&quot;,
          &quot;messageKey&quot; : &quot;bgOverlap&quot;
        },
        &quot;relatedNodes&quot; : [ ]
      } ],
      &quot;all&quot; : [ ],
      &quot;none&quot; : [ ],
      &quot;failureSummary&quot; : &quot;Fix any of the following:\n  Element&#039;s background color could not be determined because it is overlapped by another element&quot;
    }, {
      &quot;html&quot; : &quot;&lt;a href=\&quot;mars2.html?a=book_reservations\&quot;&gt;Book Reservations&lt;/a&gt;&quot;,
      &quot;target&quot; : [ &quot;a[href=\&quot;mars2.html?a=book_reservations\&quot;]&quot; ],
      &quot;impact&quot; : &quot;serious&quot;,
      &quot;any&quot; : [ {
        &quot;id&quot; : &quot;color-contrast&quot;,
        &quot;impact&quot; : &quot;serious&quot;,
        &quot;message&quot; : &quot;Element&#039;s background color could not be determined because it is overlapped by another element&quot;,
        &quot;data&quot; : {
          &quot;contrastRatio&quot; : 0,
          &quot;expectedContrastRatio&quot; : &quot;4.5:1&quot;,
          &quot;fgColor&quot; : &quot;#ffffff&quot;,
          &quot;fontSize&quot; : &quot;8.3pt (11px)&quot;,
          &quot;fontWeight&quot; : &quot;normal&quot;,
          &quot;messageKey&quot; : &quot;bgOverlap&quot;
        },
        &quot;relatedNodes&quot; : [ ]
      } ],
      &quot;all&quot; : [ ],
      &quot;none&quot; : [ ],
      &quot;failureSummary&quot; : &quot;Fix any of the following:\n  Element&#039;s background color could not be determined because it is overlapped by another element&quot;
    }, {
      &quot;html&quot; : &quot;&lt;a href=\&quot;mars2.html?a=view_rocket_pass_listing\&quot;&gt;View Rocket Pass Listing&lt;br&gt;\n &lt;/a&gt;&quot;,
      &quot;target&quot; : [ &quot;#footer-book &gt; ul &gt; li:nth-child(5) &gt; a&quot; ],
      &quot;impact&quot; : &quot;serious&quot;,
      &quot;any&quot; : [ {
        &quot;id&quot; : &quot;color-contrast&quot;,
        &quot;impact&quot; : &quot;serious&quot;,
        &quot;message&quot; : &quot;Element&#039;s background color could not be determined because it is overlapped by another element&quot;,
        &quot;data&quot; : {
          &quot;contrastRatio&quot; : 0,
          &quot;expectedContrastRatio&quot; : &quot;4.5:1&quot;,
          &quot;fgColor&quot; : &quot;#ffffff&quot;,
          &quot;fontSize&quot; : &quot;8.3pt (11px)&quot;,
          &quot;fontWeight&quot; : &quot;normal&quot;,
          &quot;messageKey&quot; : &quot;bgOverlap&quot;
        },
        &quot;relatedNodes&quot; : [ ]
      } ],
      &quot;all&quot; : [ ],
      &quot;none&quot; : [ ],
      &quot;failureSummary&quot; : &quot;Fix any of the following:\n  Element&#039;s background color could not be determined because it is overlapped by another element&quot;
    }, {
      &quot;html&quot; : &quot;&lt;h4&gt;Mars Shuttles&lt;/h4&gt;&quot;,
      &quot;target&quot; : [ &quot;#footer-trains &gt; h4&quot; ],
      &quot;impact&quot; : &quot;serious&quot;,
      &quot;any&quot; : [ {
        &quot;id&quot; : &quot;color-contrast&quot;,
        &quot;impact&quot; : &quot;serious&quot;,
        &quot;message&quot; : &quot;Element&#039;s background color could not be determined because it is overlapped by another element&quot;,
        &quot;data&quot; : {
          &quot;contrastRatio&quot; : 0,
          &quot;expectedContrastRatio&quot; : &quot;4.5:1&quot;,
          &quot;fgColor&quot; : &quot;#ffffff&quot;,
          &quot;fontSize&quot; : &quot;10.5pt (14px)&quot;,
          &quot;fontWeight&quot; : &quot;bold&quot;,
          &quot;messageKey&quot; : &quot;bgOverlap&quot;
        },
        &quot;relatedNodes&quot; : [ ]
      } ],
      &quot;all&quot; : [ ],
      &quot;none&quot; : [ ],
      &quot;failureSummary&quot; : &quot;Fix any of the following:\n  Element&#039;s background color could not be determined because it is overlapped by another element&quot;
    }, {
      &quot;html&quot; : &quot;&lt;a href=\&quot;mars2.html?a=marstar\&quot;&gt;MarsStar&lt;/a&gt;&quot;,
      &quot;target&quot; : [ &quot;a[href=\&quot;mars2.html?a=marstar\&quot;]&quot; ],
      &quot;impact&quot; : &quot;serious&quot;,
      &quot;any&quot; : [ {
        &quot;id&quot; : &quot;color-contrast&quot;,
        &quot;impact&quot; : &quot;serious&quot;,
        &quot;message&quot; : &quot;Element&#039;s background color could not be determined because it is overlapped by another element&quot;,
        &quot;data&quot; : {
          &quot;contrastRatio&quot; : 0,
          &quot;expectedContrastRatio&quot; : &quot;4.5:1&quot;,
          &quot;fgColor&quot; : &quot;#ffffff&quot;,
          &quot;fontSize&quot; : &quot;8.3pt (11px)&quot;,
          &quot;fontWeight&quot; : &quot;normal&quot;,
          &quot;messageKey&quot; : &quot;bgOverlap&quot;
        },
        &quot;relatedNodes&quot; : [ ]
      } ],
      &quot;all&quot; : [ ],
      &quot;none&quot; : [ ],
      &quot;failureSummary&quot; : &quot;Fix any of the following:\n  Element&#039;s background color could not be determined because it is overlapped by another element&quot;
    }, {
      &quot;html&quot; : &quot;&lt;a href=\&quot;mars2.html?a=blast_off_uranus\&quot;&gt;Blast off Uranus&lt;/a&gt;&quot;,
      &quot;target&quot; : [ &quot;a[href=\&quot;mars2.html?a=blast_off_uranus\&quot;]&quot; ],
      &quot;impact&quot; : &quot;serious&quot;,
      &quot;any&quot; : [ {
        &quot;id&quot; : &quot;color-contrast&quot;,
        &quot;impact&quot; : &quot;serious&quot;,
        &quot;message&quot; : &quot;Element&#039;s background color could not be determined because it is overlapped by another element&quot;,
        &quot;data&quot; : {
          &quot;contrastRatio&quot; : 0,
          &quot;expectedContrastRatio&quot; : &quot;4.5:1&quot;,
          &quot;fgColor&quot; : &quot;#ffffff&quot;,
          &quot;fontSize&quot; : &quot;8.3pt (11px)&quot;,
          &quot;fontWeight&quot; : &quot;normal&quot;,
          &quot;messageKey&quot; : &quot;bgOverlap&quot;
        },
        &quot;relatedNodes&quot; : [ ]
      } ],
      &quot;all&quot; : [ ],
      &quot;none&quot; : [ ],
      &quot;failureSummary&quot; : &quot;Fix any of the following:\n  Element&#039;s background color could not be determined because it is overlapped by another element&quot;
    }, {
      &quot;html&quot; : &quot;&lt;a href=\&quot;mars2.html?a=red_planet_janet\&quot;&gt;Red Planet Janet&lt;/a&gt;&quot;,
      &quot;target&quot; : [ &quot;a[href=\&quot;mars2.html?a=red_planet_janet\&quot;]&quot; ],
      &quot;impact&quot; : &quot;serious&quot;,
      &quot;any&quot; : [ {
        &quot;id&quot; : &quot;color-contrast&quot;,
        &quot;impact&quot; : &quot;serious&quot;,
        &quot;message&quot; : &quot;Element&#039;s background color could not be determined because it is overlapped by another element&quot;,
        &quot;data&quot; : {
          &quot;contrastRatio&quot; : 0,
          &quot;expectedContrastRatio&quot; : &quot;4.5:1&quot;,
          &quot;fgColor&quot; : &quot;#ffffff&quot;,
          &quot;fontSize&quot; : &quot;8.3pt (11px)&quot;,
          &quot;fontWeight&quot; : &quot;normal&quot;,
          &quot;messageKey&quot; : &quot;bgOverlap&quot;
        },
        &quot;relatedNodes&quot; : [ ]
      } ],
      &quot;all&quot; : [ ],
      &quot;none&quot; : [ ],
      &quot;failureSummary&quot; : &quot;Fix any of the following:\n  Element&#039;s background color could not be determined because it is overlapped by another element&quot;
    }, {
      &quot;html&quot; : &quot;&lt;a href=\&quot;mars2.html?a=the_martianic\&quot;&gt;The Martianic&lt;/a&gt;&quot;,
      &quot;target&quot; : [ &quot;a[href=\&quot;mars2.html?a=the_martianic\&quot;]&quot; ],
      &quot;impact&quot; : &quot;serious&quot;,
      &quot;any&quot; : [ {
        &quot;id&quot; : &quot;color-contrast&quot;,
        &quot;impact&quot; : &quot;serious&quot;,
        &quot;message&quot; : &quot;Element&#039;s background color could not be determined because it is overlapped by another element&quot;,
        &quot;data&quot; : {
          &quot;contrastRatio&quot; : 0,
          &quot;expectedContrastRatio&quot; : &quot;4.5:1&quot;,
          &quot;fgColor&quot; : &quot;#ffffff&quot;,
          &quot;fontSize&quot; : &quot;8.3pt (11px)&quot;,
          &quot;fontWeight&quot; : &quot;normal&quot;,
          &quot;messageKey&quot; : &quot;bgOverlap&quot;
        },
        &quot;relatedNodes&quot; : [ ]
      } ],
      &quot;all&quot; : [ ],
      &quot;none&quot; : [ ],
      &quot;failureSummary&quot; : &quot;Fix any of the following:\n  Element&#039;s background color could not be determined because it is overlapped by another element&quot;
    }, {
      &quot;html&quot; : &quot;&lt;a href=\&quot;mars2.html?a=hal\&quot;&gt;Hal&lt;/a&gt;&quot;,
      &quot;target&quot; : [ &quot;a[href=\&quot;mars2.html?a=hal\&quot;]&quot; ],
      &quot;impact&quot; : &quot;serious&quot;,
      &quot;any&quot; : [ {
        &quot;id&quot; : &quot;color-contrast&quot;,
        &quot;impact&quot; : &quot;serious&quot;,
        &quot;message&quot; : &quot;Element&#039;s background color could not be determined because it is overlapped by another element&quot;,
        &quot;data&quot; : {
          &quot;contrastRatio&quot; : 0,
          &quot;expectedContrastRatio&quot; : &quot;4.5:1&quot;,
          &quot;fgColor&quot; : &quot;#ffffff&quot;,
          &quot;fontSize&quot; : &quot;8.3pt (11px)&quot;,
          &quot;fontWeight&quot; : &quot;normal&quot;,
          &quot;messageKey&quot; : &quot;bgOverlap&quot;
        },
        &quot;relatedNodes&quot; : [ ]
      } ],
      &quot;all&quot; : [ ],
      &quot;none&quot; : [ ],
      &quot;failureSummary&quot; : &quot;Fix any of the following:\n  Element&#039;s background color could not be determined because it is overlapped by another element&quot;
    }, {
      &quot;html&quot; : &quot;&lt;h4&gt;Mars Tourist Passes&lt;/h4&gt;&quot;,
      &quot;target&quot; : [ &quot;#footer-passes &gt; h4&quot; ],
      &quot;impact&quot; : &quot;serious&quot;,
      &quot;any&quot; : [ {
        &quot;id&quot; : &quot;color-contrast&quot;,
        &quot;impact&quot; : &quot;serious&quot;,
        &quot;message&quot; : &quot;Element&#039;s background color could not be determined because it is overlapped by another element&quot;,
        &quot;data&quot; : {
          &quot;contrastRatio&quot; : 0,
          &quot;expectedContrastRatio&quot; : &quot;4.5:1&quot;,
          &quot;fgColor&quot; : &quot;#ffffff&quot;,
          &quot;fontSize&quot; : &quot;10.5pt (14px)&quot;,
          &quot;fontWeight&quot; : &quot;bold&quot;,
          &quot;messageKey&quot; : &quot;bgOverlap&quot;
        },
        &quot;relatedNodes&quot; : [ ]
      } ],
      &quot;all&quot; : [ ],
      &quot;none&quot; : [ ],
      &quot;failureSummary&quot; : &quot;Fix any of the following:\n  Element&#039;s background color could not be determined because it is overlapped by another element&quot;
    }, {
      &quot;html&quot; : &quot;&lt;a href=\&quot;mars2.html?a=polar_cap_pass\&quot;&gt;Polar Cap Pass&lt;/a&gt;&quot;,
      &quot;target&quot; : [ &quot;a[href=\&quot;mars2.html?a=polar_cap_pass\&quot;]&quot; ],
      &quot;impact&quot; : &quot;serious&quot;,
      &quot;any&quot; : [ {
        &quot;id&quot; : &quot;color-contrast&quot;,
        &quot;impact&quot; : &quot;serious&quot;,
        &quot;message&quot; : &quot;Element&#039;s background color could not be determined because it is overlapped by another element&quot;,
        &quot;data&quot; : {
          &quot;contrastRatio&quot; : 0,
          &quot;expectedContrastRatio&quot; : &quot;4.5:1&quot;,
          &quot;fgColor&quot; : &quot;#ffffff&quot;,
          &quot;fontSize&quot; : &quot;8.3pt (11px)&quot;,
          &quot;fontWeight&quot; : &quot;normal&quot;,
          &quot;messageKey&quot; : &quot;bgOverlap&quot;
        },
        &quot;relatedNodes&quot; : [ ]
      } ],
      &quot;all&quot; : [ ],
      &quot;none&quot; : [ ],
      &quot;failureSummary&quot; : &quot;Fix any of the following:\n  Element&#039;s background color could not be determined because it is overlapped by another element&quot;
    }, {
      &quot;html&quot; : &quot;&lt;a href=\&quot;mars2.html?a=greater_crater_pass\&quot;&gt;Greater Crater Pass&lt;/a&gt;&quot;,
      &quot;target&quot; : [ &quot;#footer-passes &gt; ul &gt; li:nth-child(2) &gt; a&quot; ],
      &quot;impact&quot; : &quot;serious&quot;,
      &quot;any&quot; : [ {
        &quot;id&quot; : &quot;color-contrast&quot;,
        &quot;impact&quot; : &quot;serious&quot;,
        &quot;message&quot; : &quot;Element&#039;s background color could not be determined because it is overlapped by another element&quot;,
        &quot;data&quot; : {
          &quot;contrastRatio&quot; : 0,
          &quot;expectedContrastRatio&quot; : &quot;4.5:1&quot;,
          &quot;fgColor&quot; : &quot;#ffffff&quot;,
          &quot;fontSize&quot; : &quot;8.3pt (11px)&quot;,
          &quot;fontWeight&quot; : &quot;normal&quot;,
          &quot;messageKey&quot; : &quot;bgOverlap&quot;
        },
        &quot;relatedNodes&quot; : [ ]
      } ],
      &quot;all&quot; : [ ],
      &quot;none&quot; : [ ],
      &quot;failureSummary&quot; : &quot;Fix any of the following:\n  Element&#039;s background color could not be determined because it is overlapped by another element&quot;
    }, {
      &quot;html&quot; : &quot;&lt;a href=\&quot;mars2.html?a=orbital_pass\&quot;&gt;Orbital Pass&lt;/a&gt;&quot;,
      &quot;target&quot; : [ &quot;a[href=\&quot;mars2.html?a=orbital_pass\&quot;]&quot; ],
      &quot;impact&quot; : &quot;serious&quot;,
      &quot;any&quot; : [ {
        &quot;id&quot; : &quot;color-contrast&quot;,
        &quot;impact&quot; : &quot;serious&quot;,
        &quot;message&quot; : &quot;Element&#039;s background color could not be determined because it is overlapped by another element&quot;,
        &quot;data&quot; : {
          &quot;contrastRatio&quot; : 0,
          &quot;expectedContrastRatio&quot; : &quot;4.5:1&quot;,
          &quot;fgColor&quot; : &quot;#ffffff&quot;,
          &quot;fontSize&quot; : &quot;8.3pt (11px)&quot;,
          &quot;fontWeight&quot; : &quot;normal&quot;,
          &quot;messageKey&quot; : &quot;bgOverlap&quot;
        },
        &quot;relatedNodes&quot; : [ ]
      } ],
      &quot;all&quot; : [ ],
      &quot;none&quot; : [ ],
      &quot;failureSummary&quot; : &quot;Fix any of the following:\n  Element&#039;s background color could not be determined because it is overlapped by another element&quot;
    }, {
      &quot;html&quot; : &quot;&lt;a href=\&quot;mars2.html?a=orbital_select_pass\&quot;&gt;Orbital Select Pass&lt;/a&gt;&quot;,
      &quot;target&quot; : [ &quot;#footer-passes &gt; ul &gt; li:nth-child(4) &gt; a&quot; ],
      &quot;impact&quot; : &quot;serious&quot;,
      &quot;any&quot; : [ {
        &quot;id&quot; : &quot;color-contrast&quot;,
        &quot;impact&quot; : &quot;serious&quot;,
        &quot;message&quot; : &quot;Element&#039;s background color could not be determined because it is overlapped by another element&quot;,
        &quot;data&quot; : {
          &quot;contrastRatio&quot; : 0,
          &quot;expectedContrastRatio&quot; : &quot;4.5:1&quot;,
          &quot;fgColor&quot; : &quot;#ffffff&quot;,
          &quot;fontSize&quot; : &quot;8.3pt (11px)&quot;,
          &quot;fontWeight&quot; : &quot;normal&quot;,
          &quot;messageKey&quot; : &quot;bgOverlap&quot;
        },
        &quot;relatedNodes&quot; : [ ]
      } ],
      &quot;all&quot; : [ ],
      &quot;none&quot; : [ ],
      &quot;failureSummary&quot; : &quot;Fix any of the following:\n  Element&#039;s background color could not be determined because it is overlapped by another element&quot;
    }, {
      &quot;html&quot; : &quot;&lt;a href=\&quot;mars2.html?amulti_planet_pass=\&quot;&gt;Multi-Planet Pass&lt;/a&gt;&quot;,
      &quot;target&quot; : [ &quot;a[href=\&quot;mars2.html?amulti_planet_pass=\&quot;]&quot; ],
      &quot;impact&quot; : &quot;serious&quot;,
      &quot;any&quot; : [ {
        &quot;id&quot; : &quot;color-contrast&quot;,
        &quot;impact&quot; : &quot;serious&quot;,
        &quot;message&quot; : &quot;Element&#039;s background color could not be determined because it is overlapped by another element&quot;,
        &quot;data&quot; : {
          &quot;contrastRatio&quot; : 0,
          &quot;expectedContrastRatio&quot; : &quot;4.5:1&quot;,
          &quot;fgColor&quot; : &quot;#ffffff&quot;,
          &quot;fontSize&quot; : &quot;8.3pt (11px)&quot;,
          &quot;fontWeight&quot; : &quot;normal&quot;,
          &quot;messageKey&quot; : &quot;bgOverlap&quot;
        },
        &quot;relatedNodes&quot; : [ ]
      } ],
      &quot;all&quot; : [ ],
      &quot;none&quot; : [ ],
      &quot;failureSummary&quot; : &quot;Fix any of the following:\n  Element&#039;s background color could not be determined because it is overlapped by another element&quot;
    }, {
      &quot;html&quot; : &quot;&lt;h4&gt;Mars Adventures&lt;/h4&gt;&quot;,
      &quot;target&quot; : [ &quot;#footer-plan &gt; h4&quot; ],
      &quot;impact&quot; : &quot;serious&quot;,
      &quot;any&quot; : [ {
        &quot;id&quot; : &quot;color-contrast&quot;,
        &quot;impact&quot; : &quot;serious&quot;,
        &quot;message&quot; : &quot;Element&#039;s background color could not be determined due to a background image&quot;,
        &quot;data&quot; : {
          &quot;contrastRatio&quot; : 0,
          &quot;expectedContrastRatio&quot; : &quot;4.5:1&quot;,
          &quot;fgColor&quot; : &quot;#ffffff&quot;,
          &quot;fontSize&quot; : &quot;10.5pt (14px)&quot;,
          &quot;fontWeight&quot; : &quot;bold&quot;,
          &quot;messageKey&quot; : &quot;bgImage&quot;
        },
        &quot;relatedNodes&quot; : [ {
          &quot;html&quot; : &quot;&lt;div id=\&quot;bottom-bg\&quot; style=\&quot;\&quot;&gt;&quot;,
          &quot;target&quot; : [ &quot;#bottom-bg&quot; ]
        } ]
      } ],
      &quot;all&quot; : [ ],
      &quot;none&quot; : [ ],
      &quot;failureSummary&quot; : &quot;Fix any of the following:\n  Element&#039;s background color could not be determined due to a background image&quot;
    }, {
      &quot;html&quot; : &quot;&lt;a href=\&quot;mars2.html?a=martian_canali_quest\&quot;&gt;Martian Canali Quest&lt;/a&gt;&quot;,
      &quot;target&quot; : [ &quot;#footer-plan &gt; ul &gt; li:nth-child(1) &gt; a&quot; ],
      &quot;impact&quot; : &quot;serious&quot;,
      &quot;any&quot; : [ {
        &quot;id&quot; : &quot;color-contrast&quot;,
        &quot;impact&quot; : &quot;serious&quot;,
        &quot;message&quot; : &quot;Element&#039;s background color could not be determined due to a background image&quot;,
        &quot;data&quot; : {
          &quot;contrastRatio&quot; : 0,
          &quot;expectedContrastRatio&quot; : &quot;4.5:1&quot;,
          &quot;fgColor&quot; : &quot;#ffffff&quot;,
          &quot;fontSize&quot; : &quot;8.3pt (11px)&quot;,
          &quot;fontWeight&quot; : &quot;normal&quot;,
          &quot;messageKey&quot; : &quot;bgImage&quot;
        },
        &quot;relatedNodes&quot; : [ {
          &quot;html&quot; : &quot;&lt;div id=\&quot;bottom-bg\&quot; style=\&quot;\&quot;&gt;&quot;,
          &quot;target&quot; : [ &quot;#bottom-bg&quot; ]
        } ]
      } ],
      &quot;all&quot; : [ ],
      &quot;none&quot; : [ ],
      &quot;failureSummary&quot; : &quot;Fix any of the following:\n  Element&#039;s background color could not be determined due to a background image&quot;
    }, {
      &quot;html&quot; : &quot;&lt;a href=\&quot;mars2.html?a=nanedi_valles_hiking_treks\&quot;&gt;Nanedi Valles Hiking Treks&lt;/a&gt;&quot;,
      &quot;target&quot; : [ &quot;#footer-plan &gt; ul &gt; li:nth-child(2) &gt; a&quot; ],
      &quot;impact&quot; : &quot;serious&quot;,
      &quot;any&quot; : [ {
        &quot;id&quot; : &quot;color-contrast&quot;,
        &quot;impact&quot; : &quot;serious&quot;,
        &quot;message&quot; : &quot;Element&#039;s background color could not be determined because it is overlapped by another element&quot;,
        &quot;data&quot; : {
          &quot;contrastRatio&quot; : 0,
          &quot;expectedContrastRatio&quot; : &quot;4.5:1&quot;,
          &quot;fgColor&quot; : &quot;#ffffff&quot;,
          &quot;fontSize&quot; : &quot;8.3pt (11px)&quot;,
          &quot;fontWeight&quot; : &quot;normal&quot;,
          &quot;messageKey&quot; : &quot;bgOverlap&quot;
        },
        &quot;relatedNodes&quot; : [ ]
      } ],
      &quot;all&quot; : [ ],
      &quot;none&quot; : [ ],
      &quot;failureSummary&quot; : &quot;Fix any of the following:\n  Element&#039;s background color could not be determined because it is overlapped by another element&quot;
    }, {
      &quot;html&quot; : &quot;&lt;a href=\&quot;mars2.html?a=phobos_observatory\&quot;&gt;Phobos observatory&lt;/a&gt;&quot;,
      &quot;target&quot; : [ &quot;#footer-plan &gt; ul &gt; li:nth-child(3) &gt; a&quot; ],
      &quot;impact&quot; : &quot;serious&quot;,
      &quot;any&quot; : [ {
        &quot;id&quot; : &quot;color-contrast&quot;,
        &quot;impact&quot; : &quot;serious&quot;,
        &quot;message&quot; : &quot;Element&#039;s background color could not be determined due to a background image&quot;,
        &quot;data&quot; : {
          &quot;contrastRatio&quot; : 0,
          &quot;expectedContrastRatio&quot; : &quot;4.5:1&quot;,
          &quot;fgColor&quot; : &quot;#ffffff&quot;,
          &quot;fontSize&quot; : &quot;8.3pt (11px)&quot;,
          &quot;fontWeight&quot; : &quot;normal&quot;,
          &quot;messageKey&quot; : &quot;bgImage&quot;
        },
        &quot;relatedNodes&quot; : [ {
          &quot;html&quot; : &quot;&lt;div id=\&quot;bottom-bg\&quot; style=\&quot;\&quot;&gt;&quot;,
          &quot;target&quot; : [ &quot;#bottom-bg&quot; ]
        } ]
      } ],
      &quot;all&quot; : [ ],
      &quot;none&quot; : [ ],
      &quot;failureSummary&quot; : &quot;Fix any of the following:\n  Element&#039;s background color could not be determined due to a background image&quot;
    }, {
      &quot;html&quot; : &quot;&lt;a href=\&quot;mars2.html?a=?paragliding_over_gusev_crater\&quot;&gt;Paragliding over Gusev Crater&lt;/a&gt;&quot;,
      &quot;target&quot; : [ &quot;#footer-plan &gt; ul &gt; li:nth-child(4) &gt; a&quot; ],
      &quot;impact&quot; : &quot;serious&quot;,
      &quot;any&quot; : [ {
        &quot;id&quot; : &quot;color-contrast&quot;,
        &quot;impact&quot; : &quot;serious&quot;,
        &quot;message&quot; : &quot;Element&#039;s background color could not be determined because it is overlapped by another element&quot;,
        &quot;data&quot; : {
          &quot;contrastRatio&quot; : 0,
          &quot;expectedContrastRatio&quot; : &quot;4.5:1&quot;,
          &quot;fgColor&quot; : &quot;#ffffff&quot;,
          &quot;fontSize&quot; : &quot;8.3pt (11px)&quot;,
          &quot;fontWeight&quot; : &quot;normal&quot;,
          &quot;messageKey&quot; : &quot;bgOverlap&quot;
        },
        &quot;relatedNodes&quot; : [ ]
      } ],
      &quot;all&quot; : [ ],
      &quot;none&quot; : [ ],
      &quot;failureSummary&quot; : &quot;Fix any of the following:\n  Element&#039;s background color could not be determined because it is overlapped by another element&quot;
    }, {
      &quot;html&quot; : &quot;&lt;a href=\&quot;mars2.html?a=mars_dust_wrestling\&quot;&gt;Mars dust wrestling&lt;/a&gt;&quot;,
      &quot;target&quot; : [ &quot;#footer-plan &gt; ul &gt; li:nth-child(5) &gt; a&quot; ],
      &quot;impact&quot; : &quot;serious&quot;,
      &quot;any&quot; : [ {
        &quot;id&quot; : &quot;color-contrast&quot;,
        &quot;impact&quot; : &quot;serious&quot;,
        &quot;message&quot; : &quot;Element&#039;s background color could not be determined due to a background image&quot;,
        &quot;data&quot; : {
          &quot;contrastRatio&quot; : 0,
          &quot;expectedContrastRatio&quot; : &quot;4.5:1&quot;,
          &quot;fgColor&quot; : &quot;#ffffff&quot;,
          &quot;fontSize&quot; : &quot;8.3pt (11px)&quot;,
          &quot;fontWeight&quot; : &quot;normal&quot;,
          &quot;messageKey&quot; : &quot;bgImage&quot;
        },
        &quot;relatedNodes&quot; : [ {
          &quot;html&quot; : &quot;&lt;div id=\&quot;bottom-bg\&quot; style=\&quot;\&quot;&gt;&quot;,
          &quot;target&quot; : [ &quot;#bottom-bg&quot; ]
        } ]
      } ],
      &quot;all&quot; : [ ],
      &quot;none&quot; : [ ],
      &quot;failureSummary&quot; : &quot;Fix any of the following:\n  Element&#039;s background color could not be determined due to a background image&quot;
    }, {
      &quot;html&quot; : &quot;&lt;h4&gt;FAQs&lt;/h4&gt;&quot;,
      &quot;target&quot; : [ &quot;#footer-faq &gt; h4&quot; ],
      &quot;impact&quot; : &quot;serious&quot;,
      &quot;any&quot; : [ {
        &quot;id&quot; : &quot;color-contrast&quot;,
        &quot;impact&quot; : &quot;serious&quot;,
        &quot;message&quot; : &quot;Element&#039;s background color could not be determined due to a background image&quot;,
        &quot;data&quot; : {
          &quot;contrastRatio&quot; : 0,
          &quot;expectedContrastRatio&quot; : &quot;4.5:1&quot;,
          &quot;fgColor&quot; : &quot;#ffffff&quot;,
          &quot;fontSize&quot; : &quot;10.5pt (14px)&quot;,
          &quot;fontWeight&quot; : &quot;bold&quot;,
          &quot;messageKey&quot; : &quot;bgImage&quot;
        },
        &quot;relatedNodes&quot; : [ {
          &quot;html&quot; : &quot;&lt;div id=\&quot;bottom-bg\&quot; style=\&quot;\&quot;&gt;&quot;,
          &quot;target&quot; : [ &quot;#bottom-bg&quot; ]
        } ]
      } ],
      &quot;all&quot; : [ ],
      &quot;none&quot; : [ ],
      &quot;failureSummary&quot; : &quot;Fix any of the following:\n  Element&#039;s background color could not be determined due to a background image&quot;
    }, {
      &quot;html&quot; : &quot;&lt;a href=\&quot;mars2.html?a=track_flight\&quot;&gt;Track Flight&lt;/a&gt;&quot;,
      &quot;target&quot; : [ &quot;a[href=\&quot;mars2.html?a=track_flight\&quot;]&quot; ],
      &quot;impact&quot; : &quot;serious&quot;,
      &quot;any&quot; : [ {
        &quot;id&quot; : &quot;color-contrast&quot;,
        &quot;impact&quot; : &quot;serious&quot;,
        &quot;message&quot; : &quot;Element&#039;s background color could not be determined due to a background image&quot;,
        &quot;data&quot; : {
          &quot;contrastRatio&quot; : 0,
          &quot;expectedContrastRatio&quot; : &quot;4.5:1&quot;,
          &quot;fgColor&quot; : &quot;#ffffff&quot;,
          &quot;fontSize&quot; : &quot;8.3pt (11px)&quot;,
          &quot;fontWeight&quot; : &quot;normal&quot;,
          &quot;messageKey&quot; : &quot;bgImage&quot;
        },
        &quot;relatedNodes&quot; : [ {
          &quot;html&quot; : &quot;&lt;div id=\&quot;bottom-bg\&quot; style=\&quot;\&quot;&gt;&quot;,
          &quot;target&quot; : [ &quot;#bottom-bg&quot; ]
        } ]
      } ],
      &quot;all&quot; : [ ],
      &quot;none&quot; : [ ],
      &quot;failureSummary&quot; : &quot;Fix any of the following:\n  Element&#039;s background color could not be determined due to a background image&quot;
    }, {
      &quot;html&quot; : &quot;&lt;a href=\&quot;mars2.html?a=exchanges_refunds\&quot;&gt;Exchanges &amp;amp; Refunds&lt;/a&gt;&quot;,
      &quot;target&quot; : [ &quot;a[href=\&quot;mars2.html?a=exchanges_refunds\&quot;]&quot; ],
      &quot;impact&quot; : &quot;serious&quot;,
      &quot;any&quot; : [ {
        &quot;id&quot; : &quot;color-contrast&quot;,
        &quot;impact&quot; : &quot;serious&quot;,
        &quot;message&quot; : &quot;Element&#039;s background color could not be determined due to a background image&quot;,
        &quot;data&quot; : {
          &quot;contrastRatio&quot; : 0,
          &quot;expectedContrastRatio&quot; : &quot;4.5:1&quot;,
          &quot;fgColor&quot; : &quot;#ffffff&quot;,
          &quot;fontSize&quot; : &quot;8.3pt (11px)&quot;,
          &quot;fontWeight&quot; : &quot;normal&quot;,
          &quot;messageKey&quot; : &quot;bgImage&quot;
        },
        &quot;relatedNodes&quot; : [ {
          &quot;html&quot; : &quot;&lt;div id=\&quot;bottom-bg\&quot; style=\&quot;\&quot;&gt;&quot;,
          &quot;target&quot; : [ &quot;#bottom-bg&quot; ]
        } ]
      } ],
      &quot;all&quot; : [ ],
      &quot;none&quot; : [ ],
      &quot;failureSummary&quot; : &quot;Fix any of the following:\n  Element&#039;s background color could not be determined due to a background image&quot;
    }, {
      &quot;html&quot; : &quot;&lt;a href=\&quot;mars2.html?a=e_tickets\&quot;&gt;E-tickets&lt;/a&gt;&quot;,
      &quot;target&quot; : [ &quot;a[href=\&quot;mars2.html?a=e_tickets\&quot;]&quot; ],
      &quot;impact&quot; : &quot;serious&quot;,
      &quot;any&quot; : [ {
        &quot;id&quot; : &quot;color-contrast&quot;,
        &quot;impact&quot; : &quot;serious&quot;,
        &quot;message&quot; : &quot;Element&#039;s background color could not be determined due to a background image&quot;,
        &quot;data&quot; : {
          &quot;contrastRatio&quot; : 0,
          &quot;expectedContrastRatio&quot; : &quot;4.5:1&quot;,
          &quot;fgColor&quot; : &quot;#ffffff&quot;,
          &quot;fontSize&quot; : &quot;8.3pt (11px)&quot;,
          &quot;fontWeight&quot; : &quot;normal&quot;,
          &quot;messageKey&quot; : &quot;bgImage&quot;
        },
        &quot;relatedNodes&quot; : [ {
          &quot;html&quot; : &quot;&lt;div id=\&quot;bottom-bg\&quot; style=\&quot;\&quot;&gt;&quot;,
          &quot;target&quot; : [ &quot;#bottom-bg&quot; ]
        } ]
      } ],
      &quot;all&quot; : [ ],
      &quot;none&quot; : [ ],
      &quot;failureSummary&quot; : &quot;Fix any of the following:\n  Element&#039;s background color could not be determined due to a background image&quot;
    }, {
      &quot;html&quot; : &quot;&lt;a href=\&quot;mars2.html?a=delivery_options\&quot;&gt;Delivery Options&lt;/a&gt;&quot;,
      &quot;target&quot; : [ &quot;a[href=\&quot;mars2.html?a=delivery_options\&quot;]&quot; ],
      &quot;impact&quot; : &quot;serious&quot;,
      &quot;any&quot; : [ {
        &quot;id&quot; : &quot;color-contrast&quot;,
        &quot;impact&quot; : &quot;serious&quot;,
        &quot;message&quot; : &quot;Element&#039;s background color could not be determined due to a background image&quot;,
        &quot;data&quot; : {
          &quot;contrastRatio&quot; : 0,
          &quot;expectedContrastRatio&quot; : &quot;4.5:1&quot;,
          &quot;fgColor&quot; : &quot;#ffffff&quot;,
          &quot;fontSize&quot; : &quot;8.3pt (11px)&quot;,
          &quot;fontWeight&quot; : &quot;normal&quot;,
          &quot;messageKey&quot; : &quot;bgImage&quot;
        },
        &quot;relatedNodes&quot; : [ {
          &quot;html&quot; : &quot;&lt;div id=\&quot;bottom-bg\&quot; style=\&quot;\&quot;&gt;&quot;,
          &quot;target&quot; : [ &quot;#bottom-bg&quot; ]
        } ]
      } ],
      &quot;all&quot; : [ ],
      &quot;none&quot; : [ ],
      &quot;failureSummary&quot; : &quot;Fix any of the following:\n  Element&#039;s background color could not be determined due to a background image&quot;
    }, {
      &quot;html&quot; : &quot;&lt;a href=\&quot;mars2.html?a=help\&quot;&gt;Help&lt;/a&gt;&quot;,
      &quot;target&quot; : [ &quot;#footer-faq &gt; ul &gt; li:nth-child(5) &gt; a[href=\&quot;mars2.html?a=help\&quot;]&quot; ],
      &quot;impact&quot; : &quot;serious&quot;,
      &quot;any&quot; : [ {
        &quot;id&quot; : &quot;color-contrast&quot;,
        &quot;impact&quot; : &quot;serious&quot;,
        &quot;message&quot; : &quot;Element&#039;s background color could not be determined due to a background image&quot;,
        &quot;data&quot; : {
          &quot;contrastRatio&quot; : 0,
          &quot;expectedContrastRatio&quot; : &quot;4.5:1&quot;,
          &quot;fgColor&quot; : &quot;#ffffff&quot;,
          &quot;fontSize&quot; : &quot;8.3pt (11px)&quot;,
          &quot;fontWeight&quot; : &quot;normal&quot;,
          &quot;messageKey&quot; : &quot;bgImage&quot;
        },
        &quot;relatedNodes&quot; : [ {
          &quot;html&quot; : &quot;&lt;div id=\&quot;bottom-bg\&quot; style=\&quot;\&quot;&gt;&quot;,
          &quot;target&quot; : [ &quot;#bottom-bg&quot; ]
        } ]
      } ],
      &quot;all&quot; : [ ],
      &quot;none&quot; : [ ],
      &quot;failureSummary&quot; : &quot;Fix any of the following:\n  Element&#039;s background color could not be determined due to a background image&quot;
    }, {
      &quot;html&quot; : &quot;&lt;h4&gt;Connect With Us&lt;/h4&gt;&quot;,
      &quot;target&quot; : [ &quot;#footer-connect &gt; h4&quot; ],
      &quot;impact&quot; : &quot;serious&quot;,
      &quot;any&quot; : [ {
        &quot;id&quot; : &quot;color-contrast&quot;,
        &quot;impact&quot; : &quot;serious&quot;,
        &quot;message&quot; : &quot;Element&#039;s background color could not be determined due to a background image&quot;,
        &quot;data&quot; : {
          &quot;contrastRatio&quot; : 0,
          &quot;expectedContrastRatio&quot; : &quot;4.5:1&quot;,
          &quot;fgColor&quot; : &quot;#ffffff&quot;,
          &quot;fontSize&quot; : &quot;10.5pt (14px)&quot;,
          &quot;fontWeight&quot; : &quot;bold&quot;,
          &quot;messageKey&quot; : &quot;bgImage&quot;
        },
        &quot;relatedNodes&quot; : [ {
          &quot;html&quot; : &quot;&lt;div id=\&quot;bottom-bg\&quot; style=\&quot;\&quot;&gt;&quot;,
          &quot;target&quot; : [ &quot;#bottom-bg&quot; ]
        } ]
      } ],
      &quot;all&quot; : [ ],
      &quot;none&quot; : [ ],
      &quot;failureSummary&quot; : &quot;Fix any of the following:\n  Element&#039;s background color could not be determined due to a background image&quot;
    }, {
      &quot;html&quot; : &quot;&lt;a href=\&quot;mars2.html?a=contact_us\&quot;&gt;Contact Us&lt;/a&gt;&quot;,
      &quot;target&quot; : [ &quot;li:nth-child(1) &gt; a[href=\&quot;mars2.html?a=contact_us\&quot;]&quot; ],
      &quot;impact&quot; : &quot;serious&quot;,
      &quot;any&quot; : [ {
        &quot;id&quot; : &quot;color-contrast&quot;,
        &quot;impact&quot; : &quot;serious&quot;,
        &quot;message&quot; : &quot;Element&#039;s background color could not be determined due to a background image&quot;,
        &quot;data&quot; : {
          &quot;contrastRatio&quot; : 0,
          &quot;expectedContrastRatio&quot; : &quot;4.5:1&quot;,
          &quot;fgColor&quot; : &quot;#ffffff&quot;,
          &quot;fontSize&quot; : &quot;8.3pt (11px)&quot;,
          &quot;fontWeight&quot; : &quot;normal&quot;,
          &quot;messageKey&quot; : &quot;bgImage&quot;
        },
        &quot;relatedNodes&quot; : [ {
          &quot;html&quot; : &quot;&lt;div id=\&quot;bottom-bg\&quot; style=\&quot;\&quot;&gt;&quot;,
          &quot;target&quot; : [ &quot;#bottom-bg&quot; ]
        } ]
      } ],
      &quot;all&quot; : [ ],
      &quot;none&quot; : [ ],
      &quot;failureSummary&quot; : &quot;Fix any of the following:\n  Element&#039;s background color could not be determined due to a background image&quot;
    }, {
      &quot;html&quot; : &quot;&lt;a href=\&quot;mars2.html?a=about_us\&quot;&gt;About Us&lt;/a&gt;&quot;,
      &quot;target&quot; : [ &quot;li:nth-child(2) &gt; a[href=\&quot;mars2.html?a=about_us\&quot;]&quot; ],
      &quot;impact&quot; : &quot;serious&quot;,
      &quot;any&quot; : [ {
        &quot;id&quot; : &quot;color-contrast&quot;,
        &quot;impact&quot; : &quot;serious&quot;,
        &quot;message&quot; : &quot;Element&#039;s background color could not be determined due to a background image&quot;,
        &quot;data&quot; : {
          &quot;contrastRatio&quot; : 0,
          &quot;expectedContrastRatio&quot; : &quot;4.5:1&quot;,
          &quot;fgColor&quot; : &quot;#ffffff&quot;,
          &quot;fontSize&quot; : &quot;8.3pt (11px)&quot;,
          &quot;fontWeight&quot; : &quot;normal&quot;,
          &quot;messageKey&quot; : &quot;bgImage&quot;
        },
        &quot;relatedNodes&quot; : [ {
          &quot;html&quot; : &quot;&lt;div id=\&quot;bottom-bg\&quot; style=\&quot;\&quot;&gt;&quot;,
          &quot;target&quot; : [ &quot;#bottom-bg&quot; ]
        } ]
      } ],
      &quot;all&quot; : [ ],
      &quot;none&quot; : [ ],
      &quot;failureSummary&quot; : &quot;Fix any of the following:\n  Element&#039;s background color could not be determined due to a background image&quot;
    }, {
      &quot;html&quot; : &quot;&lt;a href=\&quot;mars2.html?a=feedback\&quot; target=\&quot;_blank\&quot;&gt;Feedback&lt;/a&gt;&quot;,
      &quot;target&quot; : [ &quot;a[href=\&quot;mars2.html?a=feedback\&quot;]&quot; ],
      &quot;impact&quot; : &quot;serious&quot;,
      &quot;any&quot; : [ {
        &quot;id&quot; : &quot;color-contrast&quot;,
        &quot;impact&quot; : &quot;serious&quot;,
        &quot;message&quot; : &quot;Element&#039;s background color could not be determined due to a background image&quot;,
        &quot;data&quot; : {
          &quot;contrastRatio&quot; : 0,
          &quot;expectedContrastRatio&quot; : &quot;4.5:1&quot;,
          &quot;fgColor&quot; : &quot;#ffffff&quot;,
          &quot;fontSize&quot; : &quot;8.3pt (11px)&quot;,
          &quot;fontWeight&quot; : &quot;normal&quot;,
          &quot;messageKey&quot; : &quot;bgImage&quot;
        },
        &quot;relatedNodes&quot; : [ {
          &quot;html&quot; : &quot;&lt;div id=\&quot;bottom-bg\&quot; style=\&quot;\&quot;&gt;&quot;,
          &quot;target&quot; : [ &quot;#bottom-bg&quot; ]
        } ]
      } ],
      &quot;all&quot; : [ ],
      &quot;none&quot; : [ ],
      &quot;failureSummary&quot; : &quot;Fix any of the following:\n  Element&#039;s background color could not be determined due to a background image&quot;
    }, {
      &quot;html&quot; : &quot;&lt;a href=\&quot;mars2.html?a=our_blog\&quot; target=\&quot;_blank\&quot;&gt;Our Blog&lt;/a&gt;&quot;,
      &quot;target&quot; : [ &quot;a[href=\&quot;mars2.html?a=our_blog\&quot;]&quot; ],
      &quot;impact&quot; : &quot;serious&quot;,
      &quot;any&quot; : [ {
        &quot;id&quot; : &quot;color-contrast&quot;,
        &quot;impact&quot; : &quot;serious&quot;,
        &quot;message&quot; : &quot;Element&#039;s background color could not be determined due to a background image&quot;,
        &quot;data&quot; : {
          &quot;contrastRatio&quot; : 0,
          &quot;expectedContrastRatio&quot; : &quot;4.5:1&quot;,
          &quot;fgColor&quot; : &quot;#ffffff&quot;,
          &quot;fontSize&quot; : &quot;8.3pt (11px)&quot;,
          &quot;fontWeight&quot; : &quot;normal&quot;,
          &quot;messageKey&quot; : &quot;bgImage&quot;
        },
        &quot;relatedNodes&quot; : [ {
          &quot;html&quot; : &quot;&lt;div id=\&quot;bottom-bg\&quot; style=\&quot;\&quot;&gt;&quot;,
          &quot;target&quot; : [ &quot;#bottom-bg&quot; ]
        } ]
      } ],
      &quot;all&quot; : [ ],
      &quot;none&quot; : [ ],
      &quot;failureSummary&quot; : &quot;Fix any of the following:\n  Element&#039;s background color could not be determined due to a background image&quot;
    }, {
      &quot;html&quot; : &quot;&lt;a href=\&quot;mars2.html?a=mobile_site\&quot; target=\&quot;_blank\&quot;&gt;Mobile Site&lt;/a&gt;&quot;,
      &quot;target&quot; : [ &quot;a[href=\&quot;mars2.html?a=mobile_site\&quot;]&quot; ],
      &quot;impact&quot; : &quot;serious&quot;,
      &quot;any&quot; : [ {
        &quot;id&quot; : &quot;color-contrast&quot;,
        &quot;impact&quot; : &quot;serious&quot;,
        &quot;message&quot; : &quot;Element&#039;s background color could not be determined due to a background image&quot;,
        &quot;data&quot; : {
          &quot;contrastRatio&quot; : 0,
          &quot;expectedContrastRatio&quot; : &quot;4.5:1&quot;,
          &quot;fgColor&quot; : &quot;#ffffff&quot;,
          &quot;fontSize&quot; : &quot;8.3pt (11px)&quot;,
          &quot;fontWeight&quot; : &quot;normal&quot;,
          &quot;messageKey&quot; : &quot;bgImage&quot;
        },
        &quot;relatedNodes&quot; : [ {
          &quot;html&quot; : &quot;&lt;div id=\&quot;bottom-bg\&quot; style=\&quot;\&quot;&gt;&quot;,
          &quot;target&quot; : [ &quot;#bottom-bg&quot; ]
        } ]
      } ],
      &quot;all&quot; : [ ],
      &quot;none&quot; : [ ],
      &quot;failureSummary&quot; : &quot;Fix any of the following:\n  Element&#039;s background color could not be determined due to a background image&quot;
    }, {
      &quot;html&quot; : &quot;&lt;a href=\&quot;mars2.html?a=iphone_app\&quot; target=\&quot;_blank\&quot;&gt;iPhone App&lt;/a&gt;&quot;,
      &quot;target&quot; : [ &quot;a[href=\&quot;mars2.html?a=iphone_app\&quot;]&quot; ],
      &quot;impact&quot; : &quot;serious&quot;,
      &quot;any&quot; : [ {
        &quot;id&quot; : &quot;color-contrast&quot;,
        &quot;impact&quot; : &quot;serious&quot;,
        &quot;message&quot; : &quot;Element&#039;s background color could not be determined due to a background image&quot;,
        &quot;data&quot; : {
          &quot;contrastRatio&quot; : 0,
          &quot;expectedContrastRatio&quot; : &quot;4.5:1&quot;,
          &quot;fgColor&quot; : &quot;#ffffff&quot;,
          &quot;fontSize&quot; : &quot;8.3pt (11px)&quot;,
          &quot;fontWeight&quot; : &quot;normal&quot;,
          &quot;messageKey&quot; : &quot;bgImage&quot;
        },
        &quot;relatedNodes&quot; : [ {
          &quot;html&quot; : &quot;&lt;div id=\&quot;bottom-bg\&quot; style=\&quot;\&quot;&gt;&quot;,
          &quot;target&quot; : [ &quot;#bottom-bg&quot; ]
        } ]
      } ],
      &quot;all&quot; : [ ],
      &quot;none&quot; : [ ],
      &quot;failureSummary&quot; : &quot;Fix any of the following:\n  Element&#039;s background color could not be determined due to a background image&quot;
    }, {
      &quot;html&quot; : &quot;&lt;a href=\&quot;https://media.dequeuniversity.com/en/docs/demo/mars-commuter/mars.pdf\&quot;&gt;Mars Info by NASA&lt;/a&gt;&quot;,
      &quot;target&quot; : [ &quot;#footer-connect &gt; ul &gt; li:nth-child(6) &gt; a&quot; ],
      &quot;impact&quot; : &quot;serious&quot;,
      &quot;any&quot; : [ {
        &quot;id&quot; : &quot;color-contrast&quot;,
        &quot;impact&quot; : &quot;serious&quot;,
        &quot;message&quot; : &quot;Element&#039;s background color could not be determined due to a background image&quot;,
        &quot;data&quot; : {
          &quot;contrastRatio&quot; : 0,
          &quot;expectedContrastRatio&quot; : &quot;4.5:1&quot;,
          &quot;fgColor&quot; : &quot;#ffffff&quot;,
          &quot;fontSize&quot; : &quot;8.3pt (11px)&quot;,
          &quot;fontWeight&quot; : &quot;normal&quot;,
          &quot;messageKey&quot; : &quot;bgImage&quot;
        },
        &quot;relatedNodes&quot; : [ {
          &quot;html&quot; : &quot;&lt;div id=\&quot;bottom-bg\&quot; style=\&quot;\&quot;&gt;&quot;,
          &quot;target&quot; : [ &quot;#bottom-bg&quot; ]
        } ]
      } ],
      &quot;all&quot; : [ ],
      &quot;none&quot; : [ ],
      &quot;failureSummary&quot; : &quot;Fix any of the following:\n  Element&#039;s background color could not be determined due to a background image&quot;
    }, {
      &quot;html&quot; : &quot;&lt;a href=\&quot;https://media.dequeuniversity.com/en/docs/demo/mars-commuter/HumansToMarsReport_i.pdf\&quot;&gt;Humans to Mars Report&lt;/a&gt;&quot;,
      &quot;target&quot; : [ &quot;#footer-connect &gt; ul &gt; li:nth-child(7) &gt; a&quot; ],
      &quot;impact&quot; : &quot;serious&quot;,
      &quot;any&quot; : [ {
        &quot;id&quot; : &quot;color-contrast&quot;,
        &quot;impact&quot; : &quot;serious&quot;,
        &quot;message&quot; : &quot;Element&#039;s background color could not be determined due to a background image&quot;,
        &quot;data&quot; : {
          &quot;contrastRatio&quot; : 0,
          &quot;expectedContrastRatio&quot; : &quot;4.5:1&quot;,
          &quot;fgColor&quot; : &quot;#ffffff&quot;,
          &quot;fontSize&quot; : &quot;8.3pt (11px)&quot;,
          &quot;fontWeight&quot; : &quot;normal&quot;,
          &quot;messageKey&quot; : &quot;bgImage&quot;
        },
        &quot;relatedNodes&quot; : [ {
          &quot;html&quot; : &quot;&lt;div id=\&quot;bottom-bg\&quot; style=\&quot;\&quot;&gt;&quot;,
          &quot;target&quot; : [ &quot;#bottom-bg&quot; ]
        } ]
      } ],
      &quot;all&quot; : [ ],
      &quot;none&quot; : [ ],
      &quot;failureSummary&quot; : &quot;Fix any of the following:\n  Element&#039;s background color could not be determined due to a background image&quot;
    }, {
      &quot;html&quot; : &quot;&lt;div id=\&quot;copyright\&quot; class=\&quot;container\&quot;&gt;&quot;,
      &quot;target&quot; : [ &quot;#copyright&quot; ],
      &quot;impact&quot; : &quot;serious&quot;,
      &quot;any&quot; : [ {
        &quot;id&quot; : &quot;color-contrast&quot;,
        &quot;impact&quot; : &quot;serious&quot;,
        &quot;message&quot; : &quot;Element&#039;s background color could not be determined because it is overlapped by another element&quot;,
        &quot;data&quot; : {
          &quot;contrastRatio&quot; : 0,
          &quot;expectedContrastRatio&quot; : &quot;4.5:1&quot;,
          &quot;fgColor&quot; : &quot;#ffffff&quot;,
          &quot;fontSize&quot; : &quot;9.0pt (12px)&quot;,
          &quot;fontWeight&quot; : &quot;normal&quot;,
          &quot;messageKey&quot; : &quot;bgOverlap&quot;
        },
        &quot;relatedNodes&quot; : [ ]
      } ],
      &quot;all&quot; : [ ],
      &quot;none&quot; : [ ],
      &quot;failureSummary&quot; : &quot;Fix any of the following:\n  Element&#039;s background color could not be determined because it is overlapped by another element&quot;
    }, {
      &quot;html&quot; : &quot;&lt;a href=\&quot;mars2.html?a=tersm_and_conditions\&quot;&gt;Mars Commuter Express Terms and Conditions&lt;/a&gt;&quot;,
      &quot;target&quot; : [ &quot;#copyright &gt; a:nth-child(1)&quot; ],
      &quot;impact&quot; : &quot;serious&quot;,
      &quot;any&quot; : [ {
        &quot;id&quot; : &quot;color-contrast&quot;,
        &quot;impact&quot; : &quot;serious&quot;,
        &quot;message&quot; : &quot;Element&#039;s background color could not be determined due to a background image&quot;,
        &quot;data&quot; : {
          &quot;contrastRatio&quot; : 0,
          &quot;expectedContrastRatio&quot; : &quot;4.5:1&quot;,
          &quot;fgColor&quot; : &quot;#ffffff&quot;,
          &quot;fontSize&quot; : &quot;9.0pt (12px)&quot;,
          &quot;fontWeight&quot; : &quot;normal&quot;,
          &quot;messageKey&quot; : &quot;bgImage&quot;
        },
        &quot;relatedNodes&quot; : [ {
          &quot;html&quot; : &quot;&lt;div id=\&quot;bottom-bg\&quot; style=\&quot;\&quot;&gt;&quot;,
          &quot;target&quot; : [ &quot;#bottom-bg&quot; ]
        } ]
      } ],
      &quot;all&quot; : [ ],
      &quot;none&quot; : [ ],
      &quot;failureSummary&quot; : &quot;Fix any of the following:\n  Element&#039;s background color could not be determined due to a background image&quot;
    }, {
      &quot;html&quot; : &quot;&lt;a href=\&quot;mars2.html?a=privacy_policy\&quot;&gt;Privacy Policy&lt;/a&gt;&quot;,
      &quot;target&quot; : [ &quot;a[href=\&quot;mars2.html?a=privacy_policy\&quot;]&quot; ],
      &quot;impact&quot; : &quot;serious&quot;,
      &quot;any&quot; : [ {
        &quot;id&quot; : &quot;color-contrast&quot;,
        &quot;impact&quot; : &quot;serious&quot;,
        &quot;message&quot; : &quot;Element&#039;s background color could not be determined due to a background image&quot;,
        &quot;data&quot; : {
          &quot;contrastRatio&quot; : 0,
          &quot;expectedContrastRatio&quot; : &quot;4.5:1&quot;,
          &quot;fgColor&quot; : &quot;#ffffff&quot;,
          &quot;fontSize&quot; : &quot;9.0pt (12px)&quot;,
          &quot;fontWeight&quot; : &quot;normal&quot;,
          &quot;messageKey&quot; : &quot;bgImage&quot;
        },
        &quot;relatedNodes&quot; : [ {
          &quot;html&quot; : &quot;&lt;div id=\&quot;bottom-bg\&quot; style=\&quot;\&quot;&gt;&quot;,
          &quot;target&quot; : [ &quot;#bottom-bg&quot; ]
        } ]
      } ],
      &quot;all&quot; : [ ],
      &quot;none&quot; : [ ],
      &quot;failureSummary&quot; : &quot;Fix any of the following:\n  Element&#039;s background color could not be determined due to a background image&quot;
    }, {
      &quot;html&quot; : &quot;&lt;a class=\&quot;link\&quot; href=\&quot;mars2.html?asite_map=\&quot;&gt;Site Map&lt;/a&gt;&quot;,
      &quot;target&quot; : [ &quot;a[href=\&quot;mars2.html?asite_map=\&quot;]&quot; ],
      &quot;impact&quot; : &quot;serious&quot;,
      &quot;any&quot; : [ {
        &quot;id&quot; : &quot;color-contrast&quot;,
        &quot;impact&quot; : &quot;serious&quot;,
        &quot;message&quot; : &quot;Element&#039;s background color could not be determined due to a background image&quot;,
        &quot;data&quot; : {
          &quot;contrastRatio&quot; : 0,
          &quot;expectedContrastRatio&quot; : &quot;4.5:1&quot;,
          &quot;fgColor&quot; : &quot;#ffffff&quot;,
          &quot;fontSize&quot; : &quot;9.0pt (12px)&quot;,
          &quot;fontWeight&quot; : &quot;normal&quot;,
          &quot;messageKey&quot; : &quot;bgImage&quot;
        },
        &quot;relatedNodes&quot; : [ {
          &quot;html&quot; : &quot;&lt;div id=\&quot;bottom-bg\&quot; style=\&quot;\&quot;&gt;&quot;,
          &quot;target&quot; : [ &quot;#bottom-bg&quot; ]
        } ]
      } ],
      &quot;all&quot; : [ ],
      &quot;none&quot; : [ ],
      &quot;failureSummary&quot; : &quot;Fix any of the following:\n  Element&#039;s background color could not be determined due to a background image&quot;
    } ],
    &quot;url&quot; : null,
    &quot;createdDate&quot; : null
  }, {
    &quot;id&quot; : &quot;link-in-text-block&quot;,
    &quot;description&quot; : &quot;Ensure links are distinguished from surrounding text in a way that does not rely on color&quot;,
    &quot;help&quot; : &quot;Links must be distinguishable without relying on color&quot;,
    &quot;helpUrl&quot; : &quot;https://dequeuniversity.com/rules/axe/4.6/link-in-text-block?application=axeAPI&quot;,
    &quot;impact&quot; : &quot;serious&quot;,
    &quot;tags&quot; : [ &quot;cat.color&quot;, &quot;wcag2a&quot;, &quot;wcag141&quot; ],
    &quot;nodes&quot; : [ {
      &quot;html&quot; : &quot;&lt;a href=\&quot;mars2.html?a=be_bold\&quot;&gt;\n                &lt;h3&gt;Be Bold...&lt;/h3&gt;\n                &lt;i class=\&quot;icon-vap-plan\&quot;&gt;&lt;/i&gt;\n              &lt;/a&gt;&quot;,
      &quot;target&quot; : [ &quot;a[href=\&quot;mars2.html?a=be_bold\&quot;]&quot; ],
      &quot;impact&quot; : &quot;serious&quot;,
      &quot;any&quot; : [ {
        &quot;id&quot; : &quot;link-in-text-block&quot;,
        &quot;impact&quot; : &quot;serious&quot;,
        &quot;message&quot; : &quot;Element&#039;s contrast ratio could not be determined because of element overlap&quot;,
        &quot;data&quot; : {
          &quot;messageKey&quot; : &quot;bgOverlap&quot;
        },
        &quot;relatedNodes&quot; : [ {
          &quot;html&quot; : &quot;&lt;div class=\&quot;span2-5 vap-col left-first\&quot; id=\&quot;vap-plan\&quot;&gt;&quot;,
          &quot;target&quot; : [ &quot;#vap-plan&quot; ]
        } ]
      } ],
      &quot;all&quot; : [ ],
      &quot;none&quot; : [ ],
      &quot;failureSummary&quot; : &quot;Fix any of the following:\n  Element&#039;s contrast ratio could not be determined because of element overlap&quot;
    }, {
      &quot;html&quot; : &quot;&lt;a href=\&quot;mars2.html?a=last_will\&quot;&gt;prepare your last will and testament&lt;/a&gt;&quot;,
      &quot;target&quot; : [ &quot;a[href=\&quot;mars2.html?a=last_will\&quot;]&quot; ],
      &quot;impact&quot; : &quot;serious&quot;,
      &quot;any&quot; : [ {
        &quot;id&quot; : &quot;link-in-text-block&quot;,
        &quot;impact&quot; : &quot;serious&quot;,
        &quot;message&quot; : &quot;Element&#039;s contrast ratio could not be determined because of element overlap&quot;,
        &quot;data&quot; : {
          &quot;messageKey&quot; : &quot;bgOverlap&quot;
        },
        &quot;relatedNodes&quot; : [ {
          &quot;html&quot; : &quot;&lt;p&gt;If you&#039;re serious about traveling to Mars - really serious - then &lt;a href=\&quot;mars2.html?a=last_will\&quot;&gt;prepare your last will and testament&lt;/a&gt;, and book a trip! &lt;/p&gt;&quot;,
          &quot;target&quot; : [ &quot;#vap-book &gt; p:nth-child(3)&quot; ]
        } ]
      } ],
      &quot;all&quot; : [ ],
      &quot;none&quot; : [ ],
      &quot;failureSummary&quot; : &quot;Fix any of the following:\n  Element&#039;s contrast ratio could not be determined because of element overlap&quot;
    }, {
      &quot;html&quot; : &quot;&lt;a href=\&quot;mars2.html?a=blast_off\&quot;&gt;\n                &lt;h3&gt;Blast Off!&lt;/h3&gt;\n                &lt;i class=\&quot;icon-vap-travel\&quot;&gt;&lt;/i&gt;\n              &lt;/a&gt;&quot;,
      &quot;target&quot; : [ &quot;a[href=\&quot;mars2.html?a=blast_off\&quot;]&quot; ],
      &quot;impact&quot; : &quot;serious&quot;,
      &quot;any&quot; : [ {
        &quot;id&quot; : &quot;link-in-text-block&quot;,
        &quot;impact&quot; : &quot;serious&quot;,
        &quot;message&quot; : &quot;Element&#039;s contrast ratio could not be determined because of element overlap&quot;,
        &quot;data&quot; : {
          &quot;messageKey&quot; : &quot;bgOverlap&quot;
        },
        &quot;relatedNodes&quot; : [ {
          &quot;html&quot; : &quot;&lt;div class=\&quot;span2-5 vap-col\&quot; id=\&quot;vap-travel\&quot;&gt;&quot;,
          &quot;target&quot; : [ &quot;#vap-travel&quot; ]
        } ]
      } ],
      &quot;all&quot; : [ ],
      &quot;none&quot; : [ ],
      &quot;failureSummary&quot; : &quot;Fix any of the following:\n  Element&#039;s contrast ratio could not be determined because of element overlap&quot;
    }, {
      &quot;html&quot; : &quot;&lt;a href=\&quot;mars2.html?a=tersm_and_conditions\&quot;&gt;Mars Commuter Express Terms and Conditions&lt;/a&gt;&quot;,
      &quot;target&quot; : [ &quot;#copyright &gt; a:nth-child(1)&quot; ],
      &quot;impact&quot; : &quot;serious&quot;,
      &quot;any&quot; : [ {
        &quot;id&quot; : &quot;link-in-text-block&quot;,
        &quot;impact&quot; : &quot;serious&quot;,
        &quot;message&quot; : &quot;Element&#039;s contrast ratio could not be determined because of element overlap&quot;,
        &quot;data&quot; : {
          &quot;messageKey&quot; : &quot;bgOverlap&quot;
        },
        &quot;relatedNodes&quot; : [ {
          &quot;html&quot; : &quot;&lt;div id=\&quot;copyright\&quot; class=\&quot;container\&quot;&gt;&quot;,
          &quot;target&quot; : [ &quot;#copyright&quot; ]
        } ]
      } ],
      &quot;all&quot; : [ ],
      &quot;none&quot; : [ ],
      &quot;failureSummary&quot; : &quot;Fix any of the following:\n  Element&#039;s contrast ratio could not be determined because of element overlap&quot;
    }, {
      &quot;html&quot; : &quot;&lt;a href=\&quot;mars2.html?a=privacy_policy\&quot;&gt;Privacy Policy&lt;/a&gt;&quot;,
      &quot;target&quot; : [ &quot;a[href=\&quot;mars2.html?a=privacy_policy\&quot;]&quot; ],
      &quot;impact&quot; : &quot;serious&quot;,
      &quot;any&quot; : [ {
        &quot;id&quot; : &quot;link-in-text-block&quot;,
        &quot;impact&quot; : &quot;serious&quot;,
        &quot;message&quot; : &quot;Element&#039;s contrast ratio could not be determined because of element overlap&quot;,
        &quot;data&quot; : {
          &quot;messageKey&quot; : &quot;bgOverlap&quot;
        },
        &quot;relatedNodes&quot; : [ {
          &quot;html&quot; : &quot;&lt;div id=\&quot;copyright\&quot; class=\&quot;container\&quot;&gt;&quot;,
          &quot;target&quot; : [ &quot;#copyright&quot; ]
        } ]
      } ],
      &quot;all&quot; : [ ],
      &quot;none&quot; : [ ],
      &quot;failureSummary&quot; : &quot;Fix any of the following:\n  Element&#039;s contrast ratio could not be determined because of element overlap&quot;
    }, {
      &quot;html&quot; : &quot;&lt;a class=\&quot;link\&quot; href=\&quot;mars2.html?asite_map=\&quot;&gt;Site Map&lt;/a&gt;&quot;,
      &quot;target&quot; : [ &quot;a[href=\&quot;mars2.html?asite_map=\&quot;]&quot; ],
      &quot;impact&quot; : &quot;serious&quot;,
      &quot;any&quot; : [ {
        &quot;id&quot; : &quot;link-in-text-block&quot;,
        &quot;impact&quot; : &quot;serious&quot;,
        &quot;message&quot; : &quot;Element&#039;s contrast ratio could not be determined because of element overlap&quot;,
        &quot;data&quot; : {
          &quot;messageKey&quot; : &quot;bgOverlap&quot;
        },
        &quot;relatedNodes&quot; : [ {
          &quot;html&quot; : &quot;&lt;div id=\&quot;copyright\&quot; class=\&quot;container\&quot;&gt;&quot;,
          &quot;target&quot; : [ &quot;#copyright&quot; ]
        } ]
      } ],
      &quot;all&quot; : [ ],
      &quot;none&quot; : [ ],
      &quot;failureSummary&quot; : &quot;Fix any of the following:\n  Element&#039;s contrast ratio could not be determined because of element overlap&quot;
    } ],
    &quot;url&quot; : null,
    &quot;createdDate&quot; : null
  }, {
    &quot;id&quot; : &quot;video-caption&quot;,
    &quot;description&quot; : &quot;Ensures &lt;video&gt; elements have captions&quot;,
    &quot;help&quot; : &quot;&lt;video&gt; elements must have captions&quot;,
    &quot;helpUrl&quot; : &quot;https://dequeuniversity.com/rules/axe/4.6/video-caption?application=axeAPI&quot;,
    &quot;impact&quot; : &quot;critical&quot;,
    &quot;tags&quot; : [ &quot;cat.text-alternatives&quot;, &quot;wcag2a&quot;, &quot;wcag122&quot;, &quot;section508&quot;, &quot;section508.22.a&quot; ],
    &quot;nodes&quot; : [ {
      &quot;html&quot; : &quot;&lt;video tabindex=\&quot;-1\&quot; class=\&quot;video-stream html5-main-video\&quot; webkit-playsinline=\&quot;\&quot; playsinline=\&quot;\&quot; controlslist=\&quot;nodownload\&quot; style=\&quot;width: 365px; height: 205px; left: 0px; top: -205px;\&quot;&gt;&lt;/video&gt;&quot;,
      &quot;target&quot; : [ &quot;#player&quot;, &quot;video&quot; ],
      &quot;impact&quot; : &quot;critical&quot;,
      &quot;any&quot; : [ ],
      &quot;all&quot; : [ ],
      &quot;none&quot; : [ {
        &quot;id&quot; : &quot;caption&quot;,
        &quot;impact&quot; : &quot;critical&quot;,
        &quot;message&quot; : &quot;Check that captions is available for the element&quot;,
        &quot;data&quot; : null,
        &quot;relatedNodes&quot; : [ ]
      } ],
      &quot;failureSummary&quot; : &quot;Fix all of the following:\n  Check that captions is available for the element&quot;
    } ],
    &quot;url&quot; : null,
    &quot;createdDate&quot; : null
  } ],
  &quot;inapplicable&quot; : [ {
    &quot;id&quot; : &quot;accesskeys&quot;,
    &quot;description&quot; : &quot;Ensures every accesskey attribute value is unique&quot;,
    &quot;help&quot; : &quot;accesskey attribute value should be unique&quot;,
    &quot;helpUrl&quot; : &quot;https://dequeuniversity.com/rules/axe/4.6/accesskeys?application=axeAPI&quot;,
    &quot;impact&quot; : &quot;&quot;,
    &quot;tags&quot; : [ &quot;cat.keyboard&quot;, &quot;best-practice&quot; ],
    &quot;nodes&quot; : [ ],
    &quot;url&quot; : null,
    &quot;createdDate&quot; : null
  }, {
    &quot;id&quot; : &quot;area-alt&quot;,
    &quot;description&quot; : &quot;Ensures &lt;area&gt; elements of image maps have alternate text&quot;,
    &quot;help&quot; : &quot;Active &lt;area&gt; elements must have alternate text&quot;,
    &quot;helpUrl&quot; : &quot;https://dequeuniversity.com/rules/axe/4.6/area-alt?application=axeAPI&quot;,
    &quot;impact&quot; : &quot;&quot;,
    &quot;tags&quot; : [ &quot;cat.text-alternatives&quot;, &quot;wcag2a&quot;, &quot;wcag244&quot;, &quot;wcag412&quot;, &quot;section508&quot;, &quot;section508.22.a&quot;, &quot;ACT&quot; ],
    &quot;nodes&quot; : [ ],
    &quot;url&quot; : null,
    &quot;createdDate&quot; : null
  }, {
    &quot;id&quot; : &quot;aria-command-name&quot;,
    &quot;description&quot; : &quot;Ensures every ARIA button, link and menuitem has an accessible name&quot;,
    &quot;help&quot; : &quot;ARIA commands must have an accessible name&quot;,
    &quot;helpUrl&quot; : &quot;https://dequeuniversity.com/rules/axe/4.6/aria-command-name?application=axeAPI&quot;,
    &quot;impact&quot; : &quot;&quot;,
    &quot;tags&quot; : [ &quot;cat.aria&quot;, &quot;wcag2a&quot;, &quot;wcag412&quot;, &quot;ACT&quot; ],
    &quot;nodes&quot; : [ ],
    &quot;url&quot; : null,
    &quot;createdDate&quot; : null
  }, {
    &quot;id&quot; : &quot;aria-dialog-name&quot;,
    &quot;description&quot; : &quot;Ensures every ARIA dialog and alertdialog node has an accessible name&quot;,
    &quot;help&quot; : &quot;ARIA dialog and alertdialog nodes should have an accessible name&quot;,
    &quot;helpUrl&quot; : &quot;https://dequeuniversity.com/rules/axe/4.6/aria-dialog-name?application=axeAPI&quot;,
    &quot;impact&quot; : &quot;&quot;,
    &quot;tags&quot; : [ &quot;cat.aria&quot;, &quot;best-practice&quot; ],
    &quot;nodes&quot; : [ ],
    &quot;url&quot; : null,
    &quot;createdDate&quot; : null
  }, {
    &quot;id&quot; : &quot;aria-input-field-name&quot;,
    &quot;description&quot; : &quot;Ensures every ARIA input field has an accessible name&quot;,
    &quot;help&quot; : &quot;ARIA input fields must have an accessible name&quot;,
    &quot;helpUrl&quot; : &quot;https://dequeuniversity.com/rules/axe/4.6/aria-input-field-name?application=axeAPI&quot;,
    &quot;impact&quot; : &quot;&quot;,
    &quot;tags&quot; : [ &quot;cat.aria&quot;, &quot;wcag2a&quot;, &quot;wcag412&quot;, &quot;ACT&quot; ],
    &quot;nodes&quot; : [ ],
    &quot;url&quot; : null,
    &quot;createdDate&quot; : null
  }, {
    &quot;id&quot; : &quot;aria-meter-name&quot;,
    &quot;description&quot; : &quot;Ensures every ARIA meter node has an accessible name&quot;,
    &quot;help&quot; : &quot;ARIA meter nodes must have an accessible name&quot;,
    &quot;helpUrl&quot; : &quot;https://dequeuniversity.com/rules/axe/4.6/aria-meter-name?application=axeAPI&quot;,
    &quot;impact&quot; : &quot;&quot;,
    &quot;tags&quot; : [ &quot;cat.aria&quot;, &quot;wcag2a&quot;, &quot;wcag111&quot; ],
    &quot;nodes&quot; : [ ],
    &quot;url&quot; : null,
    &quot;createdDate&quot; : null
  }, {
    &quot;id&quot; : &quot;aria-progressbar-name&quot;,
    &quot;description&quot; : &quot;Ensures every ARIA progressbar node has an accessible name&quot;,
    &quot;help&quot; : &quot;ARIA progressbar nodes must have an accessible name&quot;,
    &quot;helpUrl&quot; : &quot;https://dequeuniversity.com/rules/axe/4.6/aria-progressbar-name?application=axeAPI&quot;,
    &quot;impact&quot; : &quot;&quot;,
    &quot;tags&quot; : [ &quot;cat.aria&quot;, &quot;wcag2a&quot;, &quot;wcag111&quot; ],
    &quot;nodes&quot; : [ ],
    &quot;url&quot; : null,
    &quot;createdDate&quot; : null
  }, {
    &quot;id&quot; : &quot;aria-required-children&quot;,
    &quot;description&quot; : &quot;Ensures elements with an ARIA role that require child roles contain them&quot;,
    &quot;help&quot; : &quot;Certain ARIA roles must contain particular children&quot;,
    &quot;helpUrl&quot; : &quot;https://dequeuniversity.com/rules/axe/4.6/aria-required-children?application=axeAPI&quot;,
    &quot;impact&quot; : &quot;&quot;,
    &quot;tags&quot; : [ &quot;cat.aria&quot;, &quot;wcag2a&quot;, &quot;wcag131&quot; ],
    &quot;nodes&quot; : [ ],
    &quot;url&quot; : null,
    &quot;createdDate&quot; : null
  }, {
    &quot;id&quot; : &quot;aria-required-parent&quot;,
    &quot;description&quot; : &quot;Ensures elements with an ARIA role that require parent roles are contained by them&quot;,
    &quot;help&quot; : &quot;Certain ARIA roles must be contained by particular parents&quot;,
    &quot;helpUrl&quot; : &quot;https://dequeuniversity.com/rules/axe/4.6/aria-required-parent?application=axeAPI&quot;,
    &quot;impact&quot; : &quot;&quot;,
    &quot;tags&quot; : [ &quot;cat.aria&quot;, &quot;wcag2a&quot;, &quot;wcag131&quot; ],
    &quot;nodes&quot; : [ ],
    &quot;url&quot; : null,
    &quot;createdDate&quot; : null
  }, {
    &quot;id&quot; : &quot;aria-roledescription&quot;,
    &quot;description&quot; : &quot;Ensure aria-roledescription is only used on elements with an implicit or explicit role&quot;,
    &quot;help&quot; : &quot;aria-roledescription must be on elements with a semantic role&quot;,
    &quot;helpUrl&quot; : &quot;https://dequeuniversity.com/rules/axe/4.6/aria-roledescription?application=axeAPI&quot;,
    &quot;impact&quot; : &quot;&quot;,
    &quot;tags&quot; : [ &quot;cat.aria&quot;, &quot;wcag2a&quot;, &quot;wcag412&quot; ],
    &quot;nodes&quot; : [ ],
    &quot;url&quot; : null,
    &quot;createdDate&quot; : null
  }, {
    &quot;id&quot; : &quot;aria-text&quot;,
    &quot;description&quot; : &quot;Ensures \&quot;role=text\&quot; is used on elements with no focusable descendants&quot;,
    &quot;help&quot; : &quot;\&quot;role=text\&quot; should have no focusable descendants&quot;,
    &quot;helpUrl&quot; : &quot;https://dequeuniversity.com/rules/axe/4.6/aria-text?application=axeAPI&quot;,
    &quot;impact&quot; : &quot;&quot;,
    &quot;tags&quot; : [ &quot;cat.aria&quot;, &quot;best-practice&quot; ],
    &quot;nodes&quot; : [ ],
    &quot;url&quot; : null,
    &quot;createdDate&quot; : null
  }, {
    &quot;id&quot; : &quot;aria-toggle-field-name&quot;,
    &quot;description&quot; : &quot;Ensures every ARIA toggle field has an accessible name&quot;,
    &quot;help&quot; : &quot;ARIA toggle fields must have an accessible name&quot;,
    &quot;helpUrl&quot; : &quot;https://dequeuniversity.com/rules/axe/4.6/aria-toggle-field-name?application=axeAPI&quot;,
    &quot;impact&quot; : &quot;&quot;,
    &quot;tags&quot; : [ &quot;cat.aria&quot;, &quot;wcag2a&quot;, &quot;wcag412&quot;, &quot;ACT&quot; ],
    &quot;nodes&quot; : [ ],
    &quot;url&quot; : null,
    &quot;createdDate&quot; : null
  }, {
    &quot;id&quot; : &quot;aria-tooltip-name&quot;,
    &quot;description&quot; : &quot;Ensures every ARIA tooltip node has an accessible name&quot;,
    &quot;help&quot; : &quot;ARIA tooltip nodes must have an accessible name&quot;,
    &quot;helpUrl&quot; : &quot;https://dequeuniversity.com/rules/axe/4.6/aria-tooltip-name?application=axeAPI&quot;,
    &quot;impact&quot; : &quot;&quot;,
    &quot;tags&quot; : [ &quot;cat.aria&quot;, &quot;wcag2a&quot;, &quot;wcag412&quot; ],
    &quot;nodes&quot; : [ ],
    &quot;url&quot; : null,
    &quot;createdDate&quot; : null
  }, {
    &quot;id&quot; : &quot;aria-treeitem-name&quot;,
    &quot;description&quot; : &quot;Ensures every ARIA treeitem node has an accessible name&quot;,
    &quot;help&quot; : &quot;ARIA treeitem nodes should have an accessible name&quot;,
    &quot;helpUrl&quot; : &quot;https://dequeuniversity.com/rules/axe/4.6/aria-treeitem-name?application=axeAPI&quot;,
    &quot;impact&quot; : &quot;&quot;,
    &quot;tags&quot; : [ &quot;cat.aria&quot;, &quot;best-practice&quot; ],
    &quot;nodes&quot; : [ ],
    &quot;url&quot; : null,
    &quot;createdDate&quot; : null
  }, {
    &quot;id&quot; : &quot;blink&quot;,
    &quot;description&quot; : &quot;Ensures &lt;blink&gt; elements are not used&quot;,
    &quot;help&quot; : &quot;&lt;blink&gt; elements are deprecated and must not be used&quot;,
    &quot;helpUrl&quot; : &quot;https://dequeuniversity.com/rules/axe/4.6/blink?application=axeAPI&quot;,
    &quot;impact&quot; : &quot;&quot;,
    &quot;tags&quot; : [ &quot;cat.time-and-media&quot;, &quot;wcag2a&quot;, &quot;wcag222&quot;, &quot;section508&quot;, &quot;section508.22.j&quot; ],
    &quot;nodes&quot; : [ ],
    &quot;url&quot; : null,
    &quot;createdDate&quot; : null
  }, {
    &quot;id&quot; : &quot;definition-list&quot;,
    &quot;description&quot; : &quot;Ensures &lt;dl&gt; elements are structured correctly&quot;,
    &quot;help&quot; : &quot;&lt;dl&gt; elements must only directly contain properly-ordered &lt;dt&gt; and &lt;dd&gt; groups, &lt;script&gt;, &lt;template&gt; or &lt;div&gt; elements&quot;,
    &quot;helpUrl&quot; : &quot;https://dequeuniversity.com/rules/axe/4.6/definition-list?application=axeAPI&quot;,
    &quot;impact&quot; : &quot;&quot;,
    &quot;tags&quot; : [ &quot;cat.structure&quot;, &quot;wcag2a&quot;, &quot;wcag131&quot; ],
    &quot;nodes&quot; : [ ],
    &quot;url&quot; : null,
    &quot;createdDate&quot; : null
  }, {
    &quot;id&quot; : &quot;dlitem&quot;,
    &quot;description&quot; : &quot;Ensures &lt;dt&gt; and &lt;dd&gt; elements are contained by a &lt;dl&gt;&quot;,
    &quot;help&quot; : &quot;&lt;dt&gt; and &lt;dd&gt; elements must be contained by a &lt;dl&gt;&quot;,
    &quot;helpUrl&quot; : &quot;https://dequeuniversity.com/rules/axe/4.6/dlitem?application=axeAPI&quot;,
    &quot;impact&quot; : &quot;&quot;,
    &quot;tags&quot; : [ &quot;cat.structure&quot;, &quot;wcag2a&quot;, &quot;wcag131&quot; ],
    &quot;nodes&quot; : [ ],
    &quot;url&quot; : null,
    &quot;createdDate&quot; : null
  }, {
    &quot;id&quot; : &quot;empty-table-header&quot;,
    &quot;description&quot; : &quot;Ensures table headers have discernible text&quot;,
    &quot;help&quot; : &quot;Table header text should not be empty&quot;,
    &quot;helpUrl&quot; : &quot;https://dequeuniversity.com/rules/axe/4.6/empty-table-header?application=axeAPI&quot;,
    &quot;impact&quot; : &quot;&quot;,
    &quot;tags&quot; : [ &quot;cat.name-role-value&quot;, &quot;best-practice&quot; ],
    &quot;nodes&quot; : [ ],
    &quot;url&quot; : null,
    &quot;createdDate&quot; : null
  }, {
    &quot;id&quot; : &quot;frame-focusable-content&quot;,
    &quot;description&quot; : &quot;Ensures &lt;frame&gt; and &lt;iframe&gt; elements with focusable content do not have tabindex=-1&quot;,
    &quot;help&quot; : &quot;Frames with focusable content must not have tabindex=-1&quot;,
    &quot;helpUrl&quot; : &quot;https://dequeuniversity.com/rules/axe/4.6/frame-focusable-content?application=axeAPI&quot;,
    &quot;impact&quot; : &quot;&quot;,
    &quot;tags&quot; : [ &quot;cat.keyboard&quot;, &quot;wcag2a&quot;, &quot;wcag211&quot; ],
    &quot;nodes&quot; : [ ],
    &quot;url&quot; : null,
    &quot;createdDate&quot; : null
  }, {
    &quot;id&quot; : &quot;html-xml-lang-mismatch&quot;,
    &quot;description&quot; : &quot;Ensure that HTML elements with both valid lang and xml:lang attributes agree on the base language of the page&quot;,
    &quot;help&quot; : &quot;HTML elements with lang and xml:lang must have the same base language&quot;,
    &quot;helpUrl&quot; : &quot;https://dequeuniversity.com/rules/axe/4.6/html-xml-lang-mismatch?application=axeAPI&quot;,
    &quot;impact&quot; : &quot;&quot;,
    &quot;tags&quot; : [ &quot;cat.language&quot;, &quot;wcag2a&quot;, &quot;wcag311&quot;, &quot;ACT&quot; ],
    &quot;nodes&quot; : [ ],
    &quot;url&quot; : null,
    &quot;createdDate&quot; : null
  }, {
    &quot;id&quot; : &quot;input-image-alt&quot;,
    &quot;description&quot; : &quot;Ensures &lt;input type=\&quot;image\&quot;&gt; elements have alternate text&quot;,
    &quot;help&quot; : &quot;Image buttons must have alternate text&quot;,
    &quot;helpUrl&quot; : &quot;https://dequeuniversity.com/rules/axe/4.6/input-image-alt?application=axeAPI&quot;,
    &quot;impact&quot; : &quot;&quot;,
    &quot;tags&quot; : [ &quot;cat.text-alternatives&quot;, &quot;wcag2a&quot;, &quot;wcag111&quot;, &quot;wcag412&quot;, &quot;section508&quot;, &quot;section508.22.a&quot;, &quot;ACT&quot; ],
    &quot;nodes&quot; : [ ],
    &quot;url&quot; : null,
    &quot;createdDate&quot; : null
  }, {
    &quot;id&quot; : &quot;landmark-banner-is-top-level&quot;,
    &quot;description&quot; : &quot;Ensures the banner landmark is at top level&quot;,
    &quot;help&quot; : &quot;Banner landmark should not be contained in another landmark&quot;,
    &quot;helpUrl&quot; : &quot;https://dequeuniversity.com/rules/axe/4.6/landmark-banner-is-top-level?application=axeAPI&quot;,
    &quot;impact&quot; : &quot;&quot;,
    &quot;tags&quot; : [ &quot;cat.semantics&quot;, &quot;best-practice&quot; ],
    &quot;nodes&quot; : [ ],
    &quot;url&quot; : null,
    &quot;createdDate&quot; : null
  }, {
    &quot;id&quot; : &quot;landmark-complementary-is-top-level&quot;,
    &quot;description&quot; : &quot;Ensures the complementary landmark or aside is at top level&quot;,
    &quot;help&quot; : &quot;Aside should not be contained in another landmark&quot;,
    &quot;helpUrl&quot; : &quot;https://dequeuniversity.com/rules/axe/4.6/landmark-complementary-is-top-level?application=axeAPI&quot;,
    &quot;impact&quot; : &quot;&quot;,
    &quot;tags&quot; : [ &quot;cat.semantics&quot;, &quot;best-practice&quot; ],
    &quot;nodes&quot; : [ ],
    &quot;url&quot; : null,
    &quot;createdDate&quot; : null
  }, {
    &quot;id&quot; : &quot;landmark-contentinfo-is-top-level&quot;,
    &quot;description&quot; : &quot;Ensures the contentinfo landmark is at top level&quot;,
    &quot;help&quot; : &quot;Contentinfo landmark should not be contained in another landmark&quot;,
    &quot;helpUrl&quot; : &quot;https://dequeuniversity.com/rules/axe/4.6/landmark-contentinfo-is-top-level?application=axeAPI&quot;,
    &quot;impact&quot; : &quot;&quot;,
    &quot;tags&quot; : [ &quot;cat.semantics&quot;, &quot;best-practice&quot; ],
    &quot;nodes&quot; : [ ],
    &quot;url&quot; : null,
    &quot;createdDate&quot; : null
  }, {
    &quot;id&quot; : &quot;landmark-main-is-top-level&quot;,
    &quot;description&quot; : &quot;Ensures the main landmark is at top level&quot;,
    &quot;help&quot; : &quot;Main landmark should not be contained in another landmark&quot;,
    &quot;helpUrl&quot; : &quot;https://dequeuniversity.com/rules/axe/4.6/landmark-main-is-top-level?application=axeAPI&quot;,
    &quot;impact&quot; : &quot;&quot;,
    &quot;tags&quot; : [ &quot;cat.semantics&quot;, &quot;best-practice&quot; ],
    &quot;nodes&quot; : [ ],
    &quot;url&quot; : null,
    &quot;createdDate&quot; : null
  }, {
    &quot;id&quot; : &quot;landmark-no-duplicate-banner&quot;,
    &quot;description&quot; : &quot;Ensures the document has at most one banner landmark&quot;,
    &quot;help&quot; : &quot;Document should not have more than one banner landmark&quot;,
    &quot;helpUrl&quot; : &quot;https://dequeuniversity.com/rules/axe/4.6/landmark-no-duplicate-banner?application=axeAPI&quot;,
    &quot;impact&quot; : &quot;&quot;,
    &quot;tags&quot; : [ &quot;cat.semantics&quot;, &quot;best-practice&quot; ],
    &quot;nodes&quot; : [ ],
    &quot;url&quot; : null,
    &quot;createdDate&quot; : null
  }, {
    &quot;id&quot; : &quot;landmark-no-duplicate-contentinfo&quot;,
    &quot;description&quot; : &quot;Ensures the document has at most one contentinfo landmark&quot;,
    &quot;help&quot; : &quot;Document should not have more than one contentinfo landmark&quot;,
    &quot;helpUrl&quot; : &quot;https://dequeuniversity.com/rules/axe/4.6/landmark-no-duplicate-contentinfo?application=axeAPI&quot;,
    &quot;impact&quot; : &quot;&quot;,
    &quot;tags&quot; : [ &quot;cat.semantics&quot;, &quot;best-practice&quot; ],
    &quot;nodes&quot; : [ ],
    &quot;url&quot; : null,
    &quot;createdDate&quot; : null
  }, {
    &quot;id&quot; : &quot;landmark-no-duplicate-main&quot;,
    &quot;description&quot; : &quot;Ensures the document has at most one main landmark&quot;,
    &quot;help&quot; : &quot;Document should not have more than one main landmark&quot;,
    &quot;helpUrl&quot; : &quot;https://dequeuniversity.com/rules/axe/4.6/landmark-no-duplicate-main?application=axeAPI&quot;,
    &quot;impact&quot; : &quot;&quot;,
    &quot;tags&quot; : [ &quot;cat.semantics&quot;, &quot;best-practice&quot; ],
    &quot;nodes&quot; : [ ],
    &quot;url&quot; : null,
    &quot;createdDate&quot; : null
  }, {
    &quot;id&quot; : &quot;marquee&quot;,
    &quot;description&quot; : &quot;Ensures &lt;marquee&gt; elements are not used&quot;,
    &quot;help&quot; : &quot;&lt;marquee&gt; elements are deprecated and must not be used&quot;,
    &quot;helpUrl&quot; : &quot;https://dequeuniversity.com/rules/axe/4.6/marquee?application=axeAPI&quot;,
    &quot;impact&quot; : &quot;&quot;,
    &quot;tags&quot; : [ &quot;cat.parsing&quot;, &quot;wcag2a&quot;, &quot;wcag222&quot; ],
    &quot;nodes&quot; : [ ],
    &quot;url&quot; : null,
    &quot;createdDate&quot; : null
  }, {
    &quot;id&quot; : &quot;meta-refresh&quot;,
    &quot;description&quot; : &quot;Ensures &lt;meta http-equiv=\&quot;refresh\&quot;&gt; is not used for delayed refresh&quot;,
    &quot;help&quot; : &quot;Delayed refresh under 20 hours must not be used&quot;,
    &quot;helpUrl&quot; : &quot;https://dequeuniversity.com/rules/axe/4.6/meta-refresh?application=axeAPI&quot;,
    &quot;impact&quot; : &quot;&quot;,
    &quot;tags&quot; : [ &quot;cat.time-and-media&quot;, &quot;wcag2a&quot;, &quot;wcag221&quot; ],
    &quot;nodes&quot; : [ ],
    &quot;url&quot; : null,
    &quot;createdDate&quot; : null
  }, {
    &quot;id&quot; : &quot;object-alt&quot;,
    &quot;description&quot; : &quot;Ensures &lt;object&gt; elements have alternate text&quot;,
    &quot;help&quot; : &quot;&lt;object&gt; elements must have alternate text&quot;,
    &quot;helpUrl&quot; : &quot;https://dequeuniversity.com/rules/axe/4.6/object-alt?application=axeAPI&quot;,
    &quot;impact&quot; : &quot;&quot;,
    &quot;tags&quot; : [ &quot;cat.text-alternatives&quot;, &quot;wcag2a&quot;, &quot;wcag111&quot;, &quot;section508&quot;, &quot;section508.22.a&quot; ],
    &quot;nodes&quot; : [ ],
    &quot;url&quot; : null,
    &quot;createdDate&quot; : null
  }, {
    &quot;id&quot; : &quot;role-img-alt&quot;,
    &quot;description&quot; : &quot;Ensures [role=&#039;img&#039;] elements have alternate text&quot;,
    &quot;help&quot; : &quot;[role=&#039;img&#039;] elements must have an alternative text&quot;,
    &quot;helpUrl&quot; : &quot;https://dequeuniversity.com/rules/axe/4.6/role-img-alt?application=axeAPI&quot;,
    &quot;impact&quot; : &quot;&quot;,
    &quot;tags&quot; : [ &quot;cat.text-alternatives&quot;, &quot;wcag2a&quot;, &quot;wcag111&quot;, &quot;section508&quot;, &quot;section508.22.a&quot;, &quot;ACT&quot; ],
    &quot;nodes&quot; : [ ],
    &quot;url&quot; : null,
    &quot;createdDate&quot; : null
  }, {
    &quot;id&quot; : &quot;scope-attr-valid&quot;,
    &quot;description&quot; : &quot;Ensures the scope attribute is used correctly on tables&quot;,
    &quot;help&quot; : &quot;scope attribute should be used correctly&quot;,
    &quot;helpUrl&quot; : &quot;https://dequeuniversity.com/rules/axe/4.6/scope-attr-valid?application=axeAPI&quot;,
    &quot;impact&quot; : &quot;&quot;,
    &quot;tags&quot; : [ &quot;cat.tables&quot;, &quot;best-practice&quot; ],
    &quot;nodes&quot; : [ ],
    &quot;url&quot; : null,
    &quot;createdDate&quot; : null
  }, {
    &quot;id&quot; : &quot;scrollable-region-focusable&quot;,
    &quot;description&quot; : &quot;Ensure elements that have scrollable content are accessible by keyboard&quot;,
    &quot;help&quot; : &quot;Scrollable region must have keyboard access&quot;,
    &quot;helpUrl&quot; : &quot;https://dequeuniversity.com/rules/axe/4.6/scrollable-region-focusable?application=axeAPI&quot;,
    &quot;impact&quot; : &quot;&quot;,
    &quot;tags&quot; : [ &quot;cat.keyboard&quot;, &quot;wcag2a&quot;, &quot;wcag211&quot; ],
    &quot;nodes&quot; : [ ],
    &quot;url&quot; : null,
    &quot;createdDate&quot; : null
  }, {
    &quot;id&quot; : &quot;server-side-image-map&quot;,
    &quot;description&quot; : &quot;Ensures that server-side image maps are not used&quot;,
    &quot;help&quot; : &quot;Server-side image maps must not be used&quot;,
    &quot;helpUrl&quot; : &quot;https://dequeuniversity.com/rules/axe/4.6/server-side-image-map?application=axeAPI&quot;,
    &quot;impact&quot; : &quot;&quot;,
    &quot;tags&quot; : [ &quot;cat.text-alternatives&quot;, &quot;wcag2a&quot;, &quot;wcag211&quot;, &quot;section508&quot;, &quot;section508.22.f&quot; ],
    &quot;nodes&quot; : [ ],
    &quot;url&quot; : null,
    &quot;createdDate&quot; : null
  }, {
    &quot;id&quot; : &quot;skip-link&quot;,
    &quot;description&quot; : &quot;Ensure all skip links have a focusable target&quot;,
    &quot;help&quot; : &quot;The skip-link target should exist and be focusable&quot;,
    &quot;helpUrl&quot; : &quot;https://dequeuniversity.com/rules/axe/4.6/skip-link?application=axeAPI&quot;,
    &quot;impact&quot; : &quot;&quot;,
    &quot;tags&quot; : [ &quot;cat.keyboard&quot;, &quot;best-practice&quot; ],
    &quot;nodes&quot; : [ ],
    &quot;url&quot; : null,
    &quot;createdDate&quot; : null
  }, {
    &quot;id&quot; : &quot;svg-img-alt&quot;,
    &quot;description&quot; : &quot;Ensures &lt;svg&gt; elements with an img, graphics-document or graphics-symbol role have an accessible text&quot;,
    &quot;help&quot; : &quot;&lt;svg&gt; elements with an img role must have an alternative text&quot;,
    &quot;helpUrl&quot; : &quot;https://dequeuniversity.com/rules/axe/4.6/svg-img-alt?application=axeAPI&quot;,
    &quot;impact&quot; : &quot;&quot;,
    &quot;tags&quot; : [ &quot;cat.text-alternatives&quot;, &quot;wcag2a&quot;, &quot;wcag111&quot;, &quot;section508&quot;, &quot;section508.22.a&quot;, &quot;ACT&quot; ],
    &quot;nodes&quot; : [ ],
    &quot;url&quot; : null,
    &quot;createdDate&quot; : null
  }, {
    &quot;id&quot; : &quot;th-has-data-cells&quot;,
    &quot;description&quot; : &quot;Ensure that &lt;th&gt; elements and elements with role=columnheader/rowheader have data cells they describe&quot;,
    &quot;help&quot; : &quot;Table headers in a data table must refer to data cells&quot;,
    &quot;helpUrl&quot; : &quot;https://dequeuniversity.com/rules/axe/4.6/th-has-data-cells?application=axeAPI&quot;,
    &quot;impact&quot; : &quot;&quot;,
    &quot;tags&quot; : [ &quot;cat.tables&quot;, &quot;wcag2a&quot;, &quot;wcag131&quot;, &quot;section508&quot;, &quot;section508.22.g&quot; ],
    &quot;nodes&quot; : [ ],
    &quot;url&quot; : null,
    &quot;createdDate&quot; : null
  }, {
    &quot;id&quot; : &quot;valid-lang&quot;,
    &quot;description&quot; : &quot;Ensures lang attributes have valid values&quot;,
    &quot;help&quot; : &quot;lang attribute must have a valid value&quot;,
    &quot;helpUrl&quot; : &quot;https://dequeuniversity.com/rules/axe/4.6/valid-lang?application=axeAPI&quot;,
    &quot;impact&quot; : &quot;&quot;,
    &quot;tags&quot; : [ &quot;cat.language&quot;, &quot;wcag2aa&quot;, &quot;wcag312&quot;, &quot;ACT&quot; ],
    &quot;nodes&quot; : [ ],
    &quot;url&quot; : null,
    &quot;createdDate&quot; : null
  }, {
    &quot;id&quot; : &quot;no-autoplay-audio&quot;,
    &quot;description&quot; : &quot;Ensures &lt;video&gt; or &lt;audio&gt; elements do not autoplay audio for more than 3 seconds without a control mechanism to stop or mute the audio&quot;,
    &quot;help&quot; : &quot;&lt;video&gt; or &lt;audio&gt; elements must not play automatically&quot;,
    &quot;helpUrl&quot; : &quot;https://dequeuniversity.com/rules/axe/4.6/no-autoplay-audio?application=axeAPI&quot;,
    &quot;impact&quot; : &quot;&quot;,
    &quot;tags&quot; : [ &quot;cat.time-and-media&quot;, &quot;wcag2a&quot;, &quot;wcag142&quot;, &quot;ACT&quot; ],
    &quot;nodes&quot; : [ ],
    &quot;url&quot; : null,
    &quot;createdDate&quot; : null
  } ],
  &quot;errorMessage&quot; : null,
  &quot;errored&quot; : false
}] but found [false]">
      <![CDATA[java.lang.AssertionError: expected [{
  "toolOptions" : {
    "reporter" : "v1",
    "rules" : null
  },
  "testEngine" : {
    "name" : "axe-core",
    "version" : "4.6.2"
  },
  "testEnvironment" : {
    "userAgent" : "Mozilla/5.0 (Windows NT 10.0; Win64; x64) AppleWebKit/537.36 (KHTML, like Gecko) Chrome/112.0.0.0 Safari/537.36",
    "windowWidth" : 1366,
    "windowHeight" : 604,
    "orientationAngle" : 0.0,
    "orientationType" : "landscape-primary"
  },
  "testRunner" : {
    "name" : "axe"
  },
  "url" : "https://dequeuniversity.com/demo/mars",
  "timestamp" : "2023-04-20T14:38:18.688Z",
  "passes" : [ {
    "id" : "aria-allowed-attr",
    "description" : "Ensures ARIA attributes are allowed for an element's role",
    "help" : "Elements must only use allowed ARIA attributes",
    "helpUrl" : "https://dequeuniversity.com/rules/axe/4.6/aria-allowed-attr?application=axeAPI",
    "impact" : "serious",
    "tags" : [ "cat.aria", "wcag2a", "wcag412" ],
    "nodes" : [ {
      "html" : "<input type=\"text\" value=\"\" class=\"city-input ac_input ui-autocomplete-input\" autocomplete=\"off\" id=\"from0\" name=\"from0\" tabindex=\"1\" role=\"textbox\" aria-autocomplete=\"list\" aria-haspopup=\"true\">",
      "target" : [ "#from0" ],
      "impact" : null,
      "any" : [ {
        "id" : "aria-allowed-attr",
        "impact" : "critical",
        "message" : "ARIA attributes are used correctly for the defined role",
        "data" : null,
        "relatedNodes" : [ ]
      } ],
      "all" : [ ],
      "none" : [ {
        "id" : "aria-unsupported-attr",
        "impact" : "critical",
        "message" : "ARIA attribute is supported",
        "data" : null,
        "relatedNodes" : [ ]
      }, {
        "id" : "aria-prohibited-attr",
        "impact" : "serious",
        "message" : "ARIA attribute is allowed",
        "data" : null,
        "relatedNodes" : [ ]
      } ],
      "failureSummary" : null
    }, {
      "html" : "<input type=\"text\" value=\"\" class=\"city-input ac_input ui-autocomplete-input\" autocomplete=\"off\" id=\"to0\" name=\"to0\" tabindex=\"1\" role=\"textbox\" aria-autocomplete=\"list\" aria-haspopup=\"true\">",
      "target" : [ "#to0" ],
      "impact" : null,
      "any" : [ {
        "id" : "aria-allowed-attr",
        "impact" : "critical",
        "message" : "ARIA attributes are used correctly for the defined role",
        "data" : null,
        "relatedNodes" : [ ]
      } ],
      "all" : [ ],
      "none" : [ {
        "id" : "aria-unsupported-attr",
        "impact" : "critical",
        "message" : "ARIA attribute is supported",
        "data" : null,
        "relatedNodes" : [ ]
      }, {
        "id" : "aria-prohibited-attr",
        "impact" : "serious",
        "message" : "ARIA attribute is allowed",
        "data" : null,
        "relatedNodes" : [ ]
      } ],
      "failureSummary" : null
    }, {
      "html" : "<a class=\"ytp-title-channel-logo\" target=\"_blank\" href=\"https://www.youtube.com/channel/UCK7tptUDHh-RYDsdxO1-5QQ?embeds_euri=https%3A%2F%2Fdequeuniversity.com%2F&amp;feature=emb_ch_name_ex\" aria-label=\"Photo image of Wall Street Journal\" style=\"background-image: url(&quot;https://yt3.ggpht.com/ytc/AGIKgqOq4sucy99-dvD6wMq7d5dywZsP63fquQzKyPV4Lo0=s68-c-k-c0x00ffffff-no-rj&quot;);\">",
      "target" : [ "#player", ".ytp-title-channel-logo" ],
      "impact" : null,
      "any" : [ {
        "id" : "aria-allowed-attr",
        "impact" : "critical",
        "message" : "ARIA attributes are used correctly for the defined role",
        "data" : null,
        "relatedNodes" : [ ]
      } ],
      "all" : [ ],
      "none" : [ {
        "id" : "aria-unsupported-attr",
        "impact" : "critical",
        "message" : "ARIA attribute is supported",
        "data" : null,
        "relatedNodes" : [ ]
      }, {
        "id" : "aria-prohibited-attr",
        "impact" : "serious",
        "message" : "ARIA attribute is allowed",
        "data" : null,
        "relatedNodes" : [ ]
      } ],
      "failureSummary" : null
    }, {
      "html" : "<button class=\"ytp-button ytp-overflow-button ytp-overflow-button-visible\" title=\"More\" aria-haspopup=\"true\" aria-owns=\"ytp-id-31\" aria-label=\"More\">",
      "target" : [ "#player", ".ytp-overflow-button" ],
      "impact" : null,
      "any" : [ {
        "id" : "aria-allowed-attr",
        "impact" : "critical",
        "message" : "ARIA attributes are used correctly for the defined role",
        "data" : null,
        "relatedNodes" : [ ]
      } ],
      "all" : [ ],
      "none" : [ {
        "id" : "aria-unsupported-attr",
        "impact" : "critical",
        "message" : "ARIA attribute is supported",
        "data" : null,
        "relatedNodes" : [ ]
      }, {
        "id" : "aria-prohibited-attr",
        "impact" : "serious",
        "message" : "ARIA attribute is allowed",
        "data" : null,
        "relatedNodes" : [ ]
      } ],
      "failureSummary" : null
    }, {
      "html" : "<button class=\"ytp-large-play-button ytp-button ytp-large-play-button-red-bg\" aria-label=\"Play\">",
      "target" : [ "#player", ".ytp-large-play-button" ],
      "impact" : null,
      "any" : [ {
        "id" : "aria-allowed-attr",
        "impact" : "critical",
        "message" : "ARIA attributes are used correctly for the defined role",
        "data" : null,
        "relatedNodes" : [ ]
      } ],
      "all" : [ ],
      "none" : [ {
        "id" : "aria-unsupported-attr",
        "impact" : "critical",
        "message" : "ARIA attribute is supported",
        "data" : null,
        "relatedNodes" : [ ]
      }, {
        "id" : "aria-prohibited-attr",
        "impact" : "serious",
        "message" : "ARIA attribute is allowed",
        "data" : null,
        "relatedNodes" : [ ]
      } ],
      "failureSummary" : null
    }, {
      "html" : "<div class=\"ytp-paid-content-overlay\" aria-live=\"assertive\" aria-atomic=\"true\" data-layer=\"4\"><div class=\"ytp-button ytp-paid-content-overlay-text\" style=\"display: none;\"></div></div>",
      "target" : [ "#player", ".ytp-paid-content-overlay" ],
      "impact" : null,
      "any" : [ {
        "id" : "aria-allowed-attr",
        "impact" : "critical",
        "message" : "ARIA attributes are used correctly for the defined role",
        "data" : null,
        "relatedNodes" : [ ]
      } ],
      "all" : [ ],
      "none" : [ {
        "id" : "aria-unsupported-attr",
        "impact" : "critical",
        "message" : "ARIA attribute is supported",
        "data" : null,
        "relatedNodes" : [ ]
      }, {
        "id" : "aria-prohibited-attr",
        "impact" : "serious",
        "message" : "ARIA attribute is allowed",
        "data" : null,
        "relatedNodes" : [ ]
      } ],
      "failureSummary" : null
    } ],
    "url" : null,
    "createdDate" : null
  }, {
    "id" : "aria-allowed-role",
    "description" : "Ensures role attribute has an appropriate value for the element",
    "help" : "ARIA role should be appropriate for the element",
    "helpUrl" : "https://dequeuniversity.com/rules/axe/4.6/aria-allowed-role?application=axeAPI",
    "impact" : "",
    "tags" : [ "cat.aria", "best-practice" ],
    "nodes" : [ {
      "html" : "<input type=\"text\" value=\"\" class=\"city-input ac_input ui-autocomplete-input\" autocomplete=\"off\" id=\"from0\" name=\"from0\" tabindex=\"1\" role=\"textbox\" aria-autocomplete=\"list\" aria-haspopup=\"true\">",
      "target" : [ "#from0" ],
      "impact" : null,
      "any" : [ {
        "id" : "aria-allowed-role",
        "impact" : "minor",
        "message" : "ARIA role is allowed for given element",
        "data" : null,
        "relatedNodes" : [ ]
      } ],
      "all" : [ ],
      "none" : [ ],
      "failureSummary" : null
    }, {
      "html" : "<input type=\"text\" value=\"\" class=\"city-input ac_input ui-autocomplete-input\" autocomplete=\"off\" id=\"to0\" name=\"to0\" tabindex=\"1\" role=\"textbox\" aria-autocomplete=\"list\" aria-haspopup=\"true\">",
      "target" : [ "#to0" ],
      "impact" : null,
      "any" : [ {
        "id" : "aria-allowed-role",
        "impact" : "minor",
        "message" : "ARIA role is allowed for given element",
        "data" : null,
        "relatedNodes" : [ ]
      } ],
      "all" : [ ],
      "none" : [ ],
      "failureSummary" : null
    }, {
      "html" : "<input id=\"combo_input\" class=\"ui-autocomplete-input ui-widget ui-widget-content ui-corner-left\" autocomplete=\"off\" role=\"textbox\" aria-autocomplete=\"list\" aria-haspopup=\"true\">",
      "target" : [ "#combo_input" ],
      "impact" : null,
      "any" : [ {
        "id" : "aria-allowed-role",
        "impact" : "minor",
        "message" : "ARIA role is allowed for given element",
        "data" : null,
        "relatedNodes" : [ ]
      } ],
      "all" : [ ],
      "none" : [ ],
      "failureSummary" : null
    }, {
      "html" : "<button type=\"button\" tabindex=\"-1\" title=\"Show All Items\" class=\"ui-button ui-widget ui-state-default ui-button-icon-only ui-corner-right ui-button-icon\" role=\"button\" aria-disabled=\"false\">",
      "target" : [ ".ui-button" ],
      "impact" : null,
      "any" : [ {
        "id" : "aria-allowed-role",
        "impact" : "minor",
        "message" : "ARIA role is allowed for given element",
        "data" : null,
        "relatedNodes" : [ ]
      } ],
      "all" : [ ],
      "none" : [ ],
      "failureSummary" : null
    }, {
      "html" : "<div class=\"ytp-bezel\" role=\"status\"><div class=\"ytp-bezel-icon\"></div></div>",
      "target" : [ "#player", ".ytp-bezel" ],
      "impact" : null,
      "any" : [ {
        "id" : "aria-allowed-role",
        "impact" : "minor",
        "message" : "ARIA role is allowed for given element",
        "data" : null,
        "relatedNodes" : [ ]
      } ],
      "all" : [ ],
      "none" : [ ],
      "failureSummary" : null
    }, {
      "html" : "<div class=\"ytp-mdx-popup-dialog\" role=\"dialog\" data-layer=\"4\" style=\"display: none;\">",
      "target" : [ "#player", ".ytp-mdx-popup-dialog" ],
      "impact" : null,
      "any" : [ {
        "id" : "aria-allowed-role",
        "impact" : "minor",
        "message" : "ARIA role is allowed for given element",
        "data" : null,
        "relatedNodes" : [ ]
      } ],
      "all" : [ ],
      "none" : [ ],
      "failureSummary" : null
    }, {
      "html" : "<div class=\"ytp-multicam-menu\" role=\"dialog\" data-layer=\"5\" style=\"display: none;\">",
      "target" : [ "#player", ".ytp-multicam-menu" ],
      "impact" : null,
      "any" : [ {
        "id" : "aria-allowed-role",
        "impact" : "minor",
        "message" : "ARIA role is allowed for given element",
        "data" : null,
        "relatedNodes" : [ ]
      } ],
      "all" : [ ],
      "none" : [ ],
      "failureSummary" : null
    }, {
      "html" : "<div class=\"ytp-playlist-menu\" role=\"dialog\" id=\"ytp-id-24\" data-layer=\"5\" style=\"display: none;\">",
      "target" : [ "#player", "#ytp-id-24" ],
      "impact" : null,
      "any" : [ {
        "id" : "aria-allowed-role",
        "impact" : "minor",
        "message" : "ARIA role is allowed for given element",
        "data" : null,
        "relatedNodes" : [ ]
      } ],
      "all" : [ ],
      "none" : [ ],
      "failureSummary" : null
    }, {
      "html" : "<div class=\"ytp-playlist-menu-items\" role=\"menu\"></div>",
      "target" : [ "#player", ".ytp-playlist-menu-items" ],
      "impact" : null,
      "any" : [ {
        "id" : "aria-allowed-role",
        "impact" : "minor",
        "message" : "ARIA role is allowed for given element",
        "data" : null,
        "relatedNodes" : [ ]
      } ],
      "all" : [ ],
      "none" : [ ],
      "failureSummary" : null
    }, {
      "html" : "<div class=\"ytp-share-panel\" id=\"ytp-id-27\" role=\"dialog\" aria-labelledby=\"ytp-id-26\" data-layer=\"5\" style=\"display: none;\">",
      "target" : [ "#player", "#ytp-id-27" ],
      "impact" : null,
      "any" : [ {
        "id" : "aria-allowed-role",
        "impact" : "minor",
        "message" : "ARIA role is allowed for given element",
        "data" : null,
        "relatedNodes" : [ ]
      } ],
      "all" : [ ],
      "none" : [ ],
      "failureSummary" : null
    }, {
      "html" : "<div class=\"ytp-overflow-panel\" id=\"ytp-id-31\" role=\"dialog\" data-layer=\"5\" style=\"display: none;\">",
      "target" : [ "#player", "#ytp-id-31" ],
      "impact" : null,
      "any" : [ {
        "id" : "aria-allowed-role",
        "impact" : "minor",
        "message" : "ARIA role is allowed for given element",
        "data" : null,
        "relatedNodes" : [ ]
      } ],
      "all" : [ ],
      "none" : [ ],
      "failureSummary" : null
    }, {
      "html" : "<div class=\"ytp-info-panel-detail\" role=\"dialog\" id=\"ytp-id-32\">",
      "target" : [ "#player", "#ytp-id-32" ],
      "impact" : null,
      "any" : [ {
        "id" : "aria-allowed-role",
        "impact" : "minor",
        "message" : "ARIA role is allowed for given element",
        "data" : null,
        "relatedNodes" : [ ]
      } ],
      "all" : [ ],
      "none" : [ ],
      "failureSummary" : null
    }, {
      "html" : "<div class=\"ytp-panel-menu\" role=\"menu\"></div>",
      "target" : [ "#player", ".ytp-panel-menu" ],
      "impact" : null,
      "any" : [ {
        "id" : "aria-allowed-role",
        "impact" : "minor",
        "message" : "ARIA role is allowed for given element",
        "data" : null,
        "relatedNodes" : [ ]
      } ],
      "all" : [ ],
      "none" : [ ],
      "failureSummary" : null
    }, {
      "html" : "<div class=\"ytp-progress-bar\" tabindex=\"0\" role=\"slider\" aria-label=\"Seek slider\" draggable=\"true\" aria-valuemin=\"0\" aria-valuemax=\"0\" aria-valuenow=\"0\" aria-valuetext=\"0 Minutes 0 Seconds of 0 Minutes 0 Seconds\" style=\"touch-action: none;\">",
      "target" : [ "#player", ".ytp-progress-bar" ],
      "impact" : null,
      "any" : [ {
        "id" : "aria-allowed-role",
        "impact" : "minor",
        "message" : "ARIA role is allowed for given element",
        "data" : null,
        "relatedNodes" : [ ]
      } ],
      "all" : [ ],
      "none" : [ ],
      "failureSummary" : null
    }, {
      "html" : "<div class=\"ytp-fine-scrubbing-thumbnails\" tabindex=\"0\" role=\"slider\" type=\"range\" aria-label=\"Click or scroll the panel for the precise seeking.\" draggable=\"true\" style=\"touch-action: none;\"></div>",
      "target" : [ "#player", ".ytp-fine-scrubbing-thumbnails" ],
      "impact" : null,
      "any" : [ {
        "id" : "aria-allowed-role",
        "impact" : "minor",
        "message" : "ARIA role is allowed for given element",
        "data" : null,
        "relatedNodes" : [ ]
      } ],
      "all" : [ ],
      "none" : [ ],
      "failureSummary" : null
    }, {
      "html" : "<div class=\"ytp-fine-scrubbing-play\" title=\"Play from this position\" role=\"button\" aria-label=\"Play from this position\">",
      "target" : [ "#player", ".ytp-fine-scrubbing-play" ],
      "impact" : null,
      "any" : [ {
        "id" : "aria-allowed-role",
        "impact" : "minor",
        "message" : "ARIA role is allowed for given element",
        "data" : null,
        "relatedNodes" : [ ]
      } ],
      "all" : [ ],
      "none" : [ ],
      "failureSummary" : null
    }, {
      "html" : "<div class=\"ytp-fine-scrubbing-dismiss\" title=\"Exit precise seeking\" role=\"button\" aria-label=\"Exit precise seeking\">",
      "target" : [ "#player", ".ytp-fine-scrubbing-dismiss" ],
      "impact" : null,
      "any" : [ {
        "id" : "aria-allowed-role",
        "impact" : "minor",
        "message" : "ARIA role is allowed for given element",
        "data" : null,
        "relatedNodes" : [ ]
      } ],
      "all" : [ ],
      "none" : [ ],
      "failureSummary" : null
    }, {
      "html" : "<a class=\"ytp-prev-button ytp-button\" role=\"button\" aria-disabled=\"true\" style=\"display: none;\">",
      "target" : [ "#player", ".ytp-prev-button" ],
      "impact" : null,
      "any" : [ {
        "id" : "aria-allowed-role",
        "impact" : "minor",
        "message" : "ARIA role is allowed for given element",
        "data" : null,
        "relatedNodes" : [ ]
      } ],
      "all" : [ ],
      "none" : [ ],
      "failureSummary" : null
    }, {
      "html" : "<a class=\"ytp-next-button ytp-button\" role=\"button\" aria-disabled=\"true\" style=\"display: none;\">",
      "target" : [ "#player", ".ytp-next-button" ],
      "impact" : null,
      "any" : [ {
        "id" : "aria-allowed-role",
        "impact" : "minor",
        "message" : "ARIA role is allowed for given element",
        "data" : null,
        "relatedNodes" : [ ]
      } ],
      "all" : [ ],
      "none" : [ ],
      "failureSummary" : null
    }, {
      "html" : "<div class=\"ytp-volume-panel\" title=\"Volume\" role=\"slider\" aria-valuemin=\"0\" aria-valuemax=\"100\" tabindex=\"0\" aria-valuenow=\"100\" aria-valuetext=\"100% volume\" aria-label=\"Volume\">",
      "target" : [ "#player", ".ytp-volume-panel" ],
      "impact" : null,
      "any" : [ {
        "id" : "aria-allowed-role",
        "impact" : "minor",
        "message" : "ARIA role is allowed for given element",
        "data" : null,
        "relatedNodes" : [ ]
      } ],
      "all" : [ ],
      "none" : [ ],
      "failureSummary" : null
    }, {
      "html" : "<ul class=\"ui-autocomplete ui-menu ui-widget ui-widget-content ui-corner-all\" role=\"listbox\" aria-activedescendant=\"ui-active-menuitem\" style=\"z-index: 1; top: 0px; left: 0px; display: none;\">\n</ul>",
      "target" : [ ".ui-autocomplete.ui-menu[role=\"listbox\"]:nth-child(34)" ],
      "impact" : null,
      "any" : [ {
        "id" : "aria-allowed-role",
        "impact" : "minor",
        "message" : "ARIA role is allowed for given element",
        "data" : null,
        "relatedNodes" : [ ]
      } ],
      "all" : [ ],
      "none" : [ ],
      "failureSummary" : null
    }, {
      "html" : "<ul class=\"ui-autocomplete ui-menu ui-widget ui-widget-content ui-corner-all\" role=\"listbox\" aria-activedescendant=\"ui-active-menuitem\" style=\"z-index: 1; top: 0px; left: 0px; display: none;\">\n</ul>",
      "target" : [ ".ui-autocomplete.ui-menu[role=\"listbox\"]:nth-child(35)" ],
      "impact" : null,
      "any" : [ {
        "id" : "aria-allowed-role",
        "impact" : "minor",
        "message" : "ARIA role is allowed for given element",
        "data" : null,
        "relatedNodes" : [ ]
      } ],
      "all" : [ ],
      "none" : [ ],
      "failureSummary" : null
    }, {
      "html" : "<ul class=\"ui-autocomplete ui-menu ui-widget ui-widget-content ui-corner-all\" role=\"listbox\" aria-activedescendant=\"ui-active-menuitem\" style=\"z-index: 1; top: 0px; left: 0px; display: none;\">\n</ul>",
      "target" : [ ".ui-autocomplete.ui-menu[role=\"listbox\"]:nth-child(36)" ],
      "impact" : null,
      "any" : [ {
        "id" : "aria-allowed-role",
        "impact" : "minor",
        "message" : "ARIA role is allowed for given element",
        "data" : null,
        "relatedNodes" : [ ]
      } ],
      "all" : [ ],
      "none" : [ ],
      "failureSummary" : null
    }, {
      "html" : "<ul class=\"ui-autocomplete ui-menu ui-widget ui-widget-content ui-corner-all\" role=\"listbox\" aria-activedescendant=\"ui-active-menuitem\" style=\"z-index: 1; top: 0px; left: 0px; display: none;\"></ul>",
      "target" : [ ".ui-autocomplete.ui-menu[role=\"listbox\"]:nth-child(39)" ],
      "impact" : null,
      "any" : [ {
        "id" : "aria-allowed-role",
        "impact" : "minor",
        "message" : "ARIA role is allowed for given element",
        "data" : null,
        "relatedNodes" : [ ]
      } ],
      "all" : [ ],
      "none" : [ ],
      "failureSummary" : null
    }, {
      "html" : "<ul class=\"ui-autocomplete ui-menu ui-widget ui-widget-content ui-corner-all\" role=\"listbox\" aria-activedescendant=\"ui-active-menuitem\" style=\"z-index: 1; top: 0px; left: 0px; display: none;\"></ul>",
      "target" : [ ".ui-autocomplete.ui-menu[role=\"listbox\"]:nth-child(40)" ],
      "impact" : null,
      "any" : [ {
        "id" : "aria-allowed-role",
        "impact" : "minor",
        "message" : "ARIA role is allowed for given element",
        "data" : null,
        "relatedNodes" : [ ]
      } ],
      "all" : [ ],
      "none" : [ ],
      "failureSummary" : null
    } ],
    "url" : null,
    "createdDate" : null
  }, {
    "id" : "aria-hidden-body",
    "description" : "Ensures aria-hidden='true' is not present on the document body.",
    "help" : "aria-hidden='true' must not be present on the document body",
    "helpUrl" : "https://dequeuniversity.com/rules/axe/4.6/aria-hidden-body?application=axeAPI",
    "impact" : "",
    "tags" : [ "cat.aria", "wcag2a", "wcag412" ],
    "nodes" : [ {
      "html" : "<body class=\"public-en\" data-twttr-rendered=\"true\">",
      "target" : [ "body" ],
      "impact" : null,
      "any" : [ {
        "id" : "aria-hidden-body",
        "impact" : "critical",
        "message" : "No aria-hidden attribute is present on document body",
        "data" : null,
        "relatedNodes" : [ ]
      } ],
      "all" : [ ],
      "none" : [ ],
      "failureSummary" : null
    } ],
    "url" : null,
    "createdDate" : null
  }, {
    "id" : "aria-hidden-focus",
    "description" : "Ensures aria-hidden elements are not focusable nor contain focusable elements",
    "help" : "ARIA hidden element must not be focusable or contain focusable elements",
    "helpUrl" : "https://dequeuniversity.com/rules/axe/4.6/aria-hidden-focus?application=axeAPI",
    "impact" : "",
    "tags" : [ "cat.name-role-value", "wcag2a", "wcag412" ],
    "nodes" : [ {
      "html" : "<iframe name=\"fb_xdm_frame_http\" frameborder=\"0\" allowtransparency=\"true\" scrolling=\"no\" id=\"fb_xdm_frame_http\" aria-hidden=\"true\" title=\"Facebook Cross Domain Communication Frame\" tab-index=\"-1\" style=\"border: none;\" src=\"/assets/demo-sites/mars/js/xd_arbiter.html\"></iframe>",
      "target" : [ "#fb_xdm_frame_http" ],
      "impact" : null,
      "any" : [ ],
      "all" : [ {
        "id" : "focusable-modal-open",
        "impact" : "serious",
        "message" : "No focusable elements while a modal is open",
        "data" : null,
        "relatedNodes" : [ ]
      }, {
        "id" : "focusable-disabled",
        "impact" : "serious",
        "message" : "No focusable elements contained within element",
        "data" : null,
        "relatedNodes" : [ ]
      }, {
        "id" : "focusable-not-tabbable",
        "impact" : "serious",
        "message" : "No focusable elements contained within element",
        "data" : null,
        "relatedNodes" : [ ]
      } ],
      "none" : [ ],
      "failureSummary" : null
    }, {
      "html" : "<iframe name=\"fb_xdm_frame_https\" frameborder=\"0\" allowtransparency=\"true\" scrolling=\"no\" id=\"fb_xdm_frame_https\" aria-hidden=\"true\" title=\"Facebook Cross Domain Communication Frame\" tab-index=\"-1\" style=\"border: none;\" src=\"/assets/demo-sites/mars/js/xd_arbiter(1).html\"></iframe>",
      "target" : [ "#fb_xdm_frame_https" ],
      "impact" : null,
      "any" : [ ],
      "all" : [ {
        "id" : "focusable-modal-open",
        "impact" : "serious",
        "message" : "No focusable elements while a modal is open",
        "data" : null,
        "relatedNodes" : [ ]
      }, {
        "id" : "focusable-disabled",
        "impact" : "serious",
        "message" : "No focusable elements contained within element",
        "data" : null,
        "relatedNodes" : [ ]
      }, {
        "id" : "focusable-not-tabbable",
        "impact" : "serious",
        "message" : "No focusable elements contained within element",
        "data" : null,
        "relatedNodes" : [ ]
      } ],
      "none" : [ ],
      "failureSummary" : null
    }, {
      "html" : "<div class=\"ytp-title-expanded-overlay\" aria-hidden=\"true\">",
      "target" : [ "#player", ".ytp-title-expanded-overlay" ],
      "impact" : null,
      "any" : [ ],
      "all" : [ {
        "id" : "focusable-modal-open",
        "impact" : "serious",
        "message" : "No focusable elements while a modal is open",
        "data" : null,
        "relatedNodes" : [ ]
      }, {
        "id" : "focusable-disabled",
        "impact" : "serious",
        "message" : "No focusable elements contained within element",
        "data" : null,
        "relatedNodes" : [ ]
      }, {
        "id" : "focusable-not-tabbable",
        "impact" : "serious",
        "message" : "No focusable elements contained within element",
        "data" : null,
        "relatedNodes" : [ ]
      } ],
      "none" : [ ],
      "failureSummary" : null
    }, {
      "html" : "<div class=\"ytp-copylink-title\" aria-hidden=\"true\">Copy link</div>",
      "target" : [ "#player", ".ytp-copylink-title" ],
      "impact" : null,
      "any" : [ ],
      "all" : [ {
        "id" : "focusable-modal-open",
        "impact" : "serious",
        "message" : "No focusable elements while a modal is open",
        "data" : null,
        "relatedNodes" : [ ]
      }, {
        "id" : "focusable-disabled",
        "impact" : "serious",
        "message" : "No focusable elements contained within element",
        "data" : null,
        "relatedNodes" : [ ]
      }, {
        "id" : "focusable-not-tabbable",
        "impact" : "serious",
        "message" : "No focusable elements contained within element",
        "data" : null,
        "relatedNodes" : [ ]
      } ],
      "none" : [ ],
      "failureSummary" : null
    }, {
      "html" : "<div class=\"ytp-impression-link-content\" aria-hidden=\"true\">",
      "target" : [ "#player", ".ytp-impression-link-content" ],
      "impact" : null,
      "any" : [ ],
      "all" : [ {
        "id" : "focusable-modal-open",
        "impact" : "serious",
        "message" : "No focusable elements while a modal is open",
        "data" : null,
        "relatedNodes" : [ ]
      }, {
        "id" : "focusable-disabled",
        "impact" : "serious",
        "message" : "No focusable elements contained within element",
        "data" : null,
        "relatedNodes" : [ ]
      }, {
        "id" : "focusable-not-tabbable",
        "impact" : "serious",
        "message" : "No focusable elements contained within element",
        "data" : null,
        "relatedNodes" : [ ]
      } ],
      "none" : [ ],
      "failureSummary" : null
    }, {
      "html" : "<div class=\"ytp-fine-scrubbing-cursor\" aria-hidden=\"true\"></div>",
      "target" : [ "#player", ".ytp-fine-scrubbing-cursor" ],
      "impact" : null,
      "any" : [ ],
      "all" : [ {
        "id" : "focusable-modal-open",
        "impact" : "serious",
        "message" : "No focusable elements while a modal is open",
        "data" : null,
        "relatedNodes" : [ ]
      }, {
        "id" : "focusable-disabled",
        "impact" : "serious",
        "message" : "No focusable elements contained within element",
        "data" : null,
        "relatedNodes" : [ ]
      }, {
        "id" : "focusable-not-tabbable",
        "impact" : "serious",
        "message" : "No focusable elements contained within element",
        "data" : null,
        "relatedNodes" : [ ]
      } ],
      "none" : [ ],
      "failureSummary" : null
    }, {
      "html" : "<div class=\"ytp-fine-scrubbing-seek-time\" aria-hidden=\"true\">0:00</div>",
      "target" : [ "#player", ".ytp-fine-scrubbing-seek-time" ],
      "impact" : null,
      "any" : [ ],
      "all" : [ {
        "id" : "focusable-modal-open",
        "impact" : "serious",
        "message" : "No focusable elements while a modal is open",
        "data" : null,
        "relatedNodes" : [ ]
      }, {
        "id" : "focusable-disabled",
        "impact" : "serious",
        "message" : "No focusable elements contained within element",
        "data" : null,
        "relatedNodes" : [ ]
      }, {
        "id" : "focusable-not-tabbable",
        "impact" : "serious",
        "message" : "No focusable elements contained within element",
        "data" : null,
        "relatedNodes" : [ ]
      } ],
      "none" : [ ],
      "failureSummary" : null
    }, {
      "html" : "<span class=\"ytp-chapter-title-prefix\" aria-hidden=\"true\">•</span>",
      "target" : [ "#player", ".ytp-chapter-title-prefix" ],
      "impact" : null,
      "any" : [ ],
      "all" : [ {
        "id" : "focusable-modal-open",
        "impact" : "serious",
        "message" : "No focusable elements while a modal is open",
        "data" : null,
        "relatedNodes" : [ ]
      }, {
        "id" : "focusable-disabled",
        "impact" : "serious",
        "message" : "No focusable elements contained within element",
        "data" : null,
        "relatedNodes" : [ ]
      }, {
        "id" : "focusable-not-tabbable",
        "impact" : "serious",
        "message" : "No focusable elements contained within element",
        "data" : null,
        "relatedNodes" : [ ]
      } ],
      "none" : [ ],
      "failureSummary" : null
    }, {
      "html" : "<svg height=\"100%\" version=\"1.1\" viewBox=\"0 0 67 36\" width=\"100%\" aria-hidden=\"true\">",
      "target" : [ "#player", "svg[viewBox=\"0 0 67 36\"]" ],
      "impact" : null,
      "any" : [ ],
      "all" : [ {
        "id" : "focusable-modal-open",
        "impact" : "serious",
        "message" : "No focusable elements while a modal is open",
        "data" : null,
        "relatedNodes" : [ ]
      }, {
        "id" : "focusable-disabled",
        "impact" : "serious",
        "message" : "No focusable elements contained within element",
        "data" : null,
        "relatedNodes" : [ ]
      }, {
        "id" : "focusable-not-tabbable",
        "impact" : "serious",
        "message" : "No focusable elements contained within element",
        "data" : null,
        "relatedNodes" : [ ]
      } ],
      "none" : [ ],
      "failureSummary" : null
    }, {
      "html" : "<a class=\"_8o _8r lfloat\" href=\"mars2.html\" tabindex=\"-1\" aria-hidden=\"true\" target=\"_blank\">\n\n<img class=\"_s0 _rw img\" src=\"../images/fb-mars-icon.gif\" alt=\"\"></a>",
      "target" : [ "#fafbba78", "._8o" ],
      "impact" : null,
      "any" : [ ],
      "all" : [ {
        "id" : "focusable-modal-open",
        "impact" : "serious",
        "message" : "No focusable elements while a modal is open",
        "data" : null,
        "relatedNodes" : [ ]
      }, {
        "id" : "focusable-disabled",
        "impact" : "serious",
        "message" : "No focusable elements contained within element",
        "data" : null,
        "relatedNodes" : [ ]
      }, {
        "id" : "focusable-not-tabbable",
        "impact" : "serious",
        "message" : "No focusable elements contained within element",
        "data" : null,
        "relatedNodes" : [ ]
      } ],
      "none" : [ ],
      "failureSummary" : null
    } ],
    "url" : null,
    "createdDate" : null
  }, {
    "id" : "aria-required-attr",
    "description" : "Ensures elements with ARIA roles have all required ARIA attributes",
    "help" : "Required ARIA attributes must be provided",
    "helpUrl" : "https://dequeuniversity.com/rules/axe/4.6/aria-required-attr?application=axeAPI",
    "impact" : "",
    "tags" : [ "cat.aria", "wcag2a", "wcag412" ],
    "nodes" : [ {
      "html" : "<input type=\"text\" value=\"\" class=\"city-input ac_input ui-autocomplete-input\" autocomplete=\"off\" id=\"from0\" name=\"from0\" tabindex=\"1\" role=\"textbox\" aria-autocomplete=\"list\" aria-haspopup=\"true\">",
      "target" : [ "#from0" ],
      "impact" : null,
      "any" : [ {
        "id" : "aria-required-attr",
        "impact" : "critical",
        "message" : "All required ARIA attributes are present",
        "data" : null,
        "relatedNodes" : [ ]
      } ],
      "all" : [ ],
      "none" : [ ],
      "failureSummary" : null
    }, {
      "html" : "<input type=\"text\" value=\"\" class=\"city-input ac_input ui-autocomplete-input\" autocomplete=\"off\" id=\"to0\" name=\"to0\" tabindex=\"1\" role=\"textbox\" aria-autocomplete=\"list\" aria-haspopup=\"true\">",
      "target" : [ "#to0" ],
      "impact" : null,
      "any" : [ {
        "id" : "aria-required-attr",
        "impact" : "critical",
        "message" : "All required ARIA attributes are present",
        "data" : null,
        "relatedNodes" : [ ]
      } ],
      "all" : [ ],
      "none" : [ ],
      "failureSummary" : null
    } ],
    "url" : null,
    "createdDate" : null
  }, {
    "id" : "aria-roles",
    "description" : "Ensures all elements with a role attribute use a valid value",
    "help" : "ARIA roles used must conform to valid values",
    "helpUrl" : "https://dequeuniversity.com/rules/axe/4.6/aria-roles?application=axeAPI",
    "impact" : "",
    "tags" : [ "cat.aria", "wcag2a", "wcag412" ],
    "nodes" : [ {
      "html" : "<input type=\"text\" value=\"\" class=\"city-input ac_input ui-autocomplete-input\" autocomplete=\"off\" id=\"from0\" name=\"from0\" tabindex=\"1\" role=\"textbox\" aria-autocomplete=\"list\" aria-haspopup=\"true\">",
      "target" : [ "#from0" ],
      "impact" : null,
      "any" : [ ],
      "all" : [ ],
      "none" : [ {
        "id" : "invalidrole",
        "impact" : "critical",
        "message" : "ARIA role is valid",
        "data" : null,
        "relatedNodes" : [ ]
      }, {
        "id" : "abstractrole",
        "impact" : "serious",
        "message" : "Abstract roles are not used",
        "data" : null,
        "relatedNodes" : [ ]
      }, {
        "id" : "unsupportedrole",
        "impact" : "critical",
        "message" : "ARIA role is supported",
        "data" : null,
        "relatedNodes" : [ ]
      }, {
        "id" : "deprecatedrole",
        "impact" : "minor",
        "message" : "ARIA role is not deprecated",
        "data" : null,
        "relatedNodes" : [ ]
      } ],
      "failureSummary" : null
    }, {
      "html" : "<input type=\"text\" value=\"\" class=\"city-input ac_input ui-autocomplete-input\" autocomplete=\"off\" id=\"to0\" name=\"to0\" tabindex=\"1\" role=\"textbox\" aria-autocomplete=\"list\" aria-haspopup=\"true\">",
      "target" : [ "#to0" ],
      "impact" : null,
      "any" : [ ],
      "all" : [ ],
      "none" : [ {
        "id" : "invalidrole",
        "impact" : "critical",
        "message" : "ARIA role is valid",
        "data" : null,
        "relatedNodes" : [ ]
      }, {
        "id" : "abstractrole",
        "impact" : "serious",
        "message" : "Abstract roles are not used",
        "data" : null,
        "relatedNodes" : [ ]
      }, {
        "id" : "unsupportedrole",
        "impact" : "critical",
        "message" : "ARIA role is supported",
        "data" : null,
        "relatedNodes" : [ ]
      }, {
        "id" : "deprecatedrole",
        "impact" : "minor",
        "message" : "ARIA role is not deprecated",
        "data" : null,
        "relatedNodes" : [ ]
      } ],
      "failureSummary" : null
    } ],
    "url" : null,
    "createdDate" : null
  }, {
    "id" : "aria-valid-attr-value",
    "description" : "Ensures all ARIA attributes have valid values",
    "help" : "ARIA attributes must conform to valid values",
    "helpUrl" : "https://dequeuniversity.com/rules/axe/4.6/aria-valid-attr-value?application=axeAPI",
    "impact" : "",
    "tags" : [ "cat.aria", "wcag2a", "wcag412" ],
    "nodes" : [ {
      "html" : "<input type=\"text\" value=\"\" class=\"city-input ac_input ui-autocomplete-input\" autocomplete=\"off\" id=\"from0\" name=\"from0\" tabindex=\"1\" role=\"textbox\" aria-autocomplete=\"list\" aria-haspopup=\"true\">",
      "target" : [ "#from0" ],
      "impact" : null,
      "any" : [ ],
      "all" : [ {
        "id" : "aria-valid-attr-value",
        "impact" : "critical",
        "message" : "ARIA attribute values are valid",
        "data" : null,
        "relatedNodes" : [ ]
      }, {
        "id" : "aria-errormessage",
        "impact" : "critical",
        "message" : "aria-errormessage exists and references elements visible to screen readers that use a supported aria-errormessage technique",
        "data" : null,
        "relatedNodes" : [ ]
      }, {
        "id" : "aria-level",
        "impact" : "serious",
        "message" : "aria-level values are valid",
        "data" : null,
        "relatedNodes" : [ ]
      } ],
      "none" : [ ],
      "failureSummary" : null
    }, {
      "html" : "<input type=\"text\" value=\"\" class=\"city-input ac_input ui-autocomplete-input\" autocomplete=\"off\" id=\"to0\" name=\"to0\" tabindex=\"1\" role=\"textbox\" aria-autocomplete=\"list\" aria-haspopup=\"true\">",
      "target" : [ "#to0" ],
      "impact" : null,
      "any" : [ ],
      "all" : [ {
        "id" : "aria-valid-attr-value",
        "impact" : "critical",
        "message" : "ARIA attribute values are valid",
        "data" : null,
        "relatedNodes" : [ ]
      }, {
        "id" : "aria-errormessage",
        "impact" : "critical",
        "message" : "aria-errormessage exists and references elements visible to screen readers that use a supported aria-errormessage technique",
        "data" : null,
        "relatedNodes" : [ ]
      }, {
        "id" : "aria-level",
        "impact" : "serious",
        "message" : "aria-level values are valid",
        "data" : null,
        "relatedNodes" : [ ]
      } ],
      "none" : [ ],
      "failureSummary" : null
    }, {
      "html" : "<div class=\"html5-video-player ytp-exp-bottom-control-flexbox ytp-title-enable-channel-logo ytp-fine-scrubbing-exp ytp-embed ytp-embed-playlist unstarted-mode ytp-hide-controls ytp-small-mode\" tabindex=\"-1\" id=\"movie_player\" data-version=\"/s/player/6f20102c/player_ias.vflset/en_US/base.js\" aria-label=\"YouTube Video Player\">",
      "target" : [ "#player", "#movie_player" ],
      "impact" : null,
      "any" : [ ],
      "all" : [ {
        "id" : "aria-valid-attr-value",
        "impact" : "critical",
        "message" : "ARIA attribute values are valid",
        "data" : null,
        "relatedNodes" : [ ]
      }, {
        "id" : "aria-errormessage",
        "impact" : "critical",
        "message" : "aria-errormessage exists and references elements visible to screen readers that use a supported aria-errormessage technique",
        "data" : null,
        "relatedNodes" : [ ]
      }, {
        "id" : "aria-level",
        "impact" : "serious",
        "message" : "aria-level values are valid",
        "data" : null,
        "relatedNodes" : [ ]
      } ],
      "none" : [ ],
      "failureSummary" : null
    }, {
      "html" : "<a class=\"ytp-title-channel-logo\" target=\"_blank\" href=\"https://www.youtube.com/channel/UCK7tptUDHh-RYDsdxO1-5QQ?embeds_euri=https%3A%2F%2Fdequeuniversity.com%2F&amp;feature=emb_ch_name_ex\" aria-label=\"Photo image of Wall Street Journal\" style=\"background-image: url(&quot;https://yt3.ggpht.com/ytc/AGIKgqOq4sucy99-dvD6wMq7d5dywZsP63fquQzKyPV4Lo0=s68-c-k-c0x00ffffff-no-rj&quot;);\">",
      "target" : [ "#player", ".ytp-title-channel-logo" ],
      "impact" : null,
      "any" : [ ],
      "all" : [ {
        "id" : "aria-valid-attr-value",
        "impact" : "critical",
        "message" : "ARIA attribute values are valid",
        "data" : null,
        "relatedNodes" : [ ]
      }, {
        "id" : "aria-errormessage",
        "impact" : "critical",
        "message" : "aria-errormessage exists and references elements visible to screen readers that use a supported aria-errormessage technique",
        "data" : null,
        "relatedNodes" : [ ]
      }, {
        "id" : "aria-level",
        "impact" : "serious",
        "message" : "aria-level values are valid",
        "data" : null,
        "relatedNodes" : [ ]
      } ],
      "none" : [ ],
      "failureSummary" : null
    }, {
      "html" : "<button class=\"ytp-button ytp-overflow-button ytp-overflow-button-visible\" title=\"More\" aria-haspopup=\"true\" aria-owns=\"ytp-id-31\" aria-label=\"More\">",
      "target" : [ "#player", ".ytp-overflow-button" ],
      "impact" : null,
      "any" : [ ],
      "all" : [ {
        "id" : "aria-valid-attr-value",
        "impact" : "critical",
        "message" : "ARIA attribute values are valid",
        "data" : null,
        "relatedNodes" : [ ]
      }, {
        "id" : "aria-errormessage",
        "impact" : "critical",
        "message" : "aria-errormessage exists and references elements visible to screen readers that use a supported aria-errormessage technique",
        "data" : null,
        "relatedNodes" : [ ]
      }, {
        "id" : "aria-level",
        "impact" : "serious",
        "message" : "aria-level values are valid",
        "data" : null,
        "relatedNodes" : [ ]
      } ],
      "none" : [ ],
      "failureSummary" : null
    }, {
      "html" : "<button class=\"ytp-large-play-button ytp-button ytp-large-play-button-red-bg\" aria-label=\"Play\">",
      "target" : [ "#player", ".ytp-large-play-button" ],
      "impact" : null,
      "any" : [ ],
      "all" : [ {
        "id" : "aria-valid-attr-value",
        "impact" : "critical",
        "message" : "ARIA attribute values are valid",
        "data" : null,
        "relatedNodes" : [ ]
      }, {
        "id" : "aria-errormessage",
        "impact" : "critical",
        "message" : "aria-errormessage exists and references elements visible to screen readers that use a supported aria-errormessage technique",
        "data" : null,
        "relatedNodes" : [ ]
      }, {
        "id" : "aria-level",
        "impact" : "serious",
        "message" : "aria-level values are valid",
        "data" : null,
        "relatedNodes" : [ ]
      } ],
      "none" : [ ],
      "failureSummary" : null
    }, {
      "html" : "<div class=\"ytp-paid-content-overlay\" aria-live=\"assertive\" aria-atomic=\"true\" data-layer=\"4\"><div class=\"ytp-button ytp-paid-content-overlay-text\" style=\"display: none;\"></div></div>",
      "target" : [ "#player", ".ytp-paid-content-overlay" ],
      "impact" : null,
      "any" : [ ],
      "all" : [ {
        "id" : "aria-valid-attr-value",
        "impact" : "critical",
        "message" : "ARIA attribute values are valid",
        "data" : null,
        "relatedNodes" : [ ]
      }, {
        "id" : "aria-errormessage",
        "impact" : "critical",
        "message" : "aria-errormessage exists and references elements visible to screen readers that use a supported aria-errormessage technique",
        "data" : null,
        "relatedNodes" : [ ]
      }, {
        "id" : "aria-level",
        "impact" : "serious",
        "message" : "aria-level values are valid",
        "data" : null,
        "relatedNodes" : [ ]
      } ],
      "none" : [ ],
      "failureSummary" : null
    } ],
    "url" : null,
    "createdDate" : null
  }, {
    "id" : "aria-valid-attr",
    "description" : "Ensures attributes that begin with aria- are valid ARIA attributes",
    "help" : "ARIA attributes must conform to valid names",
    "helpUrl" : "https://dequeuniversity.com/rules/axe/4.6/aria-valid-attr?application=axeAPI",
    "impact" : "",
    "tags" : [ "cat.aria", "wcag2a", "wcag412" ],
    "nodes" : [ {
      "html" : "<input type=\"text\" value=\"\" class=\"city-input ac_input ui-autocomplete-input\" autocomplete=\"off\" id=\"from0\" name=\"from0\" tabindex=\"1\" role=\"textbox\" aria-autocomplete=\"list\" aria-haspopup=\"true\">",
      "target" : [ "#from0" ],
      "impact" : null,
      "any" : [ {
        "id" : "aria-valid-attr",
        "impact" : "critical",
        "message" : "ARIA attribute name is valid",
        "data" : null,
        "relatedNodes" : [ ]
      } ],
      "all" : [ ],
      "none" : [ ],
      "failureSummary" : null
    }, {
      "html" : "<input type=\"text\" value=\"\" class=\"city-input ac_input ui-autocomplete-input\" autocomplete=\"off\" id=\"to0\" name=\"to0\" tabindex=\"1\" role=\"textbox\" aria-autocomplete=\"list\" aria-haspopup=\"true\">",
      "target" : [ "#to0" ],
      "impact" : null,
      "any" : [ {
        "id" : "aria-valid-attr",
        "impact" : "critical",
        "message" : "ARIA attribute name is valid",
        "data" : null,
        "relatedNodes" : [ ]
      } ],
      "all" : [ ],
      "none" : [ ],
      "failureSummary" : null
    }, {
      "html" : "<div class=\"html5-video-player ytp-exp-bottom-control-flexbox ytp-title-enable-channel-logo ytp-fine-scrubbing-exp ytp-embed ytp-embed-playlist unstarted-mode ytp-hide-controls ytp-small-mode\" tabindex=\"-1\" id=\"movie_player\" data-version=\"/s/player/6f20102c/player_ias.vflset/en_US/base.js\" aria-label=\"YouTube Video Player\">",
      "target" : [ "#player", "#movie_player" ],
      "impact" : null,
      "any" : [ {
        "id" : "aria-valid-attr",
        "impact" : "critical",
        "message" : "ARIA attribute name is valid",
        "data" : null,
        "relatedNodes" : [ ]
      } ],
      "all" : [ ],
      "none" : [ ],
      "failureSummary" : null
    }, {
      "html" : "<a class=\"ytp-title-channel-logo\" target=\"_blank\" href=\"https://www.youtube.com/channel/UCK7tptUDHh-RYDsdxO1-5QQ?embeds_euri=https%3A%2F%2Fdequeuniversity.com%2F&amp;feature=emb_ch_name_ex\" aria-label=\"Photo image of Wall Street Journal\" style=\"background-image: url(&quot;https://yt3.ggpht.com/ytc/AGIKgqOq4sucy99-dvD6wMq7d5dywZsP63fquQzKyPV4Lo0=s68-c-k-c0x00ffffff-no-rj&quot;);\">",
      "target" : [ "#player", ".ytp-title-channel-logo" ],
      "impact" : null,
      "any" : [ {
        "id" : "aria-valid-attr",
        "impact" : "critical",
        "message" : "ARIA attribute name is valid",
        "data" : null,
        "relatedNodes" : [ ]
      } ],
      "all" : [ ],
      "none" : [ ],
      "failureSummary" : null
    }, {
      "html" : "<button class=\"ytp-button ytp-overflow-button ytp-overflow-button-visible\" title=\"More\" aria-haspopup=\"true\" aria-owns=\"ytp-id-31\" aria-label=\"More\">",
      "target" : [ "#player", ".ytp-overflow-button" ],
      "impact" : null,
      "any" : [ {
        "id" : "aria-valid-attr",
        "impact" : "critical",
        "message" : "ARIA attribute name is valid",
        "data" : null,
        "relatedNodes" : [ ]
      } ],
      "all" : [ ],
      "none" : [ ],
      "failureSummary" : null
    }, {
      "html" : "<button class=\"ytp-large-play-button ytp-button ytp-large-play-button-red-bg\" aria-label=\"Play\">",
      "target" : [ "#player", ".ytp-large-play-button" ],
      "impact" : null,
      "any" : [ {
        "id" : "aria-valid-attr",
        "impact" : "critical",
        "message" : "ARIA attribute name is valid",
        "data" : null,
        "relatedNodes" : [ ]
      } ],
      "all" : [ ],
      "none" : [ ],
      "failureSummary" : null
    }, {
      "html" : "<div class=\"ytp-paid-content-overlay\" aria-live=\"assertive\" aria-atomic=\"true\" data-layer=\"4\"><div class=\"ytp-button ytp-paid-content-overlay-text\" style=\"display: none;\"></div></div>",
      "target" : [ "#player", ".ytp-paid-content-overlay" ],
      "impact" : null,
      "any" : [ {
        "id" : "aria-valid-attr",
        "impact" : "critical",
        "message" : "ARIA attribute name is valid",
        "data" : null,
        "relatedNodes" : [ ]
      } ],
      "all" : [ ],
      "none" : [ ],
      "failureSummary" : null
    } ],
    "url" : null,
    "createdDate" : null
  }, {
    "id" : "autocomplete-valid",
    "description" : "Ensure the autocomplete attribute is correct and suitable for the form field",
    "help" : "autocomplete attribute must be used correctly",
    "helpUrl" : "https://dequeuniversity.com/rules/axe/4.6/autocomplete-valid?application=axeAPI",
    "impact" : "",
    "tags" : [ "cat.forms", "wcag21aa", "wcag135", "ACT" ],
    "nodes" : [ {
      "html" : "<input type=\"text\" value=\"\" class=\"city-input ac_input ui-autocomplete-input\" autocomplete=\"off\" id=\"from0\" name=\"from0\" tabindex=\"1\" role=\"textbox\" aria-autocomplete=\"list\" aria-haspopup=\"true\">",
      "target" : [ "#from0" ],
      "impact" : null,
      "any" : [ ],
      "all" : [ {
        "id" : "autocomplete-valid",
        "impact" : "serious",
        "message" : "the autocomplete attribute is correctly formatted",
        "data" : null,
        "relatedNodes" : [ ]
      } ],
      "none" : [ ],
      "failureSummary" : null
    }, {
      "html" : "<input type=\"text\" value=\"\" class=\"city-input ac_input ui-autocomplete-input\" autocomplete=\"off\" id=\"to0\" name=\"to0\" tabindex=\"1\" role=\"textbox\" aria-autocomplete=\"list\" aria-haspopup=\"true\">",
      "target" : [ "#to0" ],
      "impact" : null,
      "any" : [ ],
      "all" : [ {
        "id" : "autocomplete-valid",
        "impact" : "serious",
        "message" : "the autocomplete attribute is correctly formatted",
        "data" : null,
        "relatedNodes" : [ ]
      } ],
      "none" : [ ],
      "failureSummary" : null
    } ],
    "url" : null,
    "createdDate" : null
  }, {
    "id" : "avoid-inline-spacing",
    "description" : "Ensure that text spacing set through style attributes can be adjusted with custom stylesheets",
    "help" : "Inline text spacing must be adjustable with custom stylesheets",
    "helpUrl" : "https://dequeuniversity.com/rules/axe/4.6/avoid-inline-spacing?application=axeAPI",
    "impact" : "",
    "tags" : [ "cat.structure", "wcag21aa", "wcag1412", "ACT" ],
    "nodes" : [ {
      "html" : "<div style=\"width: 1px; height: 1px; display: inline;\">",
      "target" : [ "body > div:nth-child(1)" ],
      "impact" : null,
      "any" : [ ],
      "all" : [ {
        "id" : "important-letter-spacing",
        "impact" : "serious",
        "message" : "Letter-spacing in the style attribute is not set to !important, or meets the minimum",
        "data" : null,
        "relatedNodes" : [ ]
      }, {
        "id" : "important-word-spacing",
        "impact" : "serious",
        "message" : "word-spacing in the style attribute is not set to !important, or meets the minimum",
        "data" : null,
        "relatedNodes" : [ ]
      }, {
        "id" : "important-line-height",
        "impact" : "serious",
        "message" : "line-height in the style attribute is not set to !important, or meets the minimum",
        "data" : null,
        "relatedNodes" : [ ]
      } ],
      "none" : [ ],
      "failureSummary" : null
    }, {
      "html" : "<img height=\"1\" width=\"1\" style=\"border-style:none;\" alt=\"\" src=\"/assets/demo-sites/mars/js/out\">",
      "target" : [ "div:nth-child(1) > img[src$=\"out\"][alt=\"\"][height=\"1\"]" ],
      "impact" : null,
      "any" : [ ],
      "all" : [ {
        "id" : "important-letter-spacing",
        "impact" : "serious",
        "message" : "Letter-spacing in the style attribute is not set to !important, or meets the minimum",
        "data" : null,
        "relatedNodes" : [ ]
      }, {
        "id" : "important-word-spacing",
        "impact" : "serious",
        "message" : "word-spacing in the style attribute is not set to !important, or meets the minimum",
        "data" : null,
        "relatedNodes" : [ ]
      }, {
        "id" : "important-line-height",
        "impact" : "serious",
        "message" : "line-height in the style attribute is not set to !important, or meets the minimum",
        "data" : null,
        "relatedNodes" : [ ]
      } ],
      "none" : [ ],
      "failureSummary" : null
    }, {
      "html" : "<img height=\"1\" width=\"1\" style=\"border-style:none;\" alt=\"\" src=\"/assets/demo-sites/mars/js/saved_resource\">",
      "target" : [ "div:nth-child(1) > img[alt=\"\"][height=\"1\"][width=\"1\"]:nth-child(2)" ],
      "impact" : null,
      "any" : [ ],
      "all" : [ {
        "id" : "important-letter-spacing",
        "impact" : "serious",
        "message" : "Letter-spacing in the style attribute is not set to !important, or meets the minimum",
        "data" : null,
        "relatedNodes" : [ ]
      }, {
        "id" : "important-word-spacing",
        "impact" : "serious",
        "message" : "word-spacing in the style attribute is not set to !important, or meets the minimum",
        "data" : null,
        "relatedNodes" : [ ]
      }, {
        "id" : "important-line-height",
        "impact" : "serious",
        "message" : "line-height in the style attribute is not set to !important, or meets the minimum",
        "data" : null,
        "relatedNodes" : [ ]
      } ],
      "none" : [ ],
      "failureSummary" : null
    }, {
      "html" : "<div class=\"loginnow\" style=\"display: inline;\">",
      "target" : [ ".loginnow" ],
      "impact" : null,
      "any" : [ ],
      "all" : [ {
        "id" : "important-letter-spacing",
        "impact" : "serious",
        "message" : "Letter-spacing in the style attribute is not set to !important, or meets the minimum",
        "data" : null,
        "relatedNodes" : [ ]
      }, {
        "id" : "important-word-spacing",
        "impact" : "serious",
        "message" : "word-spacing in the style attribute is not set to !important, or meets the minimum",
        "data" : null,
        "relatedNodes" : [ ]
      }, {
        "id" : "important-line-height",
        "impact" : "serious",
        "message" : "line-height in the style attribute is not set to !important, or meets the minimum",
        "data" : null,
        "relatedNodes" : [ ]
      } ],
      "none" : [ ],
      "failureSummary" : null
    }, {
      "html" : "<div class=\"span7 pull-right\" style=\"display: inline;\">",
      "target" : [ ".loginnow > .container-fluid-full > .container > .span7.pull-right" ],
      "impact" : null,
      "any" : [ ],
      "all" : [ {
        "id" : "important-letter-spacing",
        "impact" : "serious",
        "message" : "Letter-spacing in the style attribute is not set to !important, or meets the minimum",
        "data" : null,
        "relatedNodes" : [ ]
      }, {
        "id" : "important-word-spacing",
        "impact" : "serious",
        "message" : "word-spacing in the style attribute is not set to !important, or meets the minimum",
        "data" : null,
        "relatedNodes" : [ ]
      }, {
        "id" : "important-line-height",
        "impact" : "serious",
        "message" : "line-height in the style attribute is not set to !important, or meets the minimum",
        "data" : null,
        "relatedNodes" : [ ]
      } ],
      "none" : [ ],
      "failureSummary" : null
    }, {
      "html" : "<nav id=\"right-control-nav\" class=\"pull-right\" style=\"display: inline;\">",
      "target" : [ ".loginnow > .container-fluid-full > .container > .span7.pull-right > .pull-right" ],
      "impact" : null,
      "any" : [ ],
      "all" : [ {
        "id" : "important-letter-spacing",
        "impact" : "serious",
        "message" : "Letter-spacing in the style attribute is not set to !important, or meets the minimum",
        "data" : null,
        "relatedNodes" : [ ]
      }, {
        "id" : "important-word-spacing",
        "impact" : "serious",
        "message" : "word-spacing in the style attribute is not set to !important, or meets the minimum",
        "data" : null,
        "relatedNodes" : [ ]
      }, {
        "id" : "important-line-height",
        "impact" : "serious",
        "message" : "line-height in the style attribute is not set to !important, or meets the minimum",
        "data" : null,
        "relatedNodes" : [ ]
      } ],
      "none" : [ ],
      "failureSummary" : null
    }, {
      "html" : "<h1 style=\"color:#eee;\">Destination Mars </h1>",
      "target" : [ "h1" ],
      "impact" : null,
      "any" : [ ],
      "all" : [ {
        "id" : "important-letter-spacing",
        "impact" : "serious",
        "message" : "Letter-spacing in the style attribute is not set to !important, or meets the minimum",
        "data" : null,
        "relatedNodes" : [ ]
      }, {
        "id" : "important-word-spacing",
        "impact" : "serious",
        "message" : "word-spacing in the style attribute is not set to !important, or meets the minimum",
        "data" : null,
        "relatedNodes" : [ ]
      }, {
        "id" : "important-line-height",
        "impact" : "serious",
        "message" : "line-height in the style attribute is not set to !important, or meets the minimum",
        "data" : null,
        "relatedNodes" : [ ]
      } ],
      "none" : [ ],
      "failureSummary" : null
    }, {
      "html" : "<h2 style=\"color:#acbad0;\">A trip to Mars starts in your imagination. Are you bold enough, brave enough, <strong>foolish enough?</strong> We are. You belong on Mars with fools like us. Most of us don't bite. Much.</h2>",
      "target" : [ "h2" ],
      "impact" : null,
      "any" : [ ],
      "all" : [ {
        "id" : "important-letter-spacing",
        "impact" : "serious",
        "message" : "Letter-spacing in the style attribute is not set to !important, or meets the minimum",
        "data" : null,
        "relatedNodes" : [ ]
      }, {
        "id" : "important-word-spacing",
        "impact" : "serious",
        "message" : "word-spacing in the style attribute is not set to !important, or meets the minimum",
        "data" : null,
        "relatedNodes" : [ ]
      }, {
        "id" : "important-line-height",
        "impact" : "serious",
        "message" : "line-height in the style attribute is not set to !important, or meets the minimum",
        "data" : null,
        "relatedNodes" : [ ]
      } ],
      "none" : [ ],
      "failureSummary" : null
    }, {
      "html" : "<div class=\"carousel\" style=\"visibility: visible; overflow: hidden; position: relative; z-index: 2; left: 0px; height: 420px;\">",
      "target" : [ ".carousel" ],
      "impact" : null,
      "any" : [ ],
      "all" : [ {
        "id" : "important-letter-spacing",
        "impact" : "serious",
        "message" : "Letter-spacing in the style attribute is not set to !important, or meets the minimum",
        "data" : null,
        "relatedNodes" : [ ]
      }, {
        "id" : "important-word-spacing",
        "impact" : "serious",
        "message" : "word-spacing in the style attribute is not set to !important, or meets the minimum",
        "data" : null,
        "relatedNodes" : [ ]
      }, {
        "id" : "important-line-height",
        "impact" : "serious",
        "message" : "line-height in the style attribute is not set to !important, or meets the minimum",
        "data" : null,
        "relatedNodes" : [ ]
      } ],
      "none" : [ ],
      "failureSummary" : null
    }, {
      "html" : "<ul style=\"margin: 0px; padding: 0px; position: relative; list-style-type: none; z-index: 1; height: 2800px; top: -420px;\">",
      "target" : [ ".carousel > ul" ],
      "impact" : null,
      "any" : [ ],
      "all" : [ {
        "id" : "important-letter-spacing",
        "impact" : "serious",
        "message" : "Letter-spacing in the style attribute is not set to !important, or meets the minimum",
        "data" : null,
        "relatedNodes" : [ ]
      }, {
        "id" : "important-word-spacing",
        "impact" : "serious",
        "message" : "word-spacing in the style attribute is not set to !important, or meets the minimum",
        "data" : null,
        "relatedNodes" : [ ]
      }, {
        "id" : "important-line-height",
        "impact" : "serious",
        "message" : "line-height in the style attribute is not set to !important, or meets the minimum",
        "data" : null,
        "relatedNodes" : [ ]
      } ],
      "none" : [ ],
      "failureSummary" : null
    }, {
      "html" : "<li style=\"overflow: hidden; float: none; width: 526px; height: 120px;\">",
      "target" : [ ".carousel > ul > li:nth-child(4)" ],
      "impact" : null,
      "any" : [ ],
      "all" : [ {
        "id" : "important-letter-spacing",
        "impact" : "serious",
        "message" : "Letter-spacing in the style attribute is not set to !important, or meets the minimum",
        "data" : null,
        "relatedNodes" : [ ]
      }, {
        "id" : "important-word-spacing",
        "impact" : "serious",
        "message" : "word-spacing in the style attribute is not set to !important, or meets the minimum",
        "data" : null,
        "relatedNodes" : [ ]
      }, {
        "id" : "important-line-height",
        "impact" : "serious",
        "message" : "line-height in the style attribute is not set to !important, or meets the minimum",
        "data" : null,
        "relatedNodes" : [ ]
      } ],
      "none" : [ ],
      "failureSummary" : null
    }, {
      "html" : "<li style=\"overflow: hidden; float: none; width: 526px; height: 120px;\">",
      "target" : [ ".carousel > ul > li:nth-child(5)" ],
      "impact" : null,
      "any" : [ ],
      "all" : [ {
        "id" : "important-letter-spacing",
        "impact" : "serious",
        "message" : "Letter-spacing in the style attribute is not set to !important, or meets the minimum",
        "data" : null,
        "relatedNodes" : [ ]
      }, {
        "id" : "important-word-spacing",
        "impact" : "serious",
        "message" : "word-spacing in the style attribute is not set to !important, or meets the minimum",
        "data" : null,
        "relatedNodes" : [ ]
      }, {
        "id" : "important-line-height",
        "impact" : "serious",
        "message" : "line-height in the style attribute is not set to !important, or meets the minimum",
        "data" : null,
        "relatedNodes" : [ ]
      } ],
      "none" : [ ],
      "failureSummary" : null
    }, {
      "html" : "<li style=\"overflow: hidden; float: none; width: 526px; height: 120px;\">",
      "target" : [ ".carousel > ul > li:nth-child(6)" ],
      "impact" : null,
      "any" : [ ],
      "all" : [ {
        "id" : "important-letter-spacing",
        "impact" : "serious",
        "message" : "Letter-spacing in the style attribute is not set to !important, or meets the minimum",
        "data" : null,
        "relatedNodes" : [ ]
      }, {
        "id" : "important-word-spacing",
        "impact" : "serious",
        "message" : "word-spacing in the style attribute is not set to !important, or meets the minimum",
        "data" : null,
        "relatedNodes" : [ ]
      }, {
        "id" : "important-line-height",
        "impact" : "serious",
        "message" : "line-height in the style attribute is not set to !important, or meets the minimum",
        "data" : null,
        "relatedNodes" : [ ]
      } ],
      "none" : [ ],
      "failureSummary" : null
    }, {
      "html" : "<div id=\"booking-box\" class=\"w-b-box\" style=\"display: block;\">",
      "target" : [ "#booking-box" ],
      "impact" : null,
      "any" : [ ],
      "all" : [ {
        "id" : "important-letter-spacing",
        "impact" : "serious",
        "message" : "Letter-spacing in the style attribute is not set to !important, or meets the minimum",
        "data" : null,
        "relatedNodes" : [ ]
      }, {
        "id" : "important-word-spacing",
        "impact" : "serious",
        "message" : "word-spacing in the style attribute is not set to !important, or meets the minimum",
        "data" : null,
        "relatedNodes" : [ ]
      }, {
        "id" : "important-line-height",
        "impact" : "serious",
        "message" : "line-height in the style attribute is not set to !important, or meets the minimum",
        "data" : null,
        "relatedNodes" : [ ]
      } ],
      "none" : [ ],
      "failureSummary" : null
    }, {
      "html" : "<div id=\"bottom-bg\" style=\"\">",
      "target" : [ "#bottom-bg" ],
      "impact" : null,
      "any" : [ ],
      "all" : [ {
        "id" : "important-letter-spacing",
        "impact" : "serious",
        "message" : "Letter-spacing in the style attribute is not set to !important, or meets the minimum",
        "data" : null,
        "relatedNodes" : [ ]
      }, {
        "id" : "important-word-spacing",
        "impact" : "serious",
        "message" : "word-spacing in the style attribute is not set to !important, or meets the minimum",
        "data" : null,
        "relatedNodes" : [ ]
      }, {
        "id" : "important-line-height",
        "impact" : "serious",
        "message" : "line-height in the style attribute is not set to !important, or meets the minimum",
        "data" : null,
        "relatedNodes" : [ ]
      } ],
      "none" : [ ],
      "failureSummary" : null
    }, {
      "html" : "<span style=\"height: 62px; width: 292px;\"><iframe id=\"fafbba78\" name=\"f2bc5e72d\" scrolling=\"no\" style=\"border: none; overflow: hidden; height: 62px; width: 292px;\" class=\"fb_ltr\" src=\"/assets/demo-sites/mars/js/likebox.html\"></iframe></span>",
      "target" : [ ".fb-like-box > span" ],
      "impact" : null,
      "any" : [ ],
      "all" : [ {
        "id" : "important-letter-spacing",
        "impact" : "serious",
        "message" : "Letter-spacing in the style attribute is not set to !important, or meets the minimum",
        "data" : null,
        "relatedNodes" : [ ]
      }, {
        "id" : "important-word-spacing",
        "impact" : "serious",
        "message" : "word-spacing in the style attribute is not set to !important, or meets the minimum",
        "data" : null,
        "relatedNodes" : [ ]
      }, {
        "id" : "important-line-height",
        "impact" : "serious",
        "message" : "line-height in the style attribute is not set to !important, or meets the minimum",
        "data" : null,
        "relatedNodes" : [ ]
      } ],
      "none" : [ ],
      "failureSummary" : null
    }, {
      "html" : "<iframe id=\"fafbba78\" name=\"f2bc5e72d\" scrolling=\"no\" style=\"border: none; overflow: hidden; height: 62px; width: 292px;\" class=\"fb_ltr\" src=\"/assets/demo-sites/mars/js/likebox.html\"></iframe>",
      "target" : [ "#fafbba78" ],
      "impact" : null,
      "any" : [ ],
      "all" : [ {
        "id" : "important-letter-spacing",
        "impact" : "serious",
        "message" : "Letter-spacing in the style attribute is not set to !important, or meets the minimum",
        "data" : null,
        "relatedNodes" : [ ]
      }, {
        "id" : "important-word-spacing",
        "impact" : "serious",
        "message" : "word-spacing in the style attribute is not set to !important, or meets the minimum",
        "data" : null,
        "relatedNodes" : [ ]
      }, {
        "id" : "important-line-height",
        "impact" : "serious",
        "message" : "line-height in the style attribute is not set to !important, or meets the minimum",
        "data" : null,
        "relatedNodes" : [ ]
      } ],
      "none" : [ ],
      "failureSummary" : null
    }, {
      "html" : "<div class=\"clearfix pam\" style=\"height: 68px\">",
      "target" : [ "#fafbba78", ".clearfix" ],
      "impact" : null,
      "any" : [ ],
      "all" : [ {
        "id" : "important-letter-spacing",
        "impact" : "serious",
        "message" : "Letter-spacing in the style attribute is not set to !important, or meets the minimum",
        "data" : null,
        "relatedNodes" : [ ]
      }, {
        "id" : "important-word-spacing",
        "impact" : "serious",
        "message" : "word-spacing in the style attribute is not set to !important, or meets the minimum",
        "data" : null,
        "relatedNodes" : [ ]
      }, {
        "id" : "important-line-height",
        "impact" : "serious",
        "message" : "line-height in the style attribute is not set to !important, or meets the minimum",
        "data" : null,
        "relatedNodes" : [ ]
      } ],
      "none" : [ ],
      "failureSummary" : null
    }, {
      "html" : "<iframe allowtransparency=\"true\" frameborder=\"0\" scrolling=\"no\" src=\"/assets/demo-sites/mars/js/follow_button.1363148939.html\" class=\"twitter-follow-button twitter-follow-button\" style=\"width: 154px; height: 28px;\" title=\"Twitter Follow Button\" data-twttr-rendered=\"true\"></iframe>",
      "target" : [ ".twitter-follow-button" ],
      "impact" : null,
      "any" : [ ],
      "all" : [ {
        "id" : "important-letter-spacing",
        "impact" : "serious",
        "message" : "Letter-spacing in the style attribute is not set to !important, or meets the minimum",
        "data" : null,
        "relatedNodes" : [ ]
      }, {
        "id" : "important-word-spacing",
        "impact" : "serious",
        "message" : "word-spacing in the style attribute is not set to !important, or meets the minimum",
        "data" : null,
        "relatedNodes" : [ ]
      }, {
        "id" : "important-line-height",
        "impact" : "serious",
        "message" : "line-height in the style attribute is not set to !important, or meets the minimum",
        "data" : null,
        "relatedNodes" : [ ]
      } ],
      "none" : [ ],
      "failureSummary" : null
    }, {
      "html" : "<a href=\"mars2.html?a=marscommuter\" rel=\"author\" style=\"text-decoration:none;display:inline-block;color:#333;text-align:center; font:12px/13px arial,sans-serif;white-space:nowrap;\" target=\"_blank\">",
      "target" : [ "a[href=\"mars2.html?a=marscommuter\"]" ],
      "impact" : null,
      "any" : [ ],
      "all" : [ {
        "id" : "important-letter-spacing",
        "impact" : "serious",
        "message" : "Letter-spacing in the style attribute is not set to !important, or meets the minimum",
        "data" : null,
        "relatedNodes" : [ ]
      }, {
        "id" : "important-word-spacing",
        "impact" : "serious",
        "message" : "word-spacing in the style attribute is not set to !important, or meets the minimum",
        "data" : null,
        "relatedNodes" : [ ]
      }, {
        "id" : "important-line-height",
        "impact" : "serious",
        "message" : "line-height in the style attribute is not set to !important, or meets the minimum",
        "data" : null,
        "relatedNodes" : [ ]
      } ],
      "none" : [ ],
      "failureSummary" : null
    }, {
      "html" : "<div style=\"display:inline-block;font-weight:bold;vertical-align:top;margin-right:5px; margin-top:8px;\">MarsCommuter</div>",
      "target" : [ "a[href=\"mars2.html?a=marscommuter\"] > div:nth-child(1)" ],
      "impact" : null,
      "any" : [ ],
      "all" : [ {
        "id" : "important-letter-spacing",
        "impact" : "serious",
        "message" : "Letter-spacing in the style attribute is not set to !important, or meets the minimum",
        "data" : null,
        "relatedNodes" : [ ]
      }, {
        "id" : "important-word-spacing",
        "impact" : "serious",
        "message" : "word-spacing in the style attribute is not set to !important, or meets the minimum",
        "data" : null,
        "relatedNodes" : [ ]
      }, {
        "id" : "important-line-height",
        "impact" : "serious",
        "message" : "line-height in the style attribute is not set to !important, or meets the minimum",
        "data" : null,
        "relatedNodes" : [ ]
      } ],
      "none" : [ ],
      "failureSummary" : null
    }, {
      "html" : "<div style=\"display:inline-block;vertical-align:top;margin-right:0; margin-top:8px;\">&nbsp;</div>",
      "target" : [ "a[href=\"mars2.html?a=marscommuter\"] > div:nth-child(2)" ],
      "impact" : null,
      "any" : [ ],
      "all" : [ {
        "id" : "important-letter-spacing",
        "impact" : "serious",
        "message" : "Letter-spacing in the style attribute is not set to !important, or meets the minimum",
        "data" : null,
        "relatedNodes" : [ ]
      }, {
        "id" : "important-word-spacing",
        "impact" : "serious",
        "message" : "word-spacing in the style attribute is not set to !important, or meets the minimum",
        "data" : null,
        "relatedNodes" : [ ]
      }, {
        "id" : "important-line-height",
        "impact" : "serious",
        "message" : "line-height in the style attribute is not set to !important, or meets the minimum",
        "data" : null,
        "relatedNodes" : [ ]
      } ],
      "none" : [ ],
      "failureSummary" : null
    }, {
      "html" : "<img src=\"/assets/demo-sites/mars/images/gplus-32.png\" alt=\"Google+\" style=\"border:0;width:32px;height:32px;\">",
      "target" : [ "img[alt=\"Google+\"]" ],
      "impact" : null,
      "any" : [ ],
      "all" : [ {
        "id" : "important-letter-spacing",
        "impact" : "serious",
        "message" : "Letter-spacing in the style attribute is not set to !important, or meets the minimum",
        "data" : null,
        "relatedNodes" : [ ]
      }, {
        "id" : "important-word-spacing",
        "impact" : "serious",
        "message" : "word-spacing in the style attribute is not set to !important, or meets the minimum",
        "data" : null,
        "relatedNodes" : [ ]
      }, {
        "id" : "important-line-height",
        "impact" : "serious",
        "message" : "line-height in the style attribute is not set to !important, or meets the minimum",
        "data" : null,
        "relatedNodes" : [ ]
      } ],
      "none" : [ ],
      "failureSummary" : null
    } ],
    "url" : null,
    "createdDate" : null
  }, {
    "id" : "button-name",
    "description" : "Ensures buttons have discernible text",
    "help" : "Buttons must have discernible text",
    "helpUrl" : "https://dequeuniversity.com/rules/axe/4.6/button-name?application=axeAPI",
    "impact" : "critical",
    "tags" : [ "cat.name-role-value", "wcag2a", "wcag412", "section508", "section508.22.a", "ACT" ],
    "nodes" : [ {
      "html" : "<button type=\"button\" class=\"ui-datepicker-trigger\"><img src=\"/assets/demo-sites/mars/images/calendar.png\" alt=\"...\" title=\"...\"></button>",
      "target" : [ ".departure-date > .ui-datepicker-trigger:nth-child(3)" ],
      "impact" : null,
      "any" : [ {
        "id" : "button-has-visible-text",
        "impact" : "critical",
        "message" : "Element has inner text that is visible to screen readers",
        "data" : null,
        "relatedNodes" : [ ]
      } ],
      "all" : [ ],
      "none" : [ ],
      "failureSummary" : null
    }, {
      "html" : "<button class=\"ytp-button ytp-overflow-button ytp-overflow-button-visible\" title=\"More\" aria-haspopup=\"true\" aria-owns=\"ytp-id-31\" aria-label=\"More\">",
      "target" : [ "#player", ".ytp-overflow-button" ],
      "impact" : null,
      "any" : [ {
        "id" : "aria-label",
        "impact" : "serious",
        "message" : "aria-label attribute exists and is not empty",
        "data" : null,
        "relatedNodes" : [ ]
      }, {
        "id" : "non-empty-title",
        "impact" : "serious",
        "message" : "Element has a title attribute",
        "data" : null,
        "relatedNodes" : [ ]
      } ],
      "all" : [ ],
      "none" : [ ],
      "failureSummary" : null
    }, {
      "html" : "<button class=\"ytp-large-play-button ytp-button ytp-large-play-button-red-bg\" aria-label=\"Play\">",
      "target" : [ "#player", ".ytp-large-play-button" ],
      "impact" : null,
      "any" : [ {
        "id" : "aria-label",
        "impact" : "serious",
        "message" : "aria-label attribute exists and is not empty",
        "data" : null,
        "relatedNodes" : [ ]
      } ],
      "all" : [ ],
      "none" : [ ],
      "failureSummary" : null
    }, {
      "html" : "<button type=\"submit\"><i class=\"pluginButtonIcon img sp_like sx_like_thumb\"></i>Like</button>",
      "target" : [ "#fafbba78", ".pluginConnectButtonDisconnected > div > button" ],
      "impact" : null,
      "any" : [ {
        "id" : "button-has-visible-text",
        "impact" : "critical",
        "message" : "Element has inner text that is visible to screen readers",
        "data" : null,
        "relatedNodes" : [ ]
      } ],
      "all" : [ ],
      "none" : [ ],
      "failureSummary" : null
    } ],
    "url" : null,
    "createdDate" : null
  }, {
    "id" : "bypass",
    "description" : "Ensures each page has at least one mechanism for a user to bypass navigation and jump straight to the content",
    "help" : "Page must have means to bypass repeated blocks",
    "helpUrl" : "https://dequeuniversity.com/rules/axe/4.6/bypass?application=axeAPI",
    "impact" : "",
    "tags" : [ "cat.keyboard", "wcag2a", "wcag241", "section508", "section508.22.o" ],
    "nodes" : [ {
      "html" : "<html class=\" js no-flexbox flexbox-legacy canvas canvastext webgl no-touch geolocation postmessage websqldatabase indexeddb hashchange history draganddrop websockets rgba hsla multiplebgs backgroundsize borderimage borderradius boxshadow textshadow opacity cssanimations csscolumns cssgradients cssreflections csstransforms csstransforms3d csstransitions fontface generatedcontent video audio localstorage sessionstorage webworkers applicationcache svg inlinesvg smil svgclippaths js no-flexbox flexbox-legacy canvas canvastext webgl no-touch geolocation postmessage websqldatabase indexeddb hashchange history draganddrop websockets rgba hsla multiplebgs backgroundsize borderimage borderradius boxshadow textshadow opacity cssanimations csscolumns cssgradients cssreflections csstransforms csstransforms3d csstransitions fontface generatedcontent video audio localstorage sessionstorage webworkers no-applicationcache svg inlinesvg smil svgclippaths\">",
      "target" : [ "html" ],
      "impact" : null,
      "any" : [ {
        "id" : "header-present",
        "impact" : "serious",
        "message" : "Page has a heading",
        "data" : null,
        "relatedNodes" : [ {
          "html" : "<h1 style=\"color:#eee;\">Destination Mars </h1>",
          "target" : [ "h1" ]
        }, {
          "html" : "<h2 style=\"color:#acbad0;\">A trip to Mars starts in your imagination. Are you bold enough, brave enough, <strong>foolish enough?</strong> We are. You belong on Mars with fools like us. Most of us don't bite. Much.</h2>",
          "target" : [ "h2" ]
        }, {
          "html" : "<h3>Be Bold...</h3>",
          "target" : [ "a[href=\"mars2.html?a=be_bold\"] > h3" ]
        }, {
          "html" : "<h3>Countdown...</h3>",
          "target" : [ "a[href=\"mars2.html?a=countdown\"] > h3" ]
        }, {
          "html" : "<h3>Blast Off!</h3>",
          "target" : [ "a[href=\"mars2.html?a=blast_off\"] > h3" ]
        }, {
          "html" : "<h3>\n            <a class=\"\" href=\"mars2.html?a=crater_adventure\">10% off Crater Adventure</a></h3>",
          "target" : [ "li:nth-child(1) > .deal-text > h3" ]
        }, {
          "html" : "<h3>\n            <a class=\"\" href=\"mars2.html?a=ice_cream\">Free Astronaut Ice Cream</a></h3>",
          "target" : [ "li:nth-child(2) > .deal-text > h3" ]
        }, {
          "html" : "<h3> <a class=\"link\" href=\"mars2.html?a=low_price_guarantee\">Lowest Price Guarantee</a></h3>",
          "target" : [ "li:nth-child(3) > .deal-text > h3" ]
        }, {
          "html" : "<h3>\n            <a class=\"\" href=\"mars2.html?a=send_kids_to_mars\">Send Your Kids to Mars!</a></h3>",
          "target" : [ "li:nth-child(4) > .deal-text > h3" ]
        }, {
          "html" : "<h3>\n            <a class=\"\" href=\"mars2.html?a=wookie\">Fly with a Wookie</a></h3>",
          "target" : [ "li:nth-child(5) > .deal-text > h3" ]
        }, {
          "html" : "<h3>\n            <a class=\"\" href=\"mars2.html?a=stay_connected\">Get Radio on Uranus </a></h3>",
          "target" : [ "li:nth-child(6) > .deal-text > h3" ]
        }, {
          "html" : "<h3>\n            <a class=\"\" href=\"mars2.html?a=free_year\">Free Year on Mars</a></h3>",
          "target" : [ "li:nth-child(7) > .deal-text > h3" ]
        }, {
          "html" : "<h3>\n            <a class=\"\" href=\"mars2.html?a=crater_adventure\">10% off Crater Adventure</a></h3>",
          "target" : [ "li:nth-child(8) > .deal-text > h3" ]
        }, {
          "html" : "<h3>\n            <a class=\"\" href=\"mars2.html?a=ice_cream\">Free Astronaut Ice Cream</a></h3>",
          "target" : [ "li:nth-child(9) > .deal-text > h3" ]
        }, {
          "html" : "<h3> <a class=\"link\" href=\"mars2.html?a=low_price_guarantee\">Lowest Price Guarantee</a></h3>",
          "target" : [ "li:nth-child(10) > .deal-text > h3" ]
        }, {
          "html" : "<h3>\n            <a class=\"\" href=\"mars2.html?a=send_kids_to_mars\">Send Your Kids to Mars!</a></h3>",
          "target" : [ "li:nth-child(11) > .deal-text > h3" ]
        }, {
          "html" : "<h3>\n            <a class=\"\" href=\"mars2.html?a=wookie\">Fly with a Wookie</a></h3>",
          "target" : [ "li:nth-child(12) > .deal-text > h3" ]
        }, {
          "html" : "<h3>\n            <a class=\"\" href=\"mars2.html?a=stay_connected\">Get Radio on Uranus </a></h3>",
          "target" : [ "li:nth-child(13) > .deal-text > h3" ]
        }, {
          "html" : "<h3>\n            <a class=\"\" href=\"mars2.html?a=free_year\">Free Year on Mars</a></h3>",
          "target" : [ "li:nth-child(14) > .deal-text > h3" ]
        }, {
          "html" : "<h3>\n            <a class=\"\" href=\"mars2.html?a=crater_adventure\">10% off Crater Adventure</a></h3>",
          "target" : [ "li:nth-child(15) > .deal-text > h3" ]
        }, {
          "html" : "<h3>\n            <a class=\"\" href=\"mars2.html?a=ice_cream\">Free Astronaut Ice Cream</a></h3>",
          "target" : [ "li:nth-child(16) > .deal-text > h3" ]
        }, {
          "html" : "<h3> <a class=\"link\" href=\"mars2.html?a=low_price_guarantee\">Lowest Price Guarantee</a></h3>",
          "target" : [ "li:nth-child(17) > .deal-text > h3" ]
        }, {
          "html" : "<h3>\n            <a class=\"\" href=\"mars2.html?a=send_kids_to_mars\">Send Your Kids to Mars!</a></h3>",
          "target" : [ "li:nth-child(18) > .deal-text > h3" ]
        }, {
          "html" : "<h3>\n            <a class=\"\" href=\"mars2.html?a=wookie\">Fly with a Wookie</a></h3>",
          "target" : [ "li:nth-child(19) > .deal-text > h3" ]
        }, {
          "html" : "<h3>\n            <a class=\"\" href=\"mars2.html?a=stay_connected\">Get Radio on Uranus </a></h3>",
          "target" : [ "li:nth-child(20) > .deal-text > h3" ]
        }, {
          "html" : "<h3>Let the Adventure Begin!</h3>",
          "target" : [ "#widget-controls > .interior-container > h3" ]
        }, {
          "html" : "<h3>Book your Trip</h3>",
          "target" : [ "#route-select > .interior-container > h3" ]
        }, {
          "html" : "<h3>Who Is Traveling?</h3>",
          "target" : [ ".middle.widget-container:nth-child(13) > .interior-container > h3" ]
        }, {
          "html" : "<h3 id=\"video-text\">Life was possible on Mars</h3>",
          "target" : [ "#video-text" ]
        }, {
          "html" : "<h4>Book Your Trip</h4>",
          "target" : [ "#footer-book > h4" ]
        }, {
          "html" : "<h4>Mars Shuttles</h4>",
          "target" : [ "#footer-trains > h4" ]
        }, {
          "html" : "<h4>Mars Tourist Passes</h4>",
          "target" : [ "#footer-passes > h4" ]
        }, {
          "html" : "<h4>Mars Adventures</h4>",
          "target" : [ "#footer-plan > h4" ]
        }, {
          "html" : "<h4>FAQs</h4>",
          "target" : [ "#footer-faq > h4" ]
        }, {
          "html" : "<h4>Connect With Us</h4>",
          "target" : [ "#footer-connect > h4" ]
        } ]
      }, {
        "id" : "header-present",
        "impact" : "serious",
        "message" : "Page has a heading",
        "data" : null,
        "relatedNodes" : [ ]
      }, {
        "id" : "header-present",
        "impact" : "serious",
        "message" : "Page has a heading",
        "data" : null,
        "relatedNodes" : [ ]
      }, {
        "id" : "header-present",
        "impact" : "serious",
        "message" : "Page has a heading",
        "data" : null,
        "relatedNodes" : [ ]
      } ],
      "all" : [ ],
      "none" : [ ],
      "failureSummary" : null
    } ],
    "url" : null,
    "createdDate" : null
  }, {
    "id" : "color-contrast",
    "description" : "Ensures the contrast between foreground and background colors meets WCAG 2 AA contrast ratio thresholds",
    "help" : "Elements must have sufficient color contrast",
    "helpUrl" : "https://dequeuniversity.com/rules/axe/4.6/color-contrast?application=axeAPI",
    "impact" : "serious",
    "tags" : [ "cat.color", "wcag2aa", "wcag143", "ACT" ],
    "nodes" : [ {
      "html" : "<div id=\"purposeDisclaimer\">This web page is for demonstration purposes, to show common accessibility errors.</div>",
      "target" : [ "#purposeDisclaimer" ],
      "impact" : null,
      "any" : [ {
        "id" : "color-contrast",
        "impact" : "serious",
        "message" : "Element has sufficient color contrast of 8.91",
        "data" : {
          "bgColor" : "#990000",
          "contrastRatio" : 8.91,
          "expectedContrastRatio" : "4.5:1",
          "fgColor" : "#ffffff",
          "fontSize" : "9.0pt (12px)",
          "fontWeight" : "normal"
        },
        "relatedNodes" : [ ]
      } ],
      "all" : [ ],
      "none" : [ ],
      "failureSummary" : null
    }, {
      "html" : "<input type=\"text\" class=\"search\" name=\"query\" placeholder=\"search\">",
      "target" : [ ".loginnow > .container-fluid-full > .container > .span5.pull-left.left-first > .pull-left:nth-child(2) > form[method=\"get\"][action=\"/demo/mars/mars2\"] > .search[name=\"query\"][placeholder=\"search\"]" ],
      "impact" : null,
      "any" : [ {
        "id" : "color-contrast",
        "impact" : "serious",
        "message" : "Element has sufficient color contrast of 7.45",
        "data" : {
          "bgColor" : "#ffffff",
          "contrastRatio" : 7.45,
          "expectedContrastRatio" : "4.5:1",
          "fgColor" : "#555555",
          "fontSize" : "9.0pt (12px)",
          "fontWeight" : "normal"
        },
        "relatedNodes" : [ ]
      } ],
      "all" : [ ],
      "none" : [ ],
      "failureSummary" : null
    }, {
      "html" : "<input type=\"text\" class=\"search\" name=\"query\" placeholder=\"search\">",
      "target" : [ ".loggedin > .container-fluid-full > .container > .span5.pull-left.left-first > .pull-left:nth-child(2) > form[method=\"get\"][action=\"/demo/mars/mars2\"] > .search[name=\"query\"][placeholder=\"search\"]" ],
      "impact" : null,
      "any" : [ {
        "id" : "color-contrast",
        "impact" : "serious",
        "message" : "Element is hidden",
        "data" : {
          "messageKey" : "hidden"
        },
        "relatedNodes" : [ ]
      } ],
      "all" : [ ],
      "none" : [ ],
      "failureSummary" : null
    }, {
      "html" : "<a href=\"mars2.html?a=travel_agents\">Travel Agents</a>",
      "target" : [ "a[href=\"mars2.html?a=travel_agents\"]" ],
      "impact" : null,
      "any" : [ {
        "id" : "color-contrast",
        "impact" : "serious",
        "message" : "Element has sufficient color contrast of 5.28",
        "data" : {
          "bgColor" : "#344b6e",
          "contrastRatio" : 5.28,
          "expectedContrastRatio" : "4.5:1",
          "fgColor" : "#e7c643",
          "fontSize" : "8.3pt (11px)",
          "fontWeight" : "normal"
        },
        "relatedNodes" : [ ]
      } ],
      "all" : [ ],
      "none" : [ ],
      "failureSummary" : null
    }, {
      "html" : "<a href=\"javascript:;\" class=\"dropdown-toggle\" data-toggle=\"dropdown\">\nYour country<span class=\"currency-select\"><!--($USD)--></span>\n<i class=\"icon-langbar-down-arrow\"></i>\n</a>",
      "target" : [ "#country-select > .dropdown-toggle[href=\"javascript:;\"][data-toggle=\"dropdown\"]" ],
      "impact" : null,
      "any" : [ {
        "id" : "color-contrast",
        "impact" : "serious",
        "message" : "Element has sufficient color contrast of 5.28",
        "data" : {
          "bgColor" : "#344b6e",
          "contrastRatio" : 5.28,
          "expectedContrastRatio" : "4.5:1",
          "fgColor" : "#e7c643",
          "fontSize" : "8.3pt (11px)",
          "fontWeight" : "normal"
        },
        "relatedNodes" : [ ]
      } ],
      "all" : [ ],
      "none" : [ ],
      "failureSummary" : null
    }, {
      "html" : "<a href=\"javascript:;\" class=\"dropdown-toggle\" data-toggle=\"dropdown\">\nYour language<i class=\"icon-langbar-down-arrow\"></i>\n</a>",
      "target" : [ ".language-select > .dropdown-toggle[href=\"javascript:;\"][data-toggle=\"dropdown\"]" ],
      "impact" : null,
      "any" : [ {
        "id" : "color-contrast",
        "impact" : "serious",
        "message" : "Element has sufficient color contrast of 5.28",
        "data" : {
          "bgColor" : "#344b6e",
          "contrastRatio" : 5.28,
          "expectedContrastRatio" : "4.5:1",
          "fgColor" : "#e7c643",
          "fontSize" : "8.3pt (11px)",
          "fontWeight" : "normal"
        },
        "relatedNodes" : [ ]
      } ],
      "all" : [ ],
      "none" : [ ],
      "failureSummary" : null
    }, {
      "html" : "<h1 style=\"color:#eee;\">Destination Mars </h1>",
      "target" : [ "h1" ],
      "impact" : null,
      "any" : [ {
        "id" : "color-contrast",
        "impact" : "serious",
        "message" : "Element has sufficient color contrast of 8.83",
        "data" : {
          "bgColor" : "#344b6e",
          "contrastRatio" : 8.83,
          "expectedContrastRatio" : "3:1",
          "fgColor" : "#ffffff",
          "fontSize" : "21.0pt (28px)",
          "fontWeight" : "normal"
        },
        "relatedNodes" : [ ]
      } ],
      "all" : [ ],
      "none" : [ ],
      "failureSummary" : null
    }, {
      "html" : "<h2 style=\"color:#acbad0;\">A trip to Mars starts in your imagination. Are you bold enough, brave enough, <strong>foolish enough?</strong> We are. You belong on Mars with fools like us. Most of us don't bite. Much.</h2>",
      "target" : [ "h2" ],
      "impact" : null,
      "any" : [ {
        "id" : "color-contrast",
        "impact" : "serious",
        "message" : "Element has sufficient color contrast of 8.83",
        "data" : {
          "bgColor" : "#344b6e",
          "contrastRatio" : 8.83,
          "expectedContrastRatio" : "4.5:1",
          "fgColor" : "#ffffff",
          "fontSize" : "12.0pt (16px)",
          "fontWeight" : "normal"
        },
        "relatedNodes" : [ ]
      } ],
      "all" : [ ],
      "none" : [ ],
      "failureSummary" : null
    }, {
      "html" : "<strong>foolish enough?</strong>",
      "target" : [ "strong" ],
      "impact" : null,
      "any" : [ {
        "id" : "color-contrast",
        "impact" : "serious",
        "message" : "Element has sufficient color contrast of 7.61",
        "data" : {
          "bgColor" : "#344b6e",
          "contrastRatio" : 7.61,
          "expectedContrastRatio" : "4.5:1",
          "fgColor" : "#eeeeee",
          "fontSize" : "12.0pt (16px)",
          "fontWeight" : "normal"
        },
        "relatedNodes" : [ ]
      } ],
      "all" : [ ],
      "none" : [ ],
      "failureSummary" : null
    }, {
      "html" : "<a class=\"\" href=\"mars2.html?a=send_kids_to_mars\">Send Your Kids to Mars!</a>",
      "target" : [ "li:nth-child(4) > .deal-text > h3 > a[href=\"mars2.html?a=send_kids_to_mars\"]" ],
      "impact" : null,
      "any" : [ {
        "id" : "color-contrast",
        "impact" : "serious",
        "message" : "Element has sufficient color contrast of 4.71",
        "data" : {
          "bgColor" : "#ffffff",
          "contrastRatio" : 4.71,
          "expectedContrastRatio" : "4.5:1",
          "fgColor" : "#067ab4",
          "fontSize" : "12.0pt (16px)",
          "fontWeight" : "normal"
        },
        "relatedNodes" : [ ]
      } ],
      "all" : [ ],
      "none" : [ ],
      "failureSummary" : null
    }, {
      "html" : "<p>Book a first class one-way ticket for 5 kids, at the cost of 4! No parent or guardian required. Don't worry, they'll be fine... <a class=\"link-arrow\" href=\"mars2.html?a=send_kids_to_mars\">Send your kids to mars</a></p>",
      "target" : [ "li:nth-child(4) > .deal-text > p" ],
      "impact" : null,
      "any" : [ {
        "id" : "color-contrast",
        "impact" : "serious",
        "message" : "Element has sufficient color contrast of 21",
        "data" : {
          "bgColor" : "#ffffff",
          "contrastRatio" : 21,
          "expectedContrastRatio" : "4.5:1",
          "fgColor" : "#000000",
          "fontSize" : "9.0pt (12px)",
          "fontWeight" : "normal"
        },
        "relatedNodes" : [ ]
      } ],
      "all" : [ ],
      "none" : [ ],
      "failureSummary" : null
    }, {
      "html" : "<a class=\"link-arrow\" href=\"mars2.html?a=send_kids_to_mars\">Send your kids to mars</a>",
      "target" : [ "li:nth-child(4) > .deal-text > p > .link-arrow[href=\"mars2.html?a=send_kids_to_mars\"]" ],
      "impact" : null,
      "any" : [ {
        "id" : "color-contrast",
        "impact" : "serious",
        "message" : "Element has sufficient color contrast of 4.71",
        "data" : {
          "bgColor" : "#ffffff",
          "contrastRatio" : 4.71,
          "expectedContrastRatio" : "4.5:1",
          "fgColor" : "#067ab4",
          "fontSize" : "9.0pt (12px)",
          "fontWeight" : "normal"
        },
        "relatedNodes" : [ ]
      } ],
      "all" : [ ],
      "none" : [ ],
      "failureSummary" : null
    }, {
      "html" : "<a class=\"\" href=\"mars2.html?a=wookie\">Fly with a Wookie</a>",
      "target" : [ "li:nth-child(5) > .deal-text > h3 > a[href=\"mars2.html?a=wookie\"]" ],
      "impact" : null,
      "any" : [ {
        "id" : "color-contrast",
        "impact" : "serious",
        "message" : "Element has sufficient color contrast of 4.71",
        "data" : {
          "bgColor" : "#ffffff",
          "contrastRatio" : 4.71,
          "expectedContrastRatio" : "4.5:1",
          "fgColor" : "#067ab4",
          "fontSize" : "12.0pt (16px)",
          "fontWeight" : "normal"
        },
        "relatedNodes" : [ ]
      } ],
      "all" : [ ],
      "none" : [ ],
      "failureSummary" : null
    }, {
      "html" : "<p>Fly with a wookie! Limited time offer! Or would you rather kiss a Wookie? We can arrange that. (Can someone move this walking carpet out of my way?) <a class=\"link-arrow\" href=\"mars2.html?a=wookie\">Fly with a Wookie!</a></p>",
      "target" : [ "li:nth-child(5) > .deal-text > p" ],
      "impact" : null,
      "any" : [ {
        "id" : "color-contrast",
        "impact" : "serious",
        "message" : "Element has sufficient color contrast of 21",
        "data" : {
          "bgColor" : "#ffffff",
          "contrastRatio" : 21,
          "expectedContrastRatio" : "4.5:1",
          "fgColor" : "#000000",
          "fontSize" : "9.0pt (12px)",
          "fontWeight" : "normal"
        },
        "relatedNodes" : [ ]
      } ],
      "all" : [ ],
      "none" : [ ],
      "failureSummary" : null
    }, {
      "html" : "<a class=\"link-arrow\" href=\"mars2.html?a=wookie\">Fly with a Wookie!</a>",
      "target" : [ "li:nth-child(5) > .deal-text > p > .link-arrow[href=\"mars2.html?a=wookie\"]" ],
      "impact" : null,
      "any" : [ {
        "id" : "color-contrast",
        "impact" : "serious",
        "message" : "Element has sufficient color contrast of 4.71",
        "data" : {
          "bgColor" : "#ffffff",
          "contrastRatio" : 4.71,
          "expectedContrastRatio" : "4.5:1",
          "fgColor" : "#067ab4",
          "fontSize" : "9.0pt (12px)",
          "fontWeight" : "normal"
        },
        "relatedNodes" : [ ]
      } ],
      "all" : [ ],
      "none" : [ ],
      "failureSummary" : null
    }, {
      "html" : "<a class=\"\" href=\"mars2.html?a=stay_connected\">Get Radio on Uranus </a>",
      "target" : [ "li:nth-child(6) > .deal-text > h3 > a[href=\"mars2.html?a=stay_connected\"]" ],
      "impact" : null,
      "any" : [ {
        "id" : "color-contrast",
        "impact" : "serious",
        "message" : "Element has sufficient color contrast of 4.71",
        "data" : {
          "bgColor" : "#ffffff",
          "contrastRatio" : 4.71,
          "expectedContrastRatio" : "4.5:1",
          "fgColor" : "#067ab4",
          "fontSize" : "12.0pt (16px)",
          "fontWeight" : "normal"
        },
        "relatedNodes" : [ ]
      } ],
      "all" : [ ],
      "none" : [ ],
      "failureSummary" : null
    }, {
      "html" : "<p>All of our packages come with radio connectivity to the far reaches of the solar system. Yup, you too can get Justin Bieber on Uranus. <a href=\"mars2.html?a=stay_connected\">Find out about radio connectivity today.</a></p>",
      "target" : [ "li:nth-child(6) > .deal-text > p" ],
      "impact" : null,
      "any" : [ {
        "id" : "color-contrast",
        "impact" : "serious",
        "message" : "Element has sufficient color contrast of 21",
        "data" : {
          "bgColor" : "#ffffff",
          "contrastRatio" : 21,
          "expectedContrastRatio" : "4.5:1",
          "fgColor" : "#000000",
          "fontSize" : "9.0pt (12px)",
          "fontWeight" : "normal"
        },
        "relatedNodes" : [ ]
      } ],
      "all" : [ ],
      "none" : [ ],
      "failureSummary" : null
    }, {
      "html" : "<a href=\"mars2.html?a=stay_connected\">Find out about radio connectivity today.</a>",
      "target" : [ "li:nth-child(6) > .deal-text > p > a[href=\"mars2.html?a=stay_connected\"]" ],
      "impact" : null,
      "any" : [ {
        "id" : "color-contrast",
        "impact" : "serious",
        "message" : "Element has sufficient color contrast of 4.71",
        "data" : {
          "bgColor" : "#ffffff",
          "contrastRatio" : 4.71,
          "expectedContrastRatio" : "4.5:1",
          "fgColor" : "#067ab4",
          "fontSize" : "9.0pt (12px)",
          "fontWeight" : "normal"
        },
        "relatedNodes" : [ ]
      } ],
      "all" : [ ],
      "none" : [ ],
      "failureSummary" : null
    }, {
      "html" : "<input type=\"text\" value=\"\" class=\"city-input ac_input ui-autocomplete-input\" autocomplete=\"off\" id=\"from0\" name=\"from0\" tabindex=\"1\" role=\"textbox\" aria-autocomplete=\"list\" aria-haspopup=\"true\">",
      "target" : [ "#from0" ],
      "impact" : null,
      "any" : [ {
        "id" : "color-contrast",
        "impact" : "serious",
        "message" : "Element has sufficient color contrast of 7.45",
        "data" : {
          "bgColor" : "#ffffff",
          "contrastRatio" : 7.45,
          "expectedContrastRatio" : "4.5:1",
          "fgColor" : "#555555",
          "fontSize" : "9.0pt (12px)",
          "fontWeight" : "normal"
        },
        "relatedNodes" : [ ]
      } ],
      "all" : [ ],
      "none" : [ ],
      "failureSummary" : null
    }, {
      "html" : "<input type=\"text\" value=\"\" class=\"city-input ac_input ui-autocomplete-input\" autocomplete=\"off\" id=\"to0\" name=\"to0\" tabindex=\"1\" role=\"textbox\" aria-autocomplete=\"list\" aria-haspopup=\"true\">",
      "target" : [ "#to0" ],
      "impact" : null,
      "any" : [ {
        "id" : "color-contrast",
        "impact" : "serious",
        "message" : "Element has sufficient color contrast of 7.45",
        "data" : {
          "bgColor" : "#ffffff",
          "contrastRatio" : 7.45,
          "expectedContrastRatio" : "4.5:1",
          "fgColor" : "#555555",
          "fontSize" : "9.0pt (12px)",
          "fontWeight" : "normal"
        },
        "relatedNodes" : [ ]
      } ],
      "all" : [ ],
      "none" : [ ],
      "failureSummary" : null
    }, {
      "html" : "<input size=\"10\" id=\"deptDate0\" name=\"deptDate0\" placeholder=\"mm/dd/yyyy\" value=\"\" tabindex=\"3\" class=\"hasDatepicker input-dept\">",
      "target" : [ "#deptDate0" ],
      "impact" : null,
      "any" : [ {
        "id" : "color-contrast",
        "impact" : "serious",
        "message" : "Element has sufficient color contrast of 7.45",
        "data" : {
          "bgColor" : "#ffffff",
          "contrastRatio" : 7.45,
          "expectedContrastRatio" : "4.5:1",
          "fgColor" : "#555555",
          "fontSize" : "9.0pt (12px)",
          "fontWeight" : "normal"
        },
        "relatedNodes" : [ ]
      } ],
      "all" : [ ],
      "none" : [ ],
      "failureSummary" : null
    }, {
      "html" : "<select name=\"time0\" id=\"time0\" class=\"select-time\" tabindex=\"4\">",
      "target" : [ "#time0" ],
      "impact" : null,
      "any" : [ {
        "id" : "color-contrast",
        "impact" : "serious",
        "message" : "Element has sufficient color contrast of 7.45",
        "data" : {
          "bgColor" : "#ffffff",
          "contrastRatio" : 7.45,
          "expectedContrastRatio" : "4.5:1",
          "fgColor" : "#555555",
          "fontSize" : "8.3pt (11px)",
          "fontWeight" : "normal"
        },
        "relatedNodes" : [ ]
      } ],
      "all" : [ ],
      "none" : [ ],
      "failureSummary" : null
    }, {
      "html" : "<select id=\"passes-select\" class=\"passes-select\" name=\"familyName\" style=\"display: none;\">",
      "target" : [ "#passes-select" ],
      "impact" : null,
      "any" : [ {
        "id" : "color-contrast",
        "impact" : "serious",
        "message" : "Element is hidden",
        "data" : {
          "messageKey" : "hidden"
        },
        "relatedNodes" : [ ]
      } ],
      "all" : [ ],
      "none" : [ ],
      "failureSummary" : null
    }, {
      "html" : "<input id=\"combo_input\" class=\"ui-autocomplete-input ui-widget ui-widget-content ui-corner-left\" autocomplete=\"off\" role=\"textbox\" aria-autocomplete=\"list\" aria-haspopup=\"true\">",
      "target" : [ "#combo_input" ],
      "impact" : null,
      "any" : [ {
        "id" : "color-contrast",
        "impact" : "serious",
        "message" : "Element is hidden",
        "data" : {
          "messageKey" : "hidden"
        },
        "relatedNodes" : [ ]
      } ],
      "all" : [ ],
      "none" : [ ],
      "failureSummary" : null
    }, {
      "html" : "<select name=\"selCountry1\" class=\"clearfix country-select\" id=\"selCountry1\" onchange=\"setSelects(this.form, 1)\" style=\"display:none\">",
      "target" : [ "#selCountry1" ],
      "impact" : null,
      "any" : [ {
        "id" : "color-contrast",
        "impact" : "serious",
        "message" : "Element is hidden",
        "data" : {
          "messageKey" : "hidden"
        },
        "relatedNodes" : [ ]
      } ],
      "all" : [ ],
      "none" : [ ],
      "failureSummary" : null
    }, {
      "html" : "<select name=\"selCountry2\" id=\"selCountry2\" class=\"clearfix country-select\" onchange=\"setSelects(this.form, 2)\" style=\"display:none\">\n         <option value=\"\">--------------------------------------</option>\n</select>",
      "target" : [ "#selCountry2" ],
      "impact" : null,
      "any" : [ {
        "id" : "color-contrast",
        "impact" : "serious",
        "message" : "Element is hidden",
        "data" : {
          "messageKey" : "hidden"
        },
        "relatedNodes" : [ ]
      } ],
      "all" : [ ],
      "none" : [ ],
      "failureSummary" : null
    }, {
      "html" : "<select name=\"selCountry3\" id=\"selCountry3\" class=\"clearfix country-select\" onchange=\"setSelects(this.form, 3)\" style=\"display:none\">\n         <option value=\"\">--------------------------------------</option>\n</select>",
      "target" : [ "#selCountry3" ],
      "impact" : null,
      "any" : [ {
        "id" : "color-contrast",
        "impact" : "serious",
        "message" : "Element is hidden",
        "data" : {
          "messageKey" : "hidden"
        },
        "relatedNodes" : [ ]
      } ],
      "all" : [ ],
      "none" : [ ],
      "failureSummary" : null
    }, {
      "html" : "<select name=\"selCountry4\" id=\"selCountry4\" class=\"clearfix country-select\" onchange=\"setSelects(this.form, 4)\" style=\"display:none\">\n          <option value=\"\">--------------------------------------</option>\n</select>",
      "target" : [ "#selCountry4" ],
      "impact" : null,
      "any" : [ {
        "id" : "color-contrast",
        "impact" : "serious",
        "message" : "Element is hidden",
        "data" : {
          "messageKey" : "hidden"
        },
        "relatedNodes" : [ ]
      } ],
      "all" : [ ],
      "none" : [ ],
      "failureSummary" : null
    }, {
      "html" : "<select name=\"selCountry5\" id=\"selCountry5\" class=\"clearfix country-select\" onchange=\"setSelects(this.form, 5)\" style=\"display:none\">\n          <option value=\"\">--------------------------------------</option>\n</select>",
      "target" : [ "#selCountry5" ],
      "impact" : null,
      "any" : [ {
        "id" : "color-contrast",
        "impact" : "serious",
        "message" : "Element is hidden",
        "data" : {
          "messageKey" : "hidden"
        },
        "relatedNodes" : [ ]
      } ],
      "all" : [ ],
      "none" : [ ],
      "failureSummary" : null
    }, {
      "html" : "<select id=\"traveler0\" class=\"traveler-type\">\n<option value=\"0\">Adult (26+)</option>\n<option value=\"1\">Youth (12-25)</option>\n<option value=\"2\">Child (4-11)</option>\n<option value=\"3\">Senior (60+)</option>\n</select>",
      "target" : [ "#passenger0 > .age-range.wrapper > .traveler-type" ],
      "impact" : null,
      "any" : [ {
        "id" : "color-contrast",
        "impact" : "serious",
        "message" : "Element has sufficient color contrast of 7.45",
        "data" : {
          "bgColor" : "#ffffff",
          "contrastRatio" : 7.45,
          "expectedContrastRatio" : "4.5:1",
          "fgColor" : "#555555",
          "fontSize" : "8.3pt (11px)",
          "fontWeight" : "normal"
        },
        "relatedNodes" : [ ]
      } ],
      "all" : [ ],
      "none" : [ ],
      "failureSummary" : null
    }, {
      "html" : "<select id=\"age0\" class=\"age\">",
      "target" : [ "#passenger0 > .youth-age.wrapper > .age" ],
      "impact" : null,
      "any" : [ {
        "id" : "color-contrast",
        "impact" : "serious",
        "message" : "Element is hidden",
        "data" : {
          "messageKey" : "hidden"
        },
        "relatedNodes" : [ ]
      } ],
      "all" : [ ],
      "none" : [ ],
      "failureSummary" : null
    }, {
      "html" : "<select class=\"country-select-box\" name=\"country0\" id=\"country0\">",
      "target" : [ "#country0" ],
      "impact" : null,
      "any" : [ {
        "id" : "color-contrast",
        "impact" : "serious",
        "message" : "Element is hidden",
        "data" : {
          "messageKey" : "hidden"
        },
        "relatedNodes" : [ ]
      } ],
      "all" : [ ],
      "none" : [ ],
      "failureSummary" : null
    }, {
      "html" : "<select class=\"select-time\" name=\"travelPeriod0\" id=\"travelPeriod0\">",
      "target" : [ "#travelPeriod0" ],
      "impact" : null,
      "any" : [ {
        "id" : "color-contrast",
        "impact" : "serious",
        "message" : "Element is hidden",
        "data" : {
          "messageKey" : "hidden"
        },
        "relatedNodes" : [ ]
      } ],
      "all" : [ ],
      "none" : [ ],
      "failureSummary" : null
    }, {
      "html" : "<select class=\"select-time\" id=\"validityPeriod0\" name=\"validityPeriod0\">",
      "target" : [ "#validityPeriod0" ],
      "impact" : null,
      "any" : [ {
        "id" : "color-contrast",
        "impact" : "serious",
        "message" : "Element is hidden",
        "data" : {
          "messageKey" : "hidden"
        },
        "relatedNodes" : [ ]
      } ],
      "all" : [ ],
      "none" : [ ],
      "failureSummary" : null
    }, {
      "html" : "<select id=\"traveler0\" class=\"traveler-type\" name=\"paxAge0\">\n<option value=\"26\">Adult (26+)</option>\n<option value=\"12\">Youth (12-25)</option>\n<option value=\"1\">Child (4-11)</option>\n<option value=\"60\">Senior (60+)</option>\n</select>",
      "target" : [ "select[name=\"paxAge0\"]" ],
      "impact" : null,
      "any" : [ {
        "id" : "color-contrast",
        "impact" : "serious",
        "message" : "Element is hidden",
        "data" : {
          "messageKey" : "hidden"
        },
        "relatedNodes" : [ ]
      } ],
      "all" : [ ],
      "none" : [ ],
      "failureSummary" : null
    }, {
      "html" : "<select id=\"age0\" name=\"youthAge0\" class=\"age\">",
      "target" : [ ".age[name=\"youthAge0\"]" ],
      "impact" : null,
      "any" : [ {
        "id" : "color-contrast",
        "impact" : "serious",
        "message" : "Element is hidden",
        "data" : {
          "messageKey" : "hidden"
        },
        "relatedNodes" : [ ]
      } ],
      "all" : [ ],
      "none" : [ ],
      "failureSummary" : null
    }, {
      "html" : "<input class=\"btn btn-large\" value=\"Search\" type=\"submit\">",
      "target" : [ "#passes-box-submit > .interior-container > .btn.btn-large[type=\"submit\"]" ],
      "impact" : null,
      "any" : [ {
        "id" : "color-contrast",
        "impact" : "serious",
        "message" : "Element is hidden",
        "data" : {
          "messageKey" : "hidden"
        },
        "relatedNodes" : [ ]
      } ],
      "all" : [ ],
      "none" : [ ],
      "failureSummary" : null
    }, {
      "html" : "<select name=\"countrylist\" class=\"country\" id=\"countrylist\">",
      "target" : [ "#countrylist" ],
      "impact" : null,
      "any" : [ {
        "id" : "color-contrast",
        "impact" : "serious",
        "message" : "Element is hidden",
        "data" : {
          "messageKey" : "hidden"
        },
        "relatedNodes" : [ ]
      } ],
      "all" : [ ],
      "none" : [ ],
      "failureSummary" : null
    }, {
      "html" : "<select name=\"citylist\" id=\"citylist\" class=\"country\"><option value=\"none\">Select Space Port</option></select>",
      "target" : [ "#citylist" ],
      "impact" : null,
      "any" : [ {
        "id" : "color-contrast",
        "impact" : "serious",
        "message" : "Element is hidden",
        "data" : {
          "messageKey" : "hidden"
        },
        "relatedNodes" : [ ]
      } ],
      "all" : [ ],
      "none" : [ ],
      "failureSummary" : null
    }, {
      "html" : "<input type=\"button\" onclick=\"checkform(document.activitiesform,'en','_top')\" class=\"btn btn-large\" value=\"Search\">",
      "target" : [ "#activities-box-submit > .interior-container > .btn.btn-large[value=\"Search\"]" ],
      "impact" : null,
      "any" : [ {
        "id" : "color-contrast",
        "impact" : "serious",
        "message" : "Element is hidden",
        "data" : {
          "messageKey" : "hidden"
        },
        "relatedNodes" : [ ]
      } ],
      "all" : [ ],
      "none" : [ ],
      "failureSummary" : null
    }, {
      "html" : "<select class=\"country\" name=\"hotelCountry\">",
      "target" : [ "select[name=\"hotelCountry\"]" ],
      "impact" : null,
      "any" : [ {
        "id" : "color-contrast",
        "impact" : "serious",
        "message" : "Element is hidden",
        "data" : {
          "messageKey" : "hidden"
        },
        "relatedNodes" : [ ]
      } ],
      "all" : [ ],
      "none" : [ ],
      "failureSummary" : null
    }, {
      "html" : "<input class=\"city\" tabindex=\"2\" value=\"\" placeholder=\"Enter your city\" name=\"hotelCity\" id=\"hotel-city\">",
      "target" : [ "#hotel-city" ],
      "impact" : null,
      "any" : [ {
        "id" : "color-contrast",
        "impact" : "serious",
        "message" : "Element is hidden",
        "data" : {
          "messageKey" : "hidden"
        },
        "relatedNodes" : [ ]
      } ],
      "all" : [ ],
      "none" : [ ],
      "failureSummary" : null
    }, {
      "html" : "<input tabindex=\"2\" value=\"\" placeholder=\"mm/dd/yyyy\" name=\"hotelCheckIn\" id=\"check-in-date\" size=\"10\" class=\"hasDatepicker input-dept\">",
      "target" : [ "#check-in-date" ],
      "impact" : null,
      "any" : [ {
        "id" : "color-contrast",
        "impact" : "serious",
        "message" : "Element is hidden",
        "data" : {
          "messageKey" : "hidden"
        },
        "relatedNodes" : [ ]
      } ],
      "all" : [ ],
      "none" : [ ],
      "failureSummary" : null
    }, {
      "html" : "<input tabindex=\"3\" value=\"\" placeholder=\"mm/dd/yyyy\" name=\"hotelCheckOut\" id=\"check-out-date\" size=\"10\" class=\"hasDatepicker input-dept\">",
      "target" : [ "#check-out-date" ],
      "impact" : null,
      "any" : [ {
        "id" : "color-contrast",
        "impact" : "serious",
        "message" : "Element is hidden",
        "data" : {
          "messageKey" : "hidden"
        },
        "relatedNodes" : [ ]
      } ],
      "all" : [ ],
      "none" : [ ],
      "failureSummary" : null
    }, {
      "html" : "<select tabindex=\"4\" value=\"\" name=\"hotelRoomNr\" id=\"num-rooms\" class=\"traveler-dropdown\">\n<option value=\"1\">1</option>\n<option value=\"2\">2</option>\n<option value=\"3\">3</option>\n<option value=\"4\">4</option>\n</select>",
      "target" : [ "#num-rooms" ],
      "impact" : null,
      "any" : [ {
        "id" : "color-contrast",
        "impact" : "serious",
        "message" : "Element is hidden",
        "data" : {
          "messageKey" : "hidden"
        },
        "relatedNodes" : [ ]
      } ],
      "all" : [ ],
      "none" : [ ],
      "failureSummary" : null
    }, {
      "html" : "<select tabindex=\"5\" value=\"\" name=\"room1adults\" id=\"num-adults\" class=\"traveler-dropdown\">\n<option value=\"1\">1</option>\n<option value=\"2\">2</option>\n<option value=\"3\">3</option>\n<option value=\"4\">4</option>\n<option value=\"5\">5</option>\n<option value=\"6\">6</option>\n</select>",
      "target" : [ "#num-adults" ],
      "impact" : null,
      "any" : [ {
        "id" : "color-contrast",
        "impact" : "serious",
        "message" : "Element is hidden",
        "data" : {
          "messageKey" : "hidden"
        },
        "relatedNodes" : [ ]
      } ],
      "all" : [ ],
      "none" : [ ],
      "failureSummary" : null
    }, {
      "html" : "<select tabindex=\"6\" value=\"\" name=\"room1children\" id=\"num-children\" class=\"traveler-dropdown\">",
      "target" : [ "#num-children" ],
      "impact" : null,
      "any" : [ {
        "id" : "color-contrast",
        "impact" : "serious",
        "message" : "Element is hidden",
        "data" : {
          "messageKey" : "hidden"
        },
        "relatedNodes" : [ ]
      } ],
      "all" : [ ],
      "none" : [ ],
      "failureSummary" : null
    }, {
      "html" : "<input type=\"submit\" value=\"Search\" name=\"search\" class=\"btn btn-large\">",
      "target" : [ "input[name=\"search\"]" ],
      "impact" : null,
      "any" : [ {
        "id" : "color-contrast",
        "impact" : "serious",
        "message" : "Element is hidden",
        "data" : {
          "messageKey" : "hidden"
        },
        "relatedNodes" : [ ]
      } ],
      "all" : [ ],
      "none" : [ ],
      "failureSummary" : null
    }, {
      "html" : "<a href=\"../mars2.html\" target=\"_blank\">Mars Commuter Express</a>",
      "target" : [ "#fafbba78", ".fsl > a" ],
      "impact" : null,
      "any" : [ {
        "id" : "color-contrast",
        "impact" : "serious",
        "message" : "Element has sufficient color contrast of 6.84",
        "data" : {
          "bgColor" : "#ffffff",
          "contrastRatio" : 6.84,
          "expectedContrastRatio" : "4.5:1",
          "fgColor" : "#3b5998",
          "fontSize" : "9.8pt (13px)",
          "fontWeight" : "bold"
        },
        "relatedNodes" : [ ]
      } ],
      "all" : [ ],
      "none" : [ ],
      "failureSummary" : null
    }, {
      "html" : "<button type=\"submit\"><i class=\"pluginButtonIcon img sp_like sx_like_thumb\"></i>Like</button>",
      "target" : [ "#fafbba78", ".pluginConnectButtonDisconnected > div > button" ],
      "impact" : null,
      "any" : [ {
        "id" : "color-contrast",
        "impact" : "serious",
        "message" : "Element has sufficient color contrast of 5.9",
        "data" : {
          "bgColor" : "#eceef5",
          "contrastRatio" : 5.9,
          "expectedContrastRatio" : "4.5:1",
          "fgColor" : "#3b5998",
          "fontSize" : "8.3pt (11px)",
          "fontWeight" : "normal"
        },
        "relatedNodes" : [ ]
      } ],
      "all" : [ ],
      "none" : [ ],
      "failureSummary" : null
    }, {
      "html" : "<span id=\"u_0_2\">378,121</span>",
      "target" : [ "#fafbba78", "#u_0_2" ],
      "impact" : null,
      "any" : [ {
        "id" : "color-contrast",
        "impact" : "serious",
        "message" : "Element has sufficient color contrast of 12.63",
        "data" : {
          "bgColor" : "#ffffff",
          "contrastRatio" : 12.63,
          "expectedContrastRatio" : "4.5:1",
          "fgColor" : "#333333",
          "fontSize" : "8.3pt (11px)",
          "fontWeight" : "normal"
        },
        "relatedNodes" : [ ]
      } ],
      "all" : [ ],
      "none" : [ ],
      "failureSummary" : null
    } ],
    "url" : null,
    "createdDate" : null
  }, {
    "id" : "document-title",
    "description" : "Ensures each HTML document contains a non-empty <title> element",
    "help" : "Documents must have <title> element to aid in navigation",
    "helpUrl" : "https://dequeuniversity.com/rules/axe/4.6/document-title?application=axeAPI",
    "impact" : "",
    "tags" : [ "cat.text-alternatives", "wcag2a", "wcag242", "ACT" ],
    "nodes" : [ {
      "html" : "<html class=\" js no-flexbox flexbox-legacy canvas canvastext webgl no-touch geolocation postmessage websqldatabase indexeddb hashchange history draganddrop websockets rgba hsla multiplebgs backgroundsize borderimage borderradius boxshadow textshadow opacity cssanimations csscolumns cssgradients cssreflections csstransforms csstransforms3d csstransitions fontface generatedcontent video audio localstorage sessionstorage webworkers applicationcache svg inlinesvg smil svgclippaths js no-flexbox flexbox-legacy canvas canvastext webgl no-touch geolocation postmessage websqldatabase indexeddb hashchange history draganddrop websockets rgba hsla multiplebgs backgroundsize borderimage borderradius boxshadow textshadow opacity cssanimations csscolumns cssgradients cssreflections csstransforms csstransforms3d csstransitions fontface generatedcontent video audio localstorage sessionstorage webworkers no-applicationcache svg inlinesvg smil svgclippaths\">",
      "target" : [ "html" ],
      "impact" : null,
      "any" : [ {
        "id" : "doc-has-title",
        "impact" : "serious",
        "message" : "Document has a non-empty <title> element",
        "data" : null,
        "relatedNodes" : [ ]
      } ],
      "all" : [ ],
      "none" : [ ],
      "failureSummary" : null
    } ],
    "url" : null,
    "createdDate" : null
  }, {
    "id" : "duplicate-id-active",
    "description" : "Ensures every id attribute value of active elements is unique",
    "help" : "IDs of active elements must be unique",
    "helpUrl" : "https://dequeuniversity.com/rules/axe/4.6/duplicate-id-active?application=axeAPI",
    "impact" : "serious",
    "tags" : [ "cat.parsing", "wcag2a", "wcag411" ],
    "nodes" : [ {
      "html" : "<select name=\"time0\" id=\"time0\" class=\"select-time\" tabindex=\"4\">",
      "target" : [ "#time0" ],
      "impact" : null,
      "any" : [ {
        "id" : "duplicate-id-active",
        "impact" : "serious",
        "message" : "Document has no active elements that share the same id attribute",
        "data" : "time0",
        "relatedNodes" : [ ]
      } ],
      "all" : [ ],
      "none" : [ ],
      "failureSummary" : null
    }, {
      "html" : "<input id=\"fs-submit\" type=\"submit\" class=\"btn btn-large submit-form\" value=\"Search\">",
      "target" : [ "#fs-submit" ],
      "impact" : null,
      "any" : [ {
        "id" : "duplicate-id-active",
        "impact" : "serious",
        "message" : "Document has no active elements that share the same id attribute",
        "data" : "fs-submit",
        "relatedNodes" : [ ]
      } ],
      "all" : [ ],
      "none" : [ ],
      "failureSummary" : null
    }, {
      "html" : "<div class=\"html5-video-player ytp-exp-bottom-control-flexbox ytp-title-enable-channel-logo ytp-fine-scrubbing-exp ytp-embed ytp-embed-playlist unstarted-mode ytp-hide-controls ytp-small-mode\" tabindex=\"-1\" id=\"movie_player\" data-version=\"/s/player/6f20102c/player_ias.vflset/en_US/base.js\" aria-label=\"YouTube Video Player\">",
      "target" : [ "#player", "#movie_player" ],
      "impact" : null,
      "any" : [ {
        "id" : "duplicate-id-active",
        "impact" : "serious",
        "message" : "Document has no active elements that share the same id attribute",
        "data" : "movie_player",
        "relatedNodes" : [ ]
      } ],
      "all" : [ ],
      "none" : [ ],
      "failureSummary" : null
    }, {
      "html" : "<a id=\"follow-button\" target=\"_blank\" class=\"btn\" title=\"Follow MarsCommuter on Twitter\" href=\"mars2.html\"><i></i><span class=\"label\" id=\"l\">Follow @MarsTrip1</span></a>",
      "target" : [ ".twitter-follow-button", "#follow-button" ],
      "impact" : null,
      "any" : [ {
        "id" : "duplicate-id-active",
        "impact" : "serious",
        "message" : "Document has no active elements that share the same id attribute",
        "data" : "follow-button",
        "relatedNodes" : [ ]
      } ],
      "all" : [ ],
      "none" : [ ],
      "failureSummary" : null
    } ],
    "url" : null,
    "createdDate" : null
  }, {
    "id" : "duplicate-id-aria",
    "description" : "Ensures every id attribute value used in ARIA and in labels is unique",
    "help" : "IDs used in ARIA and labels must be unique",
    "helpUrl" : "https://dequeuniversity.com/rules/axe/4.6/duplicate-id-aria?application=axeAPI",
    "impact" : "critical",
    "tags" : [ "cat.parsing", "wcag2a", "wcag411" ],
    "nodes" : [ {
      "html" : "<input type=\"radio\" name=\"widget-type\" id=\"widget-controls-fares\" value=\"0\" checked=\"checked\">",
      "target" : [ "#widget-controls-fares" ],
      "impact" : null,
      "any" : [ {
        "id" : "duplicate-id-aria",
        "impact" : "critical",
        "message" : "Document has no elements referenced with ARIA or labels that share the same id attribute",
        "data" : "widget-controls-fares",
        "relatedNodes" : [ ]
      } ],
      "all" : [ ],
      "none" : [ ],
      "failureSummary" : null
    }, {
      "html" : "<input type=\"radio\" name=\"widget-type\" id=\"widget-controls-passes\" value=\"1\">",
      "target" : [ "#widget-controls-passes" ],
      "impact" : null,
      "any" : [ {
        "id" : "duplicate-id-aria",
        "impact" : "critical",
        "message" : "Document has no elements referenced with ARIA or labels that share the same id attribute",
        "data" : "widget-controls-passes",
        "relatedNodes" : [ ]
      } ],
      "all" : [ ],
      "none" : [ ],
      "failureSummary" : null
    }, {
      "html" : "<input type=\"radio\" name=\"widget-type\" id=\"widget-controls-reservations\" value=\"2\">",
      "target" : [ "#widget-controls-reservations" ],
      "impact" : null,
      "any" : [ {
        "id" : "duplicate-id-aria",
        "impact" : "critical",
        "message" : "Document has no elements referenced with ARIA or labels that share the same id attribute",
        "data" : "widget-controls-reservations",
        "relatedNodes" : [ ]
      } ],
      "all" : [ ],
      "none" : [ ],
      "failureSummary" : null
    }, {
      "html" : "<input type=\"radio\" name=\"widget-type\" id=\"widget-controls-activities\" value=\"4\">",
      "target" : [ "#widget-controls-activities" ],
      "impact" : null,
      "any" : [ {
        "id" : "duplicate-id-aria",
        "impact" : "critical",
        "message" : "Document has no elements referenced with ARIA or labels that share the same id attribute",
        "data" : "widget-controls-activities",
        "relatedNodes" : [ ]
      } ],
      "all" : [ ],
      "none" : [ ],
      "failureSummary" : null
    }, {
      "html" : "<input type=\"radio\" name=\"widget-type\" id=\"widget-controls-hotels\" value=\"3\">",
      "target" : [ "#widget-controls-hotels" ],
      "impact" : null,
      "any" : [ {
        "id" : "duplicate-id-aria",
        "impact" : "critical",
        "message" : "Document has no elements referenced with ARIA or labels that share the same id attribute",
        "data" : "widget-controls-hotels",
        "relatedNodes" : [ ]
      } ],
      "all" : [ ],
      "none" : [ ],
      "failureSummary" : null
    }, {
      "html" : "<input type=\"radio\" name=\"route-type\" id=\"route-type-one-way\" value=\"0\" checked=\"checked\">",
      "target" : [ "#route-type-one-way" ],
      "impact" : null,
      "any" : [ {
        "id" : "duplicate-id-aria",
        "impact" : "critical",
        "message" : "Document has no elements referenced with ARIA or labels that share the same id attribute",
        "data" : "route-type-one-way",
        "relatedNodes" : [ ]
      } ],
      "all" : [ ],
      "none" : [ ],
      "failureSummary" : null
    }, {
      "html" : "<input type=\"radio\" name=\"route-type\" id=\"route-type-round-trip\" value=\"1\">",
      "target" : [ "#route-type-round-trip" ],
      "impact" : null,
      "any" : [ {
        "id" : "duplicate-id-aria",
        "impact" : "critical",
        "message" : "Document has no elements referenced with ARIA or labels that share the same id attribute",
        "data" : "route-type-round-trip",
        "relatedNodes" : [ ]
      } ],
      "all" : [ ],
      "none" : [ ],
      "failureSummary" : null
    }, {
      "html" : "<input type=\"radio\" name=\"route-type\" id=\"route-type-multi-city\" value=\"2\">",
      "target" : [ "#route-type-multi-city" ],
      "impact" : null,
      "any" : [ {
        "id" : "duplicate-id-aria",
        "impact" : "critical",
        "message" : "Document has no elements referenced with ARIA or labels that share the same id attribute",
        "data" : "route-type-multi-city",
        "relatedNodes" : [ ]
      } ],
      "all" : [ ],
      "none" : [ ],
      "failureSummary" : null
    }, {
      "html" : "<input type=\"text\" value=\"\" class=\"city-input ac_input ui-autocomplete-input\" autocomplete=\"off\" id=\"from0\" name=\"from0\" tabindex=\"1\" role=\"textbox\" aria-autocomplete=\"list\" aria-haspopup=\"true\">",
      "target" : [ "#from0" ],
      "impact" : null,
      "any" : [ {
        "id" : "duplicate-id-aria",
        "impact" : "critical",
        "message" : "Document has no elements referenced with ARIA or labels that share the same id attribute",
        "data" : "from0",
        "relatedNodes" : [ ]
      } ],
      "all" : [ ],
      "none" : [ ],
      "failureSummary" : null
    }, {
      "html" : "<input type=\"text\" value=\"\" class=\"city-input ac_input ui-autocomplete-input\" autocomplete=\"off\" id=\"to0\" name=\"to0\" tabindex=\"1\" role=\"textbox\" aria-autocomplete=\"list\" aria-haspopup=\"true\">",
      "target" : [ "#to0" ],
      "impact" : null,
      "any" : [ {
        "id" : "duplicate-id-aria",
        "impact" : "critical",
        "message" : "Document has no elements referenced with ARIA or labels that share the same id attribute",
        "data" : "to0",
        "relatedNodes" : [ ]
      } ],
      "all" : [ ],
      "none" : [ ],
      "failureSummary" : null
    }, {
      "html" : "<input size=\"10\" id=\"deptDate0\" name=\"deptDate0\" placeholder=\"mm/dd/yyyy\" value=\"\" tabindex=\"3\" class=\"hasDatepicker input-dept\">",
      "target" : [ "#deptDate0" ],
      "impact" : null,
      "any" : [ {
        "id" : "duplicate-id-aria",
        "impact" : "critical",
        "message" : "Document has no elements referenced with ARIA or labels that share the same id attribute",
        "data" : "deptDate0",
        "relatedNodes" : [ ]
      } ],
      "all" : [ ],
      "none" : [ ],
      "failureSummary" : null
    }, {
      "html" : "<input type=\"radio\" name=\"pass-question-radio\" id=\"pass-question-yes\" value=\"0\">",
      "target" : [ "#pass-question-yes" ],
      "impact" : null,
      "any" : [ {
        "id" : "duplicate-id-aria",
        "impact" : "critical",
        "message" : "Document has no elements referenced with ARIA or labels that share the same id attribute",
        "data" : "pass-question-yes",
        "relatedNodes" : [ ]
      } ],
      "all" : [ ],
      "none" : [ ],
      "failureSummary" : null
    }, {
      "html" : "<input type=\"radio\" name=\"pass-question-radio\" id=\"pass-question-no\" value=\"1\" checked=\"checked\">",
      "target" : [ "#pass-question-no" ],
      "impact" : null,
      "any" : [ {
        "id" : "duplicate-id-aria",
        "impact" : "critical",
        "message" : "Document has no elements referenced with ARIA or labels that share the same id attribute",
        "data" : "pass-question-no",
        "relatedNodes" : [ ]
      } ],
      "all" : [ ],
      "none" : [ ],
      "failureSummary" : null
    }, {
      "html" : "<input type=\"radio\" value=\"9\" name=\"fromFareType\" id=\"1stclass\" selected=\"\" class=\"item\">",
      "target" : [ "#\\31 stclass" ],
      "impact" : null,
      "any" : [ {
        "id" : "duplicate-id-aria",
        "impact" : "critical",
        "message" : "Document has no elements referenced with ARIA or labels that share the same id attribute",
        "data" : "1stclass",
        "relatedNodes" : [ ]
      } ],
      "all" : [ ],
      "none" : [ ],
      "failureSummary" : null
    }, {
      "html" : "<input type=\"radio\" value=\"10\" name=\"fromFareType\" id=\"2ndclass\" class=\"item\">",
      "target" : [ "#\\32 ndclass" ],
      "impact" : null,
      "any" : [ {
        "id" : "duplicate-id-aria",
        "impact" : "critical",
        "message" : "Document has no elements referenced with ARIA or labels that share the same id attribute",
        "data" : "2ndclass",
        "relatedNodes" : [ ]
      } ],
      "all" : [ ],
      "none" : [ ],
      "failureSummary" : null
    }, {
      "html" : "<select class=\"country-select-box\" name=\"country0\" id=\"country0\">",
      "target" : [ "#country0" ],
      "impact" : null,
      "any" : [ {
        "id" : "duplicate-id-aria",
        "impact" : "critical",
        "message" : "Document has no elements referenced with ARIA or labels that share the same id attribute",
        "data" : "country0",
        "relatedNodes" : [ ]
      } ],
      "all" : [ ],
      "none" : [ ],
      "failureSummary" : null
    }, {
      "html" : "<input tabindex=\"2\" value=\"\" placeholder=\"mm/dd/yyyy\" name=\"hotelCheckIn\" id=\"check-in-date\" size=\"10\" class=\"hasDatepicker input-dept\">",
      "target" : [ "#check-in-date" ],
      "impact" : null,
      "any" : [ {
        "id" : "duplicate-id-aria",
        "impact" : "critical",
        "message" : "Document has no elements referenced with ARIA or labels that share the same id attribute",
        "data" : "check-in-date",
        "relatedNodes" : [ ]
      } ],
      "all" : [ ],
      "none" : [ ],
      "failureSummary" : null
    }, {
      "html" : "<input tabindex=\"3\" value=\"\" placeholder=\"mm/dd/yyyy\" name=\"hotelCheckOut\" id=\"check-out-date\" size=\"10\" class=\"hasDatepicker input-dept\">",
      "target" : [ "#check-out-date" ],
      "impact" : null,
      "any" : [ {
        "id" : "duplicate-id-aria",
        "impact" : "critical",
        "message" : "Document has no elements referenced with ARIA or labels that share the same id attribute",
        "data" : "check-out-date",
        "relatedNodes" : [ ]
      } ],
      "all" : [ ],
      "none" : [ ],
      "failureSummary" : null
    }, {
      "html" : "<select tabindex=\"4\" value=\"\" name=\"hotelRoomNr\" id=\"num-rooms\" class=\"traveler-dropdown\">\n<option value=\"1\">1</option>\n<option value=\"2\">2</option>\n<option value=\"3\">3</option>\n<option value=\"4\">4</option>\n</select>",
      "target" : [ "#num-rooms" ],
      "impact" : null,
      "any" : [ {
        "id" : "duplicate-id-aria",
        "impact" : "critical",
        "message" : "Document has no elements referenced with ARIA or labels that share the same id attribute",
        "data" : "num-rooms",
        "relatedNodes" : [ ]
      } ],
      "all" : [ ],
      "none" : [ ],
      "failureSummary" : null
    }, {
      "html" : "<select tabindex=\"5\" value=\"\" name=\"room1adults\" id=\"num-adults\" class=\"traveler-dropdown\">\n<option value=\"1\">1</option>\n<option value=\"2\">2</option>\n<option value=\"3\">3</option>\n<option value=\"4\">4</option>\n<option value=\"5\">5</option>\n<option value=\"6\">6</option>\n</select>",
      "target" : [ "#num-adults" ],
      "impact" : null,
      "any" : [ {
        "id" : "duplicate-id-aria",
        "impact" : "critical",
        "message" : "Document has no elements referenced with ARIA or labels that share the same id attribute",
        "data" : "num-adults",
        "relatedNodes" : [ ]
      } ],
      "all" : [ ],
      "none" : [ ],
      "failureSummary" : null
    }, {
      "html" : "<select tabindex=\"6\" value=\"\" name=\"room1children\" id=\"num-children\" class=\"traveler-dropdown\">",
      "target" : [ "#num-children" ],
      "impact" : null,
      "any" : [ {
        "id" : "duplicate-id-aria",
        "impact" : "critical",
        "message" : "Document has no elements referenced with ARIA or labels that share the same id attribute",
        "data" : "num-children",
        "relatedNodes" : [ ]
      } ],
      "all" : [ ],
      "none" : [ ],
      "failureSummary" : null
    }, {
      "html" : "<div class=\"ytp-playlist-menu\" role=\"dialog\" id=\"ytp-id-24\" data-layer=\"5\" style=\"display: none;\">",
      "target" : [ "#player", "#ytp-id-24" ],
      "impact" : null,
      "any" : [ {
        "id" : "duplicate-id-aria",
        "impact" : "critical",
        "message" : "Document has no elements referenced with ARIA or labels that share the same id attribute",
        "data" : "ytp-id-24",
        "relatedNodes" : [ ]
      } ],
      "all" : [ ],
      "none" : [ ],
      "failureSummary" : null
    }, {
      "html" : "<div class=\"ytp-share-panel\" id=\"ytp-id-27\" role=\"dialog\" aria-labelledby=\"ytp-id-26\" data-layer=\"5\" style=\"display: none;\">",
      "target" : [ "#player", "#ytp-id-27" ],
      "impact" : null,
      "any" : [ {
        "id" : "duplicate-id-aria",
        "impact" : "critical",
        "message" : "Document has no elements referenced with ARIA or labels that share the same id attribute",
        "data" : "ytp-id-27",
        "relatedNodes" : [ ]
      } ],
      "all" : [ ],
      "none" : [ ],
      "failureSummary" : null
    }, {
      "html" : "<div class=\"ytp-share-panel-title\" id=\"ytp-id-26\">Share</div>",
      "target" : [ "#player", "#ytp-id-26" ],
      "impact" : null,
      "any" : [ {
        "id" : "duplicate-id-aria",
        "impact" : "critical",
        "message" : "Document has no elements referenced with ARIA or labels that share the same id attribute",
        "data" : "ytp-id-26",
        "relatedNodes" : [ ]
      } ],
      "all" : [ ],
      "none" : [ ],
      "failureSummary" : null
    }, {
      "html" : "<div class=\"ytp-overflow-panel\" id=\"ytp-id-31\" role=\"dialog\" data-layer=\"5\" style=\"display: none;\">",
      "target" : [ "#player", "#ytp-id-31" ],
      "impact" : null,
      "any" : [ {
        "id" : "duplicate-id-aria",
        "impact" : "critical",
        "message" : "Document has no elements referenced with ARIA or labels that share the same id attribute",
        "data" : "ytp-id-31",
        "relatedNodes" : [ ]
      } ],
      "all" : [ ],
      "none" : [ ],
      "failureSummary" : null
    }, {
      "html" : "<div class=\"ytp-info-panel-detail\" role=\"dialog\" id=\"ytp-id-32\">",
      "target" : [ "#player", "#ytp-id-32" ],
      "impact" : null,
      "any" : [ {
        "id" : "duplicate-id-aria",
        "impact" : "critical",
        "message" : "Document has no elements referenced with ARIA or labels that share the same id attribute",
        "data" : "ytp-id-32",
        "relatedNodes" : [ ]
      } ],
      "all" : [ ],
      "none" : [ ],
      "failureSummary" : null
    }, {
      "html" : "<div class=\"ytp-popup ytp-settings-menu\" data-layer=\"6\" id=\"ytp-id-18\" style=\"display: none;\"><div class=\"ytp-panel\"><div class=\"ytp-panel-menu\" role=\"menu\"></div></div></div>",
      "target" : [ "#player", "#ytp-id-18" ],
      "impact" : null,
      "any" : [ {
        "id" : "duplicate-id-aria",
        "impact" : "critical",
        "message" : "Document has no elements referenced with ARIA or labels that share the same id attribute",
        "data" : "ytp-id-18",
        "relatedNodes" : [ ]
      } ],
      "all" : [ ],
      "none" : [ ],
      "failureSummary" : null
    } ],
    "url" : null,
    "createdDate" : null
  }, {
    "id" : "duplicate-id",
    "description" : "Ensures every id attribute value is unique",
    "help" : "id attribute value must be unique",
    "helpUrl" : "https://dequeuniversity.com/rules/axe/4.6/duplicate-id?application=axeAPI",
    "impact" : "minor",
    "tags" : [ "cat.parsing", "wcag2a", "wcag411" ],
    "nodes" : [ {
      "html" : "<script type=\"text/javascript\" id=\"www-widgetapi-script\" src=\"https://www.youtube.com/s/player/6f20102c/www-widgetapi.vflset/www-widgetapi.js\" async=\"\"></script>",
      "target" : [ "#www-widgetapi-script" ],
      "impact" : null,
      "any" : [ {
        "id" : "duplicate-id",
        "impact" : "minor",
        "message" : "Document has no static elements that share the same id attribute",
        "data" : "www-widgetapi-script",
        "relatedNodes" : [ ]
      } ],
      "all" : [ ],
      "none" : [ ],
      "failureSummary" : null
    }, {
      "html" : "<script id=\"facebook-jssdk\" src=\"/assets/demo-sites/mars/js/all.js\"></script>",
      "target" : [ "#facebook-jssdk" ],
      "impact" : null,
      "any" : [ {
        "id" : "duplicate-id",
        "impact" : "minor",
        "message" : "Document has no static elements that share the same id attribute",
        "data" : "facebook-jssdk",
        "relatedNodes" : [ ]
      } ],
      "all" : [ ],
      "none" : [ ],
      "failureSummary" : null
    }, {
      "html" : "<script id=\"twitter-wjs\" src=\"/assets/demo-sites/mars/js/widgets.js\"></script>",
      "target" : [ "#twitter-wjs" ],
      "impact" : null,
      "any" : [ {
        "id" : "duplicate-id",
        "impact" : "minor",
        "message" : "Document has no static elements that share the same id attribute",
        "data" : "twitter-wjs",
        "relatedNodes" : [ ]
      } ],
      "all" : [ ],
      "none" : [ ],
      "failureSummary" : null
    }, {
      "html" : "<script type=\"text/javascript\" charset=\"UTF-8\" src=\"/assets/demo-sites/mars/js/saved_resource(1)\" id=\"lpScriptId941291587659-604199453256\"></script>",
      "target" : [ "#lpScriptId941291587659-604199453256" ],
      "impact" : null,
      "any" : [ {
        "id" : "duplicate-id",
        "impact" : "minor",
        "message" : "Document has no static elements that share the same id attribute",
        "data" : "lpScriptId941291587659-604199453256",
        "relatedNodes" : [ ]
      } ],
      "all" : [ ],
      "none" : [ ],
      "failureSummary" : null
    }, {
      "html" : "<div id=\"purposeDisclaimer\">This web page is for demonstration purposes, to show common accessibility errors.</div>",
      "target" : [ "#purposeDisclaimer" ],
      "impact" : null,
      "any" : [ {
        "id" : "duplicate-id",
        "impact" : "minor",
        "message" : "Document has no static elements that share the same id attribute",
        "data" : "purposeDisclaimer",
        "relatedNodes" : [ ]
      } ],
      "all" : [ ],
      "none" : [ ],
      "failureSummary" : null
    }, {
      "html" : "<div id=\"fb-root\" class=\" fb_reset\">",
      "target" : [ "#fb-root" ],
      "impact" : null,
      "any" : [ {
        "id" : "duplicate-id",
        "impact" : "minor",
        "message" : "Document has no static elements that share the same id attribute",
        "data" : "fb-root",
        "relatedNodes" : [ ]
      } ],
      "all" : [ ],
      "none" : [ ],
      "failureSummary" : null
    }, {
      "html" : "<iframe name=\"fb_xdm_frame_http\" frameborder=\"0\" allowtransparency=\"true\" scrolling=\"no\" id=\"fb_xdm_frame_http\" aria-hidden=\"true\" title=\"Facebook Cross Domain Communication Frame\" tab-index=\"-1\" style=\"border: none;\" src=\"/assets/demo-sites/mars/js/xd_arbiter.html\"></iframe>",
      "target" : [ "#fb_xdm_frame_http" ],
      "impact" : null,
      "any" : [ {
        "id" : "duplicate-id",
        "impact" : "minor",
        "message" : "Document has no static elements that share the same id attribute",
        "data" : "fb_xdm_frame_http",
        "relatedNodes" : [ ]
      } ],
      "all" : [ ],
      "none" : [ ],
      "failureSummary" : null
    }, {
      "html" : "<iframe name=\"fb_xdm_frame_https\" frameborder=\"0\" allowtransparency=\"true\" scrolling=\"no\" id=\"fb_xdm_frame_https\" aria-hidden=\"true\" title=\"Facebook Cross Domain Communication Frame\" tab-index=\"-1\" style=\"border: none;\" src=\"/assets/demo-sites/mars/js/xd_arbiter(1).html\"></iframe>",
      "target" : [ "#fb_xdm_frame_https" ],
      "impact" : null,
      "any" : [ {
        "id" : "duplicate-id",
        "impact" : "minor",
        "message" : "Document has no static elements that share the same id attribute",
        "data" : "fb_xdm_frame_https",
        "relatedNodes" : [ ]
      } ],
      "all" : [ ],
      "none" : [ ],
      "failureSummary" : null
    }, {
      "html" : "<div id=\"header-panel\" class=\"container\">",
      "target" : [ "#header-panel" ],
      "impact" : null,
      "any" : [ {
        "id" : "duplicate-id",
        "impact" : "minor",
        "message" : "Document has no static elements that share the same id attribute",
        "data" : "header-panel",
        "relatedNodes" : [ ]
      } ],
      "all" : [ ],
      "none" : [ ],
      "failureSummary" : null
    }, {
      "html" : "<div class=\"pull-left\" id=\"logo\">\n<a href=\"demo/mars/#\" title=\"MarsCommuter®\">\n<i class=\"icon-logo\"></i>\n</a>\n    </div>",
      "target" : [ "#logo" ],
      "impact" : null,
      "any" : [ {
        "id" : "duplicate-id",
        "impact" : "minor",
        "message" : "Document has no static elements that share the same id attribute",
        "data" : "logo",
        "relatedNodes" : [ ]
      } ],
      "all" : [ ],
      "none" : [ ],
      "failureSummary" : null
    }, {
      "html" : "<div id=\"identity\" class=\"pull-right\">\n        <span class=\"loggedin first\" style=\"display: none;\">\n          You are signed in as <a href=\"mars2.html?a=email\"><span id=\"email\"></span> </a>\n        </span>\n</div>",
      "target" : [ "#identity" ],
      "impact" : null,
      "any" : [ {
        "id" : "duplicate-id",
        "impact" : "minor",
        "message" : "Document has no static elements that share the same id attribute",
        "data" : "identity",
        "relatedNodes" : [ ]
      } ],
      "all" : [ ],
      "none" : [ ],
      "failureSummary" : null
    }, {
      "html" : "<span id=\"email\"></span>",
      "target" : [ "#email" ],
      "impact" : null,
      "any" : [ {
        "id" : "duplicate-id",
        "impact" : "minor",
        "message" : "Document has no static elements that share the same id attribute",
        "data" : "email",
        "relatedNodes" : [ ]
      } ],
      "all" : [ ],
      "none" : [ ],
      "failureSummary" : null
    }, {
      "html" : "<div id=\"language-bar\" class=\"pull-right\">",
      "target" : [ "#language-bar" ],
      "impact" : null,
      "any" : [ {
        "id" : "duplicate-id",
        "impact" : "minor",
        "message" : "Document has no static elements that share the same id attribute",
        "data" : "language-bar",
        "relatedNodes" : [ ]
      } ],
      "all" : [ ],
      "none" : [ ],
      "failureSummary" : null
    }, {
      "html" : "<li id=\"country-select\" class=\"dropdown\">\n\n<a href=\"javascript:;\" class=\"dropdown-toggle\" data-toggle=\"dropdown\">\nYour country<span class=\"currency-select\"><!--($USD)--></span>\n<i class=\"icon-langbar-down-arrow\"></i>\n</a><ul class=\"dropdown-menu\"></ul>\n</li>",
      "target" : [ "#country-select" ],
      "impact" : null,
      "any" : [ {
        "id" : "duplicate-id",
        "impact" : "minor",
        "message" : "Document has no static elements that share the same id attribute",
        "data" : "country-select",
        "relatedNodes" : [ ]
      } ],
      "all" : [ ],
      "none" : [ ],
      "failureSummary" : null
    }, {
      "html" : "<div id=\"menu-panel\" class=\"container\">",
      "target" : [ "#menu-panel" ],
      "impact" : null,
      "any" : [ {
        "id" : "duplicate-id",
        "impact" : "minor",
        "message" : "Document has no static elements that share the same id attribute",
        "data" : "menu-panel",
        "relatedNodes" : [ ]
      } ],
      "all" : [ ],
      "none" : [ ],
      "failureSummary" : null
    }, {
      "html" : "<nav id=\"main-nav\">",
      "target" : [ "#main-nav" ],
      "impact" : null,
      "any" : [ {
        "id" : "duplicate-id",
        "impact" : "minor",
        "message" : "Document has no static elements that share the same id attribute",
        "data" : "main-nav",
        "relatedNodes" : [ ]
      } ],
      "all" : [ ],
      "none" : [ ],
      "failureSummary" : null
    }, {
      "html" : "<nav id=\"main-sub-nav\" class=\"pull-right\">",
      "target" : [ "#main-sub-nav" ],
      "impact" : null,
      "any" : [ {
        "id" : "duplicate-id",
        "impact" : "minor",
        "message" : "Document has no static elements that share the same id attribute",
        "data" : "main-sub-nav",
        "relatedNodes" : [ ]
      } ],
      "all" : [ ],
      "none" : [ ],
      "failureSummary" : null
    }, {
      "html" : "<section id=\"content\" class=\"container\">",
      "target" : [ "#content" ],
      "impact" : null,
      "any" : [ {
        "id" : "duplicate-id",
        "impact" : "minor",
        "message" : "Document has no static elements that share the same id attribute",
        "data" : "content",
        "relatedNodes" : [ ]
      } ],
      "all" : [ ],
      "none" : [ ],
      "failureSummary" : null
    }, {
      "html" : "<div class=\"span7 left-first pull-left\" id=\"left-column\">",
      "target" : [ "#left-column" ],
      "impact" : null,
      "any" : [ {
        "id" : "duplicate-id",
        "impact" : "minor",
        "message" : "Document has no static elements that share the same id attribute",
        "data" : "left-column",
        "relatedNodes" : [ ]
      } ],
      "all" : [ ],
      "none" : [ ],
      "failureSummary" : null
    }, {
      "html" : "<div class=\"span2-5 vap-col left-first\" id=\"vap-plan\">",
      "target" : [ "#vap-plan" ],
      "impact" : null,
      "any" : [ {
        "id" : "duplicate-id",
        "impact" : "minor",
        "message" : "Document has no static elements that share the same id attribute",
        "data" : "vap-plan",
        "relatedNodes" : [ ]
      } ],
      "all" : [ ],
      "none" : [ ],
      "failureSummary" : null
    }, {
      "html" : "<div class=\"span2-5 vap-col\" id=\"vap-book\">",
      "target" : [ "#vap-book" ],
      "impact" : null,
      "any" : [ {
        "id" : "duplicate-id",
        "impact" : "minor",
        "message" : "Document has no static elements that share the same id attribute",
        "data" : "vap-book",
        "relatedNodes" : [ ]
      } ],
      "all" : [ ],
      "none" : [ ],
      "failureSummary" : null
    }, {
      "html" : "<div class=\"span2-5 vap-col\" id=\"vap-travel\">",
      "target" : [ "#vap-travel" ],
      "impact" : null,
      "any" : [ {
        "id" : "duplicate-id",
        "impact" : "minor",
        "message" : "Document has no static elements that share the same id attribute",
        "data" : "vap-travel",
        "relatedNodes" : [ ]
      } ],
      "all" : [ ],
      "none" : [ ],
      "failureSummary" : null
    }, {
      "html" : "<div id=\"vertical-carousel\">",
      "target" : [ "#vertical-carousel" ],
      "impact" : null,
      "any" : [ {
        "id" : "duplicate-id",
        "impact" : "minor",
        "message" : "Document has no static elements that share the same id attribute",
        "data" : "vertical-carousel",
        "relatedNodes" : [ ]
      } ],
      "all" : [ ],
      "none" : [ ],
      "failureSummary" : null
    }, {
      "html" : "<div class=\"span5\" id=\"right-column\">",
      "target" : [ "#right-column" ],
      "impact" : null,
      "any" : [ {
        "id" : "duplicate-id",
        "impact" : "minor",
        "message" : "Document has no static elements that share the same id attribute",
        "data" : "right-column",
        "relatedNodes" : [ ]
      } ],
      "all" : [ ],
      "none" : [ ],
      "failureSummary" : null
    }, {
      "html" : "<div id=\"widget\">",
      "target" : [ "#widget" ],
      "impact" : null,
      "any" : [ {
        "id" : "duplicate-id",
        "impact" : "minor",
        "message" : "Document has no static elements that share the same id attribute",
        "data" : "widget",
        "relatedNodes" : [ ]
      } ],
      "all" : [ ],
      "none" : [ ],
      "failureSummary" : null
    }, {
      "html" : "<div id=\"widget-controls\" class=\"widget-container head\">",
      "target" : [ "#widget-controls" ],
      "impact" : null,
      "any" : [ {
        "id" : "duplicate-id",
        "impact" : "minor",
        "message" : "Document has no static elements that share the same id attribute",
        "data" : "widget-controls",
        "relatedNodes" : [ ]
      } ],
      "all" : [ ],
      "none" : [ ],
      "failureSummary" : null
    }, {
      "html" : "<label id=\"widget-controls-fares-label\" for=\"widget-controls-fares\" class=\"selected\">Find Fares &amp; Schedules</label>",
      "target" : [ "#widget-controls-fares-label" ],
      "impact" : null,
      "any" : [ {
        "id" : "duplicate-id",
        "impact" : "minor",
        "message" : "Document has no static elements that share the same id attribute",
        "data" : "widget-controls-fares-label",
        "relatedNodes" : [ ]
      } ],
      "all" : [ ],
      "none" : [ ],
      "failureSummary" : null
    }, {
      "html" : "<label id=\"widget-controls-passes-label\" for=\"widget-controls-passes\">MarsCommuter Passes</label>",
      "target" : [ "#widget-controls-passes-label" ],
      "impact" : null,
      "any" : [ {
        "id" : "duplicate-id",
        "impact" : "minor",
        "message" : "Document has no static elements that share the same id attribute",
        "data" : "widget-controls-passes-label",
        "relatedNodes" : [ ]
      } ],
      "all" : [ ],
      "none" : [ ],
      "failureSummary" : null
    }, {
      "html" : "<label id=\"widget-controls-reservations-label\" for=\"widget-controls-reservations\">MarsCommuter Reservations</label>",
      "target" : [ "#widget-controls-reservations-label" ],
      "impact" : null,
      "any" : [ {
        "id" : "duplicate-id",
        "impact" : "minor",
        "message" : "Document has no static elements that share the same id attribute",
        "data" : "widget-controls-reservations-label",
        "relatedNodes" : [ ]
      } ],
      "all" : [ ],
      "none" : [ ],
      "failureSummary" : null
    }, {
      "html" : "<label id=\"widget-controls-activities-label\" for=\"widget-controls-activities\">Find Activities</label>",
      "target" : [ "#widget-controls-activities-label" ],
      "impact" : null,
      "any" : [ {
        "id" : "duplicate-id",
        "impact" : "minor",
        "message" : "Document has no static elements that share the same id attribute",
        "data" : "widget-controls-activities-label",
        "relatedNodes" : [ ]
      } ],
      "all" : [ ],
      "none" : [ ],
      "failureSummary" : null
    }, {
      "html" : "<label id=\"widget-controls-hotels-label\" for=\"widget-controls-hotels\">Book a Hotel</label>",
      "target" : [ "#widget-controls-hotels-label" ],
      "impact" : null,
      "any" : [ {
        "id" : "duplicate-id",
        "impact" : "minor",
        "message" : "Document has no static elements that share the same id attribute",
        "data" : "widget-controls-hotels-label",
        "relatedNodes" : [ ]
      } ],
      "all" : [ ],
      "none" : [ ],
      "failureSummary" : null
    }, {
      "html" : "<div id=\"active-widget\">",
      "target" : [ "#active-widget" ],
      "impact" : null,
      "any" : [ {
        "id" : "duplicate-id",
        "impact" : "minor",
        "message" : "Document has no static elements that share the same id attribute",
        "data" : "active-widget",
        "relatedNodes" : [ ]
      } ],
      "all" : [ ],
      "none" : [ ],
      "failureSummary" : null
    }, {
      "html" : "<div id=\"booking-box\" class=\"w-b-box\" style=\"display: block;\">",
      "target" : [ "#booking-box" ],
      "impact" : null,
      "any" : [ {
        "id" : "duplicate-id",
        "impact" : "minor",
        "message" : "Document has no static elements that share the same id attribute",
        "data" : "booking-box",
        "relatedNodes" : [ ]
      } ],
      "all" : [ ],
      "none" : [ ],
      "failureSummary" : null
    }, {
      "html" : "<form name=\"form1\" target=\"_top\" id=\"form1\" method=\"get\" class=\"form-fill ptp_request ptp-form\" action=\"/demo/mars/mars2\">",
      "target" : [ "#form1" ],
      "impact" : null,
      "any" : [ {
        "id" : "duplicate-id",
        "impact" : "minor",
        "message" : "Document has no static elements that share the same id attribute",
        "data" : "form1",
        "relatedNodes" : [ ]
      } ],
      "all" : [ ],
      "none" : [ ],
      "failureSummary" : null
    }, {
      "html" : "<input type=\"hidden\" name=\"fn\" value=\"fsRequest\" id=\"ptp-form-fn\">",
      "target" : [ "#ptp-form-fn" ],
      "impact" : null,
      "any" : [ {
        "id" : "duplicate-id",
        "impact" : "minor",
        "message" : "Document has no static elements that share the same id attribute",
        "data" : "ptp-form-fn",
        "relatedNodes" : [ ]
      } ],
      "all" : [ ],
      "none" : [ ],
      "failureSummary" : null
    }, {
      "html" : "<input type=\"hidden\" name=\"roundtrip\" value=\"0\" id=\"roundtrip\">",
      "target" : [ "#roundtrip" ],
      "impact" : null,
      "any" : [ {
        "id" : "duplicate-id",
        "impact" : "minor",
        "message" : "Document has no static elements that share the same id attribute",
        "data" : "roundtrip",
        "relatedNodes" : [ ]
      } ],
      "all" : [ ],
      "none" : [ ],
      "failureSummary" : null
    }, {
      "html" : "<input id=\"from1\" name=\"from1\" type=\"hidden\" class=\"fromone\">",
      "target" : [ "#from1" ],
      "impact" : null,
      "any" : [ {
        "id" : "duplicate-id",
        "impact" : "minor",
        "message" : "Document has no static elements that share the same id attribute",
        "data" : "from1",
        "relatedNodes" : [ ]
      } ],
      "all" : [ ],
      "none" : [ ],
      "failureSummary" : null
    }, {
      "html" : "<input id=\"to1\" name=\"to1\" type=\"hidden\" class=\"toone\">",
      "target" : [ "#to1" ],
      "impact" : null,
      "any" : [ {
        "id" : "duplicate-id",
        "impact" : "minor",
        "message" : "Document has no static elements that share the same id attribute",
        "data" : "to1",
        "relatedNodes" : [ ]
      } ],
      "all" : [ ],
      "none" : [ ],
      "failureSummary" : null
    }, {
      "html" : "<input id=\"v\" name=\"v\" type=\"hidden\">",
      "target" : [ "#v" ],
      "impact" : null,
      "any" : [ {
        "id" : "duplicate-id",
        "impact" : "minor",
        "message" : "Document has no static elements that share the same id attribute",
        "data" : "v",
        "relatedNodes" : [ ]
      } ],
      "all" : [ ],
      "none" : [ ],
      "failureSummary" : null
    }, {
      "html" : "<input type=\"hidden\" id=\"isAtocRequest\" name=\"isAtocRequest\" value=\"0\">",
      "target" : [ "#isAtocRequest" ],
      "impact" : null,
      "any" : [ {
        "id" : "duplicate-id",
        "impact" : "minor",
        "message" : "Document has no static elements that share the same id attribute",
        "data" : "isAtocRequest",
        "relatedNodes" : [ ]
      } ],
      "all" : [ ],
      "none" : [ ],
      "failureSummary" : null
    }, {
      "html" : "<input type=\"hidden\" id=\"georequest\" name=\"georequest\" value=\"1\">",
      "target" : [ "#georequest" ],
      "impact" : null,
      "any" : [ {
        "id" : "duplicate-id",
        "impact" : "minor",
        "message" : "Document has no static elements that share the same id attribute",
        "data" : "georequest",
        "relatedNodes" : [ ]
      } ],
      "all" : [ ],
      "none" : [ ],
      "failureSummary" : null
    }, {
      "html" : "<div id=\"route-select\" class=\"widget-container middle\">",
      "target" : [ "#route-select" ],
      "impact" : null,
      "any" : [ {
        "id" : "duplicate-id",
        "impact" : "minor",
        "message" : "Document has no static elements that share the same id attribute",
        "data" : "route-select",
        "relatedNodes" : [ ]
      } ],
      "all" : [ ],
      "none" : [ ],
      "failureSummary" : null
    }, {
      "html" : "<div id=\"route-type-radio-group\" class=\"\">",
      "target" : [ "#route-type-radio-group" ],
      "impact" : null,
      "any" : [ {
        "id" : "duplicate-id",
        "impact" : "minor",
        "message" : "Document has no static elements that share the same id attribute",
        "data" : "route-type-radio-group",
        "relatedNodes" : [ ]
      } ],
      "all" : [ ],
      "none" : [ ],
      "failureSummary" : null
    }, {
      "html" : "<div id=\"route-type\">",
      "target" : [ "#route-type" ],
      "impact" : null,
      "any" : [ {
        "id" : "duplicate-id",
        "impact" : "minor",
        "message" : "Document has no static elements that share the same id attribute",
        "data" : "route-type",
        "relatedNodes" : [ ]
      } ],
      "all" : [ ],
      "none" : [ ],
      "failureSummary" : null
    }, {
      "html" : "<div id=\"trips\">",
      "target" : [ "#trips" ],
      "impact" : null,
      "any" : [ {
        "id" : "duplicate-id",
        "impact" : "minor",
        "message" : "Document has no static elements that share the same id attribute",
        "data" : "trips",
        "relatedNodes" : [ ]
      } ],
      "all" : [ ],
      "none" : [ ],
      "failureSummary" : null
    }, {
      "html" : "<div id=\"route0\" class=\"trip\">",
      "target" : [ "#route0" ],
      "impact" : null,
      "any" : [ {
        "id" : "duplicate-id",
        "impact" : "minor",
        "message" : "Document has no static elements that share the same id attribute",
        "data" : "route0",
        "relatedNodes" : [ ]
      } ],
      "all" : [ ],
      "none" : [ ],
      "failureSummary" : null
    }, {
      "html" : "<div id=\"pass-question-radio-group\" class=\"\">",
      "target" : [ "#pass-question-radio-group" ],
      "impact" : null,
      "any" : [ {
        "id" : "duplicate-id",
        "impact" : "minor",
        "message" : "Document has no static elements that share the same id attribute",
        "data" : "pass-question-radio-group",
        "relatedNodes" : [ ]
      } ],
      "all" : [ ],
      "none" : [ ],
      "failureSummary" : null
    }, {
      "html" : "<div id=\"passes-list\" class=\"passbuilder\" style=\"display: none;\">",
      "target" : [ "#passes-list" ],
      "impact" : null,
      "any" : [ {
        "id" : "duplicate-id",
        "impact" : "minor",
        "message" : "Document has no static elements that share the same id attribute",
        "data" : "passes-list",
        "relatedNodes" : [ ]
      } ],
      "all" : [ ],
      "none" : [ ],
      "failureSummary" : null
    }, {
      "html" : "<div id=\"pass-yes\" class=\"pass-question\">\n                            Enter the name of your Mars pass in the box and we'll search for compatible reservations. </div>",
      "target" : [ "#pass-yes" ],
      "impact" : null,
      "any" : [ {
        "id" : "duplicate-id",
        "impact" : "minor",
        "message" : "Document has no static elements that share the same id attribute",
        "data" : "pass-yes",
        "relatedNodes" : [ ]
      } ],
      "all" : [ ],
      "none" : [ ],
      "failureSummary" : null
    }, {
      "html" : "<select id=\"passes-select\" class=\"passes-select\" name=\"familyName\" style=\"display: none;\">",
      "target" : [ "#passes-select" ],
      "impact" : null,
      "any" : [ {
        "id" : "duplicate-id",
        "impact" : "minor",
        "message" : "Document has no static elements that share the same id attribute",
        "data" : "passes-select",
        "relatedNodes" : [ ]
      } ],
      "all" : [ ],
      "none" : [ ],
      "failureSummary" : null
    }, {
      "html" : "<input id=\"combo_input\" class=\"ui-autocomplete-input ui-widget ui-widget-content ui-corner-left\" autocomplete=\"off\" role=\"textbox\" aria-autocomplete=\"list\" aria-haspopup=\"true\">",
      "target" : [ "#combo_input" ],
      "impact" : null,
      "any" : [ {
        "id" : "duplicate-id",
        "impact" : "minor",
        "message" : "Document has no static elements that share the same id attribute",
        "data" : "combo_input",
        "relatedNodes" : [ ]
      } ],
      "all" : [ ],
      "none" : [ ],
      "failureSummary" : null
    }, {
      "html" : "<div id=\"select-country\" class=\"selectpasses clearfix\">",
      "target" : [ "#select-country" ],
      "impact" : null,
      "any" : [ {
        "id" : "duplicate-id",
        "impact" : "minor",
        "message" : "Document has no static elements that share the same id attribute",
        "data" : "select-country",
        "relatedNodes" : [ ]
      } ],
      "all" : [ ],
      "none" : [ ],
      "failureSummary" : null
    }, {
      "html" : "<select name=\"selCountry1\" class=\"clearfix country-select\" id=\"selCountry1\" onchange=\"setSelects(this.form, 1)\" style=\"display:none\">",
      "target" : [ "#selCountry1" ],
      "impact" : null,
      "any" : [ {
        "id" : "duplicate-id",
        "impact" : "minor",
        "message" : "Document has no static elements that share the same id attribute",
        "data" : "selCountry1",
        "relatedNodes" : [ ]
      } ],
      "all" : [ ],
      "none" : [ ],
      "failureSummary" : null
    }, {
      "html" : "<select name=\"selCountry2\" id=\"selCountry2\" class=\"clearfix country-select\" onchange=\"setSelects(this.form, 2)\" style=\"display:none\">\n         <option value=\"\">--------------------------------------</option>\n</select>",
      "target" : [ "#selCountry2" ],
      "impact" : null,
      "any" : [ {
        "id" : "duplicate-id",
        "impact" : "minor",
        "message" : "Document has no static elements that share the same id attribute",
        "data" : "selCountry2",
        "relatedNodes" : [ ]
      } ],
      "all" : [ ],
      "none" : [ ],
      "failureSummary" : null
    }, {
      "html" : "<select name=\"selCountry3\" id=\"selCountry3\" class=\"clearfix country-select\" onchange=\"setSelects(this.form, 3)\" style=\"display:none\">\n         <option value=\"\">--------------------------------------</option>\n</select>",
      "target" : [ "#selCountry3" ],
      "impact" : null,
      "any" : [ {
        "id" : "duplicate-id",
        "impact" : "minor",
        "message" : "Document has no static elements that share the same id attribute",
        "data" : "selCountry3",
        "relatedNodes" : [ ]
      } ],
      "all" : [ ],
      "none" : [ ],
      "failureSummary" : null
    }, {
      "html" : "<select name=\"selCountry4\" id=\"selCountry4\" class=\"clearfix country-select\" onchange=\"setSelects(this.form, 4)\" style=\"display:none\">\n          <option value=\"\">--------------------------------------</option>\n</select>",
      "target" : [ "#selCountry4" ],
      "impact" : null,
      "any" : [ {
        "id" : "duplicate-id",
        "impact" : "minor",
        "message" : "Document has no static elements that share the same id attribute",
        "data" : "selCountry4",
        "relatedNodes" : [ ]
      } ],
      "all" : [ ],
      "none" : [ ],
      "failureSummary" : null
    }, {
      "html" : "<select name=\"selCountry5\" id=\"selCountry5\" class=\"clearfix country-select\" onchange=\"setSelects(this.form, 5)\" style=\"display:none\">\n          <option value=\"\">--------------------------------------</option>\n</select>",
      "target" : [ "#selCountry5" ],
      "impact" : null,
      "any" : [ {
        "id" : "duplicate-id",
        "impact" : "minor",
        "message" : "Document has no static elements that share the same id attribute",
        "data" : "selCountry5",
        "relatedNodes" : [ ]
      } ],
      "all" : [ ],
      "none" : [ ],
      "failureSummary" : null
    }, {
      "html" : "<input type=\"hidden\" name=\"familyId\" id=\"familyId\" value=\"\">",
      "target" : [ "#familyId" ],
      "impact" : null,
      "any" : [ {
        "id" : "duplicate-id",
        "impact" : "minor",
        "message" : "Document has no static elements that share the same id attribute",
        "data" : "familyId",
        "relatedNodes" : [ ]
      } ],
      "all" : [ ],
      "none" : [ ],
      "failureSummary" : null
    }, {
      "html" : "<input type=\"hidden\" name=\"p\" id=\"passholder\" value=\"0\">",
      "target" : [ "#passholder" ],
      "impact" : null,
      "any" : [ {
        "id" : "duplicate-id",
        "impact" : "minor",
        "message" : "Document has no static elements that share the same id attribute",
        "data" : "passholder",
        "relatedNodes" : [ ]
      } ],
      "all" : [ ],
      "none" : [ ],
      "failureSummary" : null
    }, {
      "html" : "<input id=\"nA\" name=\"nA\" value=\"0\" type=\"hidden\">",
      "target" : [ "#nA" ],
      "impact" : null,
      "any" : [ {
        "id" : "duplicate-id",
        "impact" : "minor",
        "message" : "Document has no static elements that share the same id attribute",
        "data" : "nA",
        "relatedNodes" : [ ]
      } ],
      "all" : [ ],
      "none" : [ ],
      "failureSummary" : null
    }, {
      "html" : "<input id=\"nY\" name=\"nY\" value=\"0\" type=\"hidden\">",
      "target" : [ "#nY" ],
      "impact" : null,
      "any" : [ {
        "id" : "duplicate-id",
        "impact" : "minor",
        "message" : "Document has no static elements that share the same id attribute",
        "data" : "nY",
        "relatedNodes" : [ ]
      } ],
      "all" : [ ],
      "none" : [ ],
      "failureSummary" : null
    }, {
      "html" : "<input id=\"nC\" name=\"nC\" value=\"0\" type=\"hidden\">",
      "target" : [ "#nC" ],
      "impact" : null,
      "any" : [ {
        "id" : "duplicate-id",
        "impact" : "minor",
        "message" : "Document has no static elements that share the same id attribute",
        "data" : "nC",
        "relatedNodes" : [ ]
      } ],
      "all" : [ ],
      "none" : [ ],
      "failureSummary" : null
    }, {
      "html" : "<input id=\"nS\" name=\"nS\" value=\"0\" type=\"hidden\">",
      "target" : [ "#nS" ],
      "impact" : null,
      "any" : [ {
        "id" : "duplicate-id",
        "impact" : "minor",
        "message" : "Document has no static elements that share the same id attribute",
        "data" : "nS",
        "relatedNodes" : [ ]
      } ],
      "all" : [ ],
      "none" : [ ],
      "failureSummary" : null
    }, {
      "html" : "<div id=\"passenger0\" class=\"passenger\">",
      "target" : [ "#passenger0" ],
      "impact" : null,
      "any" : [ {
        "id" : "duplicate-id",
        "impact" : "minor",
        "message" : "Document has no static elements that share the same id attribute",
        "data" : "passenger0",
        "relatedNodes" : [ ]
      } ],
      "all" : [ ],
      "none" : [ ],
      "failureSummary" : null
    }, {
      "html" : "<input type=\"hidden\" name=\"youthAge0\" id=\"youthAge0\" value=\"\">",
      "target" : [ "#youthAge0" ],
      "impact" : null,
      "any" : [ {
        "id" : "duplicate-id",
        "impact" : "minor",
        "message" : "Document has no static elements that share the same id attribute",
        "data" : "youthAge0",
        "relatedNodes" : [ ]
      } ],
      "all" : [ ],
      "none" : [ ],
      "failureSummary" : null
    }, {
      "html" : "<div class=\"add-buttons\" id=\"add-traveler\">",
      "target" : [ "#add-traveler" ],
      "impact" : null,
      "any" : [ {
        "id" : "duplicate-id",
        "impact" : "minor",
        "message" : "Document has no static elements that share the same id attribute",
        "data" : "add-traveler",
        "relatedNodes" : [ ]
      } ],
      "all" : [ ],
      "none" : [ ],
      "failureSummary" : null
    }, {
      "html" : "<div id=\"booking-box-submit\" class=\"widget-container footer\">",
      "target" : [ "#booking-box-submit" ],
      "impact" : null,
      "any" : [ {
        "id" : "duplicate-id",
        "impact" : "minor",
        "message" : "Document has no static elements that share the same id attribute",
        "data" : "booking-box-submit",
        "relatedNodes" : [ ]
      } ],
      "all" : [ ],
      "none" : [ ],
      "failureSummary" : null
    }, {
      "html" : "<div id=\"passes-box\" class=\"w-p-box\">",
      "target" : [ "#passes-box" ],
      "impact" : null,
      "any" : [ {
        "id" : "duplicate-id",
        "impact" : "minor",
        "message" : "Document has no static elements that share the same id attribute",
        "data" : "passes-box",
        "relatedNodes" : [ ]
      } ],
      "all" : [ ],
      "none" : [ ],
      "failureSummary" : null
    }, {
      "html" : "<form method=\"get\" id=\"passfinder\" action=\"/demo/mars/mars2\" target=\"_top\">",
      "target" : [ "#passfinder" ],
      "impact" : null,
      "any" : [ {
        "id" : "duplicate-id",
        "impact" : "minor",
        "message" : "Document has no static elements that share the same id attribute",
        "data" : "passfinder",
        "relatedNodes" : [ ]
      } ],
      "all" : [ ],
      "none" : [ ],
      "failureSummary" : null
    }, {
      "html" : "<input type=\"hidden\" name=\"nPax\" value=\"1\" id=\"nPax\">",
      "target" : [ "#nPax" ],
      "impact" : null,
      "any" : [ {
        "id" : "duplicate-id",
        "impact" : "minor",
        "message" : "Document has no static elements that share the same id attribute",
        "data" : "nPax",
        "relatedNodes" : [ ]
      } ],
      "all" : [ ],
      "none" : [ ],
      "failureSummary" : null
    }, {
      "html" : "<div id=\"w-passes-select\" class=\"widget-container middle\">",
      "target" : [ "#w-passes-select" ],
      "impact" : null,
      "any" : [ {
        "id" : "duplicate-id",
        "impact" : "minor",
        "message" : "Document has no static elements that share the same id attribute",
        "data" : "w-passes-select",
        "relatedNodes" : [ ]
      } ],
      "all" : [ ],
      "none" : [ ],
      "failureSummary" : null
    }, {
      "html" : "<div id=\"passes-trips\" class=\"passbuilder\">",
      "target" : [ "#passes-trips" ],
      "impact" : null,
      "any" : [ {
        "id" : "duplicate-id",
        "impact" : "minor",
        "message" : "Document has no static elements that share the same id attribute",
        "data" : "passes-trips",
        "relatedNodes" : [ ]
      } ],
      "all" : [ ],
      "none" : [ ],
      "failureSummary" : null
    }, {
      "html" : "<div id=\"r-route0\" class=\"country-trip\">",
      "target" : [ "#r-route0" ],
      "impact" : null,
      "any" : [ {
        "id" : "duplicate-id",
        "impact" : "minor",
        "message" : "Document has no static elements that share the same id attribute",
        "data" : "r-route0",
        "relatedNodes" : [ ]
      } ],
      "all" : [ ],
      "none" : [ ],
      "failureSummary" : null
    }, {
      "html" : "<select class=\"select-time\" name=\"travelPeriod0\" id=\"travelPeriod0\">",
      "target" : [ "#travelPeriod0" ],
      "impact" : null,
      "any" : [ {
        "id" : "duplicate-id",
        "impact" : "minor",
        "message" : "Document has no static elements that share the same id attribute",
        "data" : "travelPeriod0",
        "relatedNodes" : [ ]
      } ],
      "all" : [ ],
      "none" : [ ],
      "failureSummary" : null
    }, {
      "html" : "<select class=\"select-time\" id=\"validityPeriod0\" name=\"validityPeriod0\">",
      "target" : [ "#validityPeriod0" ],
      "impact" : null,
      "any" : [ {
        "id" : "duplicate-id",
        "impact" : "minor",
        "message" : "Document has no static elements that share the same id attribute",
        "data" : "validityPeriod0",
        "relatedNodes" : [ ]
      } ],
      "all" : [ ],
      "none" : [ ],
      "failureSummary" : null
    }, {
      "html" : "<div class=\"add-buttons\" id=\"add-country\">\n<a class=\"add-country\"><span class=\"icon\"></span>Add another planet</a>\n</div>",
      "target" : [ "#add-country" ],
      "impact" : null,
      "any" : [ {
        "id" : "duplicate-id",
        "impact" : "minor",
        "message" : "Document has no static elements that share the same id attribute",
        "data" : "add-country",
        "relatedNodes" : [ ]
      } ],
      "all" : [ ],
      "none" : [ ],
      "failureSummary" : null
    }, {
      "html" : "<div id=\"r-passenger0\" class=\"passenger\">",
      "target" : [ "#r-passenger0" ],
      "impact" : null,
      "any" : [ {
        "id" : "duplicate-id",
        "impact" : "minor",
        "message" : "Document has no static elements that share the same id attribute",
        "data" : "r-passenger0",
        "relatedNodes" : [ ]
      } ],
      "all" : [ ],
      "none" : [ ],
      "failureSummary" : null
    }, {
      "html" : "<div class=\"add-buttons\" id=\"add-reservation-traveler\">\n                                              <a class=\"add-reservation-traveler\"><div class=\"icon\"></div>Add A Traveler</a>\n                                            </div>",
      "target" : [ "#add-reservation-traveler" ],
      "impact" : null,
      "any" : [ {
        "id" : "duplicate-id",
        "impact" : "minor",
        "message" : "Document has no static elements that share the same id attribute",
        "data" : "add-reservation-traveler",
        "relatedNodes" : [ ]
      } ],
      "all" : [ ],
      "none" : [ ],
      "failureSummary" : null
    }, {
      "html" : "<div id=\"passes-box-submit\" class=\"widget-container footer\">\n\n<div class=\"widget-down-arrow\"></div>\n\n<div class=\"interior-container\">\n\n<input class=\"btn btn-large\" value=\"Search\" type=\"submit\">\n\n</div>\n\n</div>",
      "target" : [ "#passes-box-submit" ],
      "impact" : null,
      "any" : [ {
        "id" : "duplicate-id",
        "impact" : "minor",
        "message" : "Document has no static elements that share the same id attribute",
        "data" : "passes-box-submit",
        "relatedNodes" : [ ]
      } ],
      "all" : [ ],
      "none" : [ ],
      "failureSummary" : null
    }, {
      "html" : "<div class=\"w-p-box\" id=\"activities-box\">",
      "target" : [ "#activities-box" ],
      "impact" : null,
      "any" : [ {
        "id" : "duplicate-id",
        "impact" : "minor",
        "message" : "Document has no static elements that share the same id attribute",
        "data" : "activities-box",
        "relatedNodes" : [ ]
      } ],
      "all" : [ ],
      "none" : [ ],
      "failureSummary" : null
    }, {
      "html" : "<form name=\"activitiesform\" target=\"_top\" id=\"activitiesform\" onsubmit=\"return checkform(this)\">",
      "target" : [ "#activitiesform" ],
      "impact" : null,
      "any" : [ {
        "id" : "duplicate-id",
        "impact" : "minor",
        "message" : "Document has no static elements that share the same id attribute",
        "data" : "activitiesform",
        "relatedNodes" : [ ]
      } ],
      "all" : [ ],
      "none" : [ ],
      "failureSummary" : null
    }, {
      "html" : "<div class=\"widget-container middle\" id=\"w-activities-select\">",
      "target" : [ "#w-activities-select" ],
      "impact" : null,
      "any" : [ {
        "id" : "duplicate-id",
        "impact" : "minor",
        "message" : "Document has no static elements that share the same id attribute",
        "data" : "w-activities-select",
        "relatedNodes" : [ ]
      } ],
      "all" : [ ],
      "none" : [ ],
      "failureSummary" : null
    }, {
      "html" : "<div id=\"activities\">",
      "target" : [ "#activities" ],
      "impact" : null,
      "any" : [ {
        "id" : "duplicate-id",
        "impact" : "minor",
        "message" : "Document has no static elements that share the same id attribute",
        "data" : "activities",
        "relatedNodes" : [ ]
      } ],
      "all" : [ ],
      "none" : [ ],
      "failureSummary" : null
    }, {
      "html" : "<select name=\"countrylist\" class=\"country\" id=\"countrylist\">",
      "target" : [ "#countrylist" ],
      "impact" : null,
      "any" : [ {
        "id" : "duplicate-id",
        "impact" : "minor",
        "message" : "Document has no static elements that share the same id attribute",
        "data" : "countrylist",
        "relatedNodes" : [ ]
      } ],
      "all" : [ ],
      "none" : [ ],
      "failureSummary" : null
    }, {
      "html" : "<span class=\"wrapper city\" id=\"city_drop_down\" style=\"\">\n<label for=\"dept0\">Space Port<br>\n<select name=\"citylist\" id=\"citylist\" class=\"country\"><option value=\"none\">Select Space Port</option></select>\n</label></span>",
      "target" : [ "#city_drop_down" ],
      "impact" : null,
      "any" : [ {
        "id" : "duplicate-id",
        "impact" : "minor",
        "message" : "Document has no static elements that share the same id attribute",
        "data" : "city_drop_down",
        "relatedNodes" : [ ]
      } ],
      "all" : [ ],
      "none" : [ ],
      "failureSummary" : null
    }, {
      "html" : "<select name=\"citylist\" id=\"citylist\" class=\"country\"><option value=\"none\">Select Space Port</option></select>",
      "target" : [ "#citylist" ],
      "impact" : null,
      "any" : [ {
        "id" : "duplicate-id",
        "impact" : "minor",
        "message" : "Document has no static elements that share the same id attribute",
        "data" : "citylist",
        "relatedNodes" : [ ]
      } ],
      "all" : [ ],
      "none" : [ ],
      "failureSummary" : null
    }, {
      "html" : "<div class=\"widget-container footer\" id=\"activities-box-submit\">",
      "target" : [ "#activities-box-submit" ],
      "impact" : null,
      "any" : [ {
        "id" : "duplicate-id",
        "impact" : "minor",
        "message" : "Document has no static elements that share the same id attribute",
        "data" : "activities-box-submit",
        "relatedNodes" : [ ]
      } ],
      "all" : [ ],
      "none" : [ ],
      "failureSummary" : null
    }, {
      "html" : "<div class=\"w-h-box\" id=\"hotels-box\">",
      "target" : [ "#hotels-box" ],
      "impact" : null,
      "any" : [ {
        "id" : "duplicate-id",
        "impact" : "minor",
        "message" : "Document has no static elements that share the same id attribute",
        "data" : "hotels-box",
        "relatedNodes" : [ ]
      } ],
      "all" : [ ],
      "none" : [ ],
      "failureSummary" : null
    }, {
      "html" : "<form id=\"HotelSearch\" target=\"_top\" action=\"/demo/mars/mars2\" method=\"post\" name=\"HotelSearch\" class=\"ajax-form\">",
      "target" : [ "#HotelSearch" ],
      "impact" : null,
      "any" : [ {
        "id" : "duplicate-id",
        "impact" : "minor",
        "message" : "Document has no static elements that share the same id attribute",
        "data" : "HotelSearch",
        "relatedNodes" : [ ]
      } ],
      "all" : [ ],
      "none" : [ ],
      "failureSummary" : null
    }, {
      "html" : "<div class=\"widget-container middle\" id=\"w-hotels-select\">",
      "target" : [ "#w-hotels-select" ],
      "impact" : null,
      "any" : [ {
        "id" : "duplicate-id",
        "impact" : "minor",
        "message" : "Document has no static elements that share the same id attribute",
        "data" : "w-hotels-select",
        "relatedNodes" : [ ]
      } ],
      "all" : [ ],
      "none" : [ ],
      "failureSummary" : null
    }, {
      "html" : "<div id=\"hotels\">",
      "target" : [ "#hotels" ],
      "impact" : null,
      "any" : [ {
        "id" : "duplicate-id",
        "impact" : "minor",
        "message" : "Document has no static elements that share the same id attribute",
        "data" : "hotels",
        "relatedNodes" : [ ]
      } ],
      "all" : [ ],
      "none" : [ ],
      "failureSummary" : null
    }, {
      "html" : "<input class=\"city\" tabindex=\"2\" value=\"\" placeholder=\"Enter your city\" name=\"hotelCity\" id=\"hotel-city\">",
      "target" : [ "#hotel-city" ],
      "impact" : null,
      "any" : [ {
        "id" : "duplicate-id",
        "impact" : "minor",
        "message" : "Document has no static elements that share the same id attribute",
        "data" : "hotel-city",
        "relatedNodes" : [ ]
      } ],
      "all" : [ ],
      "none" : [ ],
      "failureSummary" : null
    }, {
      "html" : "<div id=\"hotel-guests\">",
      "target" : [ "#hotel-guests" ],
      "impact" : null,
      "any" : [ {
        "id" : "duplicate-id",
        "impact" : "minor",
        "message" : "Document has no static elements that share the same id attribute",
        "data" : "hotel-guests",
        "relatedNodes" : [ ]
      } ],
      "all" : [ ],
      "none" : [ ],
      "failureSummary" : null
    }, {
      "html" : "<div class=\"widget-container footer\" id=\"hotels-box-submit\">\n\n<div class=\"widget-down-arrow\"></div>\n\n<div class=\"interior-container\">\n\n<input type=\"submit\" value=\"Search\" name=\"search\" class=\"btn btn-large\">\n\n</div>\n\n</div>",
      "target" : [ "#hotels-box-submit" ],
      "impact" : null,
      "any" : [ {
        "id" : "duplicate-id",
        "impact" : "minor",
        "message" : "Document has no static elements that share the same id attribute",
        "data" : "hotels-box-submit",
        "relatedNodes" : [ ]
      } ],
      "all" : [ ],
      "none" : [ ],
      "failureSummary" : null
    }, {
      "html" : "<div id=\"video-box\" class=\"widget-container\">",
      "target" : [ "#video-box" ],
      "impact" : null,
      "any" : [ {
        "id" : "duplicate-id",
        "impact" : "minor",
        "message" : "Document has no static elements that share the same id attribute",
        "data" : "video-box",
        "relatedNodes" : [ ]
      } ],
      "all" : [ ],
      "none" : [ ],
      "failureSummary" : null
    }, {
      "html" : "<div id=\"fade\" style=\"display: none;\"></div>",
      "target" : [ "#fade" ],
      "impact" : null,
      "any" : [ {
        "id" : "duplicate-id",
        "impact" : "minor",
        "message" : "Document has no static elements that share the same id attribute",
        "data" : "fade",
        "relatedNodes" : [ ]
      } ],
      "all" : [ ],
      "none" : [ ],
      "failureSummary" : null
    }, {
      "html" : "<h3 id=\"video-text\">Life was possible on Mars</h3>",
      "target" : [ "#video-text" ],
      "impact" : null,
      "any" : [ {
        "id" : "duplicate-id",
        "impact" : "minor",
        "message" : "Document has no static elements that share the same id attribute",
        "data" : "video-text",
        "relatedNodes" : [ ]
      } ],
      "all" : [ ],
      "none" : [ ],
      "failureSummary" : null
    }, {
      "html" : "<iframe width=\"365\" height=\"205\" name=\"player\" id=\"player\" src=\"https://www.youtube.com/embed/OagLGti_hTE?controls=1&amp;showinfo=1&amp;modestbranding=0&amp;wmode=opaque&amp;enablejsapi=1\" frameborder=\"0\" allowfullscreen=\"\" title=\"NASA: Life on Mars Was a Possibility\"></iframe>",
      "target" : [ "#player" ],
      "impact" : null,
      "any" : [ {
        "id" : "duplicate-id",
        "impact" : "minor",
        "message" : "Document has no static elements that share the same id attribute",
        "data" : "player",
        "relatedNodes" : [ ]
      } ],
      "all" : [ ],
      "none" : [ ],
      "failureSummary" : null
    }, {
      "html" : "<script id=\"js-1065286052\" src=\"https://www.gstatic.com/cv/js/sender/v1/cast_sender.js\" nonce=\"q1x-hjuT7-EXM29FDfYMvg\" data-loaded=\"true\"></script>",
      "target" : [ "#player", "#js-1065286052" ],
      "impact" : null,
      "any" : [ {
        "id" : "duplicate-id",
        "impact" : "minor",
        "message" : "Document has no static elements that share the same id attribute",
        "data" : "js-1065286052",
        "relatedNodes" : [ ]
      } ],
      "all" : [ ],
      "none" : [ ],
      "failureSummary" : null
    }, {
      "html" : "<script id=\"js-118709142\" nonce=\"q1x-hjuT7-EXM29FDfYMvg\" src=\"//www.google.com/js/th/n7MGVF3kyNWz2oksCmxFbvce_P6cfZxiCNxSfWAcPT8.js\" data-loaded=\"true\"></script>",
      "target" : [ "#player", "#js-118709142" ],
      "impact" : null,
      "any" : [ {
        "id" : "duplicate-id",
        "impact" : "minor",
        "message" : "Document has no static elements that share the same id attribute",
        "data" : "js-118709142",
        "relatedNodes" : [ ]
      } ],
      "all" : [ ],
      "none" : [ ],
      "failureSummary" : null
    }, {
      "html" : "<script id=\"js-1124342058\" src=\"//static.doubleclick.net/instream/ad_status.js\" nonce=\"q1x-hjuT7-EXM29FDfYMvg\" data-loaded=\"true\"></script>",
      "target" : [ "#player", "#js-1124342058" ],
      "impact" : null,
      "any" : [ {
        "id" : "duplicate-id",
        "impact" : "minor",
        "message" : "Document has no static elements that share the same id attribute",
        "data" : "js-1124342058",
        "relatedNodes" : [ ]
      } ],
      "all" : [ ],
      "none" : [ ],
      "failureSummary" : null
    }, {
      "html" : "<path d=\"m 22.53,21.42 0,6.85 5.66,-3.42 -5.66,-3.42 0,0 z m -11.33,0 9.06,0 0,2.28 -9.06,0 0,-2.28 0,0 z m 0,-9.14 13.6,0 0,2.28 -13.6,0 0,-2.28 0,0 z m 0,4.57 13.6,0 0,2.28 -13.6,0 0,-2.28 0,0 z\" fill=\"#fff\" id=\"ytp-id-25\"></path>",
      "target" : [ "#player", "#ytp-id-25" ],
      "impact" : null,
      "any" : [ {
        "id" : "duplicate-id",
        "impact" : "minor",
        "message" : "Document has no static elements that share the same id attribute",
        "data" : "ytp-id-25",
        "relatedNodes" : [ ]
      } ],
      "all" : [ ],
      "none" : [ ],
      "failureSummary" : null
    }, {
      "html" : "<path class=\"ytp-svg-fill\" d=\"M18,8 C12.47,8 8,12.47 8,18 C8,23.52 12.47,28 18,28 C23.52,28 28,23.52 28,18 C28,12.47 23.52,8 18,8 L18,8 Z M17,16 L19,16 L19,24 L17,24 L17,16 Z M17,12 L19,12 L19,14 L17,14 L17,12 Z\" id=\"ytp-id-2\"></path>",
      "target" : [ "#player", "#ytp-id-2" ],
      "impact" : null,
      "any" : [ {
        "id" : "duplicate-id",
        "impact" : "minor",
        "message" : "Document has no static elements that share the same id attribute",
        "data" : "ytp-id-2",
        "relatedNodes" : [ ]
      } ],
      "all" : [ ],
      "none" : [ ],
      "failureSummary" : null
    }, {
      "html" : "<path class=\"ytp-svg-fill\" d=\"m 21.48,17.98 c 0,-1.77 -1.02,-3.29 -2.5,-4.03 v 2.21 l 2.45,2.45 c .03,-0.2 .05,-0.41 .05,-0.63 z m 2.5,0 c 0,.94 -0.2,1.82 -0.54,2.64 l 1.51,1.51 c .66,-1.24 1.03,-2.65 1.03,-4.15 0,-4.28 -2.99,-7.86 -7,-8.76 v 2.05 c 2.89,.86 5,3.54 5,6.71 z M 9.25,8.98 l -1.27,1.26 4.72,4.73 H 7.98 v 6 H 11.98 l 5,5 v -6.73 l 4.25,4.25 c -0.67,.52 -1.42,.93 -2.25,1.18 v 2.06 c 1.38,-0.31 2.63,-0.95 3.69,-1.81 l 2.04,2.05 1.27,-1.27 -9,-9 -7.72,-7.72 z m 7.72,.99 -2.09,2.08 2.09,2.09 V 9.98 z\" id=\"ytp-id-1\">",
      "target" : [ "#player", "#ytp-id-1" ],
      "impact" : null,
      "any" : [ {
        "id" : "duplicate-id",
        "impact" : "minor",
        "message" : "Document has no static elements that share the same id attribute",
        "data" : "ytp-id-1",
        "relatedNodes" : [ ]
      } ],
      "all" : [ ],
      "none" : [ ],
      "failureSummary" : null
    }, {
      "html" : "<path d=\"M7,24 L7,27 L10,27 C10,25.34 8.66,24 7,24 L7,24 Z M7,20 L7,22 C9.76,22 12,24.24 12,27 L14,27 C14,23.13 10.87,20 7,20 L7,20 Z M25,13 L11,13 L11,14.63 C14.96,15.91 18.09,19.04 19.37,23 L25,23 L25,13 L25,13 Z M7,16 L7,18 C11.97,18 16,22.03 16,27 L18,27 C18,20.92 13.07,16 7,16 L7,16 Z M27,9 L9,9 C7.9,9 7,9.9 7,11 L7,14 L9,14 L9,11 L27,11 L27,25 L20,25 L20,27 L27,27 C28.1,27 29,26.1 29,25 L29,11 C29,9.9 28.1,9 27,9 L27,9 Z\" fill=\"#fff\" id=\"ytp-id-33\">",
      "target" : [ "#player", "#ytp-id-33" ],
      "impact" : null,
      "any" : [ {
        "id" : "duplicate-id",
        "impact" : "minor",
        "message" : "Document has no static elements that share the same id attribute",
        "data" : "ytp-id-33",
        "relatedNodes" : [ ]
      } ],
      "all" : [ ],
      "none" : [ ],
      "failureSummary" : null
    }, {
      "html" : "<path class=\"ytp-svg-fill\" d=\"M18,8 C12.47,8 8,12.47 8,18 C8,23.52 12.47,28 18,28 C23.52,28 28,23.52 28,18 C28,12.47 23.52,8 18,8 L18,8 Z M16,19.02 L16,12.00 L18,12.00 L18,17.86 L23.10,20.81 L22.10,22.54 L16,19.02 Z\" id=\"ytp-id-28\"></path>",
      "target" : [ "#player", "#ytp-id-28" ],
      "impact" : null,
      "any" : [ {
        "id" : "duplicate-id",
        "impact" : "minor",
        "message" : "Document has no static elements that share the same id attribute",
        "data" : "ytp-id-28",
        "relatedNodes" : [ ]
      } ],
      "all" : [ ],
      "none" : [ ],
      "failureSummary" : null
    }, {
      "html" : "<path class=\"ytp-svg-fill\" d=\"m 20.20,14.19 0,-4.45 7.79,7.79 -7.79,7.79 0,-4.56 C 16.27,20.69 12.10,21.81 9.34,24.76 8.80,25.13 7.60,27.29 8.12,25.65 9.08,21.32 11.80,17.18 15.98,15.38 c 1.33,-0.60 2.76,-0.98 4.21,-1.19 z\" id=\"ytp-id-29\"></path>",
      "target" : [ "#player", "#ytp-id-29" ],
      "impact" : null,
      "any" : [ {
        "id" : "duplicate-id",
        "impact" : "minor",
        "message" : "Document has no static elements that share the same id attribute",
        "data" : "ytp-id-29",
        "relatedNodes" : [ ]
      } ],
      "all" : [ ],
      "none" : [ ],
      "failureSummary" : null
    }, {
      "html" : "<path class=\"ytp-svg-fill\" d=\"M21.9,8.3H11.3c-0.9,0-1.7,.8-1.7,1.7v12.3h1.7V10h10.6V8.3z M24.6,11.8h-9.7c-1,0-1.8,.8-1.8,1.8v12.3  c0,1,.8,1.8,1.8,1.8h9.7c1,0,1.8-0.8,1.8-1.8V13.5C26.3,12.6,25.5,11.8,24.6,11.8z M24.6,25.9h-9.7V13.5h9.7V25.9z\" id=\"ytp-id-30\"></path>",
      "target" : [ "#player", "#ytp-id-30" ],
      "impact" : null,
      "any" : [ {
        "id" : "duplicate-id",
        "impact" : "minor",
        "message" : "Document has no static elements that share the same id attribute",
        "data" : "ytp-id-30",
        "relatedNodes" : [ ]
      } ],
      "all" : [ ],
      "none" : [ ],
      "failureSummary" : null
    }, {
      "html" : "<path class=\"ytp-svg-fill\" d=\"M 16.68,.99 C 13.55,1.03 7.02,1.16 4.99,1.68 c -1.49,.4 -2.59,1.6 -2.99,3 -0.69,2.7 -0.68,8.31 -0.68,8.31 0,0 -0.01,5.61 .68,8.31 .39,1.5 1.59,2.6 2.99,3 2.69,.7 13.40,.68 13.40,.68 0,0 10.70,.01 13.40,-0.68 1.5,-0.4 2.59,-1.6 2.99,-3 .69,-2.7 .68,-8.31 .68,-8.31 0,0 .11,-5.61 -0.68,-8.31 -0.4,-1.5 -1.59,-2.6 -2.99,-3 C 29.11,.98 18.40,.99 18.40,.99 c 0,0 -0.67,-0.01 -1.71,0 z m 72.21,.90 0,21.28 2.78,0 .31,-1.37 .09,0 c .3,.5 .71,.88 1.21,1.18 .5,.3 1.08,.40 1.68,.40 1.1,0 1.99,-0.49 2.49,-1.59 .5,-1.1 .81,-2.70 .81,-4.90 l 0,-2.40 c 0,-1.6 -0.11,-2.90 -0.31,-3.90 -0.2,-0.89 -0.5,-1.59 -1,-2.09 -0.5,-0.4 -1.10,-0.59 -1.90,-0.59 -0.59,0 -1.18,.19 -1.68,.49 -0.49,.3 -1.01,.80 -1.21,1.40 l 0,-7.90 -3.28,0 z m -49.99,.78 3.90,13.90 .18,6.71 3.31,0 0,-6.71 3.87,-13.90 -3.37,0 -1.40,6.31 c -0.4,1.89 -0.71,3.19 -0.81,3.99 l -0.09,0 c -0.2,-1.1 -0.51,-2.4 -0.81,-3.99 l -1.37,-6.31 -3.40,0 z m 29.59,0 0,2.71 3.40,0 0,17.90 3.28,0 0,-17.90 3.40,0 c 0,0 .00,-2.71 -0.09,-2.71 l -9.99,0 z m -53.49,5.12 8.90,5.18 -8.90,5.09 0,-10.28 z m 89.40,.09 c -1.7,0 -2.89,.59 -3.59,1.59 -0.69,.99 -0.99,2.60 -0.99,4.90 l 0,2.59 c 0,2.2 .30,3.90 .99,4.90 .7,1.1 1.8,1.59 3.5,1.59 1.4,0 2.38,-0.3 3.18,-1 .7,-0.7 1.09,-1.69 1.09,-3.09 l 0,-0.5 -2.90,-0.21 c 0,1 -0.08,1.6 -0.28,2 -0.1,.4 -0.5,.62 -1,.62 -0.3,0 -0.61,-0.11 -0.81,-0.31 -0.2,-0.3 -0.30,-0.59 -0.40,-1.09 -0.1,-0.5 -0.09,-1.21 -0.09,-2.21 l 0,-0.78 5.71,-0.09 0,-2.62 c 0,-1.6 -0.10,-2.78 -0.40,-3.68 -0.2,-0.89 -0.71,-1.59 -1.31,-1.99 -0.7,-0.4 -1.48,-0.59 -2.68,-0.59 z m -50.49,.09 c -1.09,0 -2.01,.18 -2.71,.68 -0.7,.4 -1.2,1.12 -1.49,2.12 -0.3,1 -0.5,2.27 -0.5,3.87 l 0,2.21 c 0,1.5 .10,2.78 .40,3.78 .2,.9 .70,1.62 1.40,2.12 .69,.5 1.71,.68 2.81,.78 1.19,0 2.08,-0.28 2.78,-0.68 .69,-0.4 1.09,-1.09 1.49,-2.09 .39,-1 .49,-2.30 .49,-3.90 l 0,-2.21 c 0,-1.6 -0.2,-2.87 -0.49,-3.87 -0.3,-0.89 -0.8,-1.62 -1.49,-2.12 -0.7,-0.5 -1.58,-0.68 -2.68,-0.68 z m 12.18,.09 0,11.90 c -0.1,.3 -0.29,.48 -0.59,.68 -0.2,.2 -0.51,.31 -0.81,.31 -0.3,0 -0.58,-0.10 -0.68,-0.40 -0.1,-0.3 -0.18,-0.70 -0.18,-1.40 l 0,-10.99 -3.40,0 0,11.21 c 0,1.4 .18,2.39 .68,3.09 .49,.7 1.21,1 2.21,1 1.4,0 2.48,-0.69 3.18,-2.09 l .09,0 .31,1.78 2.59,0 0,-14.99 c 0,0 -3.40,.00 -3.40,-0.09 z m 17.31,0 0,11.90 c -0.1,.3 -0.29,.48 -0.59,.68 -0.2,.2 -0.51,.31 -0.81,.31 -0.3,0 -0.58,-0.10 -0.68,-0.40 -0.1,-0.3 -0.21,-0.70 -0.21,-1.40 l 0,-10.99 -3.40,0 0,11.21 c 0,1.4 .21,2.39 .71,3.09 .5,.7 1.18,1 2.18,1 1.39,0 2.51,-0.69 3.21,-2.09 l .09,0 .28,1.78 2.62,0 0,-14.99 c 0,0 -3.40,.00 -3.40,-0.09 z m 20.90,2.09 c .4,0 .58,.11 .78,.31 .2,.3 .30,.59 .40,1.09 .1,.5 .09,1.21 .09,2.21 l 0,1.09 -2.5,0 0,-1.09 c 0,-1 -0.00,-1.71 .09,-2.21 0,-0.4 .11,-0.8 .31,-1 .2,-0.3 .51,-0.40 .81,-0.40 z m -50.49,.12 c .5,0 .8,.18 1,.68 .19,.5 .28,1.30 .28,2.40 l 0,4.68 c 0,1.1 -0.08,1.90 -0.28,2.40 -0.2,.5 -0.5,.68 -1,.68 -0.5,0 -0.79,-0.18 -0.99,-0.68 -0.2,-0.5 -0.31,-1.30 -0.31,-2.40 l 0,-4.68 c 0,-1.1 .11,-1.90 .31,-2.40 .2,-0.5 .49,-0.68 .99,-0.68 z m 39.68,.09 c .3,0 .61,.10 .81,.40 .2,.3 .27,.67 .37,1.37 .1,.6 .12,1.51 .12,2.71 l .09,1.90 c 0,1.1 .00,1.99 -0.09,2.59 -0.1,.6 -0.19,1.08 -0.49,1.28 -0.2,.3 -0.50,.40 -0.90,.40 -0.3,0 -0.51,-0.08 -0.81,-0.18 -0.2,-0.1 -0.39,-0.29 -0.59,-0.59 l 0,-8.5 c .1,-0.4 .29,-0.7 .59,-1 .3,-0.3 .60,-0.40 .90,-0.40 z\" id=\"ytp-id-34\">",
      "target" : [ "#player", "#ytp-id-34" ],
      "impact" : null,
      "any" : [ {
        "id" : "duplicate-id",
        "impact" : "minor",
        "message" : "Document has no static elements that share the same id attribute",
        "data" : "ytp-id-34",
        "relatedNodes" : [ ]
      } ],
      "all" : [ ],
      "none" : [ ],
      "failureSummary" : null
    }, {
      "html" : "<path class=\"ytp-svg-fill\" d=\"M 12,26 18.5,22 18.5,14 12,10 z M 18.5,22 25,18 25,18 18.5,14 z\" id=\"ytp-id-5\"></path>",
      "target" : [ "#player", "#ytp-id-5" ],
      "impact" : null,
      "any" : [ {
        "id" : "duplicate-id",
        "impact" : "minor",
        "message" : "Document has no static elements that share the same id attribute",
        "data" : "ytp-id-5",
        "relatedNodes" : [ ]
      } ],
      "all" : [ ],
      "none" : [ ],
      "failureSummary" : null
    }, {
      "html" : "<path d=\"M12,14 L9,11 L9,3 L12,0 L5,0 L5,14 L12,14 Z\" fill=\"#eaeaea\" id=\"ytp-id-3\"></path>",
      "target" : [ "#player", "#ytp-id-3" ],
      "impact" : null,
      "any" : [ {
        "id" : "duplicate-id",
        "impact" : "minor",
        "message" : "Document has no static elements that share the same id attribute",
        "data" : "ytp-id-3",
        "relatedNodes" : [ ]
      } ],
      "all" : [ ],
      "none" : [ ],
      "failureSummary" : null
    }, {
      "html" : "<path d=\"M2,14 L5,11 L5,3 L2,0 L9,0 L9,14 L2,14 L2,14 Z\" fill=\"#eaeaea\" id=\"ytp-id-4\"></path>",
      "target" : [ "#player", "#ytp-id-4" ],
      "impact" : null,
      "any" : [ {
        "id" : "duplicate-id",
        "impact" : "minor",
        "message" : "Document has no static elements that share the same id attribute",
        "data" : "ytp-id-4",
        "relatedNodes" : [ ]
      } ],
      "all" : [ ],
      "none" : [ ],
      "failureSummary" : null
    }, {
      "html" : "<path class=\"ytp-svg-fill\" d=\"m 12,12 h 2 v 12 h -2 z m 3.5,6 8.5,6 V 12 z\" id=\"ytp-id-11\"></path>",
      "target" : [ "#player", "#ytp-id-11" ],
      "impact" : null,
      "any" : [ {
        "id" : "duplicate-id",
        "impact" : "minor",
        "message" : "Document has no static elements that share the same id attribute",
        "data" : "ytp-id-11",
        "relatedNodes" : [ ]
      } ],
      "all" : [ ],
      "none" : [ ],
      "failureSummary" : null
    }, {
      "html" : "<path class=\"ytp-svg-fill\" d=\"M 12,26 18.5,22 18.5,14 12,10 z M 18.5,22 25,18 25,18 18.5,14 z\" id=\"ytp-id-12\"></path>",
      "target" : [ "#player", "#ytp-id-12" ],
      "impact" : null,
      "any" : [ {
        "id" : "duplicate-id",
        "impact" : "minor",
        "message" : "Document has no static elements that share the same id attribute",
        "data" : "ytp-id-12",
        "relatedNodes" : [ ]
      } ],
      "all" : [ ],
      "none" : [ ],
      "failureSummary" : null
    }, {
      "html" : "<path class=\"ytp-svg-fill\" d=\"M 12,24 20.5,18 12,12 V 24 z M 22,12 v 12 h 2 V 12 h -2 z\" id=\"ytp-id-13\"></path>",
      "target" : [ "#player", "#ytp-id-13" ],
      "impact" : null,
      "any" : [ {
        "id" : "duplicate-id",
        "impact" : "minor",
        "message" : "Document has no static elements that share the same id attribute",
        "data" : "ytp-id-13",
        "relatedNodes" : [ ]
      } ],
      "all" : [ ],
      "none" : [ ],
      "failureSummary" : null
    }, {
      "html" : "<clipPath id=\"ytp-svg-volume-animation-mask\">",
      "target" : [ "#player", "#ytp-svg-volume-animation-mask" ],
      "impact" : null,
      "any" : [ {
        "id" : "duplicate-id",
        "impact" : "minor",
        "message" : "Document has no static elements that share the same id attribute",
        "data" : "ytp-svg-volume-animation-mask",
        "relatedNodes" : [ ]
      } ],
      "all" : [ ],
      "none" : [ ],
      "failureSummary" : null
    }, {
      "html" : "<clipPath id=\"ytp-svg-volume-animation-slash-mask\"><path class=\"ytp-svg-volume-animation-mover\" d=\"m -11.45,-15.55 -4.44,4.51 20.45,20.94 4.55,-4.66 z\" transform=\"translate(0, 0)\"></path></clipPath>",
      "target" : [ "#player", "#ytp-svg-volume-animation-slash-mask" ],
      "impact" : null,
      "any" : [ {
        "id" : "duplicate-id",
        "impact" : "minor",
        "message" : "Document has no static elements that share the same id attribute",
        "data" : "ytp-svg-volume-animation-slash-mask",
        "relatedNodes" : [ ]
      } ],
      "all" : [ ],
      "none" : [ ],
      "failureSummary" : null
    }, {
      "html" : "<path class=\"ytp-svg-fill ytp-svg-volume-animation-speaker\" clip-path=\"url(#ytp-svg-volume-animation-mask)\" d=\"M8,21 L12,21 L17,26 L17,10 L12,15 L8,15 L8,21 Z M19,14 L19,22 C20.48,21.32 21.5,19.77 21.5,18 C21.5,16.26 20.48,14.74 19,14 ZM19,11.29 C21.89,12.15 24,14.83 24,18 C24,21.17 21.89,23.85 19,24.71 L19,26.77 C23.01,25.86 26,22.28 26,18 C26,13.72 23.01,10.14 19,9.23 L19,11.29 Z\" fill=\"#fff\" id=\"ytp-id-15\">",
      "target" : [ "#player", "#ytp-id-15" ],
      "impact" : null,
      "any" : [ {
        "id" : "duplicate-id",
        "impact" : "minor",
        "message" : "Document has no static elements that share the same id attribute",
        "data" : "ytp-id-15",
        "relatedNodes" : [ ]
      } ],
      "all" : [ ],
      "none" : [ ],
      "failureSummary" : null
    }, {
      "html" : "<path class=\"ytp-svg-fill ytp-svg-volume-animation-hider\" clip-path=\"url(#ytp-svg-volume-animation-slash-mask)\" d=\"M 9.25,9 7.98,10.27 24.71,27 l 1.27,-1.27 Z\" fill=\"#fff\" id=\"ytp-id-16\" style=\"display: none;\"></path>",
      "target" : [ "#player", "#ytp-id-16" ],
      "impact" : null,
      "any" : [ {
        "id" : "duplicate-id",
        "impact" : "minor",
        "message" : "Document has no static elements that share the same id attribute",
        "data" : "ytp-id-16",
        "relatedNodes" : [ ]
      } ],
      "all" : [ ],
      "none" : [ ],
      "failureSummary" : null
    }, {
      "html" : "<path d=\"M11,11 C9.89,11 9,11.9 9,13 L9,23 C9,24.1 9.89,25 11,25 L25,25 C26.1,25 27,24.1 27,23 L27,13 C27,11.9 26.1,11 25,11 L11,11 Z M17,17 L15.5,17 L15.5,16.5 L13.5,16.5 L13.5,19.5 L15.5,19.5 L15.5,19 L17,19 L17,20 C17,20.55 16.55,21 16,21 L13,21 C12.45,21 12,20.55 12,20 L12,16 C12,15.45 12.45,15 13,15 L16,15 C16.55,15 17,15.45 17,16 L17,17 L17,17 Z M24,17 L22.5,17 L22.5,16.5 L20.5,16.5 L20.5,19.5 L22.5,19.5 L22.5,19 L24,19 L24,20 C24,20.55 23.55,21 23,21 L20,21 C19.45,21 19,20.55 19,20 L19,16 C19,15.45 19.45,15 20,15 L23,15 C23.55,15 24,15.45 24,16 L24,17 L24,17 Z\" fill=\"#fff\" id=\"ytp-id-17\">",
      "target" : [ "#player", "#ytp-id-17" ],
      "impact" : null,
      "any" : [ {
        "id" : "duplicate-id",
        "impact" : "minor",
        "message" : "Document has no static elements that share the same id attribute",
        "data" : "ytp-id-17",
        "relatedNodes" : [ ]
      } ],
      "all" : [ ],
      "none" : [ ],
      "failureSummary" : null
    }, {
      "html" : "<path d=\"m 23.94,18.78 c .03,-0.25 .05,-0.51 .05,-0.78 0,-0.27 -0.02,-0.52 -0.05,-0.78 l 1.68,-1.32 c .15,-0.12 .19,-0.33 .09,-0.51 l -1.6,-2.76 c -0.09,-0.17 -0.31,-0.24 -0.48,-0.17 l -1.99,.8 c -0.41,-0.32 -0.86,-0.58 -1.35,-0.78 l -0.30,-2.12 c -0.02,-0.19 -0.19,-0.33 -0.39,-0.33 l -3.2,0 c -0.2,0 -0.36,.14 -0.39,.33 l -0.30,2.12 c -0.48,.2 -0.93,.47 -1.35,.78 l -1.99,-0.8 c -0.18,-0.07 -0.39,0 -0.48,.17 l -1.6,2.76 c -0.10,.17 -0.05,.39 .09,.51 l 1.68,1.32 c -0.03,.25 -0.05,.52 -0.05,.78 0,.26 .02,.52 .05,.78 l -1.68,1.32 c -0.15,.12 -0.19,.33 -0.09,.51 l 1.6,2.76 c .09,.17 .31,.24 .48,.17 l 1.99,-0.8 c .41,.32 .86,.58 1.35,.78 l .30,2.12 c .02,.19 .19,.33 .39,.33 l 3.2,0 c .2,0 .36,-0.14 .39,-0.33 l .30,-2.12 c .48,-0.2 .93,-0.47 1.35,-0.78 l 1.99,.8 c .18,.07 .39,0 .48,-0.17 l 1.6,-2.76 c .09,-0.17 .05,-0.39 -0.09,-0.51 l -1.68,-1.32 0,0 z m -5.94,2.01 c -1.54,0 -2.8,-1.25 -2.8,-2.8 0,-1.54 1.25,-2.8 2.8,-2.8 1.54,0 2.8,1.25 2.8,2.8 0,1.54 -1.25,2.8 -2.8,2.8 l 0,0 z\" fill=\"#fff\" id=\"ytp-id-19\">",
      "target" : [ "#player", "#ytp-id-19" ],
      "impact" : null,
      "any" : [ {
        "id" : "duplicate-id",
        "impact" : "minor",
        "message" : "Document has no static elements that share the same id attribute",
        "data" : "ytp-id-19",
        "relatedNodes" : [ ]
      } ],
      "all" : [ ],
      "none" : [ ],
      "failureSummary" : null
    }, {
      "html" : "<path d=\"M 26,10 22.83,10 21,8 15,8 13.17,10 10,10 c -1.1,0 -2,.9 -2,2 l 0,12 c 0,1.1 .9,2 2,2 l 16,0 c 1.1,0 2,-0.9 2,-2 l 0,-12 c 0,-1.1 -0.9,-2 -2,-2 l 0,0 z m -5,11.5 0,-2.5 -6,0 0,2.5 -3.5,-3.5 3.5,-3.5 0,2.5 6,0 0,-2.5 3.5,3.5 -3.5,3.5 0,0 z\" fill=\"#fff\" id=\"ytp-id-20\"></path>",
      "target" : [ "#player", "#ytp-id-20" ],
      "impact" : null,
      "any" : [ {
        "id" : "duplicate-id",
        "impact" : "minor",
        "message" : "Document has no static elements that share the same id attribute",
        "data" : "ytp-id-20",
        "relatedNodes" : [ ]
      } ],
      "all" : [ ],
      "none" : [ ],
      "failureSummary" : null
    }, {
      "html" : "<path class=\"ytp-svg-fill\" d=\"M 45.09 10 L 45.09 25.82 L 47.16 25.82 L 47.41 24.76 L 47.47 24.76 C 47.66 25.14 47.94 25.44 48.33 25.66 C 48.72 25.88 49.16 25.99 49.63 25.99 C 50.48 25.99 51.1 25.60 51.5 24.82 C 51.9 24.04 52.09 22.82 52.09 21.16 L 52.09 19.40 C 52.12 18.13 52.05 17.15 51.90 16.44 C 51.75 15.74 51.50 15.23 51.16 14.91 C 50.82 14.59 50.34 14.44 49.75 14.44 C 49.29 14.44 48.87 14.57 48.47 14.83 C 48.27 14.96 48.09 15.11 47.93 15.29 C 47.78 15.46 47.64 15.65 47.53 15.86 L 47.51 15.86 L 47.51 10 L 45.09 10 z M 8.10 10.56 L 10.96 20.86 L 10.96 25.82 L 13.42 25.82 L 13.42 20.86 L 16.32 10.56 L 13.83 10.56 L 12.78 15.25 C 12.49 16.62 12.31 17.59 12.23 18.17 L 12.16 18.17 C 12.04 17.35 11.84 16.38 11.59 15.23 L 10.59 10.56 L 8.10 10.56 z M 30.10 10.56 L 30.10 12.58 L 32.59 12.58 L 32.59 25.82 L 35.06 25.82 L 35.06 12.58 L 37.55 12.58 L 37.55 10.56 L 30.10 10.56 z M 19.21 14.46 C 18.37 14.46 17.69 14.63 17.17 14.96 C 16.65 15.29 16.27 15.82 16.03 16.55 C 15.79 17.28 15.67 18.23 15.67 19.43 L 15.67 21.06 C 15.67 22.24 15.79 23.19 16 23.91 C 16.21 24.62 16.57 25.15 17.07 25.49 C 17.58 25.83 18.27 26 19.15 26 C 20.02 26 20.69 25.83 21.19 25.5 C 21.69 25.17 22.06 24.63 22.28 23.91 C 22.51 23.19 22.63 22.25 22.63 21.06 L 22.63 19.43 C 22.63 18.23 22.50 17.28 22.27 16.56 C 22.04 15.84 21.68 15.31 21.18 14.97 C 20.68 14.63 20.03 14.46 19.21 14.46 z M 56.64 14.47 C 55.39 14.47 54.51 14.84 53.99 15.61 C 53.48 16.38 53.22 17.60 53.22 19.27 L 53.22 21.23 C 53.22 22.85 53.47 24.05 53.97 24.83 C 54.34 25.40 54.92 25.77 55.71 25.91 C 55.97 25.96 56.26 25.99 56.57 25.99 C 57.60 25.99 58.40 25.74 58.96 25.23 C 59.53 24.72 59.81 23.94 59.81 22.91 C 59.81 22.74 59.79 22.61 59.78 22.51 L 57.63 22.39 C 57.62 23.06 57.54 23.54 57.40 23.83 C 57.26 24.12 57.01 24.27 56.63 24.27 C 56.35 24.27 56.13 24.18 56.00 24.02 C 55.87 23.86 55.79 23.61 55.75 23.25 C 55.71 22.89 55.68 22.36 55.68 21.64 L 55.68 21.08 L 59.86 21.08 L 59.86 19.16 C 59.86 17.99 59.77 17.08 59.58 16.41 C 59.39 15.75 59.07 15.25 58.61 14.93 C 58.15 14.62 57.50 14.47 56.64 14.47 z M 23.92 14.67 L 23.92 23.00 C 23.92 24.03 24.11 24.79 24.46 25.27 C 24.82 25.76 25.35 26.00 26.09 26.00 C 27.16 26.00 27.97 25.49 28.5 24.46 L 28.55 24.46 L 28.76 25.82 L 30.73 25.82 L 30.73 14.67 L 28.23 14.67 L 28.23 23.52 C 28.13 23.73 27.97 23.90 27.77 24.03 C 27.57 24.16 27.37 24.24 27.15 24.24 C 26.89 24.24 26.70 24.12 26.59 23.91 C 26.48 23.70 26.43 23.35 26.43 22.85 L 26.43 14.67 L 23.92 14.67 z M 36.80 14.67 L 36.80 23.00 C 36.80 24.03 36.98 24.79 37.33 25.27 C 37.60 25.64 37.97 25.87 38.45 25.96 C 38.61 25.99 38.78 26.00 38.97 26.00 C 40.04 26.00 40.83 25.49 41.36 24.46 L 41.41 24.46 L 41.64 25.82 L 43.59 25.82 L 43.59 14.67 L 41.09 14.67 L 41.09 23.52 C 40.99 23.73 40.85 23.90 40.65 24.03 C 40.45 24.16 40.23 24.24 40.01 24.24 C 39.75 24.24 39.58 24.12 39.47 23.91 C 39.36 23.70 39.31 23.35 39.31 22.85 L 39.31 14.67 L 36.80 14.67 z M 56.61 16.15 C 56.88 16.15 57.08 16.23 57.21 16.38 C 57.33 16.53 57.42 16.79 57.47 17.16 C 57.52 17.53 57.53 18.06 57.53 18.78 L 57.53 19.58 L 55.69 19.58 L 55.69 18.78 C 55.69 18.05 55.71 17.52 55.75 17.16 C 55.79 16.81 55.87 16.55 56.00 16.39 C 56.13 16.23 56.32 16.15 56.61 16.15 z M 19.15 16.19 C 19.50 16.19 19.75 16.38 19.89 16.75 C 20.03 17.12 20.09 17.7 20.09 18.5 L 20.09 21.97 C 20.09 22.79 20.03 23.39 19.89 23.75 C 19.75 24.11 19.51 24.29 19.15 24.30 C 18.80 24.30 18.54 24.11 18.41 23.75 C 18.28 23.39 18.22 22.79 18.22 21.97 L 18.22 18.5 C 18.22 17.7 18.28 17.12 18.42 16.75 C 18.56 16.38 18.81 16.19 19.15 16.19 z M 48.63 16.22 C 48.88 16.22 49.08 16.31 49.22 16.51 C 49.36 16.71 49.45 17.05 49.50 17.52 C 49.55 17.99 49.58 18.68 49.58 19.55 L 49.58 21 L 49.59 21 C 49.59 21.81 49.57 22.45 49.5 22.91 C 49.43 23.37 49.32 23.70 49.16 23.89 C 49.00 24.08 48.78 24.17 48.51 24.17 C 48.30 24.17 48.11 24.12 47.94 24.02 C 47.76 23.92 47.62 23.78 47.51 23.58 L 47.51 17.25 C 47.59 16.95 47.75 16.70 47.96 16.50 C 48.17 16.31 48.39 16.22 48.63 16.22 z \" id=\"ytp-id-22\">",
      "target" : [ "#player", "#ytp-id-22" ],
      "impact" : null,
      "any" : [ {
        "id" : "duplicate-id",
        "impact" : "minor",
        "message" : "Document has no static elements that share the same id attribute",
        "data" : "ytp-id-22",
        "relatedNodes" : [ ]
      } ],
      "all" : [ ],
      "none" : [ ],
      "failureSummary" : null
    }, {
      "html" : "<path d=\"M25,17 L17,17 L17,23 L25,23 L25,17 L25,17 Z M29,25 L29,10.98 C29,9.88 28.1,9 27,9 L9,9 C7.9,9 7,9.88 7,10.98 L7,25 C7,26.1 7.9,27 9,27 L27,27 C28.1,27 29,26.1 29,25 L29,25 Z M27,25.02 L9,25.02 L9,10.97 L27,10.97 L27,25.02 L27,25.02 Z\" fill=\"#fff\" id=\"ytp-id-6\"></path>",
      "target" : [ "#player", "#ytp-id-6" ],
      "impact" : null,
      "any" : [ {
        "id" : "duplicate-id",
        "impact" : "minor",
        "message" : "Document has no static elements that share the same id attribute",
        "data" : "ytp-id-6",
        "relatedNodes" : [ ]
      } ],
      "all" : [ ],
      "none" : [ ],
      "failureSummary" : null
    }, {
      "html" : "<path d=\"M27,9 L9,9 C7.9,9 7,9.9 7,11 L7,14 L9,14 L9,11 L27,11 L27,25 L20,25 L20,27 L27,27 C28.1,27 29,26.1 29,25 L29,11 C29,9.9 28.1,9 27,9 L27,9 Z M7,24 L7,27 L10,27 C10,25.34 8.66,24 7,24 L7,24 Z M7,20 L7,22 C9.76,22 12,24.24 12,27 L14,27 C14,23.13 10.87,20 7,20 L7,20 Z M7,16 L7,18 C11.97,18 16,22.03 16,27 L18,27 C18,20.92 13.07,16 7,16 L7,16 Z\" fill=\"#fff\" id=\"ytp-id-23\">",
      "target" : [ "#player", "#ytp-id-23" ],
      "impact" : null,
      "any" : [ {
        "id" : "duplicate-id",
        "impact" : "minor",
        "message" : "Document has no static elements that share the same id attribute",
        "data" : "ytp-id-23",
        "relatedNodes" : [ ]
      } ],
      "all" : [ ],
      "none" : [ ],
      "failureSummary" : null
    }, {
      "html" : "<path class=\"ytp-svg-fill\" d=\"m 10,16 2,0 0,-4 4,0 0,-2 L 10,10 l 0,6 0,0 z\" id=\"ytp-id-7\"></path>",
      "target" : [ "#player", "#ytp-id-7" ],
      "impact" : null,
      "any" : [ {
        "id" : "duplicate-id",
        "impact" : "minor",
        "message" : "Document has no static elements that share the same id attribute",
        "data" : "ytp-id-7",
        "relatedNodes" : [ ]
      } ],
      "all" : [ ],
      "none" : [ ],
      "failureSummary" : null
    }, {
      "html" : "<path class=\"ytp-svg-fill\" d=\"m 20,10 0,2 4,0 0,4 2,0 L 26,10 l -6,0 0,0 z\" id=\"ytp-id-8\"></path>",
      "target" : [ "#player", "#ytp-id-8" ],
      "impact" : null,
      "any" : [ {
        "id" : "duplicate-id",
        "impact" : "minor",
        "message" : "Document has no static elements that share the same id attribute",
        "data" : "ytp-id-8",
        "relatedNodes" : [ ]
      } ],
      "all" : [ ],
      "none" : [ ],
      "failureSummary" : null
    }, {
      "html" : "<path class=\"ytp-svg-fill\" d=\"m 24,24 -4,0 0,2 L 26,26 l 0,-6 -2,0 0,4 0,0 z\" id=\"ytp-id-9\"></path>",
      "target" : [ "#player", "#ytp-id-9" ],
      "impact" : null,
      "any" : [ {
        "id" : "duplicate-id",
        "impact" : "minor",
        "message" : "Document has no static elements that share the same id attribute",
        "data" : "ytp-id-9",
        "relatedNodes" : [ ]
      } ],
      "all" : [ ],
      "none" : [ ],
      "failureSummary" : null
    }, {
      "html" : "<path class=\"ytp-svg-fill\" d=\"M 12,20 10,20 10,26 l 6,0 0,-2 -4,0 0,-4 0,0 z\" id=\"ytp-id-10\"></path>",
      "target" : [ "#player", "#ytp-id-10" ],
      "impact" : null,
      "any" : [ {
        "id" : "duplicate-id",
        "impact" : "minor",
        "message" : "Document has no static elements that share the same id attribute",
        "data" : "ytp-id-10",
        "relatedNodes" : [ ]
      } ],
      "all" : [ ],
      "none" : [ ],
      "failureSummary" : null
    }, {
      "html" : "<a href=\"mars2.html?a=\" class=\"thickbox\" id=\"id-country-selector\"></a>",
      "target" : [ "#id-country-selector" ],
      "impact" : null,
      "any" : [ {
        "id" : "duplicate-id",
        "impact" : "minor",
        "message" : "Document has no static elements that share the same id attribute",
        "data" : "id-country-selector",
        "relatedNodes" : [ ]
      } ],
      "all" : [ ],
      "none" : [ ],
      "failureSummary" : null
    }, {
      "html" : "<div id=\"inline-id-country-selector\" style=\"display: none;\">",
      "target" : [ "#inline-id-country-selector" ],
      "impact" : null,
      "any" : [ {
        "id" : "duplicate-id",
        "impact" : "minor",
        "message" : "Document has no static elements that share the same id attribute",
        "data" : "inline-id-country-selector",
        "relatedNodes" : [ ]
      } ],
      "all" : [ ],
      "none" : [ ],
      "failureSummary" : null
    }, {
      "html" : "<input id=\"id-country-preference\" class=\"no-border\" type=\"checkbox\" name=\"country-preference\" value=\"1\">",
      "target" : [ "#id-country-preference" ],
      "impact" : null,
      "any" : [ {
        "id" : "duplicate-id",
        "impact" : "minor",
        "message" : "Document has no static elements that share the same id attribute",
        "data" : "id-country-preference",
        "relatedNodes" : [ ]
      } ],
      "all" : [ ],
      "none" : [ ],
      "failureSummary" : null
    }, {
      "html" : "<div id=\"bottom-bg\" style=\"\">",
      "target" : [ "#bottom-bg" ],
      "impact" : null,
      "any" : [ {
        "id" : "duplicate-id",
        "impact" : "minor",
        "message" : "Document has no static elements that share the same id attribute",
        "data" : "bottom-bg",
        "relatedNodes" : [ ]
      } ],
      "all" : [ ],
      "none" : [ ],
      "failureSummary" : null
    }, {
      "html" : "<div id=\"social-bar\" class=\"container-fluid-full\">",
      "target" : [ "#social-bar" ],
      "impact" : null,
      "any" : [ {
        "id" : "duplicate-id",
        "impact" : "minor",
        "message" : "Document has no static elements that share the same id attribute",
        "data" : "social-bar",
        "relatedNodes" : [ ]
      } ],
      "all" : [ ],
      "none" : [ ],
      "failureSummary" : null
    }, {
      "html" : "<div id=\"social\" class=\"span12\">",
      "target" : [ "#social" ],
      "impact" : null,
      "any" : [ {
        "id" : "duplicate-id",
        "impact" : "minor",
        "message" : "Document has no static elements that share the same id attribute",
        "data" : "social",
        "relatedNodes" : [ ]
      } ],
      "all" : [ ],
      "none" : [ ],
      "failureSummary" : null
    }, {
      "html" : "<iframe id=\"fafbba78\" name=\"f2bc5e72d\" scrolling=\"no\" style=\"border: none; overflow: hidden; height: 62px; width: 292px;\" class=\"fb_ltr\" src=\"/assets/demo-sites/mars/js/likebox.html\"></iframe>",
      "target" : [ "#fafbba78" ],
      "impact" : null,
      "any" : [ {
        "id" : "duplicate-id",
        "impact" : "minor",
        "message" : "Document has no static elements that share the same id attribute",
        "data" : "fafbba78",
        "relatedNodes" : [ ]
      } ],
      "all" : [ ],
      "none" : [ ],
      "failureSummary" : null
    }, {
      "html" : "<html lang=\"en\" id=\"facebook\" class=\"\">",
      "target" : [ "#fafbba78", "#facebook" ],
      "impact" : null,
      "any" : [ {
        "id" : "duplicate-id",
        "impact" : "minor",
        "message" : "Document has no static elements that share the same id attribute",
        "data" : "facebook",
        "relatedNodes" : [ ]
      } ],
      "all" : [ ],
      "none" : [ ],
      "failureSummary" : null
    }, {
      "html" : "<meta name=\"referrer\" content=\"default\" id=\"meta_referrer\">",
      "target" : [ "#fafbba78", "#meta_referrer" ],
      "impact" : null,
      "any" : [ {
        "id" : "duplicate-id",
        "impact" : "minor",
        "message" : "Document has no static elements that share the same id attribute",
        "data" : "meta_referrer",
        "relatedNodes" : [ ]
      } ],
      "all" : [ ],
      "none" : [ ],
      "failureSummary" : null
    }, {
      "html" : "<div id=\"FB_HiddenContainer\" style=\"position:absolute; top:-10000px; width:0px; height:0px;\">\n</div>",
      "target" : [ "#fafbba78", "#FB_HiddenContainer" ],
      "impact" : null,
      "any" : [ {
        "id" : "duplicate-id",
        "impact" : "minor",
        "message" : "Document has no static elements that share the same id attribute",
        "data" : "FB_HiddenContainer",
        "relatedNodes" : [ ]
      } ],
      "all" : [ ],
      "none" : [ ],
      "failureSummary" : null
    }, {
      "html" : "<form rel=\"async\" ajaxify=\"/plugins/likebox/connect\" method=\"post\" action=\"#\" id=\"u_0_0\">",
      "target" : [ "#fafbba78", "#u_0_0" ],
      "impact" : null,
      "any" : [ {
        "id" : "duplicate-id",
        "impact" : "minor",
        "message" : "Document has no static elements that share the same id attribute",
        "data" : "u_0_0",
        "relatedNodes" : [ ]
      } ],
      "all" : [ ],
      "none" : [ ],
      "failureSummary" : null
    }, {
      "html" : "<span class=\"hidden_elem\" id=\"u_0_1\">You like this.</span>",
      "target" : [ "#fafbba78", "#u_0_1" ],
      "impact" : null,
      "any" : [ {
        "id" : "duplicate-id",
        "impact" : "minor",
        "message" : "Document has no static elements that share the same id attribute",
        "data" : "u_0_1",
        "relatedNodes" : [ ]
      } ],
      "all" : [ ],
      "none" : [ ],
      "failureSummary" : null
    }, {
      "html" : "<span id=\"u_0_2\">378,121</span>",
      "target" : [ "#fafbba78", "#u_0_2" ],
      "impact" : null,
      "any" : [ {
        "id" : "duplicate-id",
        "impact" : "minor",
        "message" : "Document has no static elements that share the same id attribute",
        "data" : "u_0_2",
        "relatedNodes" : [ ]
      } ],
      "all" : [ ],
      "none" : [ ],
      "failureSummary" : null
    }, {
      "html" : "<span class=\"label\" id=\"l\">Follow @MarsTrip1</span>",
      "target" : [ ".twitter-follow-button", "#l" ],
      "impact" : null,
      "any" : [ {
        "id" : "duplicate-id",
        "impact" : "minor",
        "message" : "Document has no static elements that share the same id attribute",
        "data" : "l",
        "relatedNodes" : [ ]
      } ],
      "all" : [ ],
      "none" : [ ],
      "failureSummary" : null
    }, {
      "html" : "<div class=\"count-o\" id=\"c\"><i></i><u></u><a id=\"count\" class=\"note\" target=\"_blank\" href=\"https://twitter.com\"></a></div>",
      "target" : [ ".twitter-follow-button", "#c" ],
      "impact" : null,
      "any" : [ {
        "id" : "duplicate-id",
        "impact" : "minor",
        "message" : "Document has no static elements that share the same id attribute",
        "data" : "c",
        "relatedNodes" : [ ]
      } ],
      "all" : [ ],
      "none" : [ ],
      "failureSummary" : null
    }, {
      "html" : "<a id=\"count\" class=\"note\" target=\"_blank\" href=\"https://twitter.com\"></a>",
      "target" : [ ".twitter-follow-button", "#count" ],
      "impact" : null,
      "any" : [ {
        "id" : "duplicate-id",
        "impact" : "minor",
        "message" : "Document has no static elements that share the same id attribute",
        "data" : "count",
        "relatedNodes" : [ ]
      } ],
      "all" : [ ],
      "none" : [ ],
      "failureSummary" : null
    }, {
      "html" : "<menu type=\"context\" id=\"menu\"><menuitem id=\"m-follow\" label=\"Follow user\"></menuitem><menuitem id=\"m-profile\" label=\"View user on Twitter\"></menuitem><menuitem id=\"m-tweet\" label=\"Send Tweet to user\"></menuitem></menu>",
      "target" : [ ".twitter-follow-button", "#menu" ],
      "impact" : null,
      "any" : [ {
        "id" : "duplicate-id",
        "impact" : "minor",
        "message" : "Document has no static elements that share the same id attribute",
        "data" : "menu",
        "relatedNodes" : [ ]
      } ],
      "all" : [ ],
      "none" : [ ],
      "failureSummary" : null
    }, {
      "html" : "<menuitem id=\"m-follow\" label=\"Follow user\"></menuitem>",
      "target" : [ ".twitter-follow-button", "#m-follow" ],
      "impact" : null,
      "any" : [ {
        "id" : "duplicate-id",
        "impact" : "minor",
        "message" : "Document has no static elements that share the same id attribute",
        "data" : "m-follow",
        "relatedNodes" : [ ]
      } ],
      "all" : [ ],
      "none" : [ ],
      "failureSummary" : null
    }, {
      "html" : "<menuitem id=\"m-profile\" label=\"View user on Twitter\"></menuitem>",
      "target" : [ ".twitter-follow-button", "#m-profile" ],
      "impact" : null,
      "any" : [ {
        "id" : "duplicate-id",
        "impact" : "minor",
        "message" : "Document has no static elements that share the same id attribute",
        "data" : "m-profile",
        "relatedNodes" : [ ]
      } ],
      "all" : [ ],
      "none" : [ ],
      "failureSummary" : null
    }, {
      "html" : "<menuitem id=\"m-tweet\" label=\"Send Tweet to user\"></menuitem>",
      "target" : [ ".twitter-follow-button", "#m-tweet" ],
      "impact" : null,
      "any" : [ {
        "id" : "duplicate-id",
        "impact" : "minor",
        "message" : "Document has no static elements that share the same id attribute",
        "data" : "m-tweet",
        "relatedNodes" : [ ]
      } ],
      "all" : [ ],
      "none" : [ ],
      "failureSummary" : null
    }, {
      "html" : "<div id=\"footer-multi-links\" class=\"container-fluid-full\">",
      "target" : [ "#footer-multi-links" ],
      "impact" : null,
      "any" : [ {
        "id" : "duplicate-id",
        "impact" : "minor",
        "message" : "Document has no static elements that share the same id attribute",
        "data" : "footer-multi-links",
        "relatedNodes" : [ ]
      } ],
      "all" : [ ],
      "none" : [ ],
      "failureSummary" : null
    }, {
      "html" : "<div id=\"footer-book\" class=\"span2 left-first\">",
      "target" : [ "#footer-book" ],
      "impact" : null,
      "any" : [ {
        "id" : "duplicate-id",
        "impact" : "minor",
        "message" : "Document has no static elements that share the same id attribute",
        "data" : "footer-book",
        "relatedNodes" : [ ]
      } ],
      "all" : [ ],
      "none" : [ ],
      "failureSummary" : null
    }, {
      "html" : "<div id=\"footer-trains\" class=\"span2\">",
      "target" : [ "#footer-trains" ],
      "impact" : null,
      "any" : [ {
        "id" : "duplicate-id",
        "impact" : "minor",
        "message" : "Document has no static elements that share the same id attribute",
        "data" : "footer-trains",
        "relatedNodes" : [ ]
      } ],
      "all" : [ ],
      "none" : [ ],
      "failureSummary" : null
    }, {
      "html" : "<div id=\"footer-passes\" class=\"span2\">",
      "target" : [ "#footer-passes" ],
      "impact" : null,
      "any" : [ {
        "id" : "duplicate-id",
        "impact" : "minor",
        "message" : "Document has no static elements that share the same id attribute",
        "data" : "footer-passes",
        "relatedNodes" : [ ]
      } ],
      "all" : [ ],
      "none" : [ ],
      "failureSummary" : null
    }, {
      "html" : "<div id=\"footer-plan\" class=\"span2\">",
      "target" : [ "#footer-plan" ],
      "impact" : null,
      "any" : [ {
        "id" : "duplicate-id",
        "impact" : "minor",
        "message" : "Document has no static elements that share the same id attribute",
        "data" : "footer-plan",
        "relatedNodes" : [ ]
      } ],
      "all" : [ ],
      "none" : [ ],
      "failureSummary" : null
    }, {
      "html" : "<div id=\"footer-faq\" class=\"span2\">",
      "target" : [ "#footer-faq" ],
      "impact" : null,
      "any" : [ {
        "id" : "duplicate-id",
        "impact" : "minor",
        "message" : "Document has no static elements that share the same id attribute",
        "data" : "footer-faq",
        "relatedNodes" : [ ]
      } ],
      "all" : [ ],
      "none" : [ ],
      "failureSummary" : null
    }, {
      "html" : "<div id=\"footer-connect\" class=\"span2\">",
      "target" : [ "#footer-connect" ],
      "impact" : null,
      "any" : [ {
        "id" : "duplicate-id",
        "impact" : "minor",
        "message" : "Document has no static elements that share the same id attribute",
        "data" : "footer-connect",
        "relatedNodes" : [ ]
      } ],
      "all" : [ ],
      "none" : [ ],
      "failureSummary" : null
    }, {
      "html" : "<div id=\"copyright\" class=\"container\">",
      "target" : [ "#copyright" ],
      "impact" : null,
      "any" : [ {
        "id" : "duplicate-id",
        "impact" : "minor",
        "message" : "Document has no static elements that share the same id attribute",
        "data" : "copyright",
        "relatedNodes" : [ ]
      } ],
      "all" : [ ],
      "none" : [ ],
      "failureSummary" : null
    } ],
    "url" : null,
    "createdDate" : null
  }, {
    "id" : "empty-heading",
    "description" : "Ensures headings have discernible text",
    "help" : "Headings should not be empty",
    "helpUrl" : "https://dequeuniversity.com/rules/axe/4.6/empty-heading?application=axeAPI",
    "impact" : "",
    "tags" : [ "cat.name-role-value", "best-practice" ],
    "nodes" : [ {
      "html" : "<h1 style=\"color:#eee;\">Destination Mars </h1>",
      "target" : [ "h1" ],
      "impact" : null,
      "any" : [ {
        "id" : "has-visible-text",
        "impact" : "minor",
        "message" : "Element has text that is visible to screen readers",
        "data" : null,
        "relatedNodes" : [ ]
      } ],
      "all" : [ ],
      "none" : [ ],
      "failureSummary" : null
    }, {
      "html" : "<h2 style=\"color:#acbad0;\">A trip to Mars starts in your imagination. Are you bold enough, brave enough, <strong>foolish enough?</strong> We are. You belong on Mars with fools like us. Most of us don't bite. Much.</h2>",
      "target" : [ "h2" ],
      "impact" : null,
      "any" : [ {
        "id" : "has-visible-text",
        "impact" : "minor",
        "message" : "Element has text that is visible to screen readers",
        "data" : null,
        "relatedNodes" : [ ]
      } ],
      "all" : [ ],
      "none" : [ ],
      "failureSummary" : null
    }, {
      "html" : "<h3>Be Bold...</h3>",
      "target" : [ "a[href=\"mars2.html?a=be_bold\"] > h3" ],
      "impact" : null,
      "any" : [ {
        "id" : "has-visible-text",
        "impact" : "minor",
        "message" : "Element has text that is visible to screen readers",
        "data" : null,
        "relatedNodes" : [ ]
      } ],
      "all" : [ ],
      "none" : [ ],
      "failureSummary" : null
    }, {
      "html" : "<h3>Countdown...</h3>",
      "target" : [ "a[href=\"mars2.html?a=countdown\"] > h3" ],
      "impact" : null,
      "any" : [ {
        "id" : "has-visible-text",
        "impact" : "minor",
        "message" : "Element has text that is visible to screen readers",
        "data" : null,
        "relatedNodes" : [ ]
      } ],
      "all" : [ ],
      "none" : [ ],
      "failureSummary" : null
    }, {
      "html" : "<h3>Blast Off!</h3>",
      "target" : [ "a[href=\"mars2.html?a=blast_off\"] > h3" ],
      "impact" : null,
      "any" : [ {
        "id" : "has-visible-text",
        "impact" : "minor",
        "message" : "Element has text that is visible to screen readers",
        "data" : null,
        "relatedNodes" : [ ]
      } ],
      "all" : [ ],
      "none" : [ ],
      "failureSummary" : null
    }, {
      "html" : "<h3>\n            <a class=\"\" href=\"mars2.html?a=crater_adventure\">10% off Crater Adventure</a></h3>",
      "target" : [ "li:nth-child(1) > .deal-text > h3" ],
      "impact" : null,
      "any" : [ {
        "id" : "has-visible-text",
        "impact" : "minor",
        "message" : "Element has text that is visible to screen readers",
        "data" : null,
        "relatedNodes" : [ ]
      } ],
      "all" : [ ],
      "none" : [ ],
      "failureSummary" : null
    }, {
      "html" : "<h3>\n            <a class=\"\" href=\"mars2.html?a=ice_cream\">Free Astronaut Ice Cream</a></h3>",
      "target" : [ "li:nth-child(2) > .deal-text > h3" ],
      "impact" : null,
      "any" : [ {
        "id" : "has-visible-text",
        "impact" : "minor",
        "message" : "Element has text that is visible to screen readers",
        "data" : null,
        "relatedNodes" : [ ]
      } ],
      "all" : [ ],
      "none" : [ ],
      "failureSummary" : null
    }, {
      "html" : "<h3> <a class=\"link\" href=\"mars2.html?a=low_price_guarantee\">Lowest Price Guarantee</a></h3>",
      "target" : [ "li:nth-child(3) > .deal-text > h3" ],
      "impact" : null,
      "any" : [ {
        "id" : "has-visible-text",
        "impact" : "minor",
        "message" : "Element has text that is visible to screen readers",
        "data" : null,
        "relatedNodes" : [ ]
      } ],
      "all" : [ ],
      "none" : [ ],
      "failureSummary" : null
    }, {
      "html" : "<h3>\n            <a class=\"\" href=\"mars2.html?a=send_kids_to_mars\">Send Your Kids to Mars!</a></h3>",
      "target" : [ "li:nth-child(4) > .deal-text > h3" ],
      "impact" : null,
      "any" : [ {
        "id" : "has-visible-text",
        "impact" : "minor",
        "message" : "Element has text that is visible to screen readers",
        "data" : null,
        "relatedNodes" : [ ]
      } ],
      "all" : [ ],
      "none" : [ ],
      "failureSummary" : null
    }, {
      "html" : "<h3>\n            <a class=\"\" href=\"mars2.html?a=wookie\">Fly with a Wookie</a></h3>",
      "target" : [ "li:nth-child(5) > .deal-text > h3" ],
      "impact" : null,
      "any" : [ {
        "id" : "has-visible-text",
        "impact" : "minor",
        "message" : "Element has text that is visible to screen readers",
        "data" : null,
        "relatedNodes" : [ ]
      } ],
      "all" : [ ],
      "none" : [ ],
      "failureSummary" : null
    }, {
      "html" : "<h3>\n            <a class=\"\" href=\"mars2.html?a=stay_connected\">Get Radio on Uranus </a></h3>",
      "target" : [ "li:nth-child(6) > .deal-text > h3" ],
      "impact" : null,
      "any" : [ {
        "id" : "has-visible-text",
        "impact" : "minor",
        "message" : "Element has text that is visible to screen readers",
        "data" : null,
        "relatedNodes" : [ ]
      } ],
      "all" : [ ],
      "none" : [ ],
      "failureSummary" : null
    }, {
      "html" : "<h3>\n            <a class=\"\" href=\"mars2.html?a=free_year\">Free Year on Mars</a></h3>",
      "target" : [ "li:nth-child(7) > .deal-text > h3" ],
      "impact" : null,
      "any" : [ {
        "id" : "has-visible-text",
        "impact" : "minor",
        "message" : "Element has text that is visible to screen readers",
        "data" : null,
        "relatedNodes" : [ ]
      } ],
      "all" : [ ],
      "none" : [ ],
      "failureSummary" : null
    }, {
      "html" : "<h3>\n            <a class=\"\" href=\"mars2.html?a=crater_adventure\">10% off Crater Adventure</a></h3>",
      "target" : [ "li:nth-child(8) > .deal-text > h3" ],
      "impact" : null,
      "any" : [ {
        "id" : "has-visible-text",
        "impact" : "minor",
        "message" : "Element has text that is visible to screen readers",
        "data" : null,
        "relatedNodes" : [ ]
      } ],
      "all" : [ ],
      "none" : [ ],
      "failureSummary" : null
    }, {
      "html" : "<h3>\n            <a class=\"\" href=\"mars2.html?a=ice_cream\">Free Astronaut Ice Cream</a></h3>",
      "target" : [ "li:nth-child(9) > .deal-text > h3" ],
      "impact" : null,
      "any" : [ {
        "id" : "has-visible-text",
        "impact" : "minor",
        "message" : "Element has text that is visible to screen readers",
        "data" : null,
        "relatedNodes" : [ ]
      } ],
      "all" : [ ],
      "none" : [ ],
      "failureSummary" : null
    }, {
      "html" : "<h3> <a class=\"link\" href=\"mars2.html?a=low_price_guarantee\">Lowest Price Guarantee</a></h3>",
      "target" : [ "li:nth-child(10) > .deal-text > h3" ],
      "impact" : null,
      "any" : [ {
        "id" : "has-visible-text",
        "impact" : "minor",
        "message" : "Element has text that is visible to screen readers",
        "data" : null,
        "relatedNodes" : [ ]
      } ],
      "all" : [ ],
      "none" : [ ],
      "failureSummary" : null
    }, {
      "html" : "<h3>\n            <a class=\"\" href=\"mars2.html?a=send_kids_to_mars\">Send Your Kids to Mars!</a></h3>",
      "target" : [ "li:nth-child(11) > .deal-text > h3" ],
      "impact" : null,
      "any" : [ {
        "id" : "has-visible-text",
        "impact" : "minor",
        "message" : "Element has text that is visible to screen readers",
        "data" : null,
        "relatedNodes" : [ ]
      } ],
      "all" : [ ],
      "none" : [ ],
      "failureSummary" : null
    }, {
      "html" : "<h3>\n            <a class=\"\" href=\"mars2.html?a=wookie\">Fly with a Wookie</a></h3>",
      "target" : [ "li:nth-child(12) > .deal-text > h3" ],
      "impact" : null,
      "any" : [ {
        "id" : "has-visible-text",
        "impact" : "minor",
        "message" : "Element has text that is visible to screen readers",
        "data" : null,
        "relatedNodes" : [ ]
      } ],
      "all" : [ ],
      "none" : [ ],
      "failureSummary" : null
    }, {
      "html" : "<h3>\n            <a class=\"\" href=\"mars2.html?a=stay_connected\">Get Radio on Uranus </a></h3>",
      "target" : [ "li:nth-child(13) > .deal-text > h3" ],
      "impact" : null,
      "any" : [ {
        "id" : "has-visible-text",
        "impact" : "minor",
        "message" : "Element has text that is visible to screen readers",
        "data" : null,
        "relatedNodes" : [ ]
      } ],
      "all" : [ ],
      "none" : [ ],
      "failureSummary" : null
    }, {
      "html" : "<h3>\n            <a class=\"\" href=\"mars2.html?a=free_year\">Free Year on Mars</a></h3>",
      "target" : [ "li:nth-child(14) > .deal-text > h3" ],
      "impact" : null,
      "any" : [ {
        "id" : "has-visible-text",
        "impact" : "minor",
        "message" : "Element has text that is visible to screen readers",
        "data" : null,
        "relatedNodes" : [ ]
      } ],
      "all" : [ ],
      "none" : [ ],
      "failureSummary" : null
    }, {
      "html" : "<h3>\n            <a class=\"\" href=\"mars2.html?a=crater_adventure\">10% off Crater Adventure</a></h3>",
      "target" : [ "li:nth-child(15) > .deal-text > h3" ],
      "impact" : null,
      "any" : [ {
        "id" : "has-visible-text",
        "impact" : "minor",
        "message" : "Element has text that is visible to screen readers",
        "data" : null,
        "relatedNodes" : [ ]
      } ],
      "all" : [ ],
      "none" : [ ],
      "failureSummary" : null
    }, {
      "html" : "<h3>\n            <a class=\"\" href=\"mars2.html?a=ice_cream\">Free Astronaut Ice Cream</a></h3>",
      "target" : [ "li:nth-child(16) > .deal-text > h3" ],
      "impact" : null,
      "any" : [ {
        "id" : "has-visible-text",
        "impact" : "minor",
        "message" : "Element has text that is visible to screen readers",
        "data" : null,
        "relatedNodes" : [ ]
      } ],
      "all" : [ ],
      "none" : [ ],
      "failureSummary" : null
    }, {
      "html" : "<h3> <a class=\"link\" href=\"mars2.html?a=low_price_guarantee\">Lowest Price Guarantee</a></h3>",
      "target" : [ "li:nth-child(17) > .deal-text > h3" ],
      "impact" : null,
      "any" : [ {
        "id" : "has-visible-text",
        "impact" : "minor",
        "message" : "Element has text that is visible to screen readers",
        "data" : null,
        "relatedNodes" : [ ]
      } ],
      "all" : [ ],
      "none" : [ ],
      "failureSummary" : null
    }, {
      "html" : "<h3>\n            <a class=\"\" href=\"mars2.html?a=send_kids_to_mars\">Send Your Kids to Mars!</a></h3>",
      "target" : [ "li:nth-child(18) > .deal-text > h3" ],
      "impact" : null,
      "any" : [ {
        "id" : "has-visible-text",
        "impact" : "minor",
        "message" : "Element has text that is visible to screen readers",
        "data" : null,
        "relatedNodes" : [ ]
      } ],
      "all" : [ ],
      "none" : [ ],
      "failureSummary" : null
    }, {
      "html" : "<h3>\n            <a class=\"\" href=\"mars2.html?a=wookie\">Fly with a Wookie</a></h3>",
      "target" : [ "li:nth-child(19) > .deal-text > h3" ],
      "impact" : null,
      "any" : [ {
        "id" : "has-visible-text",
        "impact" : "minor",
        "message" : "Element has text that is visible to screen readers",
        "data" : null,
        "relatedNodes" : [ ]
      } ],
      "all" : [ ],
      "none" : [ ],
      "failureSummary" : null
    }, {
      "html" : "<h3>\n            <a class=\"\" href=\"mars2.html?a=stay_connected\">Get Radio on Uranus </a></h3>",
      "target" : [ "li:nth-child(20) > .deal-text > h3" ],
      "impact" : null,
      "any" : [ {
        "id" : "has-visible-text",
        "impact" : "minor",
        "message" : "Element has text that is visible to screen readers",
        "data" : null,
        "relatedNodes" : [ ]
      } ],
      "all" : [ ],
      "none" : [ ],
      "failureSummary" : null
    }, {
      "html" : "<h3>Let the Adventure Begin!</h3>",
      "target" : [ "#widget-controls > .interior-container > h3" ],
      "impact" : null,
      "any" : [ {
        "id" : "has-visible-text",
        "impact" : "minor",
        "message" : "Element has text that is visible to screen readers",
        "data" : null,
        "relatedNodes" : [ ]
      } ],
      "all" : [ ],
      "none" : [ ],
      "failureSummary" : null
    }, {
      "html" : "<h3>Book your Trip</h3>",
      "target" : [ "#route-select > .interior-container > h3" ],
      "impact" : null,
      "any" : [ {
        "id" : "has-visible-text",
        "impact" : "minor",
        "message" : "Element has text that is visible to screen readers",
        "data" : null,
        "relatedNodes" : [ ]
      } ],
      "all" : [ ],
      "none" : [ ],
      "failureSummary" : null
    }, {
      "html" : "<h3>Who Is Traveling?</h3>",
      "target" : [ ".middle.widget-container:nth-child(13) > .interior-container > h3" ],
      "impact" : null,
      "any" : [ {
        "id" : "has-visible-text",
        "impact" : "minor",
        "message" : "Element has text that is visible to screen readers",
        "data" : null,
        "relatedNodes" : [ ]
      } ],
      "all" : [ ],
      "none" : [ ],
      "failureSummary" : null
    }, {
      "html" : "<h3 id=\"video-text\">Life was possible on Mars</h3>",
      "target" : [ "#video-text" ],
      "impact" : null,
      "any" : [ {
        "id" : "has-visible-text",
        "impact" : "minor",
        "message" : "Element has text that is visible to screen readers",
        "data" : null,
        "relatedNodes" : [ ]
      } ],
      "all" : [ ],
      "none" : [ ],
      "failureSummary" : null
    }, {
      "html" : "<h4>Book Your Trip</h4>",
      "target" : [ "#footer-book > h4" ],
      "impact" : null,
      "any" : [ {
        "id" : "has-visible-text",
        "impact" : "minor",
        "message" : "Element has text that is visible to screen readers",
        "data" : null,
        "relatedNodes" : [ ]
      } ],
      "all" : [ ],
      "none" : [ ],
      "failureSummary" : null
    }, {
      "html" : "<h4>Mars Shuttles</h4>",
      "target" : [ "#footer-trains > h4" ],
      "impact" : null,
      "any" : [ {
        "id" : "has-visible-text",
        "impact" : "minor",
        "message" : "Element has text that is visible to screen readers",
        "data" : null,
        "relatedNodes" : [ ]
      } ],
      "all" : [ ],
      "none" : [ ],
      "failureSummary" : null
    }, {
      "html" : "<h4>Mars Tourist Passes</h4>",
      "target" : [ "#footer-passes > h4" ],
      "impact" : null,
      "any" : [ {
        "id" : "has-visible-text",
        "impact" : "minor",
        "message" : "Element has text that is visible to screen readers",
        "data" : null,
        "relatedNodes" : [ ]
      } ],
      "all" : [ ],
      "none" : [ ],
      "failureSummary" : null
    }, {
      "html" : "<h4>Mars Adventures</h4>",
      "target" : [ "#footer-plan > h4" ],
      "impact" : null,
      "any" : [ {
        "id" : "has-visible-text",
        "impact" : "minor",
        "message" : "Element has text that is visible to screen readers",
        "data" : null,
        "relatedNodes" : [ ]
      } ],
      "all" : [ ],
      "none" : [ ],
      "failureSummary" : null
    }, {
      "html" : "<h4>FAQs</h4>",
      "target" : [ "#footer-faq > h4" ],
      "impact" : null,
      "any" : [ {
        "id" : "has-visible-text",
        "impact" : "minor",
        "message" : "Element has text that is visible to screen readers",
        "data" : null,
        "relatedNodes" : [ ]
      } ],
      "all" : [ ],
      "none" : [ ],
      "failureSummary" : null
    }, {
      "html" : "<h4>Connect With Us</h4>",
      "target" : [ "#footer-connect > h4" ],
      "impact" : null,
      "any" : [ {
        "id" : "has-visible-text",
        "impact" : "minor",
        "message" : "Element has text that is visible to screen readers",
        "data" : null,
        "relatedNodes" : [ ]
      } ],
      "all" : [ ],
      "none" : [ ],
      "failureSummary" : null
    } ],
    "url" : null,
    "createdDate" : null
  }, {
    "id" : "form-field-multiple-labels",
    "description" : "Ensures form field does not have multiple label elements",
    "help" : "Form field must not have multiple label elements",
    "helpUrl" : "https://dequeuniversity.com/rules/axe/4.6/form-field-multiple-labels?application=axeAPI",
    "impact" : "",
    "tags" : [ "cat.forms", "wcag2a", "wcag332" ],
    "nodes" : [ {
      "html" : "<input type=\"text\" class=\"search\" name=\"query\" placeholder=\"search\">",
      "target" : [ ".loginnow > .container-fluid-full > .container > .span5.pull-left.left-first > .pull-left:nth-child(2) > form[method=\"get\"][action=\"/demo/mars/mars2\"] > .search[name=\"query\"][placeholder=\"search\"]" ],
      "impact" : null,
      "any" : [ ],
      "all" : [ ],
      "none" : [ {
        "id" : "multiple-label",
        "impact" : "moderate",
        "message" : "Form field does not have multiple label elements",
        "data" : null,
        "relatedNodes" : [ ]
      } ],
      "failureSummary" : null
    }, {
      "html" : "<input type=\"radio\" name=\"widget-type\" id=\"widget-controls-fares\" value=\"0\" checked=\"checked\">",
      "target" : [ "#widget-controls-fares" ],
      "impact" : null,
      "any" : [ ],
      "all" : [ ],
      "none" : [ {
        "id" : "multiple-label",
        "impact" : "moderate",
        "message" : "Form field does not have multiple label elements",
        "data" : null,
        "relatedNodes" : [ {
          "html" : "<label id=\"widget-controls-fares-label\" for=\"widget-controls-fares\" class=\"selected\">Find Fares &amp; Schedules</label>",
          "target" : [ "#widget-controls-fares-label" ]
        } ]
      } ],
      "failureSummary" : null
    }, {
      "html" : "<input type=\"radio\" name=\"widget-type\" id=\"widget-controls-passes\" value=\"1\">",
      "target" : [ "#widget-controls-passes" ],
      "impact" : null,
      "any" : [ ],
      "all" : [ ],
      "none" : [ {
        "id" : "multiple-label",
        "impact" : "moderate",
        "message" : "Form field does not have multiple label elements",
        "data" : null,
        "relatedNodes" : [ {
          "html" : "<label id=\"widget-controls-passes-label\" for=\"widget-controls-passes\">MarsCommuter Passes</label>",
          "target" : [ "#widget-controls-passes-label" ]
        } ]
      } ],
      "failureSummary" : null
    }, {
      "html" : "<input type=\"radio\" name=\"widget-type\" id=\"widget-controls-reservations\" value=\"2\">",
      "target" : [ "#widget-controls-reservations" ],
      "impact" : null,
      "any" : [ ],
      "all" : [ ],
      "none" : [ {
        "id" : "multiple-label",
        "impact" : "moderate",
        "message" : "Form field does not have multiple label elements",
        "data" : null,
        "relatedNodes" : [ {
          "html" : "<label id=\"widget-controls-reservations-label\" for=\"widget-controls-reservations\">MarsCommuter Reservations</label>",
          "target" : [ "#widget-controls-reservations-label" ]
        } ]
      } ],
      "failureSummary" : null
    }, {
      "html" : "<input type=\"radio\" name=\"widget-type\" id=\"widget-controls-activities\" value=\"4\">",
      "target" : [ "#widget-controls-activities" ],
      "impact" : null,
      "any" : [ ],
      "all" : [ ],
      "none" : [ {
        "id" : "multiple-label",
        "impact" : "moderate",
        "message" : "Form field does not have multiple label elements",
        "data" : null,
        "relatedNodes" : [ {
          "html" : "<label id=\"widget-controls-activities-label\" for=\"widget-controls-activities\">Find Activities</label>",
          "target" : [ "#widget-controls-activities-label" ]
        } ]
      } ],
      "failureSummary" : null
    }, {
      "html" : "<input type=\"radio\" name=\"widget-type\" id=\"widget-controls-hotels\" value=\"3\">",
      "target" : [ "#widget-controls-hotels" ],
      "impact" : null,
      "any" : [ ],
      "all" : [ ],
      "none" : [ {
        "id" : "multiple-label",
        "impact" : "moderate",
        "message" : "Form field does not have multiple label elements",
        "data" : null,
        "relatedNodes" : [ {
          "html" : "<label id=\"widget-controls-hotels-label\" for=\"widget-controls-hotels\">Book a Hotel</label>",
          "target" : [ "#widget-controls-hotels-label" ]
        } ]
      } ],
      "failureSummary" : null
    }, {
      "html" : "<input type=\"radio\" name=\"route-type\" id=\"route-type-one-way\" value=\"0\" checked=\"checked\">",
      "target" : [ "#route-type-one-way" ],
      "impact" : null,
      "any" : [ ],
      "all" : [ ],
      "none" : [ {
        "id" : "multiple-label",
        "impact" : "moderate",
        "message" : "Form field does not have multiple label elements",
        "data" : null,
        "relatedNodes" : [ {
          "html" : "<label for=\"route-type-one-way\" class=\"selected\">One-Way</label>",
          "target" : [ "label[for=\"route-type-one-way\"]" ]
        } ]
      } ],
      "failureSummary" : null
    }, {
      "html" : "<input type=\"radio\" name=\"route-type\" id=\"route-type-round-trip\" value=\"1\">",
      "target" : [ "#route-type-round-trip" ],
      "impact" : null,
      "any" : [ ],
      "all" : [ ],
      "none" : [ {
        "id" : "multiple-label",
        "impact" : "moderate",
        "message" : "Form field does not have multiple label elements",
        "data" : null,
        "relatedNodes" : [ {
          "html" : "<label for=\"route-type-round-trip\">Round-Trip</label>",
          "target" : [ "label[for=\"route-type-round-trip\"]" ]
        } ]
      } ],
      "failureSummary" : null
    }, {
      "html" : "<input type=\"radio\" name=\"route-type\" id=\"route-type-multi-city\" value=\"2\">",
      "target" : [ "#route-type-multi-city" ],
      "impact" : null,
      "any" : [ ],
      "all" : [ ],
      "none" : [ {
        "id" : "multiple-label",
        "impact" : "moderate",
        "message" : "Form field does not have multiple label elements",
        "data" : null,
        "relatedNodes" : [ {
          "html" : "<label for=\"route-type-multi-city\">Multi-Planet</label>",
          "target" : [ "label[for=\"route-type-multi-city\"]" ]
        } ]
      } ],
      "failureSummary" : null
    }, {
      "html" : "<input type=\"text\" value=\"\" class=\"city-input ac_input ui-autocomplete-input\" autocomplete=\"off\" id=\"from0\" name=\"from0\" tabindex=\"1\" role=\"textbox\" aria-autocomplete=\"list\" aria-haspopup=\"true\">",
      "target" : [ "#from0" ],
      "impact" : null,
      "any" : [ ],
      "all" : [ ],
      "none" : [ {
        "id" : "multiple-label",
        "impact" : "moderate",
        "message" : "Form field does not have multiple label elements",
        "data" : null,
        "relatedNodes" : [ {
          "html" : "<label for=\"from0\">From:</label>",
          "target" : [ "label[for=\"from0\"]" ]
        } ]
      } ],
      "failureSummary" : null
    }, {
      "html" : "<input type=\"text\" value=\"\" class=\"city-input ac_input ui-autocomplete-input\" autocomplete=\"off\" id=\"to0\" name=\"to0\" tabindex=\"1\" role=\"textbox\" aria-autocomplete=\"list\" aria-haspopup=\"true\">",
      "target" : [ "#to0" ],
      "impact" : null,
      "any" : [ ],
      "all" : [ ],
      "none" : [ {
        "id" : "multiple-label",
        "impact" : "moderate",
        "message" : "Form field does not have multiple label elements",
        "data" : null,
        "relatedNodes" : [ {
          "html" : "<label for=\"to0\">To:</label>",
          "target" : [ "label[for=\"to0\"]" ]
        } ]
      } ],
      "failureSummary" : null
    }, {
      "html" : "<input size=\"10\" id=\"deptDate0\" name=\"deptDate0\" placeholder=\"mm/dd/yyyy\" value=\"\" tabindex=\"3\" class=\"hasDatepicker input-dept\">",
      "target" : [ "#deptDate0" ],
      "impact" : null,
      "any" : [ ],
      "all" : [ ],
      "none" : [ {
        "id" : "multiple-label",
        "impact" : "moderate",
        "message" : "Form field does not have multiple label elements",
        "data" : null,
        "relatedNodes" : [ {
          "html" : "<label for=\"deptDate0\">Departure Date</label>",
          "target" : [ "label[for=\"deptDate0\"]" ]
        } ]
      } ],
      "failureSummary" : null
    }, {
      "html" : "<select name=\"time0\" id=\"time0\" class=\"select-time\" tabindex=\"4\">",
      "target" : [ "#time0" ],
      "impact" : null,
      "any" : [ ],
      "all" : [ ],
      "none" : [ {
        "id" : "multiple-label",
        "impact" : "moderate",
        "message" : "Form field does not have multiple label elements",
        "data" : null,
        "relatedNodes" : [ ]
      } ],
      "failureSummary" : null
    }, {
      "html" : "<input type=\"radio\" name=\"pass-question-radio\" id=\"pass-question-yes\" value=\"0\">",
      "target" : [ "#pass-question-yes" ],
      "impact" : null,
      "any" : [ ],
      "all" : [ ],
      "none" : [ {
        "id" : "multiple-label",
        "impact" : "moderate",
        "message" : "Form field does not have multiple label elements",
        "data" : null,
        "relatedNodes" : [ {
          "html" : "<label for=\"pass-question-yes\">Yes</label>",
          "target" : [ "label[for=\"pass-question-yes\"]" ]
        } ]
      } ],
      "failureSummary" : null
    }, {
      "html" : "<input type=\"radio\" name=\"pass-question-radio\" id=\"pass-question-no\" value=\"1\" checked=\"checked\">",
      "target" : [ "#pass-question-no" ],
      "impact" : null,
      "any" : [ ],
      "all" : [ ],
      "none" : [ {
        "id" : "multiple-label",
        "impact" : "moderate",
        "message" : "Form field does not have multiple label elements",
        "data" : null,
        "relatedNodes" : [ {
          "html" : "<label for=\"pass-question-no\" class=\"selected\">No</label>",
          "target" : [ "label[for=\"pass-question-no\"]" ]
        } ]
      } ],
      "failureSummary" : null
    }, {
      "html" : "<select id=\"traveler0\" class=\"traveler-type\">\n<option value=\"0\">Adult (26+)</option>\n<option value=\"1\">Youth (12-25)</option>\n<option value=\"2\">Child (4-11)</option>\n<option value=\"3\">Senior (60+)</option>\n</select>",
      "target" : [ "#passenger0 > .age-range.wrapper > .traveler-type" ],
      "impact" : null,
      "any" : [ ],
      "all" : [ ],
      "none" : [ {
        "id" : "multiple-label",
        "impact" : "moderate",
        "message" : "Form field does not have multiple label elements",
        "data" : null,
        "relatedNodes" : [ ]
      } ],
      "failureSummary" : null
    } ],
    "url" : null,
    "createdDate" : null
  }, {
    "id" : "frame-tested",
    "description" : "Ensures <iframe> and <frame> elements contain the axe-core script",
    "help" : "Frames should be tested with axe-core",
    "helpUrl" : "https://dequeuniversity.com/rules/axe/4.6/frame-tested?application=axeAPI",
    "impact" : "",
    "tags" : [ "cat.structure", "review-item", "best-practice" ],
    "nodes" : [ {
      "html" : "<iframe width=\"365\" height=\"205\" name=\"player\" id=\"player\" src=\"https://www.youtube.com/embed/OagLGti_hTE?controls=1&amp;showinfo=1&amp;modestbranding=0&amp;wmode=opaque&amp;enablejsapi=1\" frameborder=\"0\" allowfullscreen=\"\" title=\"NASA: Life on Mars Was a Possibility\"></iframe>",
      "target" : [ "#player" ],
      "impact" : null,
      "any" : [ ],
      "all" : [ {
        "id" : "frame-tested",
        "impact" : "critical",
        "message" : "The iframe was tested with axe-core",
        "data" : null,
        "relatedNodes" : [ ]
      } ],
      "none" : [ ],
      "failureSummary" : null
    }, {
      "html" : "<iframe id=\"fafbba78\" name=\"f2bc5e72d\" scrolling=\"no\" style=\"border: none; overflow: hidden; height: 62px; width: 292px;\" class=\"fb_ltr\" src=\"/assets/demo-sites/mars/js/likebox.html\"></iframe>",
      "target" : [ "#fafbba78" ],
      "impact" : null,
      "any" : [ ],
      "all" : [ {
        "id" : "frame-tested",
        "impact" : "critical",
        "message" : "The iframe was tested with axe-core",
        "data" : null,
        "relatedNodes" : [ ]
      } ],
      "none" : [ ],
      "failureSummary" : null
    }, {
      "html" : "<iframe allowtransparency=\"true\" frameborder=\"0\" scrolling=\"no\" src=\"/assets/demo-sites/mars/js/follow_button.1363148939.html\" class=\"twitter-follow-button twitter-follow-button\" style=\"width: 154px; height: 28px;\" title=\"Twitter Follow Button\" data-twttr-rendered=\"true\"></iframe>",
      "target" : [ ".twitter-follow-button" ],
      "impact" : null,
      "any" : [ ],
      "all" : [ {
        "id" : "frame-tested",
        "impact" : "critical",
        "message" : "The iframe was tested with axe-core",
        "data" : null,
        "relatedNodes" : [ ]
      } ],
      "none" : [ ],
      "failureSummary" : null
    } ],
    "url" : null,
    "createdDate" : null
  }, {
    "id" : "frame-title-unique",
    "description" : "Ensures <iframe> and <frame> elements contain a unique title attribute",
    "help" : "Frames must have a unique title attribute",
    "helpUrl" : "https://dequeuniversity.com/rules/axe/4.6/frame-title-unique?application=axeAPI",
    "impact" : "",
    "tags" : [ "cat.text-alternatives", "wcag412", "wcag2a" ],
    "nodes" : [ {
      "html" : "<iframe width=\"365\" height=\"205\" name=\"player\" id=\"player\" src=\"https://www.youtube.com/embed/OagLGti_hTE?controls=1&amp;showinfo=1&amp;modestbranding=0&amp;wmode=opaque&amp;enablejsapi=1\" frameborder=\"0\" allowfullscreen=\"\" title=\"NASA: Life on Mars Was a Possibility\"></iframe>",
      "target" : [ "#player" ],
      "impact" : null,
      "any" : [ ],
      "all" : [ ],
      "none" : [ {
        "id" : "unique-frame-title",
        "impact" : "serious",
        "message" : "Element's title attribute is unique",
        "data" : "nasa: life on mars was a possibility",
        "relatedNodes" : [ ]
      } ],
      "failureSummary" : null
    }, {
      "html" : "<iframe allowtransparency=\"true\" frameborder=\"0\" scrolling=\"no\" src=\"/assets/demo-sites/mars/js/follow_button.1363148939.html\" class=\"twitter-follow-button twitter-follow-button\" style=\"width: 154px; height: 28px;\" title=\"Twitter Follow Button\" data-twttr-rendered=\"true\"></iframe>",
      "target" : [ ".twitter-follow-button" ],
      "impact" : null,
      "any" : [ ],
      "all" : [ ],
      "none" : [ {
        "id" : "unique-frame-title",
        "impact" : "serious",
        "message" : "Element's title attribute is unique",
        "data" : "twitter follow button",
        "relatedNodes" : [ ]
      } ],
      "failureSummary" : null
    } ],
    "url" : null,
    "createdDate" : null
  }, {
    "id" : "frame-title",
    "description" : "Ensures <iframe> and <frame> elements have an accessible name",
    "help" : "Frames must have an accessible name",
    "helpUrl" : "https://dequeuniversity.com/rules/axe/4.6/frame-title?application=axeAPI",
    "impact" : "serious",
    "tags" : [ "cat.text-alternatives", "wcag2a", "wcag412", "section508", "section508.22.i" ],
    "nodes" : [ {
      "html" : "<iframe width=\"365\" height=\"205\" name=\"player\" id=\"player\" src=\"https://www.youtube.com/embed/OagLGti_hTE?controls=1&amp;showinfo=1&amp;modestbranding=0&amp;wmode=opaque&amp;enablejsapi=1\" frameborder=\"0\" allowfullscreen=\"\" title=\"NASA: Life on Mars Was a Possibility\"></iframe>",
      "target" : [ "#player" ],
      "impact" : null,
      "any" : [ {
        "id" : "non-empty-title",
        "impact" : "serious",
        "message" : "Element has a title attribute",
        "data" : null,
        "relatedNodes" : [ ]
      } ],
      "all" : [ ],
      "none" : [ ],
      "failureSummary" : null
    }, {
      "html" : "<iframe allowtransparency=\"true\" frameborder=\"0\" scrolling=\"no\" src=\"/assets/demo-sites/mars/js/follow_button.1363148939.html\" class=\"twitter-follow-button twitter-follow-button\" style=\"width: 154px; height: 28px;\" title=\"Twitter Follow Button\" data-twttr-rendered=\"true\"></iframe>",
      "target" : [ ".twitter-follow-button" ],
      "impact" : null,
      "any" : [ {
        "id" : "non-empty-title",
        "impact" : "serious",
        "message" : "Element has a title attribute",
        "data" : null,
        "relatedNodes" : [ ]
      } ],
      "all" : [ ],
      "none" : [ ],
      "failureSummary" : null
    } ],
    "url" : null,
    "createdDate" : null
  }, {
    "id" : "heading-order",
    "description" : "Ensures the order of headings is semantically correct",
    "help" : "Heading levels should only increase by one",
    "helpUrl" : "https://dequeuniversity.com/rules/axe/4.6/heading-order?application=axeAPI",
    "impact" : "",
    "tags" : [ "cat.semantics", "best-practice" ],
    "nodes" : [ {
      "html" : "<h1 style=\"color:#eee;\">Destination Mars </h1>",
      "target" : [ "h1" ],
      "impact" : null,
      "any" : [ {
        "id" : "heading-order",
        "impact" : "moderate",
        "message" : "Heading order valid",
        "data" : {
          "headingOrder" : [ {
            "ancestry" : [ "html > body > section:nth-child(19) > div:nth-child(2) > div:nth-child(1) > h1:nth-child(1)" ],
            "level" : 1
          }, {
            "ancestry" : [ "html > body > section:nth-child(19) > div:nth-child(2) > div:nth-child(1) > h2:nth-child(2)" ],
            "level" : 2
          }, {
            "ancestry" : [ "html > body > section:nth-child(19) > div:nth-child(2) > div:nth-child(2) > div:nth-child(1) > a:nth-child(1) > h3:nth-child(1)" ],
            "level" : 3
          }, {
            "ancestry" : [ "html > body > section:nth-child(19) > div:nth-child(2) > div:nth-child(2) > div:nth-child(2) > a:nth-child(1) > h3:nth-child(1)" ],
            "level" : 3
          }, {
            "ancestry" : [ "html > body > section:nth-child(19) > div:nth-child(2) > div:nth-child(2) > div:nth-child(3) > a:nth-child(1) > h3:nth-child(1)" ],
            "level" : 3
          }, {
            "ancestry" : [ "html > body > section:nth-child(19) > div:nth-child(2) > div:nth-child(3) > div:nth-child(3) > ul > li:nth-child(1) > div:nth-child(2) > h3:nth-child(1)" ],
            "level" : 3
          }, {
            "ancestry" : [ "html > body > section:nth-child(19) > div:nth-child(2) > div:nth-child(3) > div:nth-child(3) > ul > li:nth-child(2) > div:nth-child(2) > h3:nth-child(1)" ],
            "level" : 3
          }, {
            "ancestry" : [ "html > body > section:nth-child(19) > div:nth-child(2) > div:nth-child(3) > div:nth-child(3) > ul > li:nth-child(3) > div:nth-child(2) > h3:nth-child(1)" ],
            "level" : 3
          }, {
            "ancestry" : [ "html > body > section:nth-child(19) > div:nth-child(2) > div:nth-child(3) > div:nth-child(3) > ul > li:nth-child(4) > div:nth-child(2) > h3:nth-child(1)" ],
            "level" : 3
          }, {
            "ancestry" : [ "html > body > section:nth-child(19) > div:nth-child(2) > div:nth-child(3) > div:nth-child(3) > ul > li:nth-child(5) > div:nth-child(2) > h3:nth-child(1)" ],
            "level" : 3
          }, {
            "ancestry" : [ "html > body > section:nth-child(19) > div:nth-child(2) > div:nth-child(3) > div:nth-child(3) > ul > li:nth-child(6) > div:nth-child(2) > h3:nth-child(1)" ],
            "level" : 3
          }, {
            "ancestry" : [ "html > body > section:nth-child(19) > div:nth-child(2) > div:nth-child(3) > div:nth-child(3) > ul > li:nth-child(7) > div:nth-child(2) > h3:nth-child(1)" ],
            "level" : 3
          }, {
            "ancestry" : [ "html > body > section:nth-child(19) > div:nth-child(2) > div:nth-child(3) > div:nth-child(3) > ul > li:nth-child(8) > div:nth-child(2) > h3:nth-child(1)" ],
            "level" : 3
          }, {
            "ancestry" : [ "html > body > section:nth-child(19) > div:nth-child(2) > div:nth-child(3) > div:nth-child(3) > ul > li:nth-child(9) > div:nth-child(2) > h3:nth-child(1)" ],
            "level" : 3
          }, {
            "ancestry" : [ "html > body > section:nth-child(19) > div:nth-child(2) > div:nth-child(3) > div:nth-child(3) > ul > li:nth-child(10) > div:nth-child(2) > h3:nth-child(1)" ],
            "level" : 3
          }, {
            "ancestry" : [ "html > body > section:nth-child(19) > div:nth-child(2) > div:nth-child(3) > div:nth-child(3) > ul > li:nth-child(11) > div:nth-child(2) > h3:nth-child(1)" ],
            "level" : 3
          }, {
            "ancestry" : [ "html > body > section:nth-child(19) > div:nth-child(2) > div:nth-child(3) > div:nth-child(3) > ul > li:nth-child(12) > div:nth-child(2) > h3:nth-child(1)" ],
            "level" : 3
          }, {
            "ancestry" : [ "html > body > section:nth-child(19) > div:nth-child(2) > div:nth-child(3) > div:nth-child(3) > ul > li:nth-child(13) > div:nth-child(2) > h3:nth-child(1)" ],
            "level" : 3
          }, {
            "ancestry" : [ "html > body > section:nth-child(19) > div:nth-child(2) > div:nth-child(3) > div:nth-child(3) > ul > li:nth-child(14) > div:nth-child(2) > h3:nth-child(1)" ],
            "level" : 3
          }, {
            "ancestry" : [ "html > body > section:nth-child(19) > div:nth-child(2) > div:nth-child(3) > div:nth-child(3) > ul > li:nth-child(15) > div:nth-child(2) > h3:nth-child(1)" ],
            "level" : 3
          }, {
            "ancestry" : [ "html > body > section:nth-child(19) > div:nth-child(2) > div:nth-child(3) > div:nth-child(3) > ul > li:nth-child(16) > div:nth-child(2) > h3:nth-child(1)" ],
            "level" : 3
          }, {
            "ancestry" : [ "html > body > section:nth-child(19) > div:nth-child(2) > div:nth-child(3) > div:nth-child(3) > ul > li:nth-child(17) > div:nth-child(2) > h3:nth-child(1)" ],
            "level" : 3
          }, {
            "ancestry" : [ "html > body > section:nth-child(19) > div:nth-child(2) > div:nth-child(3) > div:nth-child(3) > ul > li:nth-child(18) > div:nth-child(2) > h3:nth-child(1)" ],
            "level" : 3
          }, {
            "ancestry" : [ "html > body > section:nth-child(19) > div:nth-child(2) > div:nth-child(3) > div:nth-child(3) > ul > li:nth-child(19) > div:nth-child(2) > h3:nth-child(1)" ],
            "level" : 3
          }, {
            "ancestry" : [ "html > body > section:nth-child(19) > div:nth-child(2) > div:nth-child(3) > div:nth-child(3) > ul > li:nth-child(20) > div:nth-child(2) > h3:nth-child(1)" ],
            "level" : 3
          }, {
            "ancestry" : [ "html > body > section:nth-child(19) > div:nth-child(3) > div:nth-child(1) > div:nth-child(1) > div > h3:nth-child(1)" ],
            "level" : 3
          }, {
            "ancestry" : [ "html > body > section:nth-child(19) > div:nth-child(3) > div:nth-child(1) > div:nth-child(2) > div:nth-child(1) > form > div:nth-child(12) > div:nth-child(2) > h3:nth-child(1)" ],
            "level" : 3
          }, {
            "ancestry" : [ "html > body > section:nth-child(19) > div:nth-child(3) > div:nth-child(1) > div:nth-child(2) > div:nth-child(1) > form > div:nth-child(13) > div:nth-child(2) > h3:nth-child(1)" ],
            "level" : 3
          }, {
            "ancestry" : [ "html > body > section:nth-child(19) > div:nth-child(3) > div:nth-child(2) > div:nth-child(2) > h3:nth-child(1)" ],
            "level" : 3
          }, {
            "ancestry" : [ "html > body > section:nth-child(19) > div:nth-child(3) > div:nth-child(2) > div:nth-child(2) > iframe:nth-child(2)" ],
            "level" : -1
          }, {
            "ancestry" : [ "html > body > div:nth-child(20) > div:nth-child(1) > div > div > ul > li:nth-child(1) > div > span > iframe" ],
            "level" : -1
          }, {
            "ancestry" : [ "html > body > div:nth-child(20) > div:nth-child(1) > div > div > ul > li:nth-child(2) > iframe" ],
            "level" : -1
          }, {
            "ancestry" : [ "html > body > div:nth-child(20) > div:nth-child(2) > div > div:nth-child(1) > h4:nth-child(1)" ],
            "level" : 4
          }, {
            "ancestry" : [ "html > body > div:nth-child(20) > div:nth-child(2) > div > div:nth-child(2) > h4:nth-child(1)" ],
            "level" : 4
          }, {
            "ancestry" : [ "html > body > div:nth-child(20) > div:nth-child(2) > div > div:nth-child(3) > h4:nth-child(1)" ],
            "level" : 4
          }, {
            "ancestry" : [ "html > body > div:nth-child(20) > div:nth-child(2) > div > div:nth-child(4) > h4:nth-child(1)" ],
            "level" : 4
          }, {
            "ancestry" : [ "html > body > div:nth-child(20) > div:nth-child(2) > div > div:nth-child(5) > h4:nth-child(1)" ],
            "level" : 4
          }, {
            "ancestry" : [ "html > body > div:nth-child(20) > div:nth-child(2) > div > div:nth-child(6) > h4:nth-child(1)" ],
            "level" : 4
          } ]
        },
        "relatedNodes" : [ ]
      } ],
      "all" : [ ],
      "none" : [ ],
      "failureSummary" : null
    }, {
      "html" : "<h2 style=\"color:#acbad0;\">A trip to Mars starts in your imagination. Are you bold enough, brave enough, <strong>foolish enough?</strong> We are. You belong on Mars with fools like us. Most of us don't bite. Much.</h2>",
      "target" : [ "h2" ],
      "impact" : null,
      "any" : [ {
        "id" : "heading-order",
        "impact" : "moderate",
        "message" : "Heading order valid",
        "data" : null,
        "relatedNodes" : [ ]
      } ],
      "all" : [ ],
      "none" : [ ],
      "failureSummary" : null
    }, {
      "html" : "<h3>Be Bold...</h3>",
      "target" : [ "a[href=\"mars2.html?a=be_bold\"] > h3" ],
      "impact" : null,
      "any" : [ {
        "id" : "heading-order",
        "impact" : "moderate",
        "message" : "Heading order valid",
        "data" : null,
        "relatedNodes" : [ ]
      } ],
      "all" : [ ],
      "none" : [ ],
      "failureSummary" : null
    }, {
      "html" : "<h3>Countdown...</h3>",
      "target" : [ "a[href=\"mars2.html?a=countdown\"] > h3" ],
      "impact" : null,
      "any" : [ {
        "id" : "heading-order",
        "impact" : "moderate",
        "message" : "Heading order valid",
        "data" : null,
        "relatedNodes" : [ ]
      } ],
      "all" : [ ],
      "none" : [ ],
      "failureSummary" : null
    }, {
      "html" : "<h3>Blast Off!</h3>",
      "target" : [ "a[href=\"mars2.html?a=blast_off\"] > h3" ],
      "impact" : null,
      "any" : [ {
        "id" : "heading-order",
        "impact" : "moderate",
        "message" : "Heading order valid",
        "data" : null,
        "relatedNodes" : [ ]
      } ],
      "all" : [ ],
      "none" : [ ],
      "failureSummary" : null
    }, {
      "html" : "<h3>\n            <a class=\"\" href=\"mars2.html?a=crater_adventure\">10% off Crater Adventure</a></h3>",
      "target" : [ "li:nth-child(1) > .deal-text > h3" ],
      "impact" : null,
      "any" : [ {
        "id" : "heading-order",
        "impact" : "moderate",
        "message" : "Heading order valid",
        "data" : null,
        "relatedNodes" : [ ]
      } ],
      "all" : [ ],
      "none" : [ ],
      "failureSummary" : null
    }, {
      "html" : "<h3>\n            <a class=\"\" href=\"mars2.html?a=ice_cream\">Free Astronaut Ice Cream</a></h3>",
      "target" : [ "li:nth-child(2) > .deal-text > h3" ],
      "impact" : null,
      "any" : [ {
        "id" : "heading-order",
        "impact" : "moderate",
        "message" : "Heading order valid",
        "data" : null,
        "relatedNodes" : [ ]
      } ],
      "all" : [ ],
      "none" : [ ],
      "failureSummary" : null
    }, {
      "html" : "<h3> <a class=\"link\" href=\"mars2.html?a=low_price_guarantee\">Lowest Price Guarantee</a></h3>",
      "target" : [ "li:nth-child(3) > .deal-text > h3" ],
      "impact" : null,
      "any" : [ {
        "id" : "heading-order",
        "impact" : "moderate",
        "message" : "Heading order valid",
        "data" : null,
        "relatedNodes" : [ ]
      } ],
      "all" : [ ],
      "none" : [ ],
      "failureSummary" : null
    }, {
      "html" : "<h3>\n            <a class=\"\" href=\"mars2.html?a=send_kids_to_mars\">Send Your Kids to Mars!</a></h3>",
      "target" : [ "li:nth-child(4) > .deal-text > h3" ],
      "impact" : null,
      "any" : [ {
        "id" : "heading-order",
        "impact" : "moderate",
        "message" : "Heading order valid",
        "data" : null,
        "relatedNodes" : [ ]
      } ],
      "all" : [ ],
      "none" : [ ],
      "failureSummary" : null
    }, {
      "html" : "<h3>\n            <a class=\"\" href=\"mars2.html?a=wookie\">Fly with a Wookie</a></h3>",
      "target" : [ "li:nth-child(5) > .deal-text > h3" ],
      "impact" : null,
      "any" : [ {
        "id" : "heading-order",
        "impact" : "moderate",
        "message" : "Heading order valid",
        "data" : null,
        "relatedNodes" : [ ]
      } ],
      "all" : [ ],
      "none" : [ ],
      "failureSummary" : null
    }, {
      "html" : "<h3>\n            <a class=\"\" href=\"mars2.html?a=stay_connected\">Get Radio on Uranus </a></h3>",
      "target" : [ "li:nth-child(6) > .deal-text > h3" ],
      "impact" : null,
      "any" : [ {
        "id" : "heading-order",
        "impact" : "moderate",
        "message" : "Heading order valid",
        "data" : null,
        "relatedNodes" : [ ]
      } ],
      "all" : [ ],
      "none" : [ ],
      "failureSummary" : null
    }, {
      "html" : "<h3>\n            <a class=\"\" href=\"mars2.html?a=free_year\">Free Year on Mars</a></h3>",
      "target" : [ "li:nth-child(7) > .deal-text > h3" ],
      "impact" : null,
      "any" : [ {
        "id" : "heading-order",
        "impact" : "moderate",
        "message" : "Heading order valid",
        "data" : null,
        "relatedNodes" : [ ]
      } ],
      "all" : [ ],
      "none" : [ ],
      "failureSummary" : null
    }, {
      "html" : "<h3>\n            <a class=\"\" href=\"mars2.html?a=crater_adventure\">10% off Crater Adventure</a></h3>",
      "target" : [ "li:nth-child(8) > .deal-text > h3" ],
      "impact" : null,
      "any" : [ {
        "id" : "heading-order",
        "impact" : "moderate",
        "message" : "Heading order valid",
        "data" : null,
        "relatedNodes" : [ ]
      } ],
      "all" : [ ],
      "none" : [ ],
      "failureSummary" : null
    }, {
      "html" : "<h3>\n            <a class=\"\" href=\"mars2.html?a=ice_cream\">Free Astronaut Ice Cream</a></h3>",
      "target" : [ "li:nth-child(9) > .deal-text > h3" ],
      "impact" : null,
      "any" : [ {
        "id" : "heading-order",
        "impact" : "moderate",
        "message" : "Heading order valid",
        "data" : null,
        "relatedNodes" : [ ]
      } ],
      "all" : [ ],
      "none" : [ ],
      "failureSummary" : null
    }, {
      "html" : "<h3> <a class=\"link\" href=\"mars2.html?a=low_price_guarantee\">Lowest Price Guarantee</a></h3>",
      "target" : [ "li:nth-child(10) > .deal-text > h3" ],
      "impact" : null,
      "any" : [ {
        "id" : "heading-order",
        "impact" : "moderate",
        "message" : "Heading order valid",
        "data" : null,
        "relatedNodes" : [ ]
      } ],
      "all" : [ ],
      "none" : [ ],
      "failureSummary" : null
    }, {
      "html" : "<h3>\n            <a class=\"\" href=\"mars2.html?a=send_kids_to_mars\">Send Your Kids to Mars!</a></h3>",
      "target" : [ "li:nth-child(11) > .deal-text > h3" ],
      "impact" : null,
      "any" : [ {
        "id" : "heading-order",
        "impact" : "moderate",
        "message" : "Heading order valid",
        "data" : null,
        "relatedNodes" : [ ]
      } ],
      "all" : [ ],
      "none" : [ ],
      "failureSummary" : null
    }, {
      "html" : "<h3>\n            <a class=\"\" href=\"mars2.html?a=wookie\">Fly with a Wookie</a></h3>",
      "target" : [ "li:nth-child(12) > .deal-text > h3" ],
      "impact" : null,
      "any" : [ {
        "id" : "heading-order",
        "impact" : "moderate",
        "message" : "Heading order valid",
        "data" : null,
        "relatedNodes" : [ ]
      } ],
      "all" : [ ],
      "none" : [ ],
      "failureSummary" : null
    }, {
      "html" : "<h3>\n            <a class=\"\" href=\"mars2.html?a=stay_connected\">Get Radio on Uranus </a></h3>",
      "target" : [ "li:nth-child(13) > .deal-text > h3" ],
      "impact" : null,
      "any" : [ {
        "id" : "heading-order",
        "impact" : "moderate",
        "message" : "Heading order valid",
        "data" : null,
        "relatedNodes" : [ ]
      } ],
      "all" : [ ],
      "none" : [ ],
      "failureSummary" : null
    }, {
      "html" : "<h3>\n            <a class=\"\" href=\"mars2.html?a=free_year\">Free Year on Mars</a></h3>",
      "target" : [ "li:nth-child(14) > .deal-text > h3" ],
      "impact" : null,
      "any" : [ {
        "id" : "heading-order",
        "impact" : "moderate",
        "message" : "Heading order valid",
        "data" : null,
        "relatedNodes" : [ ]
      } ],
      "all" : [ ],
      "none" : [ ],
      "failureSummary" : null
    }, {
      "html" : "<h3>\n            <a class=\"\" href=\"mars2.html?a=crater_adventure\">10% off Crater Adventure</a></h3>",
      "target" : [ "li:nth-child(15) > .deal-text > h3" ],
      "impact" : null,
      "any" : [ {
        "id" : "heading-order",
        "impact" : "moderate",
        "message" : "Heading order valid",
        "data" : null,
        "relatedNodes" : [ ]
      } ],
      "all" : [ ],
      "none" : [ ],
      "failureSummary" : null
    }, {
      "html" : "<h3>\n            <a class=\"\" href=\"mars2.html?a=ice_cream\">Free Astronaut Ice Cream</a></h3>",
      "target" : [ "li:nth-child(16) > .deal-text > h3" ],
      "impact" : null,
      "any" : [ {
        "id" : "heading-order",
        "impact" : "moderate",
        "message" : "Heading order valid",
        "data" : null,
        "relatedNodes" : [ ]
      } ],
      "all" : [ ],
      "none" : [ ],
      "failureSummary" : null
    }, {
      "html" : "<h3> <a class=\"link\" href=\"mars2.html?a=low_price_guarantee\">Lowest Price Guarantee</a></h3>",
      "target" : [ "li:nth-child(17) > .deal-text > h3" ],
      "impact" : null,
      "any" : [ {
        "id" : "heading-order",
        "impact" : "moderate",
        "message" : "Heading order valid",
        "data" : null,
        "relatedNodes" : [ ]
      } ],
      "all" : [ ],
      "none" : [ ],
      "failureSummary" : null
    }, {
      "html" : "<h3>\n            <a class=\"\" href=\"mars2.html?a=send_kids_to_mars\">Send Your Kids to Mars!</a></h3>",
      "target" : [ "li:nth-child(18) > .deal-text > h3" ],
      "impact" : null,
      "any" : [ {
        "id" : "heading-order",
        "impact" : "moderate",
        "message" : "Heading order valid",
        "data" : null,
        "relatedNodes" : [ ]
      } ],
      "all" : [ ],
      "none" : [ ],
      "failureSummary" : null
    }, {
      "html" : "<h3>\n            <a class=\"\" href=\"mars2.html?a=wookie\">Fly with a Wookie</a></h3>",
      "target" : [ "li:nth-child(19) > .deal-text > h3" ],
      "impact" : null,
      "any" : [ {
        "id" : "heading-order",
        "impact" : "moderate",
        "message" : "Heading order valid",
        "data" : null,
        "relatedNodes" : [ ]
      } ],
      "all" : [ ],
      "none" : [ ],
      "failureSummary" : null
    }, {
      "html" : "<h3>\n            <a class=\"\" href=\"mars2.html?a=stay_connected\">Get Radio on Uranus </a></h3>",
      "target" : [ "li:nth-child(20) > .deal-text > h3" ],
      "impact" : null,
      "any" : [ {
        "id" : "heading-order",
        "impact" : "moderate",
        "message" : "Heading order valid",
        "data" : null,
        "relatedNodes" : [ ]
      } ],
      "all" : [ ],
      "none" : [ ],
      "failureSummary" : null
    }, {
      "html" : "<h3>Let the Adventure Begin!</h3>",
      "target" : [ "#widget-controls > .interior-container > h3" ],
      "impact" : null,
      "any" : [ {
        "id" : "heading-order",
        "impact" : "moderate",
        "message" : "Heading order valid",
        "data" : null,
        "relatedNodes" : [ ]
      } ],
      "all" : [ ],
      "none" : [ ],
      "failureSummary" : null
    }, {
      "html" : "<h3>Book your Trip</h3>",
      "target" : [ "#route-select > .interior-container > h3" ],
      "impact" : null,
      "any" : [ {
        "id" : "heading-order",
        "impact" : "moderate",
        "message" : "Heading order valid",
        "data" : null,
        "relatedNodes" : [ ]
      } ],
      "all" : [ ],
      "none" : [ ],
      "failureSummary" : null
    }, {
      "html" : "<h3>Who Is Traveling?</h3>",
      "target" : [ ".middle.widget-container:nth-child(13) > .interior-container > h3" ],
      "impact" : null,
      "any" : [ {
        "id" : "heading-order",
        "impact" : "moderate",
        "message" : "Heading order valid",
        "data" : null,
        "relatedNodes" : [ ]
      } ],
      "all" : [ ],
      "none" : [ ],
      "failureSummary" : null
    }, {
      "html" : "<h3 id=\"video-text\">Life was possible on Mars</h3>",
      "target" : [ "#video-text" ],
      "impact" : null,
      "any" : [ {
        "id" : "heading-order",
        "impact" : "moderate",
        "message" : "Heading order valid",
        "data" : null,
        "relatedNodes" : [ ]
      } ],
      "all" : [ ],
      "none" : [ ],
      "failureSummary" : null
    }, {
      "html" : "<h4>Book Your Trip</h4>",
      "target" : [ "#footer-book > h4" ],
      "impact" : null,
      "any" : [ {
        "id" : "heading-order",
        "impact" : "moderate",
        "message" : "Heading order valid",
        "data" : null,
        "relatedNodes" : [ ]
      } ],
      "all" : [ ],
      "none" : [ ],
      "failureSummary" : null
    }, {
      "html" : "<h4>Mars Shuttles</h4>",
      "target" : [ "#footer-trains > h4" ],
      "impact" : null,
      "any" : [ {
        "id" : "heading-order",
        "impact" : "moderate",
        "message" : "Heading order valid",
        "data" : null,
        "relatedNodes" : [ ]
      } ],
      "all" : [ ],
      "none" : [ ],
      "failureSummary" : null
    }, {
      "html" : "<h4>Mars Tourist Passes</h4>",
      "target" : [ "#footer-passes > h4" ],
      "impact" : null,
      "any" : [ {
        "id" : "heading-order",
        "impact" : "moderate",
        "message" : "Heading order valid",
        "data" : null,
        "relatedNodes" : [ ]
      } ],
      "all" : [ ],
      "none" : [ ],
      "failureSummary" : null
    }, {
      "html" : "<h4>Mars Adventures</h4>",
      "target" : [ "#footer-plan > h4" ],
      "impact" : null,
      "any" : [ {
        "id" : "heading-order",
        "impact" : "moderate",
        "message" : "Heading order valid",
        "data" : null,
        "relatedNodes" : [ ]
      } ],
      "all" : [ ],
      "none" : [ ],
      "failureSummary" : null
    }, {
      "html" : "<h4>FAQs</h4>",
      "target" : [ "#footer-faq > h4" ],
      "impact" : null,
      "any" : [ {
        "id" : "heading-order",
        "impact" : "moderate",
        "message" : "Heading order valid",
        "data" : null,
        "relatedNodes" : [ ]
      } ],
      "all" : [ ],
      "none" : [ ],
      "failureSummary" : null
    }, {
      "html" : "<h4>Connect With Us</h4>",
      "target" : [ "#footer-connect > h4" ],
      "impact" : null,
      "any" : [ {
        "id" : "heading-order",
        "impact" : "moderate",
        "message" : "Heading order valid",
        "data" : null,
        "relatedNodes" : [ ]
      } ],
      "all" : [ ],
      "none" : [ ],
      "failureSummary" : null
    } ],
    "url" : null,
    "createdDate" : null
  }, {
    "id" : "html-lang-valid",
    "description" : "Ensures the lang attribute of the <html> element has a valid value",
    "help" : "<html> element must have a valid value for the lang attribute",
    "helpUrl" : "https://dequeuniversity.com/rules/axe/4.6/html-lang-valid?application=axeAPI",
    "impact" : "",
    "tags" : [ "cat.language", "wcag2a", "wcag311", "ACT" ],
    "nodes" : [ {
      "html" : "<html lang=\"en\" dir=\"ltr\" data-cast-api-enabled=\"true\">",
      "target" : [ "#player", "html" ],
      "impact" : null,
      "any" : [ ],
      "all" : [ ],
      "none" : [ {
        "id" : "valid-lang",
        "impact" : "serious",
        "message" : "Value of lang attribute is included in the list of valid languages",
        "data" : null,
        "relatedNodes" : [ ]
      } ],
      "failureSummary" : null
    }, {
      "html" : "<html lang=\"en\" id=\"facebook\" class=\"\">",
      "target" : [ "#fafbba78", "#facebook" ],
      "impact" : null,
      "any" : [ ],
      "all" : [ ],
      "none" : [ {
        "id" : "valid-lang",
        "impact" : "serious",
        "message" : "Value of lang attribute is included in the list of valid languages",
        "data" : null,
        "relatedNodes" : [ ]
      } ],
      "failureSummary" : null
    }, {
      "html" : "<html lang=\"en\" class=\" xl en\">",
      "target" : [ ".twitter-follow-button", "html" ],
      "impact" : null,
      "any" : [ ],
      "all" : [ ],
      "none" : [ {
        "id" : "valid-lang",
        "impact" : "serious",
        "message" : "Value of lang attribute is included in the list of valid languages",
        "data" : null,
        "relatedNodes" : [ ]
      } ],
      "failureSummary" : null
    } ],
    "url" : null,
    "createdDate" : null
  }, {
    "id" : "image-alt",
    "description" : "Ensures <img> elements have alternate text or a role of none or presentation",
    "help" : "Images must have alternate text",
    "helpUrl" : "https://dequeuniversity.com/rules/axe/4.6/image-alt?application=axeAPI",
    "impact" : "critical",
    "tags" : [ "cat.text-alternatives", "wcag2a", "wcag111", "section508", "section508.22.a", "ACT" ],
    "nodes" : [ {
      "html" : "<img height=\"1\" width=\"1\" style=\"border-style:none;\" alt=\"\" src=\"/assets/demo-sites/mars/js/out\">",
      "target" : [ "div:nth-child(1) > img[src$=\"out\"][alt=\"\"][height=\"1\"]" ],
      "impact" : null,
      "any" : [ {
        "id" : "has-alt",
        "impact" : "critical",
        "message" : "Element has an alt attribute",
        "data" : null,
        "relatedNodes" : [ ]
      }, {
        "id" : "presentational-role",
        "impact" : "minor",
        "message" : "Element's default semantics were overriden with role=\"presentation\"",
        "data" : {
          "role" : "presentation"
        },
        "relatedNodes" : [ ]
      } ],
      "all" : [ ],
      "none" : [ {
        "id" : "alt-space-value",
        "impact" : "critical",
        "message" : "Element has a valid alt attribute value",
        "data" : null,
        "relatedNodes" : [ ]
      } ],
      "failureSummary" : null
    }, {
      "html" : "<img height=\"1\" width=\"1\" style=\"border-style:none;\" alt=\"\" src=\"/assets/demo-sites/mars/js/saved_resource\">",
      "target" : [ "div:nth-child(1) > img[alt=\"\"][height=\"1\"][width=\"1\"]:nth-child(2)" ],
      "impact" : null,
      "any" : [ {
        "id" : "has-alt",
        "impact" : "critical",
        "message" : "Element has an alt attribute",
        "data" : null,
        "relatedNodes" : [ ]
      }, {
        "id" : "presentational-role",
        "impact" : "minor",
        "message" : "Element's default semantics were overriden with role=\"presentation\"",
        "data" : {
          "role" : "presentation"
        },
        "relatedNodes" : [ ]
      } ],
      "all" : [ ],
      "none" : [ {
        "id" : "alt-space-value",
        "impact" : "critical",
        "message" : "Element has a valid alt attribute value",
        "data" : null,
        "relatedNodes" : [ ]
      } ],
      "failureSummary" : null
    }, {
      "html" : "<img src=\"/assets/demo-sites/mars/images/space-station.jpg\" class=\"\" width=\"210\" height=\"120\" alt=\"icecream.jpg \">",
      "target" : [ "li:nth-child(2) > a[href=\"mars2.html?a=ice_cream\"] > img[alt=\"icecream.jpg \"][width=\"210\"][height=\"120\"]" ],
      "impact" : null,
      "any" : [ {
        "id" : "has-alt",
        "impact" : "critical",
        "message" : "Element has an alt attribute",
        "data" : null,
        "relatedNodes" : [ ]
      } ],
      "all" : [ ],
      "none" : [ {
        "id" : "alt-space-value",
        "impact" : "critical",
        "message" : "Element has a valid alt attribute value",
        "data" : null,
        "relatedNodes" : [ ]
      } ],
      "failureSummary" : null
    }, {
      "html" : "<img src=\"/assets/demo-sites/mars/images/mars-lander.jpg\" class=\"\" width=\"210\" height=\"120\" alt=\"Mars Lander\">",
      "target" : [ "li:nth-child(3) > a > img[alt=\"Mars Lander\"][width=\"210\"][height=\"120\"]" ],
      "impact" : null,
      "any" : [ {
        "id" : "has-alt",
        "impact" : "critical",
        "message" : "Element has an alt attribute",
        "data" : null,
        "relatedNodes" : [ ]
      } ],
      "all" : [ ],
      "none" : [ {
        "id" : "alt-space-value",
        "impact" : "critical",
        "message" : "Element has a valid alt attribute value",
        "data" : null,
        "relatedNodes" : [ ]
      } ],
      "failureSummary" : null
    }, {
      "html" : "<img src=\"/assets/demo-sites/mars/images/kids-space.jpg\" class=\"\" width=\"210\" height=\"120\" alt=\"Kids in space suits \">",
      "target" : [ "li:nth-child(4) > a[href=\"mars2.html?a=send_kids_to_mars\"] > img[alt=\"Kids in space suits \"][width=\"210\"][height=\"120\"]" ],
      "impact" : null,
      "any" : [ {
        "id" : "has-alt",
        "impact" : "critical",
        "message" : "Element has an alt attribute",
        "data" : null,
        "relatedNodes" : [ ]
      } ],
      "all" : [ ],
      "none" : [ {
        "id" : "alt-space-value",
        "impact" : "critical",
        "message" : "Element has a valid alt attribute value",
        "data" : null,
        "relatedNodes" : [ ]
      } ],
      "failureSummary" : null
    }, {
      "html" : "<img src=\"/assets/demo-sites/mars/images/wookie.jpg\" class=\"\" width=\"210\" height=\"120\" alt=\"Wookie\">",
      "target" : [ "li:nth-child(5) > a[href=\"mars2.html?a=wookie\"] > img[alt=\"Wookie\"][width=\"210\"][height=\"120\"]" ],
      "impact" : null,
      "any" : [ {
        "id" : "has-alt",
        "impact" : "critical",
        "message" : "Element has an alt attribute",
        "data" : null,
        "relatedNodes" : [ ]
      } ],
      "all" : [ ],
      "none" : [ {
        "id" : "alt-space-value",
        "impact" : "critical",
        "message" : "Element has a valid alt attribute value",
        "data" : null,
        "relatedNodes" : [ ]
      } ],
      "failureSummary" : null
    }, {
      "html" : "<img src=\"/assets/demo-sites/mars/images/global-free-days.jpg\" class=\"\" width=\"210\" height=\"120\" alt=\"Martian sunrise.\">",
      "target" : [ "li:nth-child(6) > a[href=\"mars2.html?a=stay_connected\"] > img[alt=\"Martian sunrise.\"][width=\"210\"][height=\"120\"]" ],
      "impact" : null,
      "any" : [ {
        "id" : "has-alt",
        "impact" : "critical",
        "message" : "Element has an alt attribute",
        "data" : null,
        "relatedNodes" : [ ]
      } ],
      "all" : [ ],
      "none" : [ {
        "id" : "alt-space-value",
        "impact" : "critical",
        "message" : "Element has a valid alt attribute value",
        "data" : null,
        "relatedNodes" : [ ]
      } ],
      "failureSummary" : null
    }, {
      "html" : "<img src=\"/assets/demo-sites/mars/images/mars-sunrise.jpg\" class=\"\" width=\"210\" height=\"120\" alt=\"Beautiful baboon, blowing bubbles, biking backward\">",
      "target" : [ "li:nth-child(7) > a[href=\"mars2.html?a=free_year\"] > img[width=\"210\"][height=\"120\"]" ],
      "impact" : null,
      "any" : [ {
        "id" : "has-alt",
        "impact" : "critical",
        "message" : "Element has an alt attribute",
        "data" : null,
        "relatedNodes" : [ ]
      } ],
      "all" : [ ],
      "none" : [ {
        "id" : "alt-space-value",
        "impact" : "critical",
        "message" : "Element has a valid alt attribute value",
        "data" : null,
        "relatedNodes" : [ ]
      } ],
      "failureSummary" : null
    }, {
      "html" : "<img src=\"/assets/demo-sites/mars/images/space-station.jpg\" class=\"\" width=\"210\" height=\"120\" alt=\"icecream.jpg \">",
      "target" : [ "li:nth-child(9) > a[href=\"mars2.html?a=ice_cream\"] > img[alt=\"icecream.jpg \"][width=\"210\"][height=\"120\"]" ],
      "impact" : null,
      "any" : [ {
        "id" : "has-alt",
        "impact" : "critical",
        "message" : "Element has an alt attribute",
        "data" : null,
        "relatedNodes" : [ ]
      } ],
      "all" : [ ],
      "none" : [ {
        "id" : "alt-space-value",
        "impact" : "critical",
        "message" : "Element has a valid alt attribute value",
        "data" : null,
        "relatedNodes" : [ ]
      } ],
      "failureSummary" : null
    }, {
      "html" : "<img src=\"/assets/demo-sites/mars/images/mars-lander.jpg\" class=\"\" width=\"210\" height=\"120\" alt=\"Mars Lander\">",
      "target" : [ "li:nth-child(10) > a > img[alt=\"Mars Lander\"][width=\"210\"][height=\"120\"]" ],
      "impact" : null,
      "any" : [ {
        "id" : "has-alt",
        "impact" : "critical",
        "message" : "Element has an alt attribute",
        "data" : null,
        "relatedNodes" : [ ]
      } ],
      "all" : [ ],
      "none" : [ {
        "id" : "alt-space-value",
        "impact" : "critical",
        "message" : "Element has a valid alt attribute value",
        "data" : null,
        "relatedNodes" : [ ]
      } ],
      "failureSummary" : null
    }, {
      "html" : "<img src=\"/assets/demo-sites/mars/images/kids-space.jpg\" class=\"\" width=\"210\" height=\"120\" alt=\"Kids in space suits \">",
      "target" : [ "li:nth-child(11) > a[href=\"mars2.html?a=send_kids_to_mars\"] > img[alt=\"Kids in space suits \"][width=\"210\"][height=\"120\"]" ],
      "impact" : null,
      "any" : [ {
        "id" : "has-alt",
        "impact" : "critical",
        "message" : "Element has an alt attribute",
        "data" : null,
        "relatedNodes" : [ ]
      } ],
      "all" : [ ],
      "none" : [ {
        "id" : "alt-space-value",
        "impact" : "critical",
        "message" : "Element has a valid alt attribute value",
        "data" : null,
        "relatedNodes" : [ ]
      } ],
      "failureSummary" : null
    }, {
      "html" : "<img src=\"/assets/demo-sites/mars/images/wookie.jpg\" class=\"\" width=\"210\" height=\"120\" alt=\"Wookie\">",
      "target" : [ "li:nth-child(12) > a[href=\"mars2.html?a=wookie\"] > img[alt=\"Wookie\"][width=\"210\"][height=\"120\"]" ],
      "impact" : null,
      "any" : [ {
        "id" : "has-alt",
        "impact" : "critical",
        "message" : "Element has an alt attribute",
        "data" : null,
        "relatedNodes" : [ ]
      } ],
      "all" : [ ],
      "none" : [ {
        "id" : "alt-space-value",
        "impact" : "critical",
        "message" : "Element has a valid alt attribute value",
        "data" : null,
        "relatedNodes" : [ ]
      } ],
      "failureSummary" : null
    }, {
      "html" : "<img src=\"/assets/demo-sites/mars/images/global-free-days.jpg\" class=\"\" width=\"210\" height=\"120\" alt=\"Martian sunrise.\">",
      "target" : [ "li:nth-child(13) > a[href=\"mars2.html?a=stay_connected\"] > img[alt=\"Martian sunrise.\"][width=\"210\"][height=\"120\"]" ],
      "impact" : null,
      "any" : [ {
        "id" : "has-alt",
        "impact" : "critical",
        "message" : "Element has an alt attribute",
        "data" : null,
        "relatedNodes" : [ ]
      } ],
      "all" : [ ],
      "none" : [ {
        "id" : "alt-space-value",
        "impact" : "critical",
        "message" : "Element has a valid alt attribute value",
        "data" : null,
        "relatedNodes" : [ ]
      } ],
      "failureSummary" : null
    }, {
      "html" : "<img src=\"/assets/demo-sites/mars/images/mars-sunrise.jpg\" class=\"\" width=\"210\" height=\"120\" alt=\"Beautiful baboon, blowing bubbles, biking backward\">",
      "target" : [ "li:nth-child(14) > a[href=\"mars2.html?a=free_year\"] > img[width=\"210\"][height=\"120\"]" ],
      "impact" : null,
      "any" : [ {
        "id" : "has-alt",
        "impact" : "critical",
        "message" : "Element has an alt attribute",
        "data" : null,
        "relatedNodes" : [ ]
      } ],
      "all" : [ ],
      "none" : [ {
        "id" : "alt-space-value",
        "impact" : "critical",
        "message" : "Element has a valid alt attribute value",
        "data" : null,
        "relatedNodes" : [ ]
      } ],
      "failureSummary" : null
    }, {
      "html" : "<img src=\"/assets/demo-sites/mars/images/space-station.jpg\" class=\"\" width=\"210\" height=\"120\" alt=\"icecream.jpg \">",
      "target" : [ "li:nth-child(16) > a[href=\"mars2.html?a=ice_cream\"] > img[alt=\"icecream.jpg \"][width=\"210\"][height=\"120\"]" ],
      "impact" : null,
      "any" : [ {
        "id" : "has-alt",
        "impact" : "critical",
        "message" : "Element has an alt attribute",
        "data" : null,
        "relatedNodes" : [ ]
      } ],
      "all" : [ ],
      "none" : [ {
        "id" : "alt-space-value",
        "impact" : "critical",
        "message" : "Element has a valid alt attribute value",
        "data" : null,
        "relatedNodes" : [ ]
      } ],
      "failureSummary" : null
    }, {
      "html" : "<img src=\"/assets/demo-sites/mars/images/mars-lander.jpg\" class=\"\" width=\"210\" height=\"120\" alt=\"Mars Lander\">",
      "target" : [ "li:nth-child(17) > a > img[alt=\"Mars Lander\"][width=\"210\"][height=\"120\"]" ],
      "impact" : null,
      "any" : [ {
        "id" : "has-alt",
        "impact" : "critical",
        "message" : "Element has an alt attribute",
        "data" : null,
        "relatedNodes" : [ ]
      } ],
      "all" : [ ],
      "none" : [ {
        "id" : "alt-space-value",
        "impact" : "critical",
        "message" : "Element has a valid alt attribute value",
        "data" : null,
        "relatedNodes" : [ ]
      } ],
      "failureSummary" : null
    }, {
      "html" : "<img src=\"/assets/demo-sites/mars/images/kids-space.jpg\" class=\"\" width=\"210\" height=\"120\" alt=\"Kids in space suits \">",
      "target" : [ "li:nth-child(18) > a[href=\"mars2.html?a=send_kids_to_mars\"] > img[alt=\"Kids in space suits \"][width=\"210\"][height=\"120\"]" ],
      "impact" : null,
      "any" : [ {
        "id" : "has-alt",
        "impact" : "critical",
        "message" : "Element has an alt attribute",
        "data" : null,
        "relatedNodes" : [ ]
      } ],
      "all" : [ ],
      "none" : [ {
        "id" : "alt-space-value",
        "impact" : "critical",
        "message" : "Element has a valid alt attribute value",
        "data" : null,
        "relatedNodes" : [ ]
      } ],
      "failureSummary" : null
    }, {
      "html" : "<img src=\"/assets/demo-sites/mars/images/wookie.jpg\" class=\"\" width=\"210\" height=\"120\" alt=\"Wookie\">",
      "target" : [ "li:nth-child(19) > a[href=\"mars2.html?a=wookie\"] > img[alt=\"Wookie\"][width=\"210\"][height=\"120\"]" ],
      "impact" : null,
      "any" : [ {
        "id" : "has-alt",
        "impact" : "critical",
        "message" : "Element has an alt attribute",
        "data" : null,
        "relatedNodes" : [ ]
      } ],
      "all" : [ ],
      "none" : [ {
        "id" : "alt-space-value",
        "impact" : "critical",
        "message" : "Element has a valid alt attribute value",
        "data" : null,
        "relatedNodes" : [ ]
      } ],
      "failureSummary" : null
    }, {
      "html" : "<img src=\"/assets/demo-sites/mars/images/global-free-days.jpg\" class=\"\" width=\"210\" height=\"120\" alt=\"Martian sunrise.\">",
      "target" : [ "li:nth-child(20) > a[href=\"mars2.html?a=stay_connected\"] > img[alt=\"Martian sunrise.\"][width=\"210\"][height=\"120\"]" ],
      "impact" : null,
      "any" : [ {
        "id" : "has-alt",
        "impact" : "critical",
        "message" : "Element has an alt attribute",
        "data" : null,
        "relatedNodes" : [ ]
      } ],
      "all" : [ ],
      "none" : [ {
        "id" : "alt-space-value",
        "impact" : "critical",
        "message" : "Element has a valid alt attribute value",
        "data" : null,
        "relatedNodes" : [ ]
      } ],
      "failureSummary" : null
    }, {
      "html" : "<img src=\"/assets/demo-sites/mars/images/calendar.png\" alt=\"...\" title=\"...\">",
      "target" : [ ".departure-date > .ui-datepicker-trigger:nth-child(3) > img[alt=\"...\"][title=\"...\"]" ],
      "impact" : null,
      "any" : [ {
        "id" : "has-alt",
        "impact" : "critical",
        "message" : "Element has an alt attribute",
        "data" : null,
        "relatedNodes" : [ ]
      }, {
        "id" : "non-empty-title",
        "impact" : "serious",
        "message" : "Element has a title attribute",
        "data" : null,
        "relatedNodes" : [ ]
      } ],
      "all" : [ ],
      "none" : [ {
        "id" : "alt-space-value",
        "impact" : "critical",
        "message" : "Element has a valid alt attribute value",
        "data" : null,
        "relatedNodes" : [ ]
      } ],
      "failureSummary" : null
    }, {
      "html" : "<img src=\"../images/f.gif\" alt=\"\" style=\"position: absolute; height: 1px; width: 1px; top: -9999px; left: -9999px;\">",
      "target" : [ ".twitter-follow-button", "img[src=\"../images/f.gif\"]" ],
      "impact" : null,
      "any" : [ {
        "id" : "has-alt",
        "impact" : "critical",
        "message" : "Element has an alt attribute",
        "data" : null,
        "relatedNodes" : [ ]
      }, {
        "id" : "presentational-role",
        "impact" : "minor",
        "message" : "Element's default semantics were overriden with role=\"presentation\"",
        "data" : {
          "role" : "presentation"
        },
        "relatedNodes" : [ ]
      } ],
      "all" : [ ],
      "none" : [ {
        "id" : "alt-space-value",
        "impact" : "critical",
        "message" : "Element has a valid alt attribute value",
        "data" : null,
        "relatedNodes" : [ ]
      } ],
      "failureSummary" : null
    }, {
      "html" : "<img src=\"jot\" alt=\"\" style=\"position: absolute; height: 1px; width: 1px; top: -9999px; left: -9999px;\">",
      "target" : [ ".twitter-follow-button", "img[src$=\"jot\"]" ],
      "impact" : null,
      "any" : [ {
        "id" : "has-alt",
        "impact" : "critical",
        "message" : "Element has an alt attribute",
        "data" : null,
        "relatedNodes" : [ ]
      }, {
        "id" : "presentational-role",
        "impact" : "minor",
        "message" : "Element's default semantics were overriden with role=\"presentation\"",
        "data" : {
          "role" : "presentation"
        },
        "relatedNodes" : [ ]
      } ],
      "all" : [ ],
      "none" : [ {
        "id" : "alt-space-value",
        "impact" : "critical",
        "message" : "Element has a valid alt attribute value",
        "data" : null,
        "relatedNodes" : [ ]
      } ],
      "failureSummary" : null
    }, {
      "html" : "<img src=\"/assets/demo-sites/mars/images/gplus-32.png\" alt=\"Google+\" style=\"border:0;width:32px;height:32px;\">",
      "target" : [ "img[alt=\"Google+\"]" ],
      "impact" : null,
      "any" : [ {
        "id" : "has-alt",
        "impact" : "critical",
        "message" : "Element has an alt attribute",
        "data" : null,
        "relatedNodes" : [ ]
      } ],
      "all" : [ ],
      "none" : [ {
        "id" : "alt-space-value",
        "impact" : "critical",
        "message" : "Element has a valid alt attribute value",
        "data" : null,
        "relatedNodes" : [ ]
      } ],
      "failureSummary" : null
    } ],
    "url" : null,
    "createdDate" : null
  }, {
    "id" : "image-redundant-alt",
    "description" : "Ensure image alternative is not repeated as text",
    "help" : "Alternative text of images should not be repeated as text",
    "helpUrl" : "https://dequeuniversity.com/rules/axe/4.6/image-redundant-alt?application=axeAPI",
    "impact" : "",
    "tags" : [ "cat.text-alternatives", "best-practice" ],
    "nodes" : [ {
      "html" : "<img height=\"1\" width=\"1\" style=\"border-style:none;\" alt=\"\" src=\"/assets/demo-sites/mars/js/out\">",
      "target" : [ "div:nth-child(1) > img[src$=\"out\"][alt=\"\"][height=\"1\"]" ],
      "impact" : null,
      "any" : [ ],
      "all" : [ ],
      "none" : [ {
        "id" : "duplicate-img-label",
        "impact" : "minor",
        "message" : "Element does not duplicate existing text in <img> alt text",
        "data" : null,
        "relatedNodes" : [ ]
      } ],
      "failureSummary" : null
    }, {
      "html" : "<img height=\"1\" width=\"1\" style=\"border-style:none;\" alt=\"\" src=\"/assets/demo-sites/mars/js/saved_resource\">",
      "target" : [ "div:nth-child(1) > img[alt=\"\"][height=\"1\"][width=\"1\"]:nth-child(2)" ],
      "impact" : null,
      "any" : [ ],
      "all" : [ ],
      "none" : [ {
        "id" : "duplicate-img-label",
        "impact" : "minor",
        "message" : "Element does not duplicate existing text in <img> alt text",
        "data" : null,
        "relatedNodes" : [ ]
      } ],
      "failureSummary" : null
    }, {
      "html" : "<img src=\"/assets/demo-sites/mars/js/seg\" width=\"1\" height=\"1\">",
      "target" : [ "img[src$=\"seg\"]" ],
      "impact" : null,
      "any" : [ ],
      "all" : [ ],
      "none" : [ {
        "id" : "duplicate-img-label",
        "impact" : "minor",
        "message" : "Element does not duplicate existing text in <img> alt text",
        "data" : null,
        "relatedNodes" : [ ]
      } ],
      "failureSummary" : null
    }, {
      "html" : "<img src=\"/assets/demo-sites/mars/images/mars-spaceman.jpg\" class=\"\" width=\"210\" height=\"120\">",
      "target" : [ "li:nth-child(1) > a[href=\"mars2.html?a=crater_adventure\"] > img[width=\"210\"][height=\"120\"]" ],
      "impact" : null,
      "any" : [ ],
      "all" : [ ],
      "none" : [ {
        "id" : "duplicate-img-label",
        "impact" : "minor",
        "message" : "Element does not duplicate existing text in <img> alt text",
        "data" : null,
        "relatedNodes" : [ ]
      } ],
      "failureSummary" : null
    }, {
      "html" : "<img src=\"/assets/demo-sites/mars/images/space-station.jpg\" class=\"\" width=\"210\" height=\"120\" alt=\"icecream.jpg \">",
      "target" : [ "li:nth-child(2) > a[href=\"mars2.html?a=ice_cream\"] > img[alt=\"icecream.jpg \"][width=\"210\"][height=\"120\"]" ],
      "impact" : null,
      "any" : [ ],
      "all" : [ ],
      "none" : [ {
        "id" : "duplicate-img-label",
        "impact" : "minor",
        "message" : "Element does not duplicate existing text in <img> alt text",
        "data" : null,
        "relatedNodes" : [ ]
      } ],
      "failureSummary" : null
    }, {
      "html" : "<img src=\"/assets/demo-sites/mars/images/mars-lander.jpg\" class=\"\" width=\"210\" height=\"120\" alt=\"Mars Lander\">",
      "target" : [ "li:nth-child(3) > a > img[alt=\"Mars Lander\"][width=\"210\"][height=\"120\"]" ],
      "impact" : null,
      "any" : [ ],
      "all" : [ ],
      "none" : [ {
        "id" : "duplicate-img-label",
        "impact" : "minor",
        "message" : "Element does not duplicate existing text in <img> alt text",
        "data" : null,
        "relatedNodes" : [ ]
      } ],
      "failureSummary" : null
    }, {
      "html" : "<img src=\"/assets/demo-sites/mars/images/kids-space.jpg\" class=\"\" width=\"210\" height=\"120\" alt=\"Kids in space suits \">",
      "target" : [ "li:nth-child(4) > a[href=\"mars2.html?a=send_kids_to_mars\"] > img[alt=\"Kids in space suits \"][width=\"210\"][height=\"120\"]" ],
      "impact" : null,
      "any" : [ ],
      "all" : [ ],
      "none" : [ {
        "id" : "duplicate-img-label",
        "impact" : "minor",
        "message" : "Element does not duplicate existing text in <img> alt text",
        "data" : null,
        "relatedNodes" : [ ]
      } ],
      "failureSummary" : null
    }, {
      "html" : "<img src=\"/assets/demo-sites/mars/images/wookie.jpg\" class=\"\" width=\"210\" height=\"120\" alt=\"Wookie\">",
      "target" : [ "li:nth-child(5) > a[href=\"mars2.html?a=wookie\"] > img[alt=\"Wookie\"][width=\"210\"][height=\"120\"]" ],
      "impact" : null,
      "any" : [ ],
      "all" : [ ],
      "none" : [ {
        "id" : "duplicate-img-label",
        "impact" : "minor",
        "message" : "Element does not duplicate existing text in <img> alt text",
        "data" : null,
        "relatedNodes" : [ ]
      } ],
      "failureSummary" : null
    }, {
      "html" : "<img src=\"/assets/demo-sites/mars/images/global-free-days.jpg\" class=\"\" width=\"210\" height=\"120\" alt=\"Martian sunrise.\">",
      "target" : [ "li:nth-child(6) > a[href=\"mars2.html?a=stay_connected\"] > img[alt=\"Martian sunrise.\"][width=\"210\"][height=\"120\"]" ],
      "impact" : null,
      "any" : [ ],
      "all" : [ ],
      "none" : [ {
        "id" : "duplicate-img-label",
        "impact" : "minor",
        "message" : "Element does not duplicate existing text in <img> alt text",
        "data" : null,
        "relatedNodes" : [ ]
      } ],
      "failureSummary" : null
    }, {
      "html" : "<img src=\"/assets/demo-sites/mars/images/mars-sunrise.jpg\" class=\"\" width=\"210\" height=\"120\" alt=\"Beautiful baboon, blowing bubbles, biking backward\">",
      "target" : [ "li:nth-child(7) > a[href=\"mars2.html?a=free_year\"] > img[width=\"210\"][height=\"120\"]" ],
      "impact" : null,
      "any" : [ ],
      "all" : [ ],
      "none" : [ {
        "id" : "duplicate-img-label",
        "impact" : "minor",
        "message" : "Element does not duplicate existing text in <img> alt text",
        "data" : null,
        "relatedNodes" : [ ]
      } ],
      "failureSummary" : null
    }, {
      "html" : "<img src=\"/assets/demo-sites/mars/images/mars-spaceman.jpg\" class=\"\" width=\"210\" height=\"120\">",
      "target" : [ "li:nth-child(8) > a[href=\"mars2.html?a=crater_adventure\"] > img[width=\"210\"][height=\"120\"]" ],
      "impact" : null,
      "any" : [ ],
      "all" : [ ],
      "none" : [ {
        "id" : "duplicate-img-label",
        "impact" : "minor",
        "message" : "Element does not duplicate existing text in <img> alt text",
        "data" : null,
        "relatedNodes" : [ ]
      } ],
      "failureSummary" : null
    }, {
      "html" : "<img src=\"/assets/demo-sites/mars/images/space-station.jpg\" class=\"\" width=\"210\" height=\"120\" alt=\"icecream.jpg \">",
      "target" : [ "li:nth-child(9) > a[href=\"mars2.html?a=ice_cream\"] > img[alt=\"icecream.jpg \"][width=\"210\"][height=\"120\"]" ],
      "impact" : null,
      "any" : [ ],
      "all" : [ ],
      "none" : [ {
        "id" : "duplicate-img-label",
        "impact" : "minor",
        "message" : "Element does not duplicate existing text in <img> alt text",
        "data" : null,
        "relatedNodes" : [ ]
      } ],
      "failureSummary" : null
    }, {
      "html" : "<img src=\"/assets/demo-sites/mars/images/mars-lander.jpg\" class=\"\" width=\"210\" height=\"120\" alt=\"Mars Lander\">",
      "target" : [ "li:nth-child(10) > a > img[alt=\"Mars Lander\"][width=\"210\"][height=\"120\"]" ],
      "impact" : null,
      "any" : [ ],
      "all" : [ ],
      "none" : [ {
        "id" : "duplicate-img-label",
        "impact" : "minor",
        "message" : "Element does not duplicate existing text in <img> alt text",
        "data" : null,
        "relatedNodes" : [ ]
      } ],
      "failureSummary" : null
    }, {
      "html" : "<img src=\"/assets/demo-sites/mars/images/kids-space.jpg\" class=\"\" width=\"210\" height=\"120\" alt=\"Kids in space suits \">",
      "target" : [ "li:nth-child(11) > a[href=\"mars2.html?a=send_kids_to_mars\"] > img[alt=\"Kids in space suits \"][width=\"210\"][height=\"120\"]" ],
      "impact" : null,
      "any" : [ ],
      "all" : [ ],
      "none" : [ {
        "id" : "duplicate-img-label",
        "impact" : "minor",
        "message" : "Element does not duplicate existing text in <img> alt text",
        "data" : null,
        "relatedNodes" : [ ]
      } ],
      "failureSummary" : null
    }, {
      "html" : "<img src=\"/assets/demo-sites/mars/images/wookie.jpg\" class=\"\" width=\"210\" height=\"120\" alt=\"Wookie\">",
      "target" : [ "li:nth-child(12) > a[href=\"mars2.html?a=wookie\"] > img[alt=\"Wookie\"][width=\"210\"][height=\"120\"]" ],
      "impact" : null,
      "any" : [ ],
      "all" : [ ],
      "none" : [ {
        "id" : "duplicate-img-label",
        "impact" : "minor",
        "message" : "Element does not duplicate existing text in <img> alt text",
        "data" : null,
        "relatedNodes" : [ ]
      } ],
      "failureSummary" : null
    }, {
      "html" : "<img src=\"/assets/demo-sites/mars/images/global-free-days.jpg\" class=\"\" width=\"210\" height=\"120\" alt=\"Martian sunrise.\">",
      "target" : [ "li:nth-child(13) > a[href=\"mars2.html?a=stay_connected\"] > img[alt=\"Martian sunrise.\"][width=\"210\"][height=\"120\"]" ],
      "impact" : null,
      "any" : [ ],
      "all" : [ ],
      "none" : [ {
        "id" : "duplicate-img-label",
        "impact" : "minor",
        "message" : "Element does not duplicate existing text in <img> alt text",
        "data" : null,
        "relatedNodes" : [ ]
      } ],
      "failureSummary" : null
    }, {
      "html" : "<img src=\"/assets/demo-sites/mars/images/mars-sunrise.jpg\" class=\"\" width=\"210\" height=\"120\" alt=\"Beautiful baboon, blowing bubbles, biking backward\">",
      "target" : [ "li:nth-child(14) > a[href=\"mars2.html?a=free_year\"] > img[width=\"210\"][height=\"120\"]" ],
      "impact" : null,
      "any" : [ ],
      "all" : [ ],
      "none" : [ {
        "id" : "duplicate-img-label",
        "impact" : "minor",
        "message" : "Element does not duplicate existing text in <img> alt text",
        "data" : null,
        "relatedNodes" : [ ]
      } ],
      "failureSummary" : null
    }, {
      "html" : "<img src=\"/assets/demo-sites/mars/images/mars-spaceman.jpg\" class=\"\" width=\"210\" height=\"120\">",
      "target" : [ "li:nth-child(15) > a[href=\"mars2.html?a=crater_adventure\"] > img[width=\"210\"][height=\"120\"]" ],
      "impact" : null,
      "any" : [ ],
      "all" : [ ],
      "none" : [ {
        "id" : "duplicate-img-label",
        "impact" : "minor",
        "message" : "Element does not duplicate existing text in <img> alt text",
        "data" : null,
        "relatedNodes" : [ ]
      } ],
      "failureSummary" : null
    }, {
      "html" : "<img src=\"/assets/demo-sites/mars/images/space-station.jpg\" class=\"\" width=\"210\" height=\"120\" alt=\"icecream.jpg \">",
      "target" : [ "li:nth-child(16) > a[href=\"mars2.html?a=ice_cream\"] > img[alt=\"icecream.jpg \"][width=\"210\"][height=\"120\"]" ],
      "impact" : null,
      "any" : [ ],
      "all" : [ ],
      "none" : [ {
        "id" : "duplicate-img-label",
        "impact" : "minor",
        "message" : "Element does not duplicate existing text in <img> alt text",
        "data" : null,
        "relatedNodes" : [ ]
      } ],
      "failureSummary" : null
    }, {
      "html" : "<img src=\"/assets/demo-sites/mars/images/mars-lander.jpg\" class=\"\" width=\"210\" height=\"120\" alt=\"Mars Lander\">",
      "target" : [ "li:nth-child(17) > a > img[alt=\"Mars Lander\"][width=\"210\"][height=\"120\"]" ],
      "impact" : null,
      "any" : [ ],
      "all" : [ ],
      "none" : [ {
        "id" : "duplicate-img-label",
        "impact" : "minor",
        "message" : "Element does not duplicate existing text in <img> alt text",
        "data" : null,
        "relatedNodes" : [ ]
      } ],
      "failureSummary" : null
    }, {
      "html" : "<img src=\"/assets/demo-sites/mars/images/kids-space.jpg\" class=\"\" width=\"210\" height=\"120\" alt=\"Kids in space suits \">",
      "target" : [ "li:nth-child(18) > a[href=\"mars2.html?a=send_kids_to_mars\"] > img[alt=\"Kids in space suits \"][width=\"210\"][height=\"120\"]" ],
      "impact" : null,
      "any" : [ ],
      "all" : [ ],
      "none" : [ {
        "id" : "duplicate-img-label",
        "impact" : "minor",
        "message" : "Element does not duplicate existing text in <img> alt text",
        "data" : null,
        "relatedNodes" : [ ]
      } ],
      "failureSummary" : null
    }, {
      "html" : "<img src=\"/assets/demo-sites/mars/images/wookie.jpg\" class=\"\" width=\"210\" height=\"120\" alt=\"Wookie\">",
      "target" : [ "li:nth-child(19) > a[href=\"mars2.html?a=wookie\"] > img[alt=\"Wookie\"][width=\"210\"][height=\"120\"]" ],
      "impact" : null,
      "any" : [ ],
      "all" : [ ],
      "none" : [ {
        "id" : "duplicate-img-label",
        "impact" : "minor",
        "message" : "Element does not duplicate existing text in <img> alt text",
        "data" : null,
        "relatedNodes" : [ ]
      } ],
      "failureSummary" : null
    }, {
      "html" : "<img src=\"/assets/demo-sites/mars/images/global-free-days.jpg\" class=\"\" width=\"210\" height=\"120\" alt=\"Martian sunrise.\">",
      "target" : [ "li:nth-child(20) > a[href=\"mars2.html?a=stay_connected\"] > img[alt=\"Martian sunrise.\"][width=\"210\"][height=\"120\"]" ],
      "impact" : null,
      "any" : [ ],
      "all" : [ ],
      "none" : [ {
        "id" : "duplicate-img-label",
        "impact" : "minor",
        "message" : "Element does not duplicate existing text in <img> alt text",
        "data" : null,
        "relatedNodes" : [ ]
      } ],
      "failureSummary" : null
    }, {
      "html" : "<img src=\"/assets/demo-sites/mars/images/calendar.png\" alt=\"...\" title=\"...\">",
      "target" : [ ".departure-date > .ui-datepicker-trigger:nth-child(3) > img[alt=\"...\"][title=\"...\"]" ],
      "impact" : null,
      "any" : [ ],
      "all" : [ ],
      "none" : [ {
        "id" : "duplicate-img-label",
        "impact" : "minor",
        "message" : "Element does not duplicate existing text in <img> alt text",
        "data" : null,
        "relatedNodes" : [ ]
      } ],
      "failureSummary" : null
    }, {
      "html" : "<img src=\"../images/f.gif\" alt=\"\" style=\"position: absolute; height: 1px; width: 1px; top: -9999px; left: -9999px;\">",
      "target" : [ ".twitter-follow-button", "img[src=\"../images/f.gif\"]" ],
      "impact" : null,
      "any" : [ ],
      "all" : [ ],
      "none" : [ {
        "id" : "duplicate-img-label",
        "impact" : "minor",
        "message" : "Element does not duplicate existing text in <img> alt text",
        "data" : null,
        "relatedNodes" : [ ]
      } ],
      "failureSummary" : null
    }, {
      "html" : "<img src=\"jot\" alt=\"\" style=\"position: absolute; height: 1px; width: 1px; top: -9999px; left: -9999px;\">",
      "target" : [ ".twitter-follow-button", "img[src$=\"jot\"]" ],
      "impact" : null,
      "any" : [ ],
      "all" : [ ],
      "none" : [ {
        "id" : "duplicate-img-label",
        "impact" : "minor",
        "message" : "Element does not duplicate existing text in <img> alt text",
        "data" : null,
        "relatedNodes" : [ ]
      } ],
      "failureSummary" : null
    }, {
      "html" : "<img src=\"/assets/demo-sites/mars/images/gplus-32.png\" alt=\"Google+\" style=\"border:0;width:32px;height:32px;\">",
      "target" : [ "img[alt=\"Google+\"]" ],
      "impact" : null,
      "any" : [ ],
      "all" : [ ],
      "none" : [ {
        "id" : "duplicate-img-label",
        "impact" : "minor",
        "message" : "Element does not duplicate existing text in <img> alt text",
        "data" : null,
        "relatedNodes" : [ ]
      } ],
      "failureSummary" : null
    } ],
    "url" : null,
    "createdDate" : null
  }, {
    "id" : "input-button-name",
    "description" : "Ensures input buttons have discernible text",
    "help" : "Input buttons must have discernible text",
    "helpUrl" : "https://dequeuniversity.com/rules/axe/4.6/input-button-name?application=axeAPI",
    "impact" : "",
    "tags" : [ "cat.name-role-value", "wcag2a", "wcag412", "section508", "section508.22.a", "ACT" ],
    "nodes" : [ {
      "html" : "<input type=\"submit\" class=\"control-search\">",
      "target" : [ ".loginnow > .container-fluid-full > .container > .span5.pull-left.left-first > .pull-left:nth-child(2) > form[method=\"get\"][action=\"/demo/mars/mars2\"] > .control-search[type=\"submit\"]" ],
      "impact" : null,
      "any" : [ {
        "id" : "non-empty-if-present",
        "impact" : "critical",
        "message" : "Element does not have a value attribute",
        "data" : null,
        "relatedNodes" : [ ]
      } ],
      "all" : [ ],
      "none" : [ ],
      "failureSummary" : null
    }, {
      "html" : "<input id=\"fs-submit\" type=\"submit\" class=\"btn btn-large submit-form\" value=\"Search\">",
      "target" : [ "#fs-submit" ],
      "impact" : null,
      "any" : [ {
        "id" : "non-empty-value",
        "impact" : "critical",
        "message" : "Element has a non-empty value attribute",
        "data" : null,
        "relatedNodes" : [ ]
      } ],
      "all" : [ ],
      "none" : [ ],
      "failureSummary" : null
    } ],
    "url" : null,
    "createdDate" : null
  }, {
    "id" : "label-title-only",
    "description" : "Ensures that every form element has a visible label and is not solely labeled using hidden labels, or the title or aria-describedby attributes",
    "help" : "Form elements should have a visible label",
    "helpUrl" : "https://dequeuniversity.com/rules/axe/4.6/label-title-only?application=axeAPI",
    "impact" : "",
    "tags" : [ "cat.forms", "best-practice" ],
    "nodes" : [ {
      "html" : "<input type=\"text\" class=\"search\" name=\"query\" placeholder=\"search\">",
      "target" : [ ".loginnow > .container-fluid-full > .container > .span5.pull-left.left-first > .pull-left:nth-child(2) > form[method=\"get\"][action=\"/demo/mars/mars2\"] > .search[name=\"query\"][placeholder=\"search\"]" ],
      "impact" : null,
      "any" : [ ],
      "all" : [ ],
      "none" : [ {
        "id" : "title-only",
        "impact" : "serious",
        "message" : "Form element does not solely use title attribute for its label",
        "data" : null,
        "relatedNodes" : [ ]
      } ],
      "failureSummary" : null
    }, {
      "html" : "<input type=\"radio\" name=\"widget-type\" id=\"widget-controls-fares\" value=\"0\" checked=\"checked\">",
      "target" : [ "#widget-controls-fares" ],
      "impact" : null,
      "any" : [ ],
      "all" : [ ],
      "none" : [ {
        "id" : "title-only",
        "impact" : "serious",
        "message" : "Form element does not solely use title attribute for its label",
        "data" : null,
        "relatedNodes" : [ ]
      } ],
      "failureSummary" : null
    }, {
      "html" : "<input type=\"radio\" name=\"widget-type\" id=\"widget-controls-passes\" value=\"1\">",
      "target" : [ "#widget-controls-passes" ],
      "impact" : null,
      "any" : [ ],
      "all" : [ ],
      "none" : [ {
        "id" : "title-only",
        "impact" : "serious",
        "message" : "Form element does not solely use title attribute for its label",
        "data" : null,
        "relatedNodes" : [ ]
      } ],
      "failureSummary" : null
    }, {
      "html" : "<input type=\"radio\" name=\"widget-type\" id=\"widget-controls-reservations\" value=\"2\">",
      "target" : [ "#widget-controls-reservations" ],
      "impact" : null,
      "any" : [ ],
      "all" : [ ],
      "none" : [ {
        "id" : "title-only",
        "impact" : "serious",
        "message" : "Form element does not solely use title attribute for its label",
        "data" : null,
        "relatedNodes" : [ ]
      } ],
      "failureSummary" : null
    }, {
      "html" : "<input type=\"radio\" name=\"widget-type\" id=\"widget-controls-activities\" value=\"4\">",
      "target" : [ "#widget-controls-activities" ],
      "impact" : null,
      "any" : [ ],
      "all" : [ ],
      "none" : [ {
        "id" : "title-only",
        "impact" : "serious",
        "message" : "Form element does not solely use title attribute for its label",
        "data" : null,
        "relatedNodes" : [ ]
      } ],
      "failureSummary" : null
    }, {
      "html" : "<input type=\"radio\" name=\"widget-type\" id=\"widget-controls-hotels\" value=\"3\">",
      "target" : [ "#widget-controls-hotels" ],
      "impact" : null,
      "any" : [ ],
      "all" : [ ],
      "none" : [ {
        "id" : "title-only",
        "impact" : "serious",
        "message" : "Form element does not solely use title attribute for its label",
        "data" : null,
        "relatedNodes" : [ ]
      } ],
      "failureSummary" : null
    }, {
      "html" : "<input type=\"radio\" name=\"route-type\" id=\"route-type-one-way\" value=\"0\" checked=\"checked\">",
      "target" : [ "#route-type-one-way" ],
      "impact" : null,
      "any" : [ ],
      "all" : [ ],
      "none" : [ {
        "id" : "title-only",
        "impact" : "serious",
        "message" : "Form element does not solely use title attribute for its label",
        "data" : null,
        "relatedNodes" : [ ]
      } ],
      "failureSummary" : null
    }, {
      "html" : "<input type=\"radio\" name=\"route-type\" id=\"route-type-round-trip\" value=\"1\">",
      "target" : [ "#route-type-round-trip" ],
      "impact" : null,
      "any" : [ ],
      "all" : [ ],
      "none" : [ {
        "id" : "title-only",
        "impact" : "serious",
        "message" : "Form element does not solely use title attribute for its label",
        "data" : null,
        "relatedNodes" : [ ]
      } ],
      "failureSummary" : null
    }, {
      "html" : "<input type=\"radio\" name=\"route-type\" id=\"route-type-multi-city\" value=\"2\">",
      "target" : [ "#route-type-multi-city" ],
      "impact" : null,
      "any" : [ ],
      "all" : [ ],
      "none" : [ {
        "id" : "title-only",
        "impact" : "serious",
        "message" : "Form element does not solely use title attribute for its label",
        "data" : null,
        "relatedNodes" : [ ]
      } ],
      "failureSummary" : null
    }, {
      "html" : "<input type=\"text\" value=\"\" class=\"city-input ac_input ui-autocomplete-input\" autocomplete=\"off\" id=\"from0\" name=\"from0\" tabindex=\"1\" role=\"textbox\" aria-autocomplete=\"list\" aria-haspopup=\"true\">",
      "target" : [ "#from0" ],
      "impact" : null,
      "any" : [ ],
      "all" : [ ],
      "none" : [ {
        "id" : "title-only",
        "impact" : "serious",
        "message" : "Form element does not solely use title attribute for its label",
        "data" : null,
        "relatedNodes" : [ ]
      } ],
      "failureSummary" : null
    }, {
      "html" : "<input type=\"text\" value=\"\" class=\"city-input ac_input ui-autocomplete-input\" autocomplete=\"off\" id=\"to0\" name=\"to0\" tabindex=\"1\" role=\"textbox\" aria-autocomplete=\"list\" aria-haspopup=\"true\">",
      "target" : [ "#to0" ],
      "impact" : null,
      "any" : [ ],
      "all" : [ ],
      "none" : [ {
        "id" : "title-only",
        "impact" : "serious",
        "message" : "Form element does not solely use title attribute for its label",
        "data" : null,
        "relatedNodes" : [ ]
      } ],
      "failureSummary" : null
    }, {
      "html" : "<input size=\"10\" id=\"deptDate0\" name=\"deptDate0\" placeholder=\"mm/dd/yyyy\" value=\"\" tabindex=\"3\" class=\"hasDatepicker input-dept\">",
      "target" : [ "#deptDate0" ],
      "impact" : null,
      "any" : [ ],
      "all" : [ ],
      "none" : [ {
        "id" : "title-only",
        "impact" : "serious",
        "message" : "Form element does not solely use title attribute for its label",
        "data" : null,
        "relatedNodes" : [ ]
      } ],
      "failureSummary" : null
    }, {
      "html" : "<select name=\"time0\" id=\"time0\" class=\"select-time\" tabindex=\"4\">",
      "target" : [ "#time0" ],
      "impact" : null,
      "any" : [ ],
      "all" : [ ],
      "none" : [ {
        "id" : "title-only",
        "impact" : "serious",
        "message" : "Form element does not solely use title attribute for its label",
        "data" : null,
        "relatedNodes" : [ ]
      } ],
      "failureSummary" : null
    }, {
      "html" : "<input type=\"radio\" name=\"pass-question-radio\" id=\"pass-question-yes\" value=\"0\">",
      "target" : [ "#pass-question-yes" ],
      "impact" : null,
      "any" : [ ],
      "all" : [ ],
      "none" : [ {
        "id" : "title-only",
        "impact" : "serious",
        "message" : "Form element does not solely use title attribute for its label",
        "data" : null,
        "relatedNodes" : [ ]
      } ],
      "failureSummary" : null
    }, {
      "html" : "<input type=\"radio\" name=\"pass-question-radio\" id=\"pass-question-no\" value=\"1\" checked=\"checked\">",
      "target" : [ "#pass-question-no" ],
      "impact" : null,
      "any" : [ ],
      "all" : [ ],
      "none" : [ {
        "id" : "title-only",
        "impact" : "serious",
        "message" : "Form element does not solely use title attribute for its label",
        "data" : null,
        "relatedNodes" : [ ]
      } ],
      "failureSummary" : null
    }, {
      "html" : "<select id=\"traveler0\" class=\"traveler-type\">\n<option value=\"0\">Adult (26+)</option>\n<option value=\"1\">Youth (12-25)</option>\n<option value=\"2\">Child (4-11)</option>\n<option value=\"3\">Senior (60+)</option>\n</select>",
      "target" : [ "#passenger0 > .age-range.wrapper > .traveler-type" ],
      "impact" : null,
      "any" : [ ],
      "all" : [ ],
      "none" : [ {
        "id" : "title-only",
        "impact" : "serious",
        "message" : "Form element does not solely use title attribute for its label",
        "data" : null,
        "relatedNodes" : [ ]
      } ],
      "failureSummary" : null
    } ],
    "url" : null,
    "createdDate" : null
  }, {
    "id" : "label",
    "description" : "Ensures every form element has a label",
    "help" : "Form elements must have labels",
    "helpUrl" : "https://dequeuniversity.com/rules/axe/4.6/label?application=axeAPI",
    "impact" : "",
    "tags" : [ "cat.forms", "wcag2a", "wcag412", "section508", "section508.22.n", "ACT" ],
    "nodes" : [ {
      "html" : "<input type=\"text\" class=\"search\" name=\"query\" placeholder=\"search\">",
      "target" : [ ".loginnow > .container-fluid-full > .container > .span5.pull-left.left-first > .pull-left:nth-child(2) > form[method=\"get\"][action=\"/demo/mars/mars2\"] > .search[name=\"query\"][placeholder=\"search\"]" ],
      "impact" : null,
      "any" : [ {
        "id" : "non-empty-placeholder",
        "impact" : "serious",
        "message" : "Element has a placeholder attribute",
        "data" : null,
        "relatedNodes" : [ ]
      } ],
      "all" : [ ],
      "none" : [ {
        "id" : "hidden-explicit-label",
        "impact" : "critical",
        "message" : "Form element has a visible explicit <label>",
        "data" : null,
        "relatedNodes" : [ ]
      } ],
      "failureSummary" : null
    }, {
      "html" : "<input type=\"radio\" name=\"widget-type\" id=\"widget-controls-fares\" value=\"0\" checked=\"checked\">",
      "target" : [ "#widget-controls-fares" ],
      "impact" : null,
      "any" : [ {
        "id" : "explicit-label",
        "impact" : "critical",
        "message" : "Form element has an explicit <label>",
        "data" : {
          "explicitLabel" : "Find Fares & Schedules"
        },
        "relatedNodes" : [ {
          "html" : "<label id=\"widget-controls-fares-label\" for=\"widget-controls-fares\" class=\"selected\">Find Fares &amp; Schedules</label>",
          "target" : [ "#widget-controls-fares-label" ]
        } ]
      } ],
      "all" : [ ],
      "none" : [ {
        "id" : "hidden-explicit-label",
        "impact" : "critical",
        "message" : "Form element has a visible explicit <label>",
        "data" : null,
        "relatedNodes" : [ ]
      } ],
      "failureSummary" : null
    }, {
      "html" : "<input type=\"radio\" name=\"widget-type\" id=\"widget-controls-passes\" value=\"1\">",
      "target" : [ "#widget-controls-passes" ],
      "impact" : null,
      "any" : [ {
        "id" : "explicit-label",
        "impact" : "critical",
        "message" : "Form element has an explicit <label>",
        "data" : {
          "explicitLabel" : "MarsCommuter Passes"
        },
        "relatedNodes" : [ {
          "html" : "<label id=\"widget-controls-passes-label\" for=\"widget-controls-passes\">MarsCommuter Passes</label>",
          "target" : [ "#widget-controls-passes-label" ]
        } ]
      } ],
      "all" : [ ],
      "none" : [ {
        "id" : "hidden-explicit-label",
        "impact" : "critical",
        "message" : "Form element has a visible explicit <label>",
        "data" : null,
        "relatedNodes" : [ ]
      } ],
      "failureSummary" : null
    }, {
      "html" : "<input type=\"radio\" name=\"widget-type\" id=\"widget-controls-reservations\" value=\"2\">",
      "target" : [ "#widget-controls-reservations" ],
      "impact" : null,
      "any" : [ {
        "id" : "explicit-label",
        "impact" : "critical",
        "message" : "Form element has an explicit <label>",
        "data" : {
          "explicitLabel" : "MarsCommuter Reservations"
        },
        "relatedNodes" : [ {
          "html" : "<label id=\"widget-controls-reservations-label\" for=\"widget-controls-reservations\">MarsCommuter Reservations</label>",
          "target" : [ "#widget-controls-reservations-label" ]
        } ]
      } ],
      "all" : [ ],
      "none" : [ {
        "id" : "hidden-explicit-label",
        "impact" : "critical",
        "message" : "Form element has a visible explicit <label>",
        "data" : null,
        "relatedNodes" : [ ]
      } ],
      "failureSummary" : null
    }, {
      "html" : "<input type=\"radio\" name=\"widget-type\" id=\"widget-controls-activities\" value=\"4\">",
      "target" : [ "#widget-controls-activities" ],
      "impact" : null,
      "any" : [ {
        "id" : "explicit-label",
        "impact" : "critical",
        "message" : "Form element has an explicit <label>",
        "data" : {
          "explicitLabel" : "Find Activities"
        },
        "relatedNodes" : [ {
          "html" : "<label id=\"widget-controls-activities-label\" for=\"widget-controls-activities\">Find Activities</label>",
          "target" : [ "#widget-controls-activities-label" ]
        } ]
      } ],
      "all" : [ ],
      "none" : [ {
        "id" : "hidden-explicit-label",
        "impact" : "critical",
        "message" : "Form element has a visible explicit <label>",
        "data" : null,
        "relatedNodes" : [ ]
      } ],
      "failureSummary" : null
    }, {
      "html" : "<input type=\"radio\" name=\"widget-type\" id=\"widget-controls-hotels\" value=\"3\">",
      "target" : [ "#widget-controls-hotels" ],
      "impact" : null,
      "any" : [ {
        "id" : "explicit-label",
        "impact" : "critical",
        "message" : "Form element has an explicit <label>",
        "data" : {
          "explicitLabel" : "Book a Hotel"
        },
        "relatedNodes" : [ {
          "html" : "<label id=\"widget-controls-hotels-label\" for=\"widget-controls-hotels\">Book a Hotel</label>",
          "target" : [ "#widget-controls-hotels-label" ]
        } ]
      } ],
      "all" : [ ],
      "none" : [ {
        "id" : "hidden-explicit-label",
        "impact" : "critical",
        "message" : "Form element has a visible explicit <label>",
        "data" : null,
        "relatedNodes" : [ ]
      } ],
      "failureSummary" : null
    }, {
      "html" : "<input type=\"radio\" name=\"route-type\" id=\"route-type-one-way\" value=\"0\" checked=\"checked\">",
      "target" : [ "#route-type-one-way" ],
      "impact" : null,
      "any" : [ {
        "id" : "explicit-label",
        "impact" : "critical",
        "message" : "Form element has an explicit <label>",
        "data" : {
          "explicitLabel" : "One-Way"
        },
        "relatedNodes" : [ {
          "html" : "<label for=\"route-type-one-way\" class=\"selected\">One-Way</label>",
          "target" : [ "label[for=\"route-type-one-way\"]" ]
        } ]
      } ],
      "all" : [ ],
      "none" : [ {
        "id" : "hidden-explicit-label",
        "impact" : "critical",
        "message" : "Form element has a visible explicit <label>",
        "data" : null,
        "relatedNodes" : [ ]
      } ],
      "failureSummary" : null
    }, {
      "html" : "<input type=\"radio\" name=\"route-type\" id=\"route-type-round-trip\" value=\"1\">",
      "target" : [ "#route-type-round-trip" ],
      "impact" : null,
      "any" : [ {
        "id" : "explicit-label",
        "impact" : "critical",
        "message" : "Form element has an explicit <label>",
        "data" : {
          "explicitLabel" : "Round-Trip"
        },
        "relatedNodes" : [ {
          "html" : "<label for=\"route-type-round-trip\">Round-Trip</label>",
          "target" : [ "label[for=\"route-type-round-trip\"]" ]
        } ]
      } ],
      "all" : [ ],
      "none" : [ {
        "id" : "hidden-explicit-label",
        "impact" : "critical",
        "message" : "Form element has a visible explicit <label>",
        "data" : null,
        "relatedNodes" : [ ]
      } ],
      "failureSummary" : null
    }, {
      "html" : "<input type=\"radio\" name=\"route-type\" id=\"route-type-multi-city\" value=\"2\">",
      "target" : [ "#route-type-multi-city" ],
      "impact" : null,
      "any" : [ {
        "id" : "explicit-label",
        "impact" : "critical",
        "message" : "Form element has an explicit <label>",
        "data" : {
          "explicitLabel" : "Multi-Planet"
        },
        "relatedNodes" : [ {
          "html" : "<label for=\"route-type-multi-city\">Multi-Planet</label>",
          "target" : [ "label[for=\"route-type-multi-city\"]" ]
        } ]
      } ],
      "all" : [ ],
      "none" : [ {
        "id" : "hidden-explicit-label",
        "impact" : "critical",
        "message" : "Form element has a visible explicit <label>",
        "data" : null,
        "relatedNodes" : [ ]
      } ],
      "failureSummary" : null
    }, {
      "html" : "<input type=\"text\" value=\"\" class=\"city-input ac_input ui-autocomplete-input\" autocomplete=\"off\" id=\"from0\" name=\"from0\" tabindex=\"1\" role=\"textbox\" aria-autocomplete=\"list\" aria-haspopup=\"true\">",
      "target" : [ "#from0" ],
      "impact" : null,
      "any" : [ {
        "id" : "explicit-label",
        "impact" : "critical",
        "message" : "Form element has an explicit <label>",
        "data" : {
          "explicitLabel" : "From:"
        },
        "relatedNodes" : [ {
          "html" : "<label for=\"from0\">From:</label>",
          "target" : [ "label[for=\"from0\"]" ]
        } ]
      } ],
      "all" : [ ],
      "none" : [ {
        "id" : "hidden-explicit-label",
        "impact" : "critical",
        "message" : "Form element has a visible explicit <label>",
        "data" : null,
        "relatedNodes" : [ ]
      } ],
      "failureSummary" : null
    }, {
      "html" : "<input type=\"text\" value=\"\" class=\"city-input ac_input ui-autocomplete-input\" autocomplete=\"off\" id=\"to0\" name=\"to0\" tabindex=\"1\" role=\"textbox\" aria-autocomplete=\"list\" aria-haspopup=\"true\">",
      "target" : [ "#to0" ],
      "impact" : null,
      "any" : [ {
        "id" : "explicit-label",
        "impact" : "critical",
        "message" : "Form element has an explicit <label>",
        "data" : {
          "explicitLabel" : "To:"
        },
        "relatedNodes" : [ {
          "html" : "<label for=\"to0\">To:</label>",
          "target" : [ "label[for=\"to0\"]" ]
        } ]
      } ],
      "all" : [ ],
      "none" : [ {
        "id" : "hidden-explicit-label",
        "impact" : "critical",
        "message" : "Form element has a visible explicit <label>",
        "data" : null,
        "relatedNodes" : [ ]
      } ],
      "failureSummary" : null
    }, {
      "html" : "<input size=\"10\" id=\"deptDate0\" name=\"deptDate0\" placeholder=\"mm/dd/yyyy\" value=\"\" tabindex=\"3\" class=\"hasDatepicker input-dept\">",
      "target" : [ "#deptDate0" ],
      "impact" : null,
      "any" : [ {
        "id" : "explicit-label",
        "impact" : "critical",
        "message" : "Form element has an explicit <label>",
        "data" : {
          "explicitLabel" : "Departure Date"
        },
        "relatedNodes" : [ {
          "html" : "<label for=\"deptDate0\">Departure Date</label>",
          "target" : [ "label[for=\"deptDate0\"]" ]
        } ]
      }, {
        "id" : "non-empty-placeholder",
        "impact" : "serious",
        "message" : "Element has a placeholder attribute",
        "data" : null,
        "relatedNodes" : [ ]
      } ],
      "all" : [ ],
      "none" : [ {
        "id" : "hidden-explicit-label",
        "impact" : "critical",
        "message" : "Form element has a visible explicit <label>",
        "data" : null,
        "relatedNodes" : [ ]
      } ],
      "failureSummary" : null
    }, {
      "html" : "<input type=\"radio\" name=\"pass-question-radio\" id=\"pass-question-yes\" value=\"0\">",
      "target" : [ "#pass-question-yes" ],
      "impact" : null,
      "any" : [ {
        "id" : "explicit-label",
        "impact" : "critical",
        "message" : "Form element has an explicit <label>",
        "data" : {
          "explicitLabel" : "Yes"
        },
        "relatedNodes" : [ {
          "html" : "<label for=\"pass-question-yes\">Yes</label>",
          "target" : [ "label[for=\"pass-question-yes\"]" ]
        } ]
      } ],
      "all" : [ ],
      "none" : [ {
        "id" : "hidden-explicit-label",
        "impact" : "critical",
        "message" : "Form element has a visible explicit <label>",
        "data" : null,
        "relatedNodes" : [ ]
      } ],
      "failureSummary" : null
    }, {
      "html" : "<input type=\"radio\" name=\"pass-question-radio\" id=\"pass-question-no\" value=\"1\" checked=\"checked\">",
      "target" : [ "#pass-question-no" ],
      "impact" : null,
      "any" : [ {
        "id" : "explicit-label",
        "impact" : "critical",
        "message" : "Form element has an explicit <label>",
        "data" : {
          "explicitLabel" : "No"
        },
        "relatedNodes" : [ {
          "html" : "<label for=\"pass-question-no\" class=\"selected\">No</label>",
          "target" : [ "label[for=\"pass-question-no\"]" ]
        } ]
      } ],
      "all" : [ ],
      "none" : [ {
        "id" : "hidden-explicit-label",
        "impact" : "critical",
        "message" : "Form element has a visible explicit <label>",
        "data" : null,
        "relatedNodes" : [ ]
      } ],
      "failureSummary" : null
    } ],
    "url" : null,
    "createdDate" : null
  }, {
    "id" : "landmark-one-main",
    "description" : "Ensures the document has a main landmark",
    "help" : "Document should have one main landmark",
    "helpUrl" : "https://dequeuniversity.com/rules/axe/4.6/landmark-one-main?application=axeAPI",
    "impact" : "",
    "tags" : [ "cat.semantics", "best-practice" ],
    "nodes" : [ {
      "html" : "<html class=\" js no-flexbox flexbox-legacy canvas canvastext webgl no-touch geolocation postmessage websqldatabase indexeddb hashchange history draganddrop websockets rgba hsla multiplebgs backgroundsize borderimage borderradius boxshadow textshadow opacity cssanimations csscolumns cssgradients cssreflections csstransforms csstransforms3d csstransitions fontface generatedcontent video audio localstorage sessionstorage webworkers applicationcache svg inlinesvg smil svgclippaths js no-flexbox flexbox-legacy canvas canvastext webgl no-touch geolocation postmessage websqldatabase indexeddb hashchange history draganddrop websockets rgba hsla multiplebgs backgroundsize borderimage borderradius boxshadow textshadow opacity cssanimations csscolumns cssgradients cssreflections csstransforms csstransforms3d csstransitions fontface generatedcontent video audio localstorage sessionstorage webworkers no-applicationcache svg inlinesvg smil svgclippaths\">",
      "target" : [ "html" ],
      "impact" : null,
      "any" : [ ],
      "all" : [ {
        "id" : "page-has-main",
        "impact" : "moderate",
        "message" : "Document has at least one main landmark",
        "data" : null,
        "relatedNodes" : [ ]
      } ],
      "none" : [ ],
      "failureSummary" : null
    }, {
      "html" : "<html lang=\"en\" dir=\"ltr\" data-cast-api-enabled=\"true\">",
      "target" : [ "#player", "html" ],
      "impact" : null,
      "any" : [ ],
      "all" : [ {
        "id" : "page-has-main",
        "impact" : "moderate",
        "message" : "Document has at least one main landmark",
        "data" : null,
        "relatedNodes" : [ ]
      } ],
      "none" : [ ],
      "failureSummary" : null
    }, {
      "html" : "<html lang=\"en\" id=\"facebook\" class=\"\">",
      "target" : [ "#fafbba78", "#facebook" ],
      "impact" : null,
      "any" : [ ],
      "all" : [ {
        "id" : "page-has-main",
        "impact" : "moderate",
        "message" : "Document has at least one main landmark",
        "data" : null,
        "relatedNodes" : [ ]
      } ],
      "none" : [ ],
      "failureSummary" : null
    }, {
      "html" : "<html lang=\"en\" class=\" xl en\">",
      "target" : [ ".twitter-follow-button", "html" ],
      "impact" : null,
      "any" : [ ],
      "all" : [ {
        "id" : "page-has-main",
        "impact" : "moderate",
        "message" : "Document has at least one main landmark",
        "data" : null,
        "relatedNodes" : [ ]
      } ],
      "none" : [ ],
      "failureSummary" : null
    } ],
    "url" : null,
    "createdDate" : null
  }, {
    "id" : "link-in-text-block",
    "description" : "Ensure links are distinguished from surrounding text in a way that does not rely on color",
    "help" : "Links must be distinguishable without relying on color",
    "helpUrl" : "https://dequeuniversity.com/rules/axe/4.6/link-in-text-block?application=axeAPI",
    "impact" : "serious",
    "tags" : [ "cat.color", "wcag2a", "wcag141" ],
    "nodes" : [ {
      "html" : "<a class=\"link-arrow\" href=\"mars2.html?a=send_kids_to_mars\">Send your kids to mars</a>",
      "target" : [ "li:nth-child(4) > .deal-text > p > .link-arrow[href=\"mars2.html?a=send_kids_to_mars\"]" ],
      "impact" : null,
      "any" : [ {
        "id" : "link-in-text-block",
        "impact" : "serious",
        "message" : "Links can be distinguished from surrounding text in some way other than by color",
        "data" : null,
        "relatedNodes" : [ {
          "html" : "<p>Book a first class one-way ticket for 5 kids, at the cost of 4! No parent or guardian required. Don't worry, they'll be fine... <a class=\"link-arrow\" href=\"mars2.html?a=send_kids_to_mars\">Send your kids to mars</a></p>",
          "target" : [ "li:nth-child(4) > .deal-text > p" ]
        } ]
      } ],
      "all" : [ ],
      "none" : [ ],
      "failureSummary" : null
    }, {
      "html" : "<a class=\"link-arrow\" href=\"mars2.html?a=wookie\">Fly with a Wookie!</a>",
      "target" : [ "li:nth-child(5) > .deal-text > p > .link-arrow[href=\"mars2.html?a=wookie\"]" ],
      "impact" : null,
      "any" : [ {
        "id" : "link-in-text-block",
        "impact" : "serious",
        "message" : "Links can be distinguished from surrounding text in some way other than by color",
        "data" : null,
        "relatedNodes" : [ {
          "html" : "<p>Fly with a wookie! Limited time offer! Or would you rather kiss a Wookie? We can arrange that. (Can someone move this walking carpet out of my way?) <a class=\"link-arrow\" href=\"mars2.html?a=wookie\">Fly with a Wookie!</a></p>",
          "target" : [ "li:nth-child(5) > .deal-text > p" ]
        } ]
      } ],
      "all" : [ ],
      "none" : [ ],
      "failureSummary" : null
    }, {
      "html" : "<a href=\"mars2.html?a=stay_connected\">Find out about radio connectivity today.</a>",
      "target" : [ "li:nth-child(6) > .deal-text > p > a[href=\"mars2.html?a=stay_connected\"]" ],
      "impact" : null,
      "any" : [ {
        "id" : "link-in-text-block",
        "impact" : "serious",
        "message" : "Links can be distinguished from surrounding text in some way other than by color",
        "data" : null,
        "relatedNodes" : [ {
          "html" : "<p>All of our packages come with radio connectivity to the far reaches of the solar system. Yup, you too can get Justin Bieber on Uranus. <a href=\"mars2.html?a=stay_connected\">Find out about radio connectivity today.</a></p>",
          "target" : [ "li:nth-child(6) > .deal-text > p" ]
        } ]
      } ],
      "all" : [ ],
      "none" : [ ],
      "failureSummary" : null
    } ],
    "url" : null,
    "createdDate" : null
  }, {
    "id" : "link-name",
    "description" : "Ensures links have discernible text",
    "help" : "Links must have discernible text",
    "helpUrl" : "https://dequeuniversity.com/rules/axe/4.6/link-name?application=axeAPI",
    "impact" : "serious",
    "tags" : [ "cat.name-role-value", "wcag2a", "wcag412", "wcag244", "section508", "section508.22.a", "ACT" ],
    "nodes" : [ {
      "html" : "<a href=\"mars2.html?a=add_trip.html\"><i class=\"icon-control-add-trip\"></i><span class=\"link-text\">Add a trip</span></a>",
      "target" : [ "a[href=\"mars2.html?a=add_trip.html\"]" ],
      "impact" : null,
      "any" : [ {
        "id" : "has-visible-text",
        "impact" : "minor",
        "message" : "Element has text that is visible to screen readers",
        "data" : null,
        "relatedNodes" : [ ]
      } ],
      "all" : [ ],
      "none" : [ {
        "id" : "focusable-no-name",
        "impact" : "serious",
        "message" : "Element is not in tab order or has accessible text",
        "data" : null,
        "relatedNodes" : [ ]
      } ],
      "failureSummary" : null
    }, {
      "html" : "<a href=\"mars2.html?a=find_pass.html\"><i class=\"icon-control-find\"></i><span class=\"link-text\">Find a pass</span></a>",
      "target" : [ "a[href=\"mars2.html?a=find_pass.html\"]" ],
      "impact" : null,
      "any" : [ {
        "id" : "has-visible-text",
        "impact" : "minor",
        "message" : "Element has text that is visible to screen readers",
        "data" : null,
        "relatedNodes" : [ ]
      } ],
      "all" : [ ],
      "none" : [ {
        "id" : "focusable-no-name",
        "impact" : "serious",
        "message" : "Element is not in tab order or has accessible text",
        "data" : null,
        "relatedNodes" : [ ]
      } ],
      "failureSummary" : null
    }, {
      "html" : "<a class=\"facebook-pop fb_button fb_button_medium\" href=\"mars2.html?a=facebook_login.html\">\n<span class=\"fb_button_text\">Login</span>\n</a>",
      "target" : [ ".facebook-pop" ],
      "impact" : null,
      "any" : [ {
        "id" : "has-visible-text",
        "impact" : "minor",
        "message" : "Element has text that is visible to screen readers",
        "data" : null,
        "relatedNodes" : [ ]
      } ],
      "all" : [ ],
      "none" : [ {
        "id" : "focusable-no-name",
        "impact" : "serious",
        "message" : "Element is not in tab order or has accessible text",
        "data" : null,
        "relatedNodes" : [ ]
      } ],
      "failureSummary" : null
    }, {
      "html" : "<a href=\"mars2.html?a=sign_in\">Sign In&nbsp;</a>",
      "target" : [ "a[href=\"mars2.html?a=sign_in\"]" ],
      "impact" : null,
      "any" : [ {
        "id" : "has-visible-text",
        "impact" : "minor",
        "message" : "Element has text that is visible to screen readers",
        "data" : null,
        "relatedNodes" : [ ]
      } ],
      "all" : [ ],
      "none" : [ {
        "id" : "focusable-no-name",
        "impact" : "serious",
        "message" : "Element is not in tab order or has accessible text",
        "data" : null,
        "relatedNodes" : [ ]
      } ],
      "failureSummary" : null
    }, {
      "html" : "<a href=\"mars2.html?a=cart\" class=\"dropdown-toggle\" data-toggle=\"dropdown\">\n<i class=\"icon-control-itinerary\"></i>\n<span class=\"link-text\">My Cart</span>\n<span class=\"link-text price-recap\">$0.00</span>\n</a>",
      "target" : [ "a[href=\"mars2.html?a=cart\"]" ],
      "impact" : null,
      "any" : [ {
        "id" : "has-visible-text",
        "impact" : "minor",
        "message" : "Element has text that is visible to screen readers",
        "data" : null,
        "relatedNodes" : [ ]
      } ],
      "all" : [ ],
      "none" : [ {
        "id" : "focusable-no-name",
        "impact" : "serious",
        "message" : "Element is not in tab order or has accessible text",
        "data" : null,
        "relatedNodes" : [ ]
      } ],
      "failureSummary" : null
    }, {
      "html" : "<a href=\"demo/mars/#\" title=\"MarsCommuter®\">\n<i class=\"icon-logo\"></i>\n</a>",
      "target" : [ "a[title=\"MarsCommuter®\"]" ],
      "impact" : null,
      "any" : [ {
        "id" : "non-empty-title",
        "impact" : "serious",
        "message" : "Element has a title attribute",
        "data" : null,
        "relatedNodes" : [ ]
      } ],
      "all" : [ ],
      "none" : [ {
        "id" : "focusable-no-name",
        "impact" : "serious",
        "message" : "Element is not in tab order or has accessible text",
        "data" : null,
        "relatedNodes" : [ ]
      } ],
      "failureSummary" : null
    }, {
      "html" : "<a href=\"mars2.html?a=travel_agents\">Travel Agents</a>",
      "target" : [ "a[href=\"mars2.html?a=travel_agents\"]" ],
      "impact" : null,
      "any" : [ {
        "id" : "has-visible-text",
        "impact" : "minor",
        "message" : "Element has text that is visible to screen readers",
        "data" : null,
        "relatedNodes" : [ ]
      } ],
      "all" : [ ],
      "none" : [ {
        "id" : "focusable-no-name",
        "impact" : "serious",
        "message" : "Element is not in tab order or has accessible text",
        "data" : null,
        "relatedNodes" : [ ]
      } ],
      "failureSummary" : null
    }, {
      "html" : "<a href=\"javascript:;\" class=\"dropdown-toggle\" data-toggle=\"dropdown\">\nYour country<span class=\"currency-select\"><!--($USD)--></span>\n<i class=\"icon-langbar-down-arrow\"></i>\n</a>",
      "target" : [ "#country-select > .dropdown-toggle[href=\"javascript:;\"][data-toggle=\"dropdown\"]" ],
      "impact" : null,
      "any" : [ {
        "id" : "has-visible-text",
        "impact" : "minor",
        "message" : "Element has text that is visible to screen readers",
        "data" : null,
        "relatedNodes" : [ ]
      } ],
      "all" : [ ],
      "none" : [ {
        "id" : "focusable-no-name",
        "impact" : "serious",
        "message" : "Element is not in tab order or has accessible text",
        "data" : null,
        "relatedNodes" : [ ]
      } ],
      "failureSummary" : null
    }, {
      "html" : "<a href=\"javascript:;\" class=\"dropdown-toggle\" data-toggle=\"dropdown\">\nYour language<i class=\"icon-langbar-down-arrow\"></i>\n</a>",
      "target" : [ ".language-select > .dropdown-toggle[href=\"javascript:;\"][data-toggle=\"dropdown\"]" ],
      "impact" : null,
      "any" : [ {
        "id" : "has-visible-text",
        "impact" : "minor",
        "message" : "Element has text that is visible to screen readers",
        "data" : null,
        "relatedNodes" : [ ]
      } ],
      "all" : [ ],
      "none" : [ {
        "id" : "focusable-no-name",
        "impact" : "serious",
        "message" : "Element is not in tab order or has accessible text",
        "data" : null,
        "relatedNodes" : [ ]
      } ],
      "failureSummary" : null
    }, {
      "html" : "<a class=\"link\" href=\"mars2.html?a=send_me_to_mars\">Send me to Mars!</a>",
      "target" : [ "a[href=\"mars2.html?a=send_me_to_mars\"]" ],
      "impact" : null,
      "any" : [ {
        "id" : "has-visible-text",
        "impact" : "minor",
        "message" : "Element has text that is visible to screen readers",
        "data" : null,
        "relatedNodes" : [ ]
      } ],
      "all" : [ ],
      "none" : [ {
        "id" : "focusable-no-name",
        "impact" : "serious",
        "message" : "Element is not in tab order or has accessible text",
        "data" : null,
        "relatedNodes" : [ ]
      } ],
      "failureSummary" : null
    }, {
      "html" : "<a class=\"link\" href=\"mars2.html?a=hotels\">Hotels</a>",
      "target" : [ "a[href=\"mars2.html?a=hotels\"]" ],
      "impact" : null,
      "any" : [ {
        "id" : "has-visible-text",
        "impact" : "minor",
        "message" : "Element has text that is visible to screen readers",
        "data" : null,
        "relatedNodes" : [ ]
      } ],
      "all" : [ ],
      "none" : [ {
        "id" : "focusable-no-name",
        "impact" : "serious",
        "message" : "Element is not in tab order or has accessible text",
        "data" : null,
        "relatedNodes" : [ ]
      } ],
      "failureSummary" : null
    }, {
      "html" : "<a class=\"link\" href=\"mars2.html?a=things_to_do\">Things to Do</a>",
      "target" : [ "a[href=\"mars2.html?a=things_to_do\"]" ],
      "impact" : null,
      "any" : [ {
        "id" : "has-visible-text",
        "impact" : "minor",
        "message" : "Element has text that is visible to screen readers",
        "data" : null,
        "relatedNodes" : [ ]
      } ],
      "all" : [ ],
      "none" : [ {
        "id" : "focusable-no-name",
        "impact" : "serious",
        "message" : "Element is not in tab order or has accessible text",
        "data" : null,
        "relatedNodes" : [ ]
      } ],
      "failureSummary" : null
    }, {
      "html" : "<a class=\"link\" href=\"mars2.html?a=mars_map\">Mars Map</a>",
      "target" : [ "a[href=\"mars2.html?a=mars_map\"]" ],
      "impact" : null,
      "any" : [ {
        "id" : "has-visible-text",
        "impact" : "minor",
        "message" : "Element has text that is visible to screen readers",
        "data" : null,
        "relatedNodes" : [ ]
      } ],
      "all" : [ ],
      "none" : [ {
        "id" : "focusable-no-name",
        "impact" : "serious",
        "message" : "Element is not in tab order or has accessible text",
        "data" : null,
        "relatedNodes" : [ ]
      } ],
      "failureSummary" : null
    }, {
      "html" : "<a class=\"link\" href=\"mars2.html?a=rockets\">Rockets</a>",
      "target" : [ "a[href=\"mars2.html?a=rockets\"]" ],
      "impact" : null,
      "any" : [ {
        "id" : "has-visible-text",
        "impact" : "minor",
        "message" : "Element has text that is visible to screen readers",
        "data" : null,
        "relatedNodes" : [ ]
      } ],
      "all" : [ ],
      "none" : [ {
        "id" : "focusable-no-name",
        "impact" : "serious",
        "message" : "Element is not in tab order or has accessible text",
        "data" : null,
        "relatedNodes" : [ ]
      } ],
      "failureSummary" : null
    }, {
      "html" : "<a class=\"link\" href=\"mars2.html?a=deals\">Deals</a>",
      "target" : [ "a[href=\"mars2.html?a=deals\"]" ],
      "impact" : null,
      "any" : [ {
        "id" : "has-visible-text",
        "impact" : "minor",
        "message" : "Element has text that is visible to screen readers",
        "data" : null,
        "relatedNodes" : [ ]
      } ],
      "all" : [ ],
      "none" : [ {
        "id" : "focusable-no-name",
        "impact" : "serious",
        "message" : "Element is not in tab order or has accessible text",
        "data" : null,
        "relatedNodes" : [ ]
      } ],
      "failureSummary" : null
    }, {
      "html" : "<a class=\"link\" href=\"mars2.html?a=groups\">Groups</a>",
      "target" : [ "a[href=\"mars2.html?a=groups\"]" ],
      "impact" : null,
      "any" : [ {
        "id" : "has-visible-text",
        "impact" : "minor",
        "message" : "Element has text that is visible to screen readers",
        "data" : null,
        "relatedNodes" : [ ]
      } ],
      "all" : [ ],
      "none" : [ {
        "id" : "focusable-no-name",
        "impact" : "serious",
        "message" : "Element is not in tab order or has accessible text",
        "data" : null,
        "relatedNodes" : [ ]
      } ],
      "failureSummary" : null
    }, {
      "html" : "<a class=\"link\" href=\"mars2.html?a=about_us\">About Us</a>",
      "target" : [ ".link[href=\"mars2.html?a=about_us\"]" ],
      "impact" : null,
      "any" : [ {
        "id" : "has-visible-text",
        "impact" : "minor",
        "message" : "Element has text that is visible to screen readers",
        "data" : null,
        "relatedNodes" : [ ]
      } ],
      "all" : [ ],
      "none" : [ {
        "id" : "focusable-no-name",
        "impact" : "serious",
        "message" : "Element is not in tab order or has accessible text",
        "data" : null,
        "relatedNodes" : [ ]
      } ],
      "failureSummary" : null
    }, {
      "html" : "<a class=\"link\" href=\"mars2.html?a=help\">Help!</a>",
      "target" : [ ".link[href=\"mars2.html?a=help\"]" ],
      "impact" : null,
      "any" : [ {
        "id" : "has-visible-text",
        "impact" : "minor",
        "message" : "Element has text that is visible to screen readers",
        "data" : null,
        "relatedNodes" : [ ]
      } ],
      "all" : [ ],
      "none" : [ {
        "id" : "focusable-no-name",
        "impact" : "serious",
        "message" : "Element is not in tab order or has accessible text",
        "data" : null,
        "relatedNodes" : [ ]
      } ],
      "failureSummary" : null
    }, {
      "html" : "<a href=\"mars2.html?a=be_bold\">\n                <h3>Be Bold...</h3>\n                <i class=\"icon-vap-plan\"></i>\n              </a>",
      "target" : [ "a[href=\"mars2.html?a=be_bold\"]" ],
      "impact" : null,
      "any" : [ {
        "id" : "has-visible-text",
        "impact" : "minor",
        "message" : "Element has text that is visible to screen readers",
        "data" : null,
        "relatedNodes" : [ ]
      } ],
      "all" : [ ],
      "none" : [ {
        "id" : "focusable-no-name",
        "impact" : "serious",
        "message" : "Element is not in tab order or has accessible text",
        "data" : null,
        "relatedNodes" : [ ]
      } ],
      "failureSummary" : null
    }, {
      "html" : "<a class=\"link\" href=\"mars2.html?a=why_marscommuter\">\n                <i class=\"icon-plan-question\"></i>\n                <span class=\"link-text\">Why MarsCommuter?</span>\n              </a>",
      "target" : [ "a[href=\"mars2.html?a=why_marscommuter\"]" ],
      "impact" : null,
      "any" : [ {
        "id" : "has-visible-text",
        "impact" : "minor",
        "message" : "Element has text that is visible to screen readers",
        "data" : null,
        "relatedNodes" : [ ]
      } ],
      "all" : [ ],
      "none" : [ {
        "id" : "focusable-no-name",
        "impact" : "serious",
        "message" : "Element is not in tab order or has accessible text",
        "data" : null,
        "relatedNodes" : [ ]
      } ],
      "failureSummary" : null
    }, {
      "html" : "<a class=\"link\" href=\"mars2.html?a=maps_and_guides\">\n                <i class=\"icon-plan-101\"></i>\n                <span class=\"link-text\">Maps &amp; Guides</span>\n              </a>",
      "target" : [ "a[href=\"mars2.html?a=maps_and_guides\"]" ],
      "impact" : null,
      "any" : [ {
        "id" : "has-visible-text",
        "impact" : "minor",
        "message" : "Element has text that is visible to screen readers",
        "data" : null,
        "relatedNodes" : [ ]
      } ],
      "all" : [ ],
      "none" : [ {
        "id" : "focusable-no-name",
        "impact" : "serious",
        "message" : "Element is not in tab order or has accessible text",
        "data" : null,
        "relatedNodes" : [ ]
      } ],
      "failureSummary" : null
    }, {
      "html" : "<a class=\"link\" href=\"mars2.html?a=ticket_info\">\n                <i class=\"icon-plan-pencil\"></i>\n                <span class=\"link-text\">Ticket Info</span>\n              </a>",
      "target" : [ "a[href=\"mars2.html?a=ticket_info\"]" ],
      "impact" : null,
      "any" : [ {
        "id" : "has-visible-text",
        "impact" : "minor",
        "message" : "Element has text that is visible to screen readers",
        "data" : null,
        "relatedNodes" : [ ]
      } ],
      "all" : [ ],
      "none" : [ {
        "id" : "focusable-no-name",
        "impact" : "serious",
        "message" : "Element is not in tab order or has accessible text",
        "data" : null,
        "relatedNodes" : [ ]
      } ],
      "failureSummary" : null
    }, {
      "html" : "<a href=\"mars2.html?a=countdown\">\n                <h3>Countdown...</h3>\n                <i class=\"icon-vap-book\"></i>\n              </a>",
      "target" : [ "a[href=\"mars2.html?a=countdown\"]" ],
      "impact" : null,
      "any" : [ {
        "id" : "has-visible-text",
        "impact" : "minor",
        "message" : "Element has text that is visible to screen readers",
        "data" : null,
        "relatedNodes" : [ ]
      } ],
      "all" : [ ],
      "none" : [ {
        "id" : "focusable-no-name",
        "impact" : "serious",
        "message" : "Element is not in tab order or has accessible text",
        "data" : null,
        "relatedNodes" : [ ]
      } ],
      "failureSummary" : null
    }, {
      "html" : "<a href=\"mars2.html?a=last_will\">prepare your last will and testament</a>",
      "target" : [ "a[href=\"mars2.html?a=last_will\"]" ],
      "impact" : null,
      "any" : [ {
        "id" : "has-visible-text",
        "impact" : "minor",
        "message" : "Element has text that is visible to screen readers",
        "data" : null,
        "relatedNodes" : [ ]
      } ],
      "all" : [ ],
      "none" : [ {
        "id" : "focusable-no-name",
        "impact" : "serious",
        "message" : "Element is not in tab order or has accessible text",
        "data" : null,
        "relatedNodes" : [ ]
      } ],
      "failureSummary" : null
    }, {
      "html" : "<a class=\"link\" href=\"mars2.html?a=book_tickets\">\n                <i class=\"icon-book-book\"></i>\n                <span class=\"link-text\">Book Tickets </span>\n              </a>",
      "target" : [ "a[href=\"mars2.html?a=book_tickets\"]" ],
      "impact" : null,
      "any" : [ {
        "id" : "has-visible-text",
        "impact" : "minor",
        "message" : "Element has text that is visible to screen readers",
        "data" : null,
        "relatedNodes" : [ ]
      } ],
      "all" : [ ],
      "none" : [ {
        "id" : "focusable-no-name",
        "impact" : "serious",
        "message" : "Element is not in tab order or has accessible text",
        "data" : null,
        "relatedNodes" : [ ]
      } ],
      "failureSummary" : null
    }, {
      "html" : "<a class=\"link\" href=\"mars2.html?a=mars_passes\">\n                <i class=\"icon-book-find\"></i>\n                <span class=\"link-text\">Mars Passes</span>\n              </a>",
      "target" : [ "a[href=\"mars2.html?a=mars_passes\"]" ],
      "impact" : null,
      "any" : [ {
        "id" : "has-visible-text",
        "impact" : "minor",
        "message" : "Element has text that is visible to screen readers",
        "data" : null,
        "relatedNodes" : [ ]
      } ],
      "all" : [ ],
      "none" : [ {
        "id" : "focusable-no-name",
        "impact" : "serious",
        "message" : "Element is not in tab order or has accessible text",
        "data" : null,
        "relatedNodes" : [ ]
      } ],
      "failureSummary" : null
    }, {
      "html" : "<a class=\"link\" href=\"mars2.html?a=seek_counseling\">\n                <i class=\"icon-book-reservation\"></i>\n                <span class=\"link-text\">Seek counseling</span>\n              </a>",
      "target" : [ "a[href=\"mars2.html?a=seek_counseling\"]" ],
      "impact" : null,
      "any" : [ {
        "id" : "has-visible-text",
        "impact" : "minor",
        "message" : "Element has text that is visible to screen readers",
        "data" : null,
        "relatedNodes" : [ ]
      } ],
      "all" : [ ],
      "none" : [ {
        "id" : "focusable-no-name",
        "impact" : "serious",
        "message" : "Element is not in tab order or has accessible text",
        "data" : null,
        "relatedNodes" : [ ]
      } ],
      "failureSummary" : null
    }, {
      "html" : "<a href=\"mars2.html?a=blast_off\">\n                <h3>Blast Off!</h3>\n                <i class=\"icon-vap-travel\"></i>\n              </a>",
      "target" : [ "a[href=\"mars2.html?a=blast_off\"]" ],
      "impact" : null,
      "any" : [ {
        "id" : "has-visible-text",
        "impact" : "minor",
        "message" : "Element has text that is visible to screen readers",
        "data" : null,
        "relatedNodes" : [ ]
      } ],
      "all" : [ ],
      "none" : [ {
        "id" : "focusable-no-name",
        "impact" : "serious",
        "message" : "Element is not in tab order or has accessible text",
        "data" : null,
        "relatedNodes" : [ ]
      } ],
      "failureSummary" : null
    }, {
      "html" : "<a class=\"link\" href=\"mars2.html?a=\">\n                <i class=\"icon-travel-app\"></i>\n                <span class=\"link-text\">MarsMobile app</span>\n              </a>",
      "target" : [ ".link[href=\"mars2.html?a=\"]" ],
      "impact" : null,
      "any" : [ {
        "id" : "has-visible-text",
        "impact" : "minor",
        "message" : "Element has text that is visible to screen readers",
        "data" : null,
        "relatedNodes" : [ ]
      } ],
      "all" : [ ],
      "none" : [ {
        "id" : "focusable-no-name",
        "impact" : "serious",
        "message" : "Element is not in tab order or has accessible text",
        "data" : null,
        "relatedNodes" : [ ]
      } ],
      "failureSummary" : null
    }, {
      "html" : "<a class=\"link\" href=\"mars2.html?a=fly_at_own_risk\">\n                <i class=\"icon-travel-exchange\"></i>\n                <span class=\"link-text\">Fly at your own risk</span>\n              </a>",
      "target" : [ "a[href=\"mars2.html?a=fly_at_own_risk\"]" ],
      "impact" : null,
      "any" : [ {
        "id" : "has-visible-text",
        "impact" : "minor",
        "message" : "Element has text that is visible to screen readers",
        "data" : null,
        "relatedNodes" : [ ]
      } ],
      "all" : [ ],
      "none" : [ {
        "id" : "focusable-no-name",
        "impact" : "serious",
        "message" : "Element is not in tab order or has accessible text",
        "data" : null,
        "relatedNodes" : [ ]
      } ],
      "failureSummary" : null
    }, {
      "html" : "<a class=\"link\" href=\"mars2.html?a=contact_us\">\n                <i class=\"icon-travel-phone\"></i>\n                <span class=\"link-text\">Contact Us</span>\n              </a>",
      "target" : [ ".link[href=\"mars2.html?a=contact_us\"]" ],
      "impact" : null,
      "any" : [ {
        "id" : "has-visible-text",
        "impact" : "minor",
        "message" : "Element has text that is visible to screen readers",
        "data" : null,
        "relatedNodes" : [ ]
      } ],
      "all" : [ ],
      "none" : [ {
        "id" : "focusable-no-name",
        "impact" : "serious",
        "message" : "Element is not in tab order or has accessible text",
        "data" : null,
        "relatedNodes" : [ ]
      } ],
      "failureSummary" : null
    }, {
      "html" : "<a class=\"\" href=\"mars2.html?a=crater_adventure\">10% off Crater Adventure</a>",
      "target" : [ "li:nth-child(1) > .deal-text > h3 > a[href=\"mars2.html?a=crater_adventure\"]" ],
      "impact" : null,
      "any" : [ {
        "id" : "has-visible-text",
        "impact" : "minor",
        "message" : "Element has text that is visible to screen readers",
        "data" : null,
        "relatedNodes" : [ ]
      } ],
      "all" : [ ],
      "none" : [ {
        "id" : "focusable-no-name",
        "impact" : "serious",
        "message" : "Element is not in tab order or has accessible text",
        "data" : null,
        "relatedNodes" : [ ]
      } ],
      "failureSummary" : null
    }, {
      "html" : "<a href=\"mars2.html?a=crater_adventure\">Book your MarStar Crater Package today to save!</a>",
      "target" : [ "li:nth-child(1) > .deal-text > p > a[href=\"mars2.html?a=crater_adventure\"]" ],
      "impact" : null,
      "any" : [ {
        "id" : "has-visible-text",
        "impact" : "minor",
        "message" : "Element has text that is visible to screen readers",
        "data" : null,
        "relatedNodes" : [ ]
      } ],
      "all" : [ ],
      "none" : [ {
        "id" : "focusable-no-name",
        "impact" : "serious",
        "message" : "Element is not in tab order or has accessible text",
        "data" : null,
        "relatedNodes" : [ ]
      } ],
      "failureSummary" : null
    }, {
      "html" : "<a href=\"mars2.html?a=ice_cream\">\n<img src=\"/assets/demo-sites/mars/images/space-station.jpg\" class=\"\" width=\"210\" height=\"120\" alt=\"icecream.jpg \"></a>",
      "target" : [ "li:nth-child(2) > a[href=\"mars2.html?a=ice_cream\"]" ],
      "impact" : null,
      "any" : [ {
        "id" : "has-visible-text",
        "impact" : "minor",
        "message" : "Element has text that is visible to screen readers",
        "data" : null,
        "relatedNodes" : [ ]
      } ],
      "all" : [ ],
      "none" : [ {
        "id" : "focusable-no-name",
        "impact" : "serious",
        "message" : "Element is not in tab order or has accessible text",
        "data" : null,
        "relatedNodes" : [ ]
      } ],
      "failureSummary" : null
    }, {
      "html" : "<a class=\"\" href=\"mars2.html?a=ice_cream\">Free Astronaut Ice Cream</a>",
      "target" : [ "li:nth-child(2) > .deal-text > h3 > a[href=\"mars2.html?a=ice_cream\"]" ],
      "impact" : null,
      "any" : [ {
        "id" : "has-visible-text",
        "impact" : "minor",
        "message" : "Element has text that is visible to screen readers",
        "data" : null,
        "relatedNodes" : [ ]
      } ],
      "all" : [ ],
      "none" : [ {
        "id" : "focusable-no-name",
        "impact" : "serious",
        "message" : "Element is not in tab order or has accessible text",
        "data" : null,
        "relatedNodes" : [ ]
      } ],
      "failureSummary" : null
    }, {
      "html" : "<a class=\"link-arrow\" href=\"mars2.html?a=ice_cream\">Get your free dehydrated ice cream!</a>",
      "target" : [ "li:nth-child(2) > .deal-text > p > .link-arrow[href=\"mars2.html?a=ice_cream\"]" ],
      "impact" : null,
      "any" : [ {
        "id" : "has-visible-text",
        "impact" : "minor",
        "message" : "Element has text that is visible to screen readers",
        "data" : null,
        "relatedNodes" : [ ]
      } ],
      "all" : [ ],
      "none" : [ {
        "id" : "focusable-no-name",
        "impact" : "serious",
        "message" : "Element is not in tab order or has accessible text",
        "data" : null,
        "relatedNodes" : [ ]
      } ],
      "failureSummary" : null
    }, {
      "html" : "<a href=\"mars2.html?a=low_price_guarantee\"> <img src=\"/assets/demo-sites/mars/images/mars-lander.jpg\" class=\"\" width=\"210\" height=\"120\" alt=\"Mars Lander\"></a>",
      "target" : [ ".carousel > ul > li:nth-child(3) > a" ],
      "impact" : null,
      "any" : [ {
        "id" : "has-visible-text",
        "impact" : "minor",
        "message" : "Element has text that is visible to screen readers",
        "data" : null,
        "relatedNodes" : [ ]
      } ],
      "all" : [ ],
      "none" : [ {
        "id" : "focusable-no-name",
        "impact" : "serious",
        "message" : "Element is not in tab order or has accessible text",
        "data" : null,
        "relatedNodes" : [ ]
      } ],
      "failureSummary" : null
    }, {
      "html" : "<a class=\"link\" href=\"mars2.html?a=low_price_guarantee\">Lowest Price Guarantee</a>",
      "target" : [ "li:nth-child(3) > .deal-text > h3 > .link" ],
      "impact" : null,
      "any" : [ {
        "id" : "has-visible-text",
        "impact" : "minor",
        "message" : "Element has text that is visible to screen readers",
        "data" : null,
        "relatedNodes" : [ ]
      } ],
      "all" : [ ],
      "none" : [ {
        "id" : "focusable-no-name",
        "impact" : "serious",
        "message" : "Element is not in tab order or has accessible text",
        "data" : null,
        "relatedNodes" : [ ]
      } ],
      "failureSummary" : null
    }, {
      "html" : "<a href=\"mars2.html?a=low_price_guarantee\">Find out how this deal works.</a>",
      "target" : [ "li:nth-child(3) > .deal-text > p:nth-child(2) > a" ],
      "impact" : null,
      "any" : [ {
        "id" : "has-visible-text",
        "impact" : "minor",
        "message" : "Element has text that is visible to screen readers",
        "data" : null,
        "relatedNodes" : [ ]
      } ],
      "all" : [ ],
      "none" : [ {
        "id" : "focusable-no-name",
        "impact" : "serious",
        "message" : "Element is not in tab order or has accessible text",
        "data" : null,
        "relatedNodes" : [ ]
      } ],
      "failureSummary" : null
    }, {
      "html" : "<a href=\"mars2.html?a=send_kids_to_mars\">\n<img src=\"/assets/demo-sites/mars/images/kids-space.jpg\" class=\"\" width=\"210\" height=\"120\" alt=\"Kids in space suits \"></a>",
      "target" : [ "li:nth-child(4) > a[href=\"mars2.html?a=send_kids_to_mars\"]" ],
      "impact" : null,
      "any" : [ {
        "id" : "has-visible-text",
        "impact" : "minor",
        "message" : "Element has text that is visible to screen readers",
        "data" : null,
        "relatedNodes" : [ ]
      } ],
      "all" : [ ],
      "none" : [ {
        "id" : "focusable-no-name",
        "impact" : "serious",
        "message" : "Element is not in tab order or has accessible text",
        "data" : null,
        "relatedNodes" : [ ]
      } ],
      "failureSummary" : null
    }, {
      "html" : "<a class=\"\" href=\"mars2.html?a=send_kids_to_mars\">Send Your Kids to Mars!</a>",
      "target" : [ "li:nth-child(4) > .deal-text > h3 > a[href=\"mars2.html?a=send_kids_to_mars\"]" ],
      "impact" : null,
      "any" : [ {
        "id" : "has-visible-text",
        "impact" : "minor",
        "message" : "Element has text that is visible to screen readers",
        "data" : null,
        "relatedNodes" : [ ]
      } ],
      "all" : [ ],
      "none" : [ {
        "id" : "focusable-no-name",
        "impact" : "serious",
        "message" : "Element is not in tab order or has accessible text",
        "data" : null,
        "relatedNodes" : [ ]
      } ],
      "failureSummary" : null
    }, {
      "html" : "<a class=\"link-arrow\" href=\"mars2.html?a=send_kids_to_mars\">Send your kids to mars</a>",
      "target" : [ "li:nth-child(4) > .deal-text > p > .link-arrow[href=\"mars2.html?a=send_kids_to_mars\"]" ],
      "impact" : null,
      "any" : [ {
        "id" : "has-visible-text",
        "impact" : "minor",
        "message" : "Element has text that is visible to screen readers",
        "data" : null,
        "relatedNodes" : [ ]
      } ],
      "all" : [ ],
      "none" : [ {
        "id" : "focusable-no-name",
        "impact" : "serious",
        "message" : "Element is not in tab order or has accessible text",
        "data" : null,
        "relatedNodes" : [ ]
      } ],
      "failureSummary" : null
    }, {
      "html" : "<a href=\"mars2.html?a=wookie\">\n<img src=\"/assets/demo-sites/mars/images/wookie.jpg\" class=\"\" width=\"210\" height=\"120\" alt=\"Wookie\"></a>",
      "target" : [ "li:nth-child(5) > a[href=\"mars2.html?a=wookie\"]" ],
      "impact" : null,
      "any" : [ {
        "id" : "has-visible-text",
        "impact" : "minor",
        "message" : "Element has text that is visible to screen readers",
        "data" : null,
        "relatedNodes" : [ ]
      } ],
      "all" : [ ],
      "none" : [ {
        "id" : "focusable-no-name",
        "impact" : "serious",
        "message" : "Element is not in tab order or has accessible text",
        "data" : null,
        "relatedNodes" : [ ]
      } ],
      "failureSummary" : null
    }, {
      "html" : "<a class=\"\" href=\"mars2.html?a=wookie\">Fly with a Wookie</a>",
      "target" : [ "li:nth-child(5) > .deal-text > h3 > a[href=\"mars2.html?a=wookie\"]" ],
      "impact" : null,
      "any" : [ {
        "id" : "has-visible-text",
        "impact" : "minor",
        "message" : "Element has text that is visible to screen readers",
        "data" : null,
        "relatedNodes" : [ ]
      } ],
      "all" : [ ],
      "none" : [ {
        "id" : "focusable-no-name",
        "impact" : "serious",
        "message" : "Element is not in tab order or has accessible text",
        "data" : null,
        "relatedNodes" : [ ]
      } ],
      "failureSummary" : null
    }, {
      "html" : "<a class=\"link-arrow\" href=\"mars2.html?a=wookie\">Fly with a Wookie!</a>",
      "target" : [ "li:nth-child(5) > .deal-text > p > .link-arrow[href=\"mars2.html?a=wookie\"]" ],
      "impact" : null,
      "any" : [ {
        "id" : "has-visible-text",
        "impact" : "minor",
        "message" : "Element has text that is visible to screen readers",
        "data" : null,
        "relatedNodes" : [ ]
      } ],
      "all" : [ ],
      "none" : [ {
        "id" : "focusable-no-name",
        "impact" : "serious",
        "message" : "Element is not in tab order or has accessible text",
        "data" : null,
        "relatedNodes" : [ ]
      } ],
      "failureSummary" : null
    }, {
      "html" : "<a href=\"mars2.html?a=stay_connected\">\n<img src=\"/assets/demo-sites/mars/images/global-free-days.jpg\" class=\"\" width=\"210\" height=\"120\" alt=\"Martian sunrise.\"></a>",
      "target" : [ "li:nth-child(6) > a[href=\"mars2.html?a=stay_connected\"]" ],
      "impact" : null,
      "any" : [ {
        "id" : "has-visible-text",
        "impact" : "minor",
        "message" : "Element has text that is visible to screen readers",
        "data" : null,
        "relatedNodes" : [ ]
      } ],
      "all" : [ ],
      "none" : [ {
        "id" : "focusable-no-name",
        "impact" : "serious",
        "message" : "Element is not in tab order or has accessible text",
        "data" : null,
        "relatedNodes" : [ ]
      } ],
      "failureSummary" : null
    }, {
      "html" : "<a class=\"\" href=\"mars2.html?a=stay_connected\">Get Radio on Uranus </a>",
      "target" : [ "li:nth-child(6) > .deal-text > h3 > a[href=\"mars2.html?a=stay_connected\"]" ],
      "impact" : null,
      "any" : [ {
        "id" : "has-visible-text",
        "impact" : "minor",
        "message" : "Element has text that is visible to screen readers",
        "data" : null,
        "relatedNodes" : [ ]
      } ],
      "all" : [ ],
      "none" : [ {
        "id" : "focusable-no-name",
        "impact" : "serious",
        "message" : "Element is not in tab order or has accessible text",
        "data" : null,
        "relatedNodes" : [ ]
      } ],
      "failureSummary" : null
    }, {
      "html" : "<a href=\"mars2.html?a=stay_connected\">Find out about radio connectivity today.</a>",
      "target" : [ "li:nth-child(6) > .deal-text > p > a[href=\"mars2.html?a=stay_connected\"]" ],
      "impact" : null,
      "any" : [ {
        "id" : "has-visible-text",
        "impact" : "minor",
        "message" : "Element has text that is visible to screen readers",
        "data" : null,
        "relatedNodes" : [ ]
      } ],
      "all" : [ ],
      "none" : [ {
        "id" : "focusable-no-name",
        "impact" : "serious",
        "message" : "Element is not in tab order or has accessible text",
        "data" : null,
        "relatedNodes" : [ ]
      } ],
      "failureSummary" : null
    }, {
      "html" : "<a href=\"mars2.html?a=free_year\">\n<img src=\"/assets/demo-sites/mars/images/mars-sunrise.jpg\" class=\"\" width=\"210\" height=\"120\" alt=\"Beautiful baboon, blowing bubbles, biking backward\"></a>",
      "target" : [ "li:nth-child(7) > a[href=\"mars2.html?a=free_year\"]" ],
      "impact" : null,
      "any" : [ {
        "id" : "has-visible-text",
        "impact" : "minor",
        "message" : "Element has text that is visible to screen readers",
        "data" : null,
        "relatedNodes" : [ ]
      } ],
      "all" : [ ],
      "none" : [ {
        "id" : "focusable-no-name",
        "impact" : "serious",
        "message" : "Element is not in tab order or has accessible text",
        "data" : null,
        "relatedNodes" : [ ]
      } ],
      "failureSummary" : null
    }, {
      "html" : "<a class=\"\" href=\"mars2.html?a=free_year\">Free Year on Mars</a>",
      "target" : [ "li:nth-child(7) > .deal-text > h3 > a[href=\"mars2.html?a=free_year\"]" ],
      "impact" : null,
      "any" : [ {
        "id" : "has-visible-text",
        "impact" : "minor",
        "message" : "Element has text that is visible to screen readers",
        "data" : null,
        "relatedNodes" : [ ]
      } ],
      "all" : [ ],
      "none" : [ {
        "id" : "focusable-no-name",
        "impact" : "serious",
        "message" : "Element is not in tab order or has accessible text",
        "data" : null,
        "relatedNodes" : [ ]
      } ],
      "failureSummary" : null
    }, {
      "html" : "<a href=\"mars2.html?a=free_year\">Book a free year on Mars</a>",
      "target" : [ "li:nth-child(7) > .deal-text > p > a[href=\"mars2.html?a=free_year\"]" ],
      "impact" : null,
      "any" : [ {
        "id" : "has-visible-text",
        "impact" : "minor",
        "message" : "Element has text that is visible to screen readers",
        "data" : null,
        "relatedNodes" : [ ]
      } ],
      "all" : [ ],
      "none" : [ {
        "id" : "focusable-no-name",
        "impact" : "serious",
        "message" : "Element is not in tab order or has accessible text",
        "data" : null,
        "relatedNodes" : [ ]
      } ],
      "failureSummary" : null
    }, {
      "html" : "<a class=\"\" href=\"mars2.html?a=crater_adventure\">10% off Crater Adventure</a>",
      "target" : [ "li:nth-child(8) > .deal-text > h3 > a[href=\"mars2.html?a=crater_adventure\"]" ],
      "impact" : null,
      "any" : [ {
        "id" : "has-visible-text",
        "impact" : "minor",
        "message" : "Element has text that is visible to screen readers",
        "data" : null,
        "relatedNodes" : [ ]
      } ],
      "all" : [ ],
      "none" : [ {
        "id" : "focusable-no-name",
        "impact" : "serious",
        "message" : "Element is not in tab order or has accessible text",
        "data" : null,
        "relatedNodes" : [ ]
      } ],
      "failureSummary" : null
    }, {
      "html" : "<a href=\"mars2.html?a=crater_adventure\">Book your MarStar Crater Package today to save!</a>",
      "target" : [ "li:nth-child(8) > .deal-text > p > a[href=\"mars2.html?a=crater_adventure\"]" ],
      "impact" : null,
      "any" : [ {
        "id" : "has-visible-text",
        "impact" : "minor",
        "message" : "Element has text that is visible to screen readers",
        "data" : null,
        "relatedNodes" : [ ]
      } ],
      "all" : [ ],
      "none" : [ {
        "id" : "focusable-no-name",
        "impact" : "serious",
        "message" : "Element is not in tab order or has accessible text",
        "data" : null,
        "relatedNodes" : [ ]
      } ],
      "failureSummary" : null
    }, {
      "html" : "<a href=\"mars2.html?a=ice_cream\">\n<img src=\"/assets/demo-sites/mars/images/space-station.jpg\" class=\"\" width=\"210\" height=\"120\" alt=\"icecream.jpg \"></a>",
      "target" : [ "li:nth-child(9) > a[href=\"mars2.html?a=ice_cream\"]" ],
      "impact" : null,
      "any" : [ {
        "id" : "has-visible-text",
        "impact" : "minor",
        "message" : "Element has text that is visible to screen readers",
        "data" : null,
        "relatedNodes" : [ ]
      } ],
      "all" : [ ],
      "none" : [ {
        "id" : "focusable-no-name",
        "impact" : "serious",
        "message" : "Element is not in tab order or has accessible text",
        "data" : null,
        "relatedNodes" : [ ]
      } ],
      "failureSummary" : null
    }, {
      "html" : "<a class=\"\" href=\"mars2.html?a=ice_cream\">Free Astronaut Ice Cream</a>",
      "target" : [ "li:nth-child(9) > .deal-text > h3 > a[href=\"mars2.html?a=ice_cream\"]" ],
      "impact" : null,
      "any" : [ {
        "id" : "has-visible-text",
        "impact" : "minor",
        "message" : "Element has text that is visible to screen readers",
        "data" : null,
        "relatedNodes" : [ ]
      } ],
      "all" : [ ],
      "none" : [ {
        "id" : "focusable-no-name",
        "impact" : "serious",
        "message" : "Element is not in tab order or has accessible text",
        "data" : null,
        "relatedNodes" : [ ]
      } ],
      "failureSummary" : null
    }, {
      "html" : "<a class=\"link-arrow\" href=\"mars2.html?a=ice_cream\">Get your free dehydrated ice cream!</a>",
      "target" : [ "li:nth-child(9) > .deal-text > p > .link-arrow[href=\"mars2.html?a=ice_cream\"]" ],
      "impact" : null,
      "any" : [ {
        "id" : "has-visible-text",
        "impact" : "minor",
        "message" : "Element has text that is visible to screen readers",
        "data" : null,
        "relatedNodes" : [ ]
      } ],
      "all" : [ ],
      "none" : [ {
        "id" : "focusable-no-name",
        "impact" : "serious",
        "message" : "Element is not in tab order or has accessible text",
        "data" : null,
        "relatedNodes" : [ ]
      } ],
      "failureSummary" : null
    }, {
      "html" : "<a href=\"mars2.html?a=low_price_guarantee\"> <img src=\"/assets/demo-sites/mars/images/mars-lander.jpg\" class=\"\" width=\"210\" height=\"120\" alt=\"Mars Lander\"></a>",
      "target" : [ "li:nth-child(10) > a" ],
      "impact" : null,
      "any" : [ {
        "id" : "has-visible-text",
        "impact" : "minor",
        "message" : "Element has text that is visible to screen readers",
        "data" : null,
        "relatedNodes" : [ ]
      } ],
      "all" : [ ],
      "none" : [ {
        "id" : "focusable-no-name",
        "impact" : "serious",
        "message" : "Element is not in tab order or has accessible text",
        "data" : null,
        "relatedNodes" : [ ]
      } ],
      "failureSummary" : null
    }, {
      "html" : "<a class=\"link\" href=\"mars2.html?a=low_price_guarantee\">Lowest Price Guarantee</a>",
      "target" : [ "li:nth-child(10) > .deal-text > h3 > .link" ],
      "impact" : null,
      "any" : [ {
        "id" : "has-visible-text",
        "impact" : "minor",
        "message" : "Element has text that is visible to screen readers",
        "data" : null,
        "relatedNodes" : [ ]
      } ],
      "all" : [ ],
      "none" : [ {
        "id" : "focusable-no-name",
        "impact" : "serious",
        "message" : "Element is not in tab order or has accessible text",
        "data" : null,
        "relatedNodes" : [ ]
      } ],
      "failureSummary" : null
    }, {
      "html" : "<a href=\"mars2.html?a=low_price_guarantee\">Find out how this deal works.</a>",
      "target" : [ "li:nth-child(10) > .deal-text > p:nth-child(2) > a" ],
      "impact" : null,
      "any" : [ {
        "id" : "has-visible-text",
        "impact" : "minor",
        "message" : "Element has text that is visible to screen readers",
        "data" : null,
        "relatedNodes" : [ ]
      } ],
      "all" : [ ],
      "none" : [ {
        "id" : "focusable-no-name",
        "impact" : "serious",
        "message" : "Element is not in tab order or has accessible text",
        "data" : null,
        "relatedNodes" : [ ]
      } ],
      "failureSummary" : null
    }, {
      "html" : "<a href=\"mars2.html?a=send_kids_to_mars\">\n<img src=\"/assets/demo-sites/mars/images/kids-space.jpg\" class=\"\" width=\"210\" height=\"120\" alt=\"Kids in space suits \"></a>",
      "target" : [ "li:nth-child(11) > a[href=\"mars2.html?a=send_kids_to_mars\"]" ],
      "impact" : null,
      "any" : [ {
        "id" : "has-visible-text",
        "impact" : "minor",
        "message" : "Element has text that is visible to screen readers",
        "data" : null,
        "relatedNodes" : [ ]
      } ],
      "all" : [ ],
      "none" : [ {
        "id" : "focusable-no-name",
        "impact" : "serious",
        "message" : "Element is not in tab order or has accessible text",
        "data" : null,
        "relatedNodes" : [ ]
      } ],
      "failureSummary" : null
    }, {
      "html" : "<a class=\"\" href=\"mars2.html?a=send_kids_to_mars\">Send Your Kids to Mars!</a>",
      "target" : [ "li:nth-child(11) > .deal-text > h3 > a[href=\"mars2.html?a=send_kids_to_mars\"]" ],
      "impact" : null,
      "any" : [ {
        "id" : "has-visible-text",
        "impact" : "minor",
        "message" : "Element has text that is visible to screen readers",
        "data" : null,
        "relatedNodes" : [ ]
      } ],
      "all" : [ ],
      "none" : [ {
        "id" : "focusable-no-name",
        "impact" : "serious",
        "message" : "Element is not in tab order or has accessible text",
        "data" : null,
        "relatedNodes" : [ ]
      } ],
      "failureSummary" : null
    }, {
      "html" : "<a class=\"link-arrow\" href=\"mars2.html?a=send_kids_to_mars\">Send your kids to mars</a>",
      "target" : [ "li:nth-child(11) > .deal-text > p > .link-arrow[href=\"mars2.html?a=send_kids_to_mars\"]" ],
      "impact" : null,
      "any" : [ {
        "id" : "has-visible-text",
        "impact" : "minor",
        "message" : "Element has text that is visible to screen readers",
        "data" : null,
        "relatedNodes" : [ ]
      } ],
      "all" : [ ],
      "none" : [ {
        "id" : "focusable-no-name",
        "impact" : "serious",
        "message" : "Element is not in tab order or has accessible text",
        "data" : null,
        "relatedNodes" : [ ]
      } ],
      "failureSummary" : null
    }, {
      "html" : "<a href=\"mars2.html?a=wookie\">\n<img src=\"/assets/demo-sites/mars/images/wookie.jpg\" class=\"\" width=\"210\" height=\"120\" alt=\"Wookie\"></a>",
      "target" : [ "li:nth-child(12) > a[href=\"mars2.html?a=wookie\"]" ],
      "impact" : null,
      "any" : [ {
        "id" : "has-visible-text",
        "impact" : "minor",
        "message" : "Element has text that is visible to screen readers",
        "data" : null,
        "relatedNodes" : [ ]
      } ],
      "all" : [ ],
      "none" : [ {
        "id" : "focusable-no-name",
        "impact" : "serious",
        "message" : "Element is not in tab order or has accessible text",
        "data" : null,
        "relatedNodes" : [ ]
      } ],
      "failureSummary" : null
    }, {
      "html" : "<a class=\"\" href=\"mars2.html?a=wookie\">Fly with a Wookie</a>",
      "target" : [ "li:nth-child(12) > .deal-text > h3 > a[href=\"mars2.html?a=wookie\"]" ],
      "impact" : null,
      "any" : [ {
        "id" : "has-visible-text",
        "impact" : "minor",
        "message" : "Element has text that is visible to screen readers",
        "data" : null,
        "relatedNodes" : [ ]
      } ],
      "all" : [ ],
      "none" : [ {
        "id" : "focusable-no-name",
        "impact" : "serious",
        "message" : "Element is not in tab order or has accessible text",
        "data" : null,
        "relatedNodes" : [ ]
      } ],
      "failureSummary" : null
    }, {
      "html" : "<a class=\"link-arrow\" href=\"mars2.html?a=wookie\">Fly with a Wookie!</a>",
      "target" : [ "li:nth-child(12) > .deal-text > p > .link-arrow[href=\"mars2.html?a=wookie\"]" ],
      "impact" : null,
      "any" : [ {
        "id" : "has-visible-text",
        "impact" : "minor",
        "message" : "Element has text that is visible to screen readers",
        "data" : null,
        "relatedNodes" : [ ]
      } ],
      "all" : [ ],
      "none" : [ {
        "id" : "focusable-no-name",
        "impact" : "serious",
        "message" : "Element is not in tab order or has accessible text",
        "data" : null,
        "relatedNodes" : [ ]
      } ],
      "failureSummary" : null
    }, {
      "html" : "<a href=\"mars2.html?a=stay_connected\">\n<img src=\"/assets/demo-sites/mars/images/global-free-days.jpg\" class=\"\" width=\"210\" height=\"120\" alt=\"Martian sunrise.\"></a>",
      "target" : [ "li:nth-child(13) > a[href=\"mars2.html?a=stay_connected\"]" ],
      "impact" : null,
      "any" : [ {
        "id" : "has-visible-text",
        "impact" : "minor",
        "message" : "Element has text that is visible to screen readers",
        "data" : null,
        "relatedNodes" : [ ]
      } ],
      "all" : [ ],
      "none" : [ {
        "id" : "focusable-no-name",
        "impact" : "serious",
        "message" : "Element is not in tab order or has accessible text",
        "data" : null,
        "relatedNodes" : [ ]
      } ],
      "failureSummary" : null
    }, {
      "html" : "<a class=\"\" href=\"mars2.html?a=stay_connected\">Get Radio on Uranus </a>",
      "target" : [ "li:nth-child(13) > .deal-text > h3 > a[href=\"mars2.html?a=stay_connected\"]" ],
      "impact" : null,
      "any" : [ {
        "id" : "has-visible-text",
        "impact" : "minor",
        "message" : "Element has text that is visible to screen readers",
        "data" : null,
        "relatedNodes" : [ ]
      } ],
      "all" : [ ],
      "none" : [ {
        "id" : "focusable-no-name",
        "impact" : "serious",
        "message" : "Element is not in tab order or has accessible text",
        "data" : null,
        "relatedNodes" : [ ]
      } ],
      "failureSummary" : null
    }, {
      "html" : "<a href=\"mars2.html?a=stay_connected\">Find out about radio connectivity today.</a>",
      "target" : [ "li:nth-child(13) > .deal-text > p > a[href=\"mars2.html?a=stay_connected\"]" ],
      "impact" : null,
      "any" : [ {
        "id" : "has-visible-text",
        "impact" : "minor",
        "message" : "Element has text that is visible to screen readers",
        "data" : null,
        "relatedNodes" : [ ]
      } ],
      "all" : [ ],
      "none" : [ {
        "id" : "focusable-no-name",
        "impact" : "serious",
        "message" : "Element is not in tab order or has accessible text",
        "data" : null,
        "relatedNodes" : [ ]
      } ],
      "failureSummary" : null
    }, {
      "html" : "<a href=\"mars2.html?a=free_year\">\n<img src=\"/assets/demo-sites/mars/images/mars-sunrise.jpg\" class=\"\" width=\"210\" height=\"120\" alt=\"Beautiful baboon, blowing bubbles, biking backward\"></a>",
      "target" : [ "li:nth-child(14) > a[href=\"mars2.html?a=free_year\"]" ],
      "impact" : null,
      "any" : [ {
        "id" : "has-visible-text",
        "impact" : "minor",
        "message" : "Element has text that is visible to screen readers",
        "data" : null,
        "relatedNodes" : [ ]
      } ],
      "all" : [ ],
      "none" : [ {
        "id" : "focusable-no-name",
        "impact" : "serious",
        "message" : "Element is not in tab order or has accessible text",
        "data" : null,
        "relatedNodes" : [ ]
      } ],
      "failureSummary" : null
    }, {
      "html" : "<a class=\"\" href=\"mars2.html?a=free_year\">Free Year on Mars</a>",
      "target" : [ "li:nth-child(14) > .deal-text > h3 > a[href=\"mars2.html?a=free_year\"]" ],
      "impact" : null,
      "any" : [ {
        "id" : "has-visible-text",
        "impact" : "minor",
        "message" : "Element has text that is visible to screen readers",
        "data" : null,
        "relatedNodes" : [ ]
      } ],
      "all" : [ ],
      "none" : [ {
        "id" : "focusable-no-name",
        "impact" : "serious",
        "message" : "Element is not in tab order or has accessible text",
        "data" : null,
        "relatedNodes" : [ ]
      } ],
      "failureSummary" : null
    }, {
      "html" : "<a href=\"mars2.html?a=free_year\">Book a free year on Mars</a>",
      "target" : [ "li:nth-child(14) > .deal-text > p > a[href=\"mars2.html?a=free_year\"]" ],
      "impact" : null,
      "any" : [ {
        "id" : "has-visible-text",
        "impact" : "minor",
        "message" : "Element has text that is visible to screen readers",
        "data" : null,
        "relatedNodes" : [ ]
      } ],
      "all" : [ ],
      "none" : [ {
        "id" : "focusable-no-name",
        "impact" : "serious",
        "message" : "Element is not in tab order or has accessible text",
        "data" : null,
        "relatedNodes" : [ ]
      } ],
      "failureSummary" : null
    }, {
      "html" : "<a class=\"\" href=\"mars2.html?a=crater_adventure\">10% off Crater Adventure</a>",
      "target" : [ "li:nth-child(15) > .deal-text > h3 > a[href=\"mars2.html?a=crater_adventure\"]" ],
      "impact" : null,
      "any" : [ {
        "id" : "has-visible-text",
        "impact" : "minor",
        "message" : "Element has text that is visible to screen readers",
        "data" : null,
        "relatedNodes" : [ ]
      } ],
      "all" : [ ],
      "none" : [ {
        "id" : "focusable-no-name",
        "impact" : "serious",
        "message" : "Element is not in tab order or has accessible text",
        "data" : null,
        "relatedNodes" : [ ]
      } ],
      "failureSummary" : null
    }, {
      "html" : "<a href=\"mars2.html?a=crater_adventure\">Book your MarStar Crater Package today to save!</a>",
      "target" : [ "li:nth-child(15) > .deal-text > p > a[href=\"mars2.html?a=crater_adventure\"]" ],
      "impact" : null,
      "any" : [ {
        "id" : "has-visible-text",
        "impact" : "minor",
        "message" : "Element has text that is visible to screen readers",
        "data" : null,
        "relatedNodes" : [ ]
      } ],
      "all" : [ ],
      "none" : [ {
        "id" : "focusable-no-name",
        "impact" : "serious",
        "message" : "Element is not in tab order or has accessible text",
        "data" : null,
        "relatedNodes" : [ ]
      } ],
      "failureSummary" : null
    }, {
      "html" : "<a href=\"mars2.html?a=ice_cream\">\n<img src=\"/assets/demo-sites/mars/images/space-station.jpg\" class=\"\" width=\"210\" height=\"120\" alt=\"icecream.jpg \"></a>",
      "target" : [ "li:nth-child(16) > a[href=\"mars2.html?a=ice_cream\"]" ],
      "impact" : null,
      "any" : [ {
        "id" : "has-visible-text",
        "impact" : "minor",
        "message" : "Element has text that is visible to screen readers",
        "data" : null,
        "relatedNodes" : [ ]
      } ],
      "all" : [ ],
      "none" : [ {
        "id" : "focusable-no-name",
        "impact" : "serious",
        "message" : "Element is not in tab order or has accessible text",
        "data" : null,
        "relatedNodes" : [ ]
      } ],
      "failureSummary" : null
    }, {
      "html" : "<a class=\"\" href=\"mars2.html?a=ice_cream\">Free Astronaut Ice Cream</a>",
      "target" : [ "li:nth-child(16) > .deal-text > h3 > a[href=\"mars2.html?a=ice_cream\"]" ],
      "impact" : null,
      "any" : [ {
        "id" : "has-visible-text",
        "impact" : "minor",
        "message" : "Element has text that is visible to screen readers",
        "data" : null,
        "relatedNodes" : [ ]
      } ],
      "all" : [ ],
      "none" : [ {
        "id" : "focusable-no-name",
        "impact" : "serious",
        "message" : "Element is not in tab order or has accessible text",
        "data" : null,
        "relatedNodes" : [ ]
      } ],
      "failureSummary" : null
    }, {
      "html" : "<a class=\"link-arrow\" href=\"mars2.html?a=ice_cream\">Get your free dehydrated ice cream!</a>",
      "target" : [ "li:nth-child(16) > .deal-text > p > .link-arrow[href=\"mars2.html?a=ice_cream\"]" ],
      "impact" : null,
      "any" : [ {
        "id" : "has-visible-text",
        "impact" : "minor",
        "message" : "Element has text that is visible to screen readers",
        "data" : null,
        "relatedNodes" : [ ]
      } ],
      "all" : [ ],
      "none" : [ {
        "id" : "focusable-no-name",
        "impact" : "serious",
        "message" : "Element is not in tab order or has accessible text",
        "data" : null,
        "relatedNodes" : [ ]
      } ],
      "failureSummary" : null
    }, {
      "html" : "<a href=\"mars2.html?a=low_price_guarantee\"> <img src=\"/assets/demo-sites/mars/images/mars-lander.jpg\" class=\"\" width=\"210\" height=\"120\" alt=\"Mars Lander\"></a>",
      "target" : [ "li:nth-child(17) > a" ],
      "impact" : null,
      "any" : [ {
        "id" : "has-visible-text",
        "impact" : "minor",
        "message" : "Element has text that is visible to screen readers",
        "data" : null,
        "relatedNodes" : [ ]
      } ],
      "all" : [ ],
      "none" : [ {
        "id" : "focusable-no-name",
        "impact" : "serious",
        "message" : "Element is not in tab order or has accessible text",
        "data" : null,
        "relatedNodes" : [ ]
      } ],
      "failureSummary" : null
    }, {
      "html" : "<a class=\"link\" href=\"mars2.html?a=low_price_guarantee\">Lowest Price Guarantee</a>",
      "target" : [ "li:nth-child(17) > .deal-text > h3 > .link" ],
      "impact" : null,
      "any" : [ {
        "id" : "has-visible-text",
        "impact" : "minor",
        "message" : "Element has text that is visible to screen readers",
        "data" : null,
        "relatedNodes" : [ ]
      } ],
      "all" : [ ],
      "none" : [ {
        "id" : "focusable-no-name",
        "impact" : "serious",
        "message" : "Element is not in tab order or has accessible text",
        "data" : null,
        "relatedNodes" : [ ]
      } ],
      "failureSummary" : null
    }, {
      "html" : "<a href=\"mars2.html?a=low_price_guarantee\">Find out how this deal works.</a>",
      "target" : [ "li:nth-child(17) > .deal-text > p:nth-child(2) > a" ],
      "impact" : null,
      "any" : [ {
        "id" : "has-visible-text",
        "impact" : "minor",
        "message" : "Element has text that is visible to screen readers",
        "data" : null,
        "relatedNodes" : [ ]
      } ],
      "all" : [ ],
      "none" : [ {
        "id" : "focusable-no-name",
        "impact" : "serious",
        "message" : "Element is not in tab order or has accessible text",
        "data" : null,
        "relatedNodes" : [ ]
      } ],
      "failureSummary" : null
    }, {
      "html" : "<a href=\"mars2.html?a=send_kids_to_mars\">\n<img src=\"/assets/demo-sites/mars/images/kids-space.jpg\" class=\"\" width=\"210\" height=\"120\" alt=\"Kids in space suits \"></a>",
      "target" : [ "li:nth-child(18) > a[href=\"mars2.html?a=send_kids_to_mars\"]" ],
      "impact" : null,
      "any" : [ {
        "id" : "has-visible-text",
        "impact" : "minor",
        "message" : "Element has text that is visible to screen readers",
        "data" : null,
        "relatedNodes" : [ ]
      } ],
      "all" : [ ],
      "none" : [ {
        "id" : "focusable-no-name",
        "impact" : "serious",
        "message" : "Element is not in tab order or has accessible text",
        "data" : null,
        "relatedNodes" : [ ]
      } ],
      "failureSummary" : null
    }, {
      "html" : "<a class=\"\" href=\"mars2.html?a=send_kids_to_mars\">Send Your Kids to Mars!</a>",
      "target" : [ "li:nth-child(18) > .deal-text > h3 > a[href=\"mars2.html?a=send_kids_to_mars\"]" ],
      "impact" : null,
      "any" : [ {
        "id" : "has-visible-text",
        "impact" : "minor",
        "message" : "Element has text that is visible to screen readers",
        "data" : null,
        "relatedNodes" : [ ]
      } ],
      "all" : [ ],
      "none" : [ {
        "id" : "focusable-no-name",
        "impact" : "serious",
        "message" : "Element is not in tab order or has accessible text",
        "data" : null,
        "relatedNodes" : [ ]
      } ],
      "failureSummary" : null
    }, {
      "html" : "<a class=\"link-arrow\" href=\"mars2.html?a=send_kids_to_mars\">Send your kids to mars</a>",
      "target" : [ "li:nth-child(18) > .deal-text > p > .link-arrow[href=\"mars2.html?a=send_kids_to_mars\"]" ],
      "impact" : null,
      "any" : [ {
        "id" : "has-visible-text",
        "impact" : "minor",
        "message" : "Element has text that is visible to screen readers",
        "data" : null,
        "relatedNodes" : [ ]
      } ],
      "all" : [ ],
      "none" : [ {
        "id" : "focusable-no-name",
        "impact" : "serious",
        "message" : "Element is not in tab order or has accessible text",
        "data" : null,
        "relatedNodes" : [ ]
      } ],
      "failureSummary" : null
    }, {
      "html" : "<a href=\"mars2.html?a=wookie\">\n<img src=\"/assets/demo-sites/mars/images/wookie.jpg\" class=\"\" width=\"210\" height=\"120\" alt=\"Wookie\"></a>",
      "target" : [ "li:nth-child(19) > a[href=\"mars2.html?a=wookie\"]" ],
      "impact" : null,
      "any" : [ {
        "id" : "has-visible-text",
        "impact" : "minor",
        "message" : "Element has text that is visible to screen readers",
        "data" : null,
        "relatedNodes" : [ ]
      } ],
      "all" : [ ],
      "none" : [ {
        "id" : "focusable-no-name",
        "impact" : "serious",
        "message" : "Element is not in tab order or has accessible text",
        "data" : null,
        "relatedNodes" : [ ]
      } ],
      "failureSummary" : null
    }, {
      "html" : "<a class=\"\" href=\"mars2.html?a=wookie\">Fly with a Wookie</a>",
      "target" : [ "li:nth-child(19) > .deal-text > h3 > a[href=\"mars2.html?a=wookie\"]" ],
      "impact" : null,
      "any" : [ {
        "id" : "has-visible-text",
        "impact" : "minor",
        "message" : "Element has text that is visible to screen readers",
        "data" : null,
        "relatedNodes" : [ ]
      } ],
      "all" : [ ],
      "none" : [ {
        "id" : "focusable-no-name",
        "impact" : "serious",
        "message" : "Element is not in tab order or has accessible text",
        "data" : null,
        "relatedNodes" : [ ]
      } ],
      "failureSummary" : null
    }, {
      "html" : "<a class=\"link-arrow\" href=\"mars2.html?a=wookie\">Fly with a Wookie!</a>",
      "target" : [ "li:nth-child(19) > .deal-text > p > .link-arrow[href=\"mars2.html?a=wookie\"]" ],
      "impact" : null,
      "any" : [ {
        "id" : "has-visible-text",
        "impact" : "minor",
        "message" : "Element has text that is visible to screen readers",
        "data" : null,
        "relatedNodes" : [ ]
      } ],
      "all" : [ ],
      "none" : [ {
        "id" : "focusable-no-name",
        "impact" : "serious",
        "message" : "Element is not in tab order or has accessible text",
        "data" : null,
        "relatedNodes" : [ ]
      } ],
      "failureSummary" : null
    }, {
      "html" : "<a href=\"mars2.html?a=stay_connected\">\n<img src=\"/assets/demo-sites/mars/images/global-free-days.jpg\" class=\"\" width=\"210\" height=\"120\" alt=\"Martian sunrise.\"></a>",
      "target" : [ "li:nth-child(20) > a[href=\"mars2.html?a=stay_connected\"]" ],
      "impact" : null,
      "any" : [ {
        "id" : "has-visible-text",
        "impact" : "minor",
        "message" : "Element has text that is visible to screen readers",
        "data" : null,
        "relatedNodes" : [ ]
      } ],
      "all" : [ ],
      "none" : [ {
        "id" : "focusable-no-name",
        "impact" : "serious",
        "message" : "Element is not in tab order or has accessible text",
        "data" : null,
        "relatedNodes" : [ ]
      } ],
      "failureSummary" : null
    }, {
      "html" : "<a class=\"\" href=\"mars2.html?a=stay_connected\">Get Radio on Uranus </a>",
      "target" : [ "li:nth-child(20) > .deal-text > h3 > a[href=\"mars2.html?a=stay_connected\"]" ],
      "impact" : null,
      "any" : [ {
        "id" : "has-visible-text",
        "impact" : "minor",
        "message" : "Element has text that is visible to screen readers",
        "data" : null,
        "relatedNodes" : [ ]
      } ],
      "all" : [ ],
      "none" : [ {
        "id" : "focusable-no-name",
        "impact" : "serious",
        "message" : "Element is not in tab order or has accessible text",
        "data" : null,
        "relatedNodes" : [ ]
      } ],
      "failureSummary" : null
    }, {
      "html" : "<a href=\"mars2.html?a=stay_connected\">Find out about radio connectivity today.</a>",
      "target" : [ "li:nth-child(20) > .deal-text > p > a[href=\"mars2.html?a=stay_connected\"]" ],
      "impact" : null,
      "any" : [ {
        "id" : "has-visible-text",
        "impact" : "minor",
        "message" : "Element has text that is visible to screen readers",
        "data" : null,
        "relatedNodes" : [ ]
      } ],
      "all" : [ ],
      "none" : [ {
        "id" : "focusable-no-name",
        "impact" : "serious",
        "message" : "Element is not in tab order or has accessible text",
        "data" : null,
        "relatedNodes" : [ ]
      } ],
      "failureSummary" : null
    }, {
      "html" : "<a class=\"ytp-title-channel-logo\" target=\"_blank\" href=\"https://www.youtube.com/channel/UCK7tptUDHh-RYDsdxO1-5QQ?embeds_euri=https%3A%2F%2Fdequeuniversity.com%2F&amp;feature=emb_ch_name_ex\" aria-label=\"Photo image of Wall Street Journal\" style=\"background-image: url(&quot;https://yt3.ggpht.com/ytc/AGIKgqOq4sucy99-dvD6wMq7d5dywZsP63fquQzKyPV4Lo0=s68-c-k-c0x00ffffff-no-rj&quot;);\">",
      "target" : [ "#player", ".ytp-title-channel-logo" ],
      "impact" : null,
      "any" : [ {
        "id" : "aria-label",
        "impact" : "serious",
        "message" : "aria-label attribute exists and is not empty",
        "data" : null,
        "relatedNodes" : [ ]
      } ],
      "all" : [ ],
      "none" : [ {
        "id" : "focusable-no-name",
        "impact" : "serious",
        "message" : "Element is not in tab order or has accessible text",
        "data" : null,
        "relatedNodes" : [ ]
      } ],
      "failureSummary" : null
    }, {
      "html" : "<a class=\"ytp-title-link yt-uix-sessionlink\" target=\"_blank\" data-sessionlink=\"feature=player-title\" tabindex=\"0\" href=\"https://www.youtube.com/watch?v=OagLGti_hTE\">NASA: Life on Mars Was a Possibility</a>",
      "target" : [ "#player", ".ytp-title-link" ],
      "impact" : null,
      "any" : [ {
        "id" : "has-visible-text",
        "impact" : "minor",
        "message" : "Element has text that is visible to screen readers",
        "data" : null,
        "relatedNodes" : [ ]
      } ],
      "all" : [ ],
      "none" : [ {
        "id" : "focusable-no-name",
        "impact" : "serious",
        "message" : "Element is not in tab order or has accessible text",
        "data" : null,
        "relatedNodes" : [ ]
      } ],
      "failureSummary" : null
    }, {
      "html" : "<a href=\"../mars2.html\" target=\"_blank\">Mars Commuter Express</a>",
      "target" : [ "#fafbba78", ".fsl > a" ],
      "impact" : null,
      "any" : [ {
        "id" : "has-visible-text",
        "impact" : "minor",
        "message" : "Element has text that is visible to screen readers",
        "data" : null,
        "relatedNodes" : [ ]
      } ],
      "all" : [ ],
      "none" : [ {
        "id" : "focusable-no-name",
        "impact" : "serious",
        "message" : "Element is not in tab order or has accessible text",
        "data" : null,
        "relatedNodes" : [ ]
      } ],
      "failureSummary" : null
    }, {
      "html" : "<a id=\"follow-button\" target=\"_blank\" class=\"btn\" title=\"Follow MarsCommuter on Twitter\" href=\"mars2.html\"><i></i><span class=\"label\" id=\"l\">Follow @MarsTrip1</span></a>",
      "target" : [ ".twitter-follow-button", "#follow-button" ],
      "impact" : null,
      "any" : [ {
        "id" : "has-visible-text",
        "impact" : "minor",
        "message" : "Element has text that is visible to screen readers",
        "data" : null,
        "relatedNodes" : [ ]
      }, {
        "id" : "non-empty-title",
        "impact" : "serious",
        "message" : "Element has a title attribute",
        "data" : null,
        "relatedNodes" : [ ]
      } ],
      "all" : [ ],
      "none" : [ {
        "id" : "focusable-no-name",
        "impact" : "serious",
        "message" : "Element is not in tab order or has accessible text",
        "data" : null,
        "relatedNodes" : [ ]
      } ],
      "failureSummary" : null
    }, {
      "html" : "<a href=\"mars2.html?a=marscommuter\" rel=\"author\" style=\"text-decoration:none;display:inline-block;color:#333;text-align:center; font:12px/13px arial,sans-serif;white-space:nowrap;\" target=\"_blank\">",
      "target" : [ "a[href=\"mars2.html?a=marscommuter\"]" ],
      "impact" : null,
      "any" : [ {
        "id" : "has-visible-text",
        "impact" : "minor",
        "message" : "Element has text that is visible to screen readers",
        "data" : null,
        "relatedNodes" : [ ]
      } ],
      "all" : [ ],
      "none" : [ {
        "id" : "focusable-no-name",
        "impact" : "serious",
        "message" : "Element is not in tab order or has accessible text",
        "data" : null,
        "relatedNodes" : [ ]
      } ],
      "failureSummary" : null
    }, {
      "html" : "<a href=\"mars2.html?a=\" class=\"social-icon\" title=\"MarsCommuter iPhone App\"> <em class=\"icon-social-iphone\" alt=\"Mars Commuter iPhone App\"></em> </a>",
      "target" : [ "a[title=\"MarsCommuter iPhone App\"]" ],
      "impact" : null,
      "any" : [ {
        "id" : "non-empty-title",
        "impact" : "serious",
        "message" : "Element has a title attribute",
        "data" : null,
        "relatedNodes" : [ ]
      } ],
      "all" : [ ],
      "none" : [ {
        "id" : "focusable-no-name",
        "impact" : "serious",
        "message" : "Element is not in tab order or has accessible text",
        "data" : null,
        "relatedNodes" : [ ]
      } ],
      "failureSummary" : null
    }, {
      "html" : "<a href=\"mars2.html?a=\" title=\"Mars Commuter iPhone App\" target=\"_blank\">Mars iPhone App</a>",
      "target" : [ "a[title=\"Mars Commuter iPhone App\"]" ],
      "impact" : null,
      "any" : [ {
        "id" : "has-visible-text",
        "impact" : "minor",
        "message" : "Element has text that is visible to screen readers",
        "data" : null,
        "relatedNodes" : [ ]
      }, {
        "id" : "non-empty-title",
        "impact" : "serious",
        "message" : "Element has a title attribute",
        "data" : null,
        "relatedNodes" : [ ]
      } ],
      "all" : [ ],
      "none" : [ {
        "id" : "focusable-no-name",
        "impact" : "serious",
        "message" : "Element is not in tab order or has accessible text",
        "data" : null,
        "relatedNodes" : [ ]
      } ],
      "failureSummary" : null
    }, {
      "html" : "<a href=\"mars2.html?a=join_conversation\" class=\"social-icon\" title=\"Join the Conversation\"> <em class=\"icon-social-community\" alt=\"Join the Conversation\"></em> </a>",
      "target" : [ "a[href=\"mars2.html?a=join_conversation\"]" ],
      "impact" : null,
      "any" : [ {
        "id" : "non-empty-title",
        "impact" : "serious",
        "message" : "Element has a title attribute",
        "data" : null,
        "relatedNodes" : [ ]
      } ],
      "all" : [ ],
      "none" : [ {
        "id" : "focusable-no-name",
        "impact" : "serious",
        "message" : "Element is not in tab order or has accessible text",
        "data" : null,
        "relatedNodes" : [ ]
      } ],
      "failureSummary" : null
    }, {
      "html" : "<a href=\"mars2.html?a=\" title=\"Join the Conversation\" target=\"_blank\">Join the conversation and Interact with fellow travelers and MarsCommuter staff in our online community.</a>",
      "target" : [ "a[title=\"Join the Conversation\"][target=\"_blank\"][href=\"mars2.html?a=\"]" ],
      "impact" : null,
      "any" : [ {
        "id" : "has-visible-text",
        "impact" : "minor",
        "message" : "Element has text that is visible to screen readers",
        "data" : null,
        "relatedNodes" : [ ]
      }, {
        "id" : "non-empty-title",
        "impact" : "serious",
        "message" : "Element has a title attribute",
        "data" : null,
        "relatedNodes" : [ ]
      } ],
      "all" : [ ],
      "none" : [ {
        "id" : "focusable-no-name",
        "impact" : "serious",
        "message" : "Element is not in tab order or has accessible text",
        "data" : null,
        "relatedNodes" : [ ]
      } ],
      "failureSummary" : null
    }, {
      "html" : "<a href=\"mars2.html?a=fares_and_schedules\">Find Fares &amp; Schedules<br>\n </a>",
      "target" : [ "#footer-book > ul > li:nth-child(1) > a" ],
      "impact" : null,
      "any" : [ {
        "id" : "has-visible-text",
        "impact" : "minor",
        "message" : "Element has text that is visible to screen readers",
        "data" : null,
        "relatedNodes" : [ ]
      } ],
      "all" : [ ],
      "none" : [ {
        "id" : "focusable-no-name",
        "impact" : "serious",
        "message" : "Element is not in tab order or has accessible text",
        "data" : null,
        "relatedNodes" : [ ]
      } ],
      "failureSummary" : null
    }, {
      "html" : "<a href=\"mars2.html?a=find_mars_passes\">Find Mars Passes</a>",
      "target" : [ "a[href=\"mars2.html?a=find_mars_passes\"]" ],
      "impact" : null,
      "any" : [ {
        "id" : "has-visible-text",
        "impact" : "minor",
        "message" : "Element has text that is visible to screen readers",
        "data" : null,
        "relatedNodes" : [ ]
      } ],
      "all" : [ ],
      "none" : [ {
        "id" : "focusable-no-name",
        "impact" : "serious",
        "message" : "Element is not in tab order or has accessible text",
        "data" : null,
        "relatedNodes" : [ ]
      } ],
      "failureSummary" : null
    }, {
      "html" : "<a href=\"mars2.html?a=find_activities\">Find Activities</a>",
      "target" : [ "a[href=\"mars2.html?a=find_activities\"]" ],
      "impact" : null,
      "any" : [ {
        "id" : "has-visible-text",
        "impact" : "minor",
        "message" : "Element has text that is visible to screen readers",
        "data" : null,
        "relatedNodes" : [ ]
      } ],
      "all" : [ ],
      "none" : [ {
        "id" : "focusable-no-name",
        "impact" : "serious",
        "message" : "Element is not in tab order or has accessible text",
        "data" : null,
        "relatedNodes" : [ ]
      } ],
      "failureSummary" : null
    }, {
      "html" : "<a href=\"mars2.html?a=book_reservations\">Book Reservations</a>",
      "target" : [ "a[href=\"mars2.html?a=book_reservations\"]" ],
      "impact" : null,
      "any" : [ {
        "id" : "has-visible-text",
        "impact" : "minor",
        "message" : "Element has text that is visible to screen readers",
        "data" : null,
        "relatedNodes" : [ ]
      } ],
      "all" : [ ],
      "none" : [ {
        "id" : "focusable-no-name",
        "impact" : "serious",
        "message" : "Element is not in tab order or has accessible text",
        "data" : null,
        "relatedNodes" : [ ]
      } ],
      "failureSummary" : null
    }, {
      "html" : "<a href=\"mars2.html?a=view_rocket_pass_listing\">View Rocket Pass Listing<br>\n </a>",
      "target" : [ "#footer-book > ul > li:nth-child(5) > a" ],
      "impact" : null,
      "any" : [ {
        "id" : "has-visible-text",
        "impact" : "minor",
        "message" : "Element has text that is visible to screen readers",
        "data" : null,
        "relatedNodes" : [ ]
      } ],
      "all" : [ ],
      "none" : [ {
        "id" : "focusable-no-name",
        "impact" : "serious",
        "message" : "Element is not in tab order or has accessible text",
        "data" : null,
        "relatedNodes" : [ ]
      } ],
      "failureSummary" : null
    }, {
      "html" : "<a href=\"mars2.html?a=marstar\">MarsStar</a>",
      "target" : [ "a[href=\"mars2.html?a=marstar\"]" ],
      "impact" : null,
      "any" : [ {
        "id" : "has-visible-text",
        "impact" : "minor",
        "message" : "Element has text that is visible to screen readers",
        "data" : null,
        "relatedNodes" : [ ]
      } ],
      "all" : [ ],
      "none" : [ {
        "id" : "focusable-no-name",
        "impact" : "serious",
        "message" : "Element is not in tab order or has accessible text",
        "data" : null,
        "relatedNodes" : [ ]
      } ],
      "failureSummary" : null
    }, {
      "html" : "<a href=\"mars2.html?a=blast_off_uranus\">Blast off Uranus</a>",
      "target" : [ "a[href=\"mars2.html?a=blast_off_uranus\"]" ],
      "impact" : null,
      "any" : [ {
        "id" : "has-visible-text",
        "impact" : "minor",
        "message" : "Element has text that is visible to screen readers",
        "data" : null,
        "relatedNodes" : [ ]
      } ],
      "all" : [ ],
      "none" : [ {
        "id" : "focusable-no-name",
        "impact" : "serious",
        "message" : "Element is not in tab order or has accessible text",
        "data" : null,
        "relatedNodes" : [ ]
      } ],
      "failureSummary" : null
    }, {
      "html" : "<a href=\"mars2.html?a=red_planet_janet\">Red Planet Janet</a>",
      "target" : [ "a[href=\"mars2.html?a=red_planet_janet\"]" ],
      "impact" : null,
      "any" : [ {
        "id" : "has-visible-text",
        "impact" : "minor",
        "message" : "Element has text that is visible to screen readers",
        "data" : null,
        "relatedNodes" : [ ]
      } ],
      "all" : [ ],
      "none" : [ {
        "id" : "focusable-no-name",
        "impact" : "serious",
        "message" : "Element is not in tab order or has accessible text",
        "data" : null,
        "relatedNodes" : [ ]
      } ],
      "failureSummary" : null
    }, {
      "html" : "<a href=\"mars2.html?a=the_martianic\">The Martianic</a>",
      "target" : [ "a[href=\"mars2.html?a=the_martianic\"]" ],
      "impact" : null,
      "any" : [ {
        "id" : "has-visible-text",
        "impact" : "minor",
        "message" : "Element has text that is visible to screen readers",
        "data" : null,
        "relatedNodes" : [ ]
      } ],
      "all" : [ ],
      "none" : [ {
        "id" : "focusable-no-name",
        "impact" : "serious",
        "message" : "Element is not in tab order or has accessible text",
        "data" : null,
        "relatedNodes" : [ ]
      } ],
      "failureSummary" : null
    }, {
      "html" : "<a href=\"mars2.html?a=hal\">Hal</a>",
      "target" : [ "a[href=\"mars2.html?a=hal\"]" ],
      "impact" : null,
      "any" : [ {
        "id" : "has-visible-text",
        "impact" : "minor",
        "message" : "Element has text that is visible to screen readers",
        "data" : null,
        "relatedNodes" : [ ]
      } ],
      "all" : [ ],
      "none" : [ {
        "id" : "focusable-no-name",
        "impact" : "serious",
        "message" : "Element is not in tab order or has accessible text",
        "data" : null,
        "relatedNodes" : [ ]
      } ],
      "failureSummary" : null
    }, {
      "html" : "<a href=\"mars2.html?a=polar_cap_pass\">Polar Cap Pass</a>",
      "target" : [ "a[href=\"mars2.html?a=polar_cap_pass\"]" ],
      "impact" : null,
      "any" : [ {
        "id" : "has-visible-text",
        "impact" : "minor",
        "message" : "Element has text that is visible to screen readers",
        "data" : null,
        "relatedNodes" : [ ]
      } ],
      "all" : [ ],
      "none" : [ {
        "id" : "focusable-no-name",
        "impact" : "serious",
        "message" : "Element is not in tab order or has accessible text",
        "data" : null,
        "relatedNodes" : [ ]
      } ],
      "failureSummary" : null
    }, {
      "html" : "<a href=\"mars2.html?a=greater_crater_pass\">Greater Crater Pass</a>",
      "target" : [ "#footer-passes > ul > li:nth-child(2) > a" ],
      "impact" : null,
      "any" : [ {
        "id" : "has-visible-text",
        "impact" : "minor",
        "message" : "Element has text that is visible to screen readers",
        "data" : null,
        "relatedNodes" : [ ]
      } ],
      "all" : [ ],
      "none" : [ {
        "id" : "focusable-no-name",
        "impact" : "serious",
        "message" : "Element is not in tab order or has accessible text",
        "data" : null,
        "relatedNodes" : [ ]
      } ],
      "failureSummary" : null
    }, {
      "html" : "<a href=\"mars2.html?a=orbital_pass\">Orbital Pass</a>",
      "target" : [ "a[href=\"mars2.html?a=orbital_pass\"]" ],
      "impact" : null,
      "any" : [ {
        "id" : "has-visible-text",
        "impact" : "minor",
        "message" : "Element has text that is visible to screen readers",
        "data" : null,
        "relatedNodes" : [ ]
      } ],
      "all" : [ ],
      "none" : [ {
        "id" : "focusable-no-name",
        "impact" : "serious",
        "message" : "Element is not in tab order or has accessible text",
        "data" : null,
        "relatedNodes" : [ ]
      } ],
      "failureSummary" : null
    }, {
      "html" : "<a href=\"mars2.html?a=orbital_select_pass\">Orbital Select Pass</a>",
      "target" : [ "#footer-passes > ul > li:nth-child(4) > a" ],
      "impact" : null,
      "any" : [ {
        "id" : "has-visible-text",
        "impact" : "minor",
        "message" : "Element has text that is visible to screen readers",
        "data" : null,
        "relatedNodes" : [ ]
      } ],
      "all" : [ ],
      "none" : [ {
        "id" : "focusable-no-name",
        "impact" : "serious",
        "message" : "Element is not in tab order or has accessible text",
        "data" : null,
        "relatedNodes" : [ ]
      } ],
      "failureSummary" : null
    }, {
      "html" : "<a href=\"mars2.html?amulti_planet_pass=\">Multi-Planet Pass</a>",
      "target" : [ "a[href=\"mars2.html?amulti_planet_pass=\"]" ],
      "impact" : null,
      "any" : [ {
        "id" : "has-visible-text",
        "impact" : "minor",
        "message" : "Element has text that is visible to screen readers",
        "data" : null,
        "relatedNodes" : [ ]
      } ],
      "all" : [ ],
      "none" : [ {
        "id" : "focusable-no-name",
        "impact" : "serious",
        "message" : "Element is not in tab order or has accessible text",
        "data" : null,
        "relatedNodes" : [ ]
      } ],
      "failureSummary" : null
    }, {
      "html" : "<a href=\"mars2.html?a=martian_canali_quest\">Martian Canali Quest</a>",
      "target" : [ "#footer-plan > ul > li:nth-child(1) > a" ],
      "impact" : null,
      "any" : [ {
        "id" : "has-visible-text",
        "impact" : "minor",
        "message" : "Element has text that is visible to screen readers",
        "data" : null,
        "relatedNodes" : [ ]
      } ],
      "all" : [ ],
      "none" : [ {
        "id" : "focusable-no-name",
        "impact" : "serious",
        "message" : "Element is not in tab order or has accessible text",
        "data" : null,
        "relatedNodes" : [ ]
      } ],
      "failureSummary" : null
    }, {
      "html" : "<a href=\"mars2.html?a=nanedi_valles_hiking_treks\">Nanedi Valles Hiking Treks</a>",
      "target" : [ "#footer-plan > ul > li:nth-child(2) > a" ],
      "impact" : null,
      "any" : [ {
        "id" : "has-visible-text",
        "impact" : "minor",
        "message" : "Element has text that is visible to screen readers",
        "data" : null,
        "relatedNodes" : [ ]
      } ],
      "all" : [ ],
      "none" : [ {
        "id" : "focusable-no-name",
        "impact" : "serious",
        "message" : "Element is not in tab order or has accessible text",
        "data" : null,
        "relatedNodes" : [ ]
      } ],
      "failureSummary" : null
    }, {
      "html" : "<a href=\"mars2.html?a=phobos_observatory\">Phobos observatory</a>",
      "target" : [ "#footer-plan > ul > li:nth-child(3) > a" ],
      "impact" : null,
      "any" : [ {
        "id" : "has-visible-text",
        "impact" : "minor",
        "message" : "Element has text that is visible to screen readers",
        "data" : null,
        "relatedNodes" : [ ]
      } ],
      "all" : [ ],
      "none" : [ {
        "id" : "focusable-no-name",
        "impact" : "serious",
        "message" : "Element is not in tab order or has accessible text",
        "data" : null,
        "relatedNodes" : [ ]
      } ],
      "failureSummary" : null
    }, {
      "html" : "<a href=\"mars2.html?a=?paragliding_over_gusev_crater\">Paragliding over Gusev Crater</a>",
      "target" : [ "#footer-plan > ul > li:nth-child(4) > a" ],
      "impact" : null,
      "any" : [ {
        "id" : "has-visible-text",
        "impact" : "minor",
        "message" : "Element has text that is visible to screen readers",
        "data" : null,
        "relatedNodes" : [ ]
      } ],
      "all" : [ ],
      "none" : [ {
        "id" : "focusable-no-name",
        "impact" : "serious",
        "message" : "Element is not in tab order or has accessible text",
        "data" : null,
        "relatedNodes" : [ ]
      } ],
      "failureSummary" : null
    }, {
      "html" : "<a href=\"mars2.html?a=mars_dust_wrestling\">Mars dust wrestling</a>",
      "target" : [ "#footer-plan > ul > li:nth-child(5) > a" ],
      "impact" : null,
      "any" : [ {
        "id" : "has-visible-text",
        "impact" : "minor",
        "message" : "Element has text that is visible to screen readers",
        "data" : null,
        "relatedNodes" : [ ]
      } ],
      "all" : [ ],
      "none" : [ {
        "id" : "focusable-no-name",
        "impact" : "serious",
        "message" : "Element is not in tab order or has accessible text",
        "data" : null,
        "relatedNodes" : [ ]
      } ],
      "failureSummary" : null
    }, {
      "html" : "<a href=\"mars2.html?a=track_flight\">Track Flight</a>",
      "target" : [ "a[href=\"mars2.html?a=track_flight\"]" ],
      "impact" : null,
      "any" : [ {
        "id" : "has-visible-text",
        "impact" : "minor",
        "message" : "Element has text that is visible to screen readers",
        "data" : null,
        "relatedNodes" : [ ]
      } ],
      "all" : [ ],
      "none" : [ {
        "id" : "focusable-no-name",
        "impact" : "serious",
        "message" : "Element is not in tab order or has accessible text",
        "data" : null,
        "relatedNodes" : [ ]
      } ],
      "failureSummary" : null
    }, {
      "html" : "<a href=\"mars2.html?a=exchanges_refunds\">Exchanges &amp; Refunds</a>",
      "target" : [ "a[href=\"mars2.html?a=exchanges_refunds\"]" ],
      "impact" : null,
      "any" : [ {
        "id" : "has-visible-text",
        "impact" : "minor",
        "message" : "Element has text that is visible to screen readers",
        "data" : null,
        "relatedNodes" : [ ]
      } ],
      "all" : [ ],
      "none" : [ {
        "id" : "focusable-no-name",
        "impact" : "serious",
        "message" : "Element is not in tab order or has accessible text",
        "data" : null,
        "relatedNodes" : [ ]
      } ],
      "failureSummary" : null
    }, {
      "html" : "<a href=\"mars2.html?a=e_tickets\">E-tickets</a>",
      "target" : [ "a[href=\"mars2.html?a=e_tickets\"]" ],
      "impact" : null,
      "any" : [ {
        "id" : "has-visible-text",
        "impact" : "minor",
        "message" : "Element has text that is visible to screen readers",
        "data" : null,
        "relatedNodes" : [ ]
      } ],
      "all" : [ ],
      "none" : [ {
        "id" : "focusable-no-name",
        "impact" : "serious",
        "message" : "Element is not in tab order or has accessible text",
        "data" : null,
        "relatedNodes" : [ ]
      } ],
      "failureSummary" : null
    }, {
      "html" : "<a href=\"mars2.html?a=delivery_options\">Delivery Options</a>",
      "target" : [ "a[href=\"mars2.html?a=delivery_options\"]" ],
      "impact" : null,
      "any" : [ {
        "id" : "has-visible-text",
        "impact" : "minor",
        "message" : "Element has text that is visible to screen readers",
        "data" : null,
        "relatedNodes" : [ ]
      } ],
      "all" : [ ],
      "none" : [ {
        "id" : "focusable-no-name",
        "impact" : "serious",
        "message" : "Element is not in tab order or has accessible text",
        "data" : null,
        "relatedNodes" : [ ]
      } ],
      "failureSummary" : null
    }, {
      "html" : "<a href=\"mars2.html?a=help\">Help</a>",
      "target" : [ "#footer-faq > ul > li:nth-child(5) > a[href=\"mars2.html?a=help\"]" ],
      "impact" : null,
      "any" : [ {
        "id" : "has-visible-text",
        "impact" : "minor",
        "message" : "Element has text that is visible to screen readers",
        "data" : null,
        "relatedNodes" : [ ]
      } ],
      "all" : [ ],
      "none" : [ {
        "id" : "focusable-no-name",
        "impact" : "serious",
        "message" : "Element is not in tab order or has accessible text",
        "data" : null,
        "relatedNodes" : [ ]
      } ],
      "failureSummary" : null
    }, {
      "html" : "<a href=\"mars2.html?a=contact_us\">Contact Us</a>",
      "target" : [ "li:nth-child(1) > a[href=\"mars2.html?a=contact_us\"]" ],
      "impact" : null,
      "any" : [ {
        "id" : "has-visible-text",
        "impact" : "minor",
        "message" : "Element has text that is visible to screen readers",
        "data" : null,
        "relatedNodes" : [ ]
      } ],
      "all" : [ ],
      "none" : [ {
        "id" : "focusable-no-name",
        "impact" : "serious",
        "message" : "Element is not in tab order or has accessible text",
        "data" : null,
        "relatedNodes" : [ ]
      } ],
      "failureSummary" : null
    }, {
      "html" : "<a href=\"mars2.html?a=about_us\">About Us</a>",
      "target" : [ "li:nth-child(2) > a[href=\"mars2.html?a=about_us\"]" ],
      "impact" : null,
      "any" : [ {
        "id" : "has-visible-text",
        "impact" : "minor",
        "message" : "Element has text that is visible to screen readers",
        "data" : null,
        "relatedNodes" : [ ]
      } ],
      "all" : [ ],
      "none" : [ {
        "id" : "focusable-no-name",
        "impact" : "serious",
        "message" : "Element is not in tab order or has accessible text",
        "data" : null,
        "relatedNodes" : [ ]
      } ],
      "failureSummary" : null
    }, {
      "html" : "<a href=\"mars2.html?a=feedback\" target=\"_blank\">Feedback</a>",
      "target" : [ "a[href=\"mars2.html?a=feedback\"]" ],
      "impact" : null,
      "any" : [ {
        "id" : "has-visible-text",
        "impact" : "minor",
        "message" : "Element has text that is visible to screen readers",
        "data" : null,
        "relatedNodes" : [ ]
      } ],
      "all" : [ ],
      "none" : [ {
        "id" : "focusable-no-name",
        "impact" : "serious",
        "message" : "Element is not in tab order or has accessible text",
        "data" : null,
        "relatedNodes" : [ ]
      } ],
      "failureSummary" : null
    }, {
      "html" : "<a href=\"mars2.html?a=our_blog\" target=\"_blank\">Our Blog</a>",
      "target" : [ "a[href=\"mars2.html?a=our_blog\"]" ],
      "impact" : null,
      "any" : [ {
        "id" : "has-visible-text",
        "impact" : "minor",
        "message" : "Element has text that is visible to screen readers",
        "data" : null,
        "relatedNodes" : [ ]
      } ],
      "all" : [ ],
      "none" : [ {
        "id" : "focusable-no-name",
        "impact" : "serious",
        "message" : "Element is not in tab order or has accessible text",
        "data" : null,
        "relatedNodes" : [ ]
      } ],
      "failureSummary" : null
    }, {
      "html" : "<a href=\"mars2.html?a=mobile_site\" target=\"_blank\">Mobile Site</a>",
      "target" : [ "a[href=\"mars2.html?a=mobile_site\"]" ],
      "impact" : null,
      "any" : [ {
        "id" : "has-visible-text",
        "impact" : "minor",
        "message" : "Element has text that is visible to screen readers",
        "data" : null,
        "relatedNodes" : [ ]
      } ],
      "all" : [ ],
      "none" : [ {
        "id" : "focusable-no-name",
        "impact" : "serious",
        "message" : "Element is not in tab order or has accessible text",
        "data" : null,
        "relatedNodes" : [ ]
      } ],
      "failureSummary" : null
    }, {
      "html" : "<a href=\"mars2.html?a=iphone_app\" target=\"_blank\">iPhone App</a>",
      "target" : [ "a[href=\"mars2.html?a=iphone_app\"]" ],
      "impact" : null,
      "any" : [ {
        "id" : "has-visible-text",
        "impact" : "minor",
        "message" : "Element has text that is visible to screen readers",
        "data" : null,
        "relatedNodes" : [ ]
      } ],
      "all" : [ ],
      "none" : [ {
        "id" : "focusable-no-name",
        "impact" : "serious",
        "message" : "Element is not in tab order or has accessible text",
        "data" : null,
        "relatedNodes" : [ ]
      } ],
      "failureSummary" : null
    }, {
      "html" : "<a href=\"https://media.dequeuniversity.com/en/docs/demo/mars-commuter/mars.pdf\">Mars Info by NASA</a>",
      "target" : [ "#footer-connect > ul > li:nth-child(6) > a" ],
      "impact" : null,
      "any" : [ {
        "id" : "has-visible-text",
        "impact" : "minor",
        "message" : "Element has text that is visible to screen readers",
        "data" : null,
        "relatedNodes" : [ ]
      } ],
      "all" : [ ],
      "none" : [ {
        "id" : "focusable-no-name",
        "impact" : "serious",
        "message" : "Element is not in tab order or has accessible text",
        "data" : null,
        "relatedNodes" : [ ]
      } ],
      "failureSummary" : null
    }, {
      "html" : "<a href=\"https://media.dequeuniversity.com/en/docs/demo/mars-commuter/HumansToMarsReport_i.pdf\">Humans to Mars Report</a>",
      "target" : [ "#footer-connect > ul > li:nth-child(7) > a" ],
      "impact" : null,
      "any" : [ {
        "id" : "has-visible-text",
        "impact" : "minor",
        "message" : "Element has text that is visible to screen readers",
        "data" : null,
        "relatedNodes" : [ ]
      } ],
      "all" : [ ],
      "none" : [ {
        "id" : "focusable-no-name",
        "impact" : "serious",
        "message" : "Element is not in tab order or has accessible text",
        "data" : null,
        "relatedNodes" : [ ]
      } ],
      "failureSummary" : null
    }, {
      "html" : "<a href=\"mars2.html?a=tersm_and_conditions\">Mars Commuter Express Terms and Conditions</a>",
      "target" : [ "#copyright > a:nth-child(1)" ],
      "impact" : null,
      "any" : [ {
        "id" : "has-visible-text",
        "impact" : "minor",
        "message" : "Element has text that is visible to screen readers",
        "data" : null,
        "relatedNodes" : [ ]
      } ],
      "all" : [ ],
      "none" : [ {
        "id" : "focusable-no-name",
        "impact" : "serious",
        "message" : "Element is not in tab order or has accessible text",
        "data" : null,
        "relatedNodes" : [ ]
      } ],
      "failureSummary" : null
    }, {
      "html" : "<a href=\"mars2.html?a=privacy_policy\">Privacy Policy</a>",
      "target" : [ "a[href=\"mars2.html?a=privacy_policy\"]" ],
      "impact" : null,
      "any" : [ {
        "id" : "has-visible-text",
        "impact" : "minor",
        "message" : "Element has text that is visible to screen readers",
        "data" : null,
        "relatedNodes" : [ ]
      } ],
      "all" : [ ],
      "none" : [ {
        "id" : "focusable-no-name",
        "impact" : "serious",
        "message" : "Element is not in tab order or has accessible text",
        "data" : null,
        "relatedNodes" : [ ]
      } ],
      "failureSummary" : null
    }, {
      "html" : "<a class=\"link\" href=\"mars2.html?asite_map=\">Site Map</a>",
      "target" : [ "a[href=\"mars2.html?asite_map=\"]" ],
      "impact" : null,
      "any" : [ {
        "id" : "has-visible-text",
        "impact" : "minor",
        "message" : "Element has text that is visible to screen readers",
        "data" : null,
        "relatedNodes" : [ ]
      } ],
      "all" : [ ],
      "none" : [ {
        "id" : "focusable-no-name",
        "impact" : "serious",
        "message" : "Element is not in tab order or has accessible text",
        "data" : null,
        "relatedNodes" : [ ]
      } ],
      "failureSummary" : null
    } ],
    "url" : null,
    "createdDate" : null
  }, {
    "id" : "list",
    "description" : "Ensures that lists are structured correctly",
    "help" : "<ul> and <ol> must only directly contain <li>, <script> or <template> elements",
    "helpUrl" : "https://dequeuniversity.com/rules/axe/4.6/list?application=axeAPI",
    "impact" : "",
    "tags" : [ "cat.structure", "wcag2a", "wcag131" ],
    "nodes" : [ {
      "html" : "<ul>",
      "target" : [ ".loginnow > .container-fluid-full > .container > .span5.pull-left.left-first > .pull-left:nth-child(1) > ul" ],
      "impact" : null,
      "any" : [ ],
      "all" : [ ],
      "none" : [ {
        "id" : "only-listitems",
        "impact" : "serious",
        "message" : "List element only has direct children that are allowed inside <li> elements",
        "data" : null,
        "relatedNodes" : [ ]
      } ],
      "failureSummary" : null
    }, {
      "html" : "<ul>",
      "target" : [ ".loginnow > .container-fluid-full > .container > .span7.pull-right > .pull-right > ul" ],
      "impact" : null,
      "any" : [ ],
      "all" : [ ],
      "none" : [ {
        "id" : "only-listitems",
        "impact" : "serious",
        "message" : "List element only has direct children that are allowed inside <li> elements",
        "data" : null,
        "relatedNodes" : [ ]
      } ],
      "failureSummary" : null
    }, {
      "html" : "<ul>",
      "target" : [ "#language-bar > nav > ul" ],
      "impact" : null,
      "any" : [ ],
      "all" : [ ],
      "none" : [ {
        "id" : "only-listitems",
        "impact" : "serious",
        "message" : "List element only has direct children that are allowed inside <li> elements",
        "data" : null,
        "relatedNodes" : [ ]
      } ],
      "failureSummary" : null
    }, {
      "html" : "<ul>",
      "target" : [ "#main-nav > ul" ],
      "impact" : null,
      "any" : [ ],
      "all" : [ ],
      "none" : [ {
        "id" : "only-listitems",
        "impact" : "serious",
        "message" : "List element only has direct children that are allowed inside <li> elements",
        "data" : null,
        "relatedNodes" : [ ]
      } ],
      "failureSummary" : null
    }, {
      "html" : "<ul>",
      "target" : [ "#main-sub-nav > ul" ],
      "impact" : null,
      "any" : [ ],
      "all" : [ ],
      "none" : [ {
        "id" : "only-listitems",
        "impact" : "serious",
        "message" : "List element only has direct children that are allowed inside <li> elements",
        "data" : null,
        "relatedNodes" : [ ]
      } ],
      "failureSummary" : null
    }, {
      "html" : "<ul>",
      "target" : [ "#vap-plan > div > ul" ],
      "impact" : null,
      "any" : [ ],
      "all" : [ ],
      "none" : [ {
        "id" : "only-listitems",
        "impact" : "serious",
        "message" : "List element only has direct children that are allowed inside <li> elements",
        "data" : null,
        "relatedNodes" : [ ]
      } ],
      "failureSummary" : null
    }, {
      "html" : "<ul>",
      "target" : [ "#vap-book > div > ul" ],
      "impact" : null,
      "any" : [ ],
      "all" : [ ],
      "none" : [ {
        "id" : "only-listitems",
        "impact" : "serious",
        "message" : "List element only has direct children that are allowed inside <li> elements",
        "data" : null,
        "relatedNodes" : [ ]
      } ],
      "failureSummary" : null
    }, {
      "html" : "<ul>",
      "target" : [ "#vap-travel > div > ul" ],
      "impact" : null,
      "any" : [ ],
      "all" : [ ],
      "none" : [ {
        "id" : "only-listitems",
        "impact" : "serious",
        "message" : "List element only has direct children that are allowed inside <li> elements",
        "data" : null,
        "relatedNodes" : [ ]
      } ],
      "failureSummary" : null
    }, {
      "html" : "<ul style=\"margin: 0px; padding: 0px; position: relative; list-style-type: none; z-index: 1; height: 2800px; top: -420px;\">",
      "target" : [ ".carousel > ul" ],
      "impact" : null,
      "any" : [ ],
      "all" : [ ],
      "none" : [ {
        "id" : "only-listitems",
        "impact" : "serious",
        "message" : "List element only has direct children that are allowed inside <li> elements",
        "data" : null,
        "relatedNodes" : [ ]
      } ],
      "failureSummary" : null
    }, {
      "html" : "<ul>",
      "target" : [ "#social > ul" ],
      "impact" : null,
      "any" : [ ],
      "all" : [ ],
      "none" : [ {
        "id" : "only-listitems",
        "impact" : "serious",
        "message" : "List element only has direct children that are allowed inside <li> elements",
        "data" : null,
        "relatedNodes" : [ ]
      } ],
      "failureSummary" : null
    }, {
      "html" : "<ul>",
      "target" : [ "#footer-book > ul" ],
      "impact" : null,
      "any" : [ ],
      "all" : [ ],
      "none" : [ {
        "id" : "only-listitems",
        "impact" : "serious",
        "message" : "List element only has direct children that are allowed inside <li> elements",
        "data" : null,
        "relatedNodes" : [ ]
      } ],
      "failureSummary" : null
    }, {
      "html" : "<ul>",
      "target" : [ "#footer-trains > ul" ],
      "impact" : null,
      "any" : [ ],
      "all" : [ ],
      "none" : [ {
        "id" : "only-listitems",
        "impact" : "serious",
        "message" : "List element only has direct children that are allowed inside <li> elements",
        "data" : null,
        "relatedNodes" : [ ]
      } ],
      "failureSummary" : null
    }, {
      "html" : "<ul>",
      "target" : [ "#footer-passes > ul" ],
      "impact" : null,
      "any" : [ ],
      "all" : [ ],
      "none" : [ {
        "id" : "only-listitems",
        "impact" : "serious",
        "message" : "List element only has direct children that are allowed inside <li> elements",
        "data" : null,
        "relatedNodes" : [ ]
      } ],
      "failureSummary" : null
    }, {
      "html" : "<ul>",
      "target" : [ "#footer-plan > ul" ],
      "impact" : null,
      "any" : [ ],
      "all" : [ ],
      "none" : [ {
        "id" : "only-listitems",
        "impact" : "serious",
        "message" : "List element only has direct children that are allowed inside <li> elements",
        "data" : null,
        "relatedNodes" : [ ]
      } ],
      "failureSummary" : null
    }, {
      "html" : "<ul>",
      "target" : [ "#footer-faq > ul" ],
      "impact" : null,
      "any" : [ ],
      "all" : [ ],
      "none" : [ {
        "id" : "only-listitems",
        "impact" : "serious",
        "message" : "List element only has direct children that are allowed inside <li> elements",
        "data" : null,
        "relatedNodes" : [ ]
      } ],
      "failureSummary" : null
    }, {
      "html" : "<ul>",
      "target" : [ "#footer-connect > ul" ],
      "impact" : null,
      "any" : [ ],
      "all" : [ ],
      "none" : [ {
        "id" : "only-listitems",
        "impact" : "serious",
        "message" : "List element only has direct children that are allowed inside <li> elements",
        "data" : null,
        "relatedNodes" : [ ]
      } ],
      "failureSummary" : null
    } ],
    "url" : null,
    "createdDate" : null
  }, {
    "id" : "listitem",
    "description" : "Ensures <li> elements are used semantically",
    "help" : "<li> elements must be contained in a <ul> or <ol>",
    "helpUrl" : "https://dequeuniversity.com/rules/axe/4.6/listitem?application=axeAPI",
    "impact" : "",
    "tags" : [ "cat.structure", "wcag2a", "wcag131" ],
    "nodes" : [ {
      "html" : "<li class=\"left-first add-trip\"><a href=\"mars2.html?a=add_trip.html\"><i class=\"icon-control-add-trip\"></i><span class=\"link-text\">Add a trip</span></a></li>",
      "target" : [ ".loginnow > .container-fluid-full > .container > .span5.pull-left.left-first > .pull-left:nth-child(1) > ul > .add-trip.left-first" ],
      "impact" : null,
      "any" : [ {
        "id" : "listitem",
        "impact" : "serious",
        "message" : "List item has a <ul>, <ol> or role=\"list\" parent element",
        "data" : null,
        "relatedNodes" : [ ]
      } ],
      "all" : [ ],
      "none" : [ ],
      "failureSummary" : null
    }, {
      "html" : "<li class=\"find-pass\"><a href=\"mars2.html?a=find_pass.html\"><i class=\"icon-control-find\"></i><span class=\"link-text\">Find a pass</span></a></li>",
      "target" : [ ".loginnow > .container-fluid-full > .container > .span5.pull-left.left-first > .pull-left:nth-child(1) > ul > .find-pass" ],
      "impact" : null,
      "any" : [ {
        "id" : "listitem",
        "impact" : "serious",
        "message" : "List item has a <ul>, <ol> or role=\"list\" parent element",
        "data" : null,
        "relatedNodes" : [ ]
      } ],
      "all" : [ ],
      "none" : [ ],
      "failureSummary" : null
    }, {
      "html" : "<li class=\"left-first my-account anonymous last\">",
      "target" : [ ".anonymous" ],
      "impact" : null,
      "any" : [ {
        "id" : "listitem",
        "impact" : "serious",
        "message" : "List item has a <ul>, <ol> or role=\"list\" parent element",
        "data" : null,
        "relatedNodes" : [ ]
      } ],
      "all" : [ ],
      "none" : [ ],
      "failureSummary" : null
    }, {
      "html" : "<li class=\"my-itinerary dropdown\"><a href=\"mars2.html?a=cart\" class=\"dropdown-toggle\" data-toggle=\"dropdown\">\n<i class=\"icon-control-itinerary\"></i>\n<span class=\"link-text\">My Cart</span>\n<span class=\"link-text price-recap\">$0.00</span>\n</a>\n</li>",
      "target" : [ ".loginnow > .container-fluid-full > .container > .span7.pull-right > .pull-right > ul > .my-itinerary.dropdown" ],
      "impact" : null,
      "any" : [ {
        "id" : "listitem",
        "impact" : "serious",
        "message" : "List item has a <ul>, <ol> or role=\"list\" parent element",
        "data" : null,
        "relatedNodes" : [ ]
      } ],
      "all" : [ ],
      "none" : [ ],
      "failureSummary" : null
    }, {
      "html" : "<li class=\"travel-agents-select\"><a href=\"mars2.html?a=travel_agents\">Travel Agents</a></li>",
      "target" : [ ".travel-agents-select" ],
      "impact" : null,
      "any" : [ {
        "id" : "listitem",
        "impact" : "serious",
        "message" : "List item has a <ul>, <ol> or role=\"list\" parent element",
        "data" : null,
        "relatedNodes" : [ ]
      } ],
      "all" : [ ],
      "none" : [ ],
      "failureSummary" : null
    }, {
      "html" : "<li id=\"country-select\" class=\"dropdown\">\n\n<a href=\"javascript:;\" class=\"dropdown-toggle\" data-toggle=\"dropdown\">\nYour country<span class=\"currency-select\"><!--($USD)--></span>\n<i class=\"icon-langbar-down-arrow\"></i>\n</a><ul class=\"dropdown-menu\"></ul>\n</li>",
      "target" : [ "#country-select" ],
      "impact" : null,
      "any" : [ {
        "id" : "listitem",
        "impact" : "serious",
        "message" : "List item has a <ul>, <ol> or role=\"list\" parent element",
        "data" : null,
        "relatedNodes" : [ ]
      } ],
      "all" : [ ],
      "none" : [ ],
      "failureSummary" : null
    }, {
      "html" : "<li class=\"language-select dropdown\">",
      "target" : [ ".language-select" ],
      "impact" : null,
      "any" : [ {
        "id" : "listitem",
        "impact" : "serious",
        "message" : "List item has a <ul>, <ol> or role=\"list\" parent element",
        "data" : null,
        "relatedNodes" : [ ]
      } ],
      "all" : [ ],
      "none" : [ ],
      "failureSummary" : null
    }, {
      "html" : "<li class=\"first\"><a class=\"link\" href=\"demo/mars/#\"><i class=\"icon-menu-home\"></i> </a></li>",
      "target" : [ "ul > .first" ],
      "impact" : null,
      "any" : [ {
        "id" : "listitem",
        "impact" : "serious",
        "message" : "List item has a <ul>, <ol> or role=\"list\" parent element",
        "data" : null,
        "relatedNodes" : [ ]
      } ],
      "all" : [ ],
      "none" : [ ],
      "failureSummary" : null
    }, {
      "html" : "<li><a class=\"link\" href=\"mars2.html?a=send_me_to_mars\">Send me to Mars!</a></li>",
      "target" : [ "#main-nav > ul > li:nth-child(2)" ],
      "impact" : null,
      "any" : [ {
        "id" : "listitem",
        "impact" : "serious",
        "message" : "List item has a <ul>, <ol> or role=\"list\" parent element",
        "data" : null,
        "relatedNodes" : [ ]
      } ],
      "all" : [ ],
      "none" : [ ],
      "failureSummary" : null
    }, {
      "html" : "<li><a class=\"link\" href=\"mars2.html?a=hotels\">Hotels</a></li>",
      "target" : [ "#main-nav > ul > li:nth-child(3)" ],
      "impact" : null,
      "any" : [ {
        "id" : "listitem",
        "impact" : "serious",
        "message" : "List item has a <ul>, <ol> or role=\"list\" parent element",
        "data" : null,
        "relatedNodes" : [ ]
      } ],
      "all" : [ ],
      "none" : [ ],
      "failureSummary" : null
    }, {
      "html" : "<li><a class=\"link\" href=\"mars2.html?a=things_to_do\">Things to Do</a></li>",
      "target" : [ "#main-nav > ul > li:nth-child(4)" ],
      "impact" : null,
      "any" : [ {
        "id" : "listitem",
        "impact" : "serious",
        "message" : "List item has a <ul>, <ol> or role=\"list\" parent element",
        "data" : null,
        "relatedNodes" : [ ]
      } ],
      "all" : [ ],
      "none" : [ ],
      "failureSummary" : null
    }, {
      "html" : "<li><a class=\"link\" href=\"mars2.html?a=mars_map\">Mars Map</a></li>",
      "target" : [ "#main-nav > ul > li:nth-child(5)" ],
      "impact" : null,
      "any" : [ {
        "id" : "listitem",
        "impact" : "serious",
        "message" : "List item has a <ul>, <ol> or role=\"list\" parent element",
        "data" : null,
        "relatedNodes" : [ ]
      } ],
      "all" : [ ],
      "none" : [ ],
      "failureSummary" : null
    }, {
      "html" : "<li><a class=\"link\" href=\"mars2.html?a=rockets\">Rockets</a></li>",
      "target" : [ "#main-sub-nav > ul > li:nth-child(1)" ],
      "impact" : null,
      "any" : [ {
        "id" : "listitem",
        "impact" : "serious",
        "message" : "List item has a <ul>, <ol> or role=\"list\" parent element",
        "data" : null,
        "relatedNodes" : [ ]
      } ],
      "all" : [ ],
      "none" : [ ],
      "failureSummary" : null
    }, {
      "html" : "<li><a class=\"link\" href=\"mars2.html?a=deals\">Deals</a></li>",
      "target" : [ "#main-sub-nav > ul > li:nth-child(2)" ],
      "impact" : null,
      "any" : [ {
        "id" : "listitem",
        "impact" : "serious",
        "message" : "List item has a <ul>, <ol> or role=\"list\" parent element",
        "data" : null,
        "relatedNodes" : [ ]
      } ],
      "all" : [ ],
      "none" : [ ],
      "failureSummary" : null
    }, {
      "html" : "<li><a class=\"link\" href=\"mars2.html?a=groups\">Groups</a></li>",
      "target" : [ "#main-sub-nav > ul > li:nth-child(3)" ],
      "impact" : null,
      "any" : [ {
        "id" : "listitem",
        "impact" : "serious",
        "message" : "List item has a <ul>, <ol> or role=\"list\" parent element",
        "data" : null,
        "relatedNodes" : [ ]
      } ],
      "all" : [ ],
      "none" : [ ],
      "failureSummary" : null
    }, {
      "html" : "<li><a class=\"link\" href=\"mars2.html?a=about_us\">About Us</a></li>",
      "target" : [ "#main-sub-nav > ul > li:nth-child(4)" ],
      "impact" : null,
      "any" : [ {
        "id" : "listitem",
        "impact" : "serious",
        "message" : "List item has a <ul>, <ol> or role=\"list\" parent element",
        "data" : null,
        "relatedNodes" : [ ]
      } ],
      "all" : [ ],
      "none" : [ ],
      "failureSummary" : null
    }, {
      "html" : "<li><a class=\"link\" href=\"mars2.html?a=help\">Help!</a></li>",
      "target" : [ "#main-sub-nav > ul > li:nth-child(5)" ],
      "impact" : null,
      "any" : [ {
        "id" : "listitem",
        "impact" : "serious",
        "message" : "List item has a <ul>, <ol> or role=\"list\" parent element",
        "data" : null,
        "relatedNodes" : [ ]
      } ],
      "all" : [ ],
      "none" : [ ],
      "failureSummary" : null
    }, {
      "html" : "<li><a class=\"link\" href=\"mars2.html?a=why_marscommuter\">\n                <i class=\"icon-plan-question\"></i>\n                <span class=\"link-text\">Why MarsCommuter?</span>\n              </a></li>",
      "target" : [ "#vap-plan > div > ul > li:nth-child(1)" ],
      "impact" : null,
      "any" : [ {
        "id" : "listitem",
        "impact" : "serious",
        "message" : "List item has a <ul>, <ol> or role=\"list\" parent element",
        "data" : null,
        "relatedNodes" : [ ]
      } ],
      "all" : [ ],
      "none" : [ ],
      "failureSummary" : null
    }, {
      "html" : "<li><a class=\"link\" href=\"mars2.html?a=maps_and_guides\">\n                <i class=\"icon-plan-101\"></i>\n                <span class=\"link-text\">Maps &amp; Guides</span>\n              </a></li>",
      "target" : [ "#vap-plan > div > ul > li:nth-child(2)" ],
      "impact" : null,
      "any" : [ {
        "id" : "listitem",
        "impact" : "serious",
        "message" : "List item has a <ul>, <ol> or role=\"list\" parent element",
        "data" : null,
        "relatedNodes" : [ ]
      } ],
      "all" : [ ],
      "none" : [ ],
      "failureSummary" : null
    }, {
      "html" : "<li><a class=\"link\" href=\"mars2.html?a=ticket_info\">\n                <i class=\"icon-plan-pencil\"></i>\n                <span class=\"link-text\">Ticket Info</span>\n              </a></li>",
      "target" : [ "#vap-plan > div > ul > li:nth-child(3)" ],
      "impact" : null,
      "any" : [ {
        "id" : "listitem",
        "impact" : "serious",
        "message" : "List item has a <ul>, <ol> or role=\"list\" parent element",
        "data" : null,
        "relatedNodes" : [ ]
      } ],
      "all" : [ ],
      "none" : [ ],
      "failureSummary" : null
    }, {
      "html" : "<li><a class=\"link\" href=\"mars2.html?a=book_tickets\">\n                <i class=\"icon-book-book\"></i>\n                <span class=\"link-text\">Book Tickets </span>\n              </a></li>",
      "target" : [ "#vap-book > div > ul > li:nth-child(1)" ],
      "impact" : null,
      "any" : [ {
        "id" : "listitem",
        "impact" : "serious",
        "message" : "List item has a <ul>, <ol> or role=\"list\" parent element",
        "data" : null,
        "relatedNodes" : [ ]
      } ],
      "all" : [ ],
      "none" : [ ],
      "failureSummary" : null
    }, {
      "html" : "<li><a class=\"link\" href=\"mars2.html?a=mars_passes\">\n                <i class=\"icon-book-find\"></i>\n                <span class=\"link-text\">Mars Passes</span>\n              </a></li>",
      "target" : [ "#vap-book > div > ul > li:nth-child(2)" ],
      "impact" : null,
      "any" : [ {
        "id" : "listitem",
        "impact" : "serious",
        "message" : "List item has a <ul>, <ol> or role=\"list\" parent element",
        "data" : null,
        "relatedNodes" : [ ]
      } ],
      "all" : [ ],
      "none" : [ ],
      "failureSummary" : null
    }, {
      "html" : "<li><a class=\"link\" href=\"mars2.html?a=seek_counseling\">\n                <i class=\"icon-book-reservation\"></i>\n                <span class=\"link-text\">Seek counseling</span>\n              </a></li>",
      "target" : [ "#vap-book > div > ul > li:nth-child(3)" ],
      "impact" : null,
      "any" : [ {
        "id" : "listitem",
        "impact" : "serious",
        "message" : "List item has a <ul>, <ol> or role=\"list\" parent element",
        "data" : null,
        "relatedNodes" : [ ]
      } ],
      "all" : [ ],
      "none" : [ ],
      "failureSummary" : null
    }, {
      "html" : "<li><a class=\"link\" href=\"mars2.html?a=\">\n                <i class=\"icon-travel-app\"></i>\n                <span class=\"link-text\">MarsMobile app</span>\n              </a></li>",
      "target" : [ "#vap-travel > div > ul > li:nth-child(1)" ],
      "impact" : null,
      "any" : [ {
        "id" : "listitem",
        "impact" : "serious",
        "message" : "List item has a <ul>, <ol> or role=\"list\" parent element",
        "data" : null,
        "relatedNodes" : [ ]
      } ],
      "all" : [ ],
      "none" : [ ],
      "failureSummary" : null
    }, {
      "html" : "<li><a class=\"link\" href=\"mars2.html?a=fly_at_own_risk\">\n                <i class=\"icon-travel-exchange\"></i>\n                <span class=\"link-text\">Fly at your own risk</span>\n              </a></li>",
      "target" : [ "#vap-travel > div > ul > li:nth-child(2)" ],
      "impact" : null,
      "any" : [ {
        "id" : "listitem",
        "impact" : "serious",
        "message" : "List item has a <ul>, <ol> or role=\"list\" parent element",
        "data" : null,
        "relatedNodes" : [ ]
      } ],
      "all" : [ ],
      "none" : [ ],
      "failureSummary" : null
    }, {
      "html" : "<li><a class=\"link\" href=\"mars2.html?a=contact_us\">\n                <i class=\"icon-travel-phone\"></i>\n                <span class=\"link-text\">Contact Us</span>\n              </a></li>",
      "target" : [ "#vap-travel > div > ul > li:nth-child(3)" ],
      "impact" : null,
      "any" : [ {
        "id" : "listitem",
        "impact" : "serious",
        "message" : "List item has a <ul>, <ol> or role=\"list\" parent element",
        "data" : null,
        "relatedNodes" : [ ]
      } ],
      "all" : [ ],
      "none" : [ ],
      "failureSummary" : null
    }, {
      "html" : "<li style=\"overflow: hidden; float: none; width: 526px; height: 120px;\">",
      "target" : [ ".carousel > ul > li:nth-child(1)" ],
      "impact" : null,
      "any" : [ {
        "id" : "listitem",
        "impact" : "serious",
        "message" : "List item has a <ul>, <ol> or role=\"list\" parent element",
        "data" : null,
        "relatedNodes" : [ ]
      } ],
      "all" : [ ],
      "none" : [ ],
      "failureSummary" : null
    }, {
      "html" : "<li style=\"overflow: hidden; float: none; width: 526px; height: 120px;\">",
      "target" : [ ".carousel > ul > li:nth-child(2)" ],
      "impact" : null,
      "any" : [ {
        "id" : "listitem",
        "impact" : "serious",
        "message" : "List item has a <ul>, <ol> or role=\"list\" parent element",
        "data" : null,
        "relatedNodes" : [ ]
      } ],
      "all" : [ ],
      "none" : [ ],
      "failureSummary" : null
    }, {
      "html" : "<li style=\"overflow: hidden; float: none; width: 526px; height: 120px;\">",
      "target" : [ ".carousel > ul > li:nth-child(3)" ],
      "impact" : null,
      "any" : [ {
        "id" : "listitem",
        "impact" : "serious",
        "message" : "List item has a <ul>, <ol> or role=\"list\" parent element",
        "data" : null,
        "relatedNodes" : [ ]
      } ],
      "all" : [ ],
      "none" : [ ],
      "failureSummary" : null
    }, {
      "html" : "<li style=\"overflow: hidden; float: none; width: 526px; height: 120px;\">",
      "target" : [ ".carousel > ul > li:nth-child(4)" ],
      "impact" : null,
      "any" : [ {
        "id" : "listitem",
        "impact" : "serious",
        "message" : "List item has a <ul>, <ol> or role=\"list\" parent element",
        "data" : null,
        "relatedNodes" : [ ]
      } ],
      "all" : [ ],
      "none" : [ ],
      "failureSummary" : null
    }, {
      "html" : "<li style=\"overflow: hidden; float: none; width: 526px; height: 120px;\">",
      "target" : [ ".carousel > ul > li:nth-child(5)" ],
      "impact" : null,
      "any" : [ {
        "id" : "listitem",
        "impact" : "serious",
        "message" : "List item has a <ul>, <ol> or role=\"list\" parent element",
        "data" : null,
        "relatedNodes" : [ ]
      } ],
      "all" : [ ],
      "none" : [ ],
      "failureSummary" : null
    }, {
      "html" : "<li style=\"overflow: hidden; float: none; width: 526px; height: 120px;\">",
      "target" : [ ".carousel > ul > li:nth-child(6)" ],
      "impact" : null,
      "any" : [ {
        "id" : "listitem",
        "impact" : "serious",
        "message" : "List item has a <ul>, <ol> or role=\"list\" parent element",
        "data" : null,
        "relatedNodes" : [ ]
      } ],
      "all" : [ ],
      "none" : [ ],
      "failureSummary" : null
    }, {
      "html" : "<li style=\"overflow: hidden; float: none; width: 526px; height: 120px;\">",
      "target" : [ ".carousel > ul > li:nth-child(7)" ],
      "impact" : null,
      "any" : [ {
        "id" : "listitem",
        "impact" : "serious",
        "message" : "List item has a <ul>, <ol> or role=\"list\" parent element",
        "data" : null,
        "relatedNodes" : [ ]
      } ],
      "all" : [ ],
      "none" : [ ],
      "failureSummary" : null
    }, {
      "html" : "<li style=\"overflow: hidden; float: none; width: 526px; height: 120px;\">",
      "target" : [ "li:nth-child(8)" ],
      "impact" : null,
      "any" : [ {
        "id" : "listitem",
        "impact" : "serious",
        "message" : "List item has a <ul>, <ol> or role=\"list\" parent element",
        "data" : null,
        "relatedNodes" : [ ]
      } ],
      "all" : [ ],
      "none" : [ ],
      "failureSummary" : null
    }, {
      "html" : "<li style=\"overflow: hidden; float: none; width: 526px; height: 120px;\">",
      "target" : [ "li:nth-child(9)" ],
      "impact" : null,
      "any" : [ {
        "id" : "listitem",
        "impact" : "serious",
        "message" : "List item has a <ul>, <ol> or role=\"list\" parent element",
        "data" : null,
        "relatedNodes" : [ ]
      } ],
      "all" : [ ],
      "none" : [ ],
      "failureSummary" : null
    }, {
      "html" : "<li style=\"overflow: hidden; float: none; width: 526px; height: 120px;\">",
      "target" : [ "li:nth-child(10)" ],
      "impact" : null,
      "any" : [ {
        "id" : "listitem",
        "impact" : "serious",
        "message" : "List item has a <ul>, <ol> or role=\"list\" parent element",
        "data" : null,
        "relatedNodes" : [ ]
      } ],
      "all" : [ ],
      "none" : [ ],
      "failureSummary" : null
    }, {
      "html" : "<li style=\"overflow: hidden; float: none; width: 526px; height: 120px;\">",
      "target" : [ "li:nth-child(11)" ],
      "impact" : null,
      "any" : [ {
        "id" : "listitem",
        "impact" : "serious",
        "message" : "List item has a <ul>, <ol> or role=\"list\" parent element",
        "data" : null,
        "relatedNodes" : [ ]
      } ],
      "all" : [ ],
      "none" : [ ],
      "failureSummary" : null
    }, {
      "html" : "<li style=\"overflow: hidden; float: none; width: 526px; height: 120px;\">",
      "target" : [ "li:nth-child(12)" ],
      "impact" : null,
      "any" : [ {
        "id" : "listitem",
        "impact" : "serious",
        "message" : "List item has a <ul>, <ol> or role=\"list\" parent element",
        "data" : null,
        "relatedNodes" : [ ]
      } ],
      "all" : [ ],
      "none" : [ ],
      "failureSummary" : null
    }, {
      "html" : "<li style=\"overflow: hidden; float: none; width: 526px; height: 120px;\">",
      "target" : [ "li:nth-child(13)" ],
      "impact" : null,
      "any" : [ {
        "id" : "listitem",
        "impact" : "serious",
        "message" : "List item has a <ul>, <ol> or role=\"list\" parent element",
        "data" : null,
        "relatedNodes" : [ ]
      } ],
      "all" : [ ],
      "none" : [ ],
      "failureSummary" : null
    }, {
      "html" : "<li style=\"overflow: hidden; float: none; width: 526px; height: 120px;\">",
      "target" : [ "li:nth-child(14)" ],
      "impact" : null,
      "any" : [ {
        "id" : "listitem",
        "impact" : "serious",
        "message" : "List item has a <ul>, <ol> or role=\"list\" parent element",
        "data" : null,
        "relatedNodes" : [ ]
      } ],
      "all" : [ ],
      "none" : [ ],
      "failureSummary" : null
    }, {
      "html" : "<li style=\"overflow: hidden; float: none; width: 526px; height: 120px;\">",
      "target" : [ "li:nth-child(15)" ],
      "impact" : null,
      "any" : [ {
        "id" : "listitem",
        "impact" : "serious",
        "message" : "List item has a <ul>, <ol> or role=\"list\" parent element",
        "data" : null,
        "relatedNodes" : [ ]
      } ],
      "all" : [ ],
      "none" : [ ],
      "failureSummary" : null
    }, {
      "html" : "<li style=\"overflow: hidden; float: none; width: 526px; height: 120px;\">",
      "target" : [ "li:nth-child(16)" ],
      "impact" : null,
      "any" : [ {
        "id" : "listitem",
        "impact" : "serious",
        "message" : "List item has a <ul>, <ol> or role=\"list\" parent element",
        "data" : null,
        "relatedNodes" : [ ]
      } ],
      "all" : [ ],
      "none" : [ ],
      "failureSummary" : null
    }, {
      "html" : "<li style=\"overflow: hidden; float: none; width: 526px; height: 120px;\">",
      "target" : [ "li:nth-child(17)" ],
      "impact" : null,
      "any" : [ {
        "id" : "listitem",
        "impact" : "serious",
        "message" : "List item has a <ul>, <ol> or role=\"list\" parent element",
        "data" : null,
        "relatedNodes" : [ ]
      } ],
      "all" : [ ],
      "none" : [ ],
      "failureSummary" : null
    }, {
      "html" : "<li style=\"overflow: hidden; float: none; width: 526px; height: 120px;\">",
      "target" : [ "li:nth-child(18)" ],
      "impact" : null,
      "any" : [ {
        "id" : "listitem",
        "impact" : "serious",
        "message" : "List item has a <ul>, <ol> or role=\"list\" parent element",
        "data" : null,
        "relatedNodes" : [ ]
      } ],
      "all" : [ ],
      "none" : [ ],
      "failureSummary" : null
    }, {
      "html" : "<li style=\"overflow: hidden; float: none; width: 526px; height: 120px;\">",
      "target" : [ "li:nth-child(19)" ],
      "impact" : null,
      "any" : [ {
        "id" : "listitem",
        "impact" : "serious",
        "message" : "List item has a <ul>, <ol> or role=\"list\" parent element",
        "data" : null,
        "relatedNodes" : [ ]
      } ],
      "all" : [ ],
      "none" : [ ],
      "failureSummary" : null
    }, {
      "html" : "<li style=\"overflow: hidden; float: none; width: 526px; height: 120px;\">",
      "target" : [ "li:nth-child(20)" ],
      "impact" : null,
      "any" : [ {
        "id" : "listitem",
        "impact" : "serious",
        "message" : "List item has a <ul>, <ol> or role=\"list\" parent element",
        "data" : null,
        "relatedNodes" : [ ]
      } ],
      "all" : [ ],
      "none" : [ ],
      "failureSummary" : null
    }, {
      "html" : "<li class=\"social-facebook\">",
      "target" : [ ".social-facebook" ],
      "impact" : null,
      "any" : [ {
        "id" : "listitem",
        "impact" : "serious",
        "message" : "List item has a <ul>, <ol> or role=\"list\" parent element",
        "data" : null,
        "relatedNodes" : [ ]
      } ],
      "all" : [ ],
      "none" : [ ],
      "failureSummary" : null
    }, {
      "html" : "<li class=\"social-twitter\">",
      "target" : [ ".social-twitter" ],
      "impact" : null,
      "any" : [ {
        "id" : "listitem",
        "impact" : "serious",
        "message" : "List item has a <ul>, <ol> or role=\"list\" parent element",
        "data" : null,
        "relatedNodes" : [ ]
      } ],
      "all" : [ ],
      "none" : [ ],
      "failureSummary" : null
    }, {
      "html" : "<li class=\"social-google\">",
      "target" : [ ".social-google" ],
      "impact" : null,
      "any" : [ {
        "id" : "listitem",
        "impact" : "serious",
        "message" : "List item has a <ul>, <ol> or role=\"list\" parent element",
        "data" : null,
        "relatedNodes" : [ ]
      } ],
      "all" : [ ],
      "none" : [ ],
      "failureSummary" : null
    }, {
      "html" : "<li class=\"social-app\">",
      "target" : [ ".social-app" ],
      "impact" : null,
      "any" : [ {
        "id" : "listitem",
        "impact" : "serious",
        "message" : "List item has a <ul>, <ol> or role=\"list\" parent element",
        "data" : null,
        "relatedNodes" : [ ]
      } ],
      "all" : [ ],
      "none" : [ ],
      "failureSummary" : null
    }, {
      "html" : "<li class=\"social-community\">",
      "target" : [ ".social-community" ],
      "impact" : null,
      "any" : [ {
        "id" : "listitem",
        "impact" : "serious",
        "message" : "List item has a <ul>, <ol> or role=\"list\" parent element",
        "data" : null,
        "relatedNodes" : [ ]
      } ],
      "all" : [ ],
      "none" : [ ],
      "failureSummary" : null
    }, {
      "html" : "<li><a href=\"mars2.html?a=fares_and_schedules\">Find Fares &amp; Schedules<br>\n </a></li>",
      "target" : [ "#footer-book > ul > li:nth-child(1)" ],
      "impact" : null,
      "any" : [ {
        "id" : "listitem",
        "impact" : "serious",
        "message" : "List item has a <ul>, <ol> or role=\"list\" parent element",
        "data" : null,
        "relatedNodes" : [ ]
      } ],
      "all" : [ ],
      "none" : [ ],
      "failureSummary" : null
    }, {
      "html" : "<li><a href=\"mars2.html?a=find_mars_passes\">Find Mars Passes</a> </li>",
      "target" : [ "#footer-book > ul > li:nth-child(2)" ],
      "impact" : null,
      "any" : [ {
        "id" : "listitem",
        "impact" : "serious",
        "message" : "List item has a <ul>, <ol> or role=\"list\" parent element",
        "data" : null,
        "relatedNodes" : [ ]
      } ],
      "all" : [ ],
      "none" : [ ],
      "failureSummary" : null
    }, {
      "html" : "<li><a href=\"mars2.html?a=find_activities\">Find Activities</a> </li>",
      "target" : [ "#footer-book > ul > li:nth-child(3)" ],
      "impact" : null,
      "any" : [ {
        "id" : "listitem",
        "impact" : "serious",
        "message" : "List item has a <ul>, <ol> or role=\"list\" parent element",
        "data" : null,
        "relatedNodes" : [ ]
      } ],
      "all" : [ ],
      "none" : [ ],
      "failureSummary" : null
    }, {
      "html" : "<li><a href=\"mars2.html?a=book_reservations\">Book Reservations</a> </li>",
      "target" : [ "#footer-book > ul > li:nth-child(4)" ],
      "impact" : null,
      "any" : [ {
        "id" : "listitem",
        "impact" : "serious",
        "message" : "List item has a <ul>, <ol> or role=\"list\" parent element",
        "data" : null,
        "relatedNodes" : [ ]
      } ],
      "all" : [ ],
      "none" : [ ],
      "failureSummary" : null
    }, {
      "html" : "<li><a href=\"mars2.html?a=view_rocket_pass_listing\">View Rocket Pass Listing<br>\n </a></li>",
      "target" : [ "#footer-book > ul > li:nth-child(5)" ],
      "impact" : null,
      "any" : [ {
        "id" : "listitem",
        "impact" : "serious",
        "message" : "List item has a <ul>, <ol> or role=\"list\" parent element",
        "data" : null,
        "relatedNodes" : [ ]
      } ],
      "all" : [ ],
      "none" : [ ],
      "failureSummary" : null
    }, {
      "html" : "<li><a href=\"mars2.html?a=marstar\">MarsStar</a> </li>",
      "target" : [ "#footer-trains > ul > li:nth-child(1)" ],
      "impact" : null,
      "any" : [ {
        "id" : "listitem",
        "impact" : "serious",
        "message" : "List item has a <ul>, <ol> or role=\"list\" parent element",
        "data" : null,
        "relatedNodes" : [ ]
      } ],
      "all" : [ ],
      "none" : [ ],
      "failureSummary" : null
    }, {
      "html" : "<li><a href=\"mars2.html?a=blast_off_uranus\">Blast off Uranus</a> </li>",
      "target" : [ "#footer-trains > ul > li:nth-child(2)" ],
      "impact" : null,
      "any" : [ {
        "id" : "listitem",
        "impact" : "serious",
        "message" : "List item has a <ul>, <ol> or role=\"list\" parent element",
        "data" : null,
        "relatedNodes" : [ ]
      } ],
      "all" : [ ],
      "none" : [ ],
      "failureSummary" : null
    }, {
      "html" : "<li><a href=\"mars2.html?a=red_planet_janet\">Red Planet Janet</a> </li>",
      "target" : [ "#footer-trains > ul > li:nth-child(3)" ],
      "impact" : null,
      "any" : [ {
        "id" : "listitem",
        "impact" : "serious",
        "message" : "List item has a <ul>, <ol> or role=\"list\" parent element",
        "data" : null,
        "relatedNodes" : [ ]
      } ],
      "all" : [ ],
      "none" : [ ],
      "failureSummary" : null
    }, {
      "html" : "<li><a href=\"mars2.html?a=the_martianic\">The Martianic</a> </li>",
      "target" : [ "#footer-trains > ul > li:nth-child(4)" ],
      "impact" : null,
      "any" : [ {
        "id" : "listitem",
        "impact" : "serious",
        "message" : "List item has a <ul>, <ol> or role=\"list\" parent element",
        "data" : null,
        "relatedNodes" : [ ]
      } ],
      "all" : [ ],
      "none" : [ ],
      "failureSummary" : null
    }, {
      "html" : "<li><a href=\"mars2.html?a=hal\">Hal</a> </li>",
      "target" : [ "#footer-trains > ul > li:nth-child(5)" ],
      "impact" : null,
      "any" : [ {
        "id" : "listitem",
        "impact" : "serious",
        "message" : "List item has a <ul>, <ol> or role=\"list\" parent element",
        "data" : null,
        "relatedNodes" : [ ]
      } ],
      "all" : [ ],
      "none" : [ ],
      "failureSummary" : null
    }, {
      "html" : "<li><a href=\"mars2.html?a=polar_cap_pass\">Polar Cap Pass</a> </li>",
      "target" : [ "#footer-passes > ul > li:nth-child(1)" ],
      "impact" : null,
      "any" : [ {
        "id" : "listitem",
        "impact" : "serious",
        "message" : "List item has a <ul>, <ol> or role=\"list\" parent element",
        "data" : null,
        "relatedNodes" : [ ]
      } ],
      "all" : [ ],
      "none" : [ ],
      "failureSummary" : null
    }, {
      "html" : "<li><a href=\"mars2.html?a=greater_crater_pass\">Greater Crater Pass</a> </li>",
      "target" : [ "#footer-passes > ul > li:nth-child(2)" ],
      "impact" : null,
      "any" : [ {
        "id" : "listitem",
        "impact" : "serious",
        "message" : "List item has a <ul>, <ol> or role=\"list\" parent element",
        "data" : null,
        "relatedNodes" : [ ]
      } ],
      "all" : [ ],
      "none" : [ ],
      "failureSummary" : null
    }, {
      "html" : "<li><a href=\"mars2.html?a=orbital_pass\">Orbital Pass</a> </li>",
      "target" : [ "#footer-passes > ul > li:nth-child(3)" ],
      "impact" : null,
      "any" : [ {
        "id" : "listitem",
        "impact" : "serious",
        "message" : "List item has a <ul>, <ol> or role=\"list\" parent element",
        "data" : null,
        "relatedNodes" : [ ]
      } ],
      "all" : [ ],
      "none" : [ ],
      "failureSummary" : null
    }, {
      "html" : "<li><a href=\"mars2.html?a=orbital_select_pass\">Orbital Select Pass</a> </li>",
      "target" : [ "#footer-passes > ul > li:nth-child(4)" ],
      "impact" : null,
      "any" : [ {
        "id" : "listitem",
        "impact" : "serious",
        "message" : "List item has a <ul>, <ol> or role=\"list\" parent element",
        "data" : null,
        "relatedNodes" : [ ]
      } ],
      "all" : [ ],
      "none" : [ ],
      "failureSummary" : null
    }, {
      "html" : "<li><a href=\"mars2.html?amulti_planet_pass=\">Multi-Planet Pass</a> </li>",
      "target" : [ "#footer-passes > ul > li:nth-child(5)" ],
      "impact" : null,
      "any" : [ {
        "id" : "listitem",
        "impact" : "serious",
        "message" : "List item has a <ul>, <ol> or role=\"list\" parent element",
        "data" : null,
        "relatedNodes" : [ ]
      } ],
      "all" : [ ],
      "none" : [ ],
      "failureSummary" : null
    }, {
      "html" : "<li><a href=\"mars2.html?a=martian_canali_quest\">Martian Canali Quest</a> </li>",
      "target" : [ "#footer-plan > ul > li:nth-child(1)" ],
      "impact" : null,
      "any" : [ {
        "id" : "listitem",
        "impact" : "serious",
        "message" : "List item has a <ul>, <ol> or role=\"list\" parent element",
        "data" : null,
        "relatedNodes" : [ ]
      } ],
      "all" : [ ],
      "none" : [ ],
      "failureSummary" : null
    }, {
      "html" : "<li><a href=\"mars2.html?a=nanedi_valles_hiking_treks\">Nanedi Valles Hiking Treks</a> </li>",
      "target" : [ "#footer-plan > ul > li:nth-child(2)" ],
      "impact" : null,
      "any" : [ {
        "id" : "listitem",
        "impact" : "serious",
        "message" : "List item has a <ul>, <ol> or role=\"list\" parent element",
        "data" : null,
        "relatedNodes" : [ ]
      } ],
      "all" : [ ],
      "none" : [ ],
      "failureSummary" : null
    }, {
      "html" : "<li><a href=\"mars2.html?a=phobos_observatory\">Phobos observatory</a> </li>",
      "target" : [ "#footer-plan > ul > li:nth-child(3)" ],
      "impact" : null,
      "any" : [ {
        "id" : "listitem",
        "impact" : "serious",
        "message" : "List item has a <ul>, <ol> or role=\"list\" parent element",
        "data" : null,
        "relatedNodes" : [ ]
      } ],
      "all" : [ ],
      "none" : [ ],
      "failureSummary" : null
    }, {
      "html" : "<li><a href=\"mars2.html?a=?paragliding_over_gusev_crater\">Paragliding over Gusev Crater</a> </li>",
      "target" : [ "#footer-plan > ul > li:nth-child(4)" ],
      "impact" : null,
      "any" : [ {
        "id" : "listitem",
        "impact" : "serious",
        "message" : "List item has a <ul>, <ol> or role=\"list\" parent element",
        "data" : null,
        "relatedNodes" : [ ]
      } ],
      "all" : [ ],
      "none" : [ ],
      "failureSummary" : null
    }, {
      "html" : "<li><a href=\"mars2.html?a=mars_dust_wrestling\">Mars dust wrestling</a> </li>",
      "target" : [ "#footer-plan > ul > li:nth-child(5)" ],
      "impact" : null,
      "any" : [ {
        "id" : "listitem",
        "impact" : "serious",
        "message" : "List item has a <ul>, <ol> or role=\"list\" parent element",
        "data" : null,
        "relatedNodes" : [ ]
      } ],
      "all" : [ ],
      "none" : [ ],
      "failureSummary" : null
    }, {
      "html" : "<li><a href=\"mars2.html?a=track_flight\">Track Flight</a> </li>",
      "target" : [ "#footer-faq > ul > li:nth-child(1)" ],
      "impact" : null,
      "any" : [ {
        "id" : "listitem",
        "impact" : "serious",
        "message" : "List item has a <ul>, <ol> or role=\"list\" parent element",
        "data" : null,
        "relatedNodes" : [ ]
      } ],
      "all" : [ ],
      "none" : [ ],
      "failureSummary" : null
    }, {
      "html" : "<li><a href=\"mars2.html?a=exchanges_refunds\">Exchanges &amp; Refunds</a> </li>",
      "target" : [ "#footer-faq > ul > li:nth-child(2)" ],
      "impact" : null,
      "any" : [ {
        "id" : "listitem",
        "impact" : "serious",
        "message" : "List item has a <ul>, <ol> or role=\"list\" parent element",
        "data" : null,
        "relatedNodes" : [ ]
      } ],
      "all" : [ ],
      "none" : [ ],
      "failureSummary" : null
    }, {
      "html" : "<li><a href=\"mars2.html?a=e_tickets\">E-tickets</a> </li>",
      "target" : [ "#footer-faq > ul > li:nth-child(3)" ],
      "impact" : null,
      "any" : [ {
        "id" : "listitem",
        "impact" : "serious",
        "message" : "List item has a <ul>, <ol> or role=\"list\" parent element",
        "data" : null,
        "relatedNodes" : [ ]
      } ],
      "all" : [ ],
      "none" : [ ],
      "failureSummary" : null
    }, {
      "html" : "<li><a href=\"mars2.html?a=delivery_options\">Delivery Options</a> </li>",
      "target" : [ "#footer-faq > ul > li:nth-child(4)" ],
      "impact" : null,
      "any" : [ {
        "id" : "listitem",
        "impact" : "serious",
        "message" : "List item has a <ul>, <ol> or role=\"list\" parent element",
        "data" : null,
        "relatedNodes" : [ ]
      } ],
      "all" : [ ],
      "none" : [ ],
      "failureSummary" : null
    }, {
      "html" : "<li><a href=\"mars2.html?a=help\">Help</a> </li>",
      "target" : [ "#footer-faq > ul > li:nth-child(5)" ],
      "impact" : null,
      "any" : [ {
        "id" : "listitem",
        "impact" : "serious",
        "message" : "List item has a <ul>, <ol> or role=\"list\" parent element",
        "data" : null,
        "relatedNodes" : [ ]
      } ],
      "all" : [ ],
      "none" : [ ],
      "failureSummary" : null
    }, {
      "html" : "<li><a href=\"mars2.html?a=contact_us\">Contact Us</a> </li>",
      "target" : [ "#footer-connect > ul > li:nth-child(1)" ],
      "impact" : null,
      "any" : [ {
        "id" : "listitem",
        "impact" : "serious",
        "message" : "List item has a <ul>, <ol> or role=\"list\" parent element",
        "data" : null,
        "relatedNodes" : [ ]
      } ],
      "all" : [ ],
      "none" : [ ],
      "failureSummary" : null
    }, {
      "html" : "<li><a href=\"mars2.html?a=about_us\">About Us</a> </li>",
      "target" : [ "#footer-connect > ul > li:nth-child(2)" ],
      "impact" : null,
      "any" : [ {
        "id" : "listitem",
        "impact" : "serious",
        "message" : "List item has a <ul>, <ol> or role=\"list\" parent element",
        "data" : null,
        "relatedNodes" : [ ]
      } ],
      "all" : [ ],
      "none" : [ ],
      "failureSummary" : null
    }, {
      "html" : "<li><a href=\"mars2.html?a=feedback\" target=\"_blank\">Feedback</a> </li>",
      "target" : [ "#footer-connect > ul > li:nth-child(3)" ],
      "impact" : null,
      "any" : [ {
        "id" : "listitem",
        "impact" : "serious",
        "message" : "List item has a <ul>, <ol> or role=\"list\" parent element",
        "data" : null,
        "relatedNodes" : [ ]
      } ],
      "all" : [ ],
      "none" : [ ],
      "failureSummary" : null
    }, {
      "html" : "<li><a href=\"mars2.html?a=our_blog\" target=\"_blank\">Our Blog</a> </li>",
      "target" : [ "#footer-connect > ul > li:nth-child(4)" ],
      "impact" : null,
      "any" : [ {
        "id" : "listitem",
        "impact" : "serious",
        "message" : "List item has a <ul>, <ol> or role=\"list\" parent element",
        "data" : null,
        "relatedNodes" : [ ]
      } ],
      "all" : [ ],
      "none" : [ ],
      "failureSummary" : null
    }, {
      "html" : "<li><a href=\"mars2.html?a=mobile_site\" target=\"_blank\">Mobile Site</a> / <a href=\"mars2.html?a=iphone_app\" target=\"_blank\">iPhone App</a> </li>",
      "target" : [ "#footer-connect > ul > li:nth-child(5)" ],
      "impact" : null,
      "any" : [ {
        "id" : "listitem",
        "impact" : "serious",
        "message" : "List item has a <ul>, <ol> or role=\"list\" parent element",
        "data" : null,
        "relatedNodes" : [ ]
      } ],
      "all" : [ ],
      "none" : [ ],
      "failureSummary" : null
    }, {
      "html" : "<li><a href=\"https://media.dequeuniversity.com/en/docs/demo/mars-commuter/mars.pdf\">Mars Info by NASA</a></li>",
      "target" : [ "#footer-connect > ul > li:nth-child(6)" ],
      "impact" : null,
      "any" : [ {
        "id" : "listitem",
        "impact" : "serious",
        "message" : "List item has a <ul>, <ol> or role=\"list\" parent element",
        "data" : null,
        "relatedNodes" : [ ]
      } ],
      "all" : [ ],
      "none" : [ ],
      "failureSummary" : null
    }, {
      "html" : "<li><a href=\"https://media.dequeuniversity.com/en/docs/demo/mars-commuter/HumansToMarsReport_i.pdf\">Humans to Mars Report</a></li>",
      "target" : [ "#footer-connect > ul > li:nth-child(7)" ],
      "impact" : null,
      "any" : [ {
        "id" : "listitem",
        "impact" : "serious",
        "message" : "List item has a <ul>, <ol> or role=\"list\" parent element",
        "data" : null,
        "relatedNodes" : [ ]
      } ],
      "all" : [ ],
      "none" : [ ],
      "failureSummary" : null
    } ],
    "url" : null,
    "createdDate" : null
  }, {
    "id" : "meta-viewport-large",
    "description" : "Ensures <meta name=\"viewport\"> can scale a significant amount",
    "help" : "Users should be able to zoom and scale the text up to 500%",
    "helpUrl" : "https://dequeuniversity.com/rules/axe/4.6/meta-viewport-large?application=axeAPI",
    "impact" : "",
    "tags" : [ "cat.sensory-and-visual-cues", "best-practice" ],
    "nodes" : [ {
      "html" : "<meta name=\"viewport\" content=\"width=device-width\">",
      "target" : [ "meta[name=\"viewport\"]" ],
      "impact" : null,
      "any" : [ {
        "id" : "meta-viewport-large",
        "impact" : "minor",
        "message" : "<meta> tag does not prevent significant zooming on mobile devices",
        "data" : null,
        "relatedNodes" : [ ]
      } ],
      "all" : [ ],
      "none" : [ ],
      "failureSummary" : null
    } ],
    "url" : null,
    "createdDate" : null
  }, {
    "id" : "meta-viewport",
    "description" : "Ensures <meta name=\"viewport\"> does not disable text scaling and zooming",
    "help" : "Zooming and scaling must not be disabled",
    "helpUrl" : "https://dequeuniversity.com/rules/axe/4.6/meta-viewport?application=axeAPI",
    "impact" : "",
    "tags" : [ "cat.sensory-and-visual-cues", "wcag2aa", "wcag144", "ACT" ],
    "nodes" : [ {
      "html" : "<meta name=\"viewport\" content=\"width=device-width\">",
      "target" : [ "meta[name=\"viewport\"]" ],
      "impact" : null,
      "any" : [ {
        "id" : "meta-viewport",
        "impact" : "critical",
        "message" : "<meta> tag does not disable zooming on mobile devices",
        "data" : null,
        "relatedNodes" : [ ]
      } ],
      "all" : [ ],
      "none" : [ ],
      "failureSummary" : null
    } ],
    "url" : null,
    "createdDate" : null
  }, {
    "id" : "nested-interactive",
    "description" : "Ensures interactive controls are not nested as they are not always announced by screen readers or can cause focus problems for assistive technologies",
    "help" : "Interactive controls must not be nested",
    "helpUrl" : "https://dequeuniversity.com/rules/axe/4.6/nested-interactive?application=axeAPI",
    "impact" : "",
    "tags" : [ "cat.keyboard", "wcag2a", "wcag412" ],
    "nodes" : [ {
      "html" : "<img src=\"/assets/demo-sites/mars/js/seg\" width=\"1\" height=\"1\">",
      "target" : [ "img[src$=\"seg\"]" ],
      "impact" : null,
      "any" : [ {
        "id" : "no-focusable-content",
        "impact" : "serious",
        "message" : "Element does not have focusable descendants",
        "data" : null,
        "relatedNodes" : [ ]
      } ],
      "all" : [ ],
      "none" : [ ],
      "failureSummary" : null
    }, {
      "html" : "<input type=\"submit\" class=\"control-search\">",
      "target" : [ ".loginnow > .container-fluid-full > .container > .span5.pull-left.left-first > .pull-left:nth-child(2) > form[method=\"get\"][action=\"/demo/mars/mars2\"] > .control-search[type=\"submit\"]" ],
      "impact" : null,
      "any" : [ {
        "id" : "no-focusable-content",
        "impact" : "serious",
        "message" : "Element does not have focusable descendants",
        "data" : null,
        "relatedNodes" : [ ]
      } ],
      "all" : [ ],
      "none" : [ ],
      "failureSummary" : null
    }, {
      "html" : "<img src=\"/assets/demo-sites/mars/images/mars-spaceman.jpg\" class=\"\" width=\"210\" height=\"120\">",
      "target" : [ "li:nth-child(1) > a[href=\"mars2.html?a=crater_adventure\"] > img[width=\"210\"][height=\"120\"]" ],
      "impact" : null,
      "any" : [ {
        "id" : "no-focusable-content",
        "impact" : "serious",
        "message" : "Element does not have focusable descendants",
        "data" : null,
        "relatedNodes" : [ ]
      } ],
      "all" : [ ],
      "none" : [ ],
      "failureSummary" : null
    }, {
      "html" : "<img src=\"/assets/demo-sites/mars/images/space-station.jpg\" class=\"\" width=\"210\" height=\"120\" alt=\"icecream.jpg \">",
      "target" : [ "li:nth-child(2) > a[href=\"mars2.html?a=ice_cream\"] > img[alt=\"icecream.jpg \"][width=\"210\"][height=\"120\"]" ],
      "impact" : null,
      "any" : [ {
        "id" : "no-focusable-content",
        "impact" : "serious",
        "message" : "Element does not have focusable descendants",
        "data" : null,
        "relatedNodes" : [ ]
      } ],
      "all" : [ ],
      "none" : [ ],
      "failureSummary" : null
    }, {
      "html" : "<img src=\"/assets/demo-sites/mars/images/mars-lander.jpg\" class=\"\" width=\"210\" height=\"120\" alt=\"Mars Lander\">",
      "target" : [ "li:nth-child(3) > a > img[alt=\"Mars Lander\"][width=\"210\"][height=\"120\"]" ],
      "impact" : null,
      "any" : [ {
        "id" : "no-focusable-content",
        "impact" : "serious",
        "message" : "Element does not have focusable descendants",
        "data" : null,
        "relatedNodes" : [ ]
      } ],
      "all" : [ ],
      "none" : [ ],
      "failureSummary" : null
    }, {
      "html" : "<img src=\"/assets/demo-sites/mars/images/kids-space.jpg\" class=\"\" width=\"210\" height=\"120\" alt=\"Kids in space suits \">",
      "target" : [ "li:nth-child(4) > a[href=\"mars2.html?a=send_kids_to_mars\"] > img[alt=\"Kids in space suits \"][width=\"210\"][height=\"120\"]" ],
      "impact" : null,
      "any" : [ {
        "id" : "no-focusable-content",
        "impact" : "serious",
        "message" : "Element does not have focusable descendants",
        "data" : null,
        "relatedNodes" : [ ]
      } ],
      "all" : [ ],
      "none" : [ ],
      "failureSummary" : null
    }, {
      "html" : "<img src=\"/assets/demo-sites/mars/images/wookie.jpg\" class=\"\" width=\"210\" height=\"120\" alt=\"Wookie\">",
      "target" : [ "li:nth-child(5) > a[href=\"mars2.html?a=wookie\"] > img[alt=\"Wookie\"][width=\"210\"][height=\"120\"]" ],
      "impact" : null,
      "any" : [ {
        "id" : "no-focusable-content",
        "impact" : "serious",
        "message" : "Element does not have focusable descendants",
        "data" : null,
        "relatedNodes" : [ ]
      } ],
      "all" : [ ],
      "none" : [ ],
      "failureSummary" : null
    }, {
      "html" : "<img src=\"/assets/demo-sites/mars/images/global-free-days.jpg\" class=\"\" width=\"210\" height=\"120\" alt=\"Martian sunrise.\">",
      "target" : [ "li:nth-child(6) > a[href=\"mars2.html?a=stay_connected\"] > img[alt=\"Martian sunrise.\"][width=\"210\"][height=\"120\"]" ],
      "impact" : null,
      "any" : [ {
        "id" : "no-focusable-content",
        "impact" : "serious",
        "message" : "Element does not have focusable descendants",
        "data" : null,
        "relatedNodes" : [ ]
      } ],
      "all" : [ ],
      "none" : [ ],
      "failureSummary" : null
    }, {
      "html" : "<img src=\"/assets/demo-sites/mars/images/mars-sunrise.jpg\" class=\"\" width=\"210\" height=\"120\" alt=\"Beautiful baboon, blowing bubbles, biking backward\">",
      "target" : [ "li:nth-child(7) > a[href=\"mars2.html?a=free_year\"] > img[width=\"210\"][height=\"120\"]" ],
      "impact" : null,
      "any" : [ {
        "id" : "no-focusable-content",
        "impact" : "serious",
        "message" : "Element does not have focusable descendants",
        "data" : null,
        "relatedNodes" : [ ]
      } ],
      "all" : [ ],
      "none" : [ ],
      "failureSummary" : null
    }, {
      "html" : "<img src=\"/assets/demo-sites/mars/images/mars-spaceman.jpg\" class=\"\" width=\"210\" height=\"120\">",
      "target" : [ "li:nth-child(8) > a[href=\"mars2.html?a=crater_adventure\"] > img[width=\"210\"][height=\"120\"]" ],
      "impact" : null,
      "any" : [ {
        "id" : "no-focusable-content",
        "impact" : "serious",
        "message" : "Element does not have focusable descendants",
        "data" : null,
        "relatedNodes" : [ ]
      } ],
      "all" : [ ],
      "none" : [ ],
      "failureSummary" : null
    }, {
      "html" : "<img src=\"/assets/demo-sites/mars/images/space-station.jpg\" class=\"\" width=\"210\" height=\"120\" alt=\"icecream.jpg \">",
      "target" : [ "li:nth-child(9) > a[href=\"mars2.html?a=ice_cream\"] > img[alt=\"icecream.jpg \"][width=\"210\"][height=\"120\"]" ],
      "impact" : null,
      "any" : [ {
        "id" : "no-focusable-content",
        "impact" : "serious",
        "message" : "Element does not have focusable descendants",
        "data" : null,
        "relatedNodes" : [ ]
      } ],
      "all" : [ ],
      "none" : [ ],
      "failureSummary" : null
    }, {
      "html" : "<img src=\"/assets/demo-sites/mars/images/mars-lander.jpg\" class=\"\" width=\"210\" height=\"120\" alt=\"Mars Lander\">",
      "target" : [ "li:nth-child(10) > a > img[alt=\"Mars Lander\"][width=\"210\"][height=\"120\"]" ],
      "impact" : null,
      "any" : [ {
        "id" : "no-focusable-content",
        "impact" : "serious",
        "message" : "Element does not have focusable descendants",
        "data" : null,
        "relatedNodes" : [ ]
      } ],
      "all" : [ ],
      "none" : [ ],
      "failureSummary" : null
    }, {
      "html" : "<img src=\"/assets/demo-sites/mars/images/kids-space.jpg\" class=\"\" width=\"210\" height=\"120\" alt=\"Kids in space suits \">",
      "target" : [ "li:nth-child(11) > a[href=\"mars2.html?a=send_kids_to_mars\"] > img[alt=\"Kids in space suits \"][width=\"210\"][height=\"120\"]" ],
      "impact" : null,
      "any" : [ {
        "id" : "no-focusable-content",
        "impact" : "serious",
        "message" : "Element does not have focusable descendants",
        "data" : null,
        "relatedNodes" : [ ]
      } ],
      "all" : [ ],
      "none" : [ ],
      "failureSummary" : null
    }, {
      "html" : "<img src=\"/assets/demo-sites/mars/images/wookie.jpg\" class=\"\" width=\"210\" height=\"120\" alt=\"Wookie\">",
      "target" : [ "li:nth-child(12) > a[href=\"mars2.html?a=wookie\"] > img[alt=\"Wookie\"][width=\"210\"][height=\"120\"]" ],
      "impact" : null,
      "any" : [ {
        "id" : "no-focusable-content",
        "impact" : "serious",
        "message" : "Element does not have focusable descendants",
        "data" : null,
        "relatedNodes" : [ ]
      } ],
      "all" : [ ],
      "none" : [ ],
      "failureSummary" : null
    }, {
      "html" : "<img src=\"/assets/demo-sites/mars/images/global-free-days.jpg\" class=\"\" width=\"210\" height=\"120\" alt=\"Martian sunrise.\">",
      "target" : [ "li:nth-child(13) > a[href=\"mars2.html?a=stay_connected\"] > img[alt=\"Martian sunrise.\"][width=\"210\"][height=\"120\"]" ],
      "impact" : null,
      "any" : [ {
        "id" : "no-focusable-content",
        "impact" : "serious",
        "message" : "Element does not have focusable descendants",
        "data" : null,
        "relatedNodes" : [ ]
      } ],
      "all" : [ ],
      "none" : [ ],
      "failureSummary" : null
    }, {
      "html" : "<img src=\"/assets/demo-sites/mars/images/mars-sunrise.jpg\" class=\"\" width=\"210\" height=\"120\" alt=\"Beautiful baboon, blowing bubbles, biking backward\">",
      "target" : [ "li:nth-child(14) > a[href=\"mars2.html?a=free_year\"] > img[width=\"210\"][height=\"120\"]" ],
      "impact" : null,
      "any" : [ {
        "id" : "no-focusable-content",
        "impact" : "serious",
        "message" : "Element does not have focusable descendants",
        "data" : null,
        "relatedNodes" : [ ]
      } ],
      "all" : [ ],
      "none" : [ ],
      "failureSummary" : null
    }, {
      "html" : "<img src=\"/assets/demo-sites/mars/images/mars-spaceman.jpg\" class=\"\" width=\"210\" height=\"120\">",
      "target" : [ "li:nth-child(15) > a[href=\"mars2.html?a=crater_adventure\"] > img[width=\"210\"][height=\"120\"]" ],
      "impact" : null,
      "any" : [ {
        "id" : "no-focusable-content",
        "impact" : "serious",
        "message" : "Element does not have focusable descendants",
        "data" : null,
        "relatedNodes" : [ ]
      } ],
      "all" : [ ],
      "none" : [ ],
      "failureSummary" : null
    }, {
      "html" : "<img src=\"/assets/demo-sites/mars/images/space-station.jpg\" class=\"\" width=\"210\" height=\"120\" alt=\"icecream.jpg \">",
      "target" : [ "li:nth-child(16) > a[href=\"mars2.html?a=ice_cream\"] > img[alt=\"icecream.jpg \"][width=\"210\"][height=\"120\"]" ],
      "impact" : null,
      "any" : [ {
        "id" : "no-focusable-content",
        "impact" : "serious",
        "message" : "Element does not have focusable descendants",
        "data" : null,
        "relatedNodes" : [ ]
      } ],
      "all" : [ ],
      "none" : [ ],
      "failureSummary" : null
    }, {
      "html" : "<img src=\"/assets/demo-sites/mars/images/mars-lander.jpg\" class=\"\" width=\"210\" height=\"120\" alt=\"Mars Lander\">",
      "target" : [ "li:nth-child(17) > a > img[alt=\"Mars Lander\"][width=\"210\"][height=\"120\"]" ],
      "impact" : null,
      "any" : [ {
        "id" : "no-focusable-content",
        "impact" : "serious",
        "message" : "Element does not have focusable descendants",
        "data" : null,
        "relatedNodes" : [ ]
      } ],
      "all" : [ ],
      "none" : [ ],
      "failureSummary" : null
    }, {
      "html" : "<img src=\"/assets/demo-sites/mars/images/kids-space.jpg\" class=\"\" width=\"210\" height=\"120\" alt=\"Kids in space suits \">",
      "target" : [ "li:nth-child(18) > a[href=\"mars2.html?a=send_kids_to_mars\"] > img[alt=\"Kids in space suits \"][width=\"210\"][height=\"120\"]" ],
      "impact" : null,
      "any" : [ {
        "id" : "no-focusable-content",
        "impact" : "serious",
        "message" : "Element does not have focusable descendants",
        "data" : null,
        "relatedNodes" : [ ]
      } ],
      "all" : [ ],
      "none" : [ ],
      "failureSummary" : null
    }, {
      "html" : "<img src=\"/assets/demo-sites/mars/images/wookie.jpg\" class=\"\" width=\"210\" height=\"120\" alt=\"Wookie\">",
      "target" : [ "li:nth-child(19) > a[href=\"mars2.html?a=wookie\"] > img[alt=\"Wookie\"][width=\"210\"][height=\"120\"]" ],
      "impact" : null,
      "any" : [ {
        "id" : "no-focusable-content",
        "impact" : "serious",
        "message" : "Element does not have focusable descendants",
        "data" : null,
        "relatedNodes" : [ ]
      } ],
      "all" : [ ],
      "none" : [ ],
      "failureSummary" : null
    }, {
      "html" : "<img src=\"/assets/demo-sites/mars/images/global-free-days.jpg\" class=\"\" width=\"210\" height=\"120\" alt=\"Martian sunrise.\">",
      "target" : [ "li:nth-child(20) > a[href=\"mars2.html?a=stay_connected\"] > img[alt=\"Martian sunrise.\"][width=\"210\"][height=\"120\"]" ],
      "impact" : null,
      "any" : [ {
        "id" : "no-focusable-content",
        "impact" : "serious",
        "message" : "Element does not have focusable descendants",
        "data" : null,
        "relatedNodes" : [ ]
      } ],
      "all" : [ ],
      "none" : [ ],
      "failureSummary" : null
    }, {
      "html" : "<input type=\"radio\" name=\"widget-type\" id=\"widget-controls-fares\" value=\"0\" checked=\"checked\">",
      "target" : [ "#widget-controls-fares" ],
      "impact" : null,
      "any" : [ {
        "id" : "no-focusable-content",
        "impact" : "serious",
        "message" : "Element does not have focusable descendants",
        "data" : null,
        "relatedNodes" : [ ]
      } ],
      "all" : [ ],
      "none" : [ ],
      "failureSummary" : null
    }, {
      "html" : "<input type=\"radio\" name=\"widget-type\" id=\"widget-controls-passes\" value=\"1\">",
      "target" : [ "#widget-controls-passes" ],
      "impact" : null,
      "any" : [ {
        "id" : "no-focusable-content",
        "impact" : "serious",
        "message" : "Element does not have focusable descendants",
        "data" : null,
        "relatedNodes" : [ ]
      } ],
      "all" : [ ],
      "none" : [ ],
      "failureSummary" : null
    }, {
      "html" : "<input type=\"radio\" name=\"widget-type\" id=\"widget-controls-reservations\" value=\"2\">",
      "target" : [ "#widget-controls-reservations" ],
      "impact" : null,
      "any" : [ {
        "id" : "no-focusable-content",
        "impact" : "serious",
        "message" : "Element does not have focusable descendants",
        "data" : null,
        "relatedNodes" : [ ]
      } ],
      "all" : [ ],
      "none" : [ ],
      "failureSummary" : null
    }, {
      "html" : "<input type=\"radio\" name=\"widget-type\" id=\"widget-controls-activities\" value=\"4\">",
      "target" : [ "#widget-controls-activities" ],
      "impact" : null,
      "any" : [ {
        "id" : "no-focusable-content",
        "impact" : "serious",
        "message" : "Element does not have focusable descendants",
        "data" : null,
        "relatedNodes" : [ ]
      } ],
      "all" : [ ],
      "none" : [ ],
      "failureSummary" : null
    }, {
      "html" : "<input type=\"radio\" name=\"widget-type\" id=\"widget-controls-hotels\" value=\"3\">",
      "target" : [ "#widget-controls-hotels" ],
      "impact" : null,
      "any" : [ {
        "id" : "no-focusable-content",
        "impact" : "serious",
        "message" : "Element does not have focusable descendants",
        "data" : null,
        "relatedNodes" : [ ]
      } ],
      "all" : [ ],
      "none" : [ ],
      "failureSummary" : null
    }, {
      "html" : "<input type=\"radio\" name=\"route-type\" id=\"route-type-one-way\" value=\"0\" checked=\"checked\">",
      "target" : [ "#route-type-one-way" ],
      "impact" : null,
      "any" : [ {
        "id" : "no-focusable-content",
        "impact" : "serious",
        "message" : "Element does not have focusable descendants",
        "data" : null,
        "relatedNodes" : [ ]
      } ],
      "all" : [ ],
      "none" : [ ],
      "failureSummary" : null
    }, {
      "html" : "<input type=\"radio\" name=\"route-type\" id=\"route-type-round-trip\" value=\"1\">",
      "target" : [ "#route-type-round-trip" ],
      "impact" : null,
      "any" : [ {
        "id" : "no-focusable-content",
        "impact" : "serious",
        "message" : "Element does not have focusable descendants",
        "data" : null,
        "relatedNodes" : [ ]
      } ],
      "all" : [ ],
      "none" : [ ],
      "failureSummary" : null
    }, {
      "html" : "<input type=\"radio\" name=\"route-type\" id=\"route-type-multi-city\" value=\"2\">",
      "target" : [ "#route-type-multi-city" ],
      "impact" : null,
      "any" : [ {
        "id" : "no-focusable-content",
        "impact" : "serious",
        "message" : "Element does not have focusable descendants",
        "data" : null,
        "relatedNodes" : [ ]
      } ],
      "all" : [ ],
      "none" : [ ],
      "failureSummary" : null
    }, {
      "html" : "<button type=\"button\" class=\"ui-datepicker-trigger\"><img src=\"/assets/demo-sites/mars/images/calendar.png\" alt=\"...\" title=\"...\"></button>",
      "target" : [ ".departure-date > .ui-datepicker-trigger:nth-child(3)" ],
      "impact" : null,
      "any" : [ {
        "id" : "no-focusable-content",
        "impact" : "serious",
        "message" : "Element does not have focusable descendants",
        "data" : null,
        "relatedNodes" : [ ]
      } ],
      "all" : [ ],
      "none" : [ ],
      "failureSummary" : null
    }, {
      "html" : "<img src=\"/assets/demo-sites/mars/images/calendar.png\" alt=\"...\" title=\"...\">",
      "target" : [ ".departure-date > .ui-datepicker-trigger:nth-child(3) > img[alt=\"...\"][title=\"...\"]" ],
      "impact" : null,
      "any" : [ {
        "id" : "no-focusable-content",
        "impact" : "serious",
        "message" : "Element does not have focusable descendants",
        "data" : null,
        "relatedNodes" : [ ]
      } ],
      "all" : [ ],
      "none" : [ ],
      "failureSummary" : null
    }, {
      "html" : "<button class=\"ui-datepicker-trigger\" type=\"button\">\n<!-- <img title=\"...\" alt=\"...\" src=\"/redesign/assets/demo-sites/mars/images/calendar.png\"> -->\n</button>",
      "target" : [ ".departure-date > .ui-datepicker-trigger:nth-child(4)" ],
      "impact" : null,
      "any" : [ {
        "id" : "no-focusable-content",
        "impact" : "serious",
        "message" : "Element does not have focusable descendants",
        "data" : null,
        "relatedNodes" : [ ]
      } ],
      "all" : [ ],
      "none" : [ ],
      "failureSummary" : null
    }, {
      "html" : "<option value=\"0\">12 am</option>",
      "target" : [ "#time0 > option[value=\"0\"]" ],
      "impact" : null,
      "any" : [ {
        "id" : "no-focusable-content",
        "impact" : "serious",
        "message" : "Element does not have focusable descendants",
        "data" : null,
        "relatedNodes" : [ ]
      } ],
      "all" : [ ],
      "none" : [ ],
      "failureSummary" : null
    }, {
      "html" : "<option value=\"1\">01 am</option>",
      "target" : [ "#time0 > option[value=\"1\"]" ],
      "impact" : null,
      "any" : [ {
        "id" : "no-focusable-content",
        "impact" : "serious",
        "message" : "Element does not have focusable descendants",
        "data" : null,
        "relatedNodes" : [ ]
      } ],
      "all" : [ ],
      "none" : [ ],
      "failureSummary" : null
    }, {
      "html" : "<option value=\"2\">02 am</option>",
      "target" : [ "#time0 > option[value=\"2\"]" ],
      "impact" : null,
      "any" : [ {
        "id" : "no-focusable-content",
        "impact" : "serious",
        "message" : "Element does not have focusable descendants",
        "data" : null,
        "relatedNodes" : [ ]
      } ],
      "all" : [ ],
      "none" : [ ],
      "failureSummary" : null
    }, {
      "html" : "<option value=\"3\">03 am</option>",
      "target" : [ "#time0 > option[value=\"3\"]" ],
      "impact" : null,
      "any" : [ {
        "id" : "no-focusable-content",
        "impact" : "serious",
        "message" : "Element does not have focusable descendants",
        "data" : null,
        "relatedNodes" : [ ]
      } ],
      "all" : [ ],
      "none" : [ ],
      "failureSummary" : null
    }, {
      "html" : "<option value=\"4\">04 am</option>",
      "target" : [ "#time0 > option[value=\"4\"]" ],
      "impact" : null,
      "any" : [ {
        "id" : "no-focusable-content",
        "impact" : "serious",
        "message" : "Element does not have focusable descendants",
        "data" : null,
        "relatedNodes" : [ ]
      } ],
      "all" : [ ],
      "none" : [ ],
      "failureSummary" : null
    }, {
      "html" : "<option value=\"5\">05 am</option>",
      "target" : [ "#time0 > option[value=\"5\"]" ],
      "impact" : null,
      "any" : [ {
        "id" : "no-focusable-content",
        "impact" : "serious",
        "message" : "Element does not have focusable descendants",
        "data" : null,
        "relatedNodes" : [ ]
      } ],
      "all" : [ ],
      "none" : [ ],
      "failureSummary" : null
    }, {
      "html" : "<option value=\"6\">06 am</option>",
      "target" : [ "#time0 > option[value=\"6\"]" ],
      "impact" : null,
      "any" : [ {
        "id" : "no-focusable-content",
        "impact" : "serious",
        "message" : "Element does not have focusable descendants",
        "data" : null,
        "relatedNodes" : [ ]
      } ],
      "all" : [ ],
      "none" : [ ],
      "failureSummary" : null
    }, {
      "html" : "<option value=\"7\">07 am</option>",
      "target" : [ "option[value=\"7\"]" ],
      "impact" : null,
      "any" : [ {
        "id" : "no-focusable-content",
        "impact" : "serious",
        "message" : "Element does not have focusable descendants",
        "data" : null,
        "relatedNodes" : [ ]
      } ],
      "all" : [ ],
      "none" : [ ],
      "failureSummary" : null
    }, {
      "html" : "<option value=\"8\">08 am</option>",
      "target" : [ "option[value=\"8\"]" ],
      "impact" : null,
      "any" : [ {
        "id" : "no-focusable-content",
        "impact" : "serious",
        "message" : "Element does not have focusable descendants",
        "data" : null,
        "relatedNodes" : [ ]
      } ],
      "all" : [ ],
      "none" : [ ],
      "failureSummary" : null
    }, {
      "html" : "<option value=\"9\">09 am</option>",
      "target" : [ "option[value=\"9\"]" ],
      "impact" : null,
      "any" : [ {
        "id" : "no-focusable-content",
        "impact" : "serious",
        "message" : "Element does not have focusable descendants",
        "data" : null,
        "relatedNodes" : [ ]
      } ],
      "all" : [ ],
      "none" : [ ],
      "failureSummary" : null
    }, {
      "html" : "<option value=\"10\">10 am</option>",
      "target" : [ "option[value=\"10\"]" ],
      "impact" : null,
      "any" : [ {
        "id" : "no-focusable-content",
        "impact" : "serious",
        "message" : "Element does not have focusable descendants",
        "data" : null,
        "relatedNodes" : [ ]
      } ],
      "all" : [ ],
      "none" : [ ],
      "failureSummary" : null
    }, {
      "html" : "<option value=\"11\">11 am</option>",
      "target" : [ "option[value=\"11\"]" ],
      "impact" : null,
      "any" : [ {
        "id" : "no-focusable-content",
        "impact" : "serious",
        "message" : "Element does not have focusable descendants",
        "data" : null,
        "relatedNodes" : [ ]
      } ],
      "all" : [ ],
      "none" : [ ],
      "failureSummary" : null
    }, {
      "html" : "<option selected=\"\" value=\"12\">12 pm</option>",
      "target" : [ "#time0 > option[value=\"12\"]" ],
      "impact" : null,
      "any" : [ {
        "id" : "no-focusable-content",
        "impact" : "serious",
        "message" : "Element does not have focusable descendants",
        "data" : null,
        "relatedNodes" : [ ]
      } ],
      "all" : [ ],
      "none" : [ ],
      "failureSummary" : null
    }, {
      "html" : "<option value=\"13\">01 pm</option>",
      "target" : [ "#time0 > option[value=\"13\"]" ],
      "impact" : null,
      "any" : [ {
        "id" : "no-focusable-content",
        "impact" : "serious",
        "message" : "Element does not have focusable descendants",
        "data" : null,
        "relatedNodes" : [ ]
      } ],
      "all" : [ ],
      "none" : [ ],
      "failureSummary" : null
    }, {
      "html" : "<option value=\"14\">02 pm</option>",
      "target" : [ "#time0 > option[value=\"14\"]" ],
      "impact" : null,
      "any" : [ {
        "id" : "no-focusable-content",
        "impact" : "serious",
        "message" : "Element does not have focusable descendants",
        "data" : null,
        "relatedNodes" : [ ]
      } ],
      "all" : [ ],
      "none" : [ ],
      "failureSummary" : null
    }, {
      "html" : "<option value=\"15\">03 pm</option>",
      "target" : [ "#time0 > option[value=\"15\"]" ],
      "impact" : null,
      "any" : [ {
        "id" : "no-focusable-content",
        "impact" : "serious",
        "message" : "Element does not have focusable descendants",
        "data" : null,
        "relatedNodes" : [ ]
      } ],
      "all" : [ ],
      "none" : [ ],
      "failureSummary" : null
    }, {
      "html" : "<option value=\"16\">04 pm</option>",
      "target" : [ "#time0 > option[value=\"16\"]" ],
      "impact" : null,
      "any" : [ {
        "id" : "no-focusable-content",
        "impact" : "serious",
        "message" : "Element does not have focusable descendants",
        "data" : null,
        "relatedNodes" : [ ]
      } ],
      "all" : [ ],
      "none" : [ ],
      "failureSummary" : null
    }, {
      "html" : "<option value=\"17\">05 pm</option>",
      "target" : [ "#time0 > option[value=\"17\"]" ],
      "impact" : null,
      "any" : [ {
        "id" : "no-focusable-content",
        "impact" : "serious",
        "message" : "Element does not have focusable descendants",
        "data" : null,
        "relatedNodes" : [ ]
      } ],
      "all" : [ ],
      "none" : [ ],
      "failureSummary" : null
    }, {
      "html" : "<option value=\"18\">06 pm</option>",
      "target" : [ "#time0 > option[value=\"18\"]" ],
      "impact" : null,
      "any" : [ {
        "id" : "no-focusable-content",
        "impact" : "serious",
        "message" : "Element does not have focusable descendants",
        "data" : null,
        "relatedNodes" : [ ]
      } ],
      "all" : [ ],
      "none" : [ ],
      "failureSummary" : null
    }, {
      "html" : "<option value=\"19\">07 pm</option>",
      "target" : [ "#time0 > option[value=\"19\"]" ],
      "impact" : null,
      "any" : [ {
        "id" : "no-focusable-content",
        "impact" : "serious",
        "message" : "Element does not have focusable descendants",
        "data" : null,
        "relatedNodes" : [ ]
      } ],
      "all" : [ ],
      "none" : [ ],
      "failureSummary" : null
    }, {
      "html" : "<option value=\"20\">08 pm</option>",
      "target" : [ "#time0 > option[value=\"20\"]" ],
      "impact" : null,
      "any" : [ {
        "id" : "no-focusable-content",
        "impact" : "serious",
        "message" : "Element does not have focusable descendants",
        "data" : null,
        "relatedNodes" : [ ]
      } ],
      "all" : [ ],
      "none" : [ ],
      "failureSummary" : null
    }, {
      "html" : "<option value=\"21\">09 pm</option>",
      "target" : [ "#time0 > option[value=\"21\"]" ],
      "impact" : null,
      "any" : [ {
        "id" : "no-focusable-content",
        "impact" : "serious",
        "message" : "Element does not have focusable descendants",
        "data" : null,
        "relatedNodes" : [ ]
      } ],
      "all" : [ ],
      "none" : [ ],
      "failureSummary" : null
    }, {
      "html" : "<option value=\"22\">10 pm</option>",
      "target" : [ "#time0 > option[value=\"22\"]" ],
      "impact" : null,
      "any" : [ {
        "id" : "no-focusable-content",
        "impact" : "serious",
        "message" : "Element does not have focusable descendants",
        "data" : null,
        "relatedNodes" : [ ]
      } ],
      "all" : [ ],
      "none" : [ ],
      "failureSummary" : null
    }, {
      "html" : "<option value=\"23\">11 pm</option>",
      "target" : [ "#time0 > option[value=\"23\"]" ],
      "impact" : null,
      "any" : [ {
        "id" : "no-focusable-content",
        "impact" : "serious",
        "message" : "Element does not have focusable descendants",
        "data" : null,
        "relatedNodes" : [ ]
      } ],
      "all" : [ ],
      "none" : [ ],
      "failureSummary" : null
    }, {
      "html" : "<input type=\"radio\" name=\"pass-question-radio\" id=\"pass-question-yes\" value=\"0\">",
      "target" : [ "#pass-question-yes" ],
      "impact" : null,
      "any" : [ {
        "id" : "no-focusable-content",
        "impact" : "serious",
        "message" : "Element does not have focusable descendants",
        "data" : null,
        "relatedNodes" : [ ]
      } ],
      "all" : [ ],
      "none" : [ ],
      "failureSummary" : null
    }, {
      "html" : "<input type=\"radio\" name=\"pass-question-radio\" id=\"pass-question-no\" value=\"1\" checked=\"checked\">",
      "target" : [ "#pass-question-no" ],
      "impact" : null,
      "any" : [ {
        "id" : "no-focusable-content",
        "impact" : "serious",
        "message" : "Element does not have focusable descendants",
        "data" : null,
        "relatedNodes" : [ ]
      } ],
      "all" : [ ],
      "none" : [ ],
      "failureSummary" : null
    }, {
      "html" : "<option value=\"0\">Adult (26+)</option>",
      "target" : [ ".traveler-type > option[value=\"0\"]" ],
      "impact" : null,
      "any" : [ {
        "id" : "no-focusable-content",
        "impact" : "serious",
        "message" : "Element does not have focusable descendants",
        "data" : null,
        "relatedNodes" : [ ]
      } ],
      "all" : [ ],
      "none" : [ ],
      "failureSummary" : null
    }, {
      "html" : "<option value=\"1\">Youth (12-25)</option>",
      "target" : [ "#passenger0 > .age-range.wrapper > .traveler-type > option[value=\"1\"]" ],
      "impact" : null,
      "any" : [ {
        "id" : "no-focusable-content",
        "impact" : "serious",
        "message" : "Element does not have focusable descendants",
        "data" : null,
        "relatedNodes" : [ ]
      } ],
      "all" : [ ],
      "none" : [ ],
      "failureSummary" : null
    }, {
      "html" : "<option value=\"2\">Child (4-11)</option>",
      "target" : [ ".traveler-type > option[value=\"2\"]" ],
      "impact" : null,
      "any" : [ {
        "id" : "no-focusable-content",
        "impact" : "serious",
        "message" : "Element does not have focusable descendants",
        "data" : null,
        "relatedNodes" : [ ]
      } ],
      "all" : [ ],
      "none" : [ ],
      "failureSummary" : null
    }, {
      "html" : "<option value=\"3\">Senior (60+)</option>",
      "target" : [ ".traveler-type > option[value=\"3\"]" ],
      "impact" : null,
      "any" : [ {
        "id" : "no-focusable-content",
        "impact" : "serious",
        "message" : "Element does not have focusable descendants",
        "data" : null,
        "relatedNodes" : [ ]
      } ],
      "all" : [ ],
      "none" : [ ],
      "failureSummary" : null
    }, {
      "html" : "<input id=\"fs-submit\" type=\"submit\" class=\"btn btn-large submit-form\" value=\"Search\">",
      "target" : [ "#fs-submit" ],
      "impact" : null,
      "any" : [ {
        "id" : "no-focusable-content",
        "impact" : "serious",
        "message" : "Element does not have focusable descendants",
        "data" : null,
        "relatedNodes" : [ ]
      } ],
      "all" : [ ],
      "none" : [ ],
      "failureSummary" : null
    }, {
      "html" : "<button class=\"ytp-button ytp-overflow-button ytp-overflow-button-visible\" title=\"More\" aria-haspopup=\"true\" aria-owns=\"ytp-id-31\" aria-label=\"More\">",
      "target" : [ "#player", ".ytp-overflow-button" ],
      "impact" : null,
      "any" : [ {
        "id" : "no-focusable-content",
        "impact" : "serious",
        "message" : "Element does not have focusable descendants",
        "data" : null,
        "relatedNodes" : [ ]
      } ],
      "all" : [ ],
      "none" : [ ],
      "failureSummary" : null
    }, {
      "html" : "<button class=\"ytp-large-play-button ytp-button ytp-large-play-button-red-bg\" aria-label=\"Play\">",
      "target" : [ "#player", ".ytp-large-play-button" ],
      "impact" : null,
      "any" : [ {
        "id" : "no-focusable-content",
        "impact" : "serious",
        "message" : "Element does not have focusable descendants",
        "data" : null,
        "relatedNodes" : [ ]
      } ],
      "all" : [ ],
      "none" : [ ],
      "failureSummary" : null
    }, {
      "html" : "<button type=\"submit\"><i class=\"pluginButtonIcon img sp_like sx_like_thumb\"></i>Like</button>",
      "target" : [ "#fafbba78", ".pluginConnectButtonDisconnected > div > button" ],
      "impact" : null,
      "any" : [ {
        "id" : "no-focusable-content",
        "impact" : "serious",
        "message" : "Element does not have focusable descendants",
        "data" : null,
        "relatedNodes" : [ ]
      } ],
      "all" : [ ],
      "none" : [ ],
      "failureSummary" : null
    }, {
      "html" : "<img src=\"/assets/demo-sites/mars/images/gplus-32.png\" alt=\"Google+\" style=\"border:0;width:32px;height:32px;\">",
      "target" : [ "img[alt=\"Google+\"]" ],
      "impact" : null,
      "any" : [ {
        "id" : "no-focusable-content",
        "impact" : "serious",
        "message" : "Element does not have focusable descendants",
        "data" : null,
        "relatedNodes" : [ ]
      } ],
      "all" : [ ],
      "none" : [ ],
      "failureSummary" : null
    } ],
    "url" : null,
    "createdDate" : null
  }, {
    "id" : "page-has-heading-one",
    "description" : "Ensure that the page, or at least one of its frames contains a level-one heading",
    "help" : "Page should contain a level-one heading",
    "helpUrl" : "https://dequeuniversity.com/rules/axe/4.6/page-has-heading-one?application=axeAPI",
    "impact" : "",
    "tags" : [ "cat.semantics", "best-practice" ],
    "nodes" : [ {
      "html" : "<html class=\" js no-flexbox flexbox-legacy canvas canvastext webgl no-touch geolocation postmessage websqldatabase indexeddb hashchange history draganddrop websockets rgba hsla multiplebgs backgroundsize borderimage borderradius boxshadow textshadow opacity cssanimations csscolumns cssgradients cssreflections csstransforms csstransforms3d csstransitions fontface generatedcontent video audio localstorage sessionstorage webworkers applicationcache svg inlinesvg smil svgclippaths js no-flexbox flexbox-legacy canvas canvastext webgl no-touch geolocation postmessage websqldatabase indexeddb hashchange history draganddrop websockets rgba hsla multiplebgs backgroundsize borderimage borderradius boxshadow textshadow opacity cssanimations csscolumns cssgradients cssreflections csstransforms csstransforms3d csstransitions fontface generatedcontent video audio localstorage sessionstorage webworkers no-applicationcache svg inlinesvg smil svgclippaths\">",
      "target" : [ "html" ],
      "impact" : null,
      "any" : [ ],
      "all" : [ {
        "id" : "page-has-heading-one",
        "impact" : "moderate",
        "message" : "Page has at least one level-one heading",
        "data" : null,
        "relatedNodes" : [ {
          "html" : "<h1 style=\"color:#eee;\">Destination Mars </h1>",
          "target" : [ "h1" ]
        } ]
      } ],
      "none" : [ ],
      "failureSummary" : null
    }, {
      "html" : "<html lang=\"en\" dir=\"ltr\" data-cast-api-enabled=\"true\">",
      "target" : [ "#player", "html" ],
      "impact" : null,
      "any" : [ ],
      "all" : [ {
        "id" : "page-has-heading-one",
        "impact" : "moderate",
        "message" : "Page has at least one level-one heading",
        "data" : null,
        "relatedNodes" : [ ]
      } ],
      "none" : [ ],
      "failureSummary" : null
    }, {
      "html" : "<html lang=\"en\" id=\"facebook\" class=\"\">",
      "target" : [ "#fafbba78", "#facebook" ],
      "impact" : null,
      "any" : [ ],
      "all" : [ {
        "id" : "page-has-heading-one",
        "impact" : "moderate",
        "message" : "Page has at least one level-one heading",
        "data" : null,
        "relatedNodes" : [ ]
      } ],
      "none" : [ ],
      "failureSummary" : null
    }, {
      "html" : "<html lang=\"en\" class=\" xl en\">",
      "target" : [ ".twitter-follow-button", "html" ],
      "impact" : null,
      "any" : [ ],
      "all" : [ {
        "id" : "page-has-heading-one",
        "impact" : "moderate",
        "message" : "Page has at least one level-one heading",
        "data" : null,
        "relatedNodes" : [ ]
      } ],
      "none" : [ ],
      "failureSummary" : null
    } ],
    "url" : null,
    "createdDate" : null
  }, {
    "id" : "presentation-role-conflict",
    "description" : "Elements marked as presentational should not have global ARIA or tabindex to ensure all screen readers ignore them",
    "help" : "Ensure elements marked as presentational are consistently ignored",
    "helpUrl" : "https://dequeuniversity.com/rules/axe/4.6/presentation-role-conflict?application=axeAPI",
    "impact" : "",
    "tags" : [ "cat.aria", "best-practice", "ACT" ],
    "nodes" : [ {
      "html" : "<img height=\"1\" width=\"1\" style=\"border-style:none;\" alt=\"\" src=\"/assets/demo-sites/mars/js/out\">",
      "target" : [ "div:nth-child(1) > img[src$=\"out\"][alt=\"\"][height=\"1\"]" ],
      "impact" : null,
      "any" : [ ],
      "all" : [ ],
      "none" : [ {
        "id" : "is-element-focusable",
        "impact" : "minor",
        "message" : "Element is focusable.",
        "data" : null,
        "relatedNodes" : [ ]
      }, {
        "id" : "has-global-aria-attribute",
        "impact" : "minor",
        "message" : "Element has global ARIA attributes: ",
        "data" : [ ],
        "relatedNodes" : [ ]
      } ],
      "failureSummary" : null
    }, {
      "html" : "<img height=\"1\" width=\"1\" style=\"border-style:none;\" alt=\"\" src=\"/assets/demo-sites/mars/js/saved_resource\">",
      "target" : [ "div:nth-child(1) > img[alt=\"\"][height=\"1\"][width=\"1\"]:nth-child(2)" ],
      "impact" : null,
      "any" : [ ],
      "all" : [ ],
      "none" : [ {
        "id" : "is-element-focusable",
        "impact" : "minor",
        "message" : "Element is focusable.",
        "data" : null,
        "relatedNodes" : [ ]
      }, {
        "id" : "has-global-aria-attribute",
        "impact" : "minor",
        "message" : "Element has global ARIA attributes: ",
        "data" : [ ],
        "relatedNodes" : [ ]
      } ],
      "failureSummary" : null
    }, {
      "html" : "<img src=\"../images/f.gif\" alt=\"\" style=\"position: absolute; height: 1px; width: 1px; top: -9999px; left: -9999px;\">",
      "target" : [ ".twitter-follow-button", "img[src=\"../images/f.gif\"]" ],
      "impact" : null,
      "any" : [ ],
      "all" : [ ],
      "none" : [ {
        "id" : "is-element-focusable",
        "impact" : "minor",
        "message" : "Element is focusable.",
        "data" : null,
        "relatedNodes" : [ ]
      }, {
        "id" : "has-global-aria-attribute",
        "impact" : "minor",
        "message" : "Element has global ARIA attributes: ",
        "data" : [ ],
        "relatedNodes" : [ ]
      } ],
      "failureSummary" : null
    }, {
      "html" : "<img src=\"jot\" alt=\"\" style=\"position: absolute; height: 1px; width: 1px; top: -9999px; left: -9999px;\">",
      "target" : [ ".twitter-follow-button", "img[src$=\"jot\"]" ],
      "impact" : null,
      "any" : [ ],
      "all" : [ ],
      "none" : [ {
        "id" : "is-element-focusable",
        "impact" : "minor",
        "message" : "Element is focusable.",
        "data" : null,
        "relatedNodes" : [ ]
      }, {
        "id" : "has-global-aria-attribute",
        "impact" : "minor",
        "message" : "Element has global ARIA attributes: ",
        "data" : [ ],
        "relatedNodes" : [ ]
      } ],
      "failureSummary" : null
    } ],
    "url" : null,
    "createdDate" : null
  }, {
    "id" : "region",
    "description" : "Ensures all page content is contained by landmarks",
    "help" : "All page content should be contained by landmarks",
    "helpUrl" : "https://dequeuniversity.com/rules/axe/4.6/region?application=axeAPI",
    "impact" : "moderate",
    "tags" : [ "cat.keyboard", "best-practice" ],
    "nodes" : [ {
      "html" : "<img height=\"1\" width=\"1\" style=\"border-style:none;\" alt=\"\" src=\"/assets/demo-sites/mars/js/out\">",
      "target" : [ "div:nth-child(1) > img[src$=\"out\"][alt=\"\"][height=\"1\"]" ],
      "impact" : null,
      "any" : [ {
        "id" : "region",
        "impact" : "moderate",
        "message" : "All page content is contained by landmarks",
        "data" : {
          "isIframe" : false
        },
        "relatedNodes" : [ ]
      } ],
      "all" : [ ],
      "none" : [ ],
      "failureSummary" : null
    }, {
      "html" : "<img height=\"1\" width=\"1\" style=\"border-style:none;\" alt=\"\" src=\"/assets/demo-sites/mars/js/saved_resource\">",
      "target" : [ "div:nth-child(1) > img[alt=\"\"][height=\"1\"][width=\"1\"]:nth-child(2)" ],
      "impact" : null,
      "any" : [ {
        "id" : "region",
        "impact" : "moderate",
        "message" : "All page content is contained by landmarks",
        "data" : {
          "isIframe" : false
        },
        "relatedNodes" : [ ]
      } ],
      "all" : [ ],
      "none" : [ ],
      "failureSummary" : null
    }, {
      "html" : "<img src=\"/assets/demo-sites/mars/js/seg\" width=\"1\" height=\"1\">",
      "target" : [ "img[src$=\"seg\"]" ],
      "impact" : null,
      "any" : [ {
        "id" : "region",
        "impact" : "moderate",
        "message" : "All page content is contained by landmarks",
        "data" : {
          "isIframe" : false
        },
        "relatedNodes" : [ ]
      } ],
      "all" : [ ],
      "none" : [ ],
      "failureSummary" : null
    }, {
      "html" : "<div id=\"fb-root\" class=\" fb_reset\">",
      "target" : [ "#fb-root" ],
      "impact" : null,
      "any" : [ {
        "id" : "region",
        "impact" : "moderate",
        "message" : "All page content is contained by landmarks",
        "data" : {
          "isIframe" : false
        },
        "relatedNodes" : [ ]
      } ],
      "all" : [ ],
      "none" : [ ],
      "failureSummary" : null
    }, {
      "html" : "<div style=\"position: absolute; top: -10000px; height: 0px; width: 0px;\"><div></div></div>",
      "target" : [ "#fb-root > div:nth-child(1)" ],
      "impact" : null,
      "any" : [ {
        "id" : "region",
        "impact" : "moderate",
        "message" : "All page content is contained by landmarks",
        "data" : {
          "isIframe" : false
        },
        "relatedNodes" : [ ]
      } ],
      "all" : [ ],
      "none" : [ ],
      "failureSummary" : null
    }, {
      "html" : "<div></div>",
      "target" : [ "#fb-root > div:nth-child(1) > div" ],
      "impact" : null,
      "any" : [ {
        "id" : "region",
        "impact" : "moderate",
        "message" : "All page content is contained by landmarks",
        "data" : {
          "isIframe" : false
        },
        "relatedNodes" : [ ]
      } ],
      "all" : [ ],
      "none" : [ ],
      "failureSummary" : null
    }, {
      "html" : "<div style=\"position: absolute; top: -10000px; height: 0px; width: 0px;\">",
      "target" : [ "#fb-root > div:nth-child(2)" ],
      "impact" : null,
      "any" : [ {
        "id" : "region",
        "impact" : "moderate",
        "message" : "All page content is contained by landmarks",
        "data" : {
          "isIframe" : false
        },
        "relatedNodes" : [ ]
      } ],
      "all" : [ ],
      "none" : [ ],
      "failureSummary" : null
    }, {
      "html" : "<div>",
      "target" : [ "#fb-root > div:nth-child(2) > div" ],
      "impact" : null,
      "any" : [ {
        "id" : "region",
        "impact" : "moderate",
        "message" : "All page content is contained by landmarks",
        "data" : {
          "isIframe" : false
        },
        "relatedNodes" : [ ]
      } ],
      "all" : [ ],
      "none" : [ ],
      "failureSummary" : null
    }, {
      "html" : "<div class=\"loginnow\" style=\"display: inline;\">",
      "target" : [ ".loginnow" ],
      "impact" : null,
      "any" : [ {
        "id" : "region",
        "impact" : "moderate",
        "message" : "All page content is contained by landmarks",
        "data" : {
          "isIframe" : false
        },
        "relatedNodes" : [ ]
      } ],
      "all" : [ ],
      "none" : [ ],
      "failureSummary" : null
    }, {
      "html" : "<div id=\"control-panel\" class=\"container-fluid-full\">",
      "target" : [ ".loginnow > .container-fluid-full" ],
      "impact" : null,
      "any" : [ {
        "id" : "region",
        "impact" : "moderate",
        "message" : "All page content is contained by landmarks",
        "data" : {
          "isIframe" : false
        },
        "relatedNodes" : [ ]
      } ],
      "all" : [ ],
      "none" : [ ],
      "failureSummary" : null
    }, {
      "html" : "<div class=\"container\">",
      "target" : [ ".loginnow > .container-fluid-full > .container" ],
      "impact" : null,
      "any" : [ {
        "id" : "region",
        "impact" : "moderate",
        "message" : "All page content is contained by landmarks",
        "data" : {
          "isIframe" : false
        },
        "relatedNodes" : [ ]
      } ],
      "all" : [ ],
      "none" : [ ],
      "failureSummary" : null
    }, {
      "html" : "<div class=\"span5 left-first pull-left\">",
      "target" : [ ".loginnow > .container-fluid-full > .container > .span5.pull-left.left-first" ],
      "impact" : null,
      "any" : [ {
        "id" : "region",
        "impact" : "moderate",
        "message" : "All page content is contained by landmarks",
        "data" : {
          "isIframe" : false
        },
        "relatedNodes" : [ ]
      } ],
      "all" : [ ],
      "none" : [ ],
      "failureSummary" : null
    }, {
      "html" : "<nav id=\"left-control-nav\" class=\"pull-left\">",
      "target" : [ ".loginnow > .container-fluid-full > .container > .span5.pull-left.left-first > .pull-left:nth-child(1)" ],
      "impact" : null,
      "any" : [ {
        "id" : "region",
        "impact" : "moderate",
        "message" : "All page content is contained by landmarks",
        "data" : {
          "isIframe" : false
        },
        "relatedNodes" : [ ]
      } ],
      "all" : [ ],
      "none" : [ ],
      "failureSummary" : null
    }, {
      "html" : "<ul>",
      "target" : [ ".loginnow > .container-fluid-full > .container > .span5.pull-left.left-first > .pull-left:nth-child(1) > ul" ],
      "impact" : null,
      "any" : [ {
        "id" : "region",
        "impact" : "moderate",
        "message" : "All page content is contained by landmarks",
        "data" : {
          "isIframe" : false
        },
        "relatedNodes" : [ ]
      } ],
      "all" : [ ],
      "none" : [ ],
      "failureSummary" : null
    }, {
      "html" : "<li class=\"left-first add-trip\"><a href=\"mars2.html?a=add_trip.html\"><i class=\"icon-control-add-trip\"></i><span class=\"link-text\">Add a trip</span></a></li>",
      "target" : [ ".loginnow > .container-fluid-full > .container > .span5.pull-left.left-first > .pull-left:nth-child(1) > ul > .add-trip.left-first" ],
      "impact" : null,
      "any" : [ {
        "id" : "region",
        "impact" : "moderate",
        "message" : "All page content is contained by landmarks",
        "data" : {
          "isIframe" : false
        },
        "relatedNodes" : [ ]
      } ],
      "all" : [ ],
      "none" : [ ],
      "failureSummary" : null
    }, {
      "html" : "<a href=\"mars2.html?a=add_trip.html\"><i class=\"icon-control-add-trip\"></i><span class=\"link-text\">Add a trip</span></a>",
      "target" : [ "a[href=\"mars2.html?a=add_trip.html\"]" ],
      "impact" : null,
      "any" : [ {
        "id" : "region",
        "impact" : "moderate",
        "message" : "All page content is contained by landmarks",
        "data" : {
          "isIframe" : false
        },
        "relatedNodes" : [ ]
      } ],
      "all" : [ ],
      "none" : [ ],
      "failureSummary" : null
    }, {
      "html" : "<i class=\"icon-control-add-trip\"></i>",
      "target" : [ "a[href=\"mars2.html?a=add_trip.html\"] > .icon-control-add-trip" ],
      "impact" : null,
      "any" : [ {
        "id" : "region",
        "impact" : "moderate",
        "message" : "All page content is contained by landmarks",
        "data" : {
          "isIframe" : false
        },
        "relatedNodes" : [ ]
      } ],
      "all" : [ ],
      "none" : [ ],
      "failureSummary" : null
    }, {
      "html" : "<span class=\"link-text\">Add a trip</span>",
      "target" : [ "a[href=\"mars2.html?a=add_trip.html\"] > .link-text" ],
      "impact" : null,
      "any" : [ {
        "id" : "region",
        "impact" : "moderate",
        "message" : "All page content is contained by landmarks",
        "data" : {
          "isIframe" : false
        },
        "relatedNodes" : [ ]
      } ],
      "all" : [ ],
      "none" : [ ],
      "failureSummary" : null
    }, {
      "html" : "<li class=\"find-pass\"><a href=\"mars2.html?a=find_pass.html\"><i class=\"icon-control-find\"></i><span class=\"link-text\">Find a pass</span></a></li>",
      "target" : [ ".loginnow > .container-fluid-full > .container > .span5.pull-left.left-first > .pull-left:nth-child(1) > ul > .find-pass" ],
      "impact" : null,
      "any" : [ {
        "id" : "region",
        "impact" : "moderate",
        "message" : "All page content is contained by landmarks",
        "data" : {
          "isIframe" : false
        },
        "relatedNodes" : [ ]
      } ],
      "all" : [ ],
      "none" : [ ],
      "failureSummary" : null
    }, {
      "html" : "<a href=\"mars2.html?a=find_pass.html\"><i class=\"icon-control-find\"></i><span class=\"link-text\">Find a pass</span></a>",
      "target" : [ "a[href=\"mars2.html?a=find_pass.html\"]" ],
      "impact" : null,
      "any" : [ {
        "id" : "region",
        "impact" : "moderate",
        "message" : "All page content is contained by landmarks",
        "data" : {
          "isIframe" : false
        },
        "relatedNodes" : [ ]
      } ],
      "all" : [ ],
      "none" : [ ],
      "failureSummary" : null
    }, {
      "html" : "<i class=\"icon-control-find\"></i>",
      "target" : [ "a[href=\"mars2.html?a=find_pass.html\"] > .icon-control-find" ],
      "impact" : null,
      "any" : [ {
        "id" : "region",
        "impact" : "moderate",
        "message" : "All page content is contained by landmarks",
        "data" : {
          "isIframe" : false
        },
        "relatedNodes" : [ ]
      } ],
      "all" : [ ],
      "none" : [ ],
      "failureSummary" : null
    }, {
      "html" : "<span class=\"link-text\">Find a pass</span>",
      "target" : [ "a[href=\"mars2.html?a=find_pass.html\"] > .link-text" ],
      "impact" : null,
      "any" : [ {
        "id" : "region",
        "impact" : "moderate",
        "message" : "All page content is contained by landmarks",
        "data" : {
          "isIframe" : false
        },
        "relatedNodes" : [ ]
      } ],
      "all" : [ ],
      "none" : [ ],
      "failureSummary" : null
    }, {
      "html" : "<div id=\"search-bar\" class=\"pull-left\">\n<form id=\"search\" action=\"/demo/mars/mars2\" method=\"get\">\n<input type=\"hidden\" name=\"fn\" value=\"Search\">\n<input type=\"text\" class=\"search\" name=\"query\" placeholder=\"search\">\n<input type=\"submit\" class=\"control-search\">\n</form>\n</div>",
      "target" : [ ".loginnow > .container-fluid-full > .container > .span5.pull-left.left-first > .pull-left:nth-child(2)" ],
      "impact" : null,
      "any" : [ {
        "id" : "region",
        "impact" : "moderate",
        "message" : "All page content is contained by landmarks",
        "data" : {
          "isIframe" : false
        },
        "relatedNodes" : [ ]
      } ],
      "all" : [ ],
      "none" : [ ],
      "failureSummary" : null
    }, {
      "html" : "<form id=\"search\" action=\"/demo/mars/mars2\" method=\"get\">\n<input type=\"hidden\" name=\"fn\" value=\"Search\">\n<input type=\"text\" class=\"search\" name=\"query\" placeholder=\"search\">\n<input type=\"submit\" class=\"control-search\">\n</form>",
      "target" : [ ".loginnow > .container-fluid-full > .container > .span5.pull-left.left-first > .pull-left:nth-child(2) > form[method=\"get\"][action=\"/demo/mars/mars2\"]" ],
      "impact" : null,
      "any" : [ {
        "id" : "region",
        "impact" : "moderate",
        "message" : "All page content is contained by landmarks",
        "data" : {
          "isIframe" : false
        },
        "relatedNodes" : [ ]
      } ],
      "all" : [ ],
      "none" : [ ],
      "failureSummary" : null
    }, {
      "html" : "<input type=\"submit\" class=\"control-search\">",
      "target" : [ ".loginnow > .container-fluid-full > .container > .span5.pull-left.left-first > .pull-left:nth-child(2) > form[method=\"get\"][action=\"/demo/mars/mars2\"] > .control-search[type=\"submit\"]" ],
      "impact" : null,
      "any" : [ {
        "id" : "region",
        "impact" : "moderate",
        "message" : "All page content is contained by landmarks",
        "data" : {
          "isIframe" : false
        },
        "relatedNodes" : [ ]
      } ],
      "all" : [ ],
      "none" : [ ],
      "failureSummary" : null
    }, {
      "html" : "<div class=\"span7 pull-right\" style=\"display: inline;\">",
      "target" : [ ".loginnow > .container-fluid-full > .container > .span7.pull-right" ],
      "impact" : null,
      "any" : [ {
        "id" : "region",
        "impact" : "moderate",
        "message" : "All page content is contained by landmarks",
        "data" : {
          "isIframe" : false
        },
        "relatedNodes" : [ ]
      } ],
      "all" : [ ],
      "none" : [ ],
      "failureSummary" : null
    }, {
      "html" : "<nav id=\"right-control-nav\" class=\"pull-right\" style=\"display: inline;\">",
      "target" : [ ".loginnow > .container-fluid-full > .container > .span7.pull-right > .pull-right" ],
      "impact" : null,
      "any" : [ {
        "id" : "region",
        "impact" : "moderate",
        "message" : "All page content is contained by landmarks",
        "data" : {
          "isIframe" : false
        },
        "relatedNodes" : [ ]
      } ],
      "all" : [ ],
      "none" : [ ],
      "failureSummary" : null
    }, {
      "html" : "<ul>",
      "target" : [ ".loginnow > .container-fluid-full > .container > .span7.pull-right > .pull-right > ul" ],
      "impact" : null,
      "any" : [ {
        "id" : "region",
        "impact" : "moderate",
        "message" : "All page content is contained by landmarks",
        "data" : {
          "isIframe" : false
        },
        "relatedNodes" : [ ]
      } ],
      "all" : [ ],
      "none" : [ ],
      "failureSummary" : null
    }, {
      "html" : "<li class=\"left-first my-account anonymous last\">",
      "target" : [ ".anonymous" ],
      "impact" : null,
      "any" : [ {
        "id" : "region",
        "impact" : "moderate",
        "message" : "All page content is contained by landmarks",
        "data" : {
          "isIframe" : false
        },
        "relatedNodes" : [ ]
      } ],
      "all" : [ ],
      "none" : [ ],
      "failureSummary" : null
    }, {
      "html" : "<div class=\"content\">",
      "target" : [ ".content" ],
      "impact" : null,
      "any" : [ {
        "id" : "region",
        "impact" : "moderate",
        "message" : "All page content is contained by landmarks",
        "data" : {
          "isIframe" : false
        },
        "relatedNodes" : [ ]
      } ],
      "all" : [ ],
      "none" : [ ],
      "failureSummary" : null
    }, {
      "html" : "<div class=\"fb-login\">\n<a class=\"facebook-pop fb_button fb_button_medium\" href=\"mars2.html?a=facebook_login.html\">\n<span class=\"fb_button_text\">Login</span>\n</a>\n</div>",
      "target" : [ ".fb-login" ],
      "impact" : null,
      "any" : [ {
        "id" : "region",
        "impact" : "moderate",
        "message" : "All page content is contained by landmarks",
        "data" : {
          "isIframe" : false
        },
        "relatedNodes" : [ ]
      } ],
      "all" : [ ],
      "none" : [ ],
      "failureSummary" : null
    }, {
      "html" : "<a class=\"facebook-pop fb_button fb_button_medium\" href=\"mars2.html?a=facebook_login.html\">\n<span class=\"fb_button_text\">Login</span>\n</a>",
      "target" : [ ".facebook-pop" ],
      "impact" : null,
      "any" : [ {
        "id" : "region",
        "impact" : "moderate",
        "message" : "All page content is contained by landmarks",
        "data" : {
          "isIframe" : false
        },
        "relatedNodes" : [ ]
      } ],
      "all" : [ ],
      "none" : [ ],
      "failureSummary" : null
    }, {
      "html" : "<span class=\"fb_button_text\">Login</span>",
      "target" : [ ".fb_button_text" ],
      "impact" : null,
      "any" : [ {
        "id" : "region",
        "impact" : "moderate",
        "message" : "All page content is contained by landmarks",
        "data" : {
          "isIframe" : false
        },
        "relatedNodes" : [ ]
      } ],
      "all" : [ ],
      "none" : [ ],
      "failureSummary" : null
    }, {
      "html" : "<div class=\"link-text\">or</div>",
      "target" : [ ".content > .link-text" ],
      "impact" : null,
      "any" : [ {
        "id" : "region",
        "impact" : "moderate",
        "message" : "All page content is contained by landmarks",
        "data" : {
          "isIframe" : false
        },
        "relatedNodes" : [ ]
      } ],
      "all" : [ ],
      "none" : [ ],
      "failureSummary" : null
    }, {
      "html" : "<div class=\"re-signup\"><a href=\"mars2.html?a=sign_in\">Sign In&nbsp;</a>\n</div>",
      "target" : [ ".re-signup" ],
      "impact" : null,
      "any" : [ {
        "id" : "region",
        "impact" : "moderate",
        "message" : "All page content is contained by landmarks",
        "data" : {
          "isIframe" : false
        },
        "relatedNodes" : [ ]
      } ],
      "all" : [ ],
      "none" : [ ],
      "failureSummary" : null
    }, {
      "html" : "<a href=\"mars2.html?a=sign_in\">Sign In&nbsp;</a>",
      "target" : [ "a[href=\"mars2.html?a=sign_in\"]" ],
      "impact" : null,
      "any" : [ {
        "id" : "region",
        "impact" : "moderate",
        "message" : "All page content is contained by landmarks",
        "data" : {
          "isIframe" : false
        },
        "relatedNodes" : [ ]
      } ],
      "all" : [ ],
      "none" : [ ],
      "failureSummary" : null
    }, {
      "html" : "<li class=\"my-itinerary dropdown\"><a href=\"mars2.html?a=cart\" class=\"dropdown-toggle\" data-toggle=\"dropdown\">\n<i class=\"icon-control-itinerary\"></i>\n<span class=\"link-text\">My Cart</span>\n<span class=\"link-text price-recap\">$0.00</span>\n</a>\n</li>",
      "target" : [ ".loginnow > .container-fluid-full > .container > .span7.pull-right > .pull-right > ul > .my-itinerary.dropdown" ],
      "impact" : null,
      "any" : [ {
        "id" : "region",
        "impact" : "moderate",
        "message" : "All page content is contained by landmarks",
        "data" : {
          "isIframe" : false
        },
        "relatedNodes" : [ ]
      } ],
      "all" : [ ],
      "none" : [ ],
      "failureSummary" : null
    }, {
      "html" : "<a href=\"mars2.html?a=cart\" class=\"dropdown-toggle\" data-toggle=\"dropdown\">\n<i class=\"icon-control-itinerary\"></i>\n<span class=\"link-text\">My Cart</span>\n<span class=\"link-text price-recap\">$0.00</span>\n</a>",
      "target" : [ "a[href=\"mars2.html?a=cart\"]" ],
      "impact" : null,
      "any" : [ {
        "id" : "region",
        "impact" : "moderate",
        "message" : "All page content is contained by landmarks",
        "data" : {
          "isIframe" : false
        },
        "relatedNodes" : [ ]
      } ],
      "all" : [ ],
      "none" : [ ],
      "failureSummary" : null
    }, {
      "html" : "<i class=\"icon-control-itinerary\"></i>",
      "target" : [ "a[href=\"mars2.html?a=cart\"] > .icon-control-itinerary" ],
      "impact" : null,
      "any" : [ {
        "id" : "region",
        "impact" : "moderate",
        "message" : "All page content is contained by landmarks",
        "data" : {
          "isIframe" : false
        },
        "relatedNodes" : [ ]
      } ],
      "all" : [ ],
      "none" : [ ],
      "failureSummary" : null
    }, {
      "html" : "<span class=\"link-text\">My Cart</span>",
      "target" : [ "a[href=\"mars2.html?a=cart\"] > .link-text:nth-child(2)" ],
      "impact" : null,
      "any" : [ {
        "id" : "region",
        "impact" : "moderate",
        "message" : "All page content is contained by landmarks",
        "data" : {
          "isIframe" : false
        },
        "relatedNodes" : [ ]
      } ],
      "all" : [ ],
      "none" : [ ],
      "failureSummary" : null
    }, {
      "html" : "<span class=\"link-text price-recap\">$0.00</span>",
      "target" : [ "a[href=\"mars2.html?a=cart\"] > .price-recap.link-text" ],
      "impact" : null,
      "any" : [ {
        "id" : "region",
        "impact" : "moderate",
        "message" : "All page content is contained by landmarks",
        "data" : {
          "isIframe" : false
        },
        "relatedNodes" : [ ]
      } ],
      "all" : [ ],
      "none" : [ ],
      "failureSummary" : null
    }, {
      "html" : "<div id=\"header-panel\" class=\"container\">",
      "target" : [ "#header-panel" ],
      "impact" : null,
      "any" : [ {
        "id" : "region",
        "impact" : "moderate",
        "message" : "All page content is contained by landmarks",
        "data" : {
          "isIframe" : false
        },
        "relatedNodes" : [ ]
      } ],
      "all" : [ ],
      "none" : [ ],
      "failureSummary" : null
    }, {
      "html" : "<div class=\"span5 left-first\">\n<div class=\"pull-left\" id=\"logo\">\n<a href=\"demo/mars/#\" title=\"MarsCommuter®\">\n<i class=\"icon-logo\"></i>\n</a>\n    </div>\n    \n  </div>",
      "target" : [ "#header-panel > .span5.left-first" ],
      "impact" : null,
      "any" : [ {
        "id" : "region",
        "impact" : "moderate",
        "message" : "All page content is contained by landmarks",
        "data" : {
          "isIframe" : false
        },
        "relatedNodes" : [ ]
      } ],
      "all" : [ ],
      "none" : [ ],
      "failureSummary" : null
    }, {
      "html" : "<div class=\"pull-left\" id=\"logo\">\n<a href=\"demo/mars/#\" title=\"MarsCommuter®\">\n<i class=\"icon-logo\"></i>\n</a>\n    </div>",
      "target" : [ "#logo" ],
      "impact" : null,
      "any" : [ {
        "id" : "region",
        "impact" : "moderate",
        "message" : "All page content is contained by landmarks",
        "data" : {
          "isIframe" : false
        },
        "relatedNodes" : [ ]
      } ],
      "all" : [ ],
      "none" : [ ],
      "failureSummary" : null
    }, {
      "html" : "<a href=\"demo/mars/#\" title=\"MarsCommuter®\">\n<i class=\"icon-logo\"></i>\n</a>",
      "target" : [ "a[title=\"MarsCommuter®\"]" ],
      "impact" : null,
      "any" : [ {
        "id" : "region",
        "impact" : "moderate",
        "message" : "All page content is contained by landmarks",
        "data" : {
          "isIframe" : false
        },
        "relatedNodes" : [ ]
      } ],
      "all" : [ ],
      "none" : [ ],
      "failureSummary" : null
    }, {
      "html" : "<i class=\"icon-logo\"></i>",
      "target" : [ ".icon-logo" ],
      "impact" : null,
      "any" : [ {
        "id" : "region",
        "impact" : "moderate",
        "message" : "All page content is contained by landmarks",
        "data" : {
          "isIframe" : false
        },
        "relatedNodes" : [ ]
      } ],
      "all" : [ ],
      "none" : [ ],
      "failureSummary" : null
    }, {
      "html" : "<div class=\"span7\">",
      "target" : [ "#header-panel > .span7" ],
      "impact" : null,
      "any" : [ {
        "id" : "region",
        "impact" : "moderate",
        "message" : "All page content is contained by landmarks",
        "data" : {
          "isIframe" : false
        },
        "relatedNodes" : [ ]
      } ],
      "all" : [ ],
      "none" : [ ],
      "failureSummary" : null
    }, {
      "html" : "<div id=\"identity\" class=\"pull-right\">\n        <span class=\"loggedin first\" style=\"display: none;\">\n          You are signed in as <a href=\"mars2.html?a=email\"><span id=\"email\"></span> </a>\n        </span>\n</div>",
      "target" : [ "#identity" ],
      "impact" : null,
      "any" : [ {
        "id" : "region",
        "impact" : "moderate",
        "message" : "All page content is contained by landmarks",
        "data" : {
          "isIframe" : false
        },
        "relatedNodes" : [ ]
      } ],
      "all" : [ ],
      "none" : [ ],
      "failureSummary" : null
    }, {
      "html" : "<div id=\"language-bar\" class=\"pull-right\">",
      "target" : [ "#language-bar" ],
      "impact" : null,
      "any" : [ {
        "id" : "region",
        "impact" : "moderate",
        "message" : "All page content is contained by landmarks",
        "data" : {
          "isIframe" : false
        },
        "relatedNodes" : [ ]
      } ],
      "all" : [ ],
      "none" : [ ],
      "failureSummary" : null
    }, {
      "html" : "<nav>",
      "target" : [ "#language-bar > nav" ],
      "impact" : null,
      "any" : [ {
        "id" : "region",
        "impact" : "moderate",
        "message" : "All page content is contained by landmarks",
        "data" : {
          "isIframe" : false
        },
        "relatedNodes" : [ ]
      } ],
      "all" : [ ],
      "none" : [ ],
      "failureSummary" : null
    }, {
      "html" : "<ul>",
      "target" : [ "#language-bar > nav > ul" ],
      "impact" : null,
      "any" : [ {
        "id" : "region",
        "impact" : "moderate",
        "message" : "All page content is contained by landmarks",
        "data" : {
          "isIframe" : false
        },
        "relatedNodes" : [ ]
      } ],
      "all" : [ ],
      "none" : [ ],
      "failureSummary" : null
    }, {
      "html" : "<li class=\"travel-agents-select\"><a href=\"mars2.html?a=travel_agents\">Travel Agents</a></li>",
      "target" : [ ".travel-agents-select" ],
      "impact" : null,
      "any" : [ {
        "id" : "region",
        "impact" : "moderate",
        "message" : "All page content is contained by landmarks",
        "data" : {
          "isIframe" : false
        },
        "relatedNodes" : [ ]
      } ],
      "all" : [ ],
      "none" : [ ],
      "failureSummary" : null
    }, {
      "html" : "<a href=\"mars2.html?a=travel_agents\">Travel Agents</a>",
      "target" : [ "a[href=\"mars2.html?a=travel_agents\"]" ],
      "impact" : null,
      "any" : [ {
        "id" : "region",
        "impact" : "moderate",
        "message" : "All page content is contained by landmarks",
        "data" : {
          "isIframe" : false
        },
        "relatedNodes" : [ ]
      } ],
      "all" : [ ],
      "none" : [ ],
      "failureSummary" : null
    }, {
      "html" : "<li id=\"country-select\" class=\"dropdown\">\n\n<a href=\"javascript:;\" class=\"dropdown-toggle\" data-toggle=\"dropdown\">\nYour country<span class=\"currency-select\"><!--($USD)--></span>\n<i class=\"icon-langbar-down-arrow\"></i>\n</a><ul class=\"dropdown-menu\"></ul>\n</li>",
      "target" : [ "#country-select" ],
      "impact" : null,
      "any" : [ {
        "id" : "region",
        "impact" : "moderate",
        "message" : "All page content is contained by landmarks",
        "data" : {
          "isIframe" : false
        },
        "relatedNodes" : [ ]
      } ],
      "all" : [ ],
      "none" : [ ],
      "failureSummary" : null
    }, {
      "html" : "<a href=\"javascript:;\" class=\"dropdown-toggle\" data-toggle=\"dropdown\">\nYour country<span class=\"currency-select\"><!--($USD)--></span>\n<i class=\"icon-langbar-down-arrow\"></i>\n</a>",
      "target" : [ "#country-select > .dropdown-toggle[href=\"javascript:;\"][data-toggle=\"dropdown\"]" ],
      "impact" : null,
      "any" : [ {
        "id" : "region",
        "impact" : "moderate",
        "message" : "All page content is contained by landmarks",
        "data" : {
          "isIframe" : false
        },
        "relatedNodes" : [ ]
      } ],
      "all" : [ ],
      "none" : [ ],
      "failureSummary" : null
    }, {
      "html" : "<span class=\"currency-select\"><!--($USD)--></span>",
      "target" : [ ".currency-select" ],
      "impact" : null,
      "any" : [ {
        "id" : "region",
        "impact" : "moderate",
        "message" : "All page content is contained by landmarks",
        "data" : {
          "isIframe" : false
        },
        "relatedNodes" : [ ]
      } ],
      "all" : [ ],
      "none" : [ ],
      "failureSummary" : null
    }, {
      "html" : "<i class=\"icon-langbar-down-arrow\"></i>",
      "target" : [ "#country-select > .dropdown-toggle[href=\"javascript:;\"][data-toggle=\"dropdown\"] > .icon-langbar-down-arrow" ],
      "impact" : null,
      "any" : [ {
        "id" : "region",
        "impact" : "moderate",
        "message" : "All page content is contained by landmarks",
        "data" : {
          "isIframe" : false
        },
        "relatedNodes" : [ ]
      } ],
      "all" : [ ],
      "none" : [ ],
      "failureSummary" : null
    }, {
      "html" : "<li class=\"language-select dropdown\">",
      "target" : [ ".language-select" ],
      "impact" : null,
      "any" : [ {
        "id" : "region",
        "impact" : "moderate",
        "message" : "All page content is contained by landmarks",
        "data" : {
          "isIframe" : false
        },
        "relatedNodes" : [ ]
      } ],
      "all" : [ ],
      "none" : [ ],
      "failureSummary" : null
    }, {
      "html" : "<a href=\"javascript:;\" class=\"dropdown-toggle\" data-toggle=\"dropdown\">\nYour language<i class=\"icon-langbar-down-arrow\"></i>\n</a>",
      "target" : [ ".language-select > .dropdown-toggle[href=\"javascript:;\"][data-toggle=\"dropdown\"]" ],
      "impact" : null,
      "any" : [ {
        "id" : "region",
        "impact" : "moderate",
        "message" : "All page content is contained by landmarks",
        "data" : {
          "isIframe" : false
        },
        "relatedNodes" : [ ]
      } ],
      "all" : [ ],
      "none" : [ ],
      "failureSummary" : null
    }, {
      "html" : "<i class=\"icon-langbar-down-arrow\"></i>",
      "target" : [ ".language-select > .dropdown-toggle[href=\"javascript:;\"][data-toggle=\"dropdown\"] > .icon-langbar-down-arrow" ],
      "impact" : null,
      "any" : [ {
        "id" : "region",
        "impact" : "moderate",
        "message" : "All page content is contained by landmarks",
        "data" : {
          "isIframe" : false
        },
        "relatedNodes" : [ ]
      } ],
      "all" : [ ],
      "none" : [ ],
      "failureSummary" : null
    }, {
      "html" : "<div id=\"menu-panel\" class=\"container\">",
      "target" : [ "#menu-panel" ],
      "impact" : null,
      "any" : [ {
        "id" : "region",
        "impact" : "moderate",
        "message" : "All page content is contained by landmarks",
        "data" : {
          "isIframe" : false
        },
        "relatedNodes" : [ ]
      } ],
      "all" : [ ],
      "none" : [ ],
      "failureSummary" : null
    }, {
      "html" : "<div class=\"span8 left-first pull-left\">",
      "target" : [ ".span8" ],
      "impact" : null,
      "any" : [ {
        "id" : "region",
        "impact" : "moderate",
        "message" : "All page content is contained by landmarks",
        "data" : {
          "isIframe" : false
        },
        "relatedNodes" : [ ]
      } ],
      "all" : [ ],
      "none" : [ ],
      "failureSummary" : null
    }, {
      "html" : "<nav id=\"main-nav\">",
      "target" : [ "#main-nav" ],
      "impact" : null,
      "any" : [ {
        "id" : "region",
        "impact" : "moderate",
        "message" : "All page content is contained by landmarks",
        "data" : {
          "isIframe" : false
        },
        "relatedNodes" : [ ]
      } ],
      "all" : [ ],
      "none" : [ ],
      "failureSummary" : null
    }, {
      "html" : "<ul>",
      "target" : [ "#main-nav > ul" ],
      "impact" : null,
      "any" : [ {
        "id" : "region",
        "impact" : "moderate",
        "message" : "All page content is contained by landmarks",
        "data" : {
          "isIframe" : false
        },
        "relatedNodes" : [ ]
      } ],
      "all" : [ ],
      "none" : [ ],
      "failureSummary" : null
    }, {
      "html" : "<li class=\"first\"><a class=\"link\" href=\"demo/mars/#\"><i class=\"icon-menu-home\"></i> </a></li>",
      "target" : [ "ul > .first" ],
      "impact" : null,
      "any" : [ {
        "id" : "region",
        "impact" : "moderate",
        "message" : "All page content is contained by landmarks",
        "data" : {
          "isIframe" : false
        },
        "relatedNodes" : [ ]
      } ],
      "all" : [ ],
      "none" : [ ],
      "failureSummary" : null
    }, {
      "html" : "<a class=\"link\" href=\"demo/mars/#\"><i class=\"icon-menu-home\"></i> </a>",
      "target" : [ ".link[href$=\"mars/#\"]" ],
      "impact" : null,
      "any" : [ {
        "id" : "region",
        "impact" : "moderate",
        "message" : "All page content is contained by landmarks",
        "data" : {
          "isIframe" : false
        },
        "relatedNodes" : [ ]
      } ],
      "all" : [ ],
      "none" : [ ],
      "failureSummary" : null
    }, {
      "html" : "<i class=\"icon-menu-home\"></i>",
      "target" : [ ".icon-menu-home" ],
      "impact" : null,
      "any" : [ {
        "id" : "region",
        "impact" : "moderate",
        "message" : "All page content is contained by landmarks",
        "data" : {
          "isIframe" : false
        },
        "relatedNodes" : [ ]
      } ],
      "all" : [ ],
      "none" : [ ],
      "failureSummary" : null
    }, {
      "html" : "<li><a class=\"link\" href=\"mars2.html?a=send_me_to_mars\">Send me to Mars!</a></li>",
      "target" : [ "#main-nav > ul > li:nth-child(2)" ],
      "impact" : null,
      "any" : [ {
        "id" : "region",
        "impact" : "moderate",
        "message" : "All page content is contained by landmarks",
        "data" : {
          "isIframe" : false
        },
        "relatedNodes" : [ ]
      } ],
      "all" : [ ],
      "none" : [ ],
      "failureSummary" : null
    }, {
      "html" : "<a class=\"link\" href=\"mars2.html?a=send_me_to_mars\">Send me to Mars!</a>",
      "target" : [ "a[href=\"mars2.html?a=send_me_to_mars\"]" ],
      "impact" : null,
      "any" : [ {
        "id" : "region",
        "impact" : "moderate",
        "message" : "All page content is contained by landmarks",
        "data" : {
          "isIframe" : false
        },
        "relatedNodes" : [ ]
      } ],
      "all" : [ ],
      "none" : [ ],
      "failureSummary" : null
    }, {
      "html" : "<li><a class=\"link\" href=\"mars2.html?a=hotels\">Hotels</a></li>",
      "target" : [ "#main-nav > ul > li:nth-child(3)" ],
      "impact" : null,
      "any" : [ {
        "id" : "region",
        "impact" : "moderate",
        "message" : "All page content is contained by landmarks",
        "data" : {
          "isIframe" : false
        },
        "relatedNodes" : [ ]
      } ],
      "all" : [ ],
      "none" : [ ],
      "failureSummary" : null
    }, {
      "html" : "<a class=\"link\" href=\"mars2.html?a=hotels\">Hotels</a>",
      "target" : [ "a[href=\"mars2.html?a=hotels\"]" ],
      "impact" : null,
      "any" : [ {
        "id" : "region",
        "impact" : "moderate",
        "message" : "All page content is contained by landmarks",
        "data" : {
          "isIframe" : false
        },
        "relatedNodes" : [ ]
      } ],
      "all" : [ ],
      "none" : [ ],
      "failureSummary" : null
    }, {
      "html" : "<li><a class=\"link\" href=\"mars2.html?a=things_to_do\">Things to Do</a></li>",
      "target" : [ "#main-nav > ul > li:nth-child(4)" ],
      "impact" : null,
      "any" : [ {
        "id" : "region",
        "impact" : "moderate",
        "message" : "All page content is contained by landmarks",
        "data" : {
          "isIframe" : false
        },
        "relatedNodes" : [ ]
      } ],
      "all" : [ ],
      "none" : [ ],
      "failureSummary" : null
    }, {
      "html" : "<a class=\"link\" href=\"mars2.html?a=things_to_do\">Things to Do</a>",
      "target" : [ "a[href=\"mars2.html?a=things_to_do\"]" ],
      "impact" : null,
      "any" : [ {
        "id" : "region",
        "impact" : "moderate",
        "message" : "All page content is contained by landmarks",
        "data" : {
          "isIframe" : false
        },
        "relatedNodes" : [ ]
      } ],
      "all" : [ ],
      "none" : [ ],
      "failureSummary" : null
    }, {
      "html" : "<li><a class=\"link\" href=\"mars2.html?a=mars_map\">Mars Map</a></li>",
      "target" : [ "#main-nav > ul > li:nth-child(5)" ],
      "impact" : null,
      "any" : [ {
        "id" : "region",
        "impact" : "moderate",
        "message" : "All page content is contained by landmarks",
        "data" : {
          "isIframe" : false
        },
        "relatedNodes" : [ ]
      } ],
      "all" : [ ],
      "none" : [ ],
      "failureSummary" : null
    }, {
      "html" : "<a class=\"link\" href=\"mars2.html?a=mars_map\">Mars Map</a>",
      "target" : [ "a[href=\"mars2.html?a=mars_map\"]" ],
      "impact" : null,
      "any" : [ {
        "id" : "region",
        "impact" : "moderate",
        "message" : "All page content is contained by landmarks",
        "data" : {
          "isIframe" : false
        },
        "relatedNodes" : [ ]
      } ],
      "all" : [ ],
      "none" : [ ],
      "failureSummary" : null
    }, {
      "html" : "<div class=\"span4 pull-right\">",
      "target" : [ ".span4" ],
      "impact" : null,
      "any" : [ {
        "id" : "region",
        "impact" : "moderate",
        "message" : "All page content is contained by landmarks",
        "data" : {
          "isIframe" : false
        },
        "relatedNodes" : [ ]
      } ],
      "all" : [ ],
      "none" : [ ],
      "failureSummary" : null
    }, {
      "html" : "<nav id=\"main-sub-nav\" class=\"pull-right\">",
      "target" : [ "#main-sub-nav" ],
      "impact" : null,
      "any" : [ {
        "id" : "region",
        "impact" : "moderate",
        "message" : "All page content is contained by landmarks",
        "data" : {
          "isIframe" : false
        },
        "relatedNodes" : [ ]
      } ],
      "all" : [ ],
      "none" : [ ],
      "failureSummary" : null
    }, {
      "html" : "<ul>",
      "target" : [ "#main-sub-nav > ul" ],
      "impact" : null,
      "any" : [ {
        "id" : "region",
        "impact" : "moderate",
        "message" : "All page content is contained by landmarks",
        "data" : {
          "isIframe" : false
        },
        "relatedNodes" : [ ]
      } ],
      "all" : [ ],
      "none" : [ ],
      "failureSummary" : null
    }, {
      "html" : "<li><a class=\"link\" href=\"mars2.html?a=rockets\">Rockets</a></li>",
      "target" : [ "#main-sub-nav > ul > li:nth-child(1)" ],
      "impact" : null,
      "any" : [ {
        "id" : "region",
        "impact" : "moderate",
        "message" : "All page content is contained by landmarks",
        "data" : {
          "isIframe" : false
        },
        "relatedNodes" : [ ]
      } ],
      "all" : [ ],
      "none" : [ ],
      "failureSummary" : null
    }, {
      "html" : "<a class=\"link\" href=\"mars2.html?a=rockets\">Rockets</a>",
      "target" : [ "a[href=\"mars2.html?a=rockets\"]" ],
      "impact" : null,
      "any" : [ {
        "id" : "region",
        "impact" : "moderate",
        "message" : "All page content is contained by landmarks",
        "data" : {
          "isIframe" : false
        },
        "relatedNodes" : [ ]
      } ],
      "all" : [ ],
      "none" : [ ],
      "failureSummary" : null
    }, {
      "html" : "<li><a class=\"link\" href=\"mars2.html?a=deals\">Deals</a></li>",
      "target" : [ "#main-sub-nav > ul > li:nth-child(2)" ],
      "impact" : null,
      "any" : [ {
        "id" : "region",
        "impact" : "moderate",
        "message" : "All page content is contained by landmarks",
        "data" : {
          "isIframe" : false
        },
        "relatedNodes" : [ ]
      } ],
      "all" : [ ],
      "none" : [ ],
      "failureSummary" : null
    }, {
      "html" : "<a class=\"link\" href=\"mars2.html?a=deals\">Deals</a>",
      "target" : [ "a[href=\"mars2.html?a=deals\"]" ],
      "impact" : null,
      "any" : [ {
        "id" : "region",
        "impact" : "moderate",
        "message" : "All page content is contained by landmarks",
        "data" : {
          "isIframe" : false
        },
        "relatedNodes" : [ ]
      } ],
      "all" : [ ],
      "none" : [ ],
      "failureSummary" : null
    }, {
      "html" : "<li><a class=\"link\" href=\"mars2.html?a=groups\">Groups</a></li>",
      "target" : [ "#main-sub-nav > ul > li:nth-child(3)" ],
      "impact" : null,
      "any" : [ {
        "id" : "region",
        "impact" : "moderate",
        "message" : "All page content is contained by landmarks",
        "data" : {
          "isIframe" : false
        },
        "relatedNodes" : [ ]
      } ],
      "all" : [ ],
      "none" : [ ],
      "failureSummary" : null
    }, {
      "html" : "<a class=\"link\" href=\"mars2.html?a=groups\">Groups</a>",
      "target" : [ "a[href=\"mars2.html?a=groups\"]" ],
      "impact" : null,
      "any" : [ {
        "id" : "region",
        "impact" : "moderate",
        "message" : "All page content is contained by landmarks",
        "data" : {
          "isIframe" : false
        },
        "relatedNodes" : [ ]
      } ],
      "all" : [ ],
      "none" : [ ],
      "failureSummary" : null
    }, {
      "html" : "<li><a class=\"link\" href=\"mars2.html?a=about_us\">About Us</a></li>",
      "target" : [ "#main-sub-nav > ul > li:nth-child(4)" ],
      "impact" : null,
      "any" : [ {
        "id" : "region",
        "impact" : "moderate",
        "message" : "All page content is contained by landmarks",
        "data" : {
          "isIframe" : false
        },
        "relatedNodes" : [ ]
      } ],
      "all" : [ ],
      "none" : [ ],
      "failureSummary" : null
    }, {
      "html" : "<a class=\"link\" href=\"mars2.html?a=about_us\">About Us</a>",
      "target" : [ ".link[href=\"mars2.html?a=about_us\"]" ],
      "impact" : null,
      "any" : [ {
        "id" : "region",
        "impact" : "moderate",
        "message" : "All page content is contained by landmarks",
        "data" : {
          "isIframe" : false
        },
        "relatedNodes" : [ ]
      } ],
      "all" : [ ],
      "none" : [ ],
      "failureSummary" : null
    }, {
      "html" : "<li><a class=\"link\" href=\"mars2.html?a=help\">Help!</a></li>",
      "target" : [ "#main-sub-nav > ul > li:nth-child(5)" ],
      "impact" : null,
      "any" : [ {
        "id" : "region",
        "impact" : "moderate",
        "message" : "All page content is contained by landmarks",
        "data" : {
          "isIframe" : false
        },
        "relatedNodes" : [ ]
      } ],
      "all" : [ ],
      "none" : [ ],
      "failureSummary" : null
    }, {
      "html" : "<a class=\"link\" href=\"mars2.html?a=help\">Help!</a>",
      "target" : [ ".link[href=\"mars2.html?a=help\"]" ],
      "impact" : null,
      "any" : [ {
        "id" : "region",
        "impact" : "moderate",
        "message" : "All page content is contained by landmarks",
        "data" : {
          "isIframe" : false
        },
        "relatedNodes" : [ ]
      } ],
      "all" : [ ],
      "none" : [ ],
      "failureSummary" : null
    }, {
      "html" : "<section id=\"content\" class=\"container\">",
      "target" : [ "#content" ],
      "impact" : null,
      "any" : [ {
        "id" : "region",
        "impact" : "moderate",
        "message" : "All page content is contained by landmarks",
        "data" : {
          "isIframe" : false
        },
        "relatedNodes" : [ ]
      } ],
      "all" : [ ],
      "none" : [ ],
      "failureSummary" : null
    }, {
      "html" : "<div class=\"vertical-space\"></div>",
      "target" : [ ".vertical-space" ],
      "impact" : null,
      "any" : [ {
        "id" : "region",
        "impact" : "moderate",
        "message" : "All page content is contained by landmarks",
        "data" : {
          "isIframe" : false
        },
        "relatedNodes" : [ ]
      } ],
      "all" : [ ],
      "none" : [ ],
      "failureSummary" : null
    }, {
      "html" : "<div id=\"vap-section\">\n<h1 style=\"color:#eee;\">Destination Mars </h1>\n<h2 style=\"color:#acbad0;\">A trip to Mars starts in your imagination. Are you bold enough, brave enough, <strong>foolish enough?</strong> We are. You belong on Mars with fools like us. Most of us don't bite. Much.</h2></div>",
      "target" : [ "#left-column > div:nth-child(1)" ],
      "impact" : null,
      "any" : [ {
        "id" : "region",
        "impact" : "moderate",
        "message" : "All page content is contained by landmarks",
        "data" : {
          "isIframe" : false
        },
        "relatedNodes" : [ ]
      } ],
      "all" : [ ],
      "none" : [ ],
      "failureSummary" : null
    }, {
      "html" : "<h1 style=\"color:#eee;\">Destination Mars </h1>",
      "target" : [ "h1" ],
      "impact" : null,
      "any" : [ {
        "id" : "region",
        "impact" : "moderate",
        "message" : "All page content is contained by landmarks",
        "data" : {
          "isIframe" : false
        },
        "relatedNodes" : [ ]
      } ],
      "all" : [ ],
      "none" : [ ],
      "failureSummary" : null
    }, {
      "html" : "<h2 style=\"color:#acbad0;\">A trip to Mars starts in your imagination. Are you bold enough, brave enough, <strong>foolish enough?</strong> We are. You belong on Mars with fools like us. Most of us don't bite. Much.</h2>",
      "target" : [ "h2" ],
      "impact" : null,
      "any" : [ {
        "id" : "region",
        "impact" : "moderate",
        "message" : "All page content is contained by landmarks",
        "data" : {
          "isIframe" : false
        },
        "relatedNodes" : [ ]
      } ],
      "all" : [ ],
      "none" : [ ],
      "failureSummary" : null
    }, {
      "html" : "<strong>foolish enough?</strong>",
      "target" : [ "strong" ],
      "impact" : null,
      "any" : [ {
        "id" : "region",
        "impact" : "moderate",
        "message" : "All page content is contained by landmarks",
        "data" : {
          "isIframe" : false
        },
        "relatedNodes" : [ ]
      } ],
      "all" : [ ],
      "none" : [ ],
      "failureSummary" : null
    }, {
      "html" : "<div id=\"vap-section\">",
      "target" : [ "#left-column > div:nth-child(2)" ],
      "impact" : null,
      "any" : [ {
        "id" : "region",
        "impact" : "moderate",
        "message" : "All page content is contained by landmarks",
        "data" : {
          "isIframe" : false
        },
        "relatedNodes" : [ ]
      } ],
      "all" : [ ],
      "none" : [ ],
      "failureSummary" : null
    }, {
      "html" : "<div class=\"span2-5 vap-col left-first\" id=\"vap-plan\">",
      "target" : [ "#vap-plan" ],
      "impact" : null,
      "any" : [ {
        "id" : "region",
        "impact" : "moderate",
        "message" : "All page content is contained by landmarks",
        "data" : {
          "isIframe" : false
        },
        "relatedNodes" : [ ]
      } ],
      "all" : [ ],
      "none" : [ ],
      "failureSummary" : null
    }, {
      "html" : "<a href=\"mars2.html?a=be_bold\">\n                <h3>Be Bold...</h3>\n                <i class=\"icon-vap-plan\"></i>\n              </a>",
      "target" : [ "a[href=\"mars2.html?a=be_bold\"]" ],
      "impact" : null,
      "any" : [ {
        "id" : "region",
        "impact" : "moderate",
        "message" : "All page content is contained by landmarks",
        "data" : {
          "isIframe" : false
        },
        "relatedNodes" : [ ]
      } ],
      "all" : [ ],
      "none" : [ ],
      "failureSummary" : null
    }, {
      "html" : "<h3>Be Bold...</h3>",
      "target" : [ "a[href=\"mars2.html?a=be_bold\"] > h3" ],
      "impact" : null,
      "any" : [ {
        "id" : "region",
        "impact" : "moderate",
        "message" : "All page content is contained by landmarks",
        "data" : {
          "isIframe" : false
        },
        "relatedNodes" : [ ]
      } ],
      "all" : [ ],
      "none" : [ ],
      "failureSummary" : null
    }, {
      "html" : "<i class=\"icon-vap-plan\"></i>",
      "target" : [ ".icon-vap-plan" ],
      "impact" : null,
      "any" : [ {
        "id" : "region",
        "impact" : "moderate",
        "message" : "All page content is contained by landmarks",
        "data" : {
          "isIframe" : false
        },
        "relatedNodes" : [ ]
      } ],
      "all" : [ ],
      "none" : [ ],
      "failureSummary" : null
    }, {
      "html" : "<p></p>",
      "target" : [ "#vap-plan > p:nth-child(2)" ],
      "impact" : null,
      "any" : [ {
        "id" : "region",
        "impact" : "moderate",
        "message" : "All page content is contained by landmarks",
        "data" : {
          "isIframe" : false
        },
        "relatedNodes" : [ ]
      } ],
      "all" : [ ],
      "none" : [ ],
      "failureSummary" : null
    }, {
      "html" : "<p>Step out of your comfort zone, and into a rocket with enough fuel to blast a Manhattan-sized crater if it explodes. But it won't. Probably.<br>\n&nbsp; </p>",
      "target" : [ "#vap-plan > p:nth-child(3)" ],
      "impact" : null,
      "any" : [ {
        "id" : "region",
        "impact" : "moderate",
        "message" : "All page content is contained by landmarks",
        "data" : {
          "isIframe" : false
        },
        "relatedNodes" : [ ]
      } ],
      "all" : [ ],
      "none" : [ ],
      "failureSummary" : null
    }, {
      "html" : "<br>",
      "target" : [ "#vap-plan > p:nth-child(3) > br" ],
      "impact" : null,
      "any" : [ {
        "id" : "region",
        "impact" : "moderate",
        "message" : "All page content is contained by landmarks",
        "data" : {
          "isIframe" : false
        },
        "relatedNodes" : [ ]
      } ],
      "all" : [ ],
      "none" : [ ],
      "failureSummary" : null
    }, {
      "html" : "<p></p>",
      "target" : [ "#vap-plan > p:nth-child(4)" ],
      "impact" : null,
      "any" : [ {
        "id" : "region",
        "impact" : "moderate",
        "message" : "All page content is contained by landmarks",
        "data" : {
          "isIframe" : false
        },
        "relatedNodes" : [ ]
      } ],
      "all" : [ ],
      "none" : [ ],
      "failureSummary" : null
    }, {
      "html" : "<p></p>",
      "target" : [ "#vap-plan > p:nth-child(5)" ],
      "impact" : null,
      "any" : [ {
        "id" : "region",
        "impact" : "moderate",
        "message" : "All page content is contained by landmarks",
        "data" : {
          "isIframe" : false
        },
        "relatedNodes" : [ ]
      } ],
      "all" : [ ],
      "none" : [ ],
      "failureSummary" : null
    }, {
      "html" : "<div class=\"\">",
      "target" : [ "#vap-plan > div" ],
      "impact" : null,
      "any" : [ {
        "id" : "region",
        "impact" : "moderate",
        "message" : "All page content is contained by landmarks",
        "data" : {
          "isIframe" : false
        },
        "relatedNodes" : [ ]
      } ],
      "all" : [ ],
      "none" : [ ],
      "failureSummary" : null
    }, {
      "html" : "<ul>",
      "target" : [ "#vap-plan > div > ul" ],
      "impact" : null,
      "any" : [ {
        "id" : "region",
        "impact" : "moderate",
        "message" : "All page content is contained by landmarks",
        "data" : {
          "isIframe" : false
        },
        "relatedNodes" : [ ]
      } ],
      "all" : [ ],
      "none" : [ ],
      "failureSummary" : null
    }, {
      "html" : "<li><a class=\"link\" href=\"mars2.html?a=why_marscommuter\">\n                <i class=\"icon-plan-question\"></i>\n                <span class=\"link-text\">Why MarsCommuter?</span>\n              </a></li>",
      "target" : [ "#vap-plan > div > ul > li:nth-child(1)" ],
      "impact" : null,
      "any" : [ {
        "id" : "region",
        "impact" : "moderate",
        "message" : "All page content is contained by landmarks",
        "data" : {
          "isIframe" : false
        },
        "relatedNodes" : [ ]
      } ],
      "all" : [ ],
      "none" : [ ],
      "failureSummary" : null
    }, {
      "html" : "<a class=\"link\" href=\"mars2.html?a=why_marscommuter\">\n                <i class=\"icon-plan-question\"></i>\n                <span class=\"link-text\">Why MarsCommuter?</span>\n              </a>",
      "target" : [ "a[href=\"mars2.html?a=why_marscommuter\"]" ],
      "impact" : null,
      "any" : [ {
        "id" : "region",
        "impact" : "moderate",
        "message" : "All page content is contained by landmarks",
        "data" : {
          "isIframe" : false
        },
        "relatedNodes" : [ ]
      } ],
      "all" : [ ],
      "none" : [ ],
      "failureSummary" : null
    }, {
      "html" : "<i class=\"icon-plan-question\"></i>",
      "target" : [ ".icon-plan-question" ],
      "impact" : null,
      "any" : [ {
        "id" : "region",
        "impact" : "moderate",
        "message" : "All page content is contained by landmarks",
        "data" : {
          "isIframe" : false
        },
        "relatedNodes" : [ ]
      } ],
      "all" : [ ],
      "none" : [ ],
      "failureSummary" : null
    }, {
      "html" : "<span class=\"link-text\">Why MarsCommuter?</span>",
      "target" : [ "a[href=\"mars2.html?a=why_marscommuter\"] > .link-text" ],
      "impact" : null,
      "any" : [ {
        "id" : "region",
        "impact" : "moderate",
        "message" : "All page content is contained by landmarks",
        "data" : {
          "isIframe" : false
        },
        "relatedNodes" : [ ]
      } ],
      "all" : [ ],
      "none" : [ ],
      "failureSummary" : null
    }, {
      "html" : "<li><a class=\"link\" href=\"mars2.html?a=maps_and_guides\">\n                <i class=\"icon-plan-101\"></i>\n                <span class=\"link-text\">Maps &amp; Guides</span>\n              </a></li>",
      "target" : [ "#vap-plan > div > ul > li:nth-child(2)" ],
      "impact" : null,
      "any" : [ {
        "id" : "region",
        "impact" : "moderate",
        "message" : "All page content is contained by landmarks",
        "data" : {
          "isIframe" : false
        },
        "relatedNodes" : [ ]
      } ],
      "all" : [ ],
      "none" : [ ],
      "failureSummary" : null
    }, {
      "html" : "<a class=\"link\" href=\"mars2.html?a=maps_and_guides\">\n                <i class=\"icon-plan-101\"></i>\n                <span class=\"link-text\">Maps &amp; Guides</span>\n              </a>",
      "target" : [ "a[href=\"mars2.html?a=maps_and_guides\"]" ],
      "impact" : null,
      "any" : [ {
        "id" : "region",
        "impact" : "moderate",
        "message" : "All page content is contained by landmarks",
        "data" : {
          "isIframe" : false
        },
        "relatedNodes" : [ ]
      } ],
      "all" : [ ],
      "none" : [ ],
      "failureSummary" : null
    }, {
      "html" : "<i class=\"icon-plan-101\"></i>",
      "target" : [ ".icon-plan-101" ],
      "impact" : null,
      "any" : [ {
        "id" : "region",
        "impact" : "moderate",
        "message" : "All page content is contained by landmarks",
        "data" : {
          "isIframe" : false
        },
        "relatedNodes" : [ ]
      } ],
      "all" : [ ],
      "none" : [ ],
      "failureSummary" : null
    }, {
      "html" : "<span class=\"link-text\">Maps &amp; Guides</span>",
      "target" : [ "a[href=\"mars2.html?a=maps_and_guides\"] > .link-text" ],
      "impact" : null,
      "any" : [ {
        "id" : "region",
        "impact" : "moderate",
        "message" : "All page content is contained by landmarks",
        "data" : {
          "isIframe" : false
        },
        "relatedNodes" : [ ]
      } ],
      "all" : [ ],
      "none" : [ ],
      "failureSummary" : null
    }, {
      "html" : "<li><a class=\"link\" href=\"mars2.html?a=ticket_info\">\n                <i class=\"icon-plan-pencil\"></i>\n                <span class=\"link-text\">Ticket Info</span>\n              </a></li>",
      "target" : [ "#vap-plan > div > ul > li:nth-child(3)" ],
      "impact" : null,
      "any" : [ {
        "id" : "region",
        "impact" : "moderate",
        "message" : "All page content is contained by landmarks",
        "data" : {
          "isIframe" : false
        },
        "relatedNodes" : [ ]
      } ],
      "all" : [ ],
      "none" : [ ],
      "failureSummary" : null
    }, {
      "html" : "<a class=\"link\" href=\"mars2.html?a=ticket_info\">\n                <i class=\"icon-plan-pencil\"></i>\n                <span class=\"link-text\">Ticket Info</span>\n              </a>",
      "target" : [ "a[href=\"mars2.html?a=ticket_info\"]" ],
      "impact" : null,
      "any" : [ {
        "id" : "region",
        "impact" : "moderate",
        "message" : "All page content is contained by landmarks",
        "data" : {
          "isIframe" : false
        },
        "relatedNodes" : [ ]
      } ],
      "all" : [ ],
      "none" : [ ],
      "failureSummary" : null
    }, {
      "html" : "<i class=\"icon-plan-pencil\"></i>",
      "target" : [ ".icon-plan-pencil" ],
      "impact" : null,
      "any" : [ {
        "id" : "region",
        "impact" : "moderate",
        "message" : "All page content is contained by landmarks",
        "data" : {
          "isIframe" : false
        },
        "relatedNodes" : [ ]
      } ],
      "all" : [ ],
      "none" : [ ],
      "failureSummary" : null
    }, {
      "html" : "<span class=\"link-text\">Ticket Info</span>",
      "target" : [ "a[href=\"mars2.html?a=ticket_info\"] > .link-text" ],
      "impact" : null,
      "any" : [ {
        "id" : "region",
        "impact" : "moderate",
        "message" : "All page content is contained by landmarks",
        "data" : {
          "isIframe" : false
        },
        "relatedNodes" : [ ]
      } ],
      "all" : [ ],
      "none" : [ ],
      "failureSummary" : null
    }, {
      "html" : "<p></p>",
      "target" : [ "#vap-plan > p:nth-child(7)" ],
      "impact" : null,
      "any" : [ {
        "id" : "region",
        "impact" : "moderate",
        "message" : "All page content is contained by landmarks",
        "data" : {
          "isIframe" : false
        },
        "relatedNodes" : [ ]
      } ],
      "all" : [ ],
      "none" : [ ],
      "failureSummary" : null
    }, {
      "html" : "<div class=\"span2-5 vap-col\" id=\"vap-book\">",
      "target" : [ "#vap-book" ],
      "impact" : null,
      "any" : [ {
        "id" : "region",
        "impact" : "moderate",
        "message" : "All page content is contained by landmarks",
        "data" : {
          "isIframe" : false
        },
        "relatedNodes" : [ ]
      } ],
      "all" : [ ],
      "none" : [ ],
      "failureSummary" : null
    }, {
      "html" : "<a href=\"mars2.html?a=countdown\">\n                <h3>Countdown...</h3>\n                <i class=\"icon-vap-book\"></i>\n              </a>",
      "target" : [ "a[href=\"mars2.html?a=countdown\"]" ],
      "impact" : null,
      "any" : [ {
        "id" : "region",
        "impact" : "moderate",
        "message" : "All page content is contained by landmarks",
        "data" : {
          "isIframe" : false
        },
        "relatedNodes" : [ ]
      } ],
      "all" : [ ],
      "none" : [ ],
      "failureSummary" : null
    }, {
      "html" : "<h3>Countdown...</h3>",
      "target" : [ "a[href=\"mars2.html?a=countdown\"] > h3" ],
      "impact" : null,
      "any" : [ {
        "id" : "region",
        "impact" : "moderate",
        "message" : "All page content is contained by landmarks",
        "data" : {
          "isIframe" : false
        },
        "relatedNodes" : [ ]
      } ],
      "all" : [ ],
      "none" : [ ],
      "failureSummary" : null
    }, {
      "html" : "<i class=\"icon-vap-book\"></i>",
      "target" : [ ".icon-vap-book" ],
      "impact" : null,
      "any" : [ {
        "id" : "region",
        "impact" : "moderate",
        "message" : "All page content is contained by landmarks",
        "data" : {
          "isIframe" : false
        },
        "relatedNodes" : [ ]
      } ],
      "all" : [ ],
      "none" : [ ],
      "failureSummary" : null
    }, {
      "html" : "<p></p>",
      "target" : [ "#vap-book > p:nth-child(2)" ],
      "impact" : null,
      "any" : [ {
        "id" : "region",
        "impact" : "moderate",
        "message" : "All page content is contained by landmarks",
        "data" : {
          "isIframe" : false
        },
        "relatedNodes" : [ ]
      } ],
      "all" : [ ],
      "none" : [ ],
      "failureSummary" : null
    }, {
      "html" : "<p>If you're serious about traveling to Mars - really serious - then <a href=\"mars2.html?a=last_will\">prepare your last will and testament</a>, and book a trip! </p>",
      "target" : [ "#vap-book > p:nth-child(3)" ],
      "impact" : null,
      "any" : [ {
        "id" : "region",
        "impact" : "moderate",
        "message" : "All page content is contained by landmarks",
        "data" : {
          "isIframe" : false
        },
        "relatedNodes" : [ ]
      } ],
      "all" : [ ],
      "none" : [ ],
      "failureSummary" : null
    }, {
      "html" : "<a href=\"mars2.html?a=last_will\">prepare your last will and testament</a>",
      "target" : [ "a[href=\"mars2.html?a=last_will\"]" ],
      "impact" : null,
      "any" : [ {
        "id" : "region",
        "impact" : "moderate",
        "message" : "All page content is contained by landmarks",
        "data" : {
          "isIframe" : false
        },
        "relatedNodes" : [ ]
      } ],
      "all" : [ ],
      "none" : [ ],
      "failureSummary" : null
    }, {
      "html" : "<p></p>",
      "target" : [ "#vap-book > p:nth-child(4)" ],
      "impact" : null,
      "any" : [ {
        "id" : "region",
        "impact" : "moderate",
        "message" : "All page content is contained by landmarks",
        "data" : {
          "isIframe" : false
        },
        "relatedNodes" : [ ]
      } ],
      "all" : [ ],
      "none" : [ ],
      "failureSummary" : null
    }, {
      "html" : "<p></p>",
      "target" : [ "#vap-book > p:nth-child(5)" ],
      "impact" : null,
      "any" : [ {
        "id" : "region",
        "impact" : "moderate",
        "message" : "All page content is contained by landmarks",
        "data" : {
          "isIframe" : false
        },
        "relatedNodes" : [ ]
      } ],
      "all" : [ ],
      "none" : [ ],
      "failureSummary" : null
    }, {
      "html" : "<div class=\"\">",
      "target" : [ "#vap-book > div" ],
      "impact" : null,
      "any" : [ {
        "id" : "region",
        "impact" : "moderate",
        "message" : "All page content is contained by landmarks",
        "data" : {
          "isIframe" : false
        },
        "relatedNodes" : [ ]
      } ],
      "all" : [ ],
      "none" : [ ],
      "failureSummary" : null
    }, {
      "html" : "<ul>",
      "target" : [ "#vap-book > div > ul" ],
      "impact" : null,
      "any" : [ {
        "id" : "region",
        "impact" : "moderate",
        "message" : "All page content is contained by landmarks",
        "data" : {
          "isIframe" : false
        },
        "relatedNodes" : [ ]
      } ],
      "all" : [ ],
      "none" : [ ],
      "failureSummary" : null
    }, {
      "html" : "<li><a class=\"link\" href=\"mars2.html?a=book_tickets\">\n                <i class=\"icon-book-book\"></i>\n                <span class=\"link-text\">Book Tickets </span>\n              </a></li>",
      "target" : [ "#vap-book > div > ul > li:nth-child(1)" ],
      "impact" : null,
      "any" : [ {
        "id" : "region",
        "impact" : "moderate",
        "message" : "All page content is contained by landmarks",
        "data" : {
          "isIframe" : false
        },
        "relatedNodes" : [ ]
      } ],
      "all" : [ ],
      "none" : [ ],
      "failureSummary" : null
    }, {
      "html" : "<a class=\"link\" href=\"mars2.html?a=book_tickets\">\n                <i class=\"icon-book-book\"></i>\n                <span class=\"link-text\">Book Tickets </span>\n              </a>",
      "target" : [ "a[href=\"mars2.html?a=book_tickets\"]" ],
      "impact" : null,
      "any" : [ {
        "id" : "region",
        "impact" : "moderate",
        "message" : "All page content is contained by landmarks",
        "data" : {
          "isIframe" : false
        },
        "relatedNodes" : [ ]
      } ],
      "all" : [ ],
      "none" : [ ],
      "failureSummary" : null
    }, {
      "html" : "<i class=\"icon-book-book\"></i>",
      "target" : [ ".icon-book-book" ],
      "impact" : null,
      "any" : [ {
        "id" : "region",
        "impact" : "moderate",
        "message" : "All page content is contained by landmarks",
        "data" : {
          "isIframe" : false
        },
        "relatedNodes" : [ ]
      } ],
      "all" : [ ],
      "none" : [ ],
      "failureSummary" : null
    }, {
      "html" : "<span class=\"link-text\">Book Tickets </span>",
      "target" : [ "a[href=\"mars2.html?a=book_tickets\"] > .link-text" ],
      "impact" : null,
      "any" : [ {
        "id" : "region",
        "impact" : "moderate",
        "message" : "All page content is contained by landmarks",
        "data" : {
          "isIframe" : false
        },
        "relatedNodes" : [ ]
      } ],
      "all" : [ ],
      "none" : [ ],
      "failureSummary" : null
    }, {
      "html" : "<li><a class=\"link\" href=\"mars2.html?a=mars_passes\">\n                <i class=\"icon-book-find\"></i>\n                <span class=\"link-text\">Mars Passes</span>\n              </a></li>",
      "target" : [ "#vap-book > div > ul > li:nth-child(2)" ],
      "impact" : null,
      "any" : [ {
        "id" : "region",
        "impact" : "moderate",
        "message" : "All page content is contained by landmarks",
        "data" : {
          "isIframe" : false
        },
        "relatedNodes" : [ ]
      } ],
      "all" : [ ],
      "none" : [ ],
      "failureSummary" : null
    }, {
      "html" : "<a class=\"link\" href=\"mars2.html?a=mars_passes\">\n                <i class=\"icon-book-find\"></i>\n                <span class=\"link-text\">Mars Passes</span>\n              </a>",
      "target" : [ "a[href=\"mars2.html?a=mars_passes\"]" ],
      "impact" : null,
      "any" : [ {
        "id" : "region",
        "impact" : "moderate",
        "message" : "All page content is contained by landmarks",
        "data" : {
          "isIframe" : false
        },
        "relatedNodes" : [ ]
      } ],
      "all" : [ ],
      "none" : [ ],
      "failureSummary" : null
    }, {
      "html" : "<i class=\"icon-book-find\"></i>",
      "target" : [ ".icon-book-find" ],
      "impact" : null,
      "any" : [ {
        "id" : "region",
        "impact" : "moderate",
        "message" : "All page content is contained by landmarks",
        "data" : {
          "isIframe" : false
        },
        "relatedNodes" : [ ]
      } ],
      "all" : [ ],
      "none" : [ ],
      "failureSummary" : null
    }, {
      "html" : "<span class=\"link-text\">Mars Passes</span>",
      "target" : [ "a[href=\"mars2.html?a=mars_passes\"] > .link-text" ],
      "impact" : null,
      "any" : [ {
        "id" : "region",
        "impact" : "moderate",
        "message" : "All page content is contained by landmarks",
        "data" : {
          "isIframe" : false
        },
        "relatedNodes" : [ ]
      } ],
      "all" : [ ],
      "none" : [ ],
      "failureSummary" : null
    }, {
      "html" : "<li><a class=\"link\" href=\"mars2.html?a=seek_counseling\">\n                <i class=\"icon-book-reservation\"></i>\n                <span class=\"link-text\">Seek counseling</span>\n              </a></li>",
      "target" : [ "#vap-book > div > ul > li:nth-child(3)" ],
      "impact" : null,
      "any" : [ {
        "id" : "region",
        "impact" : "moderate",
        "message" : "All page content is contained by landmarks",
        "data" : {
          "isIframe" : false
        },
        "relatedNodes" : [ ]
      } ],
      "all" : [ ],
      "none" : [ ],
      "failureSummary" : null
    }, {
      "html" : "<a class=\"link\" href=\"mars2.html?a=seek_counseling\">\n                <i class=\"icon-book-reservation\"></i>\n                <span class=\"link-text\">Seek counseling</span>\n              </a>",
      "target" : [ "a[href=\"mars2.html?a=seek_counseling\"]" ],
      "impact" : null,
      "any" : [ {
        "id" : "region",
        "impact" : "moderate",
        "message" : "All page content is contained by landmarks",
        "data" : {
          "isIframe" : false
        },
        "relatedNodes" : [ ]
      } ],
      "all" : [ ],
      "none" : [ ],
      "failureSummary" : null
    }, {
      "html" : "<i class=\"icon-book-reservation\"></i>",
      "target" : [ ".icon-book-reservation" ],
      "impact" : null,
      "any" : [ {
        "id" : "region",
        "impact" : "moderate",
        "message" : "All page content is contained by landmarks",
        "data" : {
          "isIframe" : false
        },
        "relatedNodes" : [ ]
      } ],
      "all" : [ ],
      "none" : [ ],
      "failureSummary" : null
    }, {
      "html" : "<span class=\"link-text\">Seek counseling</span>",
      "target" : [ "a[href=\"mars2.html?a=seek_counseling\"] > .link-text" ],
      "impact" : null,
      "any" : [ {
        "id" : "region",
        "impact" : "moderate",
        "message" : "All page content is contained by landmarks",
        "data" : {
          "isIframe" : false
        },
        "relatedNodes" : [ ]
      } ],
      "all" : [ ],
      "none" : [ ],
      "failureSummary" : null
    }, {
      "html" : "<p></p>",
      "target" : [ "#vap-book > p:nth-child(7)" ],
      "impact" : null,
      "any" : [ {
        "id" : "region",
        "impact" : "moderate",
        "message" : "All page content is contained by landmarks",
        "data" : {
          "isIframe" : false
        },
        "relatedNodes" : [ ]
      } ],
      "all" : [ ],
      "none" : [ ],
      "failureSummary" : null
    }, {
      "html" : "<div class=\"span2-5 vap-col\" id=\"vap-travel\">",
      "target" : [ "#vap-travel" ],
      "impact" : null,
      "any" : [ {
        "id" : "region",
        "impact" : "moderate",
        "message" : "All page content is contained by landmarks",
        "data" : {
          "isIframe" : false
        },
        "relatedNodes" : [ ]
      } ],
      "all" : [ ],
      "none" : [ ],
      "failureSummary" : null
    }, {
      "html" : "<a href=\"mars2.html?a=blast_off\">\n                <h3>Blast Off!</h3>\n                <i class=\"icon-vap-travel\"></i>\n              </a>",
      "target" : [ "a[href=\"mars2.html?a=blast_off\"]" ],
      "impact" : null,
      "any" : [ {
        "id" : "region",
        "impact" : "moderate",
        "message" : "All page content is contained by landmarks",
        "data" : {
          "isIframe" : false
        },
        "relatedNodes" : [ ]
      } ],
      "all" : [ ],
      "none" : [ ],
      "failureSummary" : null
    }, {
      "html" : "<h3>Blast Off!</h3>",
      "target" : [ "a[href=\"mars2.html?a=blast_off\"] > h3" ],
      "impact" : null,
      "any" : [ {
        "id" : "region",
        "impact" : "moderate",
        "message" : "All page content is contained by landmarks",
        "data" : {
          "isIframe" : false
        },
        "relatedNodes" : [ ]
      } ],
      "all" : [ ],
      "none" : [ ],
      "failureSummary" : null
    }, {
      "html" : "<i class=\"icon-vap-travel\"></i>",
      "target" : [ ".icon-vap-travel" ],
      "impact" : null,
      "any" : [ {
        "id" : "region",
        "impact" : "moderate",
        "message" : "All page content is contained by landmarks",
        "data" : {
          "isIframe" : false
        },
        "relatedNodes" : [ ]
      } ],
      "all" : [ ],
      "none" : [ ],
      "failureSummary" : null
    }, {
      "html" : "<p></p>",
      "target" : [ "#vap-travel > p:nth-child(2)" ],
      "impact" : null,
      "any" : [ {
        "id" : "region",
        "impact" : "moderate",
        "message" : "All page content is contained by landmarks",
        "data" : {
          "isIframe" : false
        },
        "relatedNodes" : [ ]
      } ],
      "all" : [ ],
      "none" : [ ],
      "failureSummary" : null
    }, {
      "html" : "<p>Expect violent turbulence, bone-crushing g-forces, muscle atrophy, and certain death (hey, everyone's death is certain at some point, right?).<br>\n&nbsp; </p>",
      "target" : [ "#vap-travel > p:nth-child(3)" ],
      "impact" : null,
      "any" : [ {
        "id" : "region",
        "impact" : "moderate",
        "message" : "All page content is contained by landmarks",
        "data" : {
          "isIframe" : false
        },
        "relatedNodes" : [ ]
      } ],
      "all" : [ ],
      "none" : [ ],
      "failureSummary" : null
    }, {
      "html" : "<br>",
      "target" : [ "#vap-travel > p:nth-child(3) > br" ],
      "impact" : null,
      "any" : [ {
        "id" : "region",
        "impact" : "moderate",
        "message" : "All page content is contained by landmarks",
        "data" : {
          "isIframe" : false
        },
        "relatedNodes" : [ ]
      } ],
      "all" : [ ],
      "none" : [ ],
      "failureSummary" : null
    }, {
      "html" : "<p></p>",
      "target" : [ "#vap-travel > p:nth-child(4)" ],
      "impact" : null,
      "any" : [ {
        "id" : "region",
        "impact" : "moderate",
        "message" : "All page content is contained by landmarks",
        "data" : {
          "isIframe" : false
        },
        "relatedNodes" : [ ]
      } ],
      "all" : [ ],
      "none" : [ ],
      "failureSummary" : null
    }, {
      "html" : "<p></p>",
      "target" : [ "#vap-travel > p:nth-child(5)" ],
      "impact" : null,
      "any" : [ {
        "id" : "region",
        "impact" : "moderate",
        "message" : "All page content is contained by landmarks",
        "data" : {
          "isIframe" : false
        },
        "relatedNodes" : [ ]
      } ],
      "all" : [ ],
      "none" : [ ],
      "failureSummary" : null
    }, {
      "html" : "<div class=\"\">",
      "target" : [ "#vap-travel > div" ],
      "impact" : null,
      "any" : [ {
        "id" : "region",
        "impact" : "moderate",
        "message" : "All page content is contained by landmarks",
        "data" : {
          "isIframe" : false
        },
        "relatedNodes" : [ ]
      } ],
      "all" : [ ],
      "none" : [ ],
      "failureSummary" : null
    }, {
      "html" : "<ul>",
      "target" : [ "#vap-travel > div > ul" ],
      "impact" : null,
      "any" : [ {
        "id" : "region",
        "impact" : "moderate",
        "message" : "All page content is contained by landmarks",
        "data" : {
          "isIframe" : false
        },
        "relatedNodes" : [ ]
      } ],
      "all" : [ ],
      "none" : [ ],
      "failureSummary" : null
    }, {
      "html" : "<li><a class=\"link\" href=\"mars2.html?a=\">\n                <i class=\"icon-travel-app\"></i>\n                <span class=\"link-text\">MarsMobile app</span>\n              </a></li>",
      "target" : [ "#vap-travel > div > ul > li:nth-child(1)" ],
      "impact" : null,
      "any" : [ {
        "id" : "region",
        "impact" : "moderate",
        "message" : "All page content is contained by landmarks",
        "data" : {
          "isIframe" : false
        },
        "relatedNodes" : [ ]
      } ],
      "all" : [ ],
      "none" : [ ],
      "failureSummary" : null
    }, {
      "html" : "<a class=\"link\" href=\"mars2.html?a=\">\n                <i class=\"icon-travel-app\"></i>\n                <span class=\"link-text\">MarsMobile app</span>\n              </a>",
      "target" : [ ".link[href=\"mars2.html?a=\"]" ],
      "impact" : null,
      "any" : [ {
        "id" : "region",
        "impact" : "moderate",
        "message" : "All page content is contained by landmarks",
        "data" : {
          "isIframe" : false
        },
        "relatedNodes" : [ ]
      } ],
      "all" : [ ],
      "none" : [ ],
      "failureSummary" : null
    }, {
      "html" : "<i class=\"icon-travel-app\"></i>",
      "target" : [ ".icon-travel-app" ],
      "impact" : null,
      "any" : [ {
        "id" : "region",
        "impact" : "moderate",
        "message" : "All page content is contained by landmarks",
        "data" : {
          "isIframe" : false
        },
        "relatedNodes" : [ ]
      } ],
      "all" : [ ],
      "none" : [ ],
      "failureSummary" : null
    }, {
      "html" : "<span class=\"link-text\">MarsMobile app</span>",
      "target" : [ ".link[href=\"mars2.html?a=\"] > .link-text" ],
      "impact" : null,
      "any" : [ {
        "id" : "region",
        "impact" : "moderate",
        "message" : "All page content is contained by landmarks",
        "data" : {
          "isIframe" : false
        },
        "relatedNodes" : [ ]
      } ],
      "all" : [ ],
      "none" : [ ],
      "failureSummary" : null
    }, {
      "html" : "<li><a class=\"link\" href=\"mars2.html?a=fly_at_own_risk\">\n                <i class=\"icon-travel-exchange\"></i>\n                <span class=\"link-text\">Fly at your own risk</span>\n              </a></li>",
      "target" : [ "#vap-travel > div > ul > li:nth-child(2)" ],
      "impact" : null,
      "any" : [ {
        "id" : "region",
        "impact" : "moderate",
        "message" : "All page content is contained by landmarks",
        "data" : {
          "isIframe" : false
        },
        "relatedNodes" : [ ]
      } ],
      "all" : [ ],
      "none" : [ ],
      "failureSummary" : null
    }, {
      "html" : "<a class=\"link\" href=\"mars2.html?a=fly_at_own_risk\">\n                <i class=\"icon-travel-exchange\"></i>\n                <span class=\"link-text\">Fly at your own risk</span>\n              </a>",
      "target" : [ "a[href=\"mars2.html?a=fly_at_own_risk\"]" ],
      "impact" : null,
      "any" : [ {
        "id" : "region",
        "impact" : "moderate",
        "message" : "All page content is contained by landmarks",
        "data" : {
          "isIframe" : false
        },
        "relatedNodes" : [ ]
      } ],
      "all" : [ ],
      "none" : [ ],
      "failureSummary" : null
    }, {
      "html" : "<i class=\"icon-travel-exchange\"></i>",
      "target" : [ ".icon-travel-exchange" ],
      "impact" : null,
      "any" : [ {
        "id" : "region",
        "impact" : "moderate",
        "message" : "All page content is contained by landmarks",
        "data" : {
          "isIframe" : false
        },
        "relatedNodes" : [ ]
      } ],
      "all" : [ ],
      "none" : [ ],
      "failureSummary" : null
    }, {
      "html" : "<span class=\"link-text\">Fly at your own risk</span>",
      "target" : [ "a[href=\"mars2.html?a=fly_at_own_risk\"] > .link-text" ],
      "impact" : null,
      "any" : [ {
        "id" : "region",
        "impact" : "moderate",
        "message" : "All page content is contained by landmarks",
        "data" : {
          "isIframe" : false
        },
        "relatedNodes" : [ ]
      } ],
      "all" : [ ],
      "none" : [ ],
      "failureSummary" : null
    }, {
      "html" : "<li><a class=\"link\" href=\"mars2.html?a=contact_us\">\n                <i class=\"icon-travel-phone\"></i>\n                <span class=\"link-text\">Contact Us</span>\n              </a></li>",
      "target" : [ "#vap-travel > div > ul > li:nth-child(3)" ],
      "impact" : null,
      "any" : [ {
        "id" : "region",
        "impact" : "moderate",
        "message" : "All page content is contained by landmarks",
        "data" : {
          "isIframe" : false
        },
        "relatedNodes" : [ ]
      } ],
      "all" : [ ],
      "none" : [ ],
      "failureSummary" : null
    }, {
      "html" : "<a class=\"link\" href=\"mars2.html?a=contact_us\">\n                <i class=\"icon-travel-phone\"></i>\n                <span class=\"link-text\">Contact Us</span>\n              </a>",
      "target" : [ ".link[href=\"mars2.html?a=contact_us\"]" ],
      "impact" : null,
      "any" : [ {
        "id" : "region",
        "impact" : "moderate",
        "message" : "All page content is contained by landmarks",
        "data" : {
          "isIframe" : false
        },
        "relatedNodes" : [ ]
      } ],
      "all" : [ ],
      "none" : [ ],
      "failureSummary" : null
    }, {
      "html" : "<i class=\"icon-travel-phone\"></i>",
      "target" : [ ".icon-travel-phone" ],
      "impact" : null,
      "any" : [ {
        "id" : "region",
        "impact" : "moderate",
        "message" : "All page content is contained by landmarks",
        "data" : {
          "isIframe" : false
        },
        "relatedNodes" : [ ]
      } ],
      "all" : [ ],
      "none" : [ ],
      "failureSummary" : null
    }, {
      "html" : "<span class=\"link-text\">Contact Us</span>",
      "target" : [ ".link[href=\"mars2.html?a=contact_us\"] > .link-text" ],
      "impact" : null,
      "any" : [ {
        "id" : "region",
        "impact" : "moderate",
        "message" : "All page content is contained by landmarks",
        "data" : {
          "isIframe" : false
        },
        "relatedNodes" : [ ]
      } ],
      "all" : [ ],
      "none" : [ ],
      "failureSummary" : null
    }, {
      "html" : "<p></p>",
      "target" : [ "#vap-travel > p:nth-child(7)" ],
      "impact" : null,
      "any" : [ {
        "id" : "region",
        "impact" : "moderate",
        "message" : "All page content is contained by landmarks",
        "data" : {
          "isIframe" : false
        },
        "relatedNodes" : [ ]
      } ],
      "all" : [ ],
      "none" : [ ],
      "failureSummary" : null
    }, {
      "html" : "<div id=\"vertical-carousel\">",
      "target" : [ "#vertical-carousel" ],
      "impact" : null,
      "any" : [ {
        "id" : "region",
        "impact" : "moderate",
        "message" : "All page content is contained by landmarks",
        "data" : {
          "isIframe" : false
        },
        "relatedNodes" : [ ]
      } ],
      "all" : [ ],
      "none" : [ ],
      "failureSummary" : null
    }, {
      "html" : "<div class=\"be-icon\"></div>",
      "target" : [ ".be-icon" ],
      "impact" : null,
      "any" : [ {
        "id" : "region",
        "impact" : "moderate",
        "message" : "All page content is contained by landmarks",
        "data" : {
          "isIframe" : false
        },
        "relatedNodes" : [ ]
      } ],
      "all" : [ ],
      "none" : [ ],
      "failureSummary" : null
    }, {
      "html" : "<p class=\"carousel-title\">Special Offers</p>",
      "target" : [ ".carousel-title" ],
      "impact" : null,
      "any" : [ {
        "id" : "region",
        "impact" : "moderate",
        "message" : "All page content is contained by landmarks",
        "data" : {
          "isIframe" : false
        },
        "relatedNodes" : [ ]
      } ],
      "all" : [ ],
      "none" : [ ],
      "failureSummary" : null
    }, {
      "html" : "<div class=\"carousel\" style=\"visibility: visible; overflow: hidden; position: relative; z-index: 2; left: 0px; height: 420px;\">",
      "target" : [ ".carousel" ],
      "impact" : null,
      "any" : [ {
        "id" : "region",
        "impact" : "moderate",
        "message" : "All page content is contained by landmarks",
        "data" : {
          "isIframe" : false
        },
        "relatedNodes" : [ ]
      } ],
      "all" : [ ],
      "none" : [ ],
      "failureSummary" : null
    }, {
      "html" : "<ul style=\"margin: 0px; padding: 0px; position: relative; list-style-type: none; z-index: 1; height: 2800px; top: -420px;\">",
      "target" : [ ".carousel > ul" ],
      "impact" : null,
      "any" : [ {
        "id" : "region",
        "impact" : "moderate",
        "message" : "All page content is contained by landmarks",
        "data" : {
          "isIframe" : false
        },
        "relatedNodes" : [ ]
      } ],
      "all" : [ ],
      "none" : [ ],
      "failureSummary" : null
    }, {
      "html" : "<li style=\"overflow: hidden; float: none; width: 526px; height: 120px;\">",
      "target" : [ ".carousel > ul > li:nth-child(1)" ],
      "impact" : null,
      "any" : [ {
        "id" : "region",
        "impact" : "moderate",
        "message" : "All page content is contained by landmarks",
        "data" : {
          "isIframe" : false
        },
        "relatedNodes" : [ ]
      } ],
      "all" : [ ],
      "none" : [ ],
      "failureSummary" : null
    }, {
      "html" : "<a href=\"mars2.html?a=crater_adventure\">\n<img src=\"/assets/demo-sites/mars/images/mars-spaceman.jpg\" class=\"\" width=\"210\" height=\"120\"></a>",
      "target" : [ "li:nth-child(1) > a[href=\"mars2.html?a=crater_adventure\"]" ],
      "impact" : null,
      "any" : [ {
        "id" : "region",
        "impact" : "moderate",
        "message" : "All page content is contained by landmarks",
        "data" : {
          "isIframe" : false
        },
        "relatedNodes" : [ ]
      } ],
      "all" : [ ],
      "none" : [ ],
      "failureSummary" : null
    }, {
      "html" : "<img src=\"/assets/demo-sites/mars/images/mars-spaceman.jpg\" class=\"\" width=\"210\" height=\"120\">",
      "target" : [ "li:nth-child(1) > a[href=\"mars2.html?a=crater_adventure\"] > img[width=\"210\"][height=\"120\"]" ],
      "impact" : null,
      "any" : [ {
        "id" : "region",
        "impact" : "moderate",
        "message" : "All page content is contained by landmarks",
        "data" : {
          "isIframe" : false
        },
        "relatedNodes" : [ ]
      } ],
      "all" : [ ],
      "none" : [ ],
      "failureSummary" : null
    }, {
      "html" : "<div class=\"deal-text\">",
      "target" : [ "li:nth-child(1) > .deal-text" ],
      "impact" : null,
      "any" : [ {
        "id" : "region",
        "impact" : "moderate",
        "message" : "All page content is contained by landmarks",
        "data" : {
          "isIframe" : false
        },
        "relatedNodes" : [ ]
      } ],
      "all" : [ ],
      "none" : [ ],
      "failureSummary" : null
    }, {
      "html" : "<h3>\n            <a class=\"\" href=\"mars2.html?a=crater_adventure\">10% off Crater Adventure</a></h3>",
      "target" : [ "li:nth-child(1) > .deal-text > h3" ],
      "impact" : null,
      "any" : [ {
        "id" : "region",
        "impact" : "moderate",
        "message" : "All page content is contained by landmarks",
        "data" : {
          "isIframe" : false
        },
        "relatedNodes" : [ ]
      } ],
      "all" : [ ],
      "none" : [ ],
      "failureSummary" : null
    }, {
      "html" : "<a class=\"\" href=\"mars2.html?a=crater_adventure\">10% off Crater Adventure</a>",
      "target" : [ "li:nth-child(1) > .deal-text > h3 > a[href=\"mars2.html?a=crater_adventure\"]" ],
      "impact" : null,
      "any" : [ {
        "id" : "region",
        "impact" : "moderate",
        "message" : "All page content is contained by landmarks",
        "data" : {
          "isIframe" : false
        },
        "relatedNodes" : [ ]
      } ],
      "all" : [ ],
      "none" : [ ],
      "failureSummary" : null
    }, {
      "html" : "<p>Book select MarStar Crater tickets and enjoy 10% off the Crater Adventures Pass. Safety not guaranteed. <a href=\"mars2.html?a=crater_adventure\">Book your MarStar Crater Package today to save!</a></p>",
      "target" : [ "li:nth-child(1) > .deal-text > p" ],
      "impact" : null,
      "any" : [ {
        "id" : "region",
        "impact" : "moderate",
        "message" : "All page content is contained by landmarks",
        "data" : {
          "isIframe" : false
        },
        "relatedNodes" : [ ]
      } ],
      "all" : [ ],
      "none" : [ ],
      "failureSummary" : null
    }, {
      "html" : "<a href=\"mars2.html?a=crater_adventure\">Book your MarStar Crater Package today to save!</a>",
      "target" : [ "li:nth-child(1) > .deal-text > p > a[href=\"mars2.html?a=crater_adventure\"]" ],
      "impact" : null,
      "any" : [ {
        "id" : "region",
        "impact" : "moderate",
        "message" : "All page content is contained by landmarks",
        "data" : {
          "isIframe" : false
        },
        "relatedNodes" : [ ]
      } ],
      "all" : [ ],
      "none" : [ ],
      "failureSummary" : null
    }, {
      "html" : "<li style=\"overflow: hidden; float: none; width: 526px; height: 120px;\">",
      "target" : [ ".carousel > ul > li:nth-child(2)" ],
      "impact" : null,
      "any" : [ {
        "id" : "region",
        "impact" : "moderate",
        "message" : "All page content is contained by landmarks",
        "data" : {
          "isIframe" : false
        },
        "relatedNodes" : [ ]
      } ],
      "all" : [ ],
      "none" : [ ],
      "failureSummary" : null
    }, {
      "html" : "<a href=\"mars2.html?a=ice_cream\">\n<img src=\"/assets/demo-sites/mars/images/space-station.jpg\" class=\"\" width=\"210\" height=\"120\" alt=\"icecream.jpg \"></a>",
      "target" : [ "li:nth-child(2) > a[href=\"mars2.html?a=ice_cream\"]" ],
      "impact" : null,
      "any" : [ {
        "id" : "region",
        "impact" : "moderate",
        "message" : "All page content is contained by landmarks",
        "data" : {
          "isIframe" : false
        },
        "relatedNodes" : [ ]
      } ],
      "all" : [ ],
      "none" : [ ],
      "failureSummary" : null
    }, {
      "html" : "<img src=\"/assets/demo-sites/mars/images/space-station.jpg\" class=\"\" width=\"210\" height=\"120\" alt=\"icecream.jpg \">",
      "target" : [ "li:nth-child(2) > a[href=\"mars2.html?a=ice_cream\"] > img[alt=\"icecream.jpg \"][width=\"210\"][height=\"120\"]" ],
      "impact" : null,
      "any" : [ {
        "id" : "region",
        "impact" : "moderate",
        "message" : "All page content is contained by landmarks",
        "data" : {
          "isIframe" : false
        },
        "relatedNodes" : [ ]
      } ],
      "all" : [ ],
      "none" : [ ],
      "failureSummary" : null
    }, {
      "html" : "<div class=\"deal-text\">",
      "target" : [ "li:nth-child(2) > .deal-text" ],
      "impact" : null,
      "any" : [ {
        "id" : "region",
        "impact" : "moderate",
        "message" : "All page content is contained by landmarks",
        "data" : {
          "isIframe" : false
        },
        "relatedNodes" : [ ]
      } ],
      "all" : [ ],
      "none" : [ ],
      "failureSummary" : null
    }, {
      "html" : "<h3>\n            <a class=\"\" href=\"mars2.html?a=ice_cream\">Free Astronaut Ice Cream</a></h3>",
      "target" : [ "li:nth-child(2) > .deal-text > h3" ],
      "impact" : null,
      "any" : [ {
        "id" : "region",
        "impact" : "moderate",
        "message" : "All page content is contained by landmarks",
        "data" : {
          "isIframe" : false
        },
        "relatedNodes" : [ ]
      } ],
      "all" : [ ],
      "none" : [ ],
      "failureSummary" : null
    }, {
      "html" : "<a class=\"\" href=\"mars2.html?a=ice_cream\">Free Astronaut Ice Cream</a>",
      "target" : [ "li:nth-child(2) > .deal-text > h3 > a[href=\"mars2.html?a=ice_cream\"]" ],
      "impact" : null,
      "any" : [ {
        "id" : "region",
        "impact" : "moderate",
        "message" : "All page content is contained by landmarks",
        "data" : {
          "isIframe" : false
        },
        "relatedNodes" : [ ]
      } ],
      "all" : [ ],
      "none" : [ ],
      "failureSummary" : null
    }, {
      "html" : "<p>Spend an extra 3 months in orbit around Mars in our newly-remodelled MarsPod and get a free package of freeze-wrapped dehydrated astronaut ice cream. <a class=\"link-arrow\" href=\"mars2.html?a=ice_cream\">Get your free dehydrated ice cream!</a>\n</p>",
      "target" : [ "li:nth-child(2) > .deal-text > p" ],
      "impact" : null,
      "any" : [ {
        "id" : "region",
        "impact" : "moderate",
        "message" : "All page content is contained by landmarks",
        "data" : {
          "isIframe" : false
        },
        "relatedNodes" : [ ]
      } ],
      "all" : [ ],
      "none" : [ ],
      "failureSummary" : null
    }, {
      "html" : "<a class=\"link-arrow\" href=\"mars2.html?a=ice_cream\">Get your free dehydrated ice cream!</a>",
      "target" : [ "li:nth-child(2) > .deal-text > p > .link-arrow[href=\"mars2.html?a=ice_cream\"]" ],
      "impact" : null,
      "any" : [ {
        "id" : "region",
        "impact" : "moderate",
        "message" : "All page content is contained by landmarks",
        "data" : {
          "isIframe" : false
        },
        "relatedNodes" : [ ]
      } ],
      "all" : [ ],
      "none" : [ ],
      "failureSummary" : null
    }, {
      "html" : "<li style=\"overflow: hidden; float: none; width: 526px; height: 120px;\">",
      "target" : [ ".carousel > ul > li:nth-child(3)" ],
      "impact" : null,
      "any" : [ {
        "id" : "region",
        "impact" : "moderate",
        "message" : "All page content is contained by landmarks",
        "data" : {
          "isIframe" : false
        },
        "relatedNodes" : [ ]
      } ],
      "all" : [ ],
      "none" : [ ],
      "failureSummary" : null
    }, {
      "html" : "<a href=\"mars2.html?a=low_price_guarantee\"> <img src=\"/assets/demo-sites/mars/images/mars-lander.jpg\" class=\"\" width=\"210\" height=\"120\" alt=\"Mars Lander\"></a>",
      "target" : [ ".carousel > ul > li:nth-child(3) > a" ],
      "impact" : null,
      "any" : [ {
        "id" : "region",
        "impact" : "moderate",
        "message" : "All page content is contained by landmarks",
        "data" : {
          "isIframe" : false
        },
        "relatedNodes" : [ ]
      } ],
      "all" : [ ],
      "none" : [ ],
      "failureSummary" : null
    }, {
      "html" : "<img src=\"/assets/demo-sites/mars/images/mars-lander.jpg\" class=\"\" width=\"210\" height=\"120\" alt=\"Mars Lander\">",
      "target" : [ "li:nth-child(3) > a > img[alt=\"Mars Lander\"][width=\"210\"][height=\"120\"]" ],
      "impact" : null,
      "any" : [ {
        "id" : "region",
        "impact" : "moderate",
        "message" : "All page content is contained by landmarks",
        "data" : {
          "isIframe" : false
        },
        "relatedNodes" : [ ]
      } ],
      "all" : [ ],
      "none" : [ ],
      "failureSummary" : null
    }, {
      "html" : "<div class=\"deal-text\">",
      "target" : [ "li:nth-child(3) > .deal-text" ],
      "impact" : null,
      "any" : [ {
        "id" : "region",
        "impact" : "moderate",
        "message" : "All page content is contained by landmarks",
        "data" : {
          "isIframe" : false
        },
        "relatedNodes" : [ ]
      } ],
      "all" : [ ],
      "none" : [ ],
      "failureSummary" : null
    }, {
      "html" : "<h3> <a class=\"link\" href=\"mars2.html?a=low_price_guarantee\">Lowest Price Guarantee</a></h3>",
      "target" : [ "li:nth-child(3) > .deal-text > h3" ],
      "impact" : null,
      "any" : [ {
        "id" : "region",
        "impact" : "moderate",
        "message" : "All page content is contained by landmarks",
        "data" : {
          "isIframe" : false
        },
        "relatedNodes" : [ ]
      } ],
      "all" : [ ],
      "none" : [ ],
      "failureSummary" : null
    }, {
      "html" : "<a class=\"link\" href=\"mars2.html?a=low_price_guarantee\">Lowest Price Guarantee</a>",
      "target" : [ "li:nth-child(3) > .deal-text > h3 > .link" ],
      "impact" : null,
      "any" : [ {
        "id" : "region",
        "impact" : "moderate",
        "message" : "All page content is contained by landmarks",
        "data" : {
          "isIframe" : false
        },
        "relatedNodes" : [ ]
      } ],
      "all" : [ ],
      "none" : [ ],
      "failureSummary" : null
    }, {
      "html" : "<p>If within 24 hours of booking with us you find a lower online published price for the exact same rocket ticket to Mars, we buy you a milkshake, then send you on a one-way trip to the Sun. <a href=\"mars2.html?a=low_price_guarantee\">Find out how this deal works.</a> </p>",
      "target" : [ "li:nth-child(3) > .deal-text > p:nth-child(2)" ],
      "impact" : null,
      "any" : [ {
        "id" : "region",
        "impact" : "moderate",
        "message" : "All page content is contained by landmarks",
        "data" : {
          "isIframe" : false
        },
        "relatedNodes" : [ ]
      } ],
      "all" : [ ],
      "none" : [ ],
      "failureSummary" : null
    }, {
      "html" : "<a href=\"mars2.html?a=low_price_guarantee\">Find out how this deal works.</a>",
      "target" : [ "li:nth-child(3) > .deal-text > p:nth-child(2) > a" ],
      "impact" : null,
      "any" : [ {
        "id" : "region",
        "impact" : "moderate",
        "message" : "All page content is contained by landmarks",
        "data" : {
          "isIframe" : false
        },
        "relatedNodes" : [ ]
      } ],
      "all" : [ ],
      "none" : [ ],
      "failureSummary" : null
    }, {
      "html" : "<p>&nbsp;</p>",
      "target" : [ "li:nth-child(3) > .deal-text > p:nth-child(3)" ],
      "impact" : null,
      "any" : [ {
        "id" : "region",
        "impact" : "moderate",
        "message" : "All page content is contained by landmarks",
        "data" : {
          "isIframe" : false
        },
        "relatedNodes" : [ ]
      } ],
      "all" : [ ],
      "none" : [ ],
      "failureSummary" : null
    }, {
      "html" : "<p></p>",
      "target" : [ "li:nth-child(3) > .deal-text > p:nth-child(4)" ],
      "impact" : null,
      "any" : [ {
        "id" : "region",
        "impact" : "moderate",
        "message" : "All page content is contained by landmarks",
        "data" : {
          "isIframe" : false
        },
        "relatedNodes" : [ ]
      } ],
      "all" : [ ],
      "none" : [ ],
      "failureSummary" : null
    }, {
      "html" : "<li style=\"overflow: hidden; float: none; width: 526px; height: 120px;\">",
      "target" : [ ".carousel > ul > li:nth-child(4)" ],
      "impact" : null,
      "any" : [ {
        "id" : "region",
        "impact" : "moderate",
        "message" : "All page content is contained by landmarks",
        "data" : {
          "isIframe" : false
        },
        "relatedNodes" : [ ]
      } ],
      "all" : [ ],
      "none" : [ ],
      "failureSummary" : null
    }, {
      "html" : "<a href=\"mars2.html?a=send_kids_to_mars\">\n<img src=\"/assets/demo-sites/mars/images/kids-space.jpg\" class=\"\" width=\"210\" height=\"120\" alt=\"Kids in space suits \"></a>",
      "target" : [ "li:nth-child(4) > a[href=\"mars2.html?a=send_kids_to_mars\"]" ],
      "impact" : null,
      "any" : [ {
        "id" : "region",
        "impact" : "moderate",
        "message" : "All page content is contained by landmarks",
        "data" : {
          "isIframe" : false
        },
        "relatedNodes" : [ ]
      } ],
      "all" : [ ],
      "none" : [ ],
      "failureSummary" : null
    }, {
      "html" : "<img src=\"/assets/demo-sites/mars/images/kids-space.jpg\" class=\"\" width=\"210\" height=\"120\" alt=\"Kids in space suits \">",
      "target" : [ "li:nth-child(4) > a[href=\"mars2.html?a=send_kids_to_mars\"] > img[alt=\"Kids in space suits \"][width=\"210\"][height=\"120\"]" ],
      "impact" : null,
      "any" : [ {
        "id" : "region",
        "impact" : "moderate",
        "message" : "All page content is contained by landmarks",
        "data" : {
          "isIframe" : false
        },
        "relatedNodes" : [ ]
      } ],
      "all" : [ ],
      "none" : [ ],
      "failureSummary" : null
    }, {
      "html" : "<div class=\"deal-text\">",
      "target" : [ "li:nth-child(4) > .deal-text" ],
      "impact" : null,
      "any" : [ {
        "id" : "region",
        "impact" : "moderate",
        "message" : "All page content is contained by landmarks",
        "data" : {
          "isIframe" : false
        },
        "relatedNodes" : [ ]
      } ],
      "all" : [ ],
      "none" : [ ],
      "failureSummary" : null
    }, {
      "html" : "<h3>\n            <a class=\"\" href=\"mars2.html?a=send_kids_to_mars\">Send Your Kids to Mars!</a></h3>",
      "target" : [ "li:nth-child(4) > .deal-text > h3" ],
      "impact" : null,
      "any" : [ {
        "id" : "region",
        "impact" : "moderate",
        "message" : "All page content is contained by landmarks",
        "data" : {
          "isIframe" : false
        },
        "relatedNodes" : [ ]
      } ],
      "all" : [ ],
      "none" : [ ],
      "failureSummary" : null
    }, {
      "html" : "<a class=\"\" href=\"mars2.html?a=send_kids_to_mars\">Send Your Kids to Mars!</a>",
      "target" : [ "li:nth-child(4) > .deal-text > h3 > a[href=\"mars2.html?a=send_kids_to_mars\"]" ],
      "impact" : null,
      "any" : [ {
        "id" : "region",
        "impact" : "moderate",
        "message" : "All page content is contained by landmarks",
        "data" : {
          "isIframe" : false
        },
        "relatedNodes" : [ ]
      } ],
      "all" : [ ],
      "none" : [ ],
      "failureSummary" : null
    }, {
      "html" : "<p>Book a first class one-way ticket for 5 kids, at the cost of 4! No parent or guardian required. Don't worry, they'll be fine... <a class=\"link-arrow\" href=\"mars2.html?a=send_kids_to_mars\">Send your kids to mars</a></p>",
      "target" : [ "li:nth-child(4) > .deal-text > p" ],
      "impact" : null,
      "any" : [ {
        "id" : "region",
        "impact" : "moderate",
        "message" : "All page content is contained by landmarks",
        "data" : {
          "isIframe" : false
        },
        "relatedNodes" : [ ]
      } ],
      "all" : [ ],
      "none" : [ ],
      "failureSummary" : null
    }, {
      "html" : "<a class=\"link-arrow\" href=\"mars2.html?a=send_kids_to_mars\">Send your kids to mars</a>",
      "target" : [ "li:nth-child(4) > .deal-text > p > .link-arrow[href=\"mars2.html?a=send_kids_to_mars\"]" ],
      "impact" : null,
      "any" : [ {
        "id" : "region",
        "impact" : "moderate",
        "message" : "All page content is contained by landmarks",
        "data" : {
          "isIframe" : false
        },
        "relatedNodes" : [ ]
      } ],
      "all" : [ ],
      "none" : [ ],
      "failureSummary" : null
    }, {
      "html" : "<li style=\"overflow: hidden; float: none; width: 526px; height: 120px;\">",
      "target" : [ ".carousel > ul > li:nth-child(5)" ],
      "impact" : null,
      "any" : [ {
        "id" : "region",
        "impact" : "moderate",
        "message" : "All page content is contained by landmarks",
        "data" : {
          "isIframe" : false
        },
        "relatedNodes" : [ ]
      } ],
      "all" : [ ],
      "none" : [ ],
      "failureSummary" : null
    }, {
      "html" : "<a href=\"mars2.html?a=wookie\">\n<img src=\"/assets/demo-sites/mars/images/wookie.jpg\" class=\"\" width=\"210\" height=\"120\" alt=\"Wookie\"></a>",
      "target" : [ "li:nth-child(5) > a[href=\"mars2.html?a=wookie\"]" ],
      "impact" : null,
      "any" : [ {
        "id" : "region",
        "impact" : "moderate",
        "message" : "All page content is contained by landmarks",
        "data" : {
          "isIframe" : false
        },
        "relatedNodes" : [ ]
      } ],
      "all" : [ ],
      "none" : [ ],
      "failureSummary" : null
    }, {
      "html" : "<img src=\"/assets/demo-sites/mars/images/wookie.jpg\" class=\"\" width=\"210\" height=\"120\" alt=\"Wookie\">",
      "target" : [ "li:nth-child(5) > a[href=\"mars2.html?a=wookie\"] > img[alt=\"Wookie\"][width=\"210\"][height=\"120\"]" ],
      "impact" : null,
      "any" : [ {
        "id" : "region",
        "impact" : "moderate",
        "message" : "All page content is contained by landmarks",
        "data" : {
          "isIframe" : false
        },
        "relatedNodes" : [ ]
      } ],
      "all" : [ ],
      "none" : [ ],
      "failureSummary" : null
    }, {
      "html" : "<div class=\"deal-text\">",
      "target" : [ "li:nth-child(5) > .deal-text" ],
      "impact" : null,
      "any" : [ {
        "id" : "region",
        "impact" : "moderate",
        "message" : "All page content is contained by landmarks",
        "data" : {
          "isIframe" : false
        },
        "relatedNodes" : [ ]
      } ],
      "all" : [ ],
      "none" : [ ],
      "failureSummary" : null
    }, {
      "html" : "<h3>\n            <a class=\"\" href=\"mars2.html?a=wookie\">Fly with a Wookie</a></h3>",
      "target" : [ "li:nth-child(5) > .deal-text > h3" ],
      "impact" : null,
      "any" : [ {
        "id" : "region",
        "impact" : "moderate",
        "message" : "All page content is contained by landmarks",
        "data" : {
          "isIframe" : false
        },
        "relatedNodes" : [ ]
      } ],
      "all" : [ ],
      "none" : [ ],
      "failureSummary" : null
    }, {
      "html" : "<a class=\"\" href=\"mars2.html?a=wookie\">Fly with a Wookie</a>",
      "target" : [ "li:nth-child(5) > .deal-text > h3 > a[href=\"mars2.html?a=wookie\"]" ],
      "impact" : null,
      "any" : [ {
        "id" : "region",
        "impact" : "moderate",
        "message" : "All page content is contained by landmarks",
        "data" : {
          "isIframe" : false
        },
        "relatedNodes" : [ ]
      } ],
      "all" : [ ],
      "none" : [ ],
      "failureSummary" : null
    }, {
      "html" : "<p>Fly with a wookie! Limited time offer! Or would you rather kiss a Wookie? We can arrange that. (Can someone move this walking carpet out of my way?) <a class=\"link-arrow\" href=\"mars2.html?a=wookie\">Fly with a Wookie!</a></p>",
      "target" : [ "li:nth-child(5) > .deal-text > p" ],
      "impact" : null,
      "any" : [ {
        "id" : "region",
        "impact" : "moderate",
        "message" : "All page content is contained by landmarks",
        "data" : {
          "isIframe" : false
        },
        "relatedNodes" : [ ]
      } ],
      "all" : [ ],
      "none" : [ ],
      "failureSummary" : null
    }, {
      "html" : "<a class=\"link-arrow\" href=\"mars2.html?a=wookie\">Fly with a Wookie!</a>",
      "target" : [ "li:nth-child(5) > .deal-text > p > .link-arrow[href=\"mars2.html?a=wookie\"]" ],
      "impact" : null,
      "any" : [ {
        "id" : "region",
        "impact" : "moderate",
        "message" : "All page content is contained by landmarks",
        "data" : {
          "isIframe" : false
        },
        "relatedNodes" : [ ]
      } ],
      "all" : [ ],
      "none" : [ ],
      "failureSummary" : null
    }, {
      "html" : "<li style=\"overflow: hidden; float: none; width: 526px; height: 120px;\">",
      "target" : [ ".carousel > ul > li:nth-child(6)" ],
      "impact" : null,
      "any" : [ {
        "id" : "region",
        "impact" : "moderate",
        "message" : "All page content is contained by landmarks",
        "data" : {
          "isIframe" : false
        },
        "relatedNodes" : [ ]
      } ],
      "all" : [ ],
      "none" : [ ],
      "failureSummary" : null
    }, {
      "html" : "<a href=\"mars2.html?a=stay_connected\">\n<img src=\"/assets/demo-sites/mars/images/global-free-days.jpg\" class=\"\" width=\"210\" height=\"120\" alt=\"Martian sunrise.\"></a>",
      "target" : [ "li:nth-child(6) > a[href=\"mars2.html?a=stay_connected\"]" ],
      "impact" : null,
      "any" : [ {
        "id" : "region",
        "impact" : "moderate",
        "message" : "All page content is contained by landmarks",
        "data" : {
          "isIframe" : false
        },
        "relatedNodes" : [ ]
      } ],
      "all" : [ ],
      "none" : [ ],
      "failureSummary" : null
    }, {
      "html" : "<img src=\"/assets/demo-sites/mars/images/global-free-days.jpg\" class=\"\" width=\"210\" height=\"120\" alt=\"Martian sunrise.\">",
      "target" : [ "li:nth-child(6) > a[href=\"mars2.html?a=stay_connected\"] > img[alt=\"Martian sunrise.\"][width=\"210\"][height=\"120\"]" ],
      "impact" : null,
      "any" : [ {
        "id" : "region",
        "impact" : "moderate",
        "message" : "All page content is contained by landmarks",
        "data" : {
          "isIframe" : false
        },
        "relatedNodes" : [ ]
      } ],
      "all" : [ ],
      "none" : [ ],
      "failureSummary" : null
    }, {
      "html" : "<div class=\"deal-text\">",
      "target" : [ "li:nth-child(6) > .deal-text" ],
      "impact" : null,
      "any" : [ {
        "id" : "region",
        "impact" : "moderate",
        "message" : "All page content is contained by landmarks",
        "data" : {
          "isIframe" : false
        },
        "relatedNodes" : [ ]
      } ],
      "all" : [ ],
      "none" : [ ],
      "failureSummary" : null
    }, {
      "html" : "<h3>\n            <a class=\"\" href=\"mars2.html?a=stay_connected\">Get Radio on Uranus </a></h3>",
      "target" : [ "li:nth-child(6) > .deal-text > h3" ],
      "impact" : null,
      "any" : [ {
        "id" : "region",
        "impact" : "moderate",
        "message" : "All page content is contained by landmarks",
        "data" : {
          "isIframe" : false
        },
        "relatedNodes" : [ ]
      } ],
      "all" : [ ],
      "none" : [ ],
      "failureSummary" : null
    }, {
      "html" : "<a class=\"\" href=\"mars2.html?a=stay_connected\">Get Radio on Uranus </a>",
      "target" : [ "li:nth-child(6) > .deal-text > h3 > a[href=\"mars2.html?a=stay_connected\"]" ],
      "impact" : null,
      "any" : [ {
        "id" : "region",
        "impact" : "moderate",
        "message" : "All page content is contained by landmarks",
        "data" : {
          "isIframe" : false
        },
        "relatedNodes" : [ ]
      } ],
      "all" : [ ],
      "none" : [ ],
      "failureSummary" : null
    }, {
      "html" : "<p>All of our packages come with radio connectivity to the far reaches of the solar system. Yup, you too can get Justin Bieber on Uranus. <a href=\"mars2.html?a=stay_connected\">Find out about radio connectivity today.</a></p>",
      "target" : [ "li:nth-child(6) > .deal-text > p" ],
      "impact" : null,
      "any" : [ {
        "id" : "region",
        "impact" : "moderate",
        "message" : "All page content is contained by landmarks",
        "data" : {
          "isIframe" : false
        },
        "relatedNodes" : [ ]
      } ],
      "all" : [ ],
      "none" : [ ],
      "failureSummary" : null
    }, {
      "html" : "<a href=\"mars2.html?a=stay_connected\">Find out about radio connectivity today.</a>",
      "target" : [ "li:nth-child(6) > .deal-text > p > a[href=\"mars2.html?a=stay_connected\"]" ],
      "impact" : null,
      "any" : [ {
        "id" : "region",
        "impact" : "moderate",
        "message" : "All page content is contained by landmarks",
        "data" : {
          "isIframe" : false
        },
        "relatedNodes" : [ ]
      } ],
      "all" : [ ],
      "none" : [ ],
      "failureSummary" : null
    }, {
      "html" : "<li style=\"overflow: hidden; float: none; width: 526px; height: 120px;\">",
      "target" : [ ".carousel > ul > li:nth-child(7)" ],
      "impact" : null,
      "any" : [ {
        "id" : "region",
        "impact" : "moderate",
        "message" : "All page content is contained by landmarks",
        "data" : {
          "isIframe" : false
        },
        "relatedNodes" : [ ]
      } ],
      "all" : [ ],
      "none" : [ ],
      "failureSummary" : null
    }, {
      "html" : "<a href=\"mars2.html?a=free_year\">\n<img src=\"/assets/demo-sites/mars/images/mars-sunrise.jpg\" class=\"\" width=\"210\" height=\"120\" alt=\"Beautiful baboon, blowing bubbles, biking backward\"></a>",
      "target" : [ "li:nth-child(7) > a[href=\"mars2.html?a=free_year\"]" ],
      "impact" : null,
      "any" : [ {
        "id" : "region",
        "impact" : "moderate",
        "message" : "All page content is contained by landmarks",
        "data" : {
          "isIframe" : false
        },
        "relatedNodes" : [ ]
      } ],
      "all" : [ ],
      "none" : [ ],
      "failureSummary" : null
    }, {
      "html" : "<img src=\"/assets/demo-sites/mars/images/mars-sunrise.jpg\" class=\"\" width=\"210\" height=\"120\" alt=\"Beautiful baboon, blowing bubbles, biking backward\">",
      "target" : [ "li:nth-child(7) > a[href=\"mars2.html?a=free_year\"] > img[width=\"210\"][height=\"120\"]" ],
      "impact" : null,
      "any" : [ {
        "id" : "region",
        "impact" : "moderate",
        "message" : "All page content is contained by landmarks",
        "data" : {
          "isIframe" : false
        },
        "relatedNodes" : [ ]
      } ],
      "all" : [ ],
      "none" : [ ],
      "failureSummary" : null
    }, {
      "html" : "<div class=\"deal-text\">",
      "target" : [ "li:nth-child(7) > .deal-text" ],
      "impact" : null,
      "any" : [ {
        "id" : "region",
        "impact" : "moderate",
        "message" : "All page content is contained by landmarks",
        "data" : {
          "isIframe" : false
        },
        "relatedNodes" : [ ]
      } ],
      "all" : [ ],
      "none" : [ ],
      "failureSummary" : null
    }, {
      "html" : "<h3>\n            <a class=\"\" href=\"mars2.html?a=free_year\">Free Year on Mars</a></h3>",
      "target" : [ "li:nth-child(7) > .deal-text > h3" ],
      "impact" : null,
      "any" : [ {
        "id" : "region",
        "impact" : "moderate",
        "message" : "All page content is contained by landmarks",
        "data" : {
          "isIframe" : false
        },
        "relatedNodes" : [ ]
      } ],
      "all" : [ ],
      "none" : [ ],
      "failureSummary" : null
    }, {
      "html" : "<a class=\"\" href=\"mars2.html?a=free_year\">Free Year on Mars</a>",
      "target" : [ "li:nth-child(7) > .deal-text > h3 > a[href=\"mars2.html?a=free_year\"]" ],
      "impact" : null,
      "any" : [ {
        "id" : "region",
        "impact" : "moderate",
        "message" : "All page content is contained by landmarks",
        "data" : {
          "isIframe" : false
        },
        "relatedNodes" : [ ]
      } ],
      "all" : [ ],
      "none" : [ ],
      "failureSummary" : null
    }, {
      "html" : "<p>Book ten years on Mars and get an extra year for free! Eleven years on Mars! Yay! Oxygen and water not included. <a href=\"mars2.html?a=free_year\">Book a free year on Mars</a>.</p>",
      "target" : [ "li:nth-child(7) > .deal-text > p" ],
      "impact" : null,
      "any" : [ {
        "id" : "region",
        "impact" : "moderate",
        "message" : "All page content is contained by landmarks",
        "data" : {
          "isIframe" : false
        },
        "relatedNodes" : [ ]
      } ],
      "all" : [ ],
      "none" : [ ],
      "failureSummary" : null
    }, {
      "html" : "<a href=\"mars2.html?a=free_year\">Book a free year on Mars</a>",
      "target" : [ "li:nth-child(7) > .deal-text > p > a[href=\"mars2.html?a=free_year\"]" ],
      "impact" : null,
      "any" : [ {
        "id" : "region",
        "impact" : "moderate",
        "message" : "All page content is contained by landmarks",
        "data" : {
          "isIframe" : false
        },
        "relatedNodes" : [ ]
      } ],
      "all" : [ ],
      "none" : [ ],
      "failureSummary" : null
    }, {
      "html" : "<li style=\"overflow: hidden; float: none; width: 526px; height: 120px;\">",
      "target" : [ "li:nth-child(8)" ],
      "impact" : null,
      "any" : [ {
        "id" : "region",
        "impact" : "moderate",
        "message" : "All page content is contained by landmarks",
        "data" : {
          "isIframe" : false
        },
        "relatedNodes" : [ ]
      } ],
      "all" : [ ],
      "none" : [ ],
      "failureSummary" : null
    }, {
      "html" : "<a href=\"mars2.html?a=crater_adventure\">\n<img src=\"/assets/demo-sites/mars/images/mars-spaceman.jpg\" class=\"\" width=\"210\" height=\"120\"></a>",
      "target" : [ "li:nth-child(8) > a[href=\"mars2.html?a=crater_adventure\"]" ],
      "impact" : null,
      "any" : [ {
        "id" : "region",
        "impact" : "moderate",
        "message" : "All page content is contained by landmarks",
        "data" : {
          "isIframe" : false
        },
        "relatedNodes" : [ ]
      } ],
      "all" : [ ],
      "none" : [ ],
      "failureSummary" : null
    }, {
      "html" : "<img src=\"/assets/demo-sites/mars/images/mars-spaceman.jpg\" class=\"\" width=\"210\" height=\"120\">",
      "target" : [ "li:nth-child(8) > a[href=\"mars2.html?a=crater_adventure\"] > img[width=\"210\"][height=\"120\"]" ],
      "impact" : null,
      "any" : [ {
        "id" : "region",
        "impact" : "moderate",
        "message" : "All page content is contained by landmarks",
        "data" : {
          "isIframe" : false
        },
        "relatedNodes" : [ ]
      } ],
      "all" : [ ],
      "none" : [ ],
      "failureSummary" : null
    }, {
      "html" : "<div class=\"deal-text\">",
      "target" : [ "li:nth-child(8) > .deal-text" ],
      "impact" : null,
      "any" : [ {
        "id" : "region",
        "impact" : "moderate",
        "message" : "All page content is contained by landmarks",
        "data" : {
          "isIframe" : false
        },
        "relatedNodes" : [ ]
      } ],
      "all" : [ ],
      "none" : [ ],
      "failureSummary" : null
    }, {
      "html" : "<h3>\n            <a class=\"\" href=\"mars2.html?a=crater_adventure\">10% off Crater Adventure</a></h3>",
      "target" : [ "li:nth-child(8) > .deal-text > h3" ],
      "impact" : null,
      "any" : [ {
        "id" : "region",
        "impact" : "moderate",
        "message" : "All page content is contained by landmarks",
        "data" : {
          "isIframe" : false
        },
        "relatedNodes" : [ ]
      } ],
      "all" : [ ],
      "none" : [ ],
      "failureSummary" : null
    }, {
      "html" : "<a class=\"\" href=\"mars2.html?a=crater_adventure\">10% off Crater Adventure</a>",
      "target" : [ "li:nth-child(8) > .deal-text > h3 > a[href=\"mars2.html?a=crater_adventure\"]" ],
      "impact" : null,
      "any" : [ {
        "id" : "region",
        "impact" : "moderate",
        "message" : "All page content is contained by landmarks",
        "data" : {
          "isIframe" : false
        },
        "relatedNodes" : [ ]
      } ],
      "all" : [ ],
      "none" : [ ],
      "failureSummary" : null
    }, {
      "html" : "<p>Book select MarStar Crater tickets and enjoy 10% off the Crater Adventures Pass. Safety not guaranteed. <a href=\"mars2.html?a=crater_adventure\">Book your MarStar Crater Package today to save!</a></p>",
      "target" : [ "li:nth-child(8) > .deal-text > p" ],
      "impact" : null,
      "any" : [ {
        "id" : "region",
        "impact" : "moderate",
        "message" : "All page content is contained by landmarks",
        "data" : {
          "isIframe" : false
        },
        "relatedNodes" : [ ]
      } ],
      "all" : [ ],
      "none" : [ ],
      "failureSummary" : null
    }, {
      "html" : "<a href=\"mars2.html?a=crater_adventure\">Book your MarStar Crater Package today to save!</a>",
      "target" : [ "li:nth-child(8) > .deal-text > p > a[href=\"mars2.html?a=crater_adventure\"]" ],
      "impact" : null,
      "any" : [ {
        "id" : "region",
        "impact" : "moderate",
        "message" : "All page content is contained by landmarks",
        "data" : {
          "isIframe" : false
        },
        "relatedNodes" : [ ]
      } ],
      "all" : [ ],
      "none" : [ ],
      "failureSummary" : null
    }, {
      "html" : "<li style=\"overflow: hidden; float: none; width: 526px; height: 120px;\">",
      "target" : [ "li:nth-child(9)" ],
      "impact" : null,
      "any" : [ {
        "id" : "region",
        "impact" : "moderate",
        "message" : "All page content is contained by landmarks",
        "data" : {
          "isIframe" : false
        },
        "relatedNodes" : [ ]
      } ],
      "all" : [ ],
      "none" : [ ],
      "failureSummary" : null
    }, {
      "html" : "<a href=\"mars2.html?a=ice_cream\">\n<img src=\"/assets/demo-sites/mars/images/space-station.jpg\" class=\"\" width=\"210\" height=\"120\" alt=\"icecream.jpg \"></a>",
      "target" : [ "li:nth-child(9) > a[href=\"mars2.html?a=ice_cream\"]" ],
      "impact" : null,
      "any" : [ {
        "id" : "region",
        "impact" : "moderate",
        "message" : "All page content is contained by landmarks",
        "data" : {
          "isIframe" : false
        },
        "relatedNodes" : [ ]
      } ],
      "all" : [ ],
      "none" : [ ],
      "failureSummary" : null
    }, {
      "html" : "<img src=\"/assets/demo-sites/mars/images/space-station.jpg\" class=\"\" width=\"210\" height=\"120\" alt=\"icecream.jpg \">",
      "target" : [ "li:nth-child(9) > a[href=\"mars2.html?a=ice_cream\"] > img[alt=\"icecream.jpg \"][width=\"210\"][height=\"120\"]" ],
      "impact" : null,
      "any" : [ {
        "id" : "region",
        "impact" : "moderate",
        "message" : "All page content is contained by landmarks",
        "data" : {
          "isIframe" : false
        },
        "relatedNodes" : [ ]
      } ],
      "all" : [ ],
      "none" : [ ],
      "failureSummary" : null
    }, {
      "html" : "<div class=\"deal-text\">",
      "target" : [ "li:nth-child(9) > .deal-text" ],
      "impact" : null,
      "any" : [ {
        "id" : "region",
        "impact" : "moderate",
        "message" : "All page content is contained by landmarks",
        "data" : {
          "isIframe" : false
        },
        "relatedNodes" : [ ]
      } ],
      "all" : [ ],
      "none" : [ ],
      "failureSummary" : null
    }, {
      "html" : "<h3>\n            <a class=\"\" href=\"mars2.html?a=ice_cream\">Free Astronaut Ice Cream</a></h3>",
      "target" : [ "li:nth-child(9) > .deal-text > h3" ],
      "impact" : null,
      "any" : [ {
        "id" : "region",
        "impact" : "moderate",
        "message" : "All page content is contained by landmarks",
        "data" : {
          "isIframe" : false
        },
        "relatedNodes" : [ ]
      } ],
      "all" : [ ],
      "none" : [ ],
      "failureSummary" : null
    }, {
      "html" : "<a class=\"\" href=\"mars2.html?a=ice_cream\">Free Astronaut Ice Cream</a>",
      "target" : [ "li:nth-child(9) > .deal-text > h3 > a[href=\"mars2.html?a=ice_cream\"]" ],
      "impact" : null,
      "any" : [ {
        "id" : "region",
        "impact" : "moderate",
        "message" : "All page content is contained by landmarks",
        "data" : {
          "isIframe" : false
        },
        "relatedNodes" : [ ]
      } ],
      "all" : [ ],
      "none" : [ ],
      "failureSummary" : null
    }, {
      "html" : "<p>Spend an extra 3 months in orbit around Mars in our newly-remodelled MarsPod and get a free package of freeze-wrapped dehydrated astronaut ice cream. <a class=\"link-arrow\" href=\"mars2.html?a=ice_cream\">Get your free dehydrated ice cream!</a>\n</p>",
      "target" : [ "li:nth-child(9) > .deal-text > p" ],
      "impact" : null,
      "any" : [ {
        "id" : "region",
        "impact" : "moderate",
        "message" : "All page content is contained by landmarks",
        "data" : {
          "isIframe" : false
        },
        "relatedNodes" : [ ]
      } ],
      "all" : [ ],
      "none" : [ ],
      "failureSummary" : null
    }, {
      "html" : "<a class=\"link-arrow\" href=\"mars2.html?a=ice_cream\">Get your free dehydrated ice cream!</a>",
      "target" : [ "li:nth-child(9) > .deal-text > p > .link-arrow[href=\"mars2.html?a=ice_cream\"]" ],
      "impact" : null,
      "any" : [ {
        "id" : "region",
        "impact" : "moderate",
        "message" : "All page content is contained by landmarks",
        "data" : {
          "isIframe" : false
        },
        "relatedNodes" : [ ]
      } ],
      "all" : [ ],
      "none" : [ ],
      "failureSummary" : null
    }, {
      "html" : "<li style=\"overflow: hidden; float: none; width: 526px; height: 120px;\">",
      "target" : [ "li:nth-child(10)" ],
      "impact" : null,
      "any" : [ {
        "id" : "region",
        "impact" : "moderate",
        "message" : "All page content is contained by landmarks",
        "data" : {
          "isIframe" : false
        },
        "relatedNodes" : [ ]
      } ],
      "all" : [ ],
      "none" : [ ],
      "failureSummary" : null
    }, {
      "html" : "<a href=\"mars2.html?a=low_price_guarantee\"> <img src=\"/assets/demo-sites/mars/images/mars-lander.jpg\" class=\"\" width=\"210\" height=\"120\" alt=\"Mars Lander\"></a>",
      "target" : [ "li:nth-child(10) > a" ],
      "impact" : null,
      "any" : [ {
        "id" : "region",
        "impact" : "moderate",
        "message" : "All page content is contained by landmarks",
        "data" : {
          "isIframe" : false
        },
        "relatedNodes" : [ ]
      } ],
      "all" : [ ],
      "none" : [ ],
      "failureSummary" : null
    }, {
      "html" : "<img src=\"/assets/demo-sites/mars/images/mars-lander.jpg\" class=\"\" width=\"210\" height=\"120\" alt=\"Mars Lander\">",
      "target" : [ "li:nth-child(10) > a > img[alt=\"Mars Lander\"][width=\"210\"][height=\"120\"]" ],
      "impact" : null,
      "any" : [ {
        "id" : "region",
        "impact" : "moderate",
        "message" : "All page content is contained by landmarks",
        "data" : {
          "isIframe" : false
        },
        "relatedNodes" : [ ]
      } ],
      "all" : [ ],
      "none" : [ ],
      "failureSummary" : null
    }, {
      "html" : "<div class=\"deal-text\">",
      "target" : [ "li:nth-child(10) > .deal-text" ],
      "impact" : null,
      "any" : [ {
        "id" : "region",
        "impact" : "moderate",
        "message" : "All page content is contained by landmarks",
        "data" : {
          "isIframe" : false
        },
        "relatedNodes" : [ ]
      } ],
      "all" : [ ],
      "none" : [ ],
      "failureSummary" : null
    }, {
      "html" : "<h3> <a class=\"link\" href=\"mars2.html?a=low_price_guarantee\">Lowest Price Guarantee</a></h3>",
      "target" : [ "li:nth-child(10) > .deal-text > h3" ],
      "impact" : null,
      "any" : [ {
        "id" : "region",
        "impact" : "moderate",
        "message" : "All page content is contained by landmarks",
        "data" : {
          "isIframe" : false
        },
        "relatedNodes" : [ ]
      } ],
      "all" : [ ],
      "none" : [ ],
      "failureSummary" : null
    }, {
      "html" : "<a class=\"link\" href=\"mars2.html?a=low_price_guarantee\">Lowest Price Guarantee</a>",
      "target" : [ "li:nth-child(10) > .deal-text > h3 > .link" ],
      "impact" : null,
      "any" : [ {
        "id" : "region",
        "impact" : "moderate",
        "message" : "All page content is contained by landmarks",
        "data" : {
          "isIframe" : false
        },
        "relatedNodes" : [ ]
      } ],
      "all" : [ ],
      "none" : [ ],
      "failureSummary" : null
    }, {
      "html" : "<p>If within 24 hours of booking with us you find a lower online published price for the exact same rocket ticket to Mars, we buy you a milkshake, then send you on a one-way trip to the Sun. <a href=\"mars2.html?a=low_price_guarantee\">Find out how this deal works.</a> </p>",
      "target" : [ "li:nth-child(10) > .deal-text > p:nth-child(2)" ],
      "impact" : null,
      "any" : [ {
        "id" : "region",
        "impact" : "moderate",
        "message" : "All page content is contained by landmarks",
        "data" : {
          "isIframe" : false
        },
        "relatedNodes" : [ ]
      } ],
      "all" : [ ],
      "none" : [ ],
      "failureSummary" : null
    }, {
      "html" : "<a href=\"mars2.html?a=low_price_guarantee\">Find out how this deal works.</a>",
      "target" : [ "li:nth-child(10) > .deal-text > p:nth-child(2) > a" ],
      "impact" : null,
      "any" : [ {
        "id" : "region",
        "impact" : "moderate",
        "message" : "All page content is contained by landmarks",
        "data" : {
          "isIframe" : false
        },
        "relatedNodes" : [ ]
      } ],
      "all" : [ ],
      "none" : [ ],
      "failureSummary" : null
    }, {
      "html" : "<p>&nbsp;</p>",
      "target" : [ "li:nth-child(10) > .deal-text > p:nth-child(3)" ],
      "impact" : null,
      "any" : [ {
        "id" : "region",
        "impact" : "moderate",
        "message" : "All page content is contained by landmarks",
        "data" : {
          "isIframe" : false
        },
        "relatedNodes" : [ ]
      } ],
      "all" : [ ],
      "none" : [ ],
      "failureSummary" : null
    }, {
      "html" : "<p></p>",
      "target" : [ "li:nth-child(10) > .deal-text > p:nth-child(4)" ],
      "impact" : null,
      "any" : [ {
        "id" : "region",
        "impact" : "moderate",
        "message" : "All page content is contained by landmarks",
        "data" : {
          "isIframe" : false
        },
        "relatedNodes" : [ ]
      } ],
      "all" : [ ],
      "none" : [ ],
      "failureSummary" : null
    }, {
      "html" : "<li style=\"overflow: hidden; float: none; width: 526px; height: 120px;\">",
      "target" : [ "li:nth-child(11)" ],
      "impact" : null,
      "any" : [ {
        "id" : "region",
        "impact" : "moderate",
        "message" : "All page content is contained by landmarks",
        "data" : {
          "isIframe" : false
        },
        "relatedNodes" : [ ]
      } ],
      "all" : [ ],
      "none" : [ ],
      "failureSummary" : null
    }, {
      "html" : "<a href=\"mars2.html?a=send_kids_to_mars\">\n<img src=\"/assets/demo-sites/mars/images/kids-space.jpg\" class=\"\" width=\"210\" height=\"120\" alt=\"Kids in space suits \"></a>",
      "target" : [ "li:nth-child(11) > a[href=\"mars2.html?a=send_kids_to_mars\"]" ],
      "impact" : null,
      "any" : [ {
        "id" : "region",
        "impact" : "moderate",
        "message" : "All page content is contained by landmarks",
        "data" : {
          "isIframe" : false
        },
        "relatedNodes" : [ ]
      } ],
      "all" : [ ],
      "none" : [ ],
      "failureSummary" : null
    }, {
      "html" : "<img src=\"/assets/demo-sites/mars/images/kids-space.jpg\" class=\"\" width=\"210\" height=\"120\" alt=\"Kids in space suits \">",
      "target" : [ "li:nth-child(11) > a[href=\"mars2.html?a=send_kids_to_mars\"] > img[alt=\"Kids in space suits \"][width=\"210\"][height=\"120\"]" ],
      "impact" : null,
      "any" : [ {
        "id" : "region",
        "impact" : "moderate",
        "message" : "All page content is contained by landmarks",
        "data" : {
          "isIframe" : false
        },
        "relatedNodes" : [ ]
      } ],
      "all" : [ ],
      "none" : [ ],
      "failureSummary" : null
    }, {
      "html" : "<div class=\"deal-text\">",
      "target" : [ "li:nth-child(11) > .deal-text" ],
      "impact" : null,
      "any" : [ {
        "id" : "region",
        "impact" : "moderate",
        "message" : "All page content is contained by landmarks",
        "data" : {
          "isIframe" : false
        },
        "relatedNodes" : [ ]
      } ],
      "all" : [ ],
      "none" : [ ],
      "failureSummary" : null
    }, {
      "html" : "<h3>\n            <a class=\"\" href=\"mars2.html?a=send_kids_to_mars\">Send Your Kids to Mars!</a></h3>",
      "target" : [ "li:nth-child(11) > .deal-text > h3" ],
      "impact" : null,
      "any" : [ {
        "id" : "region",
        "impact" : "moderate",
        "message" : "All page content is contained by landmarks",
        "data" : {
          "isIframe" : false
        },
        "relatedNodes" : [ ]
      } ],
      "all" : [ ],
      "none" : [ ],
      "failureSummary" : null
    }, {
      "html" : "<a class=\"\" href=\"mars2.html?a=send_kids_to_mars\">Send Your Kids to Mars!</a>",
      "target" : [ "li:nth-child(11) > .deal-text > h3 > a[href=\"mars2.html?a=send_kids_to_mars\"]" ],
      "impact" : null,
      "any" : [ {
        "id" : "region",
        "impact" : "moderate",
        "message" : "All page content is contained by landmarks",
        "data" : {
          "isIframe" : false
        },
        "relatedNodes" : [ ]
      } ],
      "all" : [ ],
      "none" : [ ],
      "failureSummary" : null
    }, {
      "html" : "<p>Book a first class one-way ticket for 5 kids, at the cost of 4! No parent or guardian required. Don't worry, they'll be fine... <a class=\"link-arrow\" href=\"mars2.html?a=send_kids_to_mars\">Send your kids to mars</a></p>",
      "target" : [ "li:nth-child(11) > .deal-text > p" ],
      "impact" : null,
      "any" : [ {
        "id" : "region",
        "impact" : "moderate",
        "message" : "All page content is contained by landmarks",
        "data" : {
          "isIframe" : false
        },
        "relatedNodes" : [ ]
      } ],
      "all" : [ ],
      "none" : [ ],
      "failureSummary" : null
    }, {
      "html" : "<a class=\"link-arrow\" href=\"mars2.html?a=send_kids_to_mars\">Send your kids to mars</a>",
      "target" : [ "li:nth-child(11) > .deal-text > p > .link-arrow[href=\"mars2.html?a=send_kids_to_mars\"]" ],
      "impact" : null,
      "any" : [ {
        "id" : "region",
        "impact" : "moderate",
        "message" : "All page content is contained by landmarks",
        "data" : {
          "isIframe" : false
        },
        "relatedNodes" : [ ]
      } ],
      "all" : [ ],
      "none" : [ ],
      "failureSummary" : null
    }, {
      "html" : "<li style=\"overflow: hidden; float: none; width: 526px; height: 120px;\">",
      "target" : [ "li:nth-child(12)" ],
      "impact" : null,
      "any" : [ {
        "id" : "region",
        "impact" : "moderate",
        "message" : "All page content is contained by landmarks",
        "data" : {
          "isIframe" : false
        },
        "relatedNodes" : [ ]
      } ],
      "all" : [ ],
      "none" : [ ],
      "failureSummary" : null
    }, {
      "html" : "<a href=\"mars2.html?a=wookie\">\n<img src=\"/assets/demo-sites/mars/images/wookie.jpg\" class=\"\" width=\"210\" height=\"120\" alt=\"Wookie\"></a>",
      "target" : [ "li:nth-child(12) > a[href=\"mars2.html?a=wookie\"]" ],
      "impact" : null,
      "any" : [ {
        "id" : "region",
        "impact" : "moderate",
        "message" : "All page content is contained by landmarks",
        "data" : {
          "isIframe" : false
        },
        "relatedNodes" : [ ]
      } ],
      "all" : [ ],
      "none" : [ ],
      "failureSummary" : null
    }, {
      "html" : "<img src=\"/assets/demo-sites/mars/images/wookie.jpg\" class=\"\" width=\"210\" height=\"120\" alt=\"Wookie\">",
      "target" : [ "li:nth-child(12) > a[href=\"mars2.html?a=wookie\"] > img[alt=\"Wookie\"][width=\"210\"][height=\"120\"]" ],
      "impact" : null,
      "any" : [ {
        "id" : "region",
        "impact" : "moderate",
        "message" : "All page content is contained by landmarks",
        "data" : {
          "isIframe" : false
        },
        "relatedNodes" : [ ]
      } ],
      "all" : [ ],
      "none" : [ ],
      "failureSummary" : null
    }, {
      "html" : "<div class=\"deal-text\">",
      "target" : [ "li:nth-child(12) > .deal-text" ],
      "impact" : null,
      "any" : [ {
        "id" : "region",
        "impact" : "moderate",
        "message" : "All page content is contained by landmarks",
        "data" : {
          "isIframe" : false
        },
        "relatedNodes" : [ ]
      } ],
      "all" : [ ],
      "none" : [ ],
      "failureSummary" : null
    }, {
      "html" : "<h3>\n            <a class=\"\" href=\"mars2.html?a=wookie\">Fly with a Wookie</a></h3>",
      "target" : [ "li:nth-child(12) > .deal-text > h3" ],
      "impact" : null,
      "any" : [ {
        "id" : "region",
        "impact" : "moderate",
        "message" : "All page content is contained by landmarks",
        "data" : {
          "isIframe" : false
        },
        "relatedNodes" : [ ]
      } ],
      "all" : [ ],
      "none" : [ ],
      "failureSummary" : null
    }, {
      "html" : "<a class=\"\" href=\"mars2.html?a=wookie\">Fly with a Wookie</a>",
      "target" : [ "li:nth-child(12) > .deal-text > h3 > a[href=\"mars2.html?a=wookie\"]" ],
      "impact" : null,
      "any" : [ {
        "id" : "region",
        "impact" : "moderate",
        "message" : "All page content is contained by landmarks",
        "data" : {
          "isIframe" : false
        },
        "relatedNodes" : [ ]
      } ],
      "all" : [ ],
      "none" : [ ],
      "failureSummary" : null
    }, {
      "html" : "<p>Fly with a wookie! Limited time offer! Or would you rather kiss a Wookie? We can arrange that. (Can someone move this walking carpet out of my way?) <a class=\"link-arrow\" href=\"mars2.html?a=wookie\">Fly with a Wookie!</a></p>",
      "target" : [ "li:nth-child(12) > .deal-text > p" ],
      "impact" : null,
      "any" : [ {
        "id" : "region",
        "impact" : "moderate",
        "message" : "All page content is contained by landmarks",
        "data" : {
          "isIframe" : false
        },
        "relatedNodes" : [ ]
      } ],
      "all" : [ ],
      "none" : [ ],
      "failureSummary" : null
    }, {
      "html" : "<a class=\"link-arrow\" href=\"mars2.html?a=wookie\">Fly with a Wookie!</a>",
      "target" : [ "li:nth-child(12) > .deal-text > p > .link-arrow[href=\"mars2.html?a=wookie\"]" ],
      "impact" : null,
      "any" : [ {
        "id" : "region",
        "impact" : "moderate",
        "message" : "All page content is contained by landmarks",
        "data" : {
          "isIframe" : false
        },
        "relatedNodes" : [ ]
      } ],
      "all" : [ ],
      "none" : [ ],
      "failureSummary" : null
    }, {
      "html" : "<li style=\"overflow: hidden; float: none; width: 526px; height: 120px;\">",
      "target" : [ "li:nth-child(13)" ],
      "impact" : null,
      "any" : [ {
        "id" : "region",
        "impact" : "moderate",
        "message" : "All page content is contained by landmarks",
        "data" : {
          "isIframe" : false
        },
        "relatedNodes" : [ ]
      } ],
      "all" : [ ],
      "none" : [ ],
      "failureSummary" : null
    }, {
      "html" : "<a href=\"mars2.html?a=stay_connected\">\n<img src=\"/assets/demo-sites/mars/images/global-free-days.jpg\" class=\"\" width=\"210\" height=\"120\" alt=\"Martian sunrise.\"></a>",
      "target" : [ "li:nth-child(13) > a[href=\"mars2.html?a=stay_connected\"]" ],
      "impact" : null,
      "any" : [ {
        "id" : "region",
        "impact" : "moderate",
        "message" : "All page content is contained by landmarks",
        "data" : {
          "isIframe" : false
        },
        "relatedNodes" : [ ]
      } ],
      "all" : [ ],
      "none" : [ ],
      "failureSummary" : null
    }, {
      "html" : "<img src=\"/assets/demo-sites/mars/images/global-free-days.jpg\" class=\"\" width=\"210\" height=\"120\" alt=\"Martian sunrise.\">",
      "target" : [ "li:nth-child(13) > a[href=\"mars2.html?a=stay_connected\"] > img[alt=\"Martian sunrise.\"][width=\"210\"][height=\"120\"]" ],
      "impact" : null,
      "any" : [ {
        "id" : "region",
        "impact" : "moderate",
        "message" : "All page content is contained by landmarks",
        "data" : {
          "isIframe" : false
        },
        "relatedNodes" : [ ]
      } ],
      "all" : [ ],
      "none" : [ ],
      "failureSummary" : null
    }, {
      "html" : "<div class=\"deal-text\">",
      "target" : [ "li:nth-child(13) > .deal-text" ],
      "impact" : null,
      "any" : [ {
        "id" : "region",
        "impact" : "moderate",
        "message" : "All page content is contained by landmarks",
        "data" : {
          "isIframe" : false
        },
        "relatedNodes" : [ ]
      } ],
      "all" : [ ],
      "none" : [ ],
      "failureSummary" : null
    }, {
      "html" : "<h3>\n            <a class=\"\" href=\"mars2.html?a=stay_connected\">Get Radio on Uranus </a></h3>",
      "target" : [ "li:nth-child(13) > .deal-text > h3" ],
      "impact" : null,
      "any" : [ {
        "id" : "region",
        "impact" : "moderate",
        "message" : "All page content is contained by landmarks",
        "data" : {
          "isIframe" : false
        },
        "relatedNodes" : [ ]
      } ],
      "all" : [ ],
      "none" : [ ],
      "failureSummary" : null
    }, {
      "html" : "<a class=\"\" href=\"mars2.html?a=stay_connected\">Get Radio on Uranus </a>",
      "target" : [ "li:nth-child(13) > .deal-text > h3 > a[href=\"mars2.html?a=stay_connected\"]" ],
      "impact" : null,
      "any" : [ {
        "id" : "region",
        "impact" : "moderate",
        "message" : "All page content is contained by landmarks",
        "data" : {
          "isIframe" : false
        },
        "relatedNodes" : [ ]
      } ],
      "all" : [ ],
      "none" : [ ],
      "failureSummary" : null
    }, {
      "html" : "<p>All of our packages come with radio connectivity to the far reaches of the solar system. Yup, you too can get Justin Bieber on Uranus. <a href=\"mars2.html?a=stay_connected\">Find out about radio connectivity today.</a></p>",
      "target" : [ "li:nth-child(13) > .deal-text > p" ],
      "impact" : null,
      "any" : [ {
        "id" : "region",
        "impact" : "moderate",
        "message" : "All page content is contained by landmarks",
        "data" : {
          "isIframe" : false
        },
        "relatedNodes" : [ ]
      } ],
      "all" : [ ],
      "none" : [ ],
      "failureSummary" : null
    }, {
      "html" : "<a href=\"mars2.html?a=stay_connected\">Find out about radio connectivity today.</a>",
      "target" : [ "li:nth-child(13) > .deal-text > p > a[href=\"mars2.html?a=stay_connected\"]" ],
      "impact" : null,
      "any" : [ {
        "id" : "region",
        "impact" : "moderate",
        "message" : "All page content is contained by landmarks",
        "data" : {
          "isIframe" : false
        },
        "relatedNodes" : [ ]
      } ],
      "all" : [ ],
      "none" : [ ],
      "failureSummary" : null
    }, {
      "html" : "<li style=\"overflow: hidden; float: none; width: 526px; height: 120px;\">",
      "target" : [ "li:nth-child(14)" ],
      "impact" : null,
      "any" : [ {
        "id" : "region",
        "impact" : "moderate",
        "message" : "All page content is contained by landmarks",
        "data" : {
          "isIframe" : false
        },
        "relatedNodes" : [ ]
      } ],
      "all" : [ ],
      "none" : [ ],
      "failureSummary" : null
    }, {
      "html" : "<a href=\"mars2.html?a=free_year\">\n<img src=\"/assets/demo-sites/mars/images/mars-sunrise.jpg\" class=\"\" width=\"210\" height=\"120\" alt=\"Beautiful baboon, blowing bubbles, biking backward\"></a>",
      "target" : [ "li:nth-child(14) > a[href=\"mars2.html?a=free_year\"]" ],
      "impact" : null,
      "any" : [ {
        "id" : "region",
        "impact" : "moderate",
        "message" : "All page content is contained by landmarks",
        "data" : {
          "isIframe" : false
        },
        "relatedNodes" : [ ]
      } ],
      "all" : [ ],
      "none" : [ ],
      "failureSummary" : null
    }, {
      "html" : "<img src=\"/assets/demo-sites/mars/images/mars-sunrise.jpg\" class=\"\" width=\"210\" height=\"120\" alt=\"Beautiful baboon, blowing bubbles, biking backward\">",
      "target" : [ "li:nth-child(14) > a[href=\"mars2.html?a=free_year\"] > img[width=\"210\"][height=\"120\"]" ],
      "impact" : null,
      "any" : [ {
        "id" : "region",
        "impact" : "moderate",
        "message" : "All page content is contained by landmarks",
        "data" : {
          "isIframe" : false
        },
        "relatedNodes" : [ ]
      } ],
      "all" : [ ],
      "none" : [ ],
      "failureSummary" : null
    }, {
      "html" : "<div class=\"deal-text\">",
      "target" : [ "li:nth-child(14) > .deal-text" ],
      "impact" : null,
      "any" : [ {
        "id" : "region",
        "impact" : "moderate",
        "message" : "All page content is contained by landmarks",
        "data" : {
          "isIframe" : false
        },
        "relatedNodes" : [ ]
      } ],
      "all" : [ ],
      "none" : [ ],
      "failureSummary" : null
    }, {
      "html" : "<h3>\n            <a class=\"\" href=\"mars2.html?a=free_year\">Free Year on Mars</a></h3>",
      "target" : [ "li:nth-child(14) > .deal-text > h3" ],
      "impact" : null,
      "any" : [ {
        "id" : "region",
        "impact" : "moderate",
        "message" : "All page content is contained by landmarks",
        "data" : {
          "isIframe" : false
        },
        "relatedNodes" : [ ]
      } ],
      "all" : [ ],
      "none" : [ ],
      "failureSummary" : null
    }, {
      "html" : "<a class=\"\" href=\"mars2.html?a=free_year\">Free Year on Mars</a>",
      "target" : [ "li:nth-child(14) > .deal-text > h3 > a[href=\"mars2.html?a=free_year\"]" ],
      "impact" : null,
      "any" : [ {
        "id" : "region",
        "impact" : "moderate",
        "message" : "All page content is contained by landmarks",
        "data" : {
          "isIframe" : false
        },
        "relatedNodes" : [ ]
      } ],
      "all" : [ ],
      "none" : [ ],
      "failureSummary" : null
    }, {
      "html" : "<p>Book ten years on Mars and get an extra year for free! Eleven years on Mars! Yay! Oxygen and water not included. <a href=\"mars2.html?a=free_year\">Book a free year on Mars</a>.</p>",
      "target" : [ "li:nth-child(14) > .deal-text > p" ],
      "impact" : null,
      "any" : [ {
        "id" : "region",
        "impact" : "moderate",
        "message" : "All page content is contained by landmarks",
        "data" : {
          "isIframe" : false
        },
        "relatedNodes" : [ ]
      } ],
      "all" : [ ],
      "none" : [ ],
      "failureSummary" : null
    }, {
      "html" : "<a href=\"mars2.html?a=free_year\">Book a free year on Mars</a>",
      "target" : [ "li:nth-child(14) > .deal-text > p > a[href=\"mars2.html?a=free_year\"]" ],
      "impact" : null,
      "any" : [ {
        "id" : "region",
        "impact" : "moderate",
        "message" : "All page content is contained by landmarks",
        "data" : {
          "isIframe" : false
        },
        "relatedNodes" : [ ]
      } ],
      "all" : [ ],
      "none" : [ ],
      "failureSummary" : null
    }, {
      "html" : "<li style=\"overflow: hidden; float: none; width: 526px; height: 120px;\">",
      "target" : [ "li:nth-child(15)" ],
      "impact" : null,
      "any" : [ {
        "id" : "region",
        "impact" : "moderate",
        "message" : "All page content is contained by landmarks",
        "data" : {
          "isIframe" : false
        },
        "relatedNodes" : [ ]
      } ],
      "all" : [ ],
      "none" : [ ],
      "failureSummary" : null
    }, {
      "html" : "<a href=\"mars2.html?a=crater_adventure\">\n<img src=\"/assets/demo-sites/mars/images/mars-spaceman.jpg\" class=\"\" width=\"210\" height=\"120\"></a>",
      "target" : [ "li:nth-child(15) > a[href=\"mars2.html?a=crater_adventure\"]" ],
      "impact" : null,
      "any" : [ {
        "id" : "region",
        "impact" : "moderate",
        "message" : "All page content is contained by landmarks",
        "data" : {
          "isIframe" : false
        },
        "relatedNodes" : [ ]
      } ],
      "all" : [ ],
      "none" : [ ],
      "failureSummary" : null
    }, {
      "html" : "<img src=\"/assets/demo-sites/mars/images/mars-spaceman.jpg\" class=\"\" width=\"210\" height=\"120\">",
      "target" : [ "li:nth-child(15) > a[href=\"mars2.html?a=crater_adventure\"] > img[width=\"210\"][height=\"120\"]" ],
      "impact" : null,
      "any" : [ {
        "id" : "region",
        "impact" : "moderate",
        "message" : "All page content is contained by landmarks",
        "data" : {
          "isIframe" : false
        },
        "relatedNodes" : [ ]
      } ],
      "all" : [ ],
      "none" : [ ],
      "failureSummary" : null
    }, {
      "html" : "<div class=\"deal-text\">",
      "target" : [ "li:nth-child(15) > .deal-text" ],
      "impact" : null,
      "any" : [ {
        "id" : "region",
        "impact" : "moderate",
        "message" : "All page content is contained by landmarks",
        "data" : {
          "isIframe" : false
        },
        "relatedNodes" : [ ]
      } ],
      "all" : [ ],
      "none" : [ ],
      "failureSummary" : null
    }, {
      "html" : "<h3>\n            <a class=\"\" href=\"mars2.html?a=crater_adventure\">10% off Crater Adventure</a></h3>",
      "target" : [ "li:nth-child(15) > .deal-text > h3" ],
      "impact" : null,
      "any" : [ {
        "id" : "region",
        "impact" : "moderate",
        "message" : "All page content is contained by landmarks",
        "data" : {
          "isIframe" : false
        },
        "relatedNodes" : [ ]
      } ],
      "all" : [ ],
      "none" : [ ],
      "failureSummary" : null
    }, {
      "html" : "<a class=\"\" href=\"mars2.html?a=crater_adventure\">10% off Crater Adventure</a>",
      "target" : [ "li:nth-child(15) > .deal-text > h3 > a[href=\"mars2.html?a=crater_adventure\"]" ],
      "impact" : null,
      "any" : [ {
        "id" : "region",
        "impact" : "moderate",
        "message" : "All page content is contained by landmarks",
        "data" : {
          "isIframe" : false
        },
        "relatedNodes" : [ ]
      } ],
      "all" : [ ],
      "none" : [ ],
      "failureSummary" : null
    }, {
      "html" : "<p>Book select MarStar Crater tickets and enjoy 10% off the Crater Adventures Pass. Safety not guaranteed. <a href=\"mars2.html?a=crater_adventure\">Book your MarStar Crater Package today to save!</a></p>",
      "target" : [ "li:nth-child(15) > .deal-text > p" ],
      "impact" : null,
      "any" : [ {
        "id" : "region",
        "impact" : "moderate",
        "message" : "All page content is contained by landmarks",
        "data" : {
          "isIframe" : false
        },
        "relatedNodes" : [ ]
      } ],
      "all" : [ ],
      "none" : [ ],
      "failureSummary" : null
    }, {
      "html" : "<a href=\"mars2.html?a=crater_adventure\">Book your MarStar Crater Package today to save!</a>",
      "target" : [ "li:nth-child(15) > .deal-text > p > a[href=\"mars2.html?a=crater_adventure\"]" ],
      "impact" : null,
      "any" : [ {
        "id" : "region",
        "impact" : "moderate",
        "message" : "All page content is contained by landmarks",
        "data" : {
          "isIframe" : false
        },
        "relatedNodes" : [ ]
      } ],
      "all" : [ ],
      "none" : [ ],
      "failureSummary" : null
    }, {
      "html" : "<li style=\"overflow: hidden; float: none; width: 526px; height: 120px;\">",
      "target" : [ "li:nth-child(16)" ],
      "impact" : null,
      "any" : [ {
        "id" : "region",
        "impact" : "moderate",
        "message" : "All page content is contained by landmarks",
        "data" : {
          "isIframe" : false
        },
        "relatedNodes" : [ ]
      } ],
      "all" : [ ],
      "none" : [ ],
      "failureSummary" : null
    }, {
      "html" : "<a href=\"mars2.html?a=ice_cream\">\n<img src=\"/assets/demo-sites/mars/images/space-station.jpg\" class=\"\" width=\"210\" height=\"120\" alt=\"icecream.jpg \"></a>",
      "target" : [ "li:nth-child(16) > a[href=\"mars2.html?a=ice_cream\"]" ],
      "impact" : null,
      "any" : [ {
        "id" : "region",
        "impact" : "moderate",
        "message" : "All page content is contained by landmarks",
        "data" : {
          "isIframe" : false
        },
        "relatedNodes" : [ ]
      } ],
      "all" : [ ],
      "none" : [ ],
      "failureSummary" : null
    }, {
      "html" : "<img src=\"/assets/demo-sites/mars/images/space-station.jpg\" class=\"\" width=\"210\" height=\"120\" alt=\"icecream.jpg \">",
      "target" : [ "li:nth-child(16) > a[href=\"mars2.html?a=ice_cream\"] > img[alt=\"icecream.jpg \"][width=\"210\"][height=\"120\"]" ],
      "impact" : null,
      "any" : [ {
        "id" : "region",
        "impact" : "moderate",
        "message" : "All page content is contained by landmarks",
        "data" : {
          "isIframe" : false
        },
        "relatedNodes" : [ ]
      } ],
      "all" : [ ],
      "none" : [ ],
      "failureSummary" : null
    }, {
      "html" : "<div class=\"deal-text\">",
      "target" : [ "li:nth-child(16) > .deal-text" ],
      "impact" : null,
      "any" : [ {
        "id" : "region",
        "impact" : "moderate",
        "message" : "All page content is contained by landmarks",
        "data" : {
          "isIframe" : false
        },
        "relatedNodes" : [ ]
      } ],
      "all" : [ ],
      "none" : [ ],
      "failureSummary" : null
    }, {
      "html" : "<h3>\n            <a class=\"\" href=\"mars2.html?a=ice_cream\">Free Astronaut Ice Cream</a></h3>",
      "target" : [ "li:nth-child(16) > .deal-text > h3" ],
      "impact" : null,
      "any" : [ {
        "id" : "region",
        "impact" : "moderate",
        "message" : "All page content is contained by landmarks",
        "data" : {
          "isIframe" : false
        },
        "relatedNodes" : [ ]
      } ],
      "all" : [ ],
      "none" : [ ],
      "failureSummary" : null
    }, {
      "html" : "<a class=\"\" href=\"mars2.html?a=ice_cream\">Free Astronaut Ice Cream</a>",
      "target" : [ "li:nth-child(16) > .deal-text > h3 > a[href=\"mars2.html?a=ice_cream\"]" ],
      "impact" : null,
      "any" : [ {
        "id" : "region",
        "impact" : "moderate",
        "message" : "All page content is contained by landmarks",
        "data" : {
          "isIframe" : false
        },
        "relatedNodes" : [ ]
      } ],
      "all" : [ ],
      "none" : [ ],
      "failureSummary" : null
    }, {
      "html" : "<p>Spend an extra 3 months in orbit around Mars in our newly-remodelled MarsPod and get a free package of freeze-wrapped dehydrated astronaut ice cream. <a class=\"link-arrow\" href=\"mars2.html?a=ice_cream\">Get your free dehydrated ice cream!</a>\n</p>",
      "target" : [ "li:nth-child(16) > .deal-text > p" ],
      "impact" : null,
      "any" : [ {
        "id" : "region",
        "impact" : "moderate",
        "message" : "All page content is contained by landmarks",
        "data" : {
          "isIframe" : false
        },
        "relatedNodes" : [ ]
      } ],
      "all" : [ ],
      "none" : [ ],
      "failureSummary" : null
    }, {
      "html" : "<a class=\"link-arrow\" href=\"mars2.html?a=ice_cream\">Get your free dehydrated ice cream!</a>",
      "target" : [ "li:nth-child(16) > .deal-text > p > .link-arrow[href=\"mars2.html?a=ice_cream\"]" ],
      "impact" : null,
      "any" : [ {
        "id" : "region",
        "impact" : "moderate",
        "message" : "All page content is contained by landmarks",
        "data" : {
          "isIframe" : false
        },
        "relatedNodes" : [ ]
      } ],
      "all" : [ ],
      "none" : [ ],
      "failureSummary" : null
    }, {
      "html" : "<li style=\"overflow: hidden; float: none; width: 526px; height: 120px;\">",
      "target" : [ "li:nth-child(17)" ],
      "impact" : null,
      "any" : [ {
        "id" : "region",
        "impact" : "moderate",
        "message" : "All page content is contained by landmarks",
        "data" : {
          "isIframe" : false
        },
        "relatedNodes" : [ ]
      } ],
      "all" : [ ],
      "none" : [ ],
      "failureSummary" : null
    }, {
      "html" : "<a href=\"mars2.html?a=low_price_guarantee\"> <img src=\"/assets/demo-sites/mars/images/mars-lander.jpg\" class=\"\" width=\"210\" height=\"120\" alt=\"Mars Lander\"></a>",
      "target" : [ "li:nth-child(17) > a" ],
      "impact" : null,
      "any" : [ {
        "id" : "region",
        "impact" : "moderate",
        "message" : "All page content is contained by landmarks",
        "data" : {
          "isIframe" : false
        },
        "relatedNodes" : [ ]
      } ],
      "all" : [ ],
      "none" : [ ],
      "failureSummary" : null
    }, {
      "html" : "<img src=\"/assets/demo-sites/mars/images/mars-lander.jpg\" class=\"\" width=\"210\" height=\"120\" alt=\"Mars Lander\">",
      "target" : [ "li:nth-child(17) > a > img[alt=\"Mars Lander\"][width=\"210\"][height=\"120\"]" ],
      "impact" : null,
      "any" : [ {
        "id" : "region",
        "impact" : "moderate",
        "message" : "All page content is contained by landmarks",
        "data" : {
          "isIframe" : false
        },
        "relatedNodes" : [ ]
      } ],
      "all" : [ ],
      "none" : [ ],
      "failureSummary" : null
    }, {
      "html" : "<div class=\"deal-text\">",
      "target" : [ "li:nth-child(17) > .deal-text" ],
      "impact" : null,
      "any" : [ {
        "id" : "region",
        "impact" : "moderate",
        "message" : "All page content is contained by landmarks",
        "data" : {
          "isIframe" : false
        },
        "relatedNodes" : [ ]
      } ],
      "all" : [ ],
      "none" : [ ],
      "failureSummary" : null
    }, {
      "html" : "<h3> <a class=\"link\" href=\"mars2.html?a=low_price_guarantee\">Lowest Price Guarantee</a></h3>",
      "target" : [ "li:nth-child(17) > .deal-text > h3" ],
      "impact" : null,
      "any" : [ {
        "id" : "region",
        "impact" : "moderate",
        "message" : "All page content is contained by landmarks",
        "data" : {
          "isIframe" : false
        },
        "relatedNodes" : [ ]
      } ],
      "all" : [ ],
      "none" : [ ],
      "failureSummary" : null
    }, {
      "html" : "<a class=\"link\" href=\"mars2.html?a=low_price_guarantee\">Lowest Price Guarantee</a>",
      "target" : [ "li:nth-child(17) > .deal-text > h3 > .link" ],
      "impact" : null,
      "any" : [ {
        "id" : "region",
        "impact" : "moderate",
        "message" : "All page content is contained by landmarks",
        "data" : {
          "isIframe" : false
        },
        "relatedNodes" : [ ]
      } ],
      "all" : [ ],
      "none" : [ ],
      "failureSummary" : null
    }, {
      "html" : "<p>If within 24 hours of booking with us you find a lower online published price for the exact same rocket ticket to Mars, we buy you a milkshake, then send you on a one-way trip to the Sun. <a href=\"mars2.html?a=low_price_guarantee\">Find out how this deal works.</a> </p>",
      "target" : [ "li:nth-child(17) > .deal-text > p:nth-child(2)" ],
      "impact" : null,
      "any" : [ {
        "id" : "region",
        "impact" : "moderate",
        "message" : "All page content is contained by landmarks",
        "data" : {
          "isIframe" : false
        },
        "relatedNodes" : [ ]
      } ],
      "all" : [ ],
      "none" : [ ],
      "failureSummary" : null
    }, {
      "html" : "<a href=\"mars2.html?a=low_price_guarantee\">Find out how this deal works.</a>",
      "target" : [ "li:nth-child(17) > .deal-text > p:nth-child(2) > a" ],
      "impact" : null,
      "any" : [ {
        "id" : "region",
        "impact" : "moderate",
        "message" : "All page content is contained by landmarks",
        "data" : {
          "isIframe" : false
        },
        "relatedNodes" : [ ]
      } ],
      "all" : [ ],
      "none" : [ ],
      "failureSummary" : null
    }, {
      "html" : "<p>&nbsp;</p>",
      "target" : [ "li:nth-child(17) > .deal-text > p:nth-child(3)" ],
      "impact" : null,
      "any" : [ {
        "id" : "region",
        "impact" : "moderate",
        "message" : "All page content is contained by landmarks",
        "data" : {
          "isIframe" : false
        },
        "relatedNodes" : [ ]
      } ],
      "all" : [ ],
      "none" : [ ],
      "failureSummary" : null
    }, {
      "html" : "<p></p>",
      "target" : [ "li:nth-child(17) > .deal-text > p:nth-child(4)" ],
      "impact" : null,
      "any" : [ {
        "id" : "region",
        "impact" : "moderate",
        "message" : "All page content is contained by landmarks",
        "data" : {
          "isIframe" : false
        },
        "relatedNodes" : [ ]
      } ],
      "all" : [ ],
      "none" : [ ],
      "failureSummary" : null
    }, {
      "html" : "<li style=\"overflow: hidden; float: none; width: 526px; height: 120px;\">",
      "target" : [ "li:nth-child(18)" ],
      "impact" : null,
      "any" : [ {
        "id" : "region",
        "impact" : "moderate",
        "message" : "All page content is contained by landmarks",
        "data" : {
          "isIframe" : false
        },
        "relatedNodes" : [ ]
      } ],
      "all" : [ ],
      "none" : [ ],
      "failureSummary" : null
    }, {
      "html" : "<a href=\"mars2.html?a=send_kids_to_mars\">\n<img src=\"/assets/demo-sites/mars/images/kids-space.jpg\" class=\"\" width=\"210\" height=\"120\" alt=\"Kids in space suits \"></a>",
      "target" : [ "li:nth-child(18) > a[href=\"mars2.html?a=send_kids_to_mars\"]" ],
      "impact" : null,
      "any" : [ {
        "id" : "region",
        "impact" : "moderate",
        "message" : "All page content is contained by landmarks",
        "data" : {
          "isIframe" : false
        },
        "relatedNodes" : [ ]
      } ],
      "all" : [ ],
      "none" : [ ],
      "failureSummary" : null
    }, {
      "html" : "<img src=\"/assets/demo-sites/mars/images/kids-space.jpg\" class=\"\" width=\"210\" height=\"120\" alt=\"Kids in space suits \">",
      "target" : [ "li:nth-child(18) > a[href=\"mars2.html?a=send_kids_to_mars\"] > img[alt=\"Kids in space suits \"][width=\"210\"][height=\"120\"]" ],
      "impact" : null,
      "any" : [ {
        "id" : "region",
        "impact" : "moderate",
        "message" : "All page content is contained by landmarks",
        "data" : {
          "isIframe" : false
        },
        "relatedNodes" : [ ]
      } ],
      "all" : [ ],
      "none" : [ ],
      "failureSummary" : null
    }, {
      "html" : "<div class=\"deal-text\">",
      "target" : [ "li:nth-child(18) > .deal-text" ],
      "impact" : null,
      "any" : [ {
        "id" : "region",
        "impact" : "moderate",
        "message" : "All page content is contained by landmarks",
        "data" : {
          "isIframe" : false
        },
        "relatedNodes" : [ ]
      } ],
      "all" : [ ],
      "none" : [ ],
      "failureSummary" : null
    }, {
      "html" : "<h3>\n            <a class=\"\" href=\"mars2.html?a=send_kids_to_mars\">Send Your Kids to Mars!</a></h3>",
      "target" : [ "li:nth-child(18) > .deal-text > h3" ],
      "impact" : null,
      "any" : [ {
        "id" : "region",
        "impact" : "moderate",
        "message" : "All page content is contained by landmarks",
        "data" : {
          "isIframe" : false
        },
        "relatedNodes" : [ ]
      } ],
      "all" : [ ],
      "none" : [ ],
      "failureSummary" : null
    }, {
      "html" : "<a class=\"\" href=\"mars2.html?a=send_kids_to_mars\">Send Your Kids to Mars!</a>",
      "target" : [ "li:nth-child(18) > .deal-text > h3 > a[href=\"mars2.html?a=send_kids_to_mars\"]" ],
      "impact" : null,
      "any" : [ {
        "id" : "region",
        "impact" : "moderate",
        "message" : "All page content is contained by landmarks",
        "data" : {
          "isIframe" : false
        },
        "relatedNodes" : [ ]
      } ],
      "all" : [ ],
      "none" : [ ],
      "failureSummary" : null
    }, {
      "html" : "<p>Book a first class one-way ticket for 5 kids, at the cost of 4! No parent or guardian required. Don't worry, they'll be fine... <a class=\"link-arrow\" href=\"mars2.html?a=send_kids_to_mars\">Send your kids to mars</a></p>",
      "target" : [ "li:nth-child(18) > .deal-text > p" ],
      "impact" : null,
      "any" : [ {
        "id" : "region",
        "impact" : "moderate",
        "message" : "All page content is contained by landmarks",
        "data" : {
          "isIframe" : false
        },
        "relatedNodes" : [ ]
      } ],
      "all" : [ ],
      "none" : [ ],
      "failureSummary" : null
    }, {
      "html" : "<a class=\"link-arrow\" href=\"mars2.html?a=send_kids_to_mars\">Send your kids to mars</a>",
      "target" : [ "li:nth-child(18) > .deal-text > p > .link-arrow[href=\"mars2.html?a=send_kids_to_mars\"]" ],
      "impact" : null,
      "any" : [ {
        "id" : "region",
        "impact" : "moderate",
        "message" : "All page content is contained by landmarks",
        "data" : {
          "isIframe" : false
        },
        "relatedNodes" : [ ]
      } ],
      "all" : [ ],
      "none" : [ ],
      "failureSummary" : null
    }, {
      "html" : "<li style=\"overflow: hidden; float: none; width: 526px; height: 120px;\">",
      "target" : [ "li:nth-child(19)" ],
      "impact" : null,
      "any" : [ {
        "id" : "region",
        "impact" : "moderate",
        "message" : "All page content is contained by landmarks",
        "data" : {
          "isIframe" : false
        },
        "relatedNodes" : [ ]
      } ],
      "all" : [ ],
      "none" : [ ],
      "failureSummary" : null
    }, {
      "html" : "<a href=\"mars2.html?a=wookie\">\n<img src=\"/assets/demo-sites/mars/images/wookie.jpg\" class=\"\" width=\"210\" height=\"120\" alt=\"Wookie\"></a>",
      "target" : [ "li:nth-child(19) > a[href=\"mars2.html?a=wookie\"]" ],
      "impact" : null,
      "any" : [ {
        "id" : "region",
        "impact" : "moderate",
        "message" : "All page content is contained by landmarks",
        "data" : {
          "isIframe" : false
        },
        "relatedNodes" : [ ]
      } ],
      "all" : [ ],
      "none" : [ ],
      "failureSummary" : null
    }, {
      "html" : "<img src=\"/assets/demo-sites/mars/images/wookie.jpg\" class=\"\" width=\"210\" height=\"120\" alt=\"Wookie\">",
      "target" : [ "li:nth-child(19) > a[href=\"mars2.html?a=wookie\"] > img[alt=\"Wookie\"][width=\"210\"][height=\"120\"]" ],
      "impact" : null,
      "any" : [ {
        "id" : "region",
        "impact" : "moderate",
        "message" : "All page content is contained by landmarks",
        "data" : {
          "isIframe" : false
        },
        "relatedNodes" : [ ]
      } ],
      "all" : [ ],
      "none" : [ ],
      "failureSummary" : null
    }, {
      "html" : "<div class=\"deal-text\">",
      "target" : [ "li:nth-child(19) > .deal-text" ],
      "impact" : null,
      "any" : [ {
        "id" : "region",
        "impact" : "moderate",
        "message" : "All page content is contained by landmarks",
        "data" : {
          "isIframe" : false
        },
        "relatedNodes" : [ ]
      } ],
      "all" : [ ],
      "none" : [ ],
      "failureSummary" : null
    }, {
      "html" : "<h3>\n            <a class=\"\" href=\"mars2.html?a=wookie\">Fly with a Wookie</a></h3>",
      "target" : [ "li:nth-child(19) > .deal-text > h3" ],
      "impact" : null,
      "any" : [ {
        "id" : "region",
        "impact" : "moderate",
        "message" : "All page content is contained by landmarks",
        "data" : {
          "isIframe" : false
        },
        "relatedNodes" : [ ]
      } ],
      "all" : [ ],
      "none" : [ ],
      "failureSummary" : null
    }, {
      "html" : "<a class=\"\" href=\"mars2.html?a=wookie\">Fly with a Wookie</a>",
      "target" : [ "li:nth-child(19) > .deal-text > h3 > a[href=\"mars2.html?a=wookie\"]" ],
      "impact" : null,
      "any" : [ {
        "id" : "region",
        "impact" : "moderate",
        "message" : "All page content is contained by landmarks",
        "data" : {
          "isIframe" : false
        },
        "relatedNodes" : [ ]
      } ],
      "all" : [ ],
      "none" : [ ],
      "failureSummary" : null
    }, {
      "html" : "<p>Fly with a wookie! Limited time offer! Or would you rather kiss a Wookie? We can arrange that. (Can someone move this walking carpet out of my way?) <a class=\"link-arrow\" href=\"mars2.html?a=wookie\">Fly with a Wookie!</a></p>",
      "target" : [ "li:nth-child(19) > .deal-text > p" ],
      "impact" : null,
      "any" : [ {
        "id" : "region",
        "impact" : "moderate",
        "message" : "All page content is contained by landmarks",
        "data" : {
          "isIframe" : false
        },
        "relatedNodes" : [ ]
      } ],
      "all" : [ ],
      "none" : [ ],
      "failureSummary" : null
    }, {
      "html" : "<a class=\"link-arrow\" href=\"mars2.html?a=wookie\">Fly with a Wookie!</a>",
      "target" : [ "li:nth-child(19) > .deal-text > p > .link-arrow[href=\"mars2.html?a=wookie\"]" ],
      "impact" : null,
      "any" : [ {
        "id" : "region",
        "impact" : "moderate",
        "message" : "All page content is contained by landmarks",
        "data" : {
          "isIframe" : false
        },
        "relatedNodes" : [ ]
      } ],
      "all" : [ ],
      "none" : [ ],
      "failureSummary" : null
    }, {
      "html" : "<li style=\"overflow: hidden; float: none; width: 526px; height: 120px;\">",
      "target" : [ "li:nth-child(20)" ],
      "impact" : null,
      "any" : [ {
        "id" : "region",
        "impact" : "moderate",
        "message" : "All page content is contained by landmarks",
        "data" : {
          "isIframe" : false
        },
        "relatedNodes" : [ ]
      } ],
      "all" : [ ],
      "none" : [ ],
      "failureSummary" : null
    }, {
      "html" : "<a href=\"mars2.html?a=stay_connected\">\n<img src=\"/assets/demo-sites/mars/images/global-free-days.jpg\" class=\"\" width=\"210\" height=\"120\" alt=\"Martian sunrise.\"></a>",
      "target" : [ "li:nth-child(20) > a[href=\"mars2.html?a=stay_connected\"]" ],
      "impact" : null,
      "any" : [ {
        "id" : "region",
        "impact" : "moderate",
        "message" : "All page content is contained by landmarks",
        "data" : {
          "isIframe" : false
        },
        "relatedNodes" : [ ]
      } ],
      "all" : [ ],
      "none" : [ ],
      "failureSummary" : null
    }, {
      "html" : "<img src=\"/assets/demo-sites/mars/images/global-free-days.jpg\" class=\"\" width=\"210\" height=\"120\" alt=\"Martian sunrise.\">",
      "target" : [ "li:nth-child(20) > a[href=\"mars2.html?a=stay_connected\"] > img[alt=\"Martian sunrise.\"][width=\"210\"][height=\"120\"]" ],
      "impact" : null,
      "any" : [ {
        "id" : "region",
        "impact" : "moderate",
        "message" : "All page content is contained by landmarks",
        "data" : {
          "isIframe" : false
        },
        "relatedNodes" : [ ]
      } ],
      "all" : [ ],
      "none" : [ ],
      "failureSummary" : null
    }, {
      "html" : "<div class=\"deal-text\">",
      "target" : [ "li:nth-child(20) > .deal-text" ],
      "impact" : null,
      "any" : [ {
        "id" : "region",
        "impact" : "moderate",
        "message" : "All page content is contained by landmarks",
        "data" : {
          "isIframe" : false
        },
        "relatedNodes" : [ ]
      } ],
      "all" : [ ],
      "none" : [ ],
      "failureSummary" : null
    }, {
      "html" : "<h3>\n            <a class=\"\" href=\"mars2.html?a=stay_connected\">Get Radio on Uranus </a></h3>",
      "target" : [ "li:nth-child(20) > .deal-text > h3" ],
      "impact" : null,
      "any" : [ {
        "id" : "region",
        "impact" : "moderate",
        "message" : "All page content is contained by landmarks",
        "data" : {
          "isIframe" : false
        },
        "relatedNodes" : [ ]
      } ],
      "all" : [ ],
      "none" : [ ],
      "failureSummary" : null
    }, {
      "html" : "<a class=\"\" href=\"mars2.html?a=stay_connected\">Get Radio on Uranus </a>",
      "target" : [ "li:nth-child(20) > .deal-text > h3 > a[href=\"mars2.html?a=stay_connected\"]" ],
      "impact" : null,
      "any" : [ {
        "id" : "region",
        "impact" : "moderate",
        "message" : "All page content is contained by landmarks",
        "data" : {
          "isIframe" : false
        },
        "relatedNodes" : [ ]
      } ],
      "all" : [ ],
      "none" : [ ],
      "failureSummary" : null
    }, {
      "html" : "<p>All of our packages come with radio connectivity to the far reaches of the solar system. Yup, you too can get Justin Bieber on Uranus. <a href=\"mars2.html?a=stay_connected\">Find out about radio connectivity today.</a></p>",
      "target" : [ "li:nth-child(20) > .deal-text > p" ],
      "impact" : null,
      "any" : [ {
        "id" : "region",
        "impact" : "moderate",
        "message" : "All page content is contained by landmarks",
        "data" : {
          "isIframe" : false
        },
        "relatedNodes" : [ ]
      } ],
      "all" : [ ],
      "none" : [ ],
      "failureSummary" : null
    }, {
      "html" : "<a href=\"mars2.html?a=stay_connected\">Find out about radio connectivity today.</a>",
      "target" : [ "li:nth-child(20) > .deal-text > p > a[href=\"mars2.html?a=stay_connected\"]" ],
      "impact" : null,
      "any" : [ {
        "id" : "region",
        "impact" : "moderate",
        "message" : "All page content is contained by landmarks",
        "data" : {
          "isIframe" : false
        },
        "relatedNodes" : [ ]
      } ],
      "all" : [ ],
      "none" : [ ],
      "failureSummary" : null
    }, {
      "html" : "<div class=\"prev carousel-bg\"><i class=\"icon-carousel-down\"></i></div>",
      "target" : [ ".prev" ],
      "impact" : null,
      "any" : [ {
        "id" : "region",
        "impact" : "moderate",
        "message" : "All page content is contained by landmarks",
        "data" : {
          "isIframe" : false
        },
        "relatedNodes" : [ ]
      } ],
      "all" : [ ],
      "none" : [ ],
      "failureSummary" : null
    }, {
      "html" : "<i class=\"icon-carousel-down\"></i>",
      "target" : [ ".icon-carousel-down" ],
      "impact" : null,
      "any" : [ {
        "id" : "region",
        "impact" : "moderate",
        "message" : "All page content is contained by landmarks",
        "data" : {
          "isIframe" : false
        },
        "relatedNodes" : [ ]
      } ],
      "all" : [ ],
      "none" : [ ],
      "failureSummary" : null
    }, {
      "html" : "<div class=\"span5\" id=\"right-column\">",
      "target" : [ "#right-column" ],
      "impact" : null,
      "any" : [ {
        "id" : "region",
        "impact" : "moderate",
        "message" : "All page content is contained by landmarks",
        "data" : {
          "isIframe" : false
        },
        "relatedNodes" : [ ]
      } ],
      "all" : [ ],
      "none" : [ ],
      "failureSummary" : null
    }, {
      "html" : "<div id=\"widget\">",
      "target" : [ "#widget" ],
      "impact" : null,
      "any" : [ {
        "id" : "region",
        "impact" : "moderate",
        "message" : "All page content is contained by landmarks",
        "data" : {
          "isIframe" : false
        },
        "relatedNodes" : [ ]
      } ],
      "all" : [ ],
      "none" : [ ],
      "failureSummary" : null
    }, {
      "html" : "<div class=\"interior-container\">",
      "target" : [ "#widget-controls > .interior-container" ],
      "impact" : null,
      "any" : [ {
        "id" : "region",
        "impact" : "moderate",
        "message" : "All page content is contained by landmarks",
        "data" : {
          "isIframe" : false
        },
        "relatedNodes" : [ ]
      } ],
      "all" : [ ],
      "none" : [ ],
      "failureSummary" : null
    }, {
      "html" : "<h3>Let the Adventure Begin!</h3>",
      "target" : [ "#widget-controls > .interior-container > h3" ],
      "impact" : null,
      "any" : [ {
        "id" : "region",
        "impact" : "moderate",
        "message" : "All page content is contained by landmarks",
        "data" : {
          "isIframe" : false
        },
        "relatedNodes" : [ ]
      } ],
      "all" : [ ],
      "none" : [ ],
      "failureSummary" : null
    }, {
      "html" : "<form>",
      "target" : [ ".interior-container > form" ],
      "impact" : null,
      "any" : [ {
        "id" : "region",
        "impact" : "moderate",
        "message" : "All page content is contained by landmarks",
        "data" : {
          "isIframe" : false
        },
        "relatedNodes" : [ ]
      } ],
      "all" : [ ],
      "none" : [ ],
      "failureSummary" : null
    }, {
      "html" : "<fieldset>",
      "target" : [ ".interior-container > form > fieldset" ],
      "impact" : null,
      "any" : [ {
        "id" : "region",
        "impact" : "moderate",
        "message" : "All page content is contained by landmarks",
        "data" : {
          "isIframe" : false
        },
        "relatedNodes" : [ ]
      } ],
      "all" : [ ],
      "none" : [ ],
      "failureSummary" : null
    }, {
      "html" : "<div class=\"span-half left left-first\">",
      "target" : [ ".left" ],
      "impact" : null,
      "any" : [ {
        "id" : "region",
        "impact" : "moderate",
        "message" : "All page content is contained by landmarks",
        "data" : {
          "isIframe" : false
        },
        "relatedNodes" : [ ]
      } ],
      "all" : [ ],
      "none" : [ ],
      "failureSummary" : null
    }, {
      "html" : "<input type=\"radio\" name=\"widget-type\" id=\"widget-controls-fares\" value=\"0\" checked=\"checked\">",
      "target" : [ "#widget-controls-fares" ],
      "impact" : null,
      "any" : [ {
        "id" : "region",
        "impact" : "moderate",
        "message" : "All page content is contained by landmarks",
        "data" : {
          "isIframe" : false
        },
        "relatedNodes" : [ ]
      } ],
      "all" : [ ],
      "none" : [ ],
      "failureSummary" : null
    }, {
      "html" : "<label id=\"widget-controls-fares-label\" for=\"widget-controls-fares\" class=\"selected\">Find Fares &amp; Schedules</label>",
      "target" : [ "#widget-controls-fares-label" ],
      "impact" : null,
      "any" : [ {
        "id" : "region",
        "impact" : "moderate",
        "message" : "All page content is contained by landmarks",
        "data" : {
          "isIframe" : false
        },
        "relatedNodes" : [ ]
      } ],
      "all" : [ ],
      "none" : [ ],
      "failureSummary" : null
    }, {
      "html" : "<input type=\"radio\" name=\"widget-type\" id=\"widget-controls-passes\" value=\"1\">",
      "target" : [ "#widget-controls-passes" ],
      "impact" : null,
      "any" : [ {
        "id" : "region",
        "impact" : "moderate",
        "message" : "All page content is contained by landmarks",
        "data" : {
          "isIframe" : false
        },
        "relatedNodes" : [ ]
      } ],
      "all" : [ ],
      "none" : [ ],
      "failureSummary" : null
    }, {
      "html" : "<label id=\"widget-controls-passes-label\" for=\"widget-controls-passes\">MarsCommuter Passes</label>",
      "target" : [ "#widget-controls-passes-label" ],
      "impact" : null,
      "any" : [ {
        "id" : "region",
        "impact" : "moderate",
        "message" : "All page content is contained by landmarks",
        "data" : {
          "isIframe" : false
        },
        "relatedNodes" : [ ]
      } ],
      "all" : [ ],
      "none" : [ ],
      "failureSummary" : null
    }, {
      "html" : "<input type=\"radio\" name=\"widget-type\" id=\"widget-controls-reservations\" value=\"2\">",
      "target" : [ "#widget-controls-reservations" ],
      "impact" : null,
      "any" : [ {
        "id" : "region",
        "impact" : "moderate",
        "message" : "All page content is contained by landmarks",
        "data" : {
          "isIframe" : false
        },
        "relatedNodes" : [ ]
      } ],
      "all" : [ ],
      "none" : [ ],
      "failureSummary" : null
    }, {
      "html" : "<label id=\"widget-controls-reservations-label\" for=\"widget-controls-reservations\">MarsCommuter Reservations</label>",
      "target" : [ "#widget-controls-reservations-label" ],
      "impact" : null,
      "any" : [ {
        "id" : "region",
        "impact" : "moderate",
        "message" : "All page content is contained by landmarks",
        "data" : {
          "isIframe" : false
        },
        "relatedNodes" : [ ]
      } ],
      "all" : [ ],
      "none" : [ ],
      "failureSummary" : null
    }, {
      "html" : "<div class=\"span-half right left-first pull-right\">",
      "target" : [ ".right" ],
      "impact" : null,
      "any" : [ {
        "id" : "region",
        "impact" : "moderate",
        "message" : "All page content is contained by landmarks",
        "data" : {
          "isIframe" : false
        },
        "relatedNodes" : [ ]
      } ],
      "all" : [ ],
      "none" : [ ],
      "failureSummary" : null
    }, {
      "html" : "<input type=\"radio\" name=\"widget-type\" id=\"widget-controls-activities\" value=\"4\">",
      "target" : [ "#widget-controls-activities" ],
      "impact" : null,
      "any" : [ {
        "id" : "region",
        "impact" : "moderate",
        "message" : "All page content is contained by landmarks",
        "data" : {
          "isIframe" : false
        },
        "relatedNodes" : [ ]
      } ],
      "all" : [ ],
      "none" : [ ],
      "failureSummary" : null
    }, {
      "html" : "<label id=\"widget-controls-activities-label\" for=\"widget-controls-activities\">Find Activities</label>",
      "target" : [ "#widget-controls-activities-label" ],
      "impact" : null,
      "any" : [ {
        "id" : "region",
        "impact" : "moderate",
        "message" : "All page content is contained by landmarks",
        "data" : {
          "isIframe" : false
        },
        "relatedNodes" : [ ]
      } ],
      "all" : [ ],
      "none" : [ ],
      "failureSummary" : null
    }, {
      "html" : "<input type=\"radio\" name=\"widget-type\" id=\"widget-controls-hotels\" value=\"3\">",
      "target" : [ "#widget-controls-hotels" ],
      "impact" : null,
      "any" : [ {
        "id" : "region",
        "impact" : "moderate",
        "message" : "All page content is contained by landmarks",
        "data" : {
          "isIframe" : false
        },
        "relatedNodes" : [ ]
      } ],
      "all" : [ ],
      "none" : [ ],
      "failureSummary" : null
    }, {
      "html" : "<label id=\"widget-controls-hotels-label\" for=\"widget-controls-hotels\">Book a Hotel</label>",
      "target" : [ "#widget-controls-hotels-label" ],
      "impact" : null,
      "any" : [ {
        "id" : "region",
        "impact" : "moderate",
        "message" : "All page content is contained by landmarks",
        "data" : {
          "isIframe" : false
        },
        "relatedNodes" : [ ]
      } ],
      "all" : [ ],
      "none" : [ ],
      "failureSummary" : null
    }, {
      "html" : "<div id=\"active-widget\">",
      "target" : [ "#active-widget" ],
      "impact" : null,
      "any" : [ {
        "id" : "region",
        "impact" : "moderate",
        "message" : "All page content is contained by landmarks",
        "data" : {
          "isIframe" : false
        },
        "relatedNodes" : [ ]
      } ],
      "all" : [ ],
      "none" : [ ],
      "failureSummary" : null
    }, {
      "html" : "<div id=\"booking-box\" class=\"w-b-box\" style=\"display: block;\">",
      "target" : [ "#booking-box" ],
      "impact" : null,
      "any" : [ {
        "id" : "region",
        "impact" : "moderate",
        "message" : "All page content is contained by landmarks",
        "data" : {
          "isIframe" : false
        },
        "relatedNodes" : [ ]
      } ],
      "all" : [ ],
      "none" : [ ],
      "failureSummary" : null
    }, {
      "html" : "<form name=\"form1\" target=\"_top\" id=\"form1\" method=\"get\" class=\"form-fill ptp_request ptp-form\" action=\"/demo/mars/mars2\">",
      "target" : [ "#form1" ],
      "impact" : null,
      "any" : [ {
        "id" : "region",
        "impact" : "moderate",
        "message" : "All page content is contained by landmarks",
        "data" : {
          "isIframe" : false
        },
        "relatedNodes" : [ ]
      } ],
      "all" : [ ],
      "none" : [ ],
      "failureSummary" : null
    }, {
      "html" : "<div id=\"route-select\" class=\"widget-container middle\">",
      "target" : [ "#route-select" ],
      "impact" : null,
      "any" : [ {
        "id" : "region",
        "impact" : "moderate",
        "message" : "All page content is contained by landmarks",
        "data" : {
          "isIframe" : false
        },
        "relatedNodes" : [ ]
      } ],
      "all" : [ ],
      "none" : [ ],
      "failureSummary" : null
    }, {
      "html" : "<div class=\"widget-down-arrow\"></div>",
      "target" : [ "#route-select > .widget-down-arrow" ],
      "impact" : null,
      "any" : [ {
        "id" : "region",
        "impact" : "moderate",
        "message" : "All page content is contained by landmarks",
        "data" : {
          "isIframe" : false
        },
        "relatedNodes" : [ ]
      } ],
      "all" : [ ],
      "none" : [ ],
      "failureSummary" : null
    }, {
      "html" : "<div class=\"interior-container\">",
      "target" : [ "#route-select > .interior-container" ],
      "impact" : null,
      "any" : [ {
        "id" : "region",
        "impact" : "moderate",
        "message" : "All page content is contained by landmarks",
        "data" : {
          "isIframe" : false
        },
        "relatedNodes" : [ ]
      } ],
      "all" : [ ],
      "none" : [ ],
      "failureSummary" : null
    }, {
      "html" : "<span class=\"wrapper\">\n<input type=\"radio\" name=\"route-type\" id=\"route-type-one-way\" value=\"0\" checked=\"checked\">\n<label for=\"route-type-one-way\" class=\"selected\">One-Way</label>\n</span>",
      "target" : [ "#route-type-radio-group > .wrapper:nth-child(1)" ],
      "impact" : null,
      "any" : [ {
        "id" : "region",
        "impact" : "moderate",
        "message" : "All page content is contained by landmarks",
        "data" : {
          "isIframe" : false
        },
        "relatedNodes" : [ ]
      } ],
      "all" : [ ],
      "none" : [ ],
      "failureSummary" : null
    }, {
      "html" : "<input type=\"radio\" name=\"route-type\" id=\"route-type-one-way\" value=\"0\" checked=\"checked\">",
      "target" : [ "#route-type-one-way" ],
      "impact" : null,
      "any" : [ {
        "id" : "region",
        "impact" : "moderate",
        "message" : "All page content is contained by landmarks",
        "data" : {
          "isIframe" : false
        },
        "relatedNodes" : [ ]
      } ],
      "all" : [ ],
      "none" : [ ],
      "failureSummary" : null
    }, {
      "html" : "<label for=\"route-type-one-way\" class=\"selected\">One-Way</label>",
      "target" : [ "label[for=\"route-type-one-way\"]" ],
      "impact" : null,
      "any" : [ {
        "id" : "region",
        "impact" : "moderate",
        "message" : "All page content is contained by landmarks",
        "data" : {
          "isIframe" : false
        },
        "relatedNodes" : [ ]
      } ],
      "all" : [ ],
      "none" : [ ],
      "failureSummary" : null
    }, {
      "html" : "<span class=\"wrapper\">\n<input type=\"radio\" name=\"route-type\" id=\"route-type-round-trip\" value=\"1\">\n<label for=\"route-type-round-trip\">Round-Trip</label>\n</span>",
      "target" : [ "#route-type-radio-group > .wrapper:nth-child(2)" ],
      "impact" : null,
      "any" : [ {
        "id" : "region",
        "impact" : "moderate",
        "message" : "All page content is contained by landmarks",
        "data" : {
          "isIframe" : false
        },
        "relatedNodes" : [ ]
      } ],
      "all" : [ ],
      "none" : [ ],
      "failureSummary" : null
    }, {
      "html" : "<input type=\"radio\" name=\"route-type\" id=\"route-type-round-trip\" value=\"1\">",
      "target" : [ "#route-type-round-trip" ],
      "impact" : null,
      "any" : [ {
        "id" : "region",
        "impact" : "moderate",
        "message" : "All page content is contained by landmarks",
        "data" : {
          "isIframe" : false
        },
        "relatedNodes" : [ ]
      } ],
      "all" : [ ],
      "none" : [ ],
      "failureSummary" : null
    }, {
      "html" : "<label for=\"route-type-round-trip\">Round-Trip</label>",
      "target" : [ "label[for=\"route-type-round-trip\"]" ],
      "impact" : null,
      "any" : [ {
        "id" : "region",
        "impact" : "moderate",
        "message" : "All page content is contained by landmarks",
        "data" : {
          "isIframe" : false
        },
        "relatedNodes" : [ ]
      } ],
      "all" : [ ],
      "none" : [ ],
      "failureSummary" : null
    }, {
      "html" : "<span class=\"wrapper\">\n<input type=\"radio\" name=\"route-type\" id=\"route-type-multi-city\" value=\"2\">\n<label for=\"route-type-multi-city\">Multi-Planet</label>\n</span>",
      "target" : [ "#route-type-radio-group > .wrapper:nth-child(3)" ],
      "impact" : null,
      "any" : [ {
        "id" : "region",
        "impact" : "moderate",
        "message" : "All page content is contained by landmarks",
        "data" : {
          "isIframe" : false
        },
        "relatedNodes" : [ ]
      } ],
      "all" : [ ],
      "none" : [ ],
      "failureSummary" : null
    }, {
      "html" : "<input type=\"radio\" name=\"route-type\" id=\"route-type-multi-city\" value=\"2\">",
      "target" : [ "#route-type-multi-city" ],
      "impact" : null,
      "any" : [ {
        "id" : "region",
        "impact" : "moderate",
        "message" : "All page content is contained by landmarks",
        "data" : {
          "isIframe" : false
        },
        "relatedNodes" : [ ]
      } ],
      "all" : [ ],
      "none" : [ ],
      "failureSummary" : null
    }, {
      "html" : "<label for=\"route-type-multi-city\">Multi-Planet</label>",
      "target" : [ "label[for=\"route-type-multi-city\"]" ],
      "impact" : null,
      "any" : [ {
        "id" : "region",
        "impact" : "moderate",
        "message" : "All page content is contained by landmarks",
        "data" : {
          "isIframe" : false
        },
        "relatedNodes" : [ ]
      } ],
      "all" : [ ],
      "none" : [ ],
      "failureSummary" : null
    }, {
      "html" : "<div id=\"route-type\">",
      "target" : [ "#route-type" ],
      "impact" : null,
      "any" : [ {
        "id" : "region",
        "impact" : "moderate",
        "message" : "All page content is contained by landmarks",
        "data" : {
          "isIframe" : false
        },
        "relatedNodes" : [ ]
      } ],
      "all" : [ ],
      "none" : [ ],
      "failureSummary" : null
    }, {
      "html" : "<div id=\"trips\">",
      "target" : [ "#trips" ],
      "impact" : null,
      "any" : [ {
        "id" : "region",
        "impact" : "moderate",
        "message" : "All page content is contained by landmarks",
        "data" : {
          "isIframe" : false
        },
        "relatedNodes" : [ ]
      } ],
      "all" : [ ],
      "none" : [ ],
      "failureSummary" : null
    }, {
      "html" : "<div id=\"route0\" class=\"trip\">",
      "target" : [ "#route0" ],
      "impact" : null,
      "any" : [ {
        "id" : "region",
        "impact" : "moderate",
        "message" : "All page content is contained by landmarks",
        "data" : {
          "isIframe" : false
        },
        "relatedNodes" : [ ]
      } ],
      "all" : [ ],
      "none" : [ ],
      "failureSummary" : null
    }, {
      "html" : "<label for=\"from0\">From:</label>",
      "target" : [ "label[for=\"from0\"]" ],
      "impact" : null,
      "any" : [ {
        "id" : "region",
        "impact" : "moderate",
        "message" : "All page content is contained by landmarks",
        "data" : {
          "isIframe" : false
        },
        "relatedNodes" : [ ]
      } ],
      "all" : [ ],
      "none" : [ ],
      "failureSummary" : null
    }, {
      "html" : "<input type=\"text\" value=\"\" class=\"city-input ac_input ui-autocomplete-input\" autocomplete=\"off\" id=\"from0\" name=\"from0\" tabindex=\"1\" role=\"textbox\" aria-autocomplete=\"list\" aria-haspopup=\"true\">",
      "target" : [ "#from0" ],
      "impact" : null,
      "any" : [ {
        "id" : "region",
        "impact" : "moderate",
        "message" : "All page content is contained by landmarks",
        "data" : {
          "isIframe" : false
        },
        "relatedNodes" : [ ]
      } ],
      "all" : [ ],
      "none" : [ ],
      "failureSummary" : null
    }, {
      "html" : "<label for=\"to0\">To:</label>",
      "target" : [ "label[for=\"to0\"]" ],
      "impact" : null,
      "any" : [ {
        "id" : "region",
        "impact" : "moderate",
        "message" : "All page content is contained by landmarks",
        "data" : {
          "isIframe" : false
        },
        "relatedNodes" : [ ]
      } ],
      "all" : [ ],
      "none" : [ ],
      "failureSummary" : null
    }, {
      "html" : "<input type=\"text\" value=\"\" class=\"city-input ac_input ui-autocomplete-input\" autocomplete=\"off\" id=\"to0\" name=\"to0\" tabindex=\"1\" role=\"textbox\" aria-autocomplete=\"list\" aria-haspopup=\"true\">",
      "target" : [ "#to0" ],
      "impact" : null,
      "any" : [ {
        "id" : "region",
        "impact" : "moderate",
        "message" : "All page content is contained by landmarks",
        "data" : {
          "isIframe" : false
        },
        "relatedNodes" : [ ]
      } ],
      "all" : [ ],
      "none" : [ ],
      "failureSummary" : null
    }, {
      "html" : "<span class=\"wrapper departure-date\">",
      "target" : [ ".departure-date" ],
      "impact" : null,
      "any" : [ {
        "id" : "region",
        "impact" : "moderate",
        "message" : "All page content is contained by landmarks",
        "data" : {
          "isIframe" : false
        },
        "relatedNodes" : [ ]
      } ],
      "all" : [ ],
      "none" : [ ],
      "failureSummary" : null
    }, {
      "html" : "<button type=\"button\" class=\"ui-datepicker-trigger\"><img src=\"/assets/demo-sites/mars/images/calendar.png\" alt=\"...\" title=\"...\"></button>",
      "target" : [ ".departure-date > .ui-datepicker-trigger:nth-child(3)" ],
      "impact" : null,
      "any" : [ {
        "id" : "region",
        "impact" : "moderate",
        "message" : "All page content is contained by landmarks",
        "data" : {
          "isIframe" : false
        },
        "relatedNodes" : [ ]
      } ],
      "all" : [ ],
      "none" : [ ],
      "failureSummary" : null
    }, {
      "html" : "<img src=\"/assets/demo-sites/mars/images/calendar.png\" alt=\"...\" title=\"...\">",
      "target" : [ ".departure-date > .ui-datepicker-trigger:nth-child(3) > img[alt=\"...\"][title=\"...\"]" ],
      "impact" : null,
      "any" : [ {
        "id" : "region",
        "impact" : "moderate",
        "message" : "All page content is contained by landmarks",
        "data" : {
          "isIframe" : false
        },
        "relatedNodes" : [ ]
      } ],
      "all" : [ ],
      "none" : [ ],
      "failureSummary" : null
    }, {
      "html" : "<button class=\"ui-datepicker-trigger\" type=\"button\">\n<!-- <img title=\"...\" alt=\"...\" src=\"/redesign/assets/demo-sites/mars/images/calendar.png\"> -->\n</button>",
      "target" : [ ".departure-date > .ui-datepicker-trigger:nth-child(4)" ],
      "impact" : null,
      "any" : [ {
        "id" : "region",
        "impact" : "moderate",
        "message" : "All page content is contained by landmarks",
        "data" : {
          "isIframe" : false
        },
        "relatedNodes" : [ ]
      } ],
      "all" : [ ],
      "none" : [ ],
      "failureSummary" : null
    }, {
      "html" : "<select name=\"time0\" id=\"time0\" class=\"select-time\" tabindex=\"4\">",
      "target" : [ "#time0" ],
      "impact" : null,
      "any" : [ {
        "id" : "region",
        "impact" : "moderate",
        "message" : "All page content is contained by landmarks",
        "data" : {
          "isIframe" : false
        },
        "relatedNodes" : [ ]
      } ],
      "all" : [ ],
      "none" : [ ],
      "failureSummary" : null
    }, {
      "html" : "<option value=\"0\">12 am</option>",
      "target" : [ "#time0 > option[value=\"0\"]" ],
      "impact" : null,
      "any" : [ {
        "id" : "region",
        "impact" : "moderate",
        "message" : "All page content is contained by landmarks",
        "data" : {
          "isIframe" : false
        },
        "relatedNodes" : [ ]
      } ],
      "all" : [ ],
      "none" : [ ],
      "failureSummary" : null
    }, {
      "html" : "<option value=\"1\">01 am</option>",
      "target" : [ "#time0 > option[value=\"1\"]" ],
      "impact" : null,
      "any" : [ {
        "id" : "region",
        "impact" : "moderate",
        "message" : "All page content is contained by landmarks",
        "data" : {
          "isIframe" : false
        },
        "relatedNodes" : [ ]
      } ],
      "all" : [ ],
      "none" : [ ],
      "failureSummary" : null
    }, {
      "html" : "<option value=\"2\">02 am</option>",
      "target" : [ "#time0 > option[value=\"2\"]" ],
      "impact" : null,
      "any" : [ {
        "id" : "region",
        "impact" : "moderate",
        "message" : "All page content is contained by landmarks",
        "data" : {
          "isIframe" : false
        },
        "relatedNodes" : [ ]
      } ],
      "all" : [ ],
      "none" : [ ],
      "failureSummary" : null
    }, {
      "html" : "<option value=\"3\">03 am</option>",
      "target" : [ "#time0 > option[value=\"3\"]" ],
      "impact" : null,
      "any" : [ {
        "id" : "region",
        "impact" : "moderate",
        "message" : "All page content is contained by landmarks",
        "data" : {
          "isIframe" : false
        },
        "relatedNodes" : [ ]
      } ],
      "all" : [ ],
      "none" : [ ],
      "failureSummary" : null
    }, {
      "html" : "<option value=\"4\">04 am</option>",
      "target" : [ "#time0 > option[value=\"4\"]" ],
      "impact" : null,
      "any" : [ {
        "id" : "region",
        "impact" : "moderate",
        "message" : "All page content is contained by landmarks",
        "data" : {
          "isIframe" : false
        },
        "relatedNodes" : [ ]
      } ],
      "all" : [ ],
      "none" : [ ],
      "failureSummary" : null
    }, {
      "html" : "<option value=\"5\">05 am</option>",
      "target" : [ "#time0 > option[value=\"5\"]" ],
      "impact" : null,
      "any" : [ {
        "id" : "region",
        "impact" : "moderate",
        "message" : "All page content is contained by landmarks",
        "data" : {
          "isIframe" : false
        },
        "relatedNodes" : [ ]
      } ],
      "all" : [ ],
      "none" : [ ],
      "failureSummary" : null
    }, {
      "html" : "<option value=\"6\">06 am</option>",
      "target" : [ "#time0 > option[value=\"6\"]" ],
      "impact" : null,
      "any" : [ {
        "id" : "region",
        "impact" : "moderate",
        "message" : "All page content is contained by landmarks",
        "data" : {
          "isIframe" : false
        },
        "relatedNodes" : [ ]
      } ],
      "all" : [ ],
      "none" : [ ],
      "failureSummary" : null
    }, {
      "html" : "<option value=\"7\">07 am</option>",
      "target" : [ "option[value=\"7\"]" ],
      "impact" : null,
      "any" : [ {
        "id" : "region",
        "impact" : "moderate",
        "message" : "All page content is contained by landmarks",
        "data" : {
          "isIframe" : false
        },
        "relatedNodes" : [ ]
      } ],
      "all" : [ ],
      "none" : [ ],
      "failureSummary" : null
    }, {
      "html" : "<option value=\"8\">08 am</option>",
      "target" : [ "option[value=\"8\"]" ],
      "impact" : null,
      "any" : [ {
        "id" : "region",
        "impact" : "moderate",
        "message" : "All page content is contained by landmarks",
        "data" : {
          "isIframe" : false
        },
        "relatedNodes" : [ ]
      } ],
      "all" : [ ],
      "none" : [ ],
      "failureSummary" : null
    }, {
      "html" : "<option value=\"9\">09 am</option>",
      "target" : [ "option[value=\"9\"]" ],
      "impact" : null,
      "any" : [ {
        "id" : "region",
        "impact" : "moderate",
        "message" : "All page content is contained by landmarks",
        "data" : {
          "isIframe" : false
        },
        "relatedNodes" : [ ]
      } ],
      "all" : [ ],
      "none" : [ ],
      "failureSummary" : null
    }, {
      "html" : "<option value=\"10\">10 am</option>",
      "target" : [ "option[value=\"10\"]" ],
      "impact" : null,
      "any" : [ {
        "id" : "region",
        "impact" : "moderate",
        "message" : "All page content is contained by landmarks",
        "data" : {
          "isIframe" : false
        },
        "relatedNodes" : [ ]
      } ],
      "all" : [ ],
      "none" : [ ],
      "failureSummary" : null
    }, {
      "html" : "<option value=\"11\">11 am</option>",
      "target" : [ "option[value=\"11\"]" ],
      "impact" : null,
      "any" : [ {
        "id" : "region",
        "impact" : "moderate",
        "message" : "All page content is contained by landmarks",
        "data" : {
          "isIframe" : false
        },
        "relatedNodes" : [ ]
      } ],
      "all" : [ ],
      "none" : [ ],
      "failureSummary" : null
    }, {
      "html" : "<option selected=\"\" value=\"12\">12 pm</option>",
      "target" : [ "#time0 > option[value=\"12\"]" ],
      "impact" : null,
      "any" : [ {
        "id" : "region",
        "impact" : "moderate",
        "message" : "All page content is contained by landmarks",
        "data" : {
          "isIframe" : false
        },
        "relatedNodes" : [ ]
      } ],
      "all" : [ ],
      "none" : [ ],
      "failureSummary" : null
    }, {
      "html" : "<option value=\"13\">01 pm</option>",
      "target" : [ "#time0 > option[value=\"13\"]" ],
      "impact" : null,
      "any" : [ {
        "id" : "region",
        "impact" : "moderate",
        "message" : "All page content is contained by landmarks",
        "data" : {
          "isIframe" : false
        },
        "relatedNodes" : [ ]
      } ],
      "all" : [ ],
      "none" : [ ],
      "failureSummary" : null
    }, {
      "html" : "<option value=\"14\">02 pm</option>",
      "target" : [ "#time0 > option[value=\"14\"]" ],
      "impact" : null,
      "any" : [ {
        "id" : "region",
        "impact" : "moderate",
        "message" : "All page content is contained by landmarks",
        "data" : {
          "isIframe" : false
        },
        "relatedNodes" : [ ]
      } ],
      "all" : [ ],
      "none" : [ ],
      "failureSummary" : null
    }, {
      "html" : "<option value=\"15\">03 pm</option>",
      "target" : [ "#time0 > option[value=\"15\"]" ],
      "impact" : null,
      "any" : [ {
        "id" : "region",
        "impact" : "moderate",
        "message" : "All page content is contained by landmarks",
        "data" : {
          "isIframe" : false
        },
        "relatedNodes" : [ ]
      } ],
      "all" : [ ],
      "none" : [ ],
      "failureSummary" : null
    }, {
      "html" : "<option value=\"16\">04 pm</option>",
      "target" : [ "#time0 > option[value=\"16\"]" ],
      "impact" : null,
      "any" : [ {
        "id" : "region",
        "impact" : "moderate",
        "message" : "All page content is contained by landmarks",
        "data" : {
          "isIframe" : false
        },
        "relatedNodes" : [ ]
      } ],
      "all" : [ ],
      "none" : [ ],
      "failureSummary" : null
    }, {
      "html" : "<option value=\"17\">05 pm</option>",
      "target" : [ "#time0 > option[value=\"17\"]" ],
      "impact" : null,
      "any" : [ {
        "id" : "region",
        "impact" : "moderate",
        "message" : "All page content is contained by landmarks",
        "data" : {
          "isIframe" : false
        },
        "relatedNodes" : [ ]
      } ],
      "all" : [ ],
      "none" : [ ],
      "failureSummary" : null
    }, {
      "html" : "<option value=\"18\">06 pm</option>",
      "target" : [ "#time0 > option[value=\"18\"]" ],
      "impact" : null,
      "any" : [ {
        "id" : "region",
        "impact" : "moderate",
        "message" : "All page content is contained by landmarks",
        "data" : {
          "isIframe" : false
        },
        "relatedNodes" : [ ]
      } ],
      "all" : [ ],
      "none" : [ ],
      "failureSummary" : null
    }, {
      "html" : "<option value=\"19\">07 pm</option>",
      "target" : [ "#time0 > option[value=\"19\"]" ],
      "impact" : null,
      "any" : [ {
        "id" : "region",
        "impact" : "moderate",
        "message" : "All page content is contained by landmarks",
        "data" : {
          "isIframe" : false
        },
        "relatedNodes" : [ ]
      } ],
      "all" : [ ],
      "none" : [ ],
      "failureSummary" : null
    }, {
      "html" : "<option value=\"20\">08 pm</option>",
      "target" : [ "#time0 > option[value=\"20\"]" ],
      "impact" : null,
      "any" : [ {
        "id" : "region",
        "impact" : "moderate",
        "message" : "All page content is contained by landmarks",
        "data" : {
          "isIframe" : false
        },
        "relatedNodes" : [ ]
      } ],
      "all" : [ ],
      "none" : [ ],
      "failureSummary" : null
    }, {
      "html" : "<option value=\"21\">09 pm</option>",
      "target" : [ "#time0 > option[value=\"21\"]" ],
      "impact" : null,
      "any" : [ {
        "id" : "region",
        "impact" : "moderate",
        "message" : "All page content is contained by landmarks",
        "data" : {
          "isIframe" : false
        },
        "relatedNodes" : [ ]
      } ],
      "all" : [ ],
      "none" : [ ],
      "failureSummary" : null
    }, {
      "html" : "<option value=\"22\">10 pm</option>",
      "target" : [ "#time0 > option[value=\"22\"]" ],
      "impact" : null,
      "any" : [ {
        "id" : "region",
        "impact" : "moderate",
        "message" : "All page content is contained by landmarks",
        "data" : {
          "isIframe" : false
        },
        "relatedNodes" : [ ]
      } ],
      "all" : [ ],
      "none" : [ ],
      "failureSummary" : null
    }, {
      "html" : "<option value=\"23\">11 pm</option>",
      "target" : [ "#time0 > option[value=\"23\"]" ],
      "impact" : null,
      "any" : [ {
        "id" : "region",
        "impact" : "moderate",
        "message" : "All page content is contained by landmarks",
        "data" : {
          "isIframe" : false
        },
        "relatedNodes" : [ ]
      } ],
      "all" : [ ],
      "none" : [ ],
      "failureSummary" : null
    }, {
      "html" : "<a class=\"add-leg\"><span class=\"icon\"></span>Add Another Trip</a>",
      "target" : [ ".add-leg" ],
      "impact" : null,
      "any" : [ {
        "id" : "region",
        "impact" : "moderate",
        "message" : "All page content is contained by landmarks",
        "data" : {
          "isIframe" : false
        },
        "relatedNodes" : [ ]
      } ],
      "all" : [ ],
      "none" : [ ],
      "failureSummary" : null
    }, {
      "html" : "<span class=\"icon\"></span>",
      "target" : [ ".add-leg > .icon" ],
      "impact" : null,
      "any" : [ {
        "id" : "region",
        "impact" : "moderate",
        "message" : "All page content is contained by landmarks",
        "data" : {
          "isIframe" : false
        },
        "relatedNodes" : [ ]
      } ],
      "all" : [ ],
      "none" : [ ],
      "failureSummary" : null
    }, {
      "html" : "<span class=\"pass-question\">",
      "target" : [ "#pass-question-radio-group > .pass-question" ],
      "impact" : null,
      "any" : [ {
        "id" : "region",
        "impact" : "moderate",
        "message" : "All page content is contained by landmarks",
        "data" : {
          "isIframe" : false
        },
        "relatedNodes" : [ ]
      } ],
      "all" : [ ],
      "none" : [ ],
      "failureSummary" : null
    }, {
      "html" : "<a data-tooltip=\"tooltip\" data-title=\"<strong>",
      "target" : [ "a[data-tooltip=\"tooltip\"]" ],
      "impact" : null,
      "any" : [ {
        "id" : "region",
        "impact" : "moderate",
        "message" : "All page content is contained by landmarks",
        "data" : {
          "isIframe" : false
        },
        "relatedNodes" : [ ]
      } ],
      "all" : [ ],
      "none" : [ ],
      "failureSummary" : null
    }, {
      "html" : "<span class=\"wrapper\">\n<input type=\"radio\" name=\"pass-question-radio\" id=\"pass-question-yes\" value=\"0\">\n<label for=\"pass-question-yes\">Yes</label>\n</span>",
      "target" : [ "#pass-question-radio-group > .wrapper:nth-child(2)" ],
      "impact" : null,
      "any" : [ {
        "id" : "region",
        "impact" : "moderate",
        "message" : "All page content is contained by landmarks",
        "data" : {
          "isIframe" : false
        },
        "relatedNodes" : [ ]
      } ],
      "all" : [ ],
      "none" : [ ],
      "failureSummary" : null
    }, {
      "html" : "<input type=\"radio\" name=\"pass-question-radio\" id=\"pass-question-yes\" value=\"0\">",
      "target" : [ "#pass-question-yes" ],
      "impact" : null,
      "any" : [ {
        "id" : "region",
        "impact" : "moderate",
        "message" : "All page content is contained by landmarks",
        "data" : {
          "isIframe" : false
        },
        "relatedNodes" : [ ]
      } ],
      "all" : [ ],
      "none" : [ ],
      "failureSummary" : null
    }, {
      "html" : "<label for=\"pass-question-yes\">Yes</label>",
      "target" : [ "label[for=\"pass-question-yes\"]" ],
      "impact" : null,
      "any" : [ {
        "id" : "region",
        "impact" : "moderate",
        "message" : "All page content is contained by landmarks",
        "data" : {
          "isIframe" : false
        },
        "relatedNodes" : [ ]
      } ],
      "all" : [ ],
      "none" : [ ],
      "failureSummary" : null
    }, {
      "html" : "<span class=\"wrapper\">\n<input type=\"radio\" name=\"pass-question-radio\" id=\"pass-question-no\" value=\"1\" checked=\"checked\">\n<label for=\"pass-question-no\" class=\"selected\">No</label>\n</span>",
      "target" : [ "#pass-question-radio-group > .wrapper:nth-child(3)" ],
      "impact" : null,
      "any" : [ {
        "id" : "region",
        "impact" : "moderate",
        "message" : "All page content is contained by landmarks",
        "data" : {
          "isIframe" : false
        },
        "relatedNodes" : [ ]
      } ],
      "all" : [ ],
      "none" : [ ],
      "failureSummary" : null
    }, {
      "html" : "<input type=\"radio\" name=\"pass-question-radio\" id=\"pass-question-no\" value=\"1\" checked=\"checked\">",
      "target" : [ "#pass-question-no" ],
      "impact" : null,
      "any" : [ {
        "id" : "region",
        "impact" : "moderate",
        "message" : "All page content is contained by landmarks",
        "data" : {
          "isIframe" : false
        },
        "relatedNodes" : [ ]
      } ],
      "all" : [ ],
      "none" : [ ],
      "failureSummary" : null
    }, {
      "html" : "<label for=\"pass-question-no\" class=\"selected\">No</label>",
      "target" : [ "label[for=\"pass-question-no\"]" ],
      "impact" : null,
      "any" : [ {
        "id" : "region",
        "impact" : "moderate",
        "message" : "All page content is contained by landmarks",
        "data" : {
          "isIframe" : false
        },
        "relatedNodes" : [ ]
      } ],
      "all" : [ ],
      "none" : [ ],
      "failureSummary" : null
    }, {
      "html" : "<div id=\"passenger-select\" class=\"widget-container middle\">",
      "target" : [ ".middle.widget-container:nth-child(13)" ],
      "impact" : null,
      "any" : [ {
        "id" : "region",
        "impact" : "moderate",
        "message" : "All page content is contained by landmarks",
        "data" : {
          "isIframe" : false
        },
        "relatedNodes" : [ ]
      } ],
      "all" : [ ],
      "none" : [ ],
      "failureSummary" : null
    }, {
      "html" : "<div class=\"widget-down-arrow\"></div>",
      "target" : [ ".middle.widget-container:nth-child(13) > .widget-down-arrow" ],
      "impact" : null,
      "any" : [ {
        "id" : "region",
        "impact" : "moderate",
        "message" : "All page content is contained by landmarks",
        "data" : {
          "isIframe" : false
        },
        "relatedNodes" : [ ]
      } ],
      "all" : [ ],
      "none" : [ ],
      "failureSummary" : null
    }, {
      "html" : "<div class=\"interior-container\">",
      "target" : [ ".middle.widget-container:nth-child(13) > .interior-container" ],
      "impact" : null,
      "any" : [ {
        "id" : "region",
        "impact" : "moderate",
        "message" : "All page content is contained by landmarks",
        "data" : {
          "isIframe" : false
        },
        "relatedNodes" : [ ]
      } ],
      "all" : [ ],
      "none" : [ ],
      "failureSummary" : null
    }, {
      "html" : "<div class=\"re_ajax_p3\">\n<a href=\"mars2.html?a=\"></a>\n                                                </div>",
      "target" : [ ".re_ajax_p3" ],
      "impact" : null,
      "any" : [ {
        "id" : "region",
        "impact" : "moderate",
        "message" : "All page content is contained by landmarks",
        "data" : {
          "isIframe" : false
        },
        "relatedNodes" : [ ]
      } ],
      "all" : [ ],
      "none" : [ ],
      "failureSummary" : null
    }, {
      "html" : "<a href=\"mars2.html?a=\"></a>",
      "target" : [ ".re_ajax_p3 > a[href=\"mars2.html?a=\"]" ],
      "impact" : null,
      "any" : [ {
        "id" : "region",
        "impact" : "moderate",
        "message" : "All page content is contained by landmarks",
        "data" : {
          "isIframe" : false
        },
        "relatedNodes" : [ ]
      } ],
      "all" : [ ],
      "none" : [ ],
      "failureSummary" : null
    }, {
      "html" : "<div id=\"passengers\">",
      "target" : [ ".middle.widget-container:nth-child(13) > .interior-container > div:nth-child(3)" ],
      "impact" : null,
      "any" : [ {
        "id" : "region",
        "impact" : "moderate",
        "message" : "All page content is contained by landmarks",
        "data" : {
          "isIframe" : false
        },
        "relatedNodes" : [ ]
      } ],
      "all" : [ ],
      "none" : [ ],
      "failureSummary" : null
    }, {
      "html" : "<div id=\"passenger0\" class=\"passenger\">",
      "target" : [ "#passenger0" ],
      "impact" : null,
      "any" : [ {
        "id" : "region",
        "impact" : "moderate",
        "message" : "All page content is contained by landmarks",
        "data" : {
          "isIframe" : false
        },
        "relatedNodes" : [ ]
      } ],
      "all" : [ ],
      "none" : [ ],
      "failureSummary" : null
    }, {
      "html" : "<span class=\"traveler-label\">Traveler</span>",
      "target" : [ "#passenger0 > .wrapper:nth-child(1) > .traveler-label" ],
      "impact" : null,
      "any" : [ {
        "id" : "region",
        "impact" : "moderate",
        "message" : "All page content is contained by landmarks",
        "data" : {
          "isIframe" : false
        },
        "relatedNodes" : [ ]
      } ],
      "all" : [ ],
      "none" : [ ],
      "failureSummary" : null
    }, {
      "html" : "<select id=\"traveler0\" class=\"traveler-type\">\n<option value=\"0\">Adult (26+)</option>\n<option value=\"1\">Youth (12-25)</option>\n<option value=\"2\">Child (4-11)</option>\n<option value=\"3\">Senior (60+)</option>\n</select>",
      "target" : [ "#passenger0 > .age-range.wrapper > .traveler-type" ],
      "impact" : null,
      "any" : [ {
        "id" : "region",
        "impact" : "moderate",
        "message" : "All page content is contained by landmarks",
        "data" : {
          "isIframe" : false
        },
        "relatedNodes" : [ ]
      } ],
      "all" : [ ],
      "none" : [ ],
      "failureSummary" : null
    }, {
      "html" : "<option value=\"0\">Adult (26+)</option>",
      "target" : [ ".traveler-type > option[value=\"0\"]" ],
      "impact" : null,
      "any" : [ {
        "id" : "region",
        "impact" : "moderate",
        "message" : "All page content is contained by landmarks",
        "data" : {
          "isIframe" : false
        },
        "relatedNodes" : [ ]
      } ],
      "all" : [ ],
      "none" : [ ],
      "failureSummary" : null
    }, {
      "html" : "<option value=\"1\">Youth (12-25)</option>",
      "target" : [ "#passenger0 > .age-range.wrapper > .traveler-type > option[value=\"1\"]" ],
      "impact" : null,
      "any" : [ {
        "id" : "region",
        "impact" : "moderate",
        "message" : "All page content is contained by landmarks",
        "data" : {
          "isIframe" : false
        },
        "relatedNodes" : [ ]
      } ],
      "all" : [ ],
      "none" : [ ],
      "failureSummary" : null
    }, {
      "html" : "<option value=\"2\">Child (4-11)</option>",
      "target" : [ ".traveler-type > option[value=\"2\"]" ],
      "impact" : null,
      "any" : [ {
        "id" : "region",
        "impact" : "moderate",
        "message" : "All page content is contained by landmarks",
        "data" : {
          "isIframe" : false
        },
        "relatedNodes" : [ ]
      } ],
      "all" : [ ],
      "none" : [ ],
      "failureSummary" : null
    }, {
      "html" : "<option value=\"3\">Senior (60+)</option>",
      "target" : [ ".traveler-type > option[value=\"3\"]" ],
      "impact" : null,
      "any" : [ {
        "id" : "region",
        "impact" : "moderate",
        "message" : "All page content is contained by landmarks",
        "data" : {
          "isIframe" : false
        },
        "relatedNodes" : [ ]
      } ],
      "all" : [ ],
      "none" : [ ],
      "failureSummary" : null
    }, {
      "html" : "<a class=\"add-traveler\">\n                                                                    <div class=\"icon\"></div>\n                                                                     Add A Traveler</a>",
      "target" : [ ".add-traveler" ],
      "impact" : null,
      "any" : [ {
        "id" : "region",
        "impact" : "moderate",
        "message" : "All page content is contained by landmarks",
        "data" : {
          "isIframe" : false
        },
        "relatedNodes" : [ ]
      } ],
      "all" : [ ],
      "none" : [ ],
      "failureSummary" : null
    }, {
      "html" : "<div class=\"icon\"></div>",
      "target" : [ ".add-traveler > .icon" ],
      "impact" : null,
      "any" : [ {
        "id" : "region",
        "impact" : "moderate",
        "message" : "All page content is contained by landmarks",
        "data" : {
          "isIframe" : false
        },
        "relatedNodes" : [ ]
      } ],
      "all" : [ ],
      "none" : [ ],
      "failureSummary" : null
    }, {
      "html" : "<div id=\"booking-box-submit\" class=\"widget-container footer\">",
      "target" : [ "#booking-box-submit" ],
      "impact" : null,
      "any" : [ {
        "id" : "region",
        "impact" : "moderate",
        "message" : "All page content is contained by landmarks",
        "data" : {
          "isIframe" : false
        },
        "relatedNodes" : [ ]
      } ],
      "all" : [ ],
      "none" : [ ],
      "failureSummary" : null
    }, {
      "html" : "<div class=\"widget-down-arrow\"></div>",
      "target" : [ "#booking-box-submit > .widget-down-arrow" ],
      "impact" : null,
      "any" : [ {
        "id" : "region",
        "impact" : "moderate",
        "message" : "All page content is contained by landmarks",
        "data" : {
          "isIframe" : false
        },
        "relatedNodes" : [ ]
      } ],
      "all" : [ ],
      "none" : [ ],
      "failureSummary" : null
    }, {
      "html" : "<div class=\"interior-container\">",
      "target" : [ "#booking-box-submit > .interior-container" ],
      "impact" : null,
      "any" : [ {
        "id" : "region",
        "impact" : "moderate",
        "message" : "All page content is contained by landmarks",
        "data" : {
          "isIframe" : false
        },
        "relatedNodes" : [ ]
      } ],
      "all" : [ ],
      "none" : [ ],
      "failureSummary" : null
    }, {
      "html" : "<input id=\"fs-submit\" type=\"submit\" class=\"btn btn-large submit-form\" value=\"Search\">",
      "target" : [ "#fs-submit" ],
      "impact" : null,
      "any" : [ {
        "id" : "region",
        "impact" : "moderate",
        "message" : "All page content is contained by landmarks",
        "data" : {
          "isIframe" : false
        },
        "relatedNodes" : [ ]
      } ],
      "all" : [ ],
      "none" : [ ],
      "failureSummary" : null
    }, {
      "html" : "<div id=\"video-box\" class=\"widget-container\">",
      "target" : [ "#video-box" ],
      "impact" : null,
      "any" : [ {
        "id" : "region",
        "impact" : "moderate",
        "message" : "All page content is contained by landmarks",
        "data" : {
          "isIframe" : false
        },
        "relatedNodes" : [ ]
      } ],
      "all" : [ ],
      "none" : [ ],
      "failureSummary" : null
    }, {
      "html" : "<div class=\"interior-container\">",
      "target" : [ "#video-box > .interior-container" ],
      "impact" : null,
      "any" : [ {
        "id" : "region",
        "impact" : "moderate",
        "message" : "All page content is contained by landmarks",
        "data" : {
          "isIframe" : false
        },
        "relatedNodes" : [ ]
      } ],
      "all" : [ ],
      "none" : [ ],
      "failureSummary" : null
    }, {
      "html" : "<iframe width=\"365\" height=\"205\" name=\"player\" id=\"player\" src=\"https://www.youtube.com/embed/OagLGti_hTE?controls=1&amp;showinfo=1&amp;modestbranding=0&amp;wmode=opaque&amp;enablejsapi=1\" frameborder=\"0\" allowfullscreen=\"\" title=\"NASA: Life on Mars Was a Possibility\"></iframe>",
      "target" : [ "#player" ],
      "impact" : null,
      "any" : [ {
        "id" : "region",
        "impact" : "moderate",
        "message" : "All page content is contained by landmarks",
        "data" : {
          "isIframe" : true
        },
        "relatedNodes" : [ ]
      } ],
      "all" : [ ],
      "none" : [ ],
      "failureSummary" : null
    }, {
      "html" : "<div class=\"html5-video-player ytp-exp-bottom-control-flexbox ytp-title-enable-channel-logo ytp-fine-scrubbing-exp ytp-embed ytp-embed-playlist unstarted-mode ytp-hide-controls ytp-small-mode\" tabindex=\"-1\" id=\"movie_player\" data-version=\"/s/player/6f20102c/player_ias.vflset/en_US/base.js\" aria-label=\"YouTube Video Player\">",
      "target" : [ "#player", "#movie_player" ],
      "impact" : null,
      "any" : [ {
        "id" : "region",
        "impact" : "moderate",
        "message" : "All page content is contained by landmarks",
        "data" : {
          "isIframe" : false
        },
        "relatedNodes" : [ ]
      } ],
      "all" : [ ],
      "none" : [ ],
      "failureSummary" : null
    }, {
      "html" : "<div class=\"html5-video-container\" data-layer=\"0\"><video tabindex=\"-1\" class=\"video-stream html5-main-video\" webkit-playsinline=\"\" playsinline=\"\" controlslist=\"nodownload\" style=\"width: 365px; height: 205px; left: 0px; top: -205px;\"></video></div>",
      "target" : [ "#player", ".html5-video-container" ],
      "impact" : null,
      "any" : [ {
        "id" : "region",
        "impact" : "moderate",
        "message" : "All page content is contained by landmarks",
        "data" : {
          "isIframe" : false
        },
        "relatedNodes" : [ ]
      } ],
      "all" : [ ],
      "none" : [ ],
      "failureSummary" : null
    }, {
      "html" : "<video tabindex=\"-1\" class=\"video-stream html5-main-video\" webkit-playsinline=\"\" playsinline=\"\" controlslist=\"nodownload\" style=\"width: 365px; height: 205px; left: 0px; top: -205px;\"></video>",
      "target" : [ "#player", "video" ],
      "impact" : null,
      "any" : [ {
        "id" : "region",
        "impact" : "moderate",
        "message" : "All page content is contained by landmarks",
        "data" : {
          "isIframe" : false
        },
        "relatedNodes" : [ ]
      } ],
      "all" : [ ],
      "none" : [ ],
      "failureSummary" : null
    }, {
      "html" : "<div class=\"ytp-gradient-top\" data-layer=\"1\"></div>",
      "target" : [ "#player", ".ytp-gradient-top" ],
      "impact" : null,
      "any" : [ {
        "id" : "region",
        "impact" : "moderate",
        "message" : "All page content is contained by landmarks",
        "data" : {
          "isIframe" : false
        },
        "relatedNodes" : [ ]
      } ],
      "all" : [ ],
      "none" : [ ],
      "failureSummary" : null
    }, {
      "html" : "<div class=\"ytp-chrome-top ytp-show-cards-title\" data-layer=\"1\">",
      "target" : [ "#player", ".ytp-chrome-top" ],
      "impact" : null,
      "any" : [ {
        "id" : "region",
        "impact" : "moderate",
        "message" : "All page content is contained by landmarks",
        "data" : {
          "isIframe" : false
        },
        "relatedNodes" : [ ]
      } ],
      "all" : [ ],
      "none" : [ ],
      "failureSummary" : null
    }, {
      "html" : "<div class=\"ytp-title-channel\">",
      "target" : [ "#player", ".ytp-title-channel" ],
      "impact" : null,
      "any" : [ {
        "id" : "region",
        "impact" : "moderate",
        "message" : "All page content is contained by landmarks",
        "data" : {
          "isIframe" : false
        },
        "relatedNodes" : [ ]
      } ],
      "all" : [ ],
      "none" : [ ],
      "failureSummary" : null
    }, {
      "html" : "<div class=\"ytp-title-beacon\"></div>",
      "target" : [ "#player", ".ytp-title-beacon" ],
      "impact" : null,
      "any" : [ {
        "id" : "region",
        "impact" : "moderate",
        "message" : "All page content is contained by landmarks",
        "data" : {
          "isIframe" : false
        },
        "relatedNodes" : [ ]
      } ],
      "all" : [ ],
      "none" : [ ],
      "failureSummary" : null
    }, {
      "html" : "<a class=\"ytp-title-channel-logo\" target=\"_blank\" href=\"https://www.youtube.com/channel/UCK7tptUDHh-RYDsdxO1-5QQ?embeds_euri=https%3A%2F%2Fdequeuniversity.com%2F&amp;feature=emb_ch_name_ex\" aria-label=\"Photo image of Wall Street Journal\" style=\"background-image: url(&quot;https://yt3.ggpht.com/ytc/AGIKgqOq4sucy99-dvD6wMq7d5dywZsP63fquQzKyPV4Lo0=s68-c-k-c0x00ffffff-no-rj&quot;);\">",
      "target" : [ "#player", ".ytp-title-channel-logo" ],
      "impact" : null,
      "any" : [ {
        "id" : "region",
        "impact" : "moderate",
        "message" : "All page content is contained by landmarks",
        "data" : {
          "isIframe" : false
        },
        "relatedNodes" : [ ]
      } ],
      "all" : [ ],
      "none" : [ ],
      "failureSummary" : null
    }, {
      "html" : "<div class=\"ytp-title\">",
      "target" : [ "#player", ".ytp-title" ],
      "impact" : null,
      "any" : [ {
        "id" : "region",
        "impact" : "moderate",
        "message" : "All page content is contained by landmarks",
        "data" : {
          "isIframe" : false
        },
        "relatedNodes" : [ ]
      } ],
      "all" : [ ],
      "none" : [ ],
      "failureSummary" : null
    }, {
      "html" : "<div class=\"ytp-title-text\">",
      "target" : [ "#player", ".ytp-title-text" ],
      "impact" : null,
      "any" : [ {
        "id" : "region",
        "impact" : "moderate",
        "message" : "All page content is contained by landmarks",
        "data" : {
          "isIframe" : false
        },
        "relatedNodes" : [ ]
      } ],
      "all" : [ ],
      "none" : [ ],
      "failureSummary" : null
    }, {
      "html" : "<a class=\"ytp-title-link yt-uix-sessionlink\" target=\"_blank\" data-sessionlink=\"feature=player-title\" tabindex=\"0\" href=\"https://www.youtube.com/watch?v=OagLGti_hTE\">NASA: Life on Mars Was a Possibility</a>",
      "target" : [ "#player", ".ytp-title-link" ],
      "impact" : null,
      "any" : [ {
        "id" : "region",
        "impact" : "moderate",
        "message" : "All page content is contained by landmarks",
        "data" : {
          "isIframe" : false
        },
        "relatedNodes" : [ ]
      } ],
      "all" : [ ],
      "none" : [ ],
      "failureSummary" : null
    }, {
      "html" : "<div class=\"ytp-title-subtext\"><a class=\"ytp-title-channel-name\" target=\"_blank\" href=\"\"></a></div>",
      "target" : [ "#player", ".ytp-title-subtext" ],
      "impact" : null,
      "any" : [ {
        "id" : "region",
        "impact" : "moderate",
        "message" : "All page content is contained by landmarks",
        "data" : {
          "isIframe" : false
        },
        "relatedNodes" : [ ]
      } ],
      "all" : [ ],
      "none" : [ ],
      "failureSummary" : null
    }, {
      "html" : "<div class=\"ytp-chrome-top-buttons\">",
      "target" : [ "#player", ".ytp-chrome-top-buttons" ],
      "impact" : null,
      "any" : [ {
        "id" : "region",
        "impact" : "moderate",
        "message" : "All page content is contained by landmarks",
        "data" : {
          "isIframe" : false
        },
        "relatedNodes" : [ ]
      } ],
      "all" : [ ],
      "none" : [ ],
      "failureSummary" : null
    }, {
      "html" : "<button class=\"ytp-button ytp-overflow-button ytp-overflow-button-visible\" title=\"More\" aria-haspopup=\"true\" aria-owns=\"ytp-id-31\" aria-label=\"More\">",
      "target" : [ "#player", ".ytp-overflow-button" ],
      "impact" : null,
      "any" : [ {
        "id" : "region",
        "impact" : "moderate",
        "message" : "All page content is contained by landmarks",
        "data" : {
          "isIframe" : false
        },
        "relatedNodes" : [ ]
      } ],
      "all" : [ ],
      "none" : [ ],
      "failureSummary" : null
    }, {
      "html" : "<div class=\"ytp-overflow-icon\"><svg height=\"100%\" viewBox=\"-5 -5 36 36\" width=\"100%\"><path d=\"M12 8c1.1 0 2-.9 2-2s-.9-2-2-2-2 .9-2 2 .9 2 2 2zm0 2c-1.1 0-2 .9-2 2s.9 2 2 2 2-.9 2-2-.9-2-2-2zm0 6c-1.1 0-2 .9-2 2s.9 2 2 2 2-.9 2-2-.9-2-2-2z\" fill=\"#fff\"></path></svg></div>",
      "target" : [ "#player", ".ytp-overflow-icon" ],
      "impact" : null,
      "any" : [ {
        "id" : "region",
        "impact" : "moderate",
        "message" : "All page content is contained by landmarks",
        "data" : {
          "isIframe" : false
        },
        "relatedNodes" : [ ]
      } ],
      "all" : [ ],
      "none" : [ ],
      "failureSummary" : null
    }, {
      "html" : "<svg height=\"100%\" viewBox=\"-5 -5 36 36\" width=\"100%\"><path d=\"M12 8c1.1 0 2-.9 2-2s-.9-2-2-2-2 .9-2 2 .9 2 2 2zm0 2c-1.1 0-2 .9-2 2s.9 2 2 2 2-.9 2-2-.9-2-2-2zm0 6c-1.1 0-2 .9-2 2s.9 2 2 2 2-.9 2-2-.9-2-2-2z\" fill=\"#fff\"></path></svg>",
      "target" : [ "#player", "svg[viewBox=\"-5 -5 36 36\"]" ],
      "impact" : null,
      "any" : [ {
        "id" : "region",
        "impact" : "moderate",
        "message" : "All page content is contained by landmarks",
        "data" : {
          "isIframe" : false
        },
        "relatedNodes" : [ ]
      } ],
      "all" : [ ],
      "none" : [ ],
      "failureSummary" : null
    }, {
      "html" : "<path d=\"M12 8c1.1 0 2-.9 2-2s-.9-2-2-2-2 .9-2 2 .9 2 2 2zm0 2c-1.1 0-2 .9-2 2s.9 2 2 2 2-.9 2-2-.9-2-2-2zm0 6c-1.1 0-2 .9-2 2s.9 2 2 2 2-.9 2-2-.9-2-2-2z\" fill=\"#fff\"></path>",
      "target" : [ "#player", "svg[viewBox=\"-5 -5 36 36\"] > path[fill=\"#fff\"]" ],
      "impact" : null,
      "any" : [ {
        "id" : "region",
        "impact" : "moderate",
        "message" : "All page content is contained by landmarks",
        "data" : {
          "isIframe" : false
        },
        "relatedNodes" : [ ]
      } ],
      "all" : [ ],
      "none" : [ ],
      "failureSummary" : null
    }, {
      "html" : "<div class=\"ytp-cued-thumbnail-overlay\" data-layer=\"4\" style=\"\">",
      "target" : [ "#player", ".ytp-cued-thumbnail-overlay" ],
      "impact" : null,
      "any" : [ {
        "id" : "region",
        "impact" : "moderate",
        "message" : "All page content is contained by landmarks",
        "data" : {
          "isIframe" : false
        },
        "relatedNodes" : [ ]
      } ],
      "all" : [ ],
      "none" : [ ],
      "failureSummary" : null
    }, {
      "html" : "<div class=\"ytp-cued-thumbnail-overlay-image\" style=\"background-image: url(&quot;https://i.ytimg.com/vi/OagLGti_hTE/sddefault.jpg&quot;);\"></div>",
      "target" : [ "#player", ".ytp-cued-thumbnail-overlay-image" ],
      "impact" : null,
      "any" : [ {
        "id" : "region",
        "impact" : "moderate",
        "message" : "All page content is contained by landmarks",
        "data" : {
          "isIframe" : false
        },
        "relatedNodes" : [ ]
      } ],
      "all" : [ ],
      "none" : [ ],
      "failureSummary" : null
    }, {
      "html" : "<button class=\"ytp-large-play-button ytp-button ytp-large-play-button-red-bg\" aria-label=\"Play\">",
      "target" : [ "#player", ".ytp-large-play-button" ],
      "impact" : null,
      "any" : [ {
        "id" : "region",
        "impact" : "moderate",
        "message" : "All page content is contained by landmarks",
        "data" : {
          "isIframe" : false
        },
        "relatedNodes" : [ ]
      } ],
      "all" : [ ],
      "none" : [ ],
      "failureSummary" : null
    }, {
      "html" : "<svg height=\"100%\" version=\"1.1\" viewBox=\"0 0 68 48\" width=\"100%\">",
      "target" : [ "#player", "svg[viewBox=\"0 0 68 48\"]" ],
      "impact" : null,
      "any" : [ {
        "id" : "region",
        "impact" : "moderate",
        "message" : "All page content is contained by landmarks",
        "data" : {
          "isIframe" : false
        },
        "relatedNodes" : [ ]
      } ],
      "all" : [ ],
      "none" : [ ],
      "failureSummary" : null
    }, {
      "html" : "<path class=\"ytp-large-play-button-bg\" d=\"M66.52,7.74c-0.78-2.93-2.49-5.41-5.42-6.19C55.79,.13,34,0,34,0S12.21,.13,6.9,1.55 C3.97,2.33,2.27,4.81,1.48,7.74C0.06,13.05,0,24,0,24s0.06,10.95,1.48,16.26c0.78,2.93,2.49,5.41,5.42,6.19 C12.21,47.87,34,48,34,48s21.79-0.13,27.1-1.55c2.93-0.78,4.64-3.26,5.42-6.19C67.94,34.95,68,24,68,24S67.94,13.05,66.52,7.74z\" fill=\"#f00\">",
      "target" : [ "#player", ".ytp-large-play-button-bg" ],
      "impact" : null,
      "any" : [ {
        "id" : "region",
        "impact" : "moderate",
        "message" : "All page content is contained by landmarks",
        "data" : {
          "isIframe" : false
        },
        "relatedNodes" : [ ]
      } ],
      "all" : [ ],
      "none" : [ ],
      "failureSummary" : null
    }, {
      "html" : "<path d=\"M 45,24 27,14 27,34\" fill=\"#fff\"></path>",
      "target" : [ "#player", "path[d=\"M 45,24 27,14 27,34\"]" ],
      "impact" : null,
      "any" : [ {
        "id" : "region",
        "impact" : "moderate",
        "message" : "All page content is contained by landmarks",
        "data" : {
          "isIframe" : false
        },
        "relatedNodes" : [ ]
      } ],
      "all" : [ ],
      "none" : [ ],
      "failureSummary" : null
    }, {
      "html" : "<div class=\"ytp-paid-content-overlay\" aria-live=\"assertive\" aria-atomic=\"true\" data-layer=\"4\"><div class=\"ytp-button ytp-paid-content-overlay-text\" style=\"display: none;\"></div></div>",
      "target" : [ "#player", ".ytp-paid-content-overlay" ],
      "impact" : null,
      "any" : [ {
        "id" : "region",
        "impact" : "moderate",
        "message" : "All page content is contained by landmarks",
        "data" : {
          "isIframe" : false
        },
        "relatedNodes" : [ ]
      } ],
      "all" : [ ],
      "none" : [ ],
      "failureSummary" : null
    }, {
      "html" : "<div class=\"ytp-suggested-action\" data-layer=\"4\">",
      "target" : [ "#player", ".ytp-suggested-action" ],
      "impact" : null,
      "any" : [ {
        "id" : "region",
        "impact" : "moderate",
        "message" : "All page content is contained by landmarks",
        "data" : {
          "isIframe" : false
        },
        "relatedNodes" : [ ]
      } ],
      "all" : [ ],
      "none" : [ ],
      "failureSummary" : null
    }, {
      "html" : "<div class=\"vid-arrows prevvid\">\n                  <i class=\"vid-prev icon-video-left-arrow\"></i>\n                  </div>",
      "target" : [ ".prevvid" ],
      "impact" : null,
      "any" : [ {
        "id" : "region",
        "impact" : "moderate",
        "message" : "All page content is contained by landmarks",
        "data" : {
          "isIframe" : false
        },
        "relatedNodes" : [ ]
      } ],
      "all" : [ ],
      "none" : [ ],
      "failureSummary" : null
    }, {
      "html" : "<i class=\"vid-prev icon-video-left-arrow\"></i>",
      "target" : [ ".vid-prev" ],
      "impact" : null,
      "any" : [ {
        "id" : "region",
        "impact" : "moderate",
        "message" : "All page content is contained by landmarks",
        "data" : {
          "isIframe" : false
        },
        "relatedNodes" : [ ]
      } ],
      "all" : [ ],
      "none" : [ ],
      "failureSummary" : null
    }, {
      "html" : "<div class=\"vid-nav\">",
      "target" : [ ".vid-nav" ],
      "impact" : null,
      "any" : [ {
        "id" : "region",
        "impact" : "moderate",
        "message" : "All page content is contained by landmarks",
        "data" : {
          "isIframe" : false
        },
        "relatedNodes" : [ ]
      } ],
      "all" : [ ],
      "none" : [ ],
      "failureSummary" : null
    }, {
      "html" : "<a target=\"player\" data-text=\"Life was possible on Mars\" class=\"fader first active\" href=\"http://www.youtube.com/embed/OagLGti_hTE?controls=1&amp;showinfo=1&amp;modestbranding=0&amp;wmode=opaque&amp;enablejsapi=1\" id=\"default\"></a>",
      "target" : [ ".active" ],
      "impact" : null,
      "any" : [ {
        "id" : "region",
        "impact" : "moderate",
        "message" : "All page content is contained by landmarks",
        "data" : {
          "isIframe" : false
        },
        "relatedNodes" : [ ]
      } ],
      "all" : [ ],
      "none" : [ ],
      "failureSummary" : null
    }, {
      "html" : "<a target=\"player\" data-text=\"Why Mars died\" class=\"fader first\" href=\"http://www.youtube.com/embed/oC31pqk9sak?controls=1&amp;showinfo=1&amp;modestbranding=0&amp;wmode=opaque&amp;enablejsapi=1\" id=\"default\"></a>",
      "target" : [ "a[data-text=\"Why Mars died\"]" ],
      "impact" : null,
      "any" : [ {
        "id" : "region",
        "impact" : "moderate",
        "message" : "All page content is contained by landmarks",
        "data" : {
          "isIframe" : false
        },
        "relatedNodes" : [ ]
      } ],
      "all" : [ ],
      "none" : [ ],
      "failureSummary" : null
    }, {
      "html" : "<a target=\"player\" data-text=\"The world that never was\" class=\"fader first\" href=\"http://www.youtube.com/embed/JgMXPXdqJn8?controls=1&amp;showinfo=1&amp;modestbranding=0&amp;wmode=opaque&amp;enablejsapi=1\" id=\"default\"></a>",
      "target" : [ "a[data-text=\"The world that never was\"]" ],
      "impact" : null,
      "any" : [ {
        "id" : "region",
        "impact" : "moderate",
        "message" : "All page content is contained by landmarks",
        "data" : {
          "isIframe" : false
        },
        "relatedNodes" : [ ]
      } ],
      "all" : [ ],
      "none" : [ ],
      "failureSummary" : null
    }, {
      "html" : "<div class=\"vid-arrows nextvid\">\n                  <i class=\"vid-next icon-video-right-arrow\"></i>\n             </div>",
      "target" : [ ".nextvid" ],
      "impact" : null,
      "any" : [ {
        "id" : "region",
        "impact" : "moderate",
        "message" : "All page content is contained by landmarks",
        "data" : {
          "isIframe" : false
        },
        "relatedNodes" : [ ]
      } ],
      "all" : [ ],
      "none" : [ ],
      "failureSummary" : null
    }, {
      "html" : "<i class=\"vid-next icon-video-right-arrow\"></i>",
      "target" : [ ".vid-next" ],
      "impact" : null,
      "any" : [ {
        "id" : "region",
        "impact" : "moderate",
        "message" : "All page content is contained by landmarks",
        "data" : {
          "isIframe" : false
        },
        "relatedNodes" : [ ]
      } ],
      "all" : [ ],
      "none" : [ ],
      "failureSummary" : null
    }, {
      "html" : "<div id=\"bottom-bg\" style=\"\">",
      "target" : [ "#bottom-bg" ],
      "impact" : null,
      "any" : [ {
        "id" : "region",
        "impact" : "moderate",
        "message" : "All page content is contained by landmarks",
        "data" : {
          "isIframe" : false
        },
        "relatedNodes" : [ ]
      } ],
      "all" : [ ],
      "none" : [ ],
      "failureSummary" : null
    }, {
      "html" : "<div id=\"social-bar\" class=\"container-fluid-full\">",
      "target" : [ "#social-bar" ],
      "impact" : null,
      "any" : [ {
        "id" : "region",
        "impact" : "moderate",
        "message" : "All page content is contained by landmarks",
        "data" : {
          "isIframe" : false
        },
        "relatedNodes" : [ ]
      } ],
      "all" : [ ],
      "none" : [ ],
      "failureSummary" : null
    }, {
      "html" : "<div class=\"container\">",
      "target" : [ "#social-bar > .container" ],
      "impact" : null,
      "any" : [ {
        "id" : "region",
        "impact" : "moderate",
        "message" : "All page content is contained by landmarks",
        "data" : {
          "isIframe" : false
        },
        "relatedNodes" : [ ]
      } ],
      "all" : [ ],
      "none" : [ ],
      "failureSummary" : null
    }, {
      "html" : "<div id=\"social\" class=\"span12\">",
      "target" : [ "#social" ],
      "impact" : null,
      "any" : [ {
        "id" : "region",
        "impact" : "moderate",
        "message" : "All page content is contained by landmarks",
        "data" : {
          "isIframe" : false
        },
        "relatedNodes" : [ ]
      } ],
      "all" : [ ],
      "none" : [ ],
      "failureSummary" : null
    }, {
      "html" : "<ul>",
      "target" : [ "#social > ul" ],
      "impact" : null,
      "any" : [ {
        "id" : "region",
        "impact" : "moderate",
        "message" : "All page content is contained by landmarks",
        "data" : {
          "isIframe" : false
        },
        "relatedNodes" : [ ]
      } ],
      "all" : [ ],
      "none" : [ ],
      "failureSummary" : null
    }, {
      "html" : "<li class=\"social-facebook\">",
      "target" : [ ".social-facebook" ],
      "impact" : null,
      "any" : [ {
        "id" : "region",
        "impact" : "moderate",
        "message" : "All page content is contained by landmarks",
        "data" : {
          "isIframe" : false
        },
        "relatedNodes" : [ ]
      } ],
      "all" : [ ],
      "none" : [ ],
      "failureSummary" : null
    }, {
      "html" : "<div class=\"fb-like-box fb_iframe_widget\" data-href=\"http://www.facebook.com/\" data-width=\"292\" data-show-faces=\"false\" data-stream=\"false\" data-header=\"true\" fb-xfbml-state=\"rendered\">",
      "target" : [ ".fb-like-box" ],
      "impact" : null,
      "any" : [ {
        "id" : "region",
        "impact" : "moderate",
        "message" : "All page content is contained by landmarks",
        "data" : {
          "isIframe" : false
        },
        "relatedNodes" : [ ]
      } ],
      "all" : [ ],
      "none" : [ ],
      "failureSummary" : null
    }, {
      "html" : "<span style=\"height: 62px; width: 292px;\"><iframe id=\"fafbba78\" name=\"f2bc5e72d\" scrolling=\"no\" style=\"border: none; overflow: hidden; height: 62px; width: 292px;\" class=\"fb_ltr\" src=\"/assets/demo-sites/mars/js/likebox.html\"></iframe></span>",
      "target" : [ ".fb-like-box > span" ],
      "impact" : null,
      "any" : [ {
        "id" : "region",
        "impact" : "moderate",
        "message" : "All page content is contained by landmarks",
        "data" : {
          "isIframe" : false
        },
        "relatedNodes" : [ ]
      } ],
      "all" : [ ],
      "none" : [ ],
      "failureSummary" : null
    }, {
      "html" : "<iframe id=\"fafbba78\" name=\"f2bc5e72d\" scrolling=\"no\" style=\"border: none; overflow: hidden; height: 62px; width: 292px;\" class=\"fb_ltr\" src=\"/assets/demo-sites/mars/js/likebox.html\"></iframe>",
      "target" : [ "#fafbba78" ],
      "impact" : null,
      "any" : [ {
        "id" : "region",
        "impact" : "moderate",
        "message" : "All page content is contained by landmarks",
        "data" : {
          "isIframe" : true
        },
        "relatedNodes" : [ ]
      } ],
      "all" : [ ],
      "none" : [ ],
      "failureSummary" : null
    }, {
      "html" : "<div id=\"FB_HiddenContainer\" style=\"position:absolute; top:-10000px; width:0px; height:0px;\">\n</div>",
      "target" : [ "#fafbba78", "#FB_HiddenContainer" ],
      "impact" : null,
      "any" : [ {
        "id" : "region",
        "impact" : "moderate",
        "message" : "All page content is contained by landmarks",
        "data" : {
          "isIframe" : false
        },
        "relatedNodes" : [ ]
      } ],
      "all" : [ ],
      "none" : [ ],
      "failureSummary" : null
    }, {
      "html" : "<div class=\"pluginSkinLight\">",
      "target" : [ "#fafbba78", ".pluginSkinLight" ],
      "impact" : null,
      "any" : [ {
        "id" : "region",
        "impact" : "moderate",
        "message" : "All page content is contained by landmarks",
        "data" : {
          "isIframe" : false
        },
        "relatedNodes" : [ ]
      } ],
      "all" : [ ],
      "none" : [ ],
      "failureSummary" : null
    }, {
      "html" : "<div class=\"clearfix pam\" style=\"height: 68px\">",
      "target" : [ "#fafbba78", ".clearfix" ],
      "impact" : null,
      "any" : [ {
        "id" : "region",
        "impact" : "moderate",
        "message" : "All page content is contained by landmarks",
        "data" : {
          "isIframe" : false
        },
        "relatedNodes" : [ ]
      } ],
      "all" : [ ],
      "none" : [ ],
      "failureSummary" : null
    }, {
      "html" : "<div class=\"_8m _8u _42ef\">",
      "target" : [ "#fafbba78", "._8m" ],
      "impact" : null,
      "any" : [ {
        "id" : "region",
        "impact" : "moderate",
        "message" : "All page content is contained by landmarks",
        "data" : {
          "isIframe" : false
        },
        "relatedNodes" : [ ]
      } ],
      "all" : [ ],
      "none" : [ ],
      "failureSummary" : null
    }, {
      "html" : "<table class=\"uiGrid\" cellspacing=\"0\" cellpadding=\"0\">",
      "target" : [ "#fafbba78", "._8m > table" ],
      "impact" : null,
      "any" : [ {
        "id" : "region",
        "impact" : "moderate",
        "message" : "All page content is contained by landmarks",
        "data" : {
          "isIframe" : false
        },
        "relatedNodes" : [ ]
      } ],
      "all" : [ ],
      "none" : [ ],
      "failureSummary" : null
    }, {
      "html" : "<tbody>",
      "target" : [ "#fafbba78", "._8m > table > tbody" ],
      "impact" : null,
      "any" : [ {
        "id" : "region",
        "impact" : "moderate",
        "message" : "All page content is contained by landmarks",
        "data" : {
          "isIframe" : false
        },
        "relatedNodes" : [ ]
      } ],
      "all" : [ ],
      "none" : [ ],
      "failureSummary" : null
    }, {
      "html" : "<td><span class=\"fsl fwb\"><a href=\"../mars2.html\" target=\"_blank\">Mars Commuter Express</a></span></td>",
      "target" : [ "#fafbba78", "._8m > table > tbody > tr:nth-child(1) > td" ],
      "impact" : null,
      "any" : [ {
        "id" : "region",
        "impact" : "moderate",
        "message" : "All page content is contained by landmarks",
        "data" : {
          "isIframe" : false
        },
        "relatedNodes" : [ ]
      } ],
      "all" : [ ],
      "none" : [ ],
      "failureSummary" : null
    }, {
      "html" : "<span class=\"fsl fwb\"><a href=\"../mars2.html\" target=\"_blank\">Mars Commuter Express</a></span>",
      "target" : [ "#fafbba78", ".fsl" ],
      "impact" : null,
      "any" : [ {
        "id" : "region",
        "impact" : "moderate",
        "message" : "All page content is contained by landmarks",
        "data" : {
          "isIframe" : false
        },
        "relatedNodes" : [ ]
      } ],
      "all" : [ ],
      "none" : [ ],
      "failureSummary" : null
    }, {
      "html" : "<a href=\"../mars2.html\" target=\"_blank\">Mars Commuter Express</a>",
      "target" : [ "#fafbba78", ".fsl > a" ],
      "impact" : null,
      "any" : [ {
        "id" : "region",
        "impact" : "moderate",
        "message" : "All page content is contained by landmarks",
        "data" : {
          "isIframe" : false
        },
        "relatedNodes" : [ ]
      } ],
      "all" : [ ],
      "none" : [ ],
      "failureSummary" : null
    }, {
      "html" : "<tr>",
      "target" : [ "#fafbba78", "tr:nth-child(2)" ],
      "impact" : null,
      "any" : [ {
        "id" : "region",
        "impact" : "moderate",
        "message" : "All page content is contained by landmarks",
        "data" : {
          "isIframe" : false
        },
        "relatedNodes" : [ ]
      } ],
      "all" : [ ],
      "none" : [ ],
      "failureSummary" : null
    }, {
      "html" : "<td>",
      "target" : [ "#fafbba78", "tr:nth-child(2) > td" ],
      "impact" : null,
      "any" : [ {
        "id" : "region",
        "impact" : "moderate",
        "message" : "All page content is contained by landmarks",
        "data" : {
          "isIframe" : false
        },
        "relatedNodes" : [ ]
      } ],
      "all" : [ ],
      "none" : [ ],
      "failureSummary" : null
    }, {
      "html" : "<div class=\"pts\">",
      "target" : [ "#fafbba78", ".pts" ],
      "impact" : null,
      "any" : [ {
        "id" : "region",
        "impact" : "moderate",
        "message" : "All page content is contained by landmarks",
        "data" : {
          "isIframe" : false
        },
        "relatedNodes" : [ ]
      } ],
      "all" : [ ],
      "none" : [ ],
      "failureSummary" : null
    }, {
      "html" : "<table class=\"uiGrid\" cellspacing=\"0\" cellpadding=\"0\">",
      "target" : [ "#fafbba78", ".pts > table" ],
      "impact" : null,
      "any" : [ {
        "id" : "region",
        "impact" : "moderate",
        "message" : "All page content is contained by landmarks",
        "data" : {
          "isIframe" : false
        },
        "relatedNodes" : [ ]
      } ],
      "all" : [ ],
      "none" : [ ],
      "failureSummary" : null
    }, {
      "html" : "<tbody>",
      "target" : [ "#fafbba78", ".pts > table > tbody" ],
      "impact" : null,
      "any" : [ {
        "id" : "region",
        "impact" : "moderate",
        "message" : "All page content is contained by landmarks",
        "data" : {
          "isIframe" : false
        },
        "relatedNodes" : [ ]
      } ],
      "all" : [ ],
      "none" : [ ],
      "failureSummary" : null
    }, {
      "html" : "<tr>",
      "target" : [ "#fafbba78", ".pts > table > tbody > tr" ],
      "impact" : null,
      "any" : [ {
        "id" : "region",
        "impact" : "moderate",
        "message" : "All page content is contained by landmarks",
        "data" : {
          "isIframe" : false
        },
        "relatedNodes" : [ ]
      } ],
      "all" : [ ],
      "none" : [ ],
      "failureSummary" : null
    }, {
      "html" : "<td>",
      "target" : [ "#fafbba78", ".pts > table > tbody > tr > td:nth-child(1)" ],
      "impact" : null,
      "any" : [ {
        "id" : "region",
        "impact" : "moderate",
        "message" : "All page content is contained by landmarks",
        "data" : {
          "isIframe" : false
        },
        "relatedNodes" : [ ]
      } ],
      "all" : [ ],
      "none" : [ ],
      "failureSummary" : null
    }, {
      "html" : "<div>",
      "target" : [ "#fafbba78", ".pts > table > tbody > tr > td:nth-child(1) > div" ],
      "impact" : null,
      "any" : [ {
        "id" : "region",
        "impact" : "moderate",
        "message" : "All page content is contained by landmarks",
        "data" : {
          "isIframe" : false
        },
        "relatedNodes" : [ ]
      } ],
      "all" : [ ],
      "none" : [ ],
      "failureSummary" : null
    }, {
      "html" : "<form rel=\"async\" ajaxify=\"/plugins/likebox/connect\" method=\"post\" action=\"#\" id=\"u_0_0\">",
      "target" : [ "#fafbba78", "#u_0_0" ],
      "impact" : null,
      "any" : [ {
        "id" : "region",
        "impact" : "moderate",
        "message" : "All page content is contained by landmarks",
        "data" : {
          "isIframe" : false
        },
        "relatedNodes" : [ ]
      } ],
      "all" : [ ],
      "none" : [ ],
      "failureSummary" : null
    }, {
      "html" : "<div class=\"pluginConnectButton\">",
      "target" : [ "#fafbba78", ".pluginConnectButton" ],
      "impact" : null,
      "any" : [ {
        "id" : "region",
        "impact" : "moderate",
        "message" : "All page content is contained by landmarks",
        "data" : {
          "isIframe" : false
        },
        "relatedNodes" : [ ]
      } ],
      "all" : [ ],
      "none" : [ ],
      "failureSummary" : null
    }, {
      "html" : "<div class=\"pluginButton pluginConnectButtonDisconnected\" title=\"\"><div><button type=\"submit\"><i class=\"pluginButtonIcon img sp_like sx_like_thumb\"></i>Like</button></div></div>",
      "target" : [ "#fafbba78", ".pluginConnectButtonDisconnected" ],
      "impact" : null,
      "any" : [ {
        "id" : "region",
        "impact" : "moderate",
        "message" : "All page content is contained by landmarks",
        "data" : {
          "isIframe" : false
        },
        "relatedNodes" : [ ]
      } ],
      "all" : [ ],
      "none" : [ ],
      "failureSummary" : null
    }, {
      "html" : "<div><button type=\"submit\"><i class=\"pluginButtonIcon img sp_like sx_like_thumb\"></i>Like</button></div>",
      "target" : [ "#fafbba78", ".pluginConnectButtonDisconnected > div" ],
      "impact" : null,
      "any" : [ {
        "id" : "region",
        "impact" : "moderate",
        "message" : "All page content is contained by landmarks",
        "data" : {
          "isIframe" : false
        },
        "relatedNodes" : [ ]
      } ],
      "all" : [ ],
      "none" : [ ],
      "failureSummary" : null
    }, {
      "html" : "<button type=\"submit\"><i class=\"pluginButtonIcon img sp_like sx_like_thumb\"></i>Like</button>",
      "target" : [ "#fafbba78", ".pluginConnectButtonDisconnected > div > button" ],
      "impact" : null,
      "any" : [ {
        "id" : "region",
        "impact" : "moderate",
        "message" : "All page content is contained by landmarks",
        "data" : {
          "isIframe" : false
        },
        "relatedNodes" : [ ]
      } ],
      "all" : [ ],
      "none" : [ ],
      "failureSummary" : null
    }, {
      "html" : "<i class=\"pluginButtonIcon img sp_like sx_like_thumb\"></i>",
      "target" : [ "#fafbba78", ".sx_like_thumb" ],
      "impact" : null,
      "any" : [ {
        "id" : "region",
        "impact" : "moderate",
        "message" : "All page content is contained by landmarks",
        "data" : {
          "isIframe" : false
        },
        "relatedNodes" : [ ]
      } ],
      "all" : [ ],
      "none" : [ ],
      "failureSummary" : null
    }, {
      "html" : "<td class=\"pls\"><div><span class=\"hidden_elem\" id=\"u_0_1\">You like this.</span><span id=\"u_0_2\">378,121</span></div></td>",
      "target" : [ "#fafbba78", ".pls" ],
      "impact" : null,
      "any" : [ {
        "id" : "region",
        "impact" : "moderate",
        "message" : "All page content is contained by landmarks",
        "data" : {
          "isIframe" : false
        },
        "relatedNodes" : [ ]
      } ],
      "all" : [ ],
      "none" : [ ],
      "failureSummary" : null
    }, {
      "html" : "<div><span class=\"hidden_elem\" id=\"u_0_1\">You like this.</span><span id=\"u_0_2\">378,121</span></div>",
      "target" : [ "#fafbba78", ".pls > div" ],
      "impact" : null,
      "any" : [ {
        "id" : "region",
        "impact" : "moderate",
        "message" : "All page content is contained by landmarks",
        "data" : {
          "isIframe" : false
        },
        "relatedNodes" : [ ]
      } ],
      "all" : [ ],
      "none" : [ ],
      "failureSummary" : null
    }, {
      "html" : "<li class=\"social-twitter\">",
      "target" : [ ".social-twitter" ],
      "impact" : null,
      "any" : [ {
        "id" : "region",
        "impact" : "moderate",
        "message" : "All page content is contained by landmarks",
        "data" : {
          "isIframe" : false
        },
        "relatedNodes" : [ ]
      } ],
      "all" : [ ],
      "none" : [ ],
      "failureSummary" : null
    }, {
      "html" : "<iframe allowtransparency=\"true\" frameborder=\"0\" scrolling=\"no\" src=\"/assets/demo-sites/mars/js/follow_button.1363148939.html\" class=\"twitter-follow-button twitter-follow-button\" style=\"width: 154px; height: 28px;\" title=\"Twitter Follow Button\" data-twttr-rendered=\"true\"></iframe>",
      "target" : [ ".twitter-follow-button" ],
      "impact" : null,
      "any" : [ {
        "id" : "region",
        "impact" : "moderate",
        "message" : "All page content is contained by landmarks",
        "data" : {
          "isIframe" : true
        },
        "relatedNodes" : [ ]
      } ],
      "all" : [ ],
      "none" : [ ],
      "failureSummary" : null
    }, {
      "html" : "<div id=\"widget\">",
      "target" : [ ".twitter-follow-button", "#widget" ],
      "impact" : null,
      "any" : [ {
        "id" : "region",
        "impact" : "moderate",
        "message" : "All page content is contained by landmarks",
        "data" : {
          "isIframe" : false
        },
        "relatedNodes" : [ ]
      } ],
      "all" : [ ],
      "none" : [ ],
      "failureSummary" : null
    }, {
      "html" : "<a id=\"follow-button\" target=\"_blank\" class=\"btn\" title=\"Follow MarsCommuter on Twitter\" href=\"mars2.html\"><i></i><span class=\"label\" id=\"l\">Follow @MarsTrip1</span></a>",
      "target" : [ ".twitter-follow-button", "#follow-button" ],
      "impact" : null,
      "any" : [ {
        "id" : "region",
        "impact" : "moderate",
        "message" : "All page content is contained by landmarks",
        "data" : {
          "isIframe" : false
        },
        "relatedNodes" : [ ]
      } ],
      "all" : [ ],
      "none" : [ ],
      "failureSummary" : null
    }, {
      "html" : "<i></i>",
      "target" : [ ".twitter-follow-button", "#follow-button > i" ],
      "impact" : null,
      "any" : [ {
        "id" : "region",
        "impact" : "moderate",
        "message" : "All page content is contained by landmarks",
        "data" : {
          "isIframe" : false
        },
        "relatedNodes" : [ ]
      } ],
      "all" : [ ],
      "none" : [ ],
      "failureSummary" : null
    }, {
      "html" : "<span class=\"label\" id=\"l\">Follow @MarsTrip1</span>",
      "target" : [ ".twitter-follow-button", "#l" ],
      "impact" : null,
      "any" : [ {
        "id" : "region",
        "impact" : "moderate",
        "message" : "All page content is contained by landmarks",
        "data" : {
          "isIframe" : false
        },
        "relatedNodes" : [ ]
      } ],
      "all" : [ ],
      "none" : [ ],
      "failureSummary" : null
    }, {
      "html" : "<a href=\"mars2.html?a=marscommuter\" rel=\"author\" style=\"text-decoration:none;display:inline-block;color:#333;text-align:center; font:12px/13px arial,sans-serif;white-space:nowrap;\" target=\"_blank\">",
      "target" : [ "a[href=\"mars2.html?a=marscommuter\"]" ],
      "impact" : null,
      "any" : [ {
        "id" : "region",
        "impact" : "moderate",
        "message" : "All page content is contained by landmarks",
        "data" : {
          "isIframe" : false
        },
        "relatedNodes" : [ ]
      } ],
      "all" : [ ],
      "none" : [ ],
      "failureSummary" : null
    }, {
      "html" : "<div style=\"display:inline-block;font-weight:bold;vertical-align:top;margin-right:5px; margin-top:8px;\">MarsCommuter</div>",
      "target" : [ "a[href=\"mars2.html?a=marscommuter\"] > div:nth-child(1)" ],
      "impact" : null,
      "any" : [ {
        "id" : "region",
        "impact" : "moderate",
        "message" : "All page content is contained by landmarks",
        "data" : {
          "isIframe" : false
        },
        "relatedNodes" : [ ]
      } ],
      "all" : [ ],
      "none" : [ ],
      "failureSummary" : null
    }, {
      "html" : "<div style=\"display:inline-block;vertical-align:top;margin-right:0; margin-top:8px;\">&nbsp;</div>",
      "target" : [ "a[href=\"mars2.html?a=marscommuter\"] > div:nth-child(2)" ],
      "impact" : null,
      "any" : [ {
        "id" : "region",
        "impact" : "moderate",
        "message" : "All page content is contained by landmarks",
        "data" : {
          "isIframe" : false
        },
        "relatedNodes" : [ ]
      } ],
      "all" : [ ],
      "none" : [ ],
      "failureSummary" : null
    }, {
      "html" : "<img src=\"/assets/demo-sites/mars/images/gplus-32.png\" alt=\"Google+\" style=\"border:0;width:32px;height:32px;\">",
      "target" : [ "img[alt=\"Google+\"]" ],
      "impact" : null,
      "any" : [ {
        "id" : "region",
        "impact" : "moderate",
        "message" : "All page content is contained by landmarks",
        "data" : {
          "isIframe" : false
        },
        "relatedNodes" : [ ]
      } ],
      "all" : [ ],
      "none" : [ ],
      "failureSummary" : null
    }, {
      "html" : "<a href=\"mars2.html?a=\" class=\"social-icon\" title=\"MarsCommuter iPhone App\"> <em class=\"icon-social-iphone\" alt=\"Mars Commuter iPhone App\"></em> </a>",
      "target" : [ "a[title=\"MarsCommuter iPhone App\"]" ],
      "impact" : null,
      "any" : [ {
        "id" : "region",
        "impact" : "moderate",
        "message" : "All page content is contained by landmarks",
        "data" : {
          "isIframe" : false
        },
        "relatedNodes" : [ ]
      } ],
      "all" : [ ],
      "none" : [ ],
      "failureSummary" : null
    }, {
      "html" : "<em class=\"icon-social-iphone\" alt=\"Mars Commuter iPhone App\"></em>",
      "target" : [ ".icon-social-iphone" ],
      "impact" : null,
      "any" : [ {
        "id" : "region",
        "impact" : "moderate",
        "message" : "All page content is contained by landmarks",
        "data" : {
          "isIframe" : false
        },
        "relatedNodes" : [ ]
      } ],
      "all" : [ ],
      "none" : [ ],
      "failureSummary" : null
    }, {
      "html" : "<span class=\"socialbar-app-link\"> <a href=\"mars2.html?a=\" title=\"Mars Commuter iPhone App\" target=\"_blank\">Mars iPhone App</a> </span>",
      "target" : [ ".socialbar-app-link" ],
      "impact" : null,
      "any" : [ {
        "id" : "region",
        "impact" : "moderate",
        "message" : "All page content is contained by landmarks",
        "data" : {
          "isIframe" : false
        },
        "relatedNodes" : [ ]
      } ],
      "all" : [ ],
      "none" : [ ],
      "failureSummary" : null
    }, {
      "html" : "<a href=\"mars2.html?a=\" title=\"Mars Commuter iPhone App\" target=\"_blank\">Mars iPhone App</a>",
      "target" : [ "a[title=\"Mars Commuter iPhone App\"]" ],
      "impact" : null,
      "any" : [ {
        "id" : "region",
        "impact" : "moderate",
        "message" : "All page content is contained by landmarks",
        "data" : {
          "isIframe" : false
        },
        "relatedNodes" : [ ]
      } ],
      "all" : [ ],
      "none" : [ ],
      "failureSummary" : null
    }, {
      "html" : "<a href=\"mars2.html?a=join_conversation\" class=\"social-icon\" title=\"Join the Conversation\"> <em class=\"icon-social-community\" alt=\"Join the Conversation\"></em> </a>",
      "target" : [ "a[href=\"mars2.html?a=join_conversation\"]" ],
      "impact" : null,
      "any" : [ {
        "id" : "region",
        "impact" : "moderate",
        "message" : "All page content is contained by landmarks",
        "data" : {
          "isIframe" : false
        },
        "relatedNodes" : [ ]
      } ],
      "all" : [ ],
      "none" : [ ],
      "failureSummary" : null
    }, {
      "html" : "<em class=\"icon-social-community\" alt=\"Join the Conversation\"></em>",
      "target" : [ ".icon-social-community" ],
      "impact" : null,
      "any" : [ {
        "id" : "region",
        "impact" : "moderate",
        "message" : "All page content is contained by landmarks",
        "data" : {
          "isIframe" : false
        },
        "relatedNodes" : [ ]
      } ],
      "all" : [ ],
      "none" : [ ],
      "failureSummary" : null
    }, {
      "html" : "<span class=\"socialbar-community-link\"> <a href=\"mars2.html?a=\" title=\"Join the Conversation\" target=\"_blank\">Join the conversation and Interact with fellow travelers and MarsCommuter staff in our online community.</a> </span>",
      "target" : [ ".socialbar-community-link" ],
      "impact" : null,
      "any" : [ {
        "id" : "region",
        "impact" : "moderate",
        "message" : "All page content is contained by landmarks",
        "data" : {
          "isIframe" : false
        },
        "relatedNodes" : [ ]
      } ],
      "all" : [ ],
      "none" : [ ],
      "failureSummary" : null
    }, {
      "html" : "<a href=\"mars2.html?a=\" title=\"Join the Conversation\" target=\"_blank\">Join the conversation and Interact with fellow travelers and MarsCommuter staff in our online community.</a>",
      "target" : [ "a[title=\"Join the Conversation\"][target=\"_blank\"][href=\"mars2.html?a=\"]" ],
      "impact" : null,
      "any" : [ {
        "id" : "region",
        "impact" : "moderate",
        "message" : "All page content is contained by landmarks",
        "data" : {
          "isIframe" : false
        },
        "relatedNodes" : [ ]
      } ],
      "all" : [ ],
      "none" : [ ],
      "failureSummary" : null
    }, {
      "html" : "<div id=\"footer-multi-links\" class=\"container-fluid-full\">",
      "target" : [ "#footer-multi-links" ],
      "impact" : null,
      "any" : [ {
        "id" : "region",
        "impact" : "moderate",
        "message" : "All page content is contained by landmarks",
        "data" : {
          "isIframe" : false
        },
        "relatedNodes" : [ ]
      } ],
      "all" : [ ],
      "none" : [ ],
      "failureSummary" : null
    }, {
      "html" : "<div class=\"container\">",
      "target" : [ "#footer-multi-links > .container" ],
      "impact" : null,
      "any" : [ {
        "id" : "region",
        "impact" : "moderate",
        "message" : "All page content is contained by landmarks",
        "data" : {
          "isIframe" : false
        },
        "relatedNodes" : [ ]
      } ],
      "all" : [ ],
      "none" : [ ],
      "failureSummary" : null
    }, {
      "html" : "<div id=\"footer-book\" class=\"span2 left-first\">",
      "target" : [ "#footer-book" ],
      "impact" : null,
      "any" : [ {
        "id" : "region",
        "impact" : "moderate",
        "message" : "All page content is contained by landmarks",
        "data" : {
          "isIframe" : false
        },
        "relatedNodes" : [ ]
      } ],
      "all" : [ ],
      "none" : [ ],
      "failureSummary" : null
    }, {
      "html" : "<nav></nav>",
      "target" : [ "#footer-book > nav" ],
      "impact" : null,
      "any" : [ {
        "id" : "region",
        "impact" : "moderate",
        "message" : "All page content is contained by landmarks",
        "data" : {
          "isIframe" : false
        },
        "relatedNodes" : [ ]
      } ],
      "all" : [ ],
      "none" : [ ],
      "failureSummary" : null
    }, {
      "html" : "<li><a href=\"mars2.html?a=fares_and_schedules\">Find Fares &amp; Schedules<br>\n </a></li>",
      "target" : [ "#footer-book > ul > li:nth-child(1)" ],
      "impact" : null,
      "any" : [ {
        "id" : "region",
        "impact" : "moderate",
        "message" : "All page content is contained by landmarks",
        "data" : {
          "isIframe" : false
        },
        "relatedNodes" : [ ]
      } ],
      "all" : [ ],
      "none" : [ ],
      "failureSummary" : null
    }, {
      "html" : "<a href=\"mars2.html?a=fares_and_schedules\">Find Fares &amp; Schedules<br>\n </a>",
      "target" : [ "#footer-book > ul > li:nth-child(1) > a" ],
      "impact" : null,
      "any" : [ {
        "id" : "region",
        "impact" : "moderate",
        "message" : "All page content is contained by landmarks",
        "data" : {
          "isIframe" : false
        },
        "relatedNodes" : [ ]
      } ],
      "all" : [ ],
      "none" : [ ],
      "failureSummary" : null
    }, {
      "html" : "<br>",
      "target" : [ "li:nth-child(1) > a > br" ],
      "impact" : null,
      "any" : [ {
        "id" : "region",
        "impact" : "moderate",
        "message" : "All page content is contained by landmarks",
        "data" : {
          "isIframe" : false
        },
        "relatedNodes" : [ ]
      } ],
      "all" : [ ],
      "none" : [ ],
      "failureSummary" : null
    }, {
      "html" : "<li><a href=\"mars2.html?a=find_mars_passes\">Find Mars Passes</a> </li>",
      "target" : [ "#footer-book > ul > li:nth-child(2)" ],
      "impact" : null,
      "any" : [ {
        "id" : "region",
        "impact" : "moderate",
        "message" : "All page content is contained by landmarks",
        "data" : {
          "isIframe" : false
        },
        "relatedNodes" : [ ]
      } ],
      "all" : [ ],
      "none" : [ ],
      "failureSummary" : null
    }, {
      "html" : "<a href=\"mars2.html?a=find_mars_passes\">Find Mars Passes</a>",
      "target" : [ "a[href=\"mars2.html?a=find_mars_passes\"]" ],
      "impact" : null,
      "any" : [ {
        "id" : "region",
        "impact" : "moderate",
        "message" : "All page content is contained by landmarks",
        "data" : {
          "isIframe" : false
        },
        "relatedNodes" : [ ]
      } ],
      "all" : [ ],
      "none" : [ ],
      "failureSummary" : null
    }, {
      "html" : "<li><a href=\"mars2.html?a=find_activities\">Find Activities</a> </li>",
      "target" : [ "#footer-book > ul > li:nth-child(3)" ],
      "impact" : null,
      "any" : [ {
        "id" : "region",
        "impact" : "moderate",
        "message" : "All page content is contained by landmarks",
        "data" : {
          "isIframe" : false
        },
        "relatedNodes" : [ ]
      } ],
      "all" : [ ],
      "none" : [ ],
      "failureSummary" : null
    }, {
      "html" : "<a href=\"mars2.html?a=find_activities\">Find Activities</a>",
      "target" : [ "a[href=\"mars2.html?a=find_activities\"]" ],
      "impact" : null,
      "any" : [ {
        "id" : "region",
        "impact" : "moderate",
        "message" : "All page content is contained by landmarks",
        "data" : {
          "isIframe" : false
        },
        "relatedNodes" : [ ]
      } ],
      "all" : [ ],
      "none" : [ ],
      "failureSummary" : null
    }, {
      "html" : "<li><a href=\"mars2.html?a=book_reservations\">Book Reservations</a> </li>",
      "target" : [ "#footer-book > ul > li:nth-child(4)" ],
      "impact" : null,
      "any" : [ {
        "id" : "region",
        "impact" : "moderate",
        "message" : "All page content is contained by landmarks",
        "data" : {
          "isIframe" : false
        },
        "relatedNodes" : [ ]
      } ],
      "all" : [ ],
      "none" : [ ],
      "failureSummary" : null
    }, {
      "html" : "<a href=\"mars2.html?a=book_reservations\">Book Reservations</a>",
      "target" : [ "a[href=\"mars2.html?a=book_reservations\"]" ],
      "impact" : null,
      "any" : [ {
        "id" : "region",
        "impact" : "moderate",
        "message" : "All page content is contained by landmarks",
        "data" : {
          "isIframe" : false
        },
        "relatedNodes" : [ ]
      } ],
      "all" : [ ],
      "none" : [ ],
      "failureSummary" : null
    }, {
      "html" : "<li><a href=\"mars2.html?a=view_rocket_pass_listing\">View Rocket Pass Listing<br>\n </a></li>",
      "target" : [ "#footer-book > ul > li:nth-child(5)" ],
      "impact" : null,
      "any" : [ {
        "id" : "region",
        "impact" : "moderate",
        "message" : "All page content is contained by landmarks",
        "data" : {
          "isIframe" : false
        },
        "relatedNodes" : [ ]
      } ],
      "all" : [ ],
      "none" : [ ],
      "failureSummary" : null
    }, {
      "html" : "<a href=\"mars2.html?a=view_rocket_pass_listing\">View Rocket Pass Listing<br>\n </a>",
      "target" : [ "#footer-book > ul > li:nth-child(5) > a" ],
      "impact" : null,
      "any" : [ {
        "id" : "region",
        "impact" : "moderate",
        "message" : "All page content is contained by landmarks",
        "data" : {
          "isIframe" : false
        },
        "relatedNodes" : [ ]
      } ],
      "all" : [ ],
      "none" : [ ],
      "failureSummary" : null
    }, {
      "html" : "<br>",
      "target" : [ "li:nth-child(5) > a > br" ],
      "impact" : null,
      "any" : [ {
        "id" : "region",
        "impact" : "moderate",
        "message" : "All page content is contained by landmarks",
        "data" : {
          "isIframe" : false
        },
        "relatedNodes" : [ ]
      } ],
      "all" : [ ],
      "none" : [ ],
      "failureSummary" : null
    }, {
      "html" : "<div id=\"footer-trains\" class=\"span2\">",
      "target" : [ "#footer-trains" ],
      "impact" : null,
      "any" : [ {
        "id" : "region",
        "impact" : "moderate",
        "message" : "All page content is contained by landmarks",
        "data" : {
          "isIframe" : false
        },
        "relatedNodes" : [ ]
      } ],
      "all" : [ ],
      "none" : [ ],
      "failureSummary" : null
    }, {
      "html" : "<nav></nav>",
      "target" : [ "#footer-trains > nav" ],
      "impact" : null,
      "any" : [ {
        "id" : "region",
        "impact" : "moderate",
        "message" : "All page content is contained by landmarks",
        "data" : {
          "isIframe" : false
        },
        "relatedNodes" : [ ]
      } ],
      "all" : [ ],
      "none" : [ ],
      "failureSummary" : null
    }, {
      "html" : "<li><a href=\"mars2.html?a=marstar\">MarsStar</a> </li>",
      "target" : [ "#footer-trains > ul > li:nth-child(1)" ],
      "impact" : null,
      "any" : [ {
        "id" : "region",
        "impact" : "moderate",
        "message" : "All page content is contained by landmarks",
        "data" : {
          "isIframe" : false
        },
        "relatedNodes" : [ ]
      } ],
      "all" : [ ],
      "none" : [ ],
      "failureSummary" : null
    }, {
      "html" : "<a href=\"mars2.html?a=marstar\">MarsStar</a>",
      "target" : [ "a[href=\"mars2.html?a=marstar\"]" ],
      "impact" : null,
      "any" : [ {
        "id" : "region",
        "impact" : "moderate",
        "message" : "All page content is contained by landmarks",
        "data" : {
          "isIframe" : false
        },
        "relatedNodes" : [ ]
      } ],
      "all" : [ ],
      "none" : [ ],
      "failureSummary" : null
    }, {
      "html" : "<li><a href=\"mars2.html?a=blast_off_uranus\">Blast off Uranus</a> </li>",
      "target" : [ "#footer-trains > ul > li:nth-child(2)" ],
      "impact" : null,
      "any" : [ {
        "id" : "region",
        "impact" : "moderate",
        "message" : "All page content is contained by landmarks",
        "data" : {
          "isIframe" : false
        },
        "relatedNodes" : [ ]
      } ],
      "all" : [ ],
      "none" : [ ],
      "failureSummary" : null
    }, {
      "html" : "<a href=\"mars2.html?a=blast_off_uranus\">Blast off Uranus</a>",
      "target" : [ "a[href=\"mars2.html?a=blast_off_uranus\"]" ],
      "impact" : null,
      "any" : [ {
        "id" : "region",
        "impact" : "moderate",
        "message" : "All page content is contained by landmarks",
        "data" : {
          "isIframe" : false
        },
        "relatedNodes" : [ ]
      } ],
      "all" : [ ],
      "none" : [ ],
      "failureSummary" : null
    }, {
      "html" : "<li><a href=\"mars2.html?a=red_planet_janet\">Red Planet Janet</a> </li>",
      "target" : [ "#footer-trains > ul > li:nth-child(3)" ],
      "impact" : null,
      "any" : [ {
        "id" : "region",
        "impact" : "moderate",
        "message" : "All page content is contained by landmarks",
        "data" : {
          "isIframe" : false
        },
        "relatedNodes" : [ ]
      } ],
      "all" : [ ],
      "none" : [ ],
      "failureSummary" : null
    }, {
      "html" : "<a href=\"mars2.html?a=red_planet_janet\">Red Planet Janet</a>",
      "target" : [ "a[href=\"mars2.html?a=red_planet_janet\"]" ],
      "impact" : null,
      "any" : [ {
        "id" : "region",
        "impact" : "moderate",
        "message" : "All page content is contained by landmarks",
        "data" : {
          "isIframe" : false
        },
        "relatedNodes" : [ ]
      } ],
      "all" : [ ],
      "none" : [ ],
      "failureSummary" : null
    }, {
      "html" : "<li><a href=\"mars2.html?a=the_martianic\">The Martianic</a> </li>",
      "target" : [ "#footer-trains > ul > li:nth-child(4)" ],
      "impact" : null,
      "any" : [ {
        "id" : "region",
        "impact" : "moderate",
        "message" : "All page content is contained by landmarks",
        "data" : {
          "isIframe" : false
        },
        "relatedNodes" : [ ]
      } ],
      "all" : [ ],
      "none" : [ ],
      "failureSummary" : null
    }, {
      "html" : "<a href=\"mars2.html?a=the_martianic\">The Martianic</a>",
      "target" : [ "a[href=\"mars2.html?a=the_martianic\"]" ],
      "impact" : null,
      "any" : [ {
        "id" : "region",
        "impact" : "moderate",
        "message" : "All page content is contained by landmarks",
        "data" : {
          "isIframe" : false
        },
        "relatedNodes" : [ ]
      } ],
      "all" : [ ],
      "none" : [ ],
      "failureSummary" : null
    }, {
      "html" : "<li><a href=\"mars2.html?a=hal\">Hal</a> </li>",
      "target" : [ "#footer-trains > ul > li:nth-child(5)" ],
      "impact" : null,
      "any" : [ {
        "id" : "region",
        "impact" : "moderate",
        "message" : "All page content is contained by landmarks",
        "data" : {
          "isIframe" : false
        },
        "relatedNodes" : [ ]
      } ],
      "all" : [ ],
      "none" : [ ],
      "failureSummary" : null
    }, {
      "html" : "<a href=\"mars2.html?a=hal\">Hal</a>",
      "target" : [ "a[href=\"mars2.html?a=hal\"]" ],
      "impact" : null,
      "any" : [ {
        "id" : "region",
        "impact" : "moderate",
        "message" : "All page content is contained by landmarks",
        "data" : {
          "isIframe" : false
        },
        "relatedNodes" : [ ]
      } ],
      "all" : [ ],
      "none" : [ ],
      "failureSummary" : null
    }, {
      "html" : "<div id=\"footer-passes\" class=\"span2\">",
      "target" : [ "#footer-passes" ],
      "impact" : null,
      "any" : [ {
        "id" : "region",
        "impact" : "moderate",
        "message" : "All page content is contained by landmarks",
        "data" : {
          "isIframe" : false
        },
        "relatedNodes" : [ ]
      } ],
      "all" : [ ],
      "none" : [ ],
      "failureSummary" : null
    }, {
      "html" : "<nav></nav>",
      "target" : [ "#footer-passes > nav" ],
      "impact" : null,
      "any" : [ {
        "id" : "region",
        "impact" : "moderate",
        "message" : "All page content is contained by landmarks",
        "data" : {
          "isIframe" : false
        },
        "relatedNodes" : [ ]
      } ],
      "all" : [ ],
      "none" : [ ],
      "failureSummary" : null
    }, {
      "html" : "<li><a href=\"mars2.html?a=polar_cap_pass\">Polar Cap Pass</a> </li>",
      "target" : [ "#footer-passes > ul > li:nth-child(1)" ],
      "impact" : null,
      "any" : [ {
        "id" : "region",
        "impact" : "moderate",
        "message" : "All page content is contained by landmarks",
        "data" : {
          "isIframe" : false
        },
        "relatedNodes" : [ ]
      } ],
      "all" : [ ],
      "none" : [ ],
      "failureSummary" : null
    }, {
      "html" : "<a href=\"mars2.html?a=polar_cap_pass\">Polar Cap Pass</a>",
      "target" : [ "a[href=\"mars2.html?a=polar_cap_pass\"]" ],
      "impact" : null,
      "any" : [ {
        "id" : "region",
        "impact" : "moderate",
        "message" : "All page content is contained by landmarks",
        "data" : {
          "isIframe" : false
        },
        "relatedNodes" : [ ]
      } ],
      "all" : [ ],
      "none" : [ ],
      "failureSummary" : null
    }, {
      "html" : "<li><a href=\"mars2.html?a=greater_crater_pass\">Greater Crater Pass</a> </li>",
      "target" : [ "#footer-passes > ul > li:nth-child(2)" ],
      "impact" : null,
      "any" : [ {
        "id" : "region",
        "impact" : "moderate",
        "message" : "All page content is contained by landmarks",
        "data" : {
          "isIframe" : false
        },
        "relatedNodes" : [ ]
      } ],
      "all" : [ ],
      "none" : [ ],
      "failureSummary" : null
    }, {
      "html" : "<a href=\"mars2.html?a=greater_crater_pass\">Greater Crater Pass</a>",
      "target" : [ "#footer-passes > ul > li:nth-child(2) > a" ],
      "impact" : null,
      "any" : [ {
        "id" : "region",
        "impact" : "moderate",
        "message" : "All page content is contained by landmarks",
        "data" : {
          "isIframe" : false
        },
        "relatedNodes" : [ ]
      } ],
      "all" : [ ],
      "none" : [ ],
      "failureSummary" : null
    }, {
      "html" : "<li><a href=\"mars2.html?a=orbital_pass\">Orbital Pass</a> </li>",
      "target" : [ "#footer-passes > ul > li:nth-child(3)" ],
      "impact" : null,
      "any" : [ {
        "id" : "region",
        "impact" : "moderate",
        "message" : "All page content is contained by landmarks",
        "data" : {
          "isIframe" : false
        },
        "relatedNodes" : [ ]
      } ],
      "all" : [ ],
      "none" : [ ],
      "failureSummary" : null
    }, {
      "html" : "<a href=\"mars2.html?a=orbital_pass\">Orbital Pass</a>",
      "target" : [ "a[href=\"mars2.html?a=orbital_pass\"]" ],
      "impact" : null,
      "any" : [ {
        "id" : "region",
        "impact" : "moderate",
        "message" : "All page content is contained by landmarks",
        "data" : {
          "isIframe" : false
        },
        "relatedNodes" : [ ]
      } ],
      "all" : [ ],
      "none" : [ ],
      "failureSummary" : null
    }, {
      "html" : "<li><a href=\"mars2.html?a=orbital_select_pass\">Orbital Select Pass</a> </li>",
      "target" : [ "#footer-passes > ul > li:nth-child(4)" ],
      "impact" : null,
      "any" : [ {
        "id" : "region",
        "impact" : "moderate",
        "message" : "All page content is contained by landmarks",
        "data" : {
          "isIframe" : false
        },
        "relatedNodes" : [ ]
      } ],
      "all" : [ ],
      "none" : [ ],
      "failureSummary" : null
    }, {
      "html" : "<a href=\"mars2.html?a=orbital_select_pass\">Orbital Select Pass</a>",
      "target" : [ "#footer-passes > ul > li:nth-child(4) > a" ],
      "impact" : null,
      "any" : [ {
        "id" : "region",
        "impact" : "moderate",
        "message" : "All page content is contained by landmarks",
        "data" : {
          "isIframe" : false
        },
        "relatedNodes" : [ ]
      } ],
      "all" : [ ],
      "none" : [ ],
      "failureSummary" : null
    }, {
      "html" : "<li><a href=\"mars2.html?amulti_planet_pass=\">Multi-Planet Pass</a> </li>",
      "target" : [ "#footer-passes > ul > li:nth-child(5)" ],
      "impact" : null,
      "any" : [ {
        "id" : "region",
        "impact" : "moderate",
        "message" : "All page content is contained by landmarks",
        "data" : {
          "isIframe" : false
        },
        "relatedNodes" : [ ]
      } ],
      "all" : [ ],
      "none" : [ ],
      "failureSummary" : null
    }, {
      "html" : "<a href=\"mars2.html?amulti_planet_pass=\">Multi-Planet Pass</a>",
      "target" : [ "a[href=\"mars2.html?amulti_planet_pass=\"]" ],
      "impact" : null,
      "any" : [ {
        "id" : "region",
        "impact" : "moderate",
        "message" : "All page content is contained by landmarks",
        "data" : {
          "isIframe" : false
        },
        "relatedNodes" : [ ]
      } ],
      "all" : [ ],
      "none" : [ ],
      "failureSummary" : null
    }, {
      "html" : "<div id=\"footer-plan\" class=\"span2\">",
      "target" : [ "#footer-plan" ],
      "impact" : null,
      "any" : [ {
        "id" : "region",
        "impact" : "moderate",
        "message" : "All page content is contained by landmarks",
        "data" : {
          "isIframe" : false
        },
        "relatedNodes" : [ ]
      } ],
      "all" : [ ],
      "none" : [ ],
      "failureSummary" : null
    }, {
      "html" : "<nav></nav>",
      "target" : [ "#footer-plan > nav" ],
      "impact" : null,
      "any" : [ {
        "id" : "region",
        "impact" : "moderate",
        "message" : "All page content is contained by landmarks",
        "data" : {
          "isIframe" : false
        },
        "relatedNodes" : [ ]
      } ],
      "all" : [ ],
      "none" : [ ],
      "failureSummary" : null
    }, {
      "html" : "<li><a href=\"mars2.html?a=martian_canali_quest\">Martian Canali Quest</a> </li>",
      "target" : [ "#footer-plan > ul > li:nth-child(1)" ],
      "impact" : null,
      "any" : [ {
        "id" : "region",
        "impact" : "moderate",
        "message" : "All page content is contained by landmarks",
        "data" : {
          "isIframe" : false
        },
        "relatedNodes" : [ ]
      } ],
      "all" : [ ],
      "none" : [ ],
      "failureSummary" : null
    }, {
      "html" : "<a href=\"mars2.html?a=martian_canali_quest\">Martian Canali Quest</a>",
      "target" : [ "#footer-plan > ul > li:nth-child(1) > a" ],
      "impact" : null,
      "any" : [ {
        "id" : "region",
        "impact" : "moderate",
        "message" : "All page content is contained by landmarks",
        "data" : {
          "isIframe" : false
        },
        "relatedNodes" : [ ]
      } ],
      "all" : [ ],
      "none" : [ ],
      "failureSummary" : null
    }, {
      "html" : "<li><a href=\"mars2.html?a=nanedi_valles_hiking_treks\">Nanedi Valles Hiking Treks</a> </li>",
      "target" : [ "#footer-plan > ul > li:nth-child(2)" ],
      "impact" : null,
      "any" : [ {
        "id" : "region",
        "impact" : "moderate",
        "message" : "All page content is contained by landmarks",
        "data" : {
          "isIframe" : false
        },
        "relatedNodes" : [ ]
      } ],
      "all" : [ ],
      "none" : [ ],
      "failureSummary" : null
    }, {
      "html" : "<a href=\"mars2.html?a=nanedi_valles_hiking_treks\">Nanedi Valles Hiking Treks</a>",
      "target" : [ "#footer-plan > ul > li:nth-child(2) > a" ],
      "impact" : null,
      "any" : [ {
        "id" : "region",
        "impact" : "moderate",
        "message" : "All page content is contained by landmarks",
        "data" : {
          "isIframe" : false
        },
        "relatedNodes" : [ ]
      } ],
      "all" : [ ],
      "none" : [ ],
      "failureSummary" : null
    }, {
      "html" : "<li><a href=\"mars2.html?a=phobos_observatory\">Phobos observatory</a> </li>",
      "target" : [ "#footer-plan > ul > li:nth-child(3)" ],
      "impact" : null,
      "any" : [ {
        "id" : "region",
        "impact" : "moderate",
        "message" : "All page content is contained by landmarks",
        "data" : {
          "isIframe" : false
        },
        "relatedNodes" : [ ]
      } ],
      "all" : [ ],
      "none" : [ ],
      "failureSummary" : null
    }, {
      "html" : "<a href=\"mars2.html?a=phobos_observatory\">Phobos observatory</a>",
      "target" : [ "#footer-plan > ul > li:nth-child(3) > a" ],
      "impact" : null,
      "any" : [ {
        "id" : "region",
        "impact" : "moderate",
        "message" : "All page content is contained by landmarks",
        "data" : {
          "isIframe" : false
        },
        "relatedNodes" : [ ]
      } ],
      "all" : [ ],
      "none" : [ ],
      "failureSummary" : null
    }, {
      "html" : "<li><a href=\"mars2.html?a=?paragliding_over_gusev_crater\">Paragliding over Gusev Crater</a> </li>",
      "target" : [ "#footer-plan > ul > li:nth-child(4)" ],
      "impact" : null,
      "any" : [ {
        "id" : "region",
        "impact" : "moderate",
        "message" : "All page content is contained by landmarks",
        "data" : {
          "isIframe" : false
        },
        "relatedNodes" : [ ]
      } ],
      "all" : [ ],
      "none" : [ ],
      "failureSummary" : null
    }, {
      "html" : "<a href=\"mars2.html?a=?paragliding_over_gusev_crater\">Paragliding over Gusev Crater</a>",
      "target" : [ "#footer-plan > ul > li:nth-child(4) > a" ],
      "impact" : null,
      "any" : [ {
        "id" : "region",
        "impact" : "moderate",
        "message" : "All page content is contained by landmarks",
        "data" : {
          "isIframe" : false
        },
        "relatedNodes" : [ ]
      } ],
      "all" : [ ],
      "none" : [ ],
      "failureSummary" : null
    }, {
      "html" : "<li><a href=\"mars2.html?a=mars_dust_wrestling\">Mars dust wrestling</a> </li>",
      "target" : [ "#footer-plan > ul > li:nth-child(5)" ],
      "impact" : null,
      "any" : [ {
        "id" : "region",
        "impact" : "moderate",
        "message" : "All page content is contained by landmarks",
        "data" : {
          "isIframe" : false
        },
        "relatedNodes" : [ ]
      } ],
      "all" : [ ],
      "none" : [ ],
      "failureSummary" : null
    }, {
      "html" : "<a href=\"mars2.html?a=mars_dust_wrestling\">Mars dust wrestling</a>",
      "target" : [ "#footer-plan > ul > li:nth-child(5) > a" ],
      "impact" : null,
      "any" : [ {
        "id" : "region",
        "impact" : "moderate",
        "message" : "All page content is contained by landmarks",
        "data" : {
          "isIframe" : false
        },
        "relatedNodes" : [ ]
      } ],
      "all" : [ ],
      "none" : [ ],
      "failureSummary" : null
    }, {
      "html" : "<div id=\"footer-faq\" class=\"span2\">",
      "target" : [ "#footer-faq" ],
      "impact" : null,
      "any" : [ {
        "id" : "region",
        "impact" : "moderate",
        "message" : "All page content is contained by landmarks",
        "data" : {
          "isIframe" : false
        },
        "relatedNodes" : [ ]
      } ],
      "all" : [ ],
      "none" : [ ],
      "failureSummary" : null
    }, {
      "html" : "<nav></nav>",
      "target" : [ "#footer-faq > nav" ],
      "impact" : null,
      "any" : [ {
        "id" : "region",
        "impact" : "moderate",
        "message" : "All page content is contained by landmarks",
        "data" : {
          "isIframe" : false
        },
        "relatedNodes" : [ ]
      } ],
      "all" : [ ],
      "none" : [ ],
      "failureSummary" : null
    }, {
      "html" : "<li><a href=\"mars2.html?a=track_flight\">Track Flight</a> </li>",
      "target" : [ "#footer-faq > ul > li:nth-child(1)" ],
      "impact" : null,
      "any" : [ {
        "id" : "region",
        "impact" : "moderate",
        "message" : "All page content is contained by landmarks",
        "data" : {
          "isIframe" : false
        },
        "relatedNodes" : [ ]
      } ],
      "all" : [ ],
      "none" : [ ],
      "failureSummary" : null
    }, {
      "html" : "<a href=\"mars2.html?a=track_flight\">Track Flight</a>",
      "target" : [ "a[href=\"mars2.html?a=track_flight\"]" ],
      "impact" : null,
      "any" : [ {
        "id" : "region",
        "impact" : "moderate",
        "message" : "All page content is contained by landmarks",
        "data" : {
          "isIframe" : false
        },
        "relatedNodes" : [ ]
      } ],
      "all" : [ ],
      "none" : [ ],
      "failureSummary" : null
    }, {
      "html" : "<li><a href=\"mars2.html?a=exchanges_refunds\">Exchanges &amp; Refunds</a> </li>",
      "target" : [ "#footer-faq > ul > li:nth-child(2)" ],
      "impact" : null,
      "any" : [ {
        "id" : "region",
        "impact" : "moderate",
        "message" : "All page content is contained by landmarks",
        "data" : {
          "isIframe" : false
        },
        "relatedNodes" : [ ]
      } ],
      "all" : [ ],
      "none" : [ ],
      "failureSummary" : null
    }, {
      "html" : "<a href=\"mars2.html?a=exchanges_refunds\">Exchanges &amp; Refunds</a>",
      "target" : [ "a[href=\"mars2.html?a=exchanges_refunds\"]" ],
      "impact" : null,
      "any" : [ {
        "id" : "region",
        "impact" : "moderate",
        "message" : "All page content is contained by landmarks",
        "data" : {
          "isIframe" : false
        },
        "relatedNodes" : [ ]
      } ],
      "all" : [ ],
      "none" : [ ],
      "failureSummary" : null
    }, {
      "html" : "<li><a href=\"mars2.html?a=e_tickets\">E-tickets</a> </li>",
      "target" : [ "#footer-faq > ul > li:nth-child(3)" ],
      "impact" : null,
      "any" : [ {
        "id" : "region",
        "impact" : "moderate",
        "message" : "All page content is contained by landmarks",
        "data" : {
          "isIframe" : false
        },
        "relatedNodes" : [ ]
      } ],
      "all" : [ ],
      "none" : [ ],
      "failureSummary" : null
    }, {
      "html" : "<a href=\"mars2.html?a=e_tickets\">E-tickets</a>",
      "target" : [ "a[href=\"mars2.html?a=e_tickets\"]" ],
      "impact" : null,
      "any" : [ {
        "id" : "region",
        "impact" : "moderate",
        "message" : "All page content is contained by landmarks",
        "data" : {
          "isIframe" : false
        },
        "relatedNodes" : [ ]
      } ],
      "all" : [ ],
      "none" : [ ],
      "failureSummary" : null
    }, {
      "html" : "<li><a href=\"mars2.html?a=delivery_options\">Delivery Options</a> </li>",
      "target" : [ "#footer-faq > ul > li:nth-child(4)" ],
      "impact" : null,
      "any" : [ {
        "id" : "region",
        "impact" : "moderate",
        "message" : "All page content is contained by landmarks",
        "data" : {
          "isIframe" : false
        },
        "relatedNodes" : [ ]
      } ],
      "all" : [ ],
      "none" : [ ],
      "failureSummary" : null
    }, {
      "html" : "<a href=\"mars2.html?a=delivery_options\">Delivery Options</a>",
      "target" : [ "a[href=\"mars2.html?a=delivery_options\"]" ],
      "impact" : null,
      "any" : [ {
        "id" : "region",
        "impact" : "moderate",
        "message" : "All page content is contained by landmarks",
        "data" : {
          "isIframe" : false
        },
        "relatedNodes" : [ ]
      } ],
      "all" : [ ],
      "none" : [ ],
      "failureSummary" : null
    }, {
      "html" : "<li><a href=\"mars2.html?a=help\">Help</a> </li>",
      "target" : [ "#footer-faq > ul > li:nth-child(5)" ],
      "impact" : null,
      "any" : [ {
        "id" : "region",
        "impact" : "moderate",
        "message" : "All page content is contained by landmarks",
        "data" : {
          "isIframe" : false
        },
        "relatedNodes" : [ ]
      } ],
      "all" : [ ],
      "none" : [ ],
      "failureSummary" : null
    }, {
      "html" : "<a href=\"mars2.html?a=help\">Help</a>",
      "target" : [ "#footer-faq > ul > li:nth-child(5) > a[href=\"mars2.html?a=help\"]" ],
      "impact" : null,
      "any" : [ {
        "id" : "region",
        "impact" : "moderate",
        "message" : "All page content is contained by landmarks",
        "data" : {
          "isIframe" : false
        },
        "relatedNodes" : [ ]
      } ],
      "all" : [ ],
      "none" : [ ],
      "failureSummary" : null
    }, {
      "html" : "<div id=\"footer-connect\" class=\"span2\">",
      "target" : [ "#footer-connect" ],
      "impact" : null,
      "any" : [ {
        "id" : "region",
        "impact" : "moderate",
        "message" : "All page content is contained by landmarks",
        "data" : {
          "isIframe" : false
        },
        "relatedNodes" : [ ]
      } ],
      "all" : [ ],
      "none" : [ ],
      "failureSummary" : null
    }, {
      "html" : "<nav></nav>",
      "target" : [ "#footer-connect > nav" ],
      "impact" : null,
      "any" : [ {
        "id" : "region",
        "impact" : "moderate",
        "message" : "All page content is contained by landmarks",
        "data" : {
          "isIframe" : false
        },
        "relatedNodes" : [ ]
      } ],
      "all" : [ ],
      "none" : [ ],
      "failureSummary" : null
    }, {
      "html" : "<li><a href=\"mars2.html?a=contact_us\">Contact Us</a> </li>",
      "target" : [ "#footer-connect > ul > li:nth-child(1)" ],
      "impact" : null,
      "any" : [ {
        "id" : "region",
        "impact" : "moderate",
        "message" : "All page content is contained by landmarks",
        "data" : {
          "isIframe" : false
        },
        "relatedNodes" : [ ]
      } ],
      "all" : [ ],
      "none" : [ ],
      "failureSummary" : null
    }, {
      "html" : "<a href=\"mars2.html?a=contact_us\">Contact Us</a>",
      "target" : [ "li:nth-child(1) > a[href=\"mars2.html?a=contact_us\"]" ],
      "impact" : null,
      "any" : [ {
        "id" : "region",
        "impact" : "moderate",
        "message" : "All page content is contained by landmarks",
        "data" : {
          "isIframe" : false
        },
        "relatedNodes" : [ ]
      } ],
      "all" : [ ],
      "none" : [ ],
      "failureSummary" : null
    }, {
      "html" : "<li><a href=\"mars2.html?a=about_us\">About Us</a> </li>",
      "target" : [ "#footer-connect > ul > li:nth-child(2)" ],
      "impact" : null,
      "any" : [ {
        "id" : "region",
        "impact" : "moderate",
        "message" : "All page content is contained by landmarks",
        "data" : {
          "isIframe" : false
        },
        "relatedNodes" : [ ]
      } ],
      "all" : [ ],
      "none" : [ ],
      "failureSummary" : null
    }, {
      "html" : "<a href=\"mars2.html?a=about_us\">About Us</a>",
      "target" : [ "li:nth-child(2) > a[href=\"mars2.html?a=about_us\"]" ],
      "impact" : null,
      "any" : [ {
        "id" : "region",
        "impact" : "moderate",
        "message" : "All page content is contained by landmarks",
        "data" : {
          "isIframe" : false
        },
        "relatedNodes" : [ ]
      } ],
      "all" : [ ],
      "none" : [ ],
      "failureSummary" : null
    }, {
      "html" : "<li><a href=\"mars2.html?a=feedback\" target=\"_blank\">Feedback</a> </li>",
      "target" : [ "#footer-connect > ul > li:nth-child(3)" ],
      "impact" : null,
      "any" : [ {
        "id" : "region",
        "impact" : "moderate",
        "message" : "All page content is contained by landmarks",
        "data" : {
          "isIframe" : false
        },
        "relatedNodes" : [ ]
      } ],
      "all" : [ ],
      "none" : [ ],
      "failureSummary" : null
    }, {
      "html" : "<a href=\"mars2.html?a=feedback\" target=\"_blank\">Feedback</a>",
      "target" : [ "a[href=\"mars2.html?a=feedback\"]" ],
      "impact" : null,
      "any" : [ {
        "id" : "region",
        "impact" : "moderate",
        "message" : "All page content is contained by landmarks",
        "data" : {
          "isIframe" : false
        },
        "relatedNodes" : [ ]
      } ],
      "all" : [ ],
      "none" : [ ],
      "failureSummary" : null
    }, {
      "html" : "<li><a href=\"mars2.html?a=our_blog\" target=\"_blank\">Our Blog</a> </li>",
      "target" : [ "#footer-connect > ul > li:nth-child(4)" ],
      "impact" : null,
      "any" : [ {
        "id" : "region",
        "impact" : "moderate",
        "message" : "All page content is contained by landmarks",
        "data" : {
          "isIframe" : false
        },
        "relatedNodes" : [ ]
      } ],
      "all" : [ ],
      "none" : [ ],
      "failureSummary" : null
    }, {
      "html" : "<a href=\"mars2.html?a=our_blog\" target=\"_blank\">Our Blog</a>",
      "target" : [ "a[href=\"mars2.html?a=our_blog\"]" ],
      "impact" : null,
      "any" : [ {
        "id" : "region",
        "impact" : "moderate",
        "message" : "All page content is contained by landmarks",
        "data" : {
          "isIframe" : false
        },
        "relatedNodes" : [ ]
      } ],
      "all" : [ ],
      "none" : [ ],
      "failureSummary" : null
    }, {
      "html" : "<li><a href=\"mars2.html?a=mobile_site\" target=\"_blank\">Mobile Site</a> / <a href=\"mars2.html?a=iphone_app\" target=\"_blank\">iPhone App</a> </li>",
      "target" : [ "#footer-connect > ul > li:nth-child(5)" ],
      "impact" : null,
      "any" : [ {
        "id" : "region",
        "impact" : "moderate",
        "message" : "All page content is contained by landmarks",
        "data" : {
          "isIframe" : false
        },
        "relatedNodes" : [ ]
      } ],
      "all" : [ ],
      "none" : [ ],
      "failureSummary" : null
    }, {
      "html" : "<a href=\"mars2.html?a=mobile_site\" target=\"_blank\">Mobile Site</a>",
      "target" : [ "a[href=\"mars2.html?a=mobile_site\"]" ],
      "impact" : null,
      "any" : [ {
        "id" : "region",
        "impact" : "moderate",
        "message" : "All page content is contained by landmarks",
        "data" : {
          "isIframe" : false
        },
        "relatedNodes" : [ ]
      } ],
      "all" : [ ],
      "none" : [ ],
      "failureSummary" : null
    }, {
      "html" : "<a href=\"mars2.html?a=iphone_app\" target=\"_blank\">iPhone App</a>",
      "target" : [ "a[href=\"mars2.html?a=iphone_app\"]" ],
      "impact" : null,
      "any" : [ {
        "id" : "region",
        "impact" : "moderate",
        "message" : "All page content is contained by landmarks",
        "data" : {
          "isIframe" : false
        },
        "relatedNodes" : [ ]
      } ],
      "all" : [ ],
      "none" : [ ],
      "failureSummary" : null
    }, {
      "html" : "<li><a href=\"https://media.dequeuniversity.com/en/docs/demo/mars-commuter/mars.pdf\">Mars Info by NASA</a></li>",
      "target" : [ "#footer-connect > ul > li:nth-child(6)" ],
      "impact" : null,
      "any" : [ {
        "id" : "region",
        "impact" : "moderate",
        "message" : "All page content is contained by landmarks",
        "data" : {
          "isIframe" : false
        },
        "relatedNodes" : [ ]
      } ],
      "all" : [ ],
      "none" : [ ],
      "failureSummary" : null
    }, {
      "html" : "<a href=\"https://media.dequeuniversity.com/en/docs/demo/mars-commuter/mars.pdf\">Mars Info by NASA</a>",
      "target" : [ "#footer-connect > ul > li:nth-child(6) > a" ],
      "impact" : null,
      "any" : [ {
        "id" : "region",
        "impact" : "moderate",
        "message" : "All page content is contained by landmarks",
        "data" : {
          "isIframe" : false
        },
        "relatedNodes" : [ ]
      } ],
      "all" : [ ],
      "none" : [ ],
      "failureSummary" : null
    }, {
      "html" : "<li><a href=\"https://media.dequeuniversity.com/en/docs/demo/mars-commuter/HumansToMarsReport_i.pdf\">Humans to Mars Report</a></li>",
      "target" : [ "#footer-connect > ul > li:nth-child(7)" ],
      "impact" : null,
      "any" : [ {
        "id" : "region",
        "impact" : "moderate",
        "message" : "All page content is contained by landmarks",
        "data" : {
          "isIframe" : false
        },
        "relatedNodes" : [ ]
      } ],
      "all" : [ ],
      "none" : [ ],
      "failureSummary" : null
    }, {
      "html" : "<a href=\"https://media.dequeuniversity.com/en/docs/demo/mars-commuter/HumansToMarsReport_i.pdf\">Humans to Mars Report</a>",
      "target" : [ "#footer-connect > ul > li:nth-child(7) > a" ],
      "impact" : null,
      "any" : [ {
        "id" : "region",
        "impact" : "moderate",
        "message" : "All page content is contained by landmarks",
        "data" : {
          "isIframe" : false
        },
        "relatedNodes" : [ ]
      } ],
      "all" : [ ],
      "none" : [ ],
      "failureSummary" : null
    }, {
      "html" : "<a href=\"mars2.html?a=tersm_and_conditions\">Mars Commuter Express Terms and Conditions</a>",
      "target" : [ "#copyright > a:nth-child(1)" ],
      "impact" : null,
      "any" : [ {
        "id" : "region",
        "impact" : "moderate",
        "message" : "All page content is contained by landmarks",
        "data" : {
          "isIframe" : false
        },
        "relatedNodes" : [ ]
      } ],
      "all" : [ ],
      "none" : [ ],
      "failureSummary" : null
    }, {
      "html" : "<a href=\"mars2.html?a=privacy_policy\">Privacy Policy</a>",
      "target" : [ "a[href=\"mars2.html?a=privacy_policy\"]" ],
      "impact" : null,
      "any" : [ {
        "id" : "region",
        "impact" : "moderate",
        "message" : "All page content is contained by landmarks",
        "data" : {
          "isIframe" : false
        },
        "relatedNodes" : [ ]
      } ],
      "all" : [ ],
      "none" : [ ],
      "failureSummary" : null
    }, {
      "html" : "<a class=\"link\" href=\"mars2.html?asite_map=\">Site Map</a>",
      "target" : [ "a[href=\"mars2.html?asite_map=\"]" ],
      "impact" : null,
      "any" : [ {
        "id" : "region",
        "impact" : "moderate",
        "message" : "All page content is contained by landmarks",
        "data" : {
          "isIframe" : false
        },
        "relatedNodes" : [ ]
      } ],
      "all" : [ ],
      "none" : [ ],
      "failureSummary" : null
    } ],
    "url" : null,
    "createdDate" : null
  }, {
    "id" : "tabindex",
    "description" : "Ensures tabindex attribute values are not greater than 0",
    "help" : "Elements should not have tabindex greater than zero",
    "helpUrl" : "https://dequeuniversity.com/rules/axe/4.6/tabindex?application=axeAPI",
    "impact" : "serious",
    "tags" : [ "cat.keyboard", "best-practice" ],
    "nodes" : [ {
      "html" : "<div class=\"html5-video-player ytp-exp-bottom-control-flexbox ytp-title-enable-channel-logo ytp-fine-scrubbing-exp ytp-embed ytp-embed-playlist unstarted-mode ytp-hide-controls ytp-small-mode\" tabindex=\"-1\" id=\"movie_player\" data-version=\"/s/player/6f20102c/player_ias.vflset/en_US/base.js\" aria-label=\"YouTube Video Player\">",
      "target" : [ "#player", "#movie_player" ],
      "impact" : null,
      "any" : [ {
        "id" : "tabindex",
        "impact" : "serious",
        "message" : "Element does not have a tabindex greater than 0",
        "data" : null,
        "relatedNodes" : [ ]
      } ],
      "all" : [ ],
      "none" : [ ],
      "failureSummary" : null
    }, {
      "html" : "<video tabindex=\"-1\" class=\"video-stream html5-main-video\" webkit-playsinline=\"\" playsinline=\"\" controlslist=\"nodownload\" style=\"width: 365px; height: 205px; left: 0px; top: -205px;\"></video>",
      "target" : [ "#player", "video" ],
      "impact" : null,
      "any" : [ {
        "id" : "tabindex",
        "impact" : "serious",
        "message" : "Element does not have a tabindex greater than 0",
        "data" : null,
        "relatedNodes" : [ ]
      } ],
      "all" : [ ],
      "none" : [ ],
      "failureSummary" : null
    }, {
      "html" : "<a class=\"ytp-title-link yt-uix-sessionlink\" target=\"_blank\" data-sessionlink=\"feature=player-title\" tabindex=\"0\" href=\"https://www.youtube.com/watch?v=OagLGti_hTE\">NASA: Life on Mars Was a Possibility</a>",
      "target" : [ "#player", ".ytp-title-link" ],
      "impact" : null,
      "any" : [ {
        "id" : "tabindex",
        "impact" : "serious",
        "message" : "Element does not have a tabindex greater than 0",
        "data" : null,
        "relatedNodes" : [ ]
      } ],
      "all" : [ ],
      "none" : [ ],
      "failureSummary" : null
    } ],
    "url" : null,
    "createdDate" : null
  }, {
    "id" : "table-duplicate-name",
    "description" : "Ensure the <caption> element does not contain the same text as the summary attribute",
    "help" : "tables should not have the same summary and caption",
    "helpUrl" : "https://dequeuniversity.com/rules/axe/4.6/table-duplicate-name?application=axeAPI",
    "impact" : "",
    "tags" : [ "cat.tables", "best-practice" ],
    "nodes" : [ {
      "html" : "<table class=\"uiGrid\" cellspacing=\"0\" cellpadding=\"0\">",
      "target" : [ "#fafbba78", "._8m > table" ],
      "impact" : null,
      "any" : [ ],
      "all" : [ ],
      "none" : [ {
        "id" : "same-caption-summary",
        "impact" : "minor",
        "message" : "Content of summary attribute and <caption> are not duplicated",
        "data" : null,
        "relatedNodes" : [ ]
      } ],
      "failureSummary" : null
    }, {
      "html" : "<table class=\"uiGrid\" cellspacing=\"0\" cellpadding=\"0\">",
      "target" : [ "#fafbba78", ".pts > table" ],
      "impact" : null,
      "any" : [ ],
      "all" : [ ],
      "none" : [ {
        "id" : "same-caption-summary",
        "impact" : "minor",
        "message" : "Content of summary attribute and <caption> are not duplicated",
        "data" : null,
        "relatedNodes" : [ ]
      } ],
      "failureSummary" : null
    } ],
    "url" : null,
    "createdDate" : null
  }, {
    "id" : "td-headers-attr",
    "description" : "Ensure that each cell in a table that uses the headers attribute refers only to other cells in that table",
    "help" : "Table cells that use the headers attribute must only refer to cells in the same table",
    "helpUrl" : "https://dequeuniversity.com/rules/axe/4.6/td-headers-attr?application=axeAPI",
    "impact" : "",
    "tags" : [ "cat.tables", "wcag2a", "wcag131", "section508", "section508.22.g" ],
    "nodes" : [ {
      "html" : "<table class=\"uiGrid\" cellspacing=\"0\" cellpadding=\"0\">",
      "target" : [ "#fafbba78", "._8m > table" ],
      "impact" : null,
      "any" : [ ],
      "all" : [ {
        "id" : "td-headers-attr",
        "impact" : "serious",
        "message" : "The headers attribute is exclusively used to refer to other cells in the table",
        "data" : null,
        "relatedNodes" : [ ]
      } ],
      "none" : [ ],
      "failureSummary" : null
    }, {
      "html" : "<table class=\"uiGrid\" cellspacing=\"0\" cellpadding=\"0\">",
      "target" : [ "#fafbba78", ".pts > table" ],
      "impact" : null,
      "any" : [ ],
      "all" : [ {
        "id" : "td-headers-attr",
        "impact" : "serious",
        "message" : "The headers attribute is exclusively used to refer to other cells in the table",
        "data" : null,
        "relatedNodes" : [ ]
      } ],
      "none" : [ ],
      "failureSummary" : null
    } ],
    "url" : null,
    "createdDate" : null
  } ],
  "violations" : [ {
    "id" : "button-name",
    "description" : "Ensures buttons have discernible text",
    "help" : "Buttons must have discernible text",
    "helpUrl" : "https://dequeuniversity.com/rules/axe/4.6/button-name?application=axeAPI",
    "impact" : "critical",
    "tags" : [ "cat.name-role-value", "wcag2a", "wcag412", "section508", "section508.22.a", "ACT" ],
    "nodes" : [ {
      "html" : "<button class=\"ui-datepicker-trigger\" type=\"button\">\n<!-- <img title=\"...\" alt=\"...\" src=\"/redesign/assets/demo-sites/mars/images/calendar.png\"> -->\n</button>",
      "target" : [ ".departure-date > .ui-datepicker-trigger:nth-child(4)" ],
      "impact" : "critical",
      "any" : [ {
        "id" : "button-has-visible-text",
        "impact" : "critical",
        "message" : "Element does not have inner text that is visible to screen readers",
        "data" : null,
        "relatedNodes" : [ ]
      }, {
        "id" : "aria-label",
        "impact" : "serious",
        "message" : "aria-label attribute does not exist or is empty",
        "data" : null,
        "relatedNodes" : [ ]
      }, {
        "id" : "aria-labelledby",
        "impact" : "serious",
        "message" : "aria-labelledby attribute does not exist, references elements that do not exist or references elements that are empty",
        "data" : null,
        "relatedNodes" : [ ]
      }, {
        "id" : "non-empty-title",
        "impact" : "serious",
        "message" : "Element has no title attribute",
        "data" : {
          "messageKey" : "noAttr"
        },
        "relatedNodes" : [ ]
      }, {
        "id" : "presentational-role",
        "impact" : "minor",
        "message" : "Element's default semantics were not overridden with role=\"none\" or role=\"presentation\"",
        "data" : null,
        "relatedNodes" : [ ]
      } ],
      "all" : [ ],
      "none" : [ ],
      "failureSummary" : "Fix any of the following:\n  Element does not have inner text that is visible to screen readers\n  aria-label attribute does not exist or is empty\n  aria-labelledby attribute does not exist, references elements that do not exist or references elements that are empty\n  Element has no title attribute\n  Element's default semantics were not overridden with role=\"none\" or role=\"presentation\""
    } ],
    "url" : null,
    "createdDate" : null
  }, {
    "id" : "color-contrast",
    "description" : "Ensures the contrast between foreground and background colors meets WCAG 2 AA contrast ratio thresholds",
    "help" : "Elements must have sufficient color contrast",
    "helpUrl" : "https://dequeuniversity.com/rules/axe/4.6/color-contrast?application=axeAPI",
    "impact" : "serious",
    "tags" : [ "cat.color", "wcag2aa", "wcag143", "ACT" ],
    "nodes" : [ {
      "html" : "<h3>Be Bold...</h3>",
      "target" : [ "a[href=\"mars2.html?a=be_bold\"] > h3" ],
      "impact" : "serious",
      "any" : [ {
        "id" : "color-contrast",
        "impact" : "serious",
        "message" : "Element has insufficient color contrast of 4.31 (foreground color: #ff9999, background color: #344b6e, font size: 13.5pt (18px), font weight: normal). Expected contrast ratio of 4.5:1",
        "data" : {
          "bgColor" : "#344b6e",
          "contrastRatio" : 4.31,
          "expectedContrastRatio" : "4.5:1",
          "fgColor" : "#ff9999",
          "fontSize" : "13.5pt (18px)",
          "fontWeight" : "normal",
          "messageKey" : null
        },
        "relatedNodes" : [ {
          "html" : "<body class=\"public-en\" data-twttr-rendered=\"true\">",
          "target" : [ "body" ]
        } ]
      } ],
      "all" : [ ],
      "none" : [ ],
      "failureSummary" : "Fix any of the following:\n  Element has insufficient color contrast of 4.31 (foreground color: #ff9999, background color: #344b6e, font size: 13.5pt (18px), font weight: normal). Expected contrast ratio of 4.5:1"
    }, {
      "html" : "<h3>Countdown...</h3>",
      "target" : [ "a[href=\"mars2.html?a=countdown\"] > h3" ],
      "impact" : "serious",
      "any" : [ {
        "id" : "color-contrast",
        "impact" : "serious",
        "message" : "Element has insufficient color contrast of 1.87 (foreground color: #067ab4, background color: #344b6e, font size: 13.5pt (18px), font weight: normal). Expected contrast ratio of 4.5:1",
        "data" : {
          "bgColor" : "#344b6e",
          "contrastRatio" : 1.87,
          "expectedContrastRatio" : "4.5:1",
          "fgColor" : "#067ab4",
          "fontSize" : "13.5pt (18px)",
          "fontWeight" : "normal",
          "messageKey" : null
        },
        "relatedNodes" : [ {
          "html" : "<body class=\"public-en\" data-twttr-rendered=\"true\">",
          "target" : [ "body" ]
        } ]
      } ],
      "all" : [ ],
      "none" : [ ],
      "failureSummary" : "Fix any of the following:\n  Element has insufficient color contrast of 1.87 (foreground color: #067ab4, background color: #344b6e, font size: 13.5pt (18px), font weight: normal). Expected contrast ratio of 4.5:1"
    }, {
      "html" : "<h3>Blast Off!</h3>",
      "target" : [ "a[href=\"mars2.html?a=blast_off\"] > h3" ],
      "impact" : "serious",
      "any" : [ {
        "id" : "color-contrast",
        "impact" : "serious",
        "message" : "Element has insufficient color contrast of 2.83 (foreground color: #46a546, background color: #344b6e, font size: 13.5pt (18px), font weight: normal). Expected contrast ratio of 4.5:1",
        "data" : {
          "bgColor" : "#344b6e",
          "contrastRatio" : 2.83,
          "expectedContrastRatio" : "4.5:1",
          "fgColor" : "#46a546",
          "fontSize" : "13.5pt (18px)",
          "fontWeight" : "normal",
          "messageKey" : null
        },
        "relatedNodes" : [ {
          "html" : "<body class=\"public-en\" data-twttr-rendered=\"true\">",
          "target" : [ "body" ]
        } ]
      } ],
      "all" : [ ],
      "none" : [ ],
      "failureSummary" : "Fix any of the following:\n  Element has insufficient color contrast of 2.83 (foreground color: #46a546, background color: #344b6e, font size: 13.5pt (18px), font weight: normal). Expected contrast ratio of 4.5:1"
    } ],
    "url" : null,
    "createdDate" : null
  }, {
    "id" : "duplicate-id-active",
    "description" : "Ensures every id attribute value of active elements is unique",
    "help" : "IDs of active elements must be unique",
    "helpUrl" : "https://dequeuniversity.com/rules/axe/4.6/duplicate-id-active?application=axeAPI",
    "impact" : "serious",
    "tags" : [ "cat.parsing", "wcag2a", "wcag411" ],
    "nodes" : [ {
      "html" : "<select id=\"traveler0\" class=\"traveler-type\">\n<option value=\"0\">Adult (26+)</option>\n<option value=\"1\">Youth (12-25)</option>\n<option value=\"2\">Child (4-11)</option>\n<option value=\"3\">Senior (60+)</option>\n</select>",
      "target" : [ "#passenger0 > .age-range.wrapper > .traveler-type" ],
      "impact" : "serious",
      "any" : [ {
        "id" : "duplicate-id-active",
        "impact" : "serious",
        "message" : "Document has active elements with the same id attribute: traveler0",
        "data" : "traveler0",
        "relatedNodes" : [ {
          "html" : "<select id=\"traveler0\" class=\"traveler-type\" name=\"paxAge0\">\n<option value=\"26\">Adult (26+)</option>\n<option value=\"12\">Youth (12-25)</option>\n<option value=\"1\">Child (4-11)</option>\n<option value=\"60\">Senior (60+)</option>\n</select>",
          "target" : [ "select[name=\"paxAge0\"]" ]
        } ]
      } ],
      "all" : [ ],
      "none" : [ ],
      "failureSummary" : "Fix any of the following:\n  Document has active elements with the same id attribute: traveler0"
    }, {
      "html" : "<a target=\"player\" data-text=\"Life was possible on Mars\" class=\"fader first active\" href=\"http://www.youtube.com/embed/OagLGti_hTE?controls=1&amp;showinfo=1&amp;modestbranding=0&amp;wmode=opaque&amp;enablejsapi=1\" id=\"default\"></a>",
      "target" : [ ".active" ],
      "impact" : "serious",
      "any" : [ {
        "id" : "duplicate-id-active",
        "impact" : "serious",
        "message" : "Document has active elements with the same id attribute: default",
        "data" : "default",
        "relatedNodes" : [ {
          "html" : "<a target=\"player\" data-text=\"Why Mars died\" class=\"fader first\" href=\"http://www.youtube.com/embed/oC31pqk9sak?controls=1&amp;showinfo=1&amp;modestbranding=0&amp;wmode=opaque&amp;enablejsapi=1\" id=\"default\"></a>",
          "target" : [ "a[data-text=\"Why Mars died\"]" ]
        }, {
          "html" : "<a target=\"player\" data-text=\"The world that never was\" class=\"fader first\" href=\"http://www.youtube.com/embed/JgMXPXdqJn8?controls=1&amp;showinfo=1&amp;modestbranding=0&amp;wmode=opaque&amp;enablejsapi=1\" id=\"default\"></a>",
          "target" : [ "a[data-text=\"The world that never was\"]" ]
        } ]
      } ],
      "all" : [ ],
      "none" : [ ],
      "failureSummary" : "Fix any of the following:\n  Document has active elements with the same id attribute: default"
    } ],
    "url" : null,
    "createdDate" : null
  }, {
    "id" : "duplicate-id-aria",
    "description" : "Ensures every id attribute value used in ARIA and in labels is unique",
    "help" : "IDs used in ARIA and labels must be unique",
    "helpUrl" : "https://dequeuniversity.com/rules/axe/4.6/duplicate-id-aria?application=axeAPI",
    "impact" : "critical",
    "tags" : [ "cat.parsing", "wcag2a", "wcag411" ],
    "nodes" : [ {
      "html" : "<select id=\"age0\" class=\"age\">",
      "target" : [ "#passenger0 > .youth-age.wrapper > .age" ],
      "impact" : "critical",
      "any" : [ {
        "id" : "duplicate-id-aria",
        "impact" : "critical",
        "message" : "Document has multiple elements referenced with ARIA with the same id attribute: age0",
        "data" : "age0",
        "relatedNodes" : [ {
          "html" : "<select id=\"age0\" name=\"youthAge0\" class=\"age\">",
          "target" : [ ".age[name=\"youthAge0\"]" ]
        } ]
      } ],
      "all" : [ ],
      "none" : [ ],
      "failureSummary" : "Fix any of the following:\n  Document has multiple elements referenced with ARIA with the same id attribute: age0"
    } ],
    "url" : null,
    "createdDate" : null
  }, {
    "id" : "duplicate-id",
    "description" : "Ensures every id attribute value is unique",
    "help" : "id attribute value must be unique",
    "helpUrl" : "https://dequeuniversity.com/rules/axe/4.6/duplicate-id?application=axeAPI",
    "impact" : "minor",
    "tags" : [ "cat.parsing", "wcag2a", "wcag411" ],
    "nodes" : [ {
      "html" : "<div id=\"control-panel\" class=\"container-fluid-full\">",
      "target" : [ ".loginnow > .container-fluid-full" ],
      "impact" : "minor",
      "any" : [ {
        "id" : "duplicate-id",
        "impact" : "minor",
        "message" : "Document has multiple static elements with the same id attribute: control-panel",
        "data" : "control-panel",
        "relatedNodes" : [ {
          "html" : "<div id=\"control-panel\" class=\"container-fluid-full\">",
          "target" : [ ".loggedin > .container-fluid-full" ]
        } ]
      } ],
      "all" : [ ],
      "none" : [ ],
      "failureSummary" : "Fix any of the following:\n  Document has multiple static elements with the same id attribute: control-panel"
    }, {
      "html" : "<nav id=\"left-control-nav\" class=\"pull-left\">",
      "target" : [ ".loginnow > .container-fluid-full > .container > .span5.pull-left.left-first > .pull-left:nth-child(1)" ],
      "impact" : "minor",
      "any" : [ {
        "id" : "duplicate-id",
        "impact" : "minor",
        "message" : "Document has multiple static elements with the same id attribute: left-control-nav",
        "data" : "left-control-nav",
        "relatedNodes" : [ {
          "html" : "<nav id=\"left-control-nav\" class=\"pull-left\">",
          "target" : [ ".loggedin > .container-fluid-full > .container > .span5.pull-left.left-first > .pull-left:nth-child(1)" ]
        } ]
      } ],
      "all" : [ ],
      "none" : [ ],
      "failureSummary" : "Fix any of the following:\n  Document has multiple static elements with the same id attribute: left-control-nav"
    }, {
      "html" : "<div id=\"search-bar\" class=\"pull-left\">\n<form id=\"search\" action=\"/demo/mars/mars2\" method=\"get\">\n<input type=\"hidden\" name=\"fn\" value=\"Search\">\n<input type=\"text\" class=\"search\" name=\"query\" placeholder=\"search\">\n<input type=\"submit\" class=\"control-search\">\n</form>\n</div>",
      "target" : [ ".loginnow > .container-fluid-full > .container > .span5.pull-left.left-first > .pull-left:nth-child(2)" ],
      "impact" : "minor",
      "any" : [ {
        "id" : "duplicate-id",
        "impact" : "minor",
        "message" : "Document has multiple static elements with the same id attribute: search-bar",
        "data" : "search-bar",
        "relatedNodes" : [ {
          "html" : "<div id=\"search-bar\" class=\"pull-left\">\n<form id=\"search\" action=\"/demo/mars/mars2\" method=\"get\">\n<input type=\"hidden\" name=\"fn\" value=\"Search\">\n<input type=\"text\" class=\"search\" name=\"query\" placeholder=\"search\">\n<input type=\"submit\" class=\"control-search\">\n</form>\n</div>",
          "target" : [ ".loggedin > .container-fluid-full > .container > .span5.pull-left.left-first > .pull-left:nth-child(2)" ]
        } ]
      } ],
      "all" : [ ],
      "none" : [ ],
      "failureSummary" : "Fix any of the following:\n  Document has multiple static elements with the same id attribute: search-bar"
    }, {
      "html" : "<form id=\"search\" action=\"/demo/mars/mars2\" method=\"get\">\n<input type=\"hidden\" name=\"fn\" value=\"Search\">\n<input type=\"text\" class=\"search\" name=\"query\" placeholder=\"search\">\n<input type=\"submit\" class=\"control-search\">\n</form>",
      "target" : [ ".loginnow > .container-fluid-full > .container > .span5.pull-left.left-first > .pull-left:nth-child(2) > form[method=\"get\"][action=\"/demo/mars/mars2\"]" ],
      "impact" : "minor",
      "any" : [ {
        "id" : "duplicate-id",
        "impact" : "minor",
        "message" : "Document has multiple static elements with the same id attribute: search",
        "data" : "search",
        "relatedNodes" : [ {
          "html" : "<form id=\"search\" action=\"/demo/mars/mars2\" method=\"get\">\n<input type=\"hidden\" name=\"fn\" value=\"Search\">\n<input type=\"text\" class=\"search\" name=\"query\" placeholder=\"search\">\n<input type=\"submit\" class=\"control-search\">\n</form>",
          "target" : [ ".loggedin > .container-fluid-full > .container > .span5.pull-left.left-first > .pull-left:nth-child(2) > form[method=\"get\"][action=\"/demo/mars/mars2\"]" ]
        } ]
      } ],
      "all" : [ ],
      "none" : [ ],
      "failureSummary" : "Fix any of the following:\n  Document has multiple static elements with the same id attribute: search"
    }, {
      "html" : "<nav id=\"right-control-nav\" class=\"pull-right\" style=\"display: inline;\">",
      "target" : [ ".loginnow > .container-fluid-full > .container > .span7.pull-right > .pull-right" ],
      "impact" : "minor",
      "any" : [ {
        "id" : "duplicate-id",
        "impact" : "minor",
        "message" : "Document has multiple static elements with the same id attribute: right-control-nav",
        "data" : "right-control-nav",
        "relatedNodes" : [ {
          "html" : "<nav id=\"right-control-nav\" class=\"pull-right\">",
          "target" : [ ".loggedin > .container-fluid-full > .container > .span7.pull-right > .pull-right" ]
        } ]
      } ],
      "all" : [ ],
      "none" : [ ],
      "failureSummary" : "Fix any of the following:\n  Document has multiple static elements with the same id attribute: right-control-nav"
    }, {
      "html" : "<div id=\"vap-section\">\n<h1 style=\"color:#eee;\">Destination Mars </h1>\n<h2 style=\"color:#acbad0;\">A trip to Mars starts in your imagination. Are you bold enough, brave enough, <strong>foolish enough?</strong> We are. You belong on Mars with fools like us. Most of us don't bite. Much.</h2></div>",
      "target" : [ "#left-column > div:nth-child(1)" ],
      "impact" : "minor",
      "any" : [ {
        "id" : "duplicate-id",
        "impact" : "minor",
        "message" : "Document has multiple static elements with the same id attribute: vap-section",
        "data" : "vap-section",
        "relatedNodes" : [ {
          "html" : "<div id=\"vap-section\">",
          "target" : [ "#left-column > div:nth-child(2)" ]
        } ]
      } ],
      "all" : [ ],
      "none" : [ ],
      "failureSummary" : "Fix any of the following:\n  Document has multiple static elements with the same id attribute: vap-section"
    }, {
      "html" : "<input type=\"hidden\" id=\"nCountries\" name=\"nCountries\">",
      "target" : [ "#select-country > input[name=\"nCountries\"][type=\"hidden\"]" ],
      "impact" : "minor",
      "any" : [ {
        "id" : "duplicate-id",
        "impact" : "minor",
        "message" : "Document has multiple static elements with the same id attribute: nCountries",
        "data" : "nCountries",
        "relatedNodes" : [ {
          "html" : "<input type=\"hidden\" name=\"nCountries\" value=\"1\" id=\"nCountries\">",
          "target" : [ "input[name=\"nCountries\"][value=\"1\"][type=\"hidden\"]" ]
        } ]
      } ],
      "all" : [ ],
      "none" : [ ],
      "failureSummary" : "Fix any of the following:\n  Document has multiple static elements with the same id attribute: nCountries"
    }, {
      "html" : "<div id=\"passenger-select\" class=\"widget-container middle\">",
      "target" : [ ".middle.widget-container:nth-child(13)" ],
      "impact" : "minor",
      "any" : [ {
        "id" : "duplicate-id",
        "impact" : "minor",
        "message" : "Document has multiple static elements with the same id attribute: passenger-select",
        "data" : "passenger-select",
        "relatedNodes" : [ {
          "html" : "<div id=\"passenger-select\" class=\"widget-container middle\">",
          "target" : [ ".middle.widget-container:nth-child(8)" ]
        } ]
      } ],
      "all" : [ ],
      "none" : [ ],
      "failureSummary" : "Fix any of the following:\n  Document has multiple static elements with the same id attribute: passenger-select"
    }, {
      "html" : "<div id=\"passengers\">",
      "target" : [ ".middle.widget-container:nth-child(13) > .interior-container > div:nth-child(3)" ],
      "impact" : "minor",
      "any" : [ {
        "id" : "duplicate-id",
        "impact" : "minor",
        "message" : "Document has multiple static elements with the same id attribute: passengers",
        "data" : "passengers",
        "relatedNodes" : [ {
          "html" : "<div id=\"passengers\">",
          "target" : [ ".middle.widget-container:nth-child(8) > .interior-container > div" ]
        } ]
      } ],
      "all" : [ ],
      "none" : [ ],
      "failureSummary" : "Fix any of the following:\n  Document has multiple static elements with the same id attribute: passengers"
    }, {
      "html" : "<div id=\"ui-datepicker-div\" class=\"ui-datepicker ui-widget ui-widget-content ui-helper-clearfix ui-corner-all\"></div>",
      "target" : [ ".ui-datepicker.ui-helper-clearfix.ui-corner-all:nth-child(33)" ],
      "impact" : "minor",
      "any" : [ {
        "id" : "duplicate-id",
        "impact" : "minor",
        "message" : "Document has multiple static elements with the same id attribute: ui-datepicker-div",
        "data" : "ui-datepicker-div",
        "relatedNodes" : [ {
          "html" : "<div id=\"ui-datepicker-div\" class=\"ui-datepicker ui-widget ui-widget-content ui-helper-clearfix ui-corner-all\"></div>",
          "target" : [ ".ui-datepicker.ui-helper-clearfix.ui-corner-all:nth-child(38)" ]
        } ]
      } ],
      "all" : [ ],
      "none" : [ ],
      "failureSummary" : "Fix any of the following:\n  Document has multiple static elements with the same id attribute: ui-datepicker-div"
    } ],
    "url" : null,
    "createdDate" : null
  }, {
    "id" : "frame-title",
    "description" : "Ensures <iframe> and <frame> elements have an accessible name",
    "help" : "Frames must have an accessible name",
    "helpUrl" : "https://dequeuniversity.com/rules/axe/4.6/frame-title?application=axeAPI",
    "impact" : "serious",
    "tags" : [ "cat.text-alternatives", "wcag2a", "wcag412", "section508", "section508.22.i" ],
    "nodes" : [ {
      "html" : "<iframe id=\"fafbba78\" name=\"f2bc5e72d\" scrolling=\"no\" style=\"border: none; overflow: hidden; height: 62px; width: 292px;\" class=\"fb_ltr\" src=\"/assets/demo-sites/mars/js/likebox.html\"></iframe>",
      "target" : [ "#fafbba78" ],
      "impact" : "serious",
      "any" : [ {
        "id" : "non-empty-title",
        "impact" : "serious",
        "message" : "Element has no title attribute",
        "data" : {
          "messageKey" : "noAttr"
        },
        "relatedNodes" : [ ]
      }, {
        "id" : "aria-label",
        "impact" : "serious",
        "message" : "aria-label attribute does not exist or is empty",
        "data" : null,
        "relatedNodes" : [ ]
      }, {
        "id" : "aria-labelledby",
        "impact" : "serious",
        "message" : "aria-labelledby attribute does not exist, references elements that do not exist or references elements that are empty",
        "data" : null,
        "relatedNodes" : [ ]
      }, {
        "id" : "presentational-role",
        "impact" : "minor",
        "message" : "Element's default semantics were not overridden with role=\"none\" or role=\"presentation\"",
        "data" : null,
        "relatedNodes" : [ ]
      } ],
      "all" : [ ],
      "none" : [ ],
      "failureSummary" : "Fix any of the following:\n  Element has no title attribute\n  aria-label attribute does not exist or is empty\n  aria-labelledby attribute does not exist, references elements that do not exist or references elements that are empty\n  Element's default semantics were not overridden with role=\"none\" or role=\"presentation\""
    } ],
    "url" : null,
    "createdDate" : null
  }, {
    "id" : "html-has-lang",
    "description" : "Ensures every HTML document has a lang attribute",
    "help" : "<html> element must have a lang attribute",
    "helpUrl" : "https://dequeuniversity.com/rules/axe/4.6/html-has-lang?application=axeAPI",
    "impact" : "serious",
    "tags" : [ "cat.language", "wcag2a", "wcag311", "ACT" ],
    "nodes" : [ {
      "html" : "<html class=\" js no-flexbox flexbox-legacy canvas canvastext webgl no-touch geolocation postmessage websqldatabase indexeddb hashchange history draganddrop websockets rgba hsla multiplebgs backgroundsize borderimage borderradius boxshadow textshadow opacity cssanimations csscolumns cssgradients cssreflections csstransforms csstransforms3d csstransitions fontface generatedcontent video audio localstorage sessionstorage webworkers applicationcache svg inlinesvg smil svgclippaths js no-flexbox flexbox-legacy canvas canvastext webgl no-touch geolocation postmessage websqldatabase indexeddb hashchange history draganddrop websockets rgba hsla multiplebgs backgroundsize borderimage borderradius boxshadow textshadow opacity cssanimations csscolumns cssgradients cssreflections csstransforms csstransforms3d csstransitions fontface generatedcontent video audio localstorage sessionstorage webworkers no-applicationcache svg inlinesvg smil svgclippaths\">",
      "target" : [ "html" ],
      "impact" : "serious",
      "any" : [ {
        "id" : "has-lang",
        "impact" : "serious",
        "message" : "The <html> element does not have a lang attribute",
        "data" : {
          "messageKey" : "noLang"
        },
        "relatedNodes" : [ ]
      } ],
      "all" : [ ],
      "none" : [ ],
      "failureSummary" : "Fix any of the following:\n  The <html> element does not have a lang attribute"
    } ],
    "url" : null,
    "createdDate" : null
  }, {
    "id" : "image-alt",
    "description" : "Ensures <img> elements have alternate text or a role of none or presentation",
    "help" : "Images must have alternate text",
    "helpUrl" : "https://dequeuniversity.com/rules/axe/4.6/image-alt?application=axeAPI",
    "impact" : "critical",
    "tags" : [ "cat.text-alternatives", "wcag2a", "wcag111", "section508", "section508.22.a", "ACT" ],
    "nodes" : [ {
      "html" : "<img src=\"/assets/demo-sites/mars/js/seg\" width=\"1\" height=\"1\">",
      "target" : [ "img[src$=\"seg\"]" ],
      "impact" : "critical",
      "any" : [ {
        "id" : "has-alt",
        "impact" : "critical",
        "message" : "Element does not have an alt attribute",
        "data" : null,
        "relatedNodes" : [ ]
      }, {
        "id" : "aria-label",
        "impact" : "serious",
        "message" : "aria-label attribute does not exist or is empty",
        "data" : null,
        "relatedNodes" : [ ]
      }, {
        "id" : "aria-labelledby",
        "impact" : "serious",
        "message" : "aria-labelledby attribute does not exist, references elements that do not exist or references elements that are empty",
        "data" : null,
        "relatedNodes" : [ ]
      }, {
        "id" : "non-empty-title",
        "impact" : "serious",
        "message" : "Element has no title attribute",
        "data" : {
          "messageKey" : "noAttr"
        },
        "relatedNodes" : [ ]
      }, {
        "id" : "presentational-role",
        "impact" : "minor",
        "message" : "Element's default semantics were not overridden with role=\"none\" or role=\"presentation\"",
        "data" : null,
        "relatedNodes" : [ ]
      } ],
      "all" : [ ],
      "none" : [ ],
      "failureSummary" : "Fix any of the following:\n  Element does not have an alt attribute\n  aria-label attribute does not exist or is empty\n  aria-labelledby attribute does not exist, references elements that do not exist or references elements that are empty\n  Element has no title attribute\n  Element's default semantics were not overridden with role=\"none\" or role=\"presentation\""
    }, {
      "html" : "<img src=\"/assets/demo-sites/mars/images/mars-spaceman.jpg\" class=\"\" width=\"210\" height=\"120\">",
      "target" : [ "li:nth-child(1) > a[href=\"mars2.html?a=crater_adventure\"] > img[width=\"210\"][height=\"120\"]" ],
      "impact" : "critical",
      "any" : [ {
        "id" : "has-alt",
        "impact" : "critical",
        "message" : "Element does not have an alt attribute",
        "data" : null,
        "relatedNodes" : [ ]
      }, {
        "id" : "aria-label",
        "impact" : "serious",
        "message" : "aria-label attribute does not exist or is empty",
        "data" : null,
        "relatedNodes" : [ ]
      }, {
        "id" : "aria-labelledby",
        "impact" : "serious",
        "message" : "aria-labelledby attribute does not exist, references elements that do not exist or references elements that are empty",
        "data" : null,
        "relatedNodes" : [ ]
      }, {
        "id" : "non-empty-title",
        "impact" : "serious",
        "message" : "Element has no title attribute",
        "data" : {
          "messageKey" : "noAttr"
        },
        "relatedNodes" : [ ]
      }, {
        "id" : "presentational-role",
        "impact" : "minor",
        "message" : "Element's default semantics were not overridden with role=\"none\" or role=\"presentation\"",
        "data" : null,
        "relatedNodes" : [ ]
      } ],
      "all" : [ ],
      "none" : [ ],
      "failureSummary" : "Fix any of the following:\n  Element does not have an alt attribute\n  aria-label attribute does not exist or is empty\n  aria-labelledby attribute does not exist, references elements that do not exist or references elements that are empty\n  Element has no title attribute\n  Element's default semantics were not overridden with role=\"none\" or role=\"presentation\""
    }, {
      "html" : "<img src=\"/assets/demo-sites/mars/images/mars-spaceman.jpg\" class=\"\" width=\"210\" height=\"120\">",
      "target" : [ "li:nth-child(8) > a[href=\"mars2.html?a=crater_adventure\"] > img[width=\"210\"][height=\"120\"]" ],
      "impact" : "critical",
      "any" : [ {
        "id" : "has-alt",
        "impact" : "critical",
        "message" : "Element does not have an alt attribute",
        "data" : null,
        "relatedNodes" : [ ]
      }, {
        "id" : "aria-label",
        "impact" : "serious",
        "message" : "aria-label attribute does not exist or is empty",
        "data" : null,
        "relatedNodes" : [ ]
      }, {
        "id" : "aria-labelledby",
        "impact" : "serious",
        "message" : "aria-labelledby attribute does not exist, references elements that do not exist or references elements that are empty",
        "data" : null,
        "relatedNodes" : [ ]
      }, {
        "id" : "non-empty-title",
        "impact" : "serious",
        "message" : "Element has no title attribute",
        "data" : {
          "messageKey" : "noAttr"
        },
        "relatedNodes" : [ ]
      }, {
        "id" : "presentational-role",
        "impact" : "minor",
        "message" : "Element's default semantics were not overridden with role=\"none\" or role=\"presentation\"",
        "data" : null,
        "relatedNodes" : [ ]
      } ],
      "all" : [ ],
      "none" : [ ],
      "failureSummary" : "Fix any of the following:\n  Element does not have an alt attribute\n  aria-label attribute does not exist or is empty\n  aria-labelledby attribute does not exist, references elements that do not exist or references elements that are empty\n  Element has no title attribute\n  Element's default semantics were not overridden with role=\"none\" or role=\"presentation\""
    }, {
      "html" : "<img src=\"/assets/demo-sites/mars/images/mars-spaceman.jpg\" class=\"\" width=\"210\" height=\"120\">",
      "target" : [ "li:nth-child(15) > a[href=\"mars2.html?a=crater_adventure\"] > img[width=\"210\"][height=\"120\"]" ],
      "impact" : "critical",
      "any" : [ {
        "id" : "has-alt",
        "impact" : "critical",
        "message" : "Element does not have an alt attribute",
        "data" : null,
        "relatedNodes" : [ ]
      }, {
        "id" : "aria-label",
        "impact" : "serious",
        "message" : "aria-label attribute does not exist or is empty",
        "data" : null,
        "relatedNodes" : [ ]
      }, {
        "id" : "aria-labelledby",
        "impact" : "serious",
        "message" : "aria-labelledby attribute does not exist, references elements that do not exist or references elements that are empty",
        "data" : null,
        "relatedNodes" : [ ]
      }, {
        "id" : "non-empty-title",
        "impact" : "serious",
        "message" : "Element has no title attribute",
        "data" : {
          "messageKey" : "noAttr"
        },
        "relatedNodes" : [ ]
      }, {
        "id" : "presentational-role",
        "impact" : "minor",
        "message" : "Element's default semantics were not overridden with role=\"none\" or role=\"presentation\"",
        "data" : null,
        "relatedNodes" : [ ]
      } ],
      "all" : [ ],
      "none" : [ ],
      "failureSummary" : "Fix any of the following:\n  Element does not have an alt attribute\n  aria-label attribute does not exist or is empty\n  aria-labelledby attribute does not exist, references elements that do not exist or references elements that are empty\n  Element has no title attribute\n  Element's default semantics were not overridden with role=\"none\" or role=\"presentation\""
    } ],
    "url" : null,
    "createdDate" : null
  }, {
    "id" : "landmark-unique",
    "description" : "Landmarks should have a unique role or role/label/title (i.e. accessible name) combination",
    "help" : "Ensures landmarks are unique",
    "helpUrl" : "https://dequeuniversity.com/rules/axe/4.6/landmark-unique?application=axeAPI",
    "impact" : "moderate",
    "tags" : [ "cat.semantics", "best-practice" ],
    "nodes" : [ {
      "html" : "<nav id=\"left-control-nav\" class=\"pull-left\">",
      "target" : [ ".loginnow > .container-fluid-full > .container > .span5.pull-left.left-first > .pull-left:nth-child(1)" ],
      "impact" : "moderate",
      "any" : [ {
        "id" : "landmark-is-unique",
        "impact" : "moderate",
        "message" : "The landmark must have a unique aria-label, aria-labelledby, or title to make landmarks distinguishable",
        "data" : {
          "accessibleText" : null,
          "role" : "navigation"
        },
        "relatedNodes" : [ {
          "html" : "<nav id=\"right-control-nav\" class=\"pull-right\" style=\"display: inline;\">",
          "target" : [ ".loginnow > .container-fluid-full > .container > .span7.pull-right > .pull-right" ]
        }, {
          "html" : "<nav>",
          "target" : [ "#language-bar > nav" ]
        }, {
          "html" : "<nav id=\"main-nav\">",
          "target" : [ "#main-nav" ]
        }, {
          "html" : "<nav id=\"main-sub-nav\" class=\"pull-right\">",
          "target" : [ "#main-sub-nav" ]
        }, {
          "html" : "<nav></nav>",
          "target" : [ "#footer-book > nav" ]
        }, {
          "html" : "<nav></nav>",
          "target" : [ "#footer-trains > nav" ]
        }, {
          "html" : "<nav></nav>",
          "target" : [ "#footer-passes > nav" ]
        }, {
          "html" : "<nav></nav>",
          "target" : [ "#footer-plan > nav" ]
        }, {
          "html" : "<nav></nav>",
          "target" : [ "#footer-faq > nav" ]
        }, {
          "html" : "<nav></nav>",
          "target" : [ "#footer-connect > nav" ]
        } ]
      } ],
      "all" : [ ],
      "none" : [ ],
      "failureSummary" : "Fix any of the following:\n  The landmark must have a unique aria-label, aria-labelledby, or title to make landmarks distinguishable"
    } ],
    "url" : null,
    "createdDate" : null
  }, {
    "id" : "link-name",
    "description" : "Ensures links have discernible text",
    "help" : "Links must have discernible text",
    "helpUrl" : "https://dequeuniversity.com/rules/axe/4.6/link-name?application=axeAPI",
    "impact" : "serious",
    "tags" : [ "cat.name-role-value", "wcag2a", "wcag412", "wcag244", "section508", "section508.22.a", "ACT" ],
    "nodes" : [ {
      "html" : "<a class=\"link\" href=\"demo/mars/#\"><i class=\"icon-menu-home\"></i> </a>",
      "target" : [ ".link[href$=\"mars/#\"]" ],
      "impact" : "serious",
      "any" : [ {
        "id" : "has-visible-text",
        "impact" : "minor",
        "message" : "Element does not have text that is visible to screen readers",
        "data" : null,
        "relatedNodes" : [ ]
      }, {
        "id" : "aria-label",
        "impact" : "serious",
        "message" : "aria-label attribute does not exist or is empty",
        "data" : null,
        "relatedNodes" : [ ]
      }, {
        "id" : "aria-labelledby",
        "impact" : "serious",
        "message" : "aria-labelledby attribute does not exist, references elements that do not exist or references elements that are empty",
        "data" : null,
        "relatedNodes" : [ ]
      }, {
        "id" : "non-empty-title",
        "impact" : "serious",
        "message" : "Element has no title attribute",
        "data" : {
          "messageKey" : "noAttr"
        },
        "relatedNodes" : [ ]
      } ],
      "all" : [ ],
      "none" : [ {
        "id" : "focusable-no-name",
        "impact" : "serious",
        "message" : "Element is in tab order and does not have accessible text",
        "data" : null,
        "relatedNodes" : [ ]
      } ],
      "failureSummary" : "Fix all of the following:\n  Element is in tab order and does not have accessible text\n\nFix any of the following:\n  Element does not have text that is visible to screen readers\n  aria-label attribute does not exist or is empty\n  aria-labelledby attribute does not exist, references elements that do not exist or references elements that are empty\n  Element has no title attribute"
    }, {
      "html" : "<a href=\"mars2.html?a=crater_adventure\">\n<img src=\"/assets/demo-sites/mars/images/mars-spaceman.jpg\" class=\"\" width=\"210\" height=\"120\"></a>",
      "target" : [ "li:nth-child(1) > a[href=\"mars2.html?a=crater_adventure\"]" ],
      "impact" : "serious",
      "any" : [ {
        "id" : "has-visible-text",
        "impact" : "minor",
        "message" : "Element does not have text that is visible to screen readers",
        "data" : null,
        "relatedNodes" : [ ]
      }, {
        "id" : "aria-label",
        "impact" : "serious",
        "message" : "aria-label attribute does not exist or is empty",
        "data" : null,
        "relatedNodes" : [ ]
      }, {
        "id" : "aria-labelledby",
        "impact" : "serious",
        "message" : "aria-labelledby attribute does not exist, references elements that do not exist or references elements that are empty",
        "data" : null,
        "relatedNodes" : [ ]
      }, {
        "id" : "non-empty-title",
        "impact" : "serious",
        "message" : "Element has no title attribute",
        "data" : {
          "messageKey" : "noAttr"
        },
        "relatedNodes" : [ ]
      } ],
      "all" : [ ],
      "none" : [ {
        "id" : "focusable-no-name",
        "impact" : "serious",
        "message" : "Element is in tab order and does not have accessible text",
        "data" : null,
        "relatedNodes" : [ ]
      } ],
      "failureSummary" : "Fix all of the following:\n  Element is in tab order and does not have accessible text\n\nFix any of the following:\n  Element does not have text that is visible to screen readers\n  aria-label attribute does not exist or is empty\n  aria-labelledby attribute does not exist, references elements that do not exist or references elements that are empty\n  Element has no title attribute"
    }, {
      "html" : "<a href=\"mars2.html?a=crater_adventure\">\n<img src=\"/assets/demo-sites/mars/images/mars-spaceman.jpg\" class=\"\" width=\"210\" height=\"120\"></a>",
      "target" : [ "li:nth-child(8) > a[href=\"mars2.html?a=crater_adventure\"]" ],
      "impact" : "serious",
      "any" : [ {
        "id" : "has-visible-text",
        "impact" : "minor",
        "message" : "Element does not have text that is visible to screen readers",
        "data" : null,
        "relatedNodes" : [ ]
      }, {
        "id" : "aria-label",
        "impact" : "serious",
        "message" : "aria-label attribute does not exist or is empty",
        "data" : null,
        "relatedNodes" : [ ]
      }, {
        "id" : "aria-labelledby",
        "impact" : "serious",
        "message" : "aria-labelledby attribute does not exist, references elements that do not exist or references elements that are empty",
        "data" : null,
        "relatedNodes" : [ ]
      }, {
        "id" : "non-empty-title",
        "impact" : "serious",
        "message" : "Element has no title attribute",
        "data" : {
          "messageKey" : "noAttr"
        },
        "relatedNodes" : [ ]
      } ],
      "all" : [ ],
      "none" : [ {
        "id" : "focusable-no-name",
        "impact" : "serious",
        "message" : "Element is in tab order and does not have accessible text",
        "data" : null,
        "relatedNodes" : [ ]
      } ],
      "failureSummary" : "Fix all of the following:\n  Element is in tab order and does not have accessible text\n\nFix any of the following:\n  Element does not have text that is visible to screen readers\n  aria-label attribute does not exist or is empty\n  aria-labelledby attribute does not exist, references elements that do not exist or references elements that are empty\n  Element has no title attribute"
    }, {
      "html" : "<a href=\"mars2.html?a=crater_adventure\">\n<img src=\"/assets/demo-sites/mars/images/mars-spaceman.jpg\" class=\"\" width=\"210\" height=\"120\"></a>",
      "target" : [ "li:nth-child(15) > a[href=\"mars2.html?a=crater_adventure\"]" ],
      "impact" : "serious",
      "any" : [ {
        "id" : "has-visible-text",
        "impact" : "minor",
        "message" : "Element does not have text that is visible to screen readers",
        "data" : null,
        "relatedNodes" : [ ]
      }, {
        "id" : "aria-label",
        "impact" : "serious",
        "message" : "aria-label attribute does not exist or is empty",
        "data" : null,
        "relatedNodes" : [ ]
      }, {
        "id" : "aria-labelledby",
        "impact" : "serious",
        "message" : "aria-labelledby attribute does not exist, references elements that do not exist or references elements that are empty",
        "data" : null,
        "relatedNodes" : [ ]
      }, {
        "id" : "non-empty-title",
        "impact" : "serious",
        "message" : "Element has no title attribute",
        "data" : {
          "messageKey" : "noAttr"
        },
        "relatedNodes" : [ ]
      } ],
      "all" : [ ],
      "none" : [ {
        "id" : "focusable-no-name",
        "impact" : "serious",
        "message" : "Element is in tab order and does not have accessible text",
        "data" : null,
        "relatedNodes" : [ ]
      } ],
      "failureSummary" : "Fix all of the following:\n  Element is in tab order and does not have accessible text\n\nFix any of the following:\n  Element does not have text that is visible to screen readers\n  aria-label attribute does not exist or is empty\n  aria-labelledby attribute does not exist, references elements that do not exist or references elements that are empty\n  Element has no title attribute"
    }, {
      "html" : "<a href=\"mars2.html?a=\"></a>",
      "target" : [ ".re_ajax_p3 > a[href=\"mars2.html?a=\"]" ],
      "impact" : "serious",
      "any" : [ {
        "id" : "has-visible-text",
        "impact" : "minor",
        "message" : "Element does not have text that is visible to screen readers",
        "data" : null,
        "relatedNodes" : [ ]
      }, {
        "id" : "aria-label",
        "impact" : "serious",
        "message" : "aria-label attribute does not exist or is empty",
        "data" : null,
        "relatedNodes" : [ ]
      }, {
        "id" : "aria-labelledby",
        "impact" : "serious",
        "message" : "aria-labelledby attribute does not exist, references elements that do not exist or references elements that are empty",
        "data" : null,
        "relatedNodes" : [ ]
      }, {
        "id" : "non-empty-title",
        "impact" : "serious",
        "message" : "Element has no title attribute",
        "data" : {
          "messageKey" : "noAttr"
        },
        "relatedNodes" : [ ]
      } ],
      "all" : [ ],
      "none" : [ {
        "id" : "focusable-no-name",
        "impact" : "serious",
        "message" : "Element is in tab order and does not have accessible text",
        "data" : null,
        "relatedNodes" : [ ]
      } ],
      "failureSummary" : "Fix all of the following:\n  Element is in tab order and does not have accessible text\n\nFix any of the following:\n  Element does not have text that is visible to screen readers\n  aria-label attribute does not exist or is empty\n  aria-labelledby attribute does not exist, references elements that do not exist or references elements that are empty\n  Element has no title attribute"
    }, {
      "html" : "<a target=\"player\" data-text=\"Life was possible on Mars\" class=\"fader first active\" href=\"http://www.youtube.com/embed/OagLGti_hTE?controls=1&amp;showinfo=1&amp;modestbranding=0&amp;wmode=opaque&amp;enablejsapi=1\" id=\"default\"></a>",
      "target" : [ ".active" ],
      "impact" : "serious",
      "any" : [ {
        "id" : "has-visible-text",
        "impact" : "minor",
        "message" : "Element does not have text that is visible to screen readers",
        "data" : null,
        "relatedNodes" : [ ]
      }, {
        "id" : "aria-label",
        "impact" : "serious",
        "message" : "aria-label attribute does not exist or is empty",
        "data" : null,
        "relatedNodes" : [ ]
      }, {
        "id" : "aria-labelledby",
        "impact" : "serious",
        "message" : "aria-labelledby attribute does not exist, references elements that do not exist or references elements that are empty",
        "data" : null,
        "relatedNodes" : [ ]
      }, {
        "id" : "non-empty-title",
        "impact" : "serious",
        "message" : "Element has no title attribute",
        "data" : {
          "messageKey" : "noAttr"
        },
        "relatedNodes" : [ ]
      } ],
      "all" : [ ],
      "none" : [ {
        "id" : "focusable-no-name",
        "impact" : "serious",
        "message" : "Element is in tab order and does not have accessible text",
        "data" : null,
        "relatedNodes" : [ ]
      } ],
      "failureSummary" : "Fix all of the following:\n  Element is in tab order and does not have accessible text\n\nFix any of the following:\n  Element does not have text that is visible to screen readers\n  aria-label attribute does not exist or is empty\n  aria-labelledby attribute does not exist, references elements that do not exist or references elements that are empty\n  Element has no title attribute"
    }, {
      "html" : "<a target=\"player\" data-text=\"Why Mars died\" class=\"fader first\" href=\"http://www.youtube.com/embed/oC31pqk9sak?controls=1&amp;showinfo=1&amp;modestbranding=0&amp;wmode=opaque&amp;enablejsapi=1\" id=\"default\"></a>",
      "target" : [ "a[data-text=\"Why Mars died\"]" ],
      "impact" : "serious",
      "any" : [ {
        "id" : "has-visible-text",
        "impact" : "minor",
        "message" : "Element does not have text that is visible to screen readers",
        "data" : null,
        "relatedNodes" : [ ]
      }, {
        "id" : "aria-label",
        "impact" : "serious",
        "message" : "aria-label attribute does not exist or is empty",
        "data" : null,
        "relatedNodes" : [ ]
      }, {
        "id" : "aria-labelledby",
        "impact" : "serious",
        "message" : "aria-labelledby attribute does not exist, references elements that do not exist or references elements that are empty",
        "data" : null,
        "relatedNodes" : [ ]
      }, {
        "id" : "non-empty-title",
        "impact" : "serious",
        "message" : "Element has no title attribute",
        "data" : {
          "messageKey" : "noAttr"
        },
        "relatedNodes" : [ ]
      } ],
      "all" : [ ],
      "none" : [ {
        "id" : "focusable-no-name",
        "impact" : "serious",
        "message" : "Element is in tab order and does not have accessible text",
        "data" : null,
        "relatedNodes" : [ ]
      } ],
      "failureSummary" : "Fix all of the following:\n  Element is in tab order and does not have accessible text\n\nFix any of the following:\n  Element does not have text that is visible to screen readers\n  aria-label attribute does not exist or is empty\n  aria-labelledby attribute does not exist, references elements that do not exist or references elements that are empty\n  Element has no title attribute"
    }, {
      "html" : "<a target=\"player\" data-text=\"The world that never was\" class=\"fader first\" href=\"http://www.youtube.com/embed/JgMXPXdqJn8?controls=1&amp;showinfo=1&amp;modestbranding=0&amp;wmode=opaque&amp;enablejsapi=1\" id=\"default\"></a>",
      "target" : [ "a[data-text=\"The world that never was\"]" ],
      "impact" : "serious",
      "any" : [ {
        "id" : "has-visible-text",
        "impact" : "minor",
        "message" : "Element does not have text that is visible to screen readers",
        "data" : null,
        "relatedNodes" : [ ]
      }, {
        "id" : "aria-label",
        "impact" : "serious",
        "message" : "aria-label attribute does not exist or is empty",
        "data" : null,
        "relatedNodes" : [ ]
      }, {
        "id" : "aria-labelledby",
        "impact" : "serious",
        "message" : "aria-labelledby attribute does not exist, references elements that do not exist or references elements that are empty",
        "data" : null,
        "relatedNodes" : [ ]
      }, {
        "id" : "non-empty-title",
        "impact" : "serious",
        "message" : "Element has no title attribute",
        "data" : {
          "messageKey" : "noAttr"
        },
        "relatedNodes" : [ ]
      } ],
      "all" : [ ],
      "none" : [ {
        "id" : "focusable-no-name",
        "impact" : "serious",
        "message" : "Element is in tab order and does not have accessible text",
        "data" : null,
        "relatedNodes" : [ ]
      } ],
      "failureSummary" : "Fix all of the following:\n  Element is in tab order and does not have accessible text\n\nFix any of the following:\n  Element does not have text that is visible to screen readers\n  aria-label attribute does not exist or is empty\n  aria-labelledby attribute does not exist, references elements that do not exist or references elements that are empty\n  Element has no title attribute"
    } ],
    "url" : null,
    "createdDate" : null
  }, {
    "id" : "region",
    "description" : "Ensures all page content is contained by landmarks",
    "help" : "All page content should be contained by landmarks",
    "helpUrl" : "https://dequeuniversity.com/rules/axe/4.6/region?application=axeAPI",
    "impact" : "moderate",
    "tags" : [ "cat.keyboard", "best-practice" ],
    "nodes" : [ {
      "html" : "<div style=\"width: 1px; height: 1px; display: inline;\">",
      "target" : [ "body > div:nth-child(1)" ],
      "impact" : "moderate",
      "any" : [ {
        "id" : "region",
        "impact" : "moderate",
        "message" : "Some page content is not contained by landmarks",
        "data" : {
          "isIframe" : false
        },
        "relatedNodes" : [ ]
      } ],
      "all" : [ ],
      "none" : [ ],
      "failureSummary" : "Fix any of the following:\n  Some page content is not contained by landmarks"
    }, {
      "html" : "<div id=\"purposeDisclaimer\">This web page is for demonstration purposes, to show common accessibility errors.</div>",
      "target" : [ "#purposeDisclaimer" ],
      "impact" : "moderate",
      "any" : [ {
        "id" : "region",
        "impact" : "moderate",
        "message" : "Some page content is not contained by landmarks",
        "data" : {
          "isIframe" : false
        },
        "relatedNodes" : [ ]
      } ],
      "all" : [ ],
      "none" : [ ],
      "failureSummary" : "Fix any of the following:\n  Some page content is not contained by landmarks"
    }, {
      "html" : "<input type=\"text\" class=\"search\" name=\"query\" placeholder=\"search\">",
      "target" : [ ".loginnow > .container-fluid-full > .container > .span5.pull-left.left-first > .pull-left:nth-child(2) > form[method=\"get\"][action=\"/demo/mars/mars2\"] > .search[name=\"query\"][placeholder=\"search\"]" ],
      "impact" : "moderate",
      "any" : [ {
        "id" : "region",
        "impact" : "moderate",
        "message" : "Some page content is not contained by landmarks",
        "data" : {
          "isIframe" : false
        },
        "relatedNodes" : [ ]
      } ],
      "all" : [ ],
      "none" : [ ],
      "failureSummary" : "Fix any of the following:\n  Some page content is not contained by landmarks"
    }, {
      "html" : "<div class=\"span7 left-first pull-left\" id=\"left-column\">",
      "target" : [ "#left-column" ],
      "impact" : "moderate",
      "any" : [ {
        "id" : "region",
        "impact" : "moderate",
        "message" : "Some page content is not contained by landmarks",
        "data" : {
          "isIframe" : false
        },
        "relatedNodes" : [ ]
      } ],
      "all" : [ ],
      "none" : [ ],
      "failureSummary" : "Fix any of the following:\n  Some page content is not contained by landmarks"
    }, {
      "html" : "<div id=\"widget-controls\" class=\"widget-container head\">",
      "target" : [ "#widget-controls" ],
      "impact" : "moderate",
      "any" : [ {
        "id" : "region",
        "impact" : "moderate",
        "message" : "Some page content is not contained by landmarks",
        "data" : {
          "isIframe" : false
        },
        "relatedNodes" : [ ]
      } ],
      "all" : [ ],
      "none" : [ ],
      "failureSummary" : "Fix any of the following:\n  Some page content is not contained by landmarks"
    }, {
      "html" : "<h3>Book your Trip</h3>",
      "target" : [ "#route-select > .interior-container > h3" ],
      "impact" : "moderate",
      "any" : [ {
        "id" : "region",
        "impact" : "moderate",
        "message" : "Some page content is not contained by landmarks",
        "data" : {
          "isIframe" : false
        },
        "relatedNodes" : [ ]
      } ],
      "all" : [ ],
      "none" : [ ],
      "failureSummary" : "Fix any of the following:\n  Some page content is not contained by landmarks"
    }, {
      "html" : "<div id=\"route-type-radio-group\" class=\"\">",
      "target" : [ "#route-type-radio-group" ],
      "impact" : "moderate",
      "any" : [ {
        "id" : "region",
        "impact" : "moderate",
        "message" : "Some page content is not contained by landmarks",
        "data" : {
          "isIframe" : false
        },
        "relatedNodes" : [ ]
      } ],
      "all" : [ ],
      "none" : [ ],
      "failureSummary" : "Fix any of the following:\n  Some page content is not contained by landmarks"
    }, {
      "html" : "<span class=\"wrapper departure-city\">",
      "target" : [ ".departure-city" ],
      "impact" : "moderate",
      "any" : [ {
        "id" : "region",
        "impact" : "moderate",
        "message" : "Some page content is not contained by landmarks",
        "data" : {
          "isIframe" : false
        },
        "relatedNodes" : [ ]
      } ],
      "all" : [ ],
      "none" : [ ],
      "failureSummary" : "Fix any of the following:\n  Some page content is not contained by landmarks"
    }, {
      "html" : "<span class=\"wrapper arrival-city\">",
      "target" : [ ".arrival-city" ],
      "impact" : "moderate",
      "any" : [ {
        "id" : "region",
        "impact" : "moderate",
        "message" : "Some page content is not contained by landmarks",
        "data" : {
          "isIframe" : false
        },
        "relatedNodes" : [ ]
      } ],
      "all" : [ ],
      "none" : [ ],
      "failureSummary" : "Fix any of the following:\n  Some page content is not contained by landmarks"
    }, {
      "html" : "<label for=\"deptDate0\">Departure Date</label>",
      "target" : [ "label[for=\"deptDate0\"]" ],
      "impact" : "moderate",
      "any" : [ {
        "id" : "region",
        "impact" : "moderate",
        "message" : "Some page content is not contained by landmarks",
        "data" : {
          "isIframe" : false
        },
        "relatedNodes" : [ ]
      } ],
      "all" : [ ],
      "none" : [ ],
      "failureSummary" : "Fix any of the following:\n  Some page content is not contained by landmarks"
    }, {
      "html" : "<input size=\"10\" id=\"deptDate0\" name=\"deptDate0\" placeholder=\"mm/dd/yyyy\" value=\"\" tabindex=\"3\" class=\"hasDatepicker input-dept\">",
      "target" : [ "#deptDate0" ],
      "impact" : "moderate",
      "any" : [ {
        "id" : "region",
        "impact" : "moderate",
        "message" : "Some page content is not contained by landmarks",
        "data" : {
          "isIframe" : false
        },
        "relatedNodes" : [ ]
      } ],
      "all" : [ ],
      "none" : [ ],
      "failureSummary" : "Fix any of the following:\n  Some page content is not contained by landmarks"
    }, {
      "html" : "<span class=\"wrapper time\">",
      "target" : [ ".time" ],
      "impact" : "moderate",
      "any" : [ {
        "id" : "region",
        "impact" : "moderate",
        "message" : "Some page content is not contained by landmarks",
        "data" : {
          "isIframe" : false
        },
        "relatedNodes" : [ ]
      } ],
      "all" : [ ],
      "none" : [ ],
      "failureSummary" : "Fix any of the following:\n  Some page content is not contained by landmarks"
    }, {
      "html" : "<span class=\"add-buttons wrapper add-trip add-leg-width\">\n<a class=\"add-leg\"><span class=\"icon\"></span>Add Another Trip</a>\n\n</span>",
      "target" : [ ".add-leg-width.add-trip.add-buttons" ],
      "impact" : "moderate",
      "any" : [ {
        "id" : "region",
        "impact" : "moderate",
        "message" : "Some page content is not contained by landmarks",
        "data" : {
          "isIframe" : false
        },
        "relatedNodes" : [ ]
      } ],
      "all" : [ ],
      "none" : [ ],
      "failureSummary" : "Fix any of the following:\n  Some page content is not contained by landmarks"
    }, {
      "html" : "<div id=\"pass-question-radio-group\" class=\"\">",
      "target" : [ "#pass-question-radio-group" ],
      "impact" : "moderate",
      "any" : [ {
        "id" : "region",
        "impact" : "moderate",
        "message" : "Some page content is not contained by landmarks",
        "data" : {
          "isIframe" : false
        },
        "relatedNodes" : [ ]
      } ],
      "all" : [ ],
      "none" : [ ],
      "failureSummary" : "Fix any of the following:\n  Some page content is not contained by landmarks"
    }, {
      "html" : "<h3>Who Is Traveling?</h3>",
      "target" : [ ".middle.widget-container:nth-child(13) > .interior-container > h3" ],
      "impact" : "moderate",
      "any" : [ {
        "id" : "region",
        "impact" : "moderate",
        "message" : "Some page content is not contained by landmarks",
        "data" : {
          "isIframe" : false
        },
        "relatedNodes" : [ ]
      } ],
      "all" : [ ],
      "none" : [ ],
      "failureSummary" : "Fix any of the following:\n  Some page content is not contained by landmarks"
    }, {
      "html" : "<span class=\"wrapper\">\n<span class=\"traveler-label\">Traveler</span>\n</span>",
      "target" : [ "#passenger0 > .wrapper:nth-child(1)" ],
      "impact" : "moderate",
      "any" : [ {
        "id" : "region",
        "impact" : "moderate",
        "message" : "Some page content is not contained by landmarks",
        "data" : {
          "isIframe" : false
        },
        "relatedNodes" : [ ]
      } ],
      "all" : [ ],
      "none" : [ ],
      "failureSummary" : "Fix any of the following:\n  Some page content is not contained by landmarks"
    }, {
      "html" : "<span class=\"wrapper age-range\">\n<select id=\"traveler0\" class=\"traveler-type\">\n<option value=\"0\">Adult (26+)</option>\n<option value=\"1\">Youth (12-25)</option>\n<option value=\"2\">Child (4-11)</option>\n<option value=\"3\">Senior (60+)</option>\n</select>\n</span>",
      "target" : [ "#passenger0 > .age-range.wrapper" ],
      "impact" : "moderate",
      "any" : [ {
        "id" : "region",
        "impact" : "moderate",
        "message" : "Some page content is not contained by landmarks",
        "data" : {
          "isIframe" : false
        },
        "relatedNodes" : [ ]
      } ],
      "all" : [ ],
      "none" : [ ],
      "failureSummary" : "Fix any of the following:\n  Some page content is not contained by landmarks"
    }, {
      "html" : "<div class=\"add-buttons\" id=\"add-traveler\">",
      "target" : [ "#add-traveler" ],
      "impact" : "moderate",
      "any" : [ {
        "id" : "region",
        "impact" : "moderate",
        "message" : "Some page content is not contained by landmarks",
        "data" : {
          "isIframe" : false
        },
        "relatedNodes" : [ ]
      } ],
      "all" : [ ],
      "none" : [ ],
      "failureSummary" : "Fix any of the following:\n  Some page content is not contained by landmarks"
    }, {
      "html" : "<h3 id=\"video-text\">Life was possible on Mars</h3>",
      "target" : [ "#video-text" ],
      "impact" : "moderate",
      "any" : [ {
        "id" : "region",
        "impact" : "moderate",
        "message" : "Some page content is not contained by landmarks",
        "data" : {
          "isIframe" : false
        },
        "relatedNodes" : [ ]
      } ],
      "all" : [ ],
      "none" : [ ],
      "failureSummary" : "Fix any of the following:\n  Some page content is not contained by landmarks"
    }, {
      "html" : "<div id=\"player\" style=\"width: 100%; height: 100%;\">",
      "target" : [ "#player", "#player" ],
      "impact" : "moderate",
      "any" : [ {
        "id" : "region",
        "impact" : "moderate",
        "message" : "Some page content is not contained by landmarks",
        "data" : {
          "isIframe" : false
        },
        "relatedNodes" : [ ]
      } ],
      "all" : [ ],
      "none" : [ ],
      "failureSummary" : "Fix any of the following:\n  Some page content is not contained by landmarks"
    }, {
      "html" : "<tr><td><span class=\"fsl fwb\"><a href=\"../mars2.html\" target=\"_blank\">Mars Commuter Express</a></span></td></tr>",
      "target" : [ "#fafbba78", "._8m > table > tbody > tr:nth-child(1)" ],
      "impact" : "moderate",
      "any" : [ {
        "id" : "region",
        "impact" : "moderate",
        "message" : "Some page content is not contained by landmarks",
        "data" : {
          "isIframe" : false
        },
        "relatedNodes" : [ ]
      } ],
      "all" : [ ],
      "none" : [ ],
      "failureSummary" : "Fix any of the following:\n  Some page content is not contained by landmarks"
    }, {
      "html" : "<span id=\"u_0_2\">378,121</span>",
      "target" : [ "#fafbba78", "#u_0_2" ],
      "impact" : "moderate",
      "any" : [ {
        "id" : "region",
        "impact" : "moderate",
        "message" : "Some page content is not contained by landmarks",
        "data" : {
          "isIframe" : false
        },
        "relatedNodes" : [ ]
      } ],
      "all" : [ ],
      "none" : [ ],
      "failureSummary" : "Fix any of the following:\n  Some page content is not contained by landmarks"
    }, {
      "html" : "<div class=\"btn-o\" contextmenu=\"menu\"><a id=\"follow-button\" target=\"_blank\" class=\"btn\" title=\"Follow MarsCommuter on Twitter\" href=\"mars2.html\"><i></i><span class=\"label\" id=\"l\">Follow @MarsTrip1</span></a></div>",
      "target" : [ ".twitter-follow-button", ".btn-o" ],
      "impact" : "moderate",
      "any" : [ {
        "id" : "region",
        "impact" : "moderate",
        "message" : "Some page content is not contained by landmarks",
        "data" : {
          "isIframe" : false
        },
        "relatedNodes" : [ ]
      } ],
      "all" : [ ],
      "none" : [ ],
      "failureSummary" : "Fix any of the following:\n  Some page content is not contained by landmarks"
    }, {
      "html" : "<img src=\"../images/f.gif\" alt=\"\" style=\"position: absolute; height: 1px; width: 1px; top: -9999px; left: -9999px;\">",
      "target" : [ ".twitter-follow-button", "img[src=\"../images/f.gif\"]" ],
      "impact" : "moderate",
      "any" : [ {
        "id" : "region",
        "impact" : "moderate",
        "message" : "Some page content is not contained by landmarks",
        "data" : {
          "isIframe" : false
        },
        "relatedNodes" : [ ]
      } ],
      "all" : [ ],
      "none" : [ ],
      "failureSummary" : "Fix any of the following:\n  Some page content is not contained by landmarks"
    }, {
      "html" : "<img src=\"jot\" alt=\"\" style=\"position: absolute; height: 1px; width: 1px; top: -9999px; left: -9999px;\">",
      "target" : [ ".twitter-follow-button", "img[src$=\"jot\"]" ],
      "impact" : "moderate",
      "any" : [ {
        "id" : "region",
        "impact" : "moderate",
        "message" : "Some page content is not contained by landmarks",
        "data" : {
          "isIframe" : false
        },
        "relatedNodes" : [ ]
      } ],
      "all" : [ ],
      "none" : [ ],
      "failureSummary" : "Fix any of the following:\n  Some page content is not contained by landmarks"
    }, {
      "html" : "<li class=\"social-google\">",
      "target" : [ ".social-google" ],
      "impact" : "moderate",
      "any" : [ {
        "id" : "region",
        "impact" : "moderate",
        "message" : "Some page content is not contained by landmarks",
        "data" : {
          "isIframe" : false
        },
        "relatedNodes" : [ ]
      } ],
      "all" : [ ],
      "none" : [ ],
      "failureSummary" : "Fix any of the following:\n  Some page content is not contained by landmarks"
    }, {
      "html" : "<li class=\"social-app\">",
      "target" : [ ".social-app" ],
      "impact" : "moderate",
      "any" : [ {
        "id" : "region",
        "impact" : "moderate",
        "message" : "Some page content is not contained by landmarks",
        "data" : {
          "isIframe" : false
        },
        "relatedNodes" : [ ]
      } ],
      "all" : [ ],
      "none" : [ ],
      "failureSummary" : "Fix any of the following:\n  Some page content is not contained by landmarks"
    }, {
      "html" : "<li class=\"social-community\">",
      "target" : [ ".social-community" ],
      "impact" : "moderate",
      "any" : [ {
        "id" : "region",
        "impact" : "moderate",
        "message" : "Some page content is not contained by landmarks",
        "data" : {
          "isIframe" : false
        },
        "relatedNodes" : [ ]
      } ],
      "all" : [ ],
      "none" : [ ],
      "failureSummary" : "Fix any of the following:\n  Some page content is not contained by landmarks"
    }, {
      "html" : "<h4>Book Your Trip</h4>",
      "target" : [ "#footer-book > h4" ],
      "impact" : "moderate",
      "any" : [ {
        "id" : "region",
        "impact" : "moderate",
        "message" : "Some page content is not contained by landmarks",
        "data" : {
          "isIframe" : false
        },
        "relatedNodes" : [ ]
      } ],
      "all" : [ ],
      "none" : [ ],
      "failureSummary" : "Fix any of the following:\n  Some page content is not contained by landmarks"
    }, {
      "html" : "<ul>",
      "target" : [ "#footer-book > ul" ],
      "impact" : "moderate",
      "any" : [ {
        "id" : "region",
        "impact" : "moderate",
        "message" : "Some page content is not contained by landmarks",
        "data" : {
          "isIframe" : false
        },
        "relatedNodes" : [ ]
      } ],
      "all" : [ ],
      "none" : [ ],
      "failureSummary" : "Fix any of the following:\n  Some page content is not contained by landmarks"
    }, {
      "html" : "<h4>Mars Shuttles</h4>",
      "target" : [ "#footer-trains > h4" ],
      "impact" : "moderate",
      "any" : [ {
        "id" : "region",
        "impact" : "moderate",
        "message" : "Some page content is not contained by landmarks",
        "data" : {
          "isIframe" : false
        },
        "relatedNodes" : [ ]
      } ],
      "all" : [ ],
      "none" : [ ],
      "failureSummary" : "Fix any of the following:\n  Some page content is not contained by landmarks"
    }, {
      "html" : "<ul>",
      "target" : [ "#footer-trains > ul" ],
      "impact" : "moderate",
      "any" : [ {
        "id" : "region",
        "impact" : "moderate",
        "message" : "Some page content is not contained by landmarks",
        "data" : {
          "isIframe" : false
        },
        "relatedNodes" : [ ]
      } ],
      "all" : [ ],
      "none" : [ ],
      "failureSummary" : "Fix any of the following:\n  Some page content is not contained by landmarks"
    }, {
      "html" : "<h4>Mars Tourist Passes</h4>",
      "target" : [ "#footer-passes > h4" ],
      "impact" : "moderate",
      "any" : [ {
        "id" : "region",
        "impact" : "moderate",
        "message" : "Some page content is not contained by landmarks",
        "data" : {
          "isIframe" : false
        },
        "relatedNodes" : [ ]
      } ],
      "all" : [ ],
      "none" : [ ],
      "failureSummary" : "Fix any of the following:\n  Some page content is not contained by landmarks"
    }, {
      "html" : "<ul>",
      "target" : [ "#footer-passes > ul" ],
      "impact" : "moderate",
      "any" : [ {
        "id" : "region",
        "impact" : "moderate",
        "message" : "Some page content is not contained by landmarks",
        "data" : {
          "isIframe" : false
        },
        "relatedNodes" : [ ]
      } ],
      "all" : [ ],
      "none" : [ ],
      "failureSummary" : "Fix any of the following:\n  Some page content is not contained by landmarks"
    }, {
      "html" : "<h4>Mars Adventures</h4>",
      "target" : [ "#footer-plan > h4" ],
      "impact" : "moderate",
      "any" : [ {
        "id" : "region",
        "impact" : "moderate",
        "message" : "Some page content is not contained by landmarks",
        "data" : {
          "isIframe" : false
        },
        "relatedNodes" : [ ]
      } ],
      "all" : [ ],
      "none" : [ ],
      "failureSummary" : "Fix any of the following:\n  Some page content is not contained by landmarks"
    }, {
      "html" : "<ul>",
      "target" : [ "#footer-plan > ul" ],
      "impact" : "moderate",
      "any" : [ {
        "id" : "region",
        "impact" : "moderate",
        "message" : "Some page content is not contained by landmarks",
        "data" : {
          "isIframe" : false
        },
        "relatedNodes" : [ ]
      } ],
      "all" : [ ],
      "none" : [ ],
      "failureSummary" : "Fix any of the following:\n  Some page content is not contained by landmarks"
    }, {
      "html" : "<h4>FAQs</h4>",
      "target" : [ "#footer-faq > h4" ],
      "impact" : "moderate",
      "any" : [ {
        "id" : "region",
        "impact" : "moderate",
        "message" : "Some page content is not contained by landmarks",
        "data" : {
          "isIframe" : false
        },
        "relatedNodes" : [ ]
      } ],
      "all" : [ ],
      "none" : [ ],
      "failureSummary" : "Fix any of the following:\n  Some page content is not contained by landmarks"
    }, {
      "html" : "<ul>",
      "target" : [ "#footer-faq > ul" ],
      "impact" : "moderate",
      "any" : [ {
        "id" : "region",
        "impact" : "moderate",
        "message" : "Some page content is not contained by landmarks",
        "data" : {
          "isIframe" : false
        },
        "relatedNodes" : [ ]
      } ],
      "all" : [ ],
      "none" : [ ],
      "failureSummary" : "Fix any of the following:\n  Some page content is not contained by landmarks"
    }, {
      "html" : "<h4>Connect With Us</h4>",
      "target" : [ "#footer-connect > h4" ],
      "impact" : "moderate",
      "any" : [ {
        "id" : "region",
        "impact" : "moderate",
        "message" : "Some page content is not contained by landmarks",
        "data" : {
          "isIframe" : false
        },
        "relatedNodes" : [ ]
      } ],
      "all" : [ ],
      "none" : [ ],
      "failureSummary" : "Fix any of the following:\n  Some page content is not contained by landmarks"
    }, {
      "html" : "<ul>",
      "target" : [ "#footer-connect > ul" ],
      "impact" : "moderate",
      "any" : [ {
        "id" : "region",
        "impact" : "moderate",
        "message" : "Some page content is not contained by landmarks",
        "data" : {
          "isIframe" : false
        },
        "relatedNodes" : [ ]
      } ],
      "all" : [ ],
      "none" : [ ],
      "failureSummary" : "Fix any of the following:\n  Some page content is not contained by landmarks"
    }, {
      "html" : "<div id=\"copyright\" class=\"container\">",
      "target" : [ "#copyright" ],
      "impact" : "moderate",
      "any" : [ {
        "id" : "region",
        "impact" : "moderate",
        "message" : "Some page content is not contained by landmarks",
        "data" : {
          "isIframe" : false
        },
        "relatedNodes" : [ ]
      } ],
      "all" : [ ],
      "none" : [ ],
      "failureSummary" : "Fix any of the following:\n  Some page content is not contained by landmarks"
    } ],
    "url" : null,
    "createdDate" : null
  }, {
    "id" : "select-name",
    "description" : "Ensures select element has an accessible name",
    "help" : "Select element must have an accessible name",
    "helpUrl" : "https://dequeuniversity.com/rules/axe/4.6/select-name?application=axeAPI",
    "impact" : "critical",
    "tags" : [ "cat.forms", "wcag2a", "wcag412", "section508", "section508.22.n", "ACT" ],
    "nodes" : [ {
      "html" : "<select name=\"time0\" id=\"time0\" class=\"select-time\" tabindex=\"4\">",
      "target" : [ "#time0" ],
      "impact" : "critical",
      "any" : [ {
        "id" : "implicit-label",
        "impact" : "critical",
        "message" : "Form element does not have an implicit (wrapped) <label>",
        "data" : null,
        "relatedNodes" : [ ]
      }, {
        "id" : "explicit-label",
        "impact" : "critical",
        "message" : "Form element does not have an explicit <label>",
        "data" : null,
        "relatedNodes" : [ ]
      }, {
        "id" : "aria-label",
        "impact" : "serious",
        "message" : "aria-label attribute does not exist or is empty",
        "data" : null,
        "relatedNodes" : [ ]
      }, {
        "id" : "aria-labelledby",
        "impact" : "serious",
        "message" : "aria-labelledby attribute does not exist, references elements that do not exist or references elements that are empty",
        "data" : null,
        "relatedNodes" : [ ]
      }, {
        "id" : "non-empty-title",
        "impact" : "serious",
        "message" : "Element has no title attribute",
        "data" : {
          "messageKey" : "noAttr"
        },
        "relatedNodes" : [ ]
      }, {
        "id" : "presentational-role",
        "impact" : "minor",
        "message" : "Element's default semantics were not overridden with role=\"none\" or role=\"presentation\"",
        "data" : null,
        "relatedNodes" : [ ]
      } ],
      "all" : [ ],
      "none" : [ ],
      "failureSummary" : "Fix any of the following:\n  Form element does not have an implicit (wrapped) <label>\n  Form element does not have an explicit <label>\n  aria-label attribute does not exist or is empty\n  aria-labelledby attribute does not exist, references elements that do not exist or references elements that are empty\n  Element has no title attribute\n  Element's default semantics were not overridden with role=\"none\" or role=\"presentation\""
    }, {
      "html" : "<select id=\"traveler0\" class=\"traveler-type\">\n<option value=\"0\">Adult (26+)</option>\n<option value=\"1\">Youth (12-25)</option>\n<option value=\"2\">Child (4-11)</option>\n<option value=\"3\">Senior (60+)</option>\n</select>",
      "target" : [ "#passenger0 > .age-range.wrapper > .traveler-type" ],
      "impact" : "critical",
      "any" : [ {
        "id" : "implicit-label",
        "impact" : "critical",
        "message" : "Form element does not have an implicit (wrapped) <label>",
        "data" : null,
        "relatedNodes" : [ ]
      }, {
        "id" : "explicit-label",
        "impact" : "critical",
        "message" : "Form element does not have an explicit <label>",
        "data" : null,
        "relatedNodes" : [ ]
      }, {
        "id" : "aria-label",
        "impact" : "serious",
        "message" : "aria-label attribute does not exist or is empty",
        "data" : null,
        "relatedNodes" : [ ]
      }, {
        "id" : "aria-labelledby",
        "impact" : "serious",
        "message" : "aria-labelledby attribute does not exist, references elements that do not exist or references elements that are empty",
        "data" : null,
        "relatedNodes" : [ ]
      }, {
        "id" : "non-empty-title",
        "impact" : "serious",
        "message" : "Element has no title attribute",
        "data" : {
          "messageKey" : "noAttr"
        },
        "relatedNodes" : [ ]
      }, {
        "id" : "presentational-role",
        "impact" : "minor",
        "message" : "Element's default semantics were not overridden with role=\"none\" or role=\"presentation\"",
        "data" : null,
        "relatedNodes" : [ ]
      } ],
      "all" : [ ],
      "none" : [ ],
      "failureSummary" : "Fix any of the following:\n  Form element does not have an implicit (wrapped) <label>\n  Form element does not have an explicit <label>\n  aria-label attribute does not exist or is empty\n  aria-labelledby attribute does not exist, references elements that do not exist or references elements that are empty\n  Element has no title attribute\n  Element's default semantics were not overridden with role=\"none\" or role=\"presentation\""
    } ],
    "url" : null,
    "createdDate" : null
  }, {
    "id" : "tabindex",
    "description" : "Ensures tabindex attribute values are not greater than 0",
    "help" : "Elements should not have tabindex greater than zero",
    "helpUrl" : "https://dequeuniversity.com/rules/axe/4.6/tabindex?application=axeAPI",
    "impact" : "serious",
    "tags" : [ "cat.keyboard", "best-practice" ],
    "nodes" : [ {
      "html" : "<input type=\"text\" value=\"\" class=\"city-input ac_input ui-autocomplete-input\" autocomplete=\"off\" id=\"from0\" name=\"from0\" tabindex=\"1\" role=\"textbox\" aria-autocomplete=\"list\" aria-haspopup=\"true\">",
      "target" : [ "#from0" ],
      "impact" : "serious",
      "any" : [ {
        "id" : "tabindex",
        "impact" : "serious",
        "message" : "Element has a tabindex greater than 0",
        "data" : null,
        "relatedNodes" : [ ]
      } ],
      "all" : [ ],
      "none" : [ ],
      "failureSummary" : "Fix any of the following:\n  Element has a tabindex greater than 0"
    }, {
      "html" : "<input type=\"text\" value=\"\" class=\"city-input ac_input ui-autocomplete-input\" autocomplete=\"off\" id=\"to0\" name=\"to0\" tabindex=\"1\" role=\"textbox\" aria-autocomplete=\"list\" aria-haspopup=\"true\">",
      "target" : [ "#to0" ],
      "impact" : "serious",
      "any" : [ {
        "id" : "tabindex",
        "impact" : "serious",
        "message" : "Element has a tabindex greater than 0",
        "data" : null,
        "relatedNodes" : [ ]
      } ],
      "all" : [ ],
      "none" : [ ],
      "failureSummary" : "Fix any of the following:\n  Element has a tabindex greater than 0"
    }, {
      "html" : "<input size=\"10\" id=\"deptDate0\" name=\"deptDate0\" placeholder=\"mm/dd/yyyy\" value=\"\" tabindex=\"3\" class=\"hasDatepicker input-dept\">",
      "target" : [ "#deptDate0" ],
      "impact" : "serious",
      "any" : [ {
        "id" : "tabindex",
        "impact" : "serious",
        "message" : "Element has a tabindex greater than 0",
        "data" : null,
        "relatedNodes" : [ ]
      } ],
      "all" : [ ],
      "none" : [ ],
      "failureSummary" : "Fix any of the following:\n  Element has a tabindex greater than 0"
    }, {
      "html" : "<select name=\"time0\" id=\"time0\" class=\"select-time\" tabindex=\"4\">",
      "target" : [ "#time0" ],
      "impact" : "serious",
      "any" : [ {
        "id" : "tabindex",
        "impact" : "serious",
        "message" : "Element has a tabindex greater than 0",
        "data" : null,
        "relatedNodes" : [ ]
      } ],
      "all" : [ ],
      "none" : [ ],
      "failureSummary" : "Fix any of the following:\n  Element has a tabindex greater than 0"
    } ],
    "url" : null,
    "createdDate" : null
  } ],
  "incomplete" : [ {
    "id" : "aria-allowed-attr",
    "description" : "Ensures ARIA attributes are allowed for an element's role",
    "help" : "Elements must only use allowed ARIA attributes",
    "helpUrl" : "https://dequeuniversity.com/rules/axe/4.6/aria-allowed-attr?application=axeAPI",
    "impact" : "serious",
    "tags" : [ "cat.aria", "wcag2a", "wcag412" ],
    "nodes" : [ {
      "html" : "<div class=\"html5-video-player ytp-exp-bottom-control-flexbox ytp-title-enable-channel-logo ytp-fine-scrubbing-exp ytp-embed ytp-embed-playlist unstarted-mode ytp-hide-controls ytp-small-mode\" tabindex=\"-1\" id=\"movie_player\" data-version=\"/s/player/6f20102c/player_ias.vflset/en_US/base.js\" aria-label=\"YouTube Video Player\">",
      "target" : [ "#player", "#movie_player" ],
      "impact" : "serious",
      "any" : [ ],
      "all" : [ ],
      "none" : [ {
        "id" : "aria-prohibited-attr",
        "impact" : "serious",
        "message" : "aria-label attribute is not well supported on a div with no valid role attribute.",
        "data" : {
          "messageKey" : "noRoleSingular",
          "nodeName" : "div",
          "prohibited" : [ "aria-label" ],
          "role" : null
        },
        "relatedNodes" : [ ]
      } ],
      "failureSummary" : "Fix all of the following:\n  aria-label attribute is not well supported on a div with no valid role attribute."
    } ],
    "url" : null,
    "createdDate" : null
  }, {
    "id" : "color-contrast",
    "description" : "Ensures the contrast between foreground and background colors meets WCAG 2 AA contrast ratio thresholds",
    "help" : "Elements must have sufficient color contrast",
    "helpUrl" : "https://dequeuniversity.com/rules/axe/4.6/color-contrast?application=axeAPI",
    "impact" : "serious",
    "tags" : [ "cat.color", "wcag2aa", "wcag143", "ACT" ],
    "nodes" : [ {
      "html" : "<span class=\"link-text\">Add a trip</span>",
      "target" : [ "a[href=\"mars2.html?a=add_trip.html\"] > .link-text" ],
      "impact" : "serious",
      "any" : [ {
        "id" : "color-contrast",
        "impact" : "serious",
        "message" : "Element's background color could not be determined due to a background gradient",
        "data" : {
          "contrastRatio" : 0,
          "expectedContrastRatio" : "4.5:1",
          "fgColor" : "#ffffff",
          "fontSize" : "9.0pt (12px)",
          "fontWeight" : "normal",
          "messageKey" : "bgGradient"
        },
        "relatedNodes" : [ {
          "html" : "<div id=\"control-panel\" class=\"container-fluid-full\">",
          "target" : [ ".loginnow > .container-fluid-full" ]
        } ]
      } ],
      "all" : [ ],
      "none" : [ ],
      "failureSummary" : "Fix any of the following:\n  Element's background color could not be determined due to a background gradient"
    }, {
      "html" : "<span class=\"link-text\">Find a pass</span>",
      "target" : [ "a[href=\"mars2.html?a=find_pass.html\"] > .link-text" ],
      "impact" : "serious",
      "any" : [ {
        "id" : "color-contrast",
        "impact" : "serious",
        "message" : "Element's background color could not be determined due to a background gradient",
        "data" : {
          "contrastRatio" : 0,
          "expectedContrastRatio" : "4.5:1",
          "fgColor" : "#ffffff",
          "fontSize" : "9.0pt (12px)",
          "fontWeight" : "normal",
          "messageKey" : "bgGradient"
        },
        "relatedNodes" : [ {
          "html" : "<div id=\"control-panel\" class=\"container-fluid-full\">",
          "target" : [ ".loginnow > .container-fluid-full" ]
        } ]
      } ],
      "all" : [ ],
      "none" : [ ],
      "failureSummary" : "Fix any of the following:\n  Element's background color could not be determined due to a background gradient"
    }, {
      "html" : "<span class=\"fb_button_text\">Login</span>",
      "target" : [ ".fb_button_text" ],
      "impact" : "serious",
      "any" : [ {
        "id" : "color-contrast",
        "impact" : "serious",
        "message" : "Element's background color could not be determined due to a background image",
        "data" : {
          "contrastRatio" : 0,
          "expectedContrastRatio" : "4.5:1",
          "fgColor" : "#ffffff",
          "fontSize" : "8.3pt (11px)",
          "fontWeight" : "bold",
          "messageKey" : "bgImage"
        },
        "relatedNodes" : [ {
          "html" : "<span class=\"fb_button_text\">Login</span>",
          "target" : [ ".fb_button_text" ]
        } ]
      } ],
      "all" : [ ],
      "none" : [ ],
      "failureSummary" : "Fix any of the following:\n  Element's background color could not be determined due to a background image"
    }, {
      "html" : "<div class=\"link-text\">or</div>",
      "target" : [ ".content > .link-text" ],
      "impact" : "serious",
      "any" : [ {
        "id" : "color-contrast",
        "impact" : "serious",
        "message" : "Element's background color could not be determined due to a background gradient",
        "data" : {
          "contrastRatio" : 0,
          "expectedContrastRatio" : "4.5:1",
          "fgColor" : "#ffffff",
          "fontSize" : "9.0pt (12px)",
          "fontWeight" : "normal",
          "messageKey" : "bgGradient"
        },
        "relatedNodes" : [ {
          "html" : "<div id=\"control-panel\" class=\"container-fluid-full\">",
          "target" : [ ".loginnow > .container-fluid-full" ]
        } ]
      } ],
      "all" : [ ],
      "none" : [ ],
      "failureSummary" : "Fix any of the following:\n  Element's background color could not be determined due to a background gradient"
    }, {
      "html" : "<a href=\"mars2.html?a=sign_in\">Sign In&nbsp;</a>",
      "target" : [ "a[href=\"mars2.html?a=sign_in\"]" ],
      "impact" : "serious",
      "any" : [ {
        "id" : "color-contrast",
        "impact" : "serious",
        "message" : "Element's background color could not be determined due to a background gradient",
        "data" : {
          "contrastRatio" : 0,
          "expectedContrastRatio" : "4.5:1",
          "fgColor" : "#ffffff",
          "fontSize" : "9.0pt (12px)",
          "fontWeight" : "normal",
          "messageKey" : "bgGradient"
        },
        "relatedNodes" : [ {
          "html" : "<div id=\"control-panel\" class=\"container-fluid-full\">",
          "target" : [ ".loginnow > .container-fluid-full" ]
        } ]
      } ],
      "all" : [ ],
      "none" : [ ],
      "failureSummary" : "Fix any of the following:\n  Element's background color could not be determined due to a background gradient"
    }, {
      "html" : "<span class=\"link-text\">My Cart</span>",
      "target" : [ "a[href=\"mars2.html?a=cart\"] > .link-text:nth-child(2)" ],
      "impact" : "serious",
      "any" : [ {
        "id" : "color-contrast",
        "impact" : "serious",
        "message" : "Element's background color could not be determined due to a background gradient",
        "data" : {
          "contrastRatio" : 0,
          "expectedContrastRatio" : "4.5:1",
          "fgColor" : "#ffffff",
          "fontSize" : "9.0pt (12px)",
          "fontWeight" : "normal",
          "messageKey" : "bgGradient"
        },
        "relatedNodes" : [ {
          "html" : "<div id=\"control-panel\" class=\"container-fluid-full\">",
          "target" : [ ".loginnow > .container-fluid-full" ]
        } ]
      } ],
      "all" : [ ],
      "none" : [ ],
      "failureSummary" : "Fix any of the following:\n  Element's background color could not be determined due to a background gradient"
    }, {
      "html" : "<span class=\"link-text price-recap\">$0.00</span>",
      "target" : [ "a[href=\"mars2.html?a=cart\"] > .price-recap.link-text" ],
      "impact" : "serious",
      "any" : [ {
        "id" : "color-contrast",
        "impact" : "serious",
        "message" : "Element's background color could not be determined due to a background gradient",
        "data" : {
          "contrastRatio" : 0,
          "expectedContrastRatio" : "4.5:1",
          "fgColor" : "#ffffff",
          "fontSize" : "9.0pt (12px)",
          "fontWeight" : "normal",
          "messageKey" : "bgGradient"
        },
        "relatedNodes" : [ {
          "html" : "<div id=\"control-panel\" class=\"container-fluid-full\">",
          "target" : [ ".loginnow > .container-fluid-full" ]
        } ]
      } ],
      "all" : [ ],
      "none" : [ ],
      "failureSummary" : "Fix any of the following:\n  Element's background color could not be determined due to a background gradient"
    }, {
      "html" : "<a class=\"link\" href=\"mars2.html?a=send_me_to_mars\">Send me to Mars!</a>",
      "target" : [ "a[href=\"mars2.html?a=send_me_to_mars\"]" ],
      "impact" : "serious",
      "any" : [ {
        "id" : "color-contrast",
        "impact" : "serious",
        "message" : "Element's background color could not be determined due to a background image",
        "data" : {
          "contrastRatio" : 0,
          "expectedContrastRatio" : "4.5:1",
          "fgColor" : "#067ab4",
          "fontSize" : "11.3pt (15px)",
          "fontWeight" : "normal",
          "messageKey" : "bgImage"
        },
        "relatedNodes" : [ {
          "html" : "<li><a class=\"link\" href=\"mars2.html?a=send_me_to_mars\">Send me to Mars!</a></li>",
          "target" : [ "#main-nav > ul > li:nth-child(2)" ]
        } ]
      } ],
      "all" : [ ],
      "none" : [ ],
      "failureSummary" : "Fix any of the following:\n  Element's background color could not be determined due to a background image"
    }, {
      "html" : "<a class=\"link\" href=\"mars2.html?a=hotels\">Hotels</a>",
      "target" : [ "a[href=\"mars2.html?a=hotels\"]" ],
      "impact" : "serious",
      "any" : [ {
        "id" : "color-contrast",
        "impact" : "serious",
        "message" : "Element's background color could not be determined due to a background image",
        "data" : {
          "contrastRatio" : 0,
          "expectedContrastRatio" : "4.5:1",
          "fgColor" : "#067ab4",
          "fontSize" : "11.3pt (15px)",
          "fontWeight" : "normal",
          "messageKey" : "bgImage"
        },
        "relatedNodes" : [ {
          "html" : "<li><a class=\"link\" href=\"mars2.html?a=hotels\">Hotels</a></li>",
          "target" : [ "#main-nav > ul > li:nth-child(3)" ]
        } ]
      } ],
      "all" : [ ],
      "none" : [ ],
      "failureSummary" : "Fix any of the following:\n  Element's background color could not be determined due to a background image"
    }, {
      "html" : "<a class=\"link\" href=\"mars2.html?a=things_to_do\">Things to Do</a>",
      "target" : [ "a[href=\"mars2.html?a=things_to_do\"]" ],
      "impact" : "serious",
      "any" : [ {
        "id" : "color-contrast",
        "impact" : "serious",
        "message" : "Element's background color could not be determined due to a background image",
        "data" : {
          "contrastRatio" : 0,
          "expectedContrastRatio" : "4.5:1",
          "fgColor" : "#067ab4",
          "fontSize" : "11.3pt (15px)",
          "fontWeight" : "normal",
          "messageKey" : "bgImage"
        },
        "relatedNodes" : [ {
          "html" : "<li><a class=\"link\" href=\"mars2.html?a=things_to_do\">Things to Do</a></li>",
          "target" : [ "#main-nav > ul > li:nth-child(4)" ]
        } ]
      } ],
      "all" : [ ],
      "none" : [ ],
      "failureSummary" : "Fix any of the following:\n  Element's background color could not be determined due to a background image"
    }, {
      "html" : "<a class=\"link\" href=\"mars2.html?a=mars_map\">Mars Map</a>",
      "target" : [ "a[href=\"mars2.html?a=mars_map\"]" ],
      "impact" : "serious",
      "any" : [ {
        "id" : "color-contrast",
        "impact" : "serious",
        "message" : "Element's background color could not be determined due to a background image",
        "data" : {
          "contrastRatio" : 0,
          "expectedContrastRatio" : "4.5:1",
          "fgColor" : "#067ab4",
          "fontSize" : "11.3pt (15px)",
          "fontWeight" : "normal",
          "messageKey" : "bgImage"
        },
        "relatedNodes" : [ {
          "html" : "<li><a class=\"link\" href=\"mars2.html?a=mars_map\">Mars Map</a></li>",
          "target" : [ "#main-nav > ul > li:nth-child(5)" ]
        } ]
      } ],
      "all" : [ ],
      "none" : [ ],
      "failureSummary" : "Fix any of the following:\n  Element's background color could not be determined due to a background image"
    }, {
      "html" : "<a class=\"link\" href=\"mars2.html?a=rockets\">Rockets</a>",
      "target" : [ "a[href=\"mars2.html?a=rockets\"]" ],
      "impact" : "serious",
      "any" : [ {
        "id" : "color-contrast",
        "impact" : "serious",
        "message" : "Element's background color could not be determined due to a background gradient",
        "data" : {
          "contrastRatio" : 0,
          "expectedContrastRatio" : "4.5:1",
          "fgColor" : "#067ab4",
          "fontSize" : "8.3pt (11px)",
          "fontWeight" : "normal",
          "messageKey" : "bgGradient"
        },
        "relatedNodes" : [ {
          "html" : "<div id=\"menu-panel\" class=\"container\">",
          "target" : [ "#menu-panel" ]
        } ]
      } ],
      "all" : [ ],
      "none" : [ ],
      "failureSummary" : "Fix any of the following:\n  Element's background color could not be determined due to a background gradient"
    }, {
      "html" : "<a class=\"link\" href=\"mars2.html?a=deals\">Deals</a>",
      "target" : [ "a[href=\"mars2.html?a=deals\"]" ],
      "impact" : "serious",
      "any" : [ {
        "id" : "color-contrast",
        "impact" : "serious",
        "message" : "Element's background color could not be determined due to a background gradient",
        "data" : {
          "contrastRatio" : 0,
          "expectedContrastRatio" : "4.5:1",
          "fgColor" : "#067ab4",
          "fontSize" : "8.3pt (11px)",
          "fontWeight" : "normal",
          "messageKey" : "bgGradient"
        },
        "relatedNodes" : [ {
          "html" : "<div id=\"menu-panel\" class=\"container\">",
          "target" : [ "#menu-panel" ]
        } ]
      } ],
      "all" : [ ],
      "none" : [ ],
      "failureSummary" : "Fix any of the following:\n  Element's background color could not be determined due to a background gradient"
    }, {
      "html" : "<a class=\"link\" href=\"mars2.html?a=groups\">Groups</a>",
      "target" : [ "a[href=\"mars2.html?a=groups\"]" ],
      "impact" : "serious",
      "any" : [ {
        "id" : "color-contrast",
        "impact" : "serious",
        "message" : "Element's background color could not be determined due to a background gradient",
        "data" : {
          "contrastRatio" : 0,
          "expectedContrastRatio" : "4.5:1",
          "fgColor" : "#067ab4",
          "fontSize" : "8.3pt (11px)",
          "fontWeight" : "normal",
          "messageKey" : "bgGradient"
        },
        "relatedNodes" : [ {
          "html" : "<div id=\"menu-panel\" class=\"container\">",
          "target" : [ "#menu-panel" ]
        } ]
      } ],
      "all" : [ ],
      "none" : [ ],
      "failureSummary" : "Fix any of the following:\n  Element's background color could not be determined due to a background gradient"
    }, {
      "html" : "<a class=\"link\" href=\"mars2.html?a=about_us\">About Us</a>",
      "target" : [ ".link[href=\"mars2.html?a=about_us\"]" ],
      "impact" : "serious",
      "any" : [ {
        "id" : "color-contrast",
        "impact" : "serious",
        "message" : "Element's background color could not be determined due to a background gradient",
        "data" : {
          "contrastRatio" : 0,
          "expectedContrastRatio" : "4.5:1",
          "fgColor" : "#067ab4",
          "fontSize" : "8.3pt (11px)",
          "fontWeight" : "normal",
          "messageKey" : "bgGradient"
        },
        "relatedNodes" : [ {
          "html" : "<div id=\"menu-panel\" class=\"container\">",
          "target" : [ "#menu-panel" ]
        } ]
      } ],
      "all" : [ ],
      "none" : [ ],
      "failureSummary" : "Fix any of the following:\n  Element's background color could not be determined due to a background gradient"
    }, {
      "html" : "<a class=\"link\" href=\"mars2.html?a=help\">Help!</a>",
      "target" : [ ".link[href=\"mars2.html?a=help\"]" ],
      "impact" : "serious",
      "any" : [ {
        "id" : "color-contrast",
        "impact" : "serious",
        "message" : "Element's background color could not be determined due to a background gradient",
        "data" : {
          "contrastRatio" : 0,
          "expectedContrastRatio" : "4.5:1",
          "fgColor" : "#067ab4",
          "fontSize" : "8.3pt (11px)",
          "fontWeight" : "normal",
          "messageKey" : "bgGradient"
        },
        "relatedNodes" : [ {
          "html" : "<div id=\"menu-panel\" class=\"container\">",
          "target" : [ "#menu-panel" ]
        } ]
      } ],
      "all" : [ ],
      "none" : [ ],
      "failureSummary" : "Fix any of the following:\n  Element's background color could not be determined due to a background gradient"
    }, {
      "html" : "<p>Step out of your comfort zone, and into a rocket with enough fuel to blast a Manhattan-sized crater if it explodes. But it won't. Probably.<br>\n&nbsp; </p>",
      "target" : [ "#vap-plan > p:nth-child(3)" ],
      "impact" : "serious",
      "any" : [ {
        "id" : "color-contrast",
        "impact" : "serious",
        "message" : "Element's background color could not be determined because it is overlapped by another element",
        "data" : {
          "contrastRatio" : 0,
          "expectedContrastRatio" : "4.5:1",
          "fgColor" : "#acbad0",
          "fontSize" : "9.0pt (12px)",
          "fontWeight" : "normal",
          "messageKey" : "bgOverlap"
        },
        "relatedNodes" : [ ]
      } ],
      "all" : [ ],
      "none" : [ ],
      "failureSummary" : "Fix any of the following:\n  Element's background color could not be determined because it is overlapped by another element"
    }, {
      "html" : "<span class=\"link-text\">Why MarsCommuter?</span>",
      "target" : [ "a[href=\"mars2.html?a=why_marscommuter\"] > .link-text" ],
      "impact" : "serious",
      "any" : [ {
        "id" : "color-contrast",
        "impact" : "serious",
        "message" : "Element's background color could not be determined because it is overlapped by another element",
        "data" : {
          "contrastRatio" : 0,
          "expectedContrastRatio" : "4.5:1",
          "fgColor" : "#e7c643",
          "fontSize" : "8.3pt (11px)",
          "fontWeight" : "normal",
          "messageKey" : "bgOverlap"
        },
        "relatedNodes" : [ ]
      } ],
      "all" : [ ],
      "none" : [ ],
      "failureSummary" : "Fix any of the following:\n  Element's background color could not be determined because it is overlapped by another element"
    }, {
      "html" : "<span class=\"link-text\">Maps &amp; Guides</span>",
      "target" : [ "a[href=\"mars2.html?a=maps_and_guides\"] > .link-text" ],
      "impact" : "serious",
      "any" : [ {
        "id" : "color-contrast",
        "impact" : "serious",
        "message" : "Element's background color could not be determined because it is overlapped by another element",
        "data" : {
          "contrastRatio" : 0,
          "expectedContrastRatio" : "4.5:1",
          "fgColor" : "#e7c643",
          "fontSize" : "8.3pt (11px)",
          "fontWeight" : "normal",
          "messageKey" : "bgOverlap"
        },
        "relatedNodes" : [ ]
      } ],
      "all" : [ ],
      "none" : [ ],
      "failureSummary" : "Fix any of the following:\n  Element's background color could not be determined because it is overlapped by another element"
    }, {
      "html" : "<span class=\"link-text\">Ticket Info</span>",
      "target" : [ "a[href=\"mars2.html?a=ticket_info\"] > .link-text" ],
      "impact" : "serious",
      "any" : [ {
        "id" : "color-contrast",
        "impact" : "serious",
        "message" : "Element's background color could not be determined because it is overlapped by another element",
        "data" : {
          "contrastRatio" : 0,
          "expectedContrastRatio" : "4.5:1",
          "fgColor" : "#e7c643",
          "fontSize" : "8.3pt (11px)",
          "fontWeight" : "normal",
          "messageKey" : "bgOverlap"
        },
        "relatedNodes" : [ ]
      } ],
      "all" : [ ],
      "none" : [ ],
      "failureSummary" : "Fix any of the following:\n  Element's background color could not be determined because it is overlapped by another element"
    }, {
      "html" : "<p>If you're serious about traveling to Mars - really serious - then <a href=\"mars2.html?a=last_will\">prepare your last will and testament</a>, and book a trip! </p>",
      "target" : [ "#vap-book > p:nth-child(3)" ],
      "impact" : "serious",
      "any" : [ {
        "id" : "color-contrast",
        "impact" : "serious",
        "message" : "Element's background color could not be determined because it is overlapped by another element",
        "data" : {
          "contrastRatio" : 0,
          "expectedContrastRatio" : "4.5:1",
          "fgColor" : "#acbad0",
          "fontSize" : "9.0pt (12px)",
          "fontWeight" : "normal",
          "messageKey" : "bgOverlap"
        },
        "relatedNodes" : [ ]
      } ],
      "all" : [ ],
      "none" : [ ],
      "failureSummary" : "Fix any of the following:\n  Element's background color could not be determined because it is overlapped by another element"
    }, {
      "html" : "<a href=\"mars2.html?a=last_will\">prepare your last will and testament</a>",
      "target" : [ "a[href=\"mars2.html?a=last_will\"]" ],
      "impact" : "serious",
      "any" : [ {
        "id" : "color-contrast",
        "impact" : "serious",
        "message" : "Element's background color could not be determined because it is overlapped by another element",
        "data" : {
          "contrastRatio" : 0,
          "expectedContrastRatio" : "4.5:1",
          "fgColor" : "#e7c643",
          "fontSize" : "9.0pt (12px)",
          "fontWeight" : "normal",
          "messageKey" : "bgOverlap"
        },
        "relatedNodes" : [ ]
      } ],
      "all" : [ ],
      "none" : [ ],
      "failureSummary" : "Fix any of the following:\n  Element's background color could not be determined because it is overlapped by another element"
    }, {
      "html" : "<span class=\"link-text\">Book Tickets </span>",
      "target" : [ "a[href=\"mars2.html?a=book_tickets\"] > .link-text" ],
      "impact" : "serious",
      "any" : [ {
        "id" : "color-contrast",
        "impact" : "serious",
        "message" : "Element's background color could not be determined because it is overlapped by another element",
        "data" : {
          "contrastRatio" : 0,
          "expectedContrastRatio" : "4.5:1",
          "fgColor" : "#e7c643",
          "fontSize" : "8.3pt (11px)",
          "fontWeight" : "normal",
          "messageKey" : "bgOverlap"
        },
        "relatedNodes" : [ ]
      } ],
      "all" : [ ],
      "none" : [ ],
      "failureSummary" : "Fix any of the following:\n  Element's background color could not be determined because it is overlapped by another element"
    }, {
      "html" : "<span class=\"link-text\">Mars Passes</span>",
      "target" : [ "a[href=\"mars2.html?a=mars_passes\"] > .link-text" ],
      "impact" : "serious",
      "any" : [ {
        "id" : "color-contrast",
        "impact" : "serious",
        "message" : "Element's background color could not be determined because it is overlapped by another element",
        "data" : {
          "contrastRatio" : 0,
          "expectedContrastRatio" : "4.5:1",
          "fgColor" : "#e7c643",
          "fontSize" : "8.3pt (11px)",
          "fontWeight" : "normal",
          "messageKey" : "bgOverlap"
        },
        "relatedNodes" : [ ]
      } ],
      "all" : [ ],
      "none" : [ ],
      "failureSummary" : "Fix any of the following:\n  Element's background color could not be determined because it is overlapped by another element"
    }, {
      "html" : "<span class=\"link-text\">Seek counseling</span>",
      "target" : [ "a[href=\"mars2.html?a=seek_counseling\"] > .link-text" ],
      "impact" : "serious",
      "any" : [ {
        "id" : "color-contrast",
        "impact" : "serious",
        "message" : "Element's background color could not be determined because it is overlapped by another element",
        "data" : {
          "contrastRatio" : 0,
          "expectedContrastRatio" : "4.5:1",
          "fgColor" : "#e7c643",
          "fontSize" : "8.3pt (11px)",
          "fontWeight" : "normal",
          "messageKey" : "bgOverlap"
        },
        "relatedNodes" : [ ]
      } ],
      "all" : [ ],
      "none" : [ ],
      "failureSummary" : "Fix any of the following:\n  Element's background color could not be determined because it is overlapped by another element"
    }, {
      "html" : "<p>Expect violent turbulence, bone-crushing g-forces, muscle atrophy, and certain death (hey, everyone's death is certain at some point, right?).<br>\n&nbsp; </p>",
      "target" : [ "#vap-travel > p:nth-child(3)" ],
      "impact" : "serious",
      "any" : [ {
        "id" : "color-contrast",
        "impact" : "serious",
        "message" : "Element's background color could not be determined because it is overlapped by another element",
        "data" : {
          "contrastRatio" : 0,
          "expectedContrastRatio" : "4.5:1",
          "fgColor" : "#acbad0",
          "fontSize" : "9.0pt (12px)",
          "fontWeight" : "normal",
          "messageKey" : "bgOverlap"
        },
        "relatedNodes" : [ ]
      } ],
      "all" : [ ],
      "none" : [ ],
      "failureSummary" : "Fix any of the following:\n  Element's background color could not be determined because it is overlapped by another element"
    }, {
      "html" : "<span class=\"link-text\">MarsMobile app</span>",
      "target" : [ ".link[href=\"mars2.html?a=\"] > .link-text" ],
      "impact" : "serious",
      "any" : [ {
        "id" : "color-contrast",
        "impact" : "serious",
        "message" : "Element's background color could not be determined because it is overlapped by another element",
        "data" : {
          "contrastRatio" : 0,
          "expectedContrastRatio" : "4.5:1",
          "fgColor" : "#e7c643",
          "fontSize" : "8.3pt (11px)",
          "fontWeight" : "normal",
          "messageKey" : "bgOverlap"
        },
        "relatedNodes" : [ ]
      } ],
      "all" : [ ],
      "none" : [ ],
      "failureSummary" : "Fix any of the following:\n  Element's background color could not be determined because it is overlapped by another element"
    }, {
      "html" : "<span class=\"link-text\">Fly at your own risk</span>",
      "target" : [ "a[href=\"mars2.html?a=fly_at_own_risk\"] > .link-text" ],
      "impact" : "serious",
      "any" : [ {
        "id" : "color-contrast",
        "impact" : "serious",
        "message" : "Element's background color could not be determined because it is overlapped by another element",
        "data" : {
          "contrastRatio" : 0,
          "expectedContrastRatio" : "4.5:1",
          "fgColor" : "#e7c643",
          "fontSize" : "8.3pt (11px)",
          "fontWeight" : "normal",
          "messageKey" : "bgOverlap"
        },
        "relatedNodes" : [ ]
      } ],
      "all" : [ ],
      "none" : [ ],
      "failureSummary" : "Fix any of the following:\n  Element's background color could not be determined because it is overlapped by another element"
    }, {
      "html" : "<span class=\"link-text\">Contact Us</span>",
      "target" : [ ".link[href=\"mars2.html?a=contact_us\"] > .link-text" ],
      "impact" : "serious",
      "any" : [ {
        "id" : "color-contrast",
        "impact" : "serious",
        "message" : "Element's background color could not be determined because it is overlapped by another element",
        "data" : {
          "contrastRatio" : 0,
          "expectedContrastRatio" : "4.5:1",
          "fgColor" : "#e7c643",
          "fontSize" : "8.3pt (11px)",
          "fontWeight" : "normal",
          "messageKey" : "bgOverlap"
        },
        "relatedNodes" : [ ]
      } ],
      "all" : [ ],
      "none" : [ ],
      "failureSummary" : "Fix any of the following:\n  Element's background color could not be determined because it is overlapped by another element"
    }, {
      "html" : "<p class=\"carousel-title\">Special Offers</p>",
      "target" : [ ".carousel-title" ],
      "impact" : "serious",
      "any" : [ {
        "id" : "color-contrast",
        "impact" : "serious",
        "message" : "Element's background color could not be determined because it is overlapped by another element",
        "data" : {
          "contrastRatio" : 0,
          "expectedContrastRatio" : "4.5:1",
          "fgColor" : "#711d56",
          "fontSize" : "9.0pt (12px)",
          "fontWeight" : "normal",
          "messageKey" : "bgOverlap"
        },
        "relatedNodes" : [ ]
      } ],
      "all" : [ ],
      "none" : [ ],
      "failureSummary" : "Fix any of the following:\n  Element's background color could not be determined because it is overlapped by another element"
    }, {
      "html" : "<h3>Let the Adventure Begin!</h3>",
      "target" : [ "#widget-controls > .interior-container > h3" ],
      "impact" : "serious",
      "any" : [ {
        "id" : "color-contrast",
        "impact" : "serious",
        "message" : "Element's background color could not be determined due to a background gradient",
        "data" : {
          "contrastRatio" : 0,
          "expectedContrastRatio" : "4.5:1",
          "fgColor" : "#000000",
          "fontSize" : "12.0pt (16px)",
          "fontWeight" : "normal",
          "messageKey" : "bgGradient"
        },
        "relatedNodes" : [ {
          "html" : "<div id=\"widget-controls\" class=\"widget-container head\">",
          "target" : [ "#widget-controls" ]
        } ]
      } ],
      "all" : [ ],
      "none" : [ ],
      "failureSummary" : "Fix any of the following:\n  Element's background color could not be determined due to a background gradient"
    }, {
      "html" : "<label id=\"widget-controls-fares-label\" for=\"widget-controls-fares\" class=\"selected\">Find Fares &amp; Schedules</label>",
      "target" : [ "#widget-controls-fares-label" ],
      "impact" : "serious",
      "any" : [ {
        "id" : "color-contrast",
        "impact" : "serious",
        "message" : "Element's background color could not be determined due to a background gradient",
        "data" : {
          "contrastRatio" : 0,
          "expectedContrastRatio" : "4.5:1",
          "fgColor" : "#711d56",
          "fontSize" : "8.3pt (11px)",
          "fontWeight" : "bold",
          "messageKey" : "bgGradient"
        },
        "relatedNodes" : [ {
          "html" : "<div id=\"widget-controls\" class=\"widget-container head\">",
          "target" : [ "#widget-controls" ]
        } ]
      } ],
      "all" : [ ],
      "none" : [ ],
      "failureSummary" : "Fix any of the following:\n  Element's background color could not be determined due to a background gradient"
    }, {
      "html" : "<label id=\"widget-controls-passes-label\" for=\"widget-controls-passes\">MarsCommuter Passes</label>",
      "target" : [ "#widget-controls-passes-label" ],
      "impact" : "serious",
      "any" : [ {
        "id" : "color-contrast",
        "impact" : "serious",
        "message" : "Element's background color could not be determined due to a background gradient",
        "data" : {
          "contrastRatio" : 0,
          "expectedContrastRatio" : "4.5:1",
          "fgColor" : "#333333",
          "fontSize" : "8.3pt (11px)",
          "fontWeight" : "normal",
          "messageKey" : "bgGradient"
        },
        "relatedNodes" : [ {
          "html" : "<div id=\"widget-controls\" class=\"widget-container head\">",
          "target" : [ "#widget-controls" ]
        } ]
      } ],
      "all" : [ ],
      "none" : [ ],
      "failureSummary" : "Fix any of the following:\n  Element's background color could not be determined due to a background gradient"
    }, {
      "html" : "<label id=\"widget-controls-reservations-label\" for=\"widget-controls-reservations\">MarsCommuter Reservations</label>",
      "target" : [ "#widget-controls-reservations-label" ],
      "impact" : "serious",
      "any" : [ {
        "id" : "color-contrast",
        "impact" : "serious",
        "message" : "Element's background color could not be determined due to a background gradient",
        "data" : {
          "contrastRatio" : 0,
          "expectedContrastRatio" : "4.5:1",
          "fgColor" : "#333333",
          "fontSize" : "8.3pt (11px)",
          "fontWeight" : "normal",
          "messageKey" : "bgGradient"
        },
        "relatedNodes" : [ {
          "html" : "<div id=\"widget-controls\" class=\"widget-container head\">",
          "target" : [ "#widget-controls" ]
        } ]
      } ],
      "all" : [ ],
      "none" : [ ],
      "failureSummary" : "Fix any of the following:\n  Element's background color could not be determined due to a background gradient"
    }, {
      "html" : "<label id=\"widget-controls-activities-label\" for=\"widget-controls-activities\">Find Activities</label>",
      "target" : [ "#widget-controls-activities-label" ],
      "impact" : "serious",
      "any" : [ {
        "id" : "color-contrast",
        "impact" : "serious",
        "message" : "Element's background color could not be determined due to a background gradient",
        "data" : {
          "contrastRatio" : 0,
          "expectedContrastRatio" : "4.5:1",
          "fgColor" : "#333333",
          "fontSize" : "8.3pt (11px)",
          "fontWeight" : "normal",
          "messageKey" : "bgGradient"
        },
        "relatedNodes" : [ {
          "html" : "<div id=\"widget-controls\" class=\"widget-container head\">",
          "target" : [ "#widget-controls" ]
        } ]
      } ],
      "all" : [ ],
      "none" : [ ],
      "failureSummary" : "Fix any of the following:\n  Element's background color could not be determined due to a background gradient"
    }, {
      "html" : "<label id=\"widget-controls-hotels-label\" for=\"widget-controls-hotels\">Book a Hotel</label>",
      "target" : [ "#widget-controls-hotels-label" ],
      "impact" : "serious",
      "any" : [ {
        "id" : "color-contrast",
        "impact" : "serious",
        "message" : "Element's background color could not be determined due to a background gradient",
        "data" : {
          "contrastRatio" : 0,
          "expectedContrastRatio" : "4.5:1",
          "fgColor" : "#333333",
          "fontSize" : "8.3pt (11px)",
          "fontWeight" : "normal",
          "messageKey" : "bgGradient"
        },
        "relatedNodes" : [ {
          "html" : "<div id=\"widget-controls\" class=\"widget-container head\">",
          "target" : [ "#widget-controls" ]
        } ]
      } ],
      "all" : [ ],
      "none" : [ ],
      "failureSummary" : "Fix any of the following:\n  Element's background color could not be determined due to a background gradient"
    }, {
      "html" : "<h3>Book your Trip</h3>",
      "target" : [ "#route-select > .interior-container > h3" ],
      "impact" : "serious",
      "any" : [ {
        "id" : "color-contrast",
        "impact" : "serious",
        "message" : "Element's background color could not be determined due to a background gradient",
        "data" : {
          "contrastRatio" : 0,
          "expectedContrastRatio" : "4.5:1",
          "fgColor" : "#000000",
          "fontSize" : "12.0pt (16px)",
          "fontWeight" : "normal",
          "messageKey" : "bgGradient"
        },
        "relatedNodes" : [ {
          "html" : "<div id=\"route-select\" class=\"widget-container middle\">",
          "target" : [ "#route-select" ]
        } ]
      } ],
      "all" : [ ],
      "none" : [ ],
      "failureSummary" : "Fix any of the following:\n  Element's background color could not be determined due to a background gradient"
    }, {
      "html" : "<label for=\"route-type-one-way\" class=\"selected\">One-Way</label>",
      "target" : [ "label[for=\"route-type-one-way\"]" ],
      "impact" : "serious",
      "any" : [ {
        "id" : "color-contrast",
        "impact" : "serious",
        "message" : "Element's background color could not be determined due to a background gradient",
        "data" : {
          "contrastRatio" : 0,
          "expectedContrastRatio" : "4.5:1",
          "fgColor" : "#711d56",
          "fontSize" : "8.3pt (11px)",
          "fontWeight" : "bold",
          "messageKey" : "bgGradient"
        },
        "relatedNodes" : [ {
          "html" : "<div id=\"route-select\" class=\"widget-container middle\">",
          "target" : [ "#route-select" ]
        } ]
      } ],
      "all" : [ ],
      "none" : [ ],
      "failureSummary" : "Fix any of the following:\n  Element's background color could not be determined due to a background gradient"
    }, {
      "html" : "<label for=\"route-type-round-trip\">Round-Trip</label>",
      "target" : [ "label[for=\"route-type-round-trip\"]" ],
      "impact" : "serious",
      "any" : [ {
        "id" : "color-contrast",
        "impact" : "serious",
        "message" : "Element's background color could not be determined due to a background gradient",
        "data" : {
          "contrastRatio" : 0,
          "expectedContrastRatio" : "4.5:1",
          "fgColor" : "#333333",
          "fontSize" : "8.3pt (11px)",
          "fontWeight" : "bold",
          "messageKey" : "bgGradient"
        },
        "relatedNodes" : [ {
          "html" : "<div id=\"route-select\" class=\"widget-container middle\">",
          "target" : [ "#route-select" ]
        } ]
      } ],
      "all" : [ ],
      "none" : [ ],
      "failureSummary" : "Fix any of the following:\n  Element's background color could not be determined due to a background gradient"
    }, {
      "html" : "<label for=\"route-type-multi-city\">Multi-Planet</label>",
      "target" : [ "label[for=\"route-type-multi-city\"]" ],
      "impact" : "serious",
      "any" : [ {
        "id" : "color-contrast",
        "impact" : "serious",
        "message" : "Element's background color could not be determined due to a background gradient",
        "data" : {
          "contrastRatio" : 0,
          "expectedContrastRatio" : "4.5:1",
          "fgColor" : "#333333",
          "fontSize" : "8.3pt (11px)",
          "fontWeight" : "bold",
          "messageKey" : "bgGradient"
        },
        "relatedNodes" : [ {
          "html" : "<div id=\"route-select\" class=\"widget-container middle\">",
          "target" : [ "#route-select" ]
        } ]
      } ],
      "all" : [ ],
      "none" : [ ],
      "failureSummary" : "Fix any of the following:\n  Element's background color could not be determined due to a background gradient"
    }, {
      "html" : "<label for=\"from0\">From:</label>",
      "target" : [ "label[for=\"from0\"]" ],
      "impact" : "serious",
      "any" : [ {
        "id" : "color-contrast",
        "impact" : "serious",
        "message" : "Element's background color could not be determined due to a background gradient",
        "data" : {
          "contrastRatio" : 0,
          "expectedContrastRatio" : "4.5:1",
          "fgColor" : "#333333",
          "fontSize" : "8.3pt (11px)",
          "fontWeight" : "bold",
          "messageKey" : "bgGradient"
        },
        "relatedNodes" : [ {
          "html" : "<div id=\"route-select\" class=\"widget-container middle\">",
          "target" : [ "#route-select" ]
        } ]
      } ],
      "all" : [ ],
      "none" : [ ],
      "failureSummary" : "Fix any of the following:\n  Element's background color could not be determined due to a background gradient"
    }, {
      "html" : "<label for=\"to0\">To:</label>",
      "target" : [ "label[for=\"to0\"]" ],
      "impact" : "serious",
      "any" : [ {
        "id" : "color-contrast",
        "impact" : "serious",
        "message" : "Element's background color could not be determined due to a background gradient",
        "data" : {
          "contrastRatio" : 0,
          "expectedContrastRatio" : "4.5:1",
          "fgColor" : "#333333",
          "fontSize" : "8.3pt (11px)",
          "fontWeight" : "bold",
          "messageKey" : "bgGradient"
        },
        "relatedNodes" : [ {
          "html" : "<div id=\"route-select\" class=\"widget-container middle\">",
          "target" : [ "#route-select" ]
        } ]
      } ],
      "all" : [ ],
      "none" : [ ],
      "failureSummary" : "Fix any of the following:\n  Element's background color could not be determined due to a background gradient"
    }, {
      "html" : "<label for=\"deptDate0\">Departure Date</label>",
      "target" : [ "label[for=\"deptDate0\"]" ],
      "impact" : "serious",
      "any" : [ {
        "id" : "color-contrast",
        "impact" : "serious",
        "message" : "Element's background color could not be determined due to a background gradient",
        "data" : {
          "contrastRatio" : 0,
          "expectedContrastRatio" : "4.5:1",
          "fgColor" : "#333333",
          "fontSize" : "8.3pt (11px)",
          "fontWeight" : "bold",
          "messageKey" : "bgGradient"
        },
        "relatedNodes" : [ {
          "html" : "<div id=\"route-select\" class=\"widget-container middle\">",
          "target" : [ "#route-select" ]
        } ]
      } ],
      "all" : [ ],
      "none" : [ ],
      "failureSummary" : "Fix any of the following:\n  Element's background color could not be determined due to a background gradient"
    }, {
      "html" : "<a class=\"add-leg\"><span class=\"icon\"></span>Add Another Trip</a>",
      "target" : [ ".add-leg" ],
      "impact" : "serious",
      "any" : [ {
        "id" : "color-contrast",
        "impact" : "serious",
        "message" : "Element's background color could not be determined due to a background gradient",
        "data" : {
          "contrastRatio" : 0,
          "expectedContrastRatio" : "4.5:1",
          "fgColor" : "#067ab4",
          "fontSize" : "8.3pt (11px)",
          "fontWeight" : "bold",
          "messageKey" : "bgGradient"
        },
        "relatedNodes" : [ {
          "html" : "<div id=\"route-select\" class=\"widget-container middle\">",
          "target" : [ "#route-select" ]
        } ]
      } ],
      "all" : [ ],
      "none" : [ ],
      "failureSummary" : "Fix any of the following:\n  Element's background color could not be determined due to a background gradient"
    }, {
      "html" : "<span class=\"pass-question\">",
      "target" : [ "#pass-question-radio-group > .pass-question" ],
      "impact" : "serious",
      "any" : [ {
        "id" : "color-contrast",
        "impact" : "serious",
        "message" : "Element's background color could not be determined due to a background gradient",
        "data" : {
          "contrastRatio" : 0,
          "expectedContrastRatio" : "4.5:1",
          "fgColor" : "#000000",
          "fontSize" : "8.3pt (11px)",
          "fontWeight" : "normal",
          "messageKey" : "bgGradient"
        },
        "relatedNodes" : [ {
          "html" : "<div id=\"route-select\" class=\"widget-container middle\">",
          "target" : [ "#route-select" ]
        } ]
      } ],
      "all" : [ ],
      "none" : [ ],
      "failureSummary" : "Fix any of the following:\n  Element's background color could not be determined due to a background gradient"
    }, {
      "html" : "<a data-tooltip=\"tooltip\" data-title=\"<strong>",
      "target" : [ "a[data-tooltip=\"tooltip\"]" ],
      "impact" : "serious",
      "any" : [ {
        "id" : "color-contrast",
        "impact" : "serious",
        "message" : "Element's background color could not be determined due to a background gradient",
        "data" : {
          "contrastRatio" : 0,
          "expectedContrastRatio" : "4.5:1",
          "fgColor" : "#067ab4",
          "fontSize" : "8.3pt (11px)",
          "fontWeight" : "normal",
          "messageKey" : "bgGradient"
        },
        "relatedNodes" : [ {
          "html" : "<div id=\"route-select\" class=\"widget-container middle\">",
          "target" : [ "#route-select" ]
        } ]
      } ],
      "all" : [ ],
      "none" : [ ],
      "failureSummary" : "Fix any of the following:\n  Element's background color could not be determined due to a background gradient"
    }, {
      "html" : "<label for=\"pass-question-yes\">Yes</label>",
      "target" : [ "label[for=\"pass-question-yes\"]" ],
      "impact" : "serious",
      "any" : [ {
        "id" : "color-contrast",
        "impact" : "serious",
        "message" : "Element's background color could not be determined due to a background gradient",
        "data" : {
          "contrastRatio" : 0,
          "expectedContrastRatio" : "4.5:1",
          "fgColor" : "#333333",
          "fontSize" : "8.3pt (11px)",
          "fontWeight" : "bold",
          "messageKey" : "bgGradient"
        },
        "relatedNodes" : [ {
          "html" : "<div id=\"route-select\" class=\"widget-container middle\">",
          "target" : [ "#route-select" ]
        } ]
      } ],
      "all" : [ ],
      "none" : [ ],
      "failureSummary" : "Fix any of the following:\n  Element's background color could not be determined due to a background gradient"
    }, {
      "html" : "<label for=\"pass-question-no\" class=\"selected\">No</label>",
      "target" : [ "label[for=\"pass-question-no\"]" ],
      "impact" : "serious",
      "any" : [ {
        "id" : "color-contrast",
        "impact" : "serious",
        "message" : "Element's background color could not be determined due to a background gradient",
        "data" : {
          "contrastRatio" : 0,
          "expectedContrastRatio" : "4.5:1",
          "fgColor" : "#711d56",
          "fontSize" : "8.3pt (11px)",
          "fontWeight" : "bold",
          "messageKey" : "bgGradient"
        },
        "relatedNodes" : [ {
          "html" : "<div id=\"route-select\" class=\"widget-container middle\">",
          "target" : [ "#route-select" ]
        } ]
      } ],
      "all" : [ ],
      "none" : [ ],
      "failureSummary" : "Fix any of the following:\n  Element's background color could not be determined due to a background gradient"
    }, {
      "html" : "<h3>Who Is Traveling?</h3>",
      "target" : [ ".middle.widget-container:nth-child(13) > .interior-container > h3" ],
      "impact" : "serious",
      "any" : [ {
        "id" : "color-contrast",
        "impact" : "serious",
        "message" : "Element's background color could not be determined due to a background gradient",
        "data" : {
          "contrastRatio" : 0,
          "expectedContrastRatio" : "4.5:1",
          "fgColor" : "#000000",
          "fontSize" : "12.0pt (16px)",
          "fontWeight" : "normal",
          "messageKey" : "bgGradient"
        },
        "relatedNodes" : [ {
          "html" : "<div id=\"passenger-select\" class=\"widget-container middle\">",
          "target" : [ ".middle.widget-container:nth-child(13)" ]
        } ]
      } ],
      "all" : [ ],
      "none" : [ ],
      "failureSummary" : "Fix any of the following:\n  Element's background color could not be determined due to a background gradient"
    }, {
      "html" : "<span class=\"traveler-label\">Traveler</span>",
      "target" : [ "#passenger0 > .wrapper:nth-child(1) > .traveler-label" ],
      "impact" : "serious",
      "any" : [ {
        "id" : "color-contrast",
        "impact" : "serious",
        "message" : "Element's background color could not be determined due to a background gradient",
        "data" : {
          "contrastRatio" : 0,
          "expectedContrastRatio" : "4.5:1",
          "fgColor" : "#333333",
          "fontSize" : "8.3pt (11px)",
          "fontWeight" : "bold",
          "messageKey" : "bgGradient"
        },
        "relatedNodes" : [ {
          "html" : "<div id=\"passenger-select\" class=\"widget-container middle\">",
          "target" : [ ".middle.widget-container:nth-child(13)" ]
        } ]
      } ],
      "all" : [ ],
      "none" : [ ],
      "failureSummary" : "Fix any of the following:\n  Element's background color could not be determined due to a background gradient"
    }, {
      "html" : "<a class=\"add-traveler\">\n                                                                    <div class=\"icon\"></div>\n                                                                     Add A Traveler</a>",
      "target" : [ ".add-traveler" ],
      "impact" : "serious",
      "any" : [ {
        "id" : "color-contrast",
        "impact" : "serious",
        "message" : "Element's background color could not be determined due to a background gradient",
        "data" : {
          "contrastRatio" : 0,
          "expectedContrastRatio" : "4.5:1",
          "fgColor" : "#067ab4",
          "fontSize" : "8.3pt (11px)",
          "fontWeight" : "bold",
          "messageKey" : "bgGradient"
        },
        "relatedNodes" : [ {
          "html" : "<div id=\"passenger-select\" class=\"widget-container middle\">",
          "target" : [ ".middle.widget-container:nth-child(13)" ]
        } ]
      } ],
      "all" : [ ],
      "none" : [ ],
      "failureSummary" : "Fix any of the following:\n  Element's background color could not be determined due to a background gradient"
    }, {
      "html" : "<input id=\"fs-submit\" type=\"submit\" class=\"btn btn-large submit-form\" value=\"Search\">",
      "target" : [ "#fs-submit" ],
      "impact" : "serious",
      "any" : [ {
        "id" : "color-contrast",
        "impact" : "serious",
        "message" : "Element's background color could not be determined due to a background gradient",
        "data" : {
          "contrastRatio" : 0,
          "expectedContrastRatio" : "4.5:1",
          "fgColor" : "#ffffff",
          "fontSize" : "10.5pt (14px)",
          "fontWeight" : "bold",
          "messageKey" : "bgGradient"
        },
        "relatedNodes" : [ {
          "html" : "<input id=\"fs-submit\" type=\"submit\" class=\"btn btn-large submit-form\" value=\"Search\">",
          "target" : [ "#fs-submit" ]
        } ]
      } ],
      "all" : [ ],
      "none" : [ ],
      "failureSummary" : "Fix any of the following:\n  Element's background color could not be determined due to a background gradient"
    }, {
      "html" : "<h3 id=\"video-text\">Life was possible on Mars</h3>",
      "target" : [ "#video-text" ],
      "impact" : "serious",
      "any" : [ {
        "id" : "color-contrast",
        "impact" : "serious",
        "message" : "Element's background color could not be determined due to a background gradient",
        "data" : {
          "contrastRatio" : 0,
          "expectedContrastRatio" : "4.5:1",
          "fgColor" : "#000000",
          "fontSize" : "12.0pt (16px)",
          "fontWeight" : "normal",
          "messageKey" : "bgGradient"
        },
        "relatedNodes" : [ {
          "html" : "<div id=\"video-box\" class=\"widget-container\">",
          "target" : [ "#video-box" ]
        } ]
      } ],
      "all" : [ ],
      "none" : [ ],
      "failureSummary" : "Fix any of the following:\n  Element's background color could not be determined due to a background gradient"
    }, {
      "html" : "<span class=\"label\" id=\"l\">Follow @MarsTrip1</span>",
      "target" : [ ".twitter-follow-button", "#l" ],
      "impact" : "serious",
      "any" : [ {
        "id" : "color-contrast",
        "impact" : "serious",
        "message" : "Element's background color could not be determined due to a background gradient",
        "data" : {
          "contrastRatio" : 0,
          "expectedContrastRatio" : "4.5:1",
          "fgColor" : "#333333",
          "fontSize" : "9.8pt (13px)",
          "fontWeight" : "bold",
          "messageKey" : "bgGradient"
        },
        "relatedNodes" : [ {
          "html" : "<a id=\"follow-button\" target=\"_blank\" class=\"btn\" title=\"Follow MarsCommuter on Twitter\" href=\"mars2.html\"><i></i><span class=\"label\" id=\"l\">Follow @MarsTrip1</span></a>",
          "target" : [ ".twitter-follow-button", "#follow-button" ]
        } ]
      } ],
      "all" : [ ],
      "none" : [ ],
      "failureSummary" : "Fix any of the following:\n  Element's background color could not be determined due to a background gradient"
    }, {
      "html" : "<div style=\"display:inline-block;font-weight:bold;vertical-align:top;margin-right:5px; margin-top:8px;\">MarsCommuter</div>",
      "target" : [ "a[href=\"mars2.html?a=marscommuter\"] > div:nth-child(1)" ],
      "impact" : "serious",
      "any" : [ {
        "id" : "color-contrast",
        "impact" : "serious",
        "message" : "Element's background color could not be determined because it is overlapped by another element",
        "data" : {
          "contrastRatio" : 0,
          "expectedContrastRatio" : "4.5:1",
          "fgColor" : "#333333",
          "fontSize" : "9.0pt (12px)",
          "fontWeight" : "bold",
          "messageKey" : "bgOverlap"
        },
        "relatedNodes" : [ ]
      } ],
      "all" : [ ],
      "none" : [ ],
      "failureSummary" : "Fix any of the following:\n  Element's background color could not be determined because it is overlapped by another element"
    }, {
      "html" : "<a href=\"mars2.html?a=\" title=\"Mars Commuter iPhone App\" target=\"_blank\">Mars iPhone App</a>",
      "target" : [ "a[title=\"Mars Commuter iPhone App\"]" ],
      "impact" : "serious",
      "any" : [ {
        "id" : "color-contrast",
        "impact" : "serious",
        "message" : "Element's background color could not be determined due to a background image",
        "data" : {
          "contrastRatio" : 0,
          "expectedContrastRatio" : "4.5:1",
          "fgColor" : "#555555",
          "fontSize" : "8.3pt (11px)",
          "fontWeight" : "normal",
          "messageKey" : "bgImage"
        },
        "relatedNodes" : [ {
          "html" : "<div id=\"bottom-bg\" style=\"\">",
          "target" : [ "#bottom-bg" ]
        } ]
      } ],
      "all" : [ ],
      "none" : [ ],
      "failureSummary" : "Fix any of the following:\n  Element's background color could not be determined due to a background image"
    }, {
      "html" : "<a href=\"mars2.html?a=\" title=\"Join the Conversation\" target=\"_blank\">Join the conversation and Interact with fellow travelers and MarsCommuter staff in our online community.</a>",
      "target" : [ "a[title=\"Join the Conversation\"][target=\"_blank\"][href=\"mars2.html?a=\"]" ],
      "impact" : "serious",
      "any" : [ {
        "id" : "color-contrast",
        "impact" : "serious",
        "message" : "Element's background color could not be determined due to a background image",
        "data" : {
          "contrastRatio" : 0,
          "expectedContrastRatio" : "4.5:1",
          "fgColor" : "#555555",
          "fontSize" : "8.3pt (11px)",
          "fontWeight" : "normal",
          "messageKey" : "bgImage"
        },
        "relatedNodes" : [ {
          "html" : "<div id=\"bottom-bg\" style=\"\">",
          "target" : [ "#bottom-bg" ]
        } ]
      } ],
      "all" : [ ],
      "none" : [ ],
      "failureSummary" : "Fix any of the following:\n  Element's background color could not be determined due to a background image"
    }, {
      "html" : "<h4>Book Your Trip</h4>",
      "target" : [ "#footer-book > h4" ],
      "impact" : "serious",
      "any" : [ {
        "id" : "color-contrast",
        "impact" : "serious",
        "message" : "Element's background color could not be determined because it is overlapped by another element",
        "data" : {
          "contrastRatio" : 0,
          "expectedContrastRatio" : "4.5:1",
          "fgColor" : "#ffffff",
          "fontSize" : "10.5pt (14px)",
          "fontWeight" : "bold",
          "messageKey" : "bgOverlap"
        },
        "relatedNodes" : [ ]
      } ],
      "all" : [ ],
      "none" : [ ],
      "failureSummary" : "Fix any of the following:\n  Element's background color could not be determined because it is overlapped by another element"
    }, {
      "html" : "<a href=\"mars2.html?a=fares_and_schedules\">Find Fares &amp; Schedules<br>\n </a>",
      "target" : [ "#footer-book > ul > li:nth-child(1) > a" ],
      "impact" : "serious",
      "any" : [ {
        "id" : "color-contrast",
        "impact" : "serious",
        "message" : "Element's background color could not be determined because it is overlapped by another element",
        "data" : {
          "contrastRatio" : 0,
          "expectedContrastRatio" : "4.5:1",
          "fgColor" : "#ffffff",
          "fontSize" : "8.3pt (11px)",
          "fontWeight" : "normal",
          "messageKey" : "bgOverlap"
        },
        "relatedNodes" : [ ]
      } ],
      "all" : [ ],
      "none" : [ ],
      "failureSummary" : "Fix any of the following:\n  Element's background color could not be determined because it is overlapped by another element"
    }, {
      "html" : "<a href=\"mars2.html?a=find_mars_passes\">Find Mars Passes</a>",
      "target" : [ "a[href=\"mars2.html?a=find_mars_passes\"]" ],
      "impact" : "serious",
      "any" : [ {
        "id" : "color-contrast",
        "impact" : "serious",
        "message" : "Element's background color could not be determined because it is overlapped by another element",
        "data" : {
          "contrastRatio" : 0,
          "expectedContrastRatio" : "4.5:1",
          "fgColor" : "#ffffff",
          "fontSize" : "8.3pt (11px)",
          "fontWeight" : "normal",
          "messageKey" : "bgOverlap"
        },
        "relatedNodes" : [ ]
      } ],
      "all" : [ ],
      "none" : [ ],
      "failureSummary" : "Fix any of the following:\n  Element's background color could not be determined because it is overlapped by another element"
    }, {
      "html" : "<a href=\"mars2.html?a=find_activities\">Find Activities</a>",
      "target" : [ "a[href=\"mars2.html?a=find_activities\"]" ],
      "impact" : "serious",
      "any" : [ {
        "id" : "color-contrast",
        "impact" : "serious",
        "message" : "Element's background color could not be determined because it is overlapped by another element",
        "data" : {
          "contrastRatio" : 0,
          "expectedContrastRatio" : "4.5:1",
          "fgColor" : "#ffffff",
          "fontSize" : "8.3pt (11px)",
          "fontWeight" : "normal",
          "messageKey" : "bgOverlap"
        },
        "relatedNodes" : [ ]
      } ],
      "all" : [ ],
      "none" : [ ],
      "failureSummary" : "Fix any of the following:\n  Element's background color could not be determined because it is overlapped by another element"
    }, {
      "html" : "<a href=\"mars2.html?a=book_reservations\">Book Reservations</a>",
      "target" : [ "a[href=\"mars2.html?a=book_reservations\"]" ],
      "impact" : "serious",
      "any" : [ {
        "id" : "color-contrast",
        "impact" : "serious",
        "message" : "Element's background color could not be determined because it is overlapped by another element",
        "data" : {
          "contrastRatio" : 0,
          "expectedContrastRatio" : "4.5:1",
          "fgColor" : "#ffffff",
          "fontSize" : "8.3pt (11px)",
          "fontWeight" : "normal",
          "messageKey" : "bgOverlap"
        },
        "relatedNodes" : [ ]
      } ],
      "all" : [ ],
      "none" : [ ],
      "failureSummary" : "Fix any of the following:\n  Element's background color could not be determined because it is overlapped by another element"
    }, {
      "html" : "<a href=\"mars2.html?a=view_rocket_pass_listing\">View Rocket Pass Listing<br>\n </a>",
      "target" : [ "#footer-book > ul > li:nth-child(5) > a" ],
      "impact" : "serious",
      "any" : [ {
        "id" : "color-contrast",
        "impact" : "serious",
        "message" : "Element's background color could not be determined because it is overlapped by another element",
        "data" : {
          "contrastRatio" : 0,
          "expectedContrastRatio" : "4.5:1",
          "fgColor" : "#ffffff",
          "fontSize" : "8.3pt (11px)",
          "fontWeight" : "normal",
          "messageKey" : "bgOverlap"
        },
        "relatedNodes" : [ ]
      } ],
      "all" : [ ],
      "none" : [ ],
      "failureSummary" : "Fix any of the following:\n  Element's background color could not be determined because it is overlapped by another element"
    }, {
      "html" : "<h4>Mars Shuttles</h4>",
      "target" : [ "#footer-trains > h4" ],
      "impact" : "serious",
      "any" : [ {
        "id" : "color-contrast",
        "impact" : "serious",
        "message" : "Element's background color could not be determined because it is overlapped by another element",
        "data" : {
          "contrastRatio" : 0,
          "expectedContrastRatio" : "4.5:1",
          "fgColor" : "#ffffff",
          "fontSize" : "10.5pt (14px)",
          "fontWeight" : "bold",
          "messageKey" : "bgOverlap"
        },
        "relatedNodes" : [ ]
      } ],
      "all" : [ ],
      "none" : [ ],
      "failureSummary" : "Fix any of the following:\n  Element's background color could not be determined because it is overlapped by another element"
    }, {
      "html" : "<a href=\"mars2.html?a=marstar\">MarsStar</a>",
      "target" : [ "a[href=\"mars2.html?a=marstar\"]" ],
      "impact" : "serious",
      "any" : [ {
        "id" : "color-contrast",
        "impact" : "serious",
        "message" : "Element's background color could not be determined because it is overlapped by another element",
        "data" : {
          "contrastRatio" : 0,
          "expectedContrastRatio" : "4.5:1",
          "fgColor" : "#ffffff",
          "fontSize" : "8.3pt (11px)",
          "fontWeight" : "normal",
          "messageKey" : "bgOverlap"
        },
        "relatedNodes" : [ ]
      } ],
      "all" : [ ],
      "none" : [ ],
      "failureSummary" : "Fix any of the following:\n  Element's background color could not be determined because it is overlapped by another element"
    }, {
      "html" : "<a href=\"mars2.html?a=blast_off_uranus\">Blast off Uranus</a>",
      "target" : [ "a[href=\"mars2.html?a=blast_off_uranus\"]" ],
      "impact" : "serious",
      "any" : [ {
        "id" : "color-contrast",
        "impact" : "serious",
        "message" : "Element's background color could not be determined because it is overlapped by another element",
        "data" : {
          "contrastRatio" : 0,
          "expectedContrastRatio" : "4.5:1",
          "fgColor" : "#ffffff",
          "fontSize" : "8.3pt (11px)",
          "fontWeight" : "normal",
          "messageKey" : "bgOverlap"
        },
        "relatedNodes" : [ ]
      } ],
      "all" : [ ],
      "none" : [ ],
      "failureSummary" : "Fix any of the following:\n  Element's background color could not be determined because it is overlapped by another element"
    }, {
      "html" : "<a href=\"mars2.html?a=red_planet_janet\">Red Planet Janet</a>",
      "target" : [ "a[href=\"mars2.html?a=red_planet_janet\"]" ],
      "impact" : "serious",
      "any" : [ {
        "id" : "color-contrast",
        "impact" : "serious",
        "message" : "Element's background color could not be determined because it is overlapped by another element",
        "data" : {
          "contrastRatio" : 0,
          "expectedContrastRatio" : "4.5:1",
          "fgColor" : "#ffffff",
          "fontSize" : "8.3pt (11px)",
          "fontWeight" : "normal",
          "messageKey" : "bgOverlap"
        },
        "relatedNodes" : [ ]
      } ],
      "all" : [ ],
      "none" : [ ],
      "failureSummary" : "Fix any of the following:\n  Element's background color could not be determined because it is overlapped by another element"
    }, {
      "html" : "<a href=\"mars2.html?a=the_martianic\">The Martianic</a>",
      "target" : [ "a[href=\"mars2.html?a=the_martianic\"]" ],
      "impact" : "serious",
      "any" : [ {
        "id" : "color-contrast",
        "impact" : "serious",
        "message" : "Element's background color could not be determined because it is overlapped by another element",
        "data" : {
          "contrastRatio" : 0,
          "expectedContrastRatio" : "4.5:1",
          "fgColor" : "#ffffff",
          "fontSize" : "8.3pt (11px)",
          "fontWeight" : "normal",
          "messageKey" : "bgOverlap"
        },
        "relatedNodes" : [ ]
      } ],
      "all" : [ ],
      "none" : [ ],
      "failureSummary" : "Fix any of the following:\n  Element's background color could not be determined because it is overlapped by another element"
    }, {
      "html" : "<a href=\"mars2.html?a=hal\">Hal</a>",
      "target" : [ "a[href=\"mars2.html?a=hal\"]" ],
      "impact" : "serious",
      "any" : [ {
        "id" : "color-contrast",
        "impact" : "serious",
        "message" : "Element's background color could not be determined because it is overlapped by another element",
        "data" : {
          "contrastRatio" : 0,
          "expectedContrastRatio" : "4.5:1",
          "fgColor" : "#ffffff",
          "fontSize" : "8.3pt (11px)",
          "fontWeight" : "normal",
          "messageKey" : "bgOverlap"
        },
        "relatedNodes" : [ ]
      } ],
      "all" : [ ],
      "none" : [ ],
      "failureSummary" : "Fix any of the following:\n  Element's background color could not be determined because it is overlapped by another element"
    }, {
      "html" : "<h4>Mars Tourist Passes</h4>",
      "target" : [ "#footer-passes > h4" ],
      "impact" : "serious",
      "any" : [ {
        "id" : "color-contrast",
        "impact" : "serious",
        "message" : "Element's background color could not be determined because it is overlapped by another element",
        "data" : {
          "contrastRatio" : 0,
          "expectedContrastRatio" : "4.5:1",
          "fgColor" : "#ffffff",
          "fontSize" : "10.5pt (14px)",
          "fontWeight" : "bold",
          "messageKey" : "bgOverlap"
        },
        "relatedNodes" : [ ]
      } ],
      "all" : [ ],
      "none" : [ ],
      "failureSummary" : "Fix any of the following:\n  Element's background color could not be determined because it is overlapped by another element"
    }, {
      "html" : "<a href=\"mars2.html?a=polar_cap_pass\">Polar Cap Pass</a>",
      "target" : [ "a[href=\"mars2.html?a=polar_cap_pass\"]" ],
      "impact" : "serious",
      "any" : [ {
        "id" : "color-contrast",
        "impact" : "serious",
        "message" : "Element's background color could not be determined because it is overlapped by another element",
        "data" : {
          "contrastRatio" : 0,
          "expectedContrastRatio" : "4.5:1",
          "fgColor" : "#ffffff",
          "fontSize" : "8.3pt (11px)",
          "fontWeight" : "normal",
          "messageKey" : "bgOverlap"
        },
        "relatedNodes" : [ ]
      } ],
      "all" : [ ],
      "none" : [ ],
      "failureSummary" : "Fix any of the following:\n  Element's background color could not be determined because it is overlapped by another element"
    }, {
      "html" : "<a href=\"mars2.html?a=greater_crater_pass\">Greater Crater Pass</a>",
      "target" : [ "#footer-passes > ul > li:nth-child(2) > a" ],
      "impact" : "serious",
      "any" : [ {
        "id" : "color-contrast",
        "impact" : "serious",
        "message" : "Element's background color could not be determined because it is overlapped by another element",
        "data" : {
          "contrastRatio" : 0,
          "expectedContrastRatio" : "4.5:1",
          "fgColor" : "#ffffff",
          "fontSize" : "8.3pt (11px)",
          "fontWeight" : "normal",
          "messageKey" : "bgOverlap"
        },
        "relatedNodes" : [ ]
      } ],
      "all" : [ ],
      "none" : [ ],
      "failureSummary" : "Fix any of the following:\n  Element's background color could not be determined because it is overlapped by another element"
    }, {
      "html" : "<a href=\"mars2.html?a=orbital_pass\">Orbital Pass</a>",
      "target" : [ "a[href=\"mars2.html?a=orbital_pass\"]" ],
      "impact" : "serious",
      "any" : [ {
        "id" : "color-contrast",
        "impact" : "serious",
        "message" : "Element's background color could not be determined because it is overlapped by another element",
        "data" : {
          "contrastRatio" : 0,
          "expectedContrastRatio" : "4.5:1",
          "fgColor" : "#ffffff",
          "fontSize" : "8.3pt (11px)",
          "fontWeight" : "normal",
          "messageKey" : "bgOverlap"
        },
        "relatedNodes" : [ ]
      } ],
      "all" : [ ],
      "none" : [ ],
      "failureSummary" : "Fix any of the following:\n  Element's background color could not be determined because it is overlapped by another element"
    }, {
      "html" : "<a href=\"mars2.html?a=orbital_select_pass\">Orbital Select Pass</a>",
      "target" : [ "#footer-passes > ul > li:nth-child(4) > a" ],
      "impact" : "serious",
      "any" : [ {
        "id" : "color-contrast",
        "impact" : "serious",
        "message" : "Element's background color could not be determined because it is overlapped by another element",
        "data" : {
          "contrastRatio" : 0,
          "expectedContrastRatio" : "4.5:1",
          "fgColor" : "#ffffff",
          "fontSize" : "8.3pt (11px)",
          "fontWeight" : "normal",
          "messageKey" : "bgOverlap"
        },
        "relatedNodes" : [ ]
      } ],
      "all" : [ ],
      "none" : [ ],
      "failureSummary" : "Fix any of the following:\n  Element's background color could not be determined because it is overlapped by another element"
    }, {
      "html" : "<a href=\"mars2.html?amulti_planet_pass=\">Multi-Planet Pass</a>",
      "target" : [ "a[href=\"mars2.html?amulti_planet_pass=\"]" ],
      "impact" : "serious",
      "any" : [ {
        "id" : "color-contrast",
        "impact" : "serious",
        "message" : "Element's background color could not be determined because it is overlapped by another element",
        "data" : {
          "contrastRatio" : 0,
          "expectedContrastRatio" : "4.5:1",
          "fgColor" : "#ffffff",
          "fontSize" : "8.3pt (11px)",
          "fontWeight" : "normal",
          "messageKey" : "bgOverlap"
        },
        "relatedNodes" : [ ]
      } ],
      "all" : [ ],
      "none" : [ ],
      "failureSummary" : "Fix any of the following:\n  Element's background color could not be determined because it is overlapped by another element"
    }, {
      "html" : "<h4>Mars Adventures</h4>",
      "target" : [ "#footer-plan > h4" ],
      "impact" : "serious",
      "any" : [ {
        "id" : "color-contrast",
        "impact" : "serious",
        "message" : "Element's background color could not be determined due to a background image",
        "data" : {
          "contrastRatio" : 0,
          "expectedContrastRatio" : "4.5:1",
          "fgColor" : "#ffffff",
          "fontSize" : "10.5pt (14px)",
          "fontWeight" : "bold",
          "messageKey" : "bgImage"
        },
        "relatedNodes" : [ {
          "html" : "<div id=\"bottom-bg\" style=\"\">",
          "target" : [ "#bottom-bg" ]
        } ]
      } ],
      "all" : [ ],
      "none" : [ ],
      "failureSummary" : "Fix any of the following:\n  Element's background color could not be determined due to a background image"
    }, {
      "html" : "<a href=\"mars2.html?a=martian_canali_quest\">Martian Canali Quest</a>",
      "target" : [ "#footer-plan > ul > li:nth-child(1) > a" ],
      "impact" : "serious",
      "any" : [ {
        "id" : "color-contrast",
        "impact" : "serious",
        "message" : "Element's background color could not be determined due to a background image",
        "data" : {
          "contrastRatio" : 0,
          "expectedContrastRatio" : "4.5:1",
          "fgColor" : "#ffffff",
          "fontSize" : "8.3pt (11px)",
          "fontWeight" : "normal",
          "messageKey" : "bgImage"
        },
        "relatedNodes" : [ {
          "html" : "<div id=\"bottom-bg\" style=\"\">",
          "target" : [ "#bottom-bg" ]
        } ]
      } ],
      "all" : [ ],
      "none" : [ ],
      "failureSummary" : "Fix any of the following:\n  Element's background color could not be determined due to a background image"
    }, {
      "html" : "<a href=\"mars2.html?a=nanedi_valles_hiking_treks\">Nanedi Valles Hiking Treks</a>",
      "target" : [ "#footer-plan > ul > li:nth-child(2) > a" ],
      "impact" : "serious",
      "any" : [ {
        "id" : "color-contrast",
        "impact" : "serious",
        "message" : "Element's background color could not be determined because it is overlapped by another element",
        "data" : {
          "contrastRatio" : 0,
          "expectedContrastRatio" : "4.5:1",
          "fgColor" : "#ffffff",
          "fontSize" : "8.3pt (11px)",
          "fontWeight" : "normal",
          "messageKey" : "bgOverlap"
        },
        "relatedNodes" : [ ]
      } ],
      "all" : [ ],
      "none" : [ ],
      "failureSummary" : "Fix any of the following:\n  Element's background color could not be determined because it is overlapped by another element"
    }, {
      "html" : "<a href=\"mars2.html?a=phobos_observatory\">Phobos observatory</a>",
      "target" : [ "#footer-plan > ul > li:nth-child(3) > a" ],
      "impact" : "serious",
      "any" : [ {
        "id" : "color-contrast",
        "impact" : "serious",
        "message" : "Element's background color could not be determined due to a background image",
        "data" : {
          "contrastRatio" : 0,
          "expectedContrastRatio" : "4.5:1",
          "fgColor" : "#ffffff",
          "fontSize" : "8.3pt (11px)",
          "fontWeight" : "normal",
          "messageKey" : "bgImage"
        },
        "relatedNodes" : [ {
          "html" : "<div id=\"bottom-bg\" style=\"\">",
          "target" : [ "#bottom-bg" ]
        } ]
      } ],
      "all" : [ ],
      "none" : [ ],
      "failureSummary" : "Fix any of the following:\n  Element's background color could not be determined due to a background image"
    }, {
      "html" : "<a href=\"mars2.html?a=?paragliding_over_gusev_crater\">Paragliding over Gusev Crater</a>",
      "target" : [ "#footer-plan > ul > li:nth-child(4) > a" ],
      "impact" : "serious",
      "any" : [ {
        "id" : "color-contrast",
        "impact" : "serious",
        "message" : "Element's background color could not be determined because it is overlapped by another element",
        "data" : {
          "contrastRatio" : 0,
          "expectedContrastRatio" : "4.5:1",
          "fgColor" : "#ffffff",
          "fontSize" : "8.3pt (11px)",
          "fontWeight" : "normal",
          "messageKey" : "bgOverlap"
        },
        "relatedNodes" : [ ]
      } ],
      "all" : [ ],
      "none" : [ ],
      "failureSummary" : "Fix any of the following:\n  Element's background color could not be determined because it is overlapped by another element"
    }, {
      "html" : "<a href=\"mars2.html?a=mars_dust_wrestling\">Mars dust wrestling</a>",
      "target" : [ "#footer-plan > ul > li:nth-child(5) > a" ],
      "impact" : "serious",
      "any" : [ {
        "id" : "color-contrast",
        "impact" : "serious",
        "message" : "Element's background color could not be determined due to a background image",
        "data" : {
          "contrastRatio" : 0,
          "expectedContrastRatio" : "4.5:1",
          "fgColor" : "#ffffff",
          "fontSize" : "8.3pt (11px)",
          "fontWeight" : "normal",
          "messageKey" : "bgImage"
        },
        "relatedNodes" : [ {
          "html" : "<div id=\"bottom-bg\" style=\"\">",
          "target" : [ "#bottom-bg" ]
        } ]
      } ],
      "all" : [ ],
      "none" : [ ],
      "failureSummary" : "Fix any of the following:\n  Element's background color could not be determined due to a background image"
    }, {
      "html" : "<h4>FAQs</h4>",
      "target" : [ "#footer-faq > h4" ],
      "impact" : "serious",
      "any" : [ {
        "id" : "color-contrast",
        "impact" : "serious",
        "message" : "Element's background color could not be determined due to a background image",
        "data" : {
          "contrastRatio" : 0,
          "expectedContrastRatio" : "4.5:1",
          "fgColor" : "#ffffff",
          "fontSize" : "10.5pt (14px)",
          "fontWeight" : "bold",
          "messageKey" : "bgImage"
        },
        "relatedNodes" : [ {
          "html" : "<div id=\"bottom-bg\" style=\"\">",
          "target" : [ "#bottom-bg" ]
        } ]
      } ],
      "all" : [ ],
      "none" : [ ],
      "failureSummary" : "Fix any of the following:\n  Element's background color could not be determined due to a background image"
    }, {
      "html" : "<a href=\"mars2.html?a=track_flight\">Track Flight</a>",
      "target" : [ "a[href=\"mars2.html?a=track_flight\"]" ],
      "impact" : "serious",
      "any" : [ {
        "id" : "color-contrast",
        "impact" : "serious",
        "message" : "Element's background color could not be determined due to a background image",
        "data" : {
          "contrastRatio" : 0,
          "expectedContrastRatio" : "4.5:1",
          "fgColor" : "#ffffff",
          "fontSize" : "8.3pt (11px)",
          "fontWeight" : "normal",
          "messageKey" : "bgImage"
        },
        "relatedNodes" : [ {
          "html" : "<div id=\"bottom-bg\" style=\"\">",
          "target" : [ "#bottom-bg" ]
        } ]
      } ],
      "all" : [ ],
      "none" : [ ],
      "failureSummary" : "Fix any of the following:\n  Element's background color could not be determined due to a background image"
    }, {
      "html" : "<a href=\"mars2.html?a=exchanges_refunds\">Exchanges &amp; Refunds</a>",
      "target" : [ "a[href=\"mars2.html?a=exchanges_refunds\"]" ],
      "impact" : "serious",
      "any" : [ {
        "id" : "color-contrast",
        "impact" : "serious",
        "message" : "Element's background color could not be determined due to a background image",
        "data" : {
          "contrastRatio" : 0,
          "expectedContrastRatio" : "4.5:1",
          "fgColor" : "#ffffff",
          "fontSize" : "8.3pt (11px)",
          "fontWeight" : "normal",
          "messageKey" : "bgImage"
        },
        "relatedNodes" : [ {
          "html" : "<div id=\"bottom-bg\" style=\"\">",
          "target" : [ "#bottom-bg" ]
        } ]
      } ],
      "all" : [ ],
      "none" : [ ],
      "failureSummary" : "Fix any of the following:\n  Element's background color could not be determined due to a background image"
    }, {
      "html" : "<a href=\"mars2.html?a=e_tickets\">E-tickets</a>",
      "target" : [ "a[href=\"mars2.html?a=e_tickets\"]" ],
      "impact" : "serious",
      "any" : [ {
        "id" : "color-contrast",
        "impact" : "serious",
        "message" : "Element's background color could not be determined due to a background image",
        "data" : {
          "contrastRatio" : 0,
          "expectedContrastRatio" : "4.5:1",
          "fgColor" : "#ffffff",
          "fontSize" : "8.3pt (11px)",
          "fontWeight" : "normal",
          "messageKey" : "bgImage"
        },
        "relatedNodes" : [ {
          "html" : "<div id=\"bottom-bg\" style=\"\">",
          "target" : [ "#bottom-bg" ]
        } ]
      } ],
      "all" : [ ],
      "none" : [ ],
      "failureSummary" : "Fix any of the following:\n  Element's background color could not be determined due to a background image"
    }, {
      "html" : "<a href=\"mars2.html?a=delivery_options\">Delivery Options</a>",
      "target" : [ "a[href=\"mars2.html?a=delivery_options\"]" ],
      "impact" : "serious",
      "any" : [ {
        "id" : "color-contrast",
        "impact" : "serious",
        "message" : "Element's background color could not be determined due to a background image",
        "data" : {
          "contrastRatio" : 0,
          "expectedContrastRatio" : "4.5:1",
          "fgColor" : "#ffffff",
          "fontSize" : "8.3pt (11px)",
          "fontWeight" : "normal",
          "messageKey" : "bgImage"
        },
        "relatedNodes" : [ {
          "html" : "<div id=\"bottom-bg\" style=\"\">",
          "target" : [ "#bottom-bg" ]
        } ]
      } ],
      "all" : [ ],
      "none" : [ ],
      "failureSummary" : "Fix any of the following:\n  Element's background color could not be determined due to a background image"
    }, {
      "html" : "<a href=\"mars2.html?a=help\">Help</a>",
      "target" : [ "#footer-faq > ul > li:nth-child(5) > a[href=\"mars2.html?a=help\"]" ],
      "impact" : "serious",
      "any" : [ {
        "id" : "color-contrast",
        "impact" : "serious",
        "message" : "Element's background color could not be determined due to a background image",
        "data" : {
          "contrastRatio" : 0,
          "expectedContrastRatio" : "4.5:1",
          "fgColor" : "#ffffff",
          "fontSize" : "8.3pt (11px)",
          "fontWeight" : "normal",
          "messageKey" : "bgImage"
        },
        "relatedNodes" : [ {
          "html" : "<div id=\"bottom-bg\" style=\"\">",
          "target" : [ "#bottom-bg" ]
        } ]
      } ],
      "all" : [ ],
      "none" : [ ],
      "failureSummary" : "Fix any of the following:\n  Element's background color could not be determined due to a background image"
    }, {
      "html" : "<h4>Connect With Us</h4>",
      "target" : [ "#footer-connect > h4" ],
      "impact" : "serious",
      "any" : [ {
        "id" : "color-contrast",
        "impact" : "serious",
        "message" : "Element's background color could not be determined due to a background image",
        "data" : {
          "contrastRatio" : 0,
          "expectedContrastRatio" : "4.5:1",
          "fgColor" : "#ffffff",
          "fontSize" : "10.5pt (14px)",
          "fontWeight" : "bold",
          "messageKey" : "bgImage"
        },
        "relatedNodes" : [ {
          "html" : "<div id=\"bottom-bg\" style=\"\">",
          "target" : [ "#bottom-bg" ]
        } ]
      } ],
      "all" : [ ],
      "none" : [ ],
      "failureSummary" : "Fix any of the following:\n  Element's background color could not be determined due to a background image"
    }, {
      "html" : "<a href=\"mars2.html?a=contact_us\">Contact Us</a>",
      "target" : [ "li:nth-child(1) > a[href=\"mars2.html?a=contact_us\"]" ],
      "impact" : "serious",
      "any" : [ {
        "id" : "color-contrast",
        "impact" : "serious",
        "message" : "Element's background color could not be determined due to a background image",
        "data" : {
          "contrastRatio" : 0,
          "expectedContrastRatio" : "4.5:1",
          "fgColor" : "#ffffff",
          "fontSize" : "8.3pt (11px)",
          "fontWeight" : "normal",
          "messageKey" : "bgImage"
        },
        "relatedNodes" : [ {
          "html" : "<div id=\"bottom-bg\" style=\"\">",
          "target" : [ "#bottom-bg" ]
        } ]
      } ],
      "all" : [ ],
      "none" : [ ],
      "failureSummary" : "Fix any of the following:\n  Element's background color could not be determined due to a background image"
    }, {
      "html" : "<a href=\"mars2.html?a=about_us\">About Us</a>",
      "target" : [ "li:nth-child(2) > a[href=\"mars2.html?a=about_us\"]" ],
      "impact" : "serious",
      "any" : [ {
        "id" : "color-contrast",
        "impact" : "serious",
        "message" : "Element's background color could not be determined due to a background image",
        "data" : {
          "contrastRatio" : 0,
          "expectedContrastRatio" : "4.5:1",
          "fgColor" : "#ffffff",
          "fontSize" : "8.3pt (11px)",
          "fontWeight" : "normal",
          "messageKey" : "bgImage"
        },
        "relatedNodes" : [ {
          "html" : "<div id=\"bottom-bg\" style=\"\">",
          "target" : [ "#bottom-bg" ]
        } ]
      } ],
      "all" : [ ],
      "none" : [ ],
      "failureSummary" : "Fix any of the following:\n  Element's background color could not be determined due to a background image"
    }, {
      "html" : "<a href=\"mars2.html?a=feedback\" target=\"_blank\">Feedback</a>",
      "target" : [ "a[href=\"mars2.html?a=feedback\"]" ],
      "impact" : "serious",
      "any" : [ {
        "id" : "color-contrast",
        "impact" : "serious",
        "message" : "Element's background color could not be determined due to a background image",
        "data" : {
          "contrastRatio" : 0,
          "expectedContrastRatio" : "4.5:1",
          "fgColor" : "#ffffff",
          "fontSize" : "8.3pt (11px)",
          "fontWeight" : "normal",
          "messageKey" : "bgImage"
        },
        "relatedNodes" : [ {
          "html" : "<div id=\"bottom-bg\" style=\"\">",
          "target" : [ "#bottom-bg" ]
        } ]
      } ],
      "all" : [ ],
      "none" : [ ],
      "failureSummary" : "Fix any of the following:\n  Element's background color could not be determined due to a background image"
    }, {
      "html" : "<a href=\"mars2.html?a=our_blog\" target=\"_blank\">Our Blog</a>",
      "target" : [ "a[href=\"mars2.html?a=our_blog\"]" ],
      "impact" : "serious",
      "any" : [ {
        "id" : "color-contrast",
        "impact" : "serious",
        "message" : "Element's background color could not be determined due to a background image",
        "data" : {
          "contrastRatio" : 0,
          "expectedContrastRatio" : "4.5:1",
          "fgColor" : "#ffffff",
          "fontSize" : "8.3pt (11px)",
          "fontWeight" : "normal",
          "messageKey" : "bgImage"
        },
        "relatedNodes" : [ {
          "html" : "<div id=\"bottom-bg\" style=\"\">",
          "target" : [ "#bottom-bg" ]
        } ]
      } ],
      "all" : [ ],
      "none" : [ ],
      "failureSummary" : "Fix any of the following:\n  Element's background color could not be determined due to a background image"
    }, {
      "html" : "<a href=\"mars2.html?a=mobile_site\" target=\"_blank\">Mobile Site</a>",
      "target" : [ "a[href=\"mars2.html?a=mobile_site\"]" ],
      "impact" : "serious",
      "any" : [ {
        "id" : "color-contrast",
        "impact" : "serious",
        "message" : "Element's background color could not be determined due to a background image",
        "data" : {
          "contrastRatio" : 0,
          "expectedContrastRatio" : "4.5:1",
          "fgColor" : "#ffffff",
          "fontSize" : "8.3pt (11px)",
          "fontWeight" : "normal",
          "messageKey" : "bgImage"
        },
        "relatedNodes" : [ {
          "html" : "<div id=\"bottom-bg\" style=\"\">",
          "target" : [ "#bottom-bg" ]
        } ]
      } ],
      "all" : [ ],
      "none" : [ ],
      "failureSummary" : "Fix any of the following:\n  Element's background color could not be determined due to a background image"
    }, {
      "html" : "<a href=\"mars2.html?a=iphone_app\" target=\"_blank\">iPhone App</a>",
      "target" : [ "a[href=\"mars2.html?a=iphone_app\"]" ],
      "impact" : "serious",
      "any" : [ {
        "id" : "color-contrast",
        "impact" : "serious",
        "message" : "Element's background color could not be determined due to a background image",
        "data" : {
          "contrastRatio" : 0,
          "expectedContrastRatio" : "4.5:1",
          "fgColor" : "#ffffff",
          "fontSize" : "8.3pt (11px)",
          "fontWeight" : "normal",
          "messageKey" : "bgImage"
        },
        "relatedNodes" : [ {
          "html" : "<div id=\"bottom-bg\" style=\"\">",
          "target" : [ "#bottom-bg" ]
        } ]
      } ],
      "all" : [ ],
      "none" : [ ],
      "failureSummary" : "Fix any of the following:\n  Element's background color could not be determined due to a background image"
    }, {
      "html" : "<a href=\"https://media.dequeuniversity.com/en/docs/demo/mars-commuter/mars.pdf\">Mars Info by NASA</a>",
      "target" : [ "#footer-connect > ul > li:nth-child(6) > a" ],
      "impact" : "serious",
      "any" : [ {
        "id" : "color-contrast",
        "impact" : "serious",
        "message" : "Element's background color could not be determined due to a background image",
        "data" : {
          "contrastRatio" : 0,
          "expectedContrastRatio" : "4.5:1",
          "fgColor" : "#ffffff",
          "fontSize" : "8.3pt (11px)",
          "fontWeight" : "normal",
          "messageKey" : "bgImage"
        },
        "relatedNodes" : [ {
          "html" : "<div id=\"bottom-bg\" style=\"\">",
          "target" : [ "#bottom-bg" ]
        } ]
      } ],
      "all" : [ ],
      "none" : [ ],
      "failureSummary" : "Fix any of the following:\n  Element's background color could not be determined due to a background image"
    }, {
      "html" : "<a href=\"https://media.dequeuniversity.com/en/docs/demo/mars-commuter/HumansToMarsReport_i.pdf\">Humans to Mars Report</a>",
      "target" : [ "#footer-connect > ul > li:nth-child(7) > a" ],
      "impact" : "serious",
      "any" : [ {
        "id" : "color-contrast",
        "impact" : "serious",
        "message" : "Element's background color could not be determined due to a background image",
        "data" : {
          "contrastRatio" : 0,
          "expectedContrastRatio" : "4.5:1",
          "fgColor" : "#ffffff",
          "fontSize" : "8.3pt (11px)",
          "fontWeight" : "normal",
          "messageKey" : "bgImage"
        },
        "relatedNodes" : [ {
          "html" : "<div id=\"bottom-bg\" style=\"\">",
          "target" : [ "#bottom-bg" ]
        } ]
      } ],
      "all" : [ ],
      "none" : [ ],
      "failureSummary" : "Fix any of the following:\n  Element's background color could not be determined due to a background image"
    }, {
      "html" : "<div id=\"copyright\" class=\"container\">",
      "target" : [ "#copyright" ],
      "impact" : "serious",
      "any" : [ {
        "id" : "color-contrast",
        "impact" : "serious",
        "message" : "Element's background color could not be determined because it is overlapped by another element",
        "data" : {
          "contrastRatio" : 0,
          "expectedContrastRatio" : "4.5:1",
          "fgColor" : "#ffffff",
          "fontSize" : "9.0pt (12px)",
          "fontWeight" : "normal",
          "messageKey" : "bgOverlap"
        },
        "relatedNodes" : [ ]
      } ],
      "all" : [ ],
      "none" : [ ],
      "failureSummary" : "Fix any of the following:\n  Element's background color could not be determined because it is overlapped by another element"
    }, {
      "html" : "<a href=\"mars2.html?a=tersm_and_conditions\">Mars Commuter Express Terms and Conditions</a>",
      "target" : [ "#copyright > a:nth-child(1)" ],
      "impact" : "serious",
      "any" : [ {
        "id" : "color-contrast",
        "impact" : "serious",
        "message" : "Element's background color could not be determined due to a background image",
        "data" : {
          "contrastRatio" : 0,
          "expectedContrastRatio" : "4.5:1",
          "fgColor" : "#ffffff",
          "fontSize" : "9.0pt (12px)",
          "fontWeight" : "normal",
          "messageKey" : "bgImage"
        },
        "relatedNodes" : [ {
          "html" : "<div id=\"bottom-bg\" style=\"\">",
          "target" : [ "#bottom-bg" ]
        } ]
      } ],
      "all" : [ ],
      "none" : [ ],
      "failureSummary" : "Fix any of the following:\n  Element's background color could not be determined due to a background image"
    }, {
      "html" : "<a href=\"mars2.html?a=privacy_policy\">Privacy Policy</a>",
      "target" : [ "a[href=\"mars2.html?a=privacy_policy\"]" ],
      "impact" : "serious",
      "any" : [ {
        "id" : "color-contrast",
        "impact" : "serious",
        "message" : "Element's background color could not be determined due to a background image",
        "data" : {
          "contrastRatio" : 0,
          "expectedContrastRatio" : "4.5:1",
          "fgColor" : "#ffffff",
          "fontSize" : "9.0pt (12px)",
          "fontWeight" : "normal",
          "messageKey" : "bgImage"
        },
        "relatedNodes" : [ {
          "html" : "<div id=\"bottom-bg\" style=\"\">",
          "target" : [ "#bottom-bg" ]
        } ]
      } ],
      "all" : [ ],
      "none" : [ ],
      "failureSummary" : "Fix any of the following:\n  Element's background color could not be determined due to a background image"
    }, {
      "html" : "<a class=\"link\" href=\"mars2.html?asite_map=\">Site Map</a>",
      "target" : [ "a[href=\"mars2.html?asite_map=\"]" ],
      "impact" : "serious",
      "any" : [ {
        "id" : "color-contrast",
        "impact" : "serious",
        "message" : "Element's background color could not be determined due to a background image",
        "data" : {
          "contrastRatio" : 0,
          "expectedContrastRatio" : "4.5:1",
          "fgColor" : "#ffffff",
          "fontSize" : "9.0pt (12px)",
          "fontWeight" : "normal",
          "messageKey" : "bgImage"
        },
        "relatedNodes" : [ {
          "html" : "<div id=\"bottom-bg\" style=\"\">",
          "target" : [ "#bottom-bg" ]
        } ]
      } ],
      "all" : [ ],
      "none" : [ ],
      "failureSummary" : "Fix any of the following:\n  Element's background color could not be determined due to a background image"
    } ],
    "url" : null,
    "createdDate" : null
  }, {
    "id" : "link-in-text-block",
    "description" : "Ensure links are distinguished from surrounding text in a way that does not rely on color",
    "help" : "Links must be distinguishable without relying on color",
    "helpUrl" : "https://dequeuniversity.com/rules/axe/4.6/link-in-text-block?application=axeAPI",
    "impact" : "serious",
    "tags" : [ "cat.color", "wcag2a", "wcag141" ],
    "nodes" : [ {
      "html" : "<a href=\"mars2.html?a=be_bold\">\n                <h3>Be Bold...</h3>\n                <i class=\"icon-vap-plan\"></i>\n              </a>",
      "target" : [ "a[href=\"mars2.html?a=be_bold\"]" ],
      "impact" : "serious",
      "any" : [ {
        "id" : "link-in-text-block",
        "impact" : "serious",
        "message" : "Element's contrast ratio could not be determined because of element overlap",
        "data" : {
          "messageKey" : "bgOverlap"
        },
        "relatedNodes" : [ {
          "html" : "<div class=\"span2-5 vap-col left-first\" id=\"vap-plan\">",
          "target" : [ "#vap-plan" ]
        } ]
      } ],
      "all" : [ ],
      "none" : [ ],
      "failureSummary" : "Fix any of the following:\n  Element's contrast ratio could not be determined because of element overlap"
    }, {
      "html" : "<a href=\"mars2.html?a=last_will\">prepare your last will and testament</a>",
      "target" : [ "a[href=\"mars2.html?a=last_will\"]" ],
      "impact" : "serious",
      "any" : [ {
        "id" : "link-in-text-block",
        "impact" : "serious",
        "message" : "Element's contrast ratio could not be determined because of element overlap",
        "data" : {
          "messageKey" : "bgOverlap"
        },
        "relatedNodes" : [ {
          "html" : "<p>If you're serious about traveling to Mars - really serious - then <a href=\"mars2.html?a=last_will\">prepare your last will and testament</a>, and book a trip! </p>",
          "target" : [ "#vap-book > p:nth-child(3)" ]
        } ]
      } ],
      "all" : [ ],
      "none" : [ ],
      "failureSummary" : "Fix any of the following:\n  Element's contrast ratio could not be determined because of element overlap"
    }, {
      "html" : "<a href=\"mars2.html?a=blast_off\">\n                <h3>Blast Off!</h3>\n                <i class=\"icon-vap-travel\"></i>\n              </a>",
      "target" : [ "a[href=\"mars2.html?a=blast_off\"]" ],
      "impact" : "serious",
      "any" : [ {
        "id" : "link-in-text-block",
        "impact" : "serious",
        "message" : "Element's contrast ratio could not be determined because of element overlap",
        "data" : {
          "messageKey" : "bgOverlap"
        },
        "relatedNodes" : [ {
          "html" : "<div class=\"span2-5 vap-col\" id=\"vap-travel\">",
          "target" : [ "#vap-travel" ]
        } ]
      } ],
      "all" : [ ],
      "none" : [ ],
      "failureSummary" : "Fix any of the following:\n  Element's contrast ratio could not be determined because of element overlap"
    }, {
      "html" : "<a href=\"mars2.html?a=tersm_and_conditions\">Mars Commuter Express Terms and Conditions</a>",
      "target" : [ "#copyright > a:nth-child(1)" ],
      "impact" : "serious",
      "any" : [ {
        "id" : "link-in-text-block",
        "impact" : "serious",
        "message" : "Element's contrast ratio could not be determined because of element overlap",
        "data" : {
          "messageKey" : "bgOverlap"
        },
        "relatedNodes" : [ {
          "html" : "<div id=\"copyright\" class=\"container\">",
          "target" : [ "#copyright" ]
        } ]
      } ],
      "all" : [ ],
      "none" : [ ],
      "failureSummary" : "Fix any of the following:\n  Element's contrast ratio could not be determined because of element overlap"
    }, {
      "html" : "<a href=\"mars2.html?a=privacy_policy\">Privacy Policy</a>",
      "target" : [ "a[href=\"mars2.html?a=privacy_policy\"]" ],
      "impact" : "serious",
      "any" : [ {
        "id" : "link-in-text-block",
        "impact" : "serious",
        "message" : "Element's contrast ratio could not be determined because of element overlap",
        "data" : {
          "messageKey" : "bgOverlap"
        },
        "relatedNodes" : [ {
          "html" : "<div id=\"copyright\" class=\"container\">",
          "target" : [ "#copyright" ]
        } ]
      } ],
      "all" : [ ],
      "none" : [ ],
      "failureSummary" : "Fix any of the following:\n  Element's contrast ratio could not be determined because of element overlap"
    }, {
      "html" : "<a class=\"link\" href=\"mars2.html?asite_map=\">Site Map</a>",
      "target" : [ "a[href=\"mars2.html?asite_map=\"]" ],
      "impact" : "serious",
      "any" : [ {
        "id" : "link-in-text-block",
        "impact" : "serious",
        "message" : "Element's contrast ratio could not be determined because of element overlap",
        "data" : {
          "messageKey" : "bgOverlap"
        },
        "relatedNodes" : [ {
          "html" : "<div id=\"copyright\" class=\"container\">",
          "target" : [ "#copyright" ]
        } ]
      } ],
      "all" : [ ],
      "none" : [ ],
      "failureSummary" : "Fix any of the following:\n  Element's contrast ratio could not be determined because of element overlap"
    } ],
    "url" : null,
    "createdDate" : null
  }, {
    "id" : "video-caption",
    "description" : "Ensures <video> elements have captions",
    "help" : "<video> elements must have captions",
    "helpUrl" : "https://dequeuniversity.com/rules/axe/4.6/video-caption?application=axeAPI",
    "impact" : "critical",
    "tags" : [ "cat.text-alternatives", "wcag2a", "wcag122", "section508", "section508.22.a" ],
    "nodes" : [ {
      "html" : "<video tabindex=\"-1\" class=\"video-stream html5-main-video\" webkit-playsinline=\"\" playsinline=\"\" controlslist=\"nodownload\" style=\"width: 365px; height: 205px; left: 0px; top: -205px;\"></video>",
      "target" : [ "#player", "video" ],
      "impact" : "critical",
      "any" : [ ],
      "all" : [ ],
      "none" : [ {
        "id" : "caption",
        "impact" : "critical",
        "message" : "Check that captions is available for the element",
        "data" : null,
        "relatedNodes" : [ ]
      } ],
      "failureSummary" : "Fix all of the following:\n  Check that captions is available for the element"
    } ],
    "url" : null,
    "createdDate" : null
  } ],
  "inapplicable" : [ {
    "id" : "accesskeys",
    "description" : "Ensures every accesskey attribute value is unique",
    "help" : "accesskey attribute value should be unique",
    "helpUrl" : "https://dequeuniversity.com/rules/axe/4.6/accesskeys?application=axeAPI",
    "impact" : "",
    "tags" : [ "cat.keyboard", "best-practice" ],
    "nodes" : [ ],
    "url" : null,
    "createdDate" : null
  }, {
    "id" : "area-alt",
    "description" : "Ensures <area> elements of image maps have alternate text",
    "help" : "Active <area> elements must have alternate text",
    "helpUrl" : "https://dequeuniversity.com/rules/axe/4.6/area-alt?application=axeAPI",
    "impact" : "",
    "tags" : [ "cat.text-alternatives", "wcag2a", "wcag244", "wcag412", "section508", "section508.22.a", "ACT" ],
    "nodes" : [ ],
    "url" : null,
    "createdDate" : null
  }, {
    "id" : "aria-command-name",
    "description" : "Ensures every ARIA button, link and menuitem has an accessible name",
    "help" : "ARIA commands must have an accessible name",
    "helpUrl" : "https://dequeuniversity.com/rules/axe/4.6/aria-command-name?application=axeAPI",
    "impact" : "",
    "tags" : [ "cat.aria", "wcag2a", "wcag412", "ACT" ],
    "nodes" : [ ],
    "url" : null,
    "createdDate" : null
  }, {
    "id" : "aria-dialog-name",
    "description" : "Ensures every ARIA dialog and alertdialog node has an accessible name",
    "help" : "ARIA dialog and alertdialog nodes should have an accessible name",
    "helpUrl" : "https://dequeuniversity.com/rules/axe/4.6/aria-dialog-name?application=axeAPI",
    "impact" : "",
    "tags" : [ "cat.aria", "best-practice" ],
    "nodes" : [ ],
    "url" : null,
    "createdDate" : null
  }, {
    "id" : "aria-input-field-name",
    "description" : "Ensures every ARIA input field has an accessible name",
    "help" : "ARIA input fields must have an accessible name",
    "helpUrl" : "https://dequeuniversity.com/rules/axe/4.6/aria-input-field-name?application=axeAPI",
    "impact" : "",
    "tags" : [ "cat.aria", "wcag2a", "wcag412", "ACT" ],
    "nodes" : [ ],
    "url" : null,
    "createdDate" : null
  }, {
    "id" : "aria-meter-name",
    "description" : "Ensures every ARIA meter node has an accessible name",
    "help" : "ARIA meter nodes must have an accessible name",
    "helpUrl" : "https://dequeuniversity.com/rules/axe/4.6/aria-meter-name?application=axeAPI",
    "impact" : "",
    "tags" : [ "cat.aria", "wcag2a", "wcag111" ],
    "nodes" : [ ],
    "url" : null,
    "createdDate" : null
  }, {
    "id" : "aria-progressbar-name",
    "description" : "Ensures every ARIA progressbar node has an accessible name",
    "help" : "ARIA progressbar nodes must have an accessible name",
    "helpUrl" : "https://dequeuniversity.com/rules/axe/4.6/aria-progressbar-name?application=axeAPI",
    "impact" : "",
    "tags" : [ "cat.aria", "wcag2a", "wcag111" ],
    "nodes" : [ ],
    "url" : null,
    "createdDate" : null
  }, {
    "id" : "aria-required-children",
    "description" : "Ensures elements with an ARIA role that require child roles contain them",
    "help" : "Certain ARIA roles must contain particular children",
    "helpUrl" : "https://dequeuniversity.com/rules/axe/4.6/aria-required-children?application=axeAPI",
    "impact" : "",
    "tags" : [ "cat.aria", "wcag2a", "wcag131" ],
    "nodes" : [ ],
    "url" : null,
    "createdDate" : null
  }, {
    "id" : "aria-required-parent",
    "description" : "Ensures elements with an ARIA role that require parent roles are contained by them",
    "help" : "Certain ARIA roles must be contained by particular parents",
    "helpUrl" : "https://dequeuniversity.com/rules/axe/4.6/aria-required-parent?application=axeAPI",
    "impact" : "",
    "tags" : [ "cat.aria", "wcag2a", "wcag131" ],
    "nodes" : [ ],
    "url" : null,
    "createdDate" : null
  }, {
    "id" : "aria-roledescription",
    "description" : "Ensure aria-roledescription is only used on elements with an implicit or explicit role",
    "help" : "aria-roledescription must be on elements with a semantic role",
    "helpUrl" : "https://dequeuniversity.com/rules/axe/4.6/aria-roledescription?application=axeAPI",
    "impact" : "",
    "tags" : [ "cat.aria", "wcag2a", "wcag412" ],
    "nodes" : [ ],
    "url" : null,
    "createdDate" : null
  }, {
    "id" : "aria-text",
    "description" : "Ensures \"role=text\" is used on elements with no focusable descendants",
    "help" : "\"role=text\" should have no focusable descendants",
    "helpUrl" : "https://dequeuniversity.com/rules/axe/4.6/aria-text?application=axeAPI",
    "impact" : "",
    "tags" : [ "cat.aria", "best-practice" ],
    "nodes" : [ ],
    "url" : null,
    "createdDate" : null
  }, {
    "id" : "aria-toggle-field-name",
    "description" : "Ensures every ARIA toggle field has an accessible name",
    "help" : "ARIA toggle fields must have an accessible name",
    "helpUrl" : "https://dequeuniversity.com/rules/axe/4.6/aria-toggle-field-name?application=axeAPI",
    "impact" : "",
    "tags" : [ "cat.aria", "wcag2a", "wcag412", "ACT" ],
    "nodes" : [ ],
    "url" : null,
    "createdDate" : null
  }, {
    "id" : "aria-tooltip-name",
    "description" : "Ensures every ARIA tooltip node has an accessible name",
    "help" : "ARIA tooltip nodes must have an accessible name",
    "helpUrl" : "https://dequeuniversity.com/rules/axe/4.6/aria-tooltip-name?application=axeAPI",
    "impact" : "",
    "tags" : [ "cat.aria", "wcag2a", "wcag412" ],
    "nodes" : [ ],
    "url" : null,
    "createdDate" : null
  }, {
    "id" : "aria-treeitem-name",
    "description" : "Ensures every ARIA treeitem node has an accessible name",
    "help" : "ARIA treeitem nodes should have an accessible name",
    "helpUrl" : "https://dequeuniversity.com/rules/axe/4.6/aria-treeitem-name?application=axeAPI",
    "impact" : "",
    "tags" : [ "cat.aria", "best-practice" ],
    "nodes" : [ ],
    "url" : null,
    "createdDate" : null
  }, {
    "id" : "blink",
    "description" : "Ensures <blink> elements are not used",
    "help" : "<blink> elements are deprecated and must not be used",
    "helpUrl" : "https://dequeuniversity.com/rules/axe/4.6/blink?application=axeAPI",
    "impact" : "",
    "tags" : [ "cat.time-and-media", "wcag2a", "wcag222", "section508", "section508.22.j" ],
    "nodes" : [ ],
    "url" : null,
    "createdDate" : null
  }, {
    "id" : "definition-list",
    "description" : "Ensures <dl> elements are structured correctly",
    "help" : "<dl> elements must only directly contain properly-ordered <dt> and <dd> groups, <script>, <template> or <div> elements",
    "helpUrl" : "https://dequeuniversity.com/rules/axe/4.6/definition-list?application=axeAPI",
    "impact" : "",
    "tags" : [ "cat.structure", "wcag2a", "wcag131" ],
    "nodes" : [ ],
    "url" : null,
    "createdDate" : null
  }, {
    "id" : "dlitem",
    "description" : "Ensures <dt> and <dd> elements are contained by a <dl>",
    "help" : "<dt> and <dd> elements must be contained by a <dl>",
    "helpUrl" : "https://dequeuniversity.com/rules/axe/4.6/dlitem?application=axeAPI",
    "impact" : "",
    "tags" : [ "cat.structure", "wcag2a", "wcag131" ],
    "nodes" : [ ],
    "url" : null,
    "createdDate" : null
  }, {
    "id" : "empty-table-header",
    "description" : "Ensures table headers have discernible text",
    "help" : "Table header text should not be empty",
    "helpUrl" : "https://dequeuniversity.com/rules/axe/4.6/empty-table-header?application=axeAPI",
    "impact" : "",
    "tags" : [ "cat.name-role-value", "best-practice" ],
    "nodes" : [ ],
    "url" : null,
    "createdDate" : null
  }, {
    "id" : "frame-focusable-content",
    "description" : "Ensures <frame> and <iframe> elements with focusable content do not have tabindex=-1",
    "help" : "Frames with focusable content must not have tabindex=-1",
    "helpUrl" : "https://dequeuniversity.com/rules/axe/4.6/frame-focusable-content?application=axeAPI",
    "impact" : "",
    "tags" : [ "cat.keyboard", "wcag2a", "wcag211" ],
    "nodes" : [ ],
    "url" : null,
    "createdDate" : null
  }, {
    "id" : "html-xml-lang-mismatch",
    "description" : "Ensure that HTML elements with both valid lang and xml:lang attributes agree on the base language of the page",
    "help" : "HTML elements with lang and xml:lang must have the same base language",
    "helpUrl" : "https://dequeuniversity.com/rules/axe/4.6/html-xml-lang-mismatch?application=axeAPI",
    "impact" : "",
    "tags" : [ "cat.language", "wcag2a", "wcag311", "ACT" ],
    "nodes" : [ ],
    "url" : null,
    "createdDate" : null
  }, {
    "id" : "input-image-alt",
    "description" : "Ensures <input type=\"image\"> elements have alternate text",
    "help" : "Image buttons must have alternate text",
    "helpUrl" : "https://dequeuniversity.com/rules/axe/4.6/input-image-alt?application=axeAPI",
    "impact" : "",
    "tags" : [ "cat.text-alternatives", "wcag2a", "wcag111", "wcag412", "section508", "section508.22.a", "ACT" ],
    "nodes" : [ ],
    "url" : null,
    "createdDate" : null
  }, {
    "id" : "landmark-banner-is-top-level",
    "description" : "Ensures the banner landmark is at top level",
    "help" : "Banner landmark should not be contained in another landmark",
    "helpUrl" : "https://dequeuniversity.com/rules/axe/4.6/landmark-banner-is-top-level?application=axeAPI",
    "impact" : "",
    "tags" : [ "cat.semantics", "best-practice" ],
    "nodes" : [ ],
    "url" : null,
    "createdDate" : null
  }, {
    "id" : "landmark-complementary-is-top-level",
    "description" : "Ensures the complementary landmark or aside is at top level",
    "help" : "Aside should not be contained in another landmark",
    "helpUrl" : "https://dequeuniversity.com/rules/axe/4.6/landmark-complementary-is-top-level?application=axeAPI",
    "impact" : "",
    "tags" : [ "cat.semantics", "best-practice" ],
    "nodes" : [ ],
    "url" : null,
    "createdDate" : null
  }, {
    "id" : "landmark-contentinfo-is-top-level",
    "description" : "Ensures the contentinfo landmark is at top level",
    "help" : "Contentinfo landmark should not be contained in another landmark",
    "helpUrl" : "https://dequeuniversity.com/rules/axe/4.6/landmark-contentinfo-is-top-level?application=axeAPI",
    "impact" : "",
    "tags" : [ "cat.semantics", "best-practice" ],
    "nodes" : [ ],
    "url" : null,
    "createdDate" : null
  }, {
    "id" : "landmark-main-is-top-level",
    "description" : "Ensures the main landmark is at top level",
    "help" : "Main landmark should not be contained in another landmark",
    "helpUrl" : "https://dequeuniversity.com/rules/axe/4.6/landmark-main-is-top-level?application=axeAPI",
    "impact" : "",
    "tags" : [ "cat.semantics", "best-practice" ],
    "nodes" : [ ],
    "url" : null,
    "createdDate" : null
  }, {
    "id" : "landmark-no-duplicate-banner",
    "description" : "Ensures the document has at most one banner landmark",
    "help" : "Document should not have more than one banner landmark",
    "helpUrl" : "https://dequeuniversity.com/rules/axe/4.6/landmark-no-duplicate-banner?application=axeAPI",
    "impact" : "",
    "tags" : [ "cat.semantics", "best-practice" ],
    "nodes" : [ ],
    "url" : null,
    "createdDate" : null
  }, {
    "id" : "landmark-no-duplicate-contentinfo",
    "description" : "Ensures the document has at most one contentinfo landmark",
    "help" : "Document should not have more than one contentinfo landmark",
    "helpUrl" : "https://dequeuniversity.com/rules/axe/4.6/landmark-no-duplicate-contentinfo?application=axeAPI",
    "impact" : "",
    "tags" : [ "cat.semantics", "best-practice" ],
    "nodes" : [ ],
    "url" : null,
    "createdDate" : null
  }, {
    "id" : "landmark-no-duplicate-main",
    "description" : "Ensures the document has at most one main landmark",
    "help" : "Document should not have more than one main landmark",
    "helpUrl" : "https://dequeuniversity.com/rules/axe/4.6/landmark-no-duplicate-main?application=axeAPI",
    "impact" : "",
    "tags" : [ "cat.semantics", "best-practice" ],
    "nodes" : [ ],
    "url" : null,
    "createdDate" : null
  }, {
    "id" : "marquee",
    "description" : "Ensures <marquee> elements are not used",
    "help" : "<marquee> elements are deprecated and must not be used",
    "helpUrl" : "https://dequeuniversity.com/rules/axe/4.6/marquee?application=axeAPI",
    "impact" : "",
    "tags" : [ "cat.parsing", "wcag2a", "wcag222" ],
    "nodes" : [ ],
    "url" : null,
    "createdDate" : null
  }, {
    "id" : "meta-refresh",
    "description" : "Ensures <meta http-equiv=\"refresh\"> is not used for delayed refresh",
    "help" : "Delayed refresh under 20 hours must not be used",
    "helpUrl" : "https://dequeuniversity.com/rules/axe/4.6/meta-refresh?application=axeAPI",
    "impact" : "",
    "tags" : [ "cat.time-and-media", "wcag2a", "wcag221" ],
    "nodes" : [ ],
    "url" : null,
    "createdDate" : null
  }, {
    "id" : "object-alt",
    "description" : "Ensures <object> elements have alternate text",
    "help" : "<object> elements must have alternate text",
    "helpUrl" : "https://dequeuniversity.com/rules/axe/4.6/object-alt?application=axeAPI",
    "impact" : "",
    "tags" : [ "cat.text-alternatives", "wcag2a", "wcag111", "section508", "section508.22.a" ],
    "nodes" : [ ],
    "url" : null,
    "createdDate" : null
  }, {
    "id" : "role-img-alt",
    "description" : "Ensures [role='img'] elements have alternate text",
    "help" : "[role='img'] elements must have an alternative text",
    "helpUrl" : "https://dequeuniversity.com/rules/axe/4.6/role-img-alt?application=axeAPI",
    "impact" : "",
    "tags" : [ "cat.text-alternatives", "wcag2a", "wcag111", "section508", "section508.22.a", "ACT" ],
    "nodes" : [ ],
    "url" : null,
    "createdDate" : null
  }, {
    "id" : "scope-attr-valid",
    "description" : "Ensures the scope attribute is used correctly on tables",
    "help" : "scope attribute should be used correctly",
    "helpUrl" : "https://dequeuniversity.com/rules/axe/4.6/scope-attr-valid?application=axeAPI",
    "impact" : "",
    "tags" : [ "cat.tables", "best-practice" ],
    "nodes" : [ ],
    "url" : null,
    "createdDate" : null
  }, {
    "id" : "scrollable-region-focusable",
    "description" : "Ensure elements that have scrollable content are accessible by keyboard",
    "help" : "Scrollable region must have keyboard access",
    "helpUrl" : "https://dequeuniversity.com/rules/axe/4.6/scrollable-region-focusable?application=axeAPI",
    "impact" : "",
    "tags" : [ "cat.keyboard", "wcag2a", "wcag211" ],
    "nodes" : [ ],
    "url" : null,
    "createdDate" : null
  }, {
    "id" : "server-side-image-map",
    "description" : "Ensures that server-side image maps are not used",
    "help" : "Server-side image maps must not be used",
    "helpUrl" : "https://dequeuniversity.com/rules/axe/4.6/server-side-image-map?application=axeAPI",
    "impact" : "",
    "tags" : [ "cat.text-alternatives", "wcag2a", "wcag211", "section508", "section508.22.f" ],
    "nodes" : [ ],
    "url" : null,
    "createdDate" : null
  }, {
    "id" : "skip-link",
    "description" : "Ensure all skip links have a focusable target",
    "help" : "The skip-link target should exist and be focusable",
    "helpUrl" : "https://dequeuniversity.com/rules/axe/4.6/skip-link?application=axeAPI",
    "impact" : "",
    "tags" : [ "cat.keyboard", "best-practice" ],
    "nodes" : [ ],
    "url" : null,
    "createdDate" : null
  }, {
    "id" : "svg-img-alt",
    "description" : "Ensures <svg> elements with an img, graphics-document or graphics-symbol role have an accessible text",
    "help" : "<svg> elements with an img role must have an alternative text",
    "helpUrl" : "https://dequeuniversity.com/rules/axe/4.6/svg-img-alt?application=axeAPI",
    "impact" : "",
    "tags" : [ "cat.text-alternatives", "wcag2a", "wcag111", "section508", "section508.22.a", "ACT" ],
    "nodes" : [ ],
    "url" : null,
    "createdDate" : null
  }, {
    "id" : "th-has-data-cells",
    "description" : "Ensure that <th> elements and elements with role=columnheader/rowheader have data cells they describe",
    "help" : "Table headers in a data table must refer to data cells",
    "helpUrl" : "https://dequeuniversity.com/rules/axe/4.6/th-has-data-cells?application=axeAPI",
    "impact" : "",
    "tags" : [ "cat.tables", "wcag2a", "wcag131", "section508", "section508.22.g" ],
    "nodes" : [ ],
    "url" : null,
    "createdDate" : null
  }, {
    "id" : "valid-lang",
    "description" : "Ensures lang attributes have valid values",
    "help" : "lang attribute must have a valid value",
    "helpUrl" : "https://dequeuniversity.com/rules/axe/4.6/valid-lang?application=axeAPI",
    "impact" : "",
    "tags" : [ "cat.language", "wcag2aa", "wcag312", "ACT" ],
    "nodes" : [ ],
    "url" : null,
    "createdDate" : null
  }, {
    "id" : "no-autoplay-audio",
    "description" : "Ensures <video> or <audio> elements do not autoplay audio for more than 3 seconds without a control mechanism to stop or mute the audio",
    "help" : "<video> or <audio> elements must not play automatically",
    "helpUrl" : "https://dequeuniversity.com/rules/axe/4.6/no-autoplay-audio?application=axeAPI",
    "impact" : "",
    "tags" : [ "cat.time-and-media", "wcag2a", "wcag142", "ACT" ],
    "nodes" : [ ],
    "url" : null,
    "createdDate" : null
  } ],
  "errorMessage" : null,
  "errored" : false
}] but found [false]
	at org.testng.Assert.fail(Assert.java:94)
	at org.testng.Assert.failNotEquals(Assert.java:513)
	at org.testng.Assert.assertEqualsImpl(Assert.java:135)
	at org.testng.Assert.assertEquals(Assert.java:116)
	at org.testng.Assert.assertEquals(Assert.java:179)
	at Deque.Deque_Assignment.accessibility_test(Deque_Assignment.java:93)
	at sun.reflect.NativeMethodAccessorImpl.invoke0(Native Method)
	at sun.reflect.NativeMethodAccessorImpl.invoke(Unknown Source)
	at sun.reflect.DelegatingMethodAccessorImpl.invoke(Unknown Source)
	at java.lang.reflect.Method.invoke(Unknown Source)
	at org.testng.internal.MethodInvocationHelper.invokeMethod(MethodInvocationHelper.java:104)
	at org.testng.internal.Invoker.invokeMethod(Invoker.java:645)
	at org.testng.internal.Invoker.invokeTestMethod(Invoker.java:851)
	at org.testng.internal.Invoker.invokeTestMethods(Invoker.java:1177)
	at org.testng.internal.TestMethodWorker.invokeTestMethods(TestMethodWorker.java:129)
	at org.testng.internal.TestMethodWorker.run(TestMethodWorker.java:112)
	at org.testng.TestRunner.privateRun(TestRunner.java:756)
	at org.testng.TestRunner.run(TestRunner.java:610)
	at org.testng.SuiteRunner.runTest(SuiteRunner.java:387)
	at org.testng.SuiteRunner.runSequentially(SuiteRunner.java:382)
	at org.testng.SuiteRunner.privateRun(SuiteRunner.java:340)
	at org.testng.SuiteRunner.run(SuiteRunner.java:289)
	at org.testng.SuiteRunnerWorker.runSuite(SuiteRunnerWorker.java:52)
	at org.testng.SuiteRunnerWorker.run(SuiteRunnerWorker.java:86)
	at org.testng.TestNG.runSuitesSequentially(TestNG.java:1293)
	at org.testng.TestNG.runSuitesLocally(TestNG.java:1218)
	at org.testng.TestNG.runSuites(TestNG.java:1133)
	at org.testng.TestNG.run(TestNG.java:1104)
	at org.testng.remote.AbstractRemoteTestNG.run(AbstractRemoteTestNG.java:126)
	at org.testng.remote.RemoteTestNG.initAndRun(RemoteTestNG.java:137)
	at org.testng.remote.RemoteTestNG.main(RemoteTestNG.java:58)
]]>
    </failure>
  </testcase> <!-- accessibility_test -->
  <testcase name="add_Traveler" time="12.165" classname="Deque.Deque_Assignment">
    <failure type="java.lang.AssertionError" message="expected [true] but found [false]">
      <![CDATA[java.lang.AssertionError: expected [true] but found [false]
	at org.testng.Assert.fail(Assert.java:94)
	at org.testng.Assert.failNotEquals(Assert.java:513)
	at org.testng.Assert.assertEqualsImpl(Assert.java:135)
	at org.testng.Assert.assertEquals(Assert.java:116)
	at org.testng.Assert.assertEquals(Assert.java:305)
	at org.testng.Assert.assertEquals(Assert.java:315)
	at Deque.Deque_Assignment.add_Traveler(Deque_Assignment.java:60)
	at sun.reflect.NativeMethodAccessorImpl.invoke0(Native Method)
	at sun.reflect.NativeMethodAccessorImpl.invoke(Unknown Source)
	at sun.reflect.DelegatingMethodAccessorImpl.invoke(Unknown Source)
	at java.lang.reflect.Method.invoke(Unknown Source)
	at org.testng.internal.MethodInvocationHelper.invokeMethod(MethodInvocationHelper.java:104)
	at org.testng.internal.Invoker.invokeMethod(Invoker.java:645)
	at org.testng.internal.Invoker.invokeTestMethod(Invoker.java:851)
	at org.testng.internal.Invoker.invokeTestMethods(Invoker.java:1177)
	at org.testng.internal.TestMethodWorker.invokeTestMethods(TestMethodWorker.java:129)
	at org.testng.internal.TestMethodWorker.run(TestMethodWorker.java:112)
	at org.testng.TestRunner.privateRun(TestRunner.java:756)
	at org.testng.TestRunner.run(TestRunner.java:610)
	at org.testng.SuiteRunner.runTest(SuiteRunner.java:387)
	at org.testng.SuiteRunner.runSequentially(SuiteRunner.java:382)
	at org.testng.SuiteRunner.privateRun(SuiteRunner.java:340)
	at org.testng.SuiteRunner.run(SuiteRunner.java:289)
	at org.testng.SuiteRunnerWorker.runSuite(SuiteRunnerWorker.java:52)
	at org.testng.SuiteRunnerWorker.run(SuiteRunnerWorker.java:86)
	at org.testng.TestNG.runSuitesSequentially(TestNG.java:1293)
	at org.testng.TestNG.runSuitesLocally(TestNG.java:1218)
	at org.testng.TestNG.runSuites(TestNG.java:1133)
	at org.testng.TestNG.run(TestNG.java:1104)
	at org.testng.remote.AbstractRemoteTestNG.run(AbstractRemoteTestNG.java:126)
	at org.testng.remote.RemoteTestNG.initAndRun(RemoteTestNG.java:137)
	at org.testng.remote.RemoteTestNG.main(RemoteTestNG.java:58)
]]>
    </failure>
  </testcase> <!-- add_Traveler -->
  <testcase name="Validation_mainNav_Loaded" time="15.870" classname="Deque.Deque_Assignment"/>
</testsuite> <!-- Deque.Deque_Assignment -->
